
> destination-wedding-platform@0.1.0 test:e2e
> playwright test sectionManagement.spec.ts

[dotenv@17.2.4] injecting env (27) from .env.e2e -- tip: ⚙️  load multiple .env files with { path: ['.env.local', '.env'] }
[2m[WebServer] [22m
[2m[WebServer] [22m> destination-wedding-platform@0.1.0 dev
[2m[WebServer] [22m> next dev --webpack
[2m[WebServer] [22m
[2m[WebServer] [22m[1m[38;2;173;127;168m▲ Next.js 16.1.1[39m[22m (webpack)
[2m[WebServer] [22m- Local:         http://localhost:3000
[2m[WebServer] [22m- Network:       http://192.168.7.243:3000
[2m[WebServer] [22m- Environments: .env.test
[2m[WebServer] [22m
[2m[WebServer] [22m[32m[1m✓[22m[39m Starting...
[2m[WebServer] [22m[33m[1m⚠[22m[39m The "middleware" file convention is deprecated. Please use "proxy" instead. Learn more: https://nextjs.org/docs/messages/middleware-to-proxy
[2m[WebServer] [22m🚀 Initializing application services...
[2m[WebServer] [22m✅ B2 client initialized successfully {
[2m[WebServer] [22m  endpoint: [32m'https://s3.us-west-004.backblazeb2.com'[39m,
[2m[WebServer] [22m  region: [32m'us-west-004'[39m,
[2m[WebServer] [22m  bucket: [32m'test-bucket'[39m,
[2m[WebServer] [22m  cdnDomain: [32m'https://test-cdn.example.com'[39m
[2m[WebServer] [22m}
[2m[WebServer] [22m✅ Application services initialized successfully
[2m[WebServer] [22m[32m[1m✓[22m[39m Ready in 1829ms

🚀 E2E Global Setup Starting...

📊 Verifying test database connection...
[2m[WebServer] [22m GET / [32m200[39m in 2.3s[2m (compile: 1928ms, proxy.ts: 162ms, render: 181ms)[22m
✅ Test database connected

🧹 Cleaning up test data...
🧹 Running comprehensive test cleanup...
✅ Comprehensive cleanup complete
✅ Test data cleaned

🌐 Verifying Next.js server...
✅ Next.js server is running

🔐 Setting up admin authentication...
[2m[WebServer] [22m GET / [32m200[39m in 41ms[2m (compile: 4ms, proxy.ts: 18ms, render: 19ms)[22m
   Warning: Could not ensure admin user exists: Failed to create auth user: A user with this email address has already been registered
   Continuing with setup - login may fail if user does not exist
   Authenticating via Supabase API...
   ✅ API authentication successful (User ID: e7f5ae65-376e-4d05-a18c-10a91295727a)
   Creating storage state from API session...
   ✅ Storage state created from API session
   Auth state saved to: .auth/admin.json
   Verifying authentication...
[2m[WebServer] [22m[Middleware] User authenticated: e7f5ae65-376e-4d05-a18c-10a91295727a
[2m[WebServer] [22m[Middleware] Admin user data query result: { userData: { role: 'owner', status: 'active' }, userError: null }
[2m[WebServer] [22m[Middleware] Access granted for admin role: owner
[2m[WebServer] [22m GET /admin [32m200[39m in 1556ms[2m (compile: 950ms, proxy.ts: 467ms, render: 140ms)[22m
[2m[WebServer] [22m[Middleware] User authenticated: e7f5ae65-376e-4d05-a18c-10a91295727a
[2m[WebServer] [22m[Middleware] User authenticated: e7f5ae65-376e-4d05-a18c-10a91295727a
[2m[WebServer] [22m[Middleware] Admin user data query result: { userData: { role: 'owner', status: 'active' }, userError: null }
[2m[WebServer] [22m[Middleware] Access granted for admin role: owner
[2m[WebServer] [22m[Middleware] Admin user data query result: { userData: { role: 'owner', status: 'active' }, userError: null }
[2m[WebServer] [22m[Middleware] Access granted for admin role: owner
   Current URL: http://localhost:3000/admin
   ✅ Admin UI is visible
   ✅ Authentication verified
   Logged in as: admin@example.com
✅ Admin authentication saved

✨ E2E Global Setup Complete!


Running 12 tests using 4 workers

[dotenv@17.2.4] injecting env (0) from .env.e2e -- tip: ⚙️  load multiple .env files with { path: ['.env.local', '.env'] }
[dotenv@17.2.4] injecting env (0) from .env.e2e -- tip: 🔐 encrypt with Dotenvx: https://dotenvx.com
[dotenv@17.2.4] injecting env (0) from .env.e2e -- tip: ⚙️  write to custom object with { processEnv: myObject }
[dotenv@17.2.4] injecting env (0) from .env.e2e -- tip: 🔐 encrypt with Dotenvx: https://dotenvx.com
[2m[WebServer] [22m[Middleware] User authenticated: e7f5ae65-376e-4d05-a18c-10a91295727a
[2m[WebServer] [22m[Middleware] User authenticated: e7f5ae65-376e-4d05-a18c-10a91295727a
[2m[WebServer] [22m[Middleware] User authenticated: e7f5ae65-376e-4d05-a18c-10a91295727a
[2m[WebServer] [22m[Middleware] User authenticated: e7f5ae65-376e-4d05-a18c-10a91295727a
[2m[WebServer] [22m[Middleware] Admin user data query result: { userData: { role: 'owner', status: 'active' }, userError: null }
[2m[WebServer] [22m[Middleware] Access granted for admin role: owner
[2m[WebServer] [22m[Middleware] Admin user data query result: { userData: { role: 'owner', status: 'active' }, userError: null }
[2m[WebServer] [22m[Middleware] Access granted for admin role: owner
[2m[WebServer] [22m[Middleware] Admin user data query result: { userData: { role: 'owner', status: 'active' }, userError: null }
[2m[WebServer] [22m[Middleware] Access granted for admin role: owner
[2m[WebServer] [22m[Middleware] Admin user data query result: { userData: { role: 'owner', status: 'active' }, userError: null }
[2m[WebServer] [22m[Middleware] Access granted for admin role: owner
[2m[WebServer] [22m GET /admin [32m200[39m in 642ms[2m (compile: 44ms, proxy.ts: 417ms, render: 181ms)[22m
[2m[WebServer] [22m GET /admin [32m200[39m in 645ms[2m (compile: 43ms, proxy.ts: 419ms, render: 184ms)[22m
[2m[WebServer] [22m GET /admin [32m200[39m in 739ms[2m (compile: 22ms, proxy.ts: 567ms, render: 149ms)[22m
[2m[WebServer] [22m GET /admin [32m200[39m in 740ms[2m (compile: 21ms, proxy.ts: 568ms, render: 151ms)[22m
[2m[WebServer] [22m[Middleware] User authenticated: e7f5ae65-376e-4d05-a18c-10a91295727a
[2m[WebServer] [22m[Middleware] User authenticated: e7f5ae65-376e-4d05-a18c-10a91295727a
[2m[WebServer] [22m[Middleware] User authenticated: e7f5ae65-376e-4d05-a18c-10a91295727a
[2m[WebServer] [22m[Middleware] User authenticated: e7f5ae65-376e-4d05-a18c-10a91295727a
[2m[WebServer] [22m[Middleware] Admin user data query result: { userData: { role: 'owner', status: 'active' }, userError: null }
[2m[WebServer] [22m[Middleware] Access granted for admin role: owner
[2m[WebServer] [22m[Middleware] User authenticated: e7f5ae65-376e-4d05-a18c-10a91295727a
[2m[WebServer] [22m[Middleware] User authenticated: e7f5ae65-376e-4d05-a18c-10a91295727a
[2m[WebServer] [22m[Middleware] User authenticated: e7f5ae65-376e-4d05-a18c-10a91295727a
[2m[WebServer] [22m[Middleware] User authenticated: e7f5ae65-376e-4d05-a18c-10a91295727a
[2m[WebServer] [22m[Middleware] User authenticated: e7f5ae65-376e-4d05-a18c-10a91295727a
[2m[WebServer] [22m[Middleware] User authenticated: e7f5ae65-376e-4d05-a18c-10a91295727a
[2m[WebServer] [22m[Middleware] Admin user data query result: { userData: { role: 'owner', status: 'active' }, userError: null }
[2m[WebServer] [22m[Middleware] Access granted for admin role: owner
[2m[WebServer] [22m[Middleware] Admin user data query result: { userData: { role: 'owner', status: 'active' }, userError: null }
[2m[WebServer] [22m[Middleware] Access granted for admin role: owner
[2m[WebServer] [22m[Middleware] User authenticated: e7f5ae65-376e-4d05-a18c-10a91295727a
[2m[WebServer] [22m[Middleware] Admin user data query result: { userData: { role: 'owner', status: 'active' }, userError: null }
[2m[WebServer] [22m[Middleware] Access granted for admin role: owner
[2m[WebServer] [22m[Middleware] User authenticated: e7f5ae65-376e-4d05-a18c-10a91295727a
[2m[WebServer] [22m[Middleware] Admin user data query result: { userData: { role: 'owner', status: 'active' }, userError: null }
[2m[WebServer] [22m[Middleware] Access granted for admin role: owner
[2m[WebServer] [22m[Middleware] Admin user data query result: { userData: { role: 'owner', status: 'active' }, userError: null }
[2m[WebServer] [22m[Middleware] Access granted for admin role: owner
[2m[WebServer] [22m[Middleware] Admin user data query result: { userData: { role: 'owner', status: 'active' }, userError: null }
[2m[WebServer] [22m[Middleware] Access granted for admin role: owner
[2m[WebServer] [22m[Middleware] Admin user data query result: { userData: { role: 'owner', status: 'active' }, userError: null }
[2m[WebServer] [22m[Middleware] Access granted for admin role: owner
[2m[WebServer] [22m[Middleware] Admin user data query result: { userData: { role: 'owner', status: 'active' }, userError: null }
[2m[WebServer] [22m[Middleware] Access granted for admin role: owner
[2m[WebServer] [22m[Middleware] Admin user data query result: { userData: { role: 'owner', status: 'active' }, userError: null }
[2m[WebServer] [22m[Middleware] Access granted for admin role: owner
[2m[WebServer] [22m[Middleware] Admin user data query result: { userData: { role: 'owner', status: 'active' }, userError: null }
[2m[WebServer] [22m[Middleware] Access granted for admin role: owner
[2m[WebServer] [22m[Middleware] Admin user data query result: { userData: { role: 'owner', status: 'active' }, userError: null }
[2m[WebServer] [22m[Middleware] Access granted for admin role: owner
[2m[WebServer] [22m GET /api/admin/alerts [32m200[39m in 1926ms[2m (compile: 2ms, proxy.ts: 466ms, render: 1458ms)[22m
[2m[WebServer] [22m GET /api/admin/alerts [32m200[39m in 1928ms[2m (compile: 6ms, proxy.ts: 354ms, render: 1568ms)[22m
[2m[WebServer] [22m GET /api/admin/alerts [32m200[39m in 1932ms[2m (compile: 4ms, proxy.ts: 323ms, render: 1605ms)[22m
[2m[WebServer] [22m GET /api/admin/metrics [32m200[39m in 1971ms[2m (compile: 2ms, proxy.ts: 372ms, render: 1596ms)[22m
[2m[WebServer] [22m GET /api/admin/alerts [32m200[39m in 1971ms[2m (compile: 1208ms, proxy.ts: 500ms, render: 263ms)[22m
[2m[WebServer] [22m GET /api/admin/metrics [32m200[39m in 1972ms[2m (compile: 5ms, proxy.ts: 353ms, render: 1614ms)[22m
[2m[WebServer] [22m GET /api/admin/metrics [32m200[39m in 1972ms[2m (compile: 1207ms, proxy.ts: 501ms, render: 264ms)[22m
[2m[WebServer] [22m GET /api/admin/metrics [32m200[39m in 1980ms[2m (compile: 1214ms, proxy.ts: 495ms, render: 271ms)[22m
[2m[WebServer] [22m GET /admin/events [32m200[39m in 2.0s[2m (compile: 1210ms, proxy.ts: 453ms, render: 356ms)[22m
[2m[WebServer] [22m GET /admin/events [32m200[39m in 2.0s[2m (compile: 1228ms, proxy.ts: 434ms, render: 357ms)[22m
[2m[WebServer] [22m GET /admin/events [32m200[39m in 2.0s[2m (compile: 1224ms, proxy.ts: 438ms, render: 357ms)[22m
[2m[WebServer] [22m GET /admin/events [32m200[39m in 2.0s[2m (compile: 1175ms, proxy.ts: 487ms, render: 359ms)[22m
[2m[WebServer] [22m[Middleware] User authenticated: e7f5ae65-376e-4d05-a18c-10a91295727a
[2m[WebServer] [22m[Middleware] User authenticated: e7f5ae65-376e-4d05-a18c-10a91295727a
[2m[WebServer] [22m[Middleware] User authenticated: e7f5ae65-376e-4d05-a18c-10a91295727a
[2m[WebServer] [22m[Middleware] User authenticated: e7f5ae65-376e-4d05-a18c-10a91295727a
[2m[WebServer] [22m[Middleware] User authenticated: e7f5ae65-376e-4d05-a18c-10a91295727a
[2m[WebServer] [22m[Middleware] User authenticated: e7f5ae65-376e-4d05-a18c-10a91295727a
[2m[WebServer] [22m[Middleware] Admin user data query result: { userData: { role: 'owner', status: 'active' }, userError: null }
[2m[WebServer] [22m[Middleware] Access granted for admin role: owner
[2m[WebServer] [22m[Middleware] Admin user data query result: { userData: { role: 'owner', status: 'active' }, userError: null }
[2m[WebServer] [22m[Middleware] Access granted for admin role: owner
[2m[WebServer] [22m[Middleware] Admin user data query result: { userData: { role: 'owner', status: 'active' }, userError: null }
[2m[WebServer] [22m[Middleware] Access granted for admin role: owner
[2m[WebServer] [22m[Middleware] Admin user data query result: { userData: { role: 'owner', status: 'active' }, userError: null }
[2m[WebServer] [22m[Middleware] Access granted for admin role: owner
[2m[WebServer] [22m[Middleware] Admin user data query result: { userData: { role: 'owner', status: 'active' }, userError: null }
[2m[WebServer] [22m[Middleware] Access granted for admin role: owner
[2m[WebServer] [22m[Middleware] User authenticated: e7f5ae65-376e-4d05-a18c-10a91295727a
[2m[WebServer] [22m[Middleware] User authenticated: e7f5ae65-376e-4d05-a18c-10a91295727a
[2m[WebServer] [22m[Middleware] Admin user data query result: { userData: { role: 'owner', status: 'active' }, userError: null }
[2m[WebServer] [22m[Middleware] Access granted for admin role: owner
[2m[WebServer] [22m[Middleware] Admin user data query result: { userData: { role: 'owner', status: 'active' }, userError: null }
[2m[WebServer] [22m[Middleware] Access granted for admin role: owner
[2m[WebServer] [22m[Middleware] Admin user data query result: { userData: { role: 'owner', status: 'active' }, userError: null }
[2m[WebServer] [22m[Middleware] Access granted for admin role: owner
[2m[WebServer] [22m GET /api/admin/events [32m200[39m in 1517ms[2m (compile: 647ms, proxy.ts: 653ms, render: 217ms)[22m
[2m[WebServer] [22m GET /api/admin/events [32m200[39m in 1518ms[2m (compile: 725ms, proxy.ts: 575ms, render: 219ms)[22m
[2m[WebServer] [22m GET /api/admin/events [32m200[39m in 1532ms[2m (compile: 865ms, proxy.ts: 435ms, render: 232ms)[22m
[2m[WebServer] [22m GET /api/admin/events [32m200[39m in 1617ms[2m (compile: 843ms, proxy.ts: 456ms, render: 317ms)[22m
[2m[WebServer] [22m GET /api/admin/locations [32m200[39m in 1652ms[2m (compile: 817ms, proxy.ts: 483ms, render: 353ms)[22m
[2m[WebServer] [22m GET /api/admin/locations [32m200[39m in 1656ms[2m (compile: 868ms, proxy.ts: 431ms, render: 357ms)[22m
[2m[WebServer] [22m GET /api/admin/locations [32m200[39m in 1688ms[2m (compile: 609ms, proxy.ts: 690ms, render: 389ms)[22m
[2m[WebServer] [22m GET /api/admin/locations [32m200[39m in 1707ms[2m (compile: 879ms, proxy.ts: 421ms, render: 407ms)[22m
[2m[WebServer] [22m[Middleware] User authenticated: e7f5ae65-376e-4d05-a18c-10a91295727a
[2m[WebServer] [22m[Middleware] User authenticated: e7f5ae65-376e-4d05-a18c-10a91295727a
[2m[WebServer] [22m[Middleware] Admin user data query result: { userData: { role: 'owner', status: 'active' }, userError: null }
[2m[WebServer] [22m[Middleware] Access granted for admin role: owner
[2m[WebServer] [22m[Middleware] User authenticated: e7f5ae65-376e-4d05-a18c-10a91295727a
[2m[WebServer] [22m[Middleware] User authenticated: e7f5ae65-376e-4d05-a18c-10a91295727a
[2m[WebServer] [22m[Middleware] Admin user data query result: { userData: { role: 'owner', status: 'active' }, userError: null }
[2m[WebServer] [22m[Middleware] Access granted for admin role: owner
[2m[WebServer] [22m[Middleware] Admin user data query result: { userData: { role: 'owner', status: 'active' }, userError: null }
[2m[WebServer] [22m[Middleware] Access granted for admin role: owner
[2m[WebServer] [22m[Middleware] Admin user data query result: { userData: { role: 'owner', status: 'active' }, userError: null }
[2m[WebServer] [22m[Middleware] Access granted for admin role: owner
[2m[WebServer] [22m[verifyAuth] User authenticated: e7f5ae65-376e-4d05-a18c-10a91295727a
[2m[WebServer] [22m[verifyAuth] User authenticated: e7f5ae65-376e-4d05-a18c-10a91295727a
[2m[WebServer] [22m[verifyAuth] User authenticated: e7f5ae65-376e-4d05-a18c-10a91295727a
[2m[WebServer] [22m[verifyAuth] User authenticated: e7f5ae65-376e-4d05-a18c-10a91295727a
[2m[WebServer] [22m GET /api/admin/sections/by-page/event/af1b3647-f38c-42ba-af43-9120cb8e5676 [32m200[39m in 2.7s[2m (compile: 1830ms, proxy.ts: 327ms, render: 524ms)[22m
[2m[WebServer] [22m GET /api/admin/sections/by-page/event/af1b3647-f38c-42ba-af43-9120cb8e5676 [32m200[39m in 2.5s[2m (compile: 1490ms, proxy.ts: 489ms, render: 533ms)[22m
[2m[WebServer] [22m GET /api/admin/sections/by-page/event/af1b3647-f38c-42ba-af43-9120cb8e5676 [32m200[39m in 2.6s[2m (compile: 1523ms, proxy.ts: 532ms, render: 537ms)[22m
[2m[WebServer] [22m GET /api/admin/sections/by-page/event/af1b3647-f38c-42ba-af43-9120cb8e5676 [32m200[39m in 2.5s[2m (compile: 1514ms, proxy.ts: 465ms, render: 565ms)[22m
✅ Section editor wait complete - all checks passed
✅ Section editor wait complete - all checks passed
✅ Section editor wait complete - all checks passed
✅ Section editor wait complete - all checks passed
⏭️  Skipping: No sections to edit
⏭️  Skipping: No sections to delete
[2m[WebServer] [22m[Middleware] User authenticated: e7f5ae65-376e-4d05-a18c-10a91295727a
[2m[WebServer] [22m[Middleware] User authenticated: e7f5ae65-376e-4d05-a18c-10a91295727a
[2m[WebServer] [22m[Middleware] User authenticated: e7f5ae65-376e-4d05-a18c-10a91295727a
[2m[WebServer] [22m[Middleware] User authenticated: e7f5ae65-376e-4d05-a18c-10a91295727a
  ✓   1 [chromium] › __tests__/e2e/admin/sectionManagement.spec.ts:165:9 › Section Management › Section CRUD Operations › should edit existing section (9.7s)
  ✓   3 [chromium] › __tests__/e2e/admin/sectionManagement.spec.ts:206:9 › Section Management › Section CRUD Operations › should delete section with confirmation (9.7s)
  ✓   4 [chromium] › __tests__/e2e/admin/sectionManagement.spec.ts:244:9 › Section Management › Section CRUD Operations › should save all sections and show preview (9.7s)
[2m[WebServer] [22m[Middleware] User authenticated: e7f5ae65-376e-4d05-a18c-10a91295727a
[2m[WebServer] [22m[Middleware] Admin user data query result: { userData: { role: 'owner', status: 'active' }, userError: null }
[2m[WebServer] [22m[Middleware] Access granted for admin role: owner
[2m[WebServer] [22m[Middleware] Admin user data query result: { userData: { role: 'owner', status: 'active' }, userError: null }
[2m[WebServer] [22m[Middleware] Access granted for admin role: owner
[2m[WebServer] [22m[Middleware] Admin user data query result: { userData: { role: 'owner', status: 'active' }, userError: null }
[2m[WebServer] [22m[Middleware] Access granted for admin role: owner
[2m[WebServer] [22m[Middleware] Admin user data query result: { userData: { role: 'owner', status: 'active' }, userError: null }
[2m[WebServer] [22m[Middleware] Access granted for admin role: owner
[2m[WebServer] [22m[Middleware] Admin user data query result: { userData: { role: 'owner', status: 'active' }, userError: null }
[2m[WebServer] [22m[Middleware] Access granted for admin role: owner
[2m[WebServer] [22m[verifyAuth] User authenticated: e7f5ae65-376e-4d05-a18c-10a91295727a
[2m[WebServer] [22m[Middleware] User authenticated: e7f5ae65-376e-4d05-a18c-10a91295727a
[2m[WebServer] [22m[Middleware] User authenticated: e7f5ae65-376e-4d05-a18c-10a91295727a
[2m[WebServer] [22m[Middleware] User authenticated: e7f5ae65-376e-4d05-a18c-10a91295727a
[2m[WebServer] [22m[Middleware] Admin user data query result: { userData: { role: 'owner', status: 'active' }, userError: null }
[2m[WebServer] [22m[Middleware] Access granted for admin role: owner
[2m[WebServer] [22m[Middleware] Admin user data query result: { userData: { role: 'owner', status: 'active' }, userError: null }
[2m[WebServer] [22m[Middleware] Access granted for admin role: owner
[2m[WebServer] [22m[Middleware] Admin user data query result: { userData: { role: 'owner', status: 'active' }, userError: null }
[2m[WebServer] [22m[Middleware] Access granted for admin role: owner
[2m[WebServer] [22m[verifyAuth] User authenticated: e7f5ae65-376e-4d05-a18c-10a91295727a
[2m[WebServer] [22m GET /admin [32m200[39m in 503ms[2m (compile: 30ms, proxy.ts: 329ms, render: 144ms)[22m
[2m[WebServer] [22m GET /api/admin/sections/by-page/event/af1b3647-f38c-42ba-af43-9120cb8e5676 [32m200[39m in 959ms[2m (compile: 24ms, proxy.ts: 385ms, render: 551ms)[22m
[2m[WebServer] [22m GET /admin [32m200[39m in 541ms[2m (compile: 16ms, proxy.ts: 444ms, render: 82ms)[22m
[2m[WebServer] [22m GET /admin [32m200[39m in 544ms[2m (compile: 15ms, proxy.ts: 444ms, render: 85ms)[22m
[2m[WebServer] [22m POST /api/admin/sections [32m201[39m in 1165ms[2m (compile: 266ms, proxy.ts: 320ms, render: 580ms)[22m
[2m[WebServer] [22m[Middleware] User authenticated: e7f5ae65-376e-4d05-a18c-10a91295727a
[2m[WebServer] [22m[Middleware] User authenticated: e7f5ae65-376e-4d05-a18c-10a91295727a
[2m[WebServer] [22m[Middleware] User authenticated: e7f5ae65-376e-4d05-a18c-10a91295727a
[2m[WebServer] [22m[Middleware] User authenticated: e7f5ae65-376e-4d05-a18c-10a91295727a
[2m[WebServer] [22m[Middleware] User authenticated: e7f5ae65-376e-4d05-a18c-10a91295727a
[2m[WebServer] [22m[Middleware] User authenticated: e7f5ae65-376e-4d05-a18c-10a91295727a
[2m[WebServer] [22m[Middleware] User authenticated: e7f5ae65-376e-4d05-a18c-10a91295727a
[2m[WebServer] [22m[Middleware] User authenticated: e7f5ae65-376e-4d05-a18c-10a91295727a
[2m[WebServer] [22m[Middleware] User authenticated: e7f5ae65-376e-4d05-a18c-10a91295727a
[2m[WebServer] [22m[Middleware] User authenticated: e7f5ae65-376e-4d05-a18c-10a91295727a
[2m[WebServer] [22m[Middleware] Admin user data query result: { userData: { role: 'owner', status: 'active' }, userError: null }
[2m[WebServer] [22m[Middleware] Access granted for admin role: owner
[2m[WebServer] [22m[Middleware] Admin user data query result: { userData: { role: 'owner', status: 'active' }, userError: null }
[2m[WebServer] [22m[Middleware] Access granted for admin role: owner
[2m[WebServer] [22m[Middleware] Admin user data query result: { userData: { role: 'owner', status: 'active' }, userError: null }
[2m[WebServer] [22m[Middleware] Access granted for admin role: owner
[2m[WebServer] [22m[Middleware] Admin user data query result: { userData: { role: 'owner', status: 'active' }, userError: null }
[2m[WebServer] [22m[Middleware] Access granted for admin role: owner
[2m[WebServer] [22m[Middleware] Admin user data query result: { userData: { role: 'owner', status: 'active' }, userError: null }
[2m[WebServer] [22m[Middleware] Access granted for admin role: owner
[2m[WebServer] [22m[Middleware] Admin user data query result: { userData: { role: 'owner', status: 'active' }, userError: null }
[2m[WebServer] [22m[Middleware] Access granted for admin role: owner
[2m[WebServer] [22m[Middleware] Admin user data query result: { userData: { role: 'owner', status: 'active' }, userError: null }
[2m[WebServer] [22m[Middleware] Access granted for admin role: owner
[2m[WebServer] [22m[Middleware] Admin user data query result: { userData: { role: 'owner', status: 'active' }, userError: null }
[2m[WebServer] [22m[Middleware] Access granted for admin role: owner
[2m[WebServer] [22m[Middleware] Admin user data query result: { userData: { role: 'owner', status: 'active' }, userError: null }
[2m[WebServer] [22m[Middleware] Access granted for admin role: owner
[2m[WebServer] [22m[Middleware] Admin user data query result: { userData: { role: 'owner', status: 'active' }, userError: null }
[2m[WebServer] [22m[Middleware] Access granted for admin role: owner
[2m[WebServer] [22m GET /api/admin/alerts [32m200[39m in 484ms[2m (compile: 19ms, proxy.ts: 394ms, render: 72ms)[22m
[2m[WebServer] [22m GET /api/admin/metrics [32m200[39m in 485ms[2m (compile: 7ms, proxy.ts: 305ms, render: 173ms)[22m
[2m[WebServer] [22m GET /admin/events [32m200[39m in 572ms[2m (compile: 34ms, proxy.ts: 377ms, render: 161ms)[22m
[2m[WebServer] [22m GET /api/admin/alerts [32m200[39m in 591ms[2m (compile: 20ms, proxy.ts: 393ms, render: 178ms)[22m
[2m[WebServer] [22m GET /api/admin/metrics [32m200[39m in 591ms[2m (compile: 25ms, proxy.ts: 394ms, render: 172ms)[22m
[2m[WebServer] [22m GET /api/admin/alerts [32m200[39m in 599ms[2m (compile: 20ms, proxy.ts: 392ms, render: 186ms)[22m
[2m[WebServer] [22m GET /api/admin/metrics [32m200[39m in 599ms[2m (compile: 25ms, proxy.ts: 395ms, render: 180ms)[22m
[2m[WebServer] [22m GET /admin/events [32m200[39m in 596ms[2m (compile: 35ms, proxy.ts: 375ms, render: 185ms)[22m
[2m[WebServer] [22m GET /admin/events [32m200[39m in 636ms[2m (compile: 42ms, proxy.ts: 433ms, render: 161ms)[22m
[2m[WebServer] [22m GET /admin/events [32m200[39m in 636ms[2m (compile: 21ms, proxy.ts: 454ms, render: 162ms)[22m
[2m[WebServer] [22m[Middleware] User authenticated: e7f5ae65-376e-4d05-a18c-10a91295727a
[2m[WebServer] [22m[Middleware] User authenticated: e7f5ae65-376e-4d05-a18c-10a91295727a
[2m[WebServer] [22m[Middleware] User authenticated: e7f5ae65-376e-4d05-a18c-10a91295727a
[2m[WebServer] [22m[Middleware] User authenticated: e7f5ae65-376e-4d05-a18c-10a91295727a
[2m[WebServer] [22m[Middleware] User authenticated: e7f5ae65-376e-4d05-a18c-10a91295727a
[2m[WebServer] [22m[Middleware] User authenticated: e7f5ae65-376e-4d05-a18c-10a91295727a
[2m[WebServer] [22m[Middleware] User authenticated: e7f5ae65-376e-4d05-a18c-10a91295727a
[2m[WebServer] [22m[Middleware] User authenticated: e7f5ae65-376e-4d05-a18c-10a91295727a
[2m[WebServer] [22m[Middleware] Admin user data query result: { userData: { role: 'owner', status: 'active' }, userError: null }
[2m[WebServer] [22m[Middleware] Access granted for admin role: owner
[2m[WebServer] [22m[Middleware] Admin user data query result: { userData: { role: 'owner', status: 'active' }, userError: null }
[2m[WebServer] [22m[Middleware] Access granted for admin role: owner
[2m[WebServer] [22m[Middleware] Admin user data query result: { userData: { role: 'owner', status: 'active' }, userError: null }
[2m[WebServer] [22m[Middleware] Access granted for admin role: owner
[2m[WebServer] [22m[Middleware] Admin user data query result: { userData: { role: 'owner', status: 'active' }, userError: null }
[2m[WebServer] [22m[Middleware] Access granted for admin role: owner
[2m[WebServer] [22m[Middleware] Admin user data query result: { userData: { role: 'owner', status: 'active' }, userError: null }
[2m[WebServer] [22m[Middleware] Access granted for admin role: owner
[2m[WebServer] [22m[Middleware] Admin user data query result: { userData: { role: 'owner', status: 'active' }, userError: null }
[2m[WebServer] [22m[Middleware] Access granted for admin role: owner
[2m[WebServer] [22m[Middleware] Admin user data query result: { userData: { role: 'owner', status: 'active' }, userError: null }
[2m[WebServer] [22m[Middleware] Access granted for admin role: owner
[2m[WebServer] [22m[Middleware] Admin user data query result: { userData: { role: 'owner', status: 'active' }, userError: null }
[2m[WebServer] [22m[Middleware] Access granted for admin role: owner
[2m[WebServer] [22m GET /api/admin/locations [32m200[39m in 672ms[2m (compile: 16ms, proxy.ts: 484ms, render: 172ms)[22m
[2m[WebServer] [22m GET /api/admin/locations [32m200[39m in 682ms[2m (compile: 8ms, proxy.ts: 472ms, render: 202ms)[22m
[2m[WebServer] [22m GET /api/admin/events [32m200[39m in 686ms[2m (compile: 15ms, proxy.ts: 492ms, render: 179ms)[22m
[2m[WebServer] [22m GET /api/admin/events [32m200[39m in 690ms[2m (compile: 11ms, proxy.ts: 487ms, render: 192ms)[22m
[2m[WebServer] [22m GET /api/admin/locations [32m200[39m in 700ms[2m (compile: 8ms, proxy.ts: 472ms, render: 220ms)[22m
[2m[WebServer] [22m GET /api/admin/events [32m200[39m in 725ms[2m (compile: 1692µs, proxy.ts: 557ms, render: 167ms)[22m
[2m[WebServer] [22m GET /api/admin/locations [32m200[39m in 732ms[2m (compile: 1106µs, proxy.ts: 566ms, render: 164ms)[22m
[2m[WebServer] [22m GET /api/admin/events [32m200[39m in 768ms[2m (compile: 14ms, proxy.ts: 483ms, render: 270ms)[22m
[2m[WebServer] [22m[Middleware] User authenticated: e7f5ae65-376e-4d05-a18c-10a91295727a
[2m[WebServer] [22m[Middleware] User authenticated: e7f5ae65-376e-4d05-a18c-10a91295727a
[2m[WebServer] [22m[Middleware] Admin user data query result: { userData: { role: 'owner', status: 'active' }, userError: null }
[2m[WebServer] [22m[Middleware] Access granted for admin role: owner
[2m[WebServer] [22m[Middleware] Admin user data query result: { userData: { role: 'owner', status: 'active' }, userError: null }
[2m[WebServer] [22m[Middleware] Access granted for admin role: owner
[2m[WebServer] [22m[verifyAuth] User authenticated: e7f5ae65-376e-4d05-a18c-10a91295727a
[2m[WebServer] [22m[verifyAuth] User authenticated: e7f5ae65-376e-4d05-a18c-10a91295727a
[2m[WebServer] [22m GET /api/admin/sections/by-page/event/af1b3647-f38c-42ba-af43-9120cb8e5676 [32m200[39m in 835ms[2m (compile: 12ms, proxy.ts: 310ms, render: 513ms)[22m
✅ Section editor wait complete - all checks passed
[2m[WebServer] [22m GET /api/admin/sections/by-page/event/af1b3647-f38c-42ba-af43-9120cb8e5676 [32m200[39m in 801ms[2m (compile: 7ms, proxy.ts: 302ms, render: 492ms)[22m
✅ Section editor wait complete - all checks passed
⏭️  Skipping: Photo picker not available
[2m[WebServer] [22m[Middleware] User authenticated: e7f5ae65-376e-4d05-a18c-10a91295727a
[2m[WebServer] [22m[Middleware] User authenticated: e7f5ae65-376e-4d05-a18c-10a91295727a
  ✓   5 [chromium] › __tests__/e2e/admin/sectionManagement.spec.ts:322:9 › Section Management › Section Reordering & Photo Integration › should integrate photo picker and select photos (6.0s)
  ✓   6 [chromium] › __tests__/e2e/admin/sectionManagement.spec.ts:284:9 › Section Management › Section Reordering & Photo Integration › should reorder sections with drag and drop (6.1s)
[2m[WebServer] [22m[Middleware] User authenticated: e7f5ae65-376e-4d05-a18c-10a91295727a
[2m[WebServer] [22m[Middleware] Admin user data query result: { userData: { role: 'owner', status: 'active' }, userError: null }
[2m[WebServer] [22m[Middleware] Access granted for admin role: owner
[2m[WebServer] [22m[Middleware] User authenticated: e7f5ae65-376e-4d05-a18c-10a91295727a
[2m[WebServer] [22m[Middleware] Admin user data query result: { userData: { role: 'owner', status: 'active' }, userError: null }
[2m[WebServer] [22m[Middleware] Access granted for admin role: owner
[2m[WebServer] [22m[Middleware] Admin user data query result: { userData: { role: 'owner', status: 'active' }, userError: null }
[2m[WebServer] [22m[Middleware] Access granted for admin role: owner
[2m[WebServer] [22m[Middleware] Admin user data query result: { userData: { role: 'owner', status: 'active' }, userError: null }
[2m[WebServer] [22m[Middleware] Access granted for admin role: owner
[2m[WebServer] [22m[Middleware] User authenticated: e7f5ae65-376e-4d05-a18c-10a91295727a
[2m[WebServer] [22m[Middleware] User authenticated: e7f5ae65-376e-4d05-a18c-10a91295727a
[2m[WebServer] [22m[Middleware] Admin user data query result: { userData: { role: 'owner', status: 'active' }, userError: null }
[2m[WebServer] [22m[Middleware] Access granted for admin role: owner
[2m[WebServer] [22m[Middleware] Admin user data query result: { userData: { role: 'owner', status: 'active' }, userError: null }
[2m[WebServer] [22m[Middleware] Access granted for admin role: owner
[2m[WebServer] [22m GET /admin [32m200[39m in 381ms[2m (compile: 2ms, proxy.ts: 303ms, render: 76ms)[22m
[2m[WebServer] [22m GET /admin [32m200[39m in 427ms[2m (compile: 17ms, proxy.ts: 327ms, render: 83ms)[22m
[2m[WebServer] [22m[Middleware] User authenticated: e7f5ae65-376e-4d05-a18c-10a91295727a
[2m[WebServer] [22m[Middleware] Admin user data query result: { userData: { role: 'owner', status: 'active' }, userError: null }
[2m[WebServer] [22m[Middleware] Access granted for admin role: owner
[2m[WebServer] [22m[verifyAuth] User authenticated: e7f5ae65-376e-4d05-a18c-10a91295727a
[2m[WebServer] [22m GET /api/admin/sections/by-page/event/af1b3647-f38c-42ba-af43-9120cb8e5676 [32m200[39m in 852ms[2m (compile: 6ms, proxy.ts: 356ms, render: 490ms)[22m
✅ Section editor wait complete - all checks passed
[2m[WebServer] [22m[Middleware] User authenticated: e7f5ae65-376e-4d05-a18c-10a91295727a
[2m[WebServer] [22m[Middleware] User authenticated: e7f5ae65-376e-4d05-a18c-10a91295727a
[2m[WebServer] [22m[Middleware] User authenticated: e7f5ae65-376e-4d05-a18c-10a91295727a
[2m[WebServer] [22m[Middleware] User authenticated: e7f5ae65-376e-4d05-a18c-10a91295727a
[2m[WebServer] [22m[Middleware] User authenticated: e7f5ae65-376e-4d05-a18c-10a91295727a
[2m[WebServer] [22m[Middleware] User authenticated: e7f5ae65-376e-4d05-a18c-10a91295727a
[2m[WebServer] [22m[Middleware] User authenticated: e7f5ae65-376e-4d05-a18c-10a91295727a
[2m[WebServer] [22m[Middleware] User authenticated: e7f5ae65-376e-4d05-a18c-10a91295727a
[2m[WebServer] [22m[Middleware] Admin user data query result: { userData: { role: 'owner', status: 'active' }, userError: null }
[2m[WebServer] [22m[Middleware] Access granted for admin role: owner
[2m[WebServer] [22m[Middleware] Admin user data query result: { userData: { role: 'owner', status: 'active' }, userError: null }
[2m[WebServer] [22m[Middleware] Access granted for admin role: owner
[2m[WebServer] [22m[Middleware] Admin user data query result: { userData: { role: 'owner', status: 'active' }, userError: null }
[2m[WebServer] [22m[Middleware] Access granted for admin role: owner
[2m[WebServer] [22m[Middleware] Admin user data query result: { userData: { role: 'owner', status: 'active' }, userError: null }
[2m[WebServer] [22m[Middleware] Access granted for admin role: owner
[2m[WebServer] [22m[Middleware] Admin user data query result: { userData: { role: 'owner', status: 'active' }, userError: null }
[2m[WebServer] [22m[Middleware] Access granted for admin role: owner
[2m[WebServer] [22m[Middleware] Admin user data query result: { userData: { role: 'owner', status: 'active' }, userError: null }
[2m[WebServer] [22m[Middleware] Access granted for admin role: owner
[2m[WebServer] [22m[Middleware] Admin user data query result: { userData: { role: 'owner', status: 'active' }, userError: null }
[2m[WebServer] [22m[Middleware] Access granted for admin role: owner
[2m[WebServer] [22m GET /api/admin/metrics [32m200[39m in 429ms[2m (compile: 5ms, proxy.ts: 303ms, render: 121ms)[22m
[2m[WebServer] [22m GET /api/admin/metrics [32m200[39m in 431ms[2m (compile: 4ms, proxy.ts: 304ms, render: 123ms)[22m
[2m[WebServer] [22m[Middleware] Admin user data query result: { userData: { role: 'owner', status: 'active' }, userError: null }
[2m[WebServer] [22m[Middleware] Access granted for admin role: owner
[2m[WebServer] [22m GET /admin/events [32m200[39m in 518ms[2m (compile: 8ms, proxy.ts: 338ms, render: 171ms)[22m
[2m[WebServer] [22m GET /admin/events [32m200[39m in 520ms[2m (compile: 6ms, proxy.ts: 341ms, render: 173ms)[22m
[2m[WebServer] [22m GET /api/admin/sections/by-page/event/af1b3647-f38c-42ba-af43-9120cb8e5676 [32m200[39m in 1797ms[2m (compile: 1271ms, proxy.ts: 388ms, render: 137ms)[22m
[2m[WebServer] [22m GET /admin/activities [32m200[39m in 1815ms[2m (compile: 1347ms, proxy.ts: 292ms, render: 175ms)[22m
[2m[WebServer] [22m[verifyAuth] User authenticated: e7f5ae65-376e-4d05-a18c-10a91295727a
[2m[WebServer] [22m[Middleware] User authenticated: e7f5ae65-376e-4d05-a18c-10a91295727a
[2m[WebServer] [22m[Middleware] User authenticated: e7f5ae65-376e-4d05-a18c-10a91295727a
[2m[WebServer] [22m[Middleware] Admin user data query result: { userData: { role: 'owner', status: 'active' }, userError: null }
[2m[WebServer] [22m[Middleware] Access granted for admin role: owner
[2m[WebServer] [22m[Middleware] User authenticated: e7f5ae65-376e-4d05-a18c-10a91295727a
[2m[WebServer] [22m[Middleware] User authenticated: e7f5ae65-376e-4d05-a18c-10a91295727a
[2m[WebServer] [22m[Middleware] User authenticated: e7f5ae65-376e-4d05-a18c-10a91295727a
[2m[WebServer] [22m GET /admin/events [32m200[39m in 954ms[2m (compile: 18ms, proxy.ts: 843ms, render: 93ms)[22m
[2m[WebServer] [22m[Middleware] Admin user data query result: { userData: { role: 'owner', status: 'active' }, userError: null }
[2m[WebServer] [22m[Middleware] Access granted for admin role: owner
[2m[WebServer] [22m[Middleware] Admin user data query result: { userData: { role: 'owner', status: 'active' }, userError: null }
[2m[WebServer] [22m[Middleware] Access granted for admin role: owner
[2m[WebServer] [22m[Middleware] Admin user data query result: { userData: { role: 'owner', status: 'active' }, userError: null }
[2m[WebServer] [22m[Middleware] Access granted for admin role: owner
[2m[WebServer] [22m[Middleware] Admin user data query result: { userData: { role: 'owner', status: 'active' }, userError: null }
[2m[WebServer] [22m[Middleware] Access granted for admin role: owner
[2m[WebServer] [22m GET /api/admin/locations [32m200[39m in 680ms[2m (compile: 14ms, proxy.ts: 487ms, render: 179ms)[22m
[2m[WebServer] [22m GET /api/admin/events [32m200[39m in 686ms[2m (compile: 9ms, proxy.ts: 513ms, render: 164ms)[22m
[2m[WebServer] [22m GET /api/admin/locations [32m200[39m in 701ms[2m (compile: 12ms, proxy.ts: 489ms, render: 200ms)[22m
[2m[WebServer] [22m GET /api/admin/events [32m200[39m in 716ms[2m (compile: 19ms, proxy.ts: 490ms, render: 206ms)[22m
[2m[WebServer] [22m[Middleware] User authenticated: e7f5ae65-376e-4d05-a18c-10a91295727a
[2m[WebServer] [22m[Middleware] User authenticated: e7f5ae65-376e-4d05-a18c-10a91295727a
[2m[WebServer] [22m[Middleware] User authenticated: e7f5ae65-376e-4d05-a18c-10a91295727a
[2m[WebServer] [22m[Middleware] Admin user data query result: { userData: { role: 'owner', status: 'active' }, userError: null }
[2m[WebServer] [22m[Middleware] Access granted for admin role: owner
[2m[WebServer] [22m[Middleware] Admin user data query result: { userData: { role: 'owner', status: 'active' }, userError: null }
[2m[WebServer] [22m[Middleware] Access granted for admin role: owner
[2m[WebServer] [22m[Middleware] Admin user data query result: { userData: { role: 'owner', status: 'active' }, userError: null }
[2m[WebServer] [22m[Middleware] Access granted for admin role: owner
[2m[WebServer] [22m[Middleware] User authenticated: e7f5ae65-376e-4d05-a18c-10a91295727a
[2m[WebServer] [22m[Middleware] Admin user data query result: { userData: { role: 'owner', status: 'active' }, userError: null }
[2m[WebServer] [22m[Middleware] Access granted for admin role: owner
[2m[WebServer] [22m[Middleware] User authenticated: e7f5ae65-376e-4d05-a18c-10a91295727a
[2m[WebServer] [22m[Middleware] User authenticated: e7f5ae65-376e-4d05-a18c-10a91295727a
[2m[WebServer] [22m[Middleware] Admin user data query result: { userData: { role: 'owner', status: 'active' }, userError: null }
[2m[WebServer] [22m[Middleware] Access granted for admin role: owner
[2m[WebServer] [22m GET /api/admin/events [32m200[39m in 1645ms[2m (compile: 1127ms, proxy.ts: 354ms, render: 164ms)[22m
[2m[WebServer] [22m GET /api/admin/activities [32m200[39m in 1654ms[2m (compile: 1176ms, proxy.ts: 306ms, render: 172ms)[22m
[2m[WebServer] [22m GET /api/admin/locations [32m200[39m in 1657ms[2m (compile: 937ms, proxy.ts: 545ms, render: 175ms)[22m
[2m[WebServer] [22m GET /api/admin/events [32m200[39m in 1073ms[2m (compile: 1540µs, proxy.ts: 922ms, render: 149ms)[22m
[2m[WebServer] [22m GET /api/admin/locations [32m200[39m in 1095ms[2m (compile: 510ms, proxy.ts: 380ms, render: 204ms)[22m
[2m[WebServer] [22m[Middleware] Admin user data query result: { userData: { role: 'owner', status: 'active' }, userError: null }
[2m[WebServer] [22m[Middleware] Access granted for admin role: owner
[2m[WebServer] [22m[Middleware] User authenticated: e7f5ae65-376e-4d05-a18c-10a91295727a
[2m[WebServer] [22m[verifyAuth] User authenticated: e7f5ae65-376e-4d05-a18c-10a91295727a
[2m[WebServer] [22m[Middleware] Admin user data query result: { userData: { role: 'owner', status: 'active' }, userError: null }
[2m[WebServer] [22m[Middleware] Access granted for admin role: owner
[2m[WebServer] [22m GET /api/admin/sections/by-page/event/af1b3647-f38c-42ba-af43-9120cb8e5676 [32m200[39m in 1312ms[2m (compile: 11ms, proxy.ts: 793ms, render: 508ms)[22m
✅ Section editor wait complete - all checks passed
  ✓   9 [chromium] › __tests__/e2e/admin/sectionManagement.spec.ts:511:9 › Section Management › Cross-Entity Section Management › should handle entity-specific section features (7.1s)
[2m[WebServer] [22m[Middleware] User authenticated: e7f5ae65-376e-4d05-a18c-10a91295727a
[2m[WebServer] [22m[Middleware] User authenticated: e7f5ae65-376e-4d05-a18c-10a91295727a
[2m[WebServer] [22m[Middleware] Admin user data query result: { userData: { role: 'owner', status: 'active' }, userError: null }
[2m[WebServer] [22m[Middleware] Access granted for admin role: owner
[2m[WebServer] [22m[Middleware] User authenticated: e7f5ae65-376e-4d05-a18c-10a91295727a
[2m[WebServer] [22m[Middleware] Admin user data query result: { userData: { role: 'owner', status: 'active' }, userError: null }
[2m[WebServer] [22m[Middleware] Access granted for admin role: owner
[2m[WebServer] [22m[31m[1m⨯[22m[39m Error: aborted
[2m[WebServer] [22m    at [3mignore-listed frames[23m {
[2m[WebServer] [22m  code: [32m'ECONNRESET'[39m
[2m[WebServer] [22m}
[2m[WebServer] [22m[Middleware] Admin user data query result: { userData: { role: 'owner', status: 'active' }, userError: null }
[2m[WebServer] [22m[Middleware] Access granted for admin role: owner
[2m[WebServer] [22m[Middleware] User authenticated: e7f5ae65-376e-4d05-a18c-10a91295727a
[2m[WebServer] [22m GET /admin [32m200[39m in 642ms[2m (compile: 110ms, proxy.ts: 298ms, render: 234ms)[22m
[2m[WebServer] [22m[Middleware] Admin user data query result: { userData: { role: 'owner', status: 'active' }, userError: null }
[2m[WebServer] [22m[Middleware] Access granted for admin role: owner
[2m[WebServer] [22m GET /api/admin/activities/96420c4b-cdfe-47b9-b813-fae9dd50a1c3/capacity [32m200[39m in 1903ms[2m (compile: 1176ms, proxy.ts: 315ms, render: 412ms)[22m
[2m[WebServer] [22m[Middleware] User authenticated: e7f5ae65-376e-4d05-a18c-10a91295727a
[2m[WebServer] [22m[Middleware] User authenticated: e7f5ae65-376e-4d05-a18c-10a91295727a
[2m[WebServer] [22m[Middleware] User authenticated: e7f5ae65-376e-4d05-a18c-10a91295727a
[2m[WebServer] [22m[Middleware] Admin user data query result: { userData: { role: 'owner', status: 'active' }, userError: null }
[2m[WebServer] [22m[Middleware] Access granted for admin role: owner
[2m[WebServer] [22m[Middleware] Admin user data query result: { userData: { role: 'owner', status: 'active' }, userError: null }
[2m[WebServer] [22m[Middleware] Access granted for admin role: owner
[2m[WebServer] [22m[Middleware] Admin user data query result: { userData: { role: 'owner', status: 'active' }, userError: null }
[2m[WebServer] [22m[Middleware] Access granted for admin role: owner
[2m[WebServer] [22m GET /admin/events [32m200[39m in 1940ms[2m (compile: 1109ms, proxy.ts: 685ms, render: 145ms)[22m
[2m[WebServer] [22m GET /admin/events [32m200[39m in 1943ms[2m (compile: 1086ms, proxy.ts: 709ms, render: 148ms)[22m
[2m[WebServer] [22m GET /admin/activities [32m200[39m in 1945ms[2m (compile: 1236ms, proxy.ts: 560ms, render: 149ms)[22m
[2m[WebServer] [22m[verifyAuth] User authenticated: e7f5ae65-376e-4d05-a18c-10a91295727a
[2m[WebServer] [22m[Middleware] User authenticated: e7f5ae65-376e-4d05-a18c-10a91295727a
[2m[WebServer] [22m[Middleware] User authenticated: e7f5ae65-376e-4d05-a18c-10a91295727a
[2m[WebServer] [22m[Middleware] User authenticated: e7f5ae65-376e-4d05-a18c-10a91295727a
[2m[WebServer] [22m[Middleware] Admin user data query result: { userData: { role: 'owner', status: 'active' }, userError: null }
[2m[WebServer] [22m[Middleware] Access granted for admin role: owner
[2m[WebServer] [22m[Middleware] Admin user data query result: { userData: { role: 'owner', status: 'active' }, userError: null }
[2m[WebServer] [22m[Middleware] Access granted for admin role: owner
[2m[WebServer] [22m[Middleware] Admin user data query result: { userData: { role: 'owner', status: 'active' }, userError: null }
[2m[WebServer] [22m[Middleware] Access granted for admin role: owner
[2m[WebServer] [22m GET /api/admin/sections/by-page/event/af1b3647-f38c-42ba-af43-9120cb8e5676 [32m200[39m in 3.3s[2m (compile: 1833ms, proxy.ts: 755ms, render: 699ms)[22m
[2m[WebServer] [22m GET /admin/events [32m200[39m in 580ms[2m (compile: 23ms, proxy.ts: 332ms, render: 224ms)[22m
[2m[WebServer] [22m GET /admin/events [32m200[39m in 582ms[2m (compile: 21ms, proxy.ts: 335ms, render: 226ms)[22m
[2m[WebServer] [22m GET /admin/activities [32m200[39m in 689ms[2m (compile: 73ms, proxy.ts: 342ms, render: 275ms)[22m
[2m[WebServer] [22m[Middleware] User authenticated: e7f5ae65-376e-4d05-a18c-10a91295727a
[2m[WebServer] [22m[Middleware] User authenticated: e7f5ae65-376e-4d05-a18c-10a91295727a
[2m[WebServer] [22m[Middleware] User authenticated: e7f5ae65-376e-4d05-a18c-10a91295727a
[2m[WebServer] [22m[Middleware] User authenticated: e7f5ae65-376e-4d05-a18c-10a91295727a
[2m[WebServer] [22m[Middleware] User authenticated: e7f5ae65-376e-4d05-a18c-10a91295727a
[2m[WebServer] [22m[Middleware] User authenticated: e7f5ae65-376e-4d05-a18c-10a91295727a
[2m[WebServer] [22m[Middleware] User authenticated: e7f5ae65-376e-4d05-a18c-10a91295727a
[2m[WebServer] [22m[Middleware] Admin user data query result: { userData: { role: 'owner', status: 'active' }, userError: null }
[2m[WebServer] [22m[Middleware] Access granted for admin role: owner
[2m[WebServer] [22m[Middleware] Admin user data query result: { userData: { role: 'owner', status: 'active' }, userError: null }
[2m[WebServer] [22m[Middleware] Access granted for admin role: owner
[2m[WebServer] [22m[Middleware] Admin user data query result: { userData: { role: 'owner', status: 'active' }, userError: null }
[2m[WebServer] [22m[Middleware] Access granted for admin role: owner
[2m[WebServer] [22m[Middleware] Admin user data query result: { userData: { role: 'owner', status: 'active' }, userError: null }
[2m[WebServer] [22m[Middleware] Access granted for admin role: owner
[2m[WebServer] [22m[Middleware] Admin user data query result: { userData: { role: 'owner', status: 'active' }, userError: null }
[2m[WebServer] [22m[Middleware] Access granted for admin role: owner
[2m[WebServer] [22m[Middleware] Admin user data query result: { userData: { role: 'owner', status: 'active' }, userError: null }
[2m[WebServer] [22m[Middleware] Access granted for admin role: owner
[2m[WebServer] [22m[Middleware] Admin user data query result: { userData: { role: 'owner', status: 'active' }, userError: null }
[2m[WebServer] [22m[Middleware] Access granted for admin role: owner
[2m[WebServer] [22m GET /api/admin/alerts [32m200[39m in 532ms[2m (compile: 4ms, proxy.ts: 338ms, render: 190ms)[22m
[2m[WebServer] [22m GET /api/admin/metrics [32m200[39m in 533ms[2m (compile: 4ms, proxy.ts: 306ms, render: 223ms)[22m
[2m[WebServer] [22m GET /admin/events [32m200[39m in 693ms[2m (compile: 15ms, proxy.ts: 340ms, render: 339ms)[22m
[2m[WebServer] [22m GET /admin/events [32m200[39m in 693ms[2m (compile: 5ms, proxy.ts: 348ms, render: 340ms)[22m
[2m[WebServer] [22m GET /admin/events [32m200[39m in 699ms[2m (compile: 3ms, proxy.ts: 352ms, render: 344ms)[22m
[2m[WebServer] [22m GET /admin/activities [32m200[39m in 734ms[2m (compile: 204ms, proxy.ts: 349ms, render: 180ms)[22m
  ✘   2 [chromium] › __tests__/e2e/admin/sectionManagement.spec.ts:109:9 › Section Management › Section CRUD Operations › should create new section with rich text content (27.2s)
[2m[WebServer] [22m[Middleware] User authenticated: e7f5ae65-376e-4d05-a18c-10a91295727a
[2m[WebServer] [22m[Middleware] User authenticated: e7f5ae65-376e-4d05-a18c-10a91295727a
[2m[WebServer] [22m[Middleware] User authenticated: e7f5ae65-376e-4d05-a18c-10a91295727a
[2m[WebServer] [22m[Middleware] User authenticated: e7f5ae65-376e-4d05-a18c-10a91295727a
[2m[WebServer] [22m[Middleware] User authenticated: e7f5ae65-376e-4d05-a18c-10a91295727a
[2m[WebServer] [22m[Middleware] Admin user data query result: { userData: { role: 'owner', status: 'active' }, userError: null }
[2m[WebServer] [22m[Middleware] Access granted for admin role: owner
[2m[WebServer] [22m[Middleware] User authenticated: e7f5ae65-376e-4d05-a18c-10a91295727a
[2m[WebServer] [22m[Middleware] User authenticated: e7f5ae65-376e-4d05-a18c-10a91295727a
[2m[WebServer] [22m[Middleware] Admin user data query result: { userData: { role: 'owner', status: 'active' }, userError: null }
[2m[WebServer] [22m[Middleware] Access granted for admin role: owner
[2m[WebServer] [22m[Middleware] Admin user data query result: { userData: { role: 'owner', status: 'active' }, userError: null }
[2m[WebServer] [22m[Middleware] Access granted for admin role: owner
[2m[WebServer] [22m[Middleware] Admin user data query result: { userData: { role: 'owner', status: 'active' }, userError: null }
[2m[WebServer] [22m[Middleware] Access granted for admin role: owner
[2m[WebServer] [22m[Middleware] Admin user data query result: { userData: { role: 'owner', status: 'active' }, userError: null }
[2m[WebServer] [22m[Middleware] Access granted for admin role: owner
[dotenv@17.2.4] injecting env (0) from .env.e2e -- tip: ⚙️  load multiple .env files with { path: ['.env.local', '.env'] }
[2m[WebServer] [22m[Middleware] Admin user data query result: { userData: { role: 'owner', status: 'active' }, userError: null }
[2m[WebServer] [22m[Middleware] Access granted for admin role: owner
[2m[WebServer] [22m[Middleware] Admin user data query result: { userData: { role: 'owner', status: 'active' }, userError: null }
[2m[WebServer] [22m[Middleware] Access granted for admin role: owner
[2m[WebServer] [22m GET /api/admin/locations [32m200[39m in 498ms[2m (compile: 2ms, proxy.ts: 349ms, render: 147ms)[22m
[2m[WebServer] [22m GET /api/admin/events [32m200[39m in 507ms[2m (compile: 27ms, proxy.ts: 307ms, render: 173ms)[22m
[2m[WebServer] [22m GET /api/admin/locations [32m200[39m in 511ms[2m (compile: 7ms, proxy.ts: 337ms, render: 167ms)[22m
[2m[WebServer] [22m GET /api/admin/events [32m200[39m in 533ms[2m (compile: 3ms, proxy.ts: 380ms, render: 150ms)[22m
[2m[WebServer] [22m GET /api/admin/events [32m200[39m in 541ms[2m (compile: 1581µs, proxy.ts: 382ms, render: 157ms)[22m
[2m[WebServer] [22m GET /api/admin/activities [32m200[39m in 631ms[2m (compile: 9ms, proxy.ts: 479ms, render: 143ms)[22m
[2m[WebServer] [22m GET /api/admin/locations [32m200[39m in 658ms[2m (compile: 9ms, proxy.ts: 481ms, render: 168ms)[22m
[2m[WebServer] [22m[Middleware] User authenticated: e7f5ae65-376e-4d05-a18c-10a91295727a
⚠️  Navigation to /admin/activities failed (attempt 1/3): TimeoutError: page.waitForLoadState: Timeout 10000ms exceeded.
=========================== logs ===========================
  "load" event fired
  "commit" event fired
  "domcontentloaded" event fired
  "load" event fired
============================================================
[2m[WebServer] [22m[Middleware] Admin user data query result: { userData: { role: 'owner', status: 'active' }, userError: null }
[2m[WebServer] [22m[Middleware] Access granted for admin role: owner
[2m[WebServer] [22m[Middleware] User authenticated: e7f5ae65-376e-4d05-a18c-10a91295727a
[2m[WebServer] [22m[Middleware] Admin user data query result: { userData: { role: 'owner', status: 'active' }, userError: null }
[2m[WebServer] [22m[Middleware] Access granted for admin role: owner
[2m[WebServer] [22m GET /api/admin/activities/96420c4b-cdfe-47b9-b813-fae9dd50a1c3/capacity [32m200[39m in 662ms[2m (compile: 6ms, proxy.ts: 298ms, render: 358ms)[22m
[2m[WebServer] [22m GET /admin [32m200[39m in 469ms[2m (compile: 10ms, proxy.ts: 399ms, render: 60ms)[22m
[2m[WebServer] [22m[Middleware] User authenticated: e7f5ae65-376e-4d05-a18c-10a91295727a
[2m[WebServer] [22m[Middleware] Admin user data query result: { userData: { role: 'owner', status: 'active' }, userError: null }
[2m[WebServer] [22m[Middleware] Access granted for admin role: owner
[2m[WebServer] [22m[Middleware] User authenticated: e7f5ae65-376e-4d05-a18c-10a91295727a
[2m[WebServer] [22m[Middleware] User authenticated: e7f5ae65-376e-4d05-a18c-10a91295727a
[2m[WebServer] [22m[Middleware] User authenticated: e7f5ae65-376e-4d05-a18c-10a91295727a
[2m[WebServer] [22m[verifyAuth] User authenticated: e7f5ae65-376e-4d05-a18c-10a91295727a
[2m[WebServer] [22m[Middleware] Admin user data query result: { userData: { role: 'owner', status: 'active' }, userError: null }
[2m[WebServer] [22m[Middleware] Access granted for admin role: owner
[2m[WebServer] [22m[Middleware] Admin user data query result: { userData: { role: 'owner', status: 'active' }, userError: null }
[2m[WebServer] [22m[Middleware] Access granted for admin role: owner
[2m[WebServer] [22m[Middleware] Admin user data query result: { userData: { role: 'owner', status: 'active' }, userError: null }
[2m[WebServer] [22m[Middleware] Access granted for admin role: owner
[2m[WebServer] [22m GET /api/admin/alerts [32m200[39m in 408ms[2m (compile: 1414µs, proxy.ts: 349ms, render: 58ms)[22m
[2m[WebServer] [22m GET /api/admin/metrics [32m200[39m in 409ms[2m (compile: 1366µs, proxy.ts: 272ms, render: 135ms)[22m
[2m[WebServer] [22m GET /admin/events [32m200[39m in 342ms[2m (compile: 1885µs, proxy.ts: 277ms, render: 63ms)[22m
[2m[WebServer] [22m GET /api/admin/sections/by-page/event/af1b3647-f38c-42ba-af43-9120cb8e5676 [32m200[39m in 757ms[2m (compile: 5ms, proxy.ts: 298ms, render: 454ms)[22m
✅ Section editor wait complete - all checks passed
⏭️  Skipping: Reference field not available
  ✓  10 [chromium] › __tests__/e2e/admin/sectionManagement.spec.ts:541:9 › Section Management › Validation & Error Handling › should validate references in sections (7.9s)
[2m[WebServer] [22m[Middleware] User authenticated: e7f5ae65-376e-4d05-a18c-10a91295727a
[2m[WebServer] [22m[Middleware] User authenticated: e7f5ae65-376e-4d05-a18c-10a91295727a
[2m[WebServer] [22m[Middleware] Admin user data query result: { userData: { role: 'owner', status: 'active' }, userError: null }
[2m[WebServer] [22m[Middleware] Access granted for admin role: owner
[2m[WebServer] [22m[Middleware] Admin user data query result: { userData: { role: 'owner', status: 'active' }, userError: null }
[2m[WebServer] [22m[Middleware] Access granted for admin role: owner
[2m[WebServer] [22m[Middleware] User authenticated: e7f5ae65-376e-4d05-a18c-10a91295727a
[2m[WebServer] [22m[Middleware] User authenticated: e7f5ae65-376e-4d05-a18c-10a91295727a
[2m[WebServer] [22m[Middleware] Admin user data query result: { userData: { role: 'owner', status: 'active' }, userError: null }
[2m[WebServer] [22m[Middleware] Access granted for admin role: owner
[2m[WebServer] [22m GET /admin [32m200[39m in 327ms[2m (compile: 1887µs, proxy.ts: 282ms, render: 44ms)[22m
[2m[WebServer] [22m[Middleware] Admin user data query result: { userData: { role: 'owner', status: 'active' }, userError: null }
[2m[WebServer] [22m[Middleware] Access granted for admin role: owner
[2m[WebServer] [22m[Middleware] User authenticated: e7f5ae65-376e-4d05-a18c-10a91295727a
[2m[WebServer] [22m GET /admin/activities [32m200[39m in 583ms[2m (compile: 7ms, proxy.ts: 489ms, render: 88ms)[22m
[2m[WebServer] [22m[Middleware] User authenticated: e7f5ae65-376e-4d05-a18c-10a91295727a
  ✘   8 [chromium] › __tests__/e2e/admin/sectionManagement.spec.ts:428:9 › Section Management › Cross-Entity Section Management › should maintain consistent UI across entity types (15.8s)
[2m[WebServer] [22m[Middleware] Admin user data query result: { userData: { role: 'owner', status: 'active' }, userError: null }
[2m[WebServer] [22m[Middleware] Access granted for admin role: owner
[2m[WebServer] [22m[Middleware] Admin user data query result: { userData: { role: 'owner', status: 'active' }, userError: null }
[2m[WebServer] [22m[Middleware] Access granted for admin role: owner
[2m[WebServer] [22m GET /api/admin/events [32m200[39m in 550ms[2m (compile: 9ms, proxy.ts: 376ms, render: 165ms)[22m
[2m[WebServer] [22m GET /api/admin/locations [32m200[39m in 647ms[2m (compile: 5ms, proxy.ts: 374ms, render: 268ms)[22m
[2m[WebServer] [22m[Middleware] User authenticated: e7f5ae65-376e-4d05-a18c-10a91295727a
[2m[WebServer] [22m[Middleware] User authenticated: e7f5ae65-376e-4d05-a18c-10a91295727a
[2m[WebServer] [22m[Middleware] User authenticated: e7f5ae65-376e-4d05-a18c-10a91295727a
[2m[WebServer] [22m[Middleware] User authenticated: e7f5ae65-376e-4d05-a18c-10a91295727a
[2m[WebServer] [22m[Middleware] User authenticated: e7f5ae65-376e-4d05-a18c-10a91295727a
[2m[WebServer] [22m[Middleware] User authenticated: e7f5ae65-376e-4d05-a18c-10a91295727a
[2m[WebServer] [22m[Middleware] Admin user data query result: { userData: { role: 'owner', status: 'active' }, userError: null }
[2m[WebServer] [22m[Middleware] Access granted for admin role: owner
[2m[WebServer] [22m[Middleware] Admin user data query result: { userData: { role: 'owner', status: 'active' }, userError: null }
[2m[WebServer] [22m[Middleware] Access granted for admin role: owner
[2m[WebServer] [22m[Middleware] Admin user data query result: { userData: { role: 'owner', status: 'active' }, userError: null }
[2m[WebServer] [22m[Middleware] Access granted for admin role: owner
[2m[WebServer] [22m[Middleware] Admin user data query result: { userData: { role: 'owner', status: 'active' }, userError: null }
[2m[WebServer] [22m[Middleware] Access granted for admin role: owner
[2m[WebServer] [22m[Middleware] Admin user data query result: { userData: { role: 'owner', status: 'active' }, userError: null }
[2m[WebServer] [22m[Middleware] Access granted for admin role: owner
[2m[WebServer] [22m GET /api/admin/alerts [32m200[39m in 357ms[2m (compile: 8ms, proxy.ts: 301ms, render: 48ms)[22m
[2m[WebServer] [22m GET /api/admin/metrics [32m200[39m in 358ms[2m (compile: 1286µs, proxy.ts: 298ms, render: 58ms)[22m
[2m[WebServer] [22m[Middleware] Admin user data query result: { userData: { role: 'owner', status: 'active' }, userError: null }
[2m[WebServer] [22m[Middleware] Access granted for admin role: owner
[2m[WebServer] [22m GET /admin/events [32m200[39m in 391ms[2m (compile: 12ms, proxy.ts: 302ms, render: 76ms)[22m
[dotenv@17.2.4] injecting env (0) from .env.e2e -- tip: ⚙️  suppress all logs with { quiet: true }
[2m[WebServer] [22m GET /api/admin/locations [32m200[39m in 491ms[2m (compile: 15ms, proxy.ts: 332ms, render: 144ms)[22m
[2m[WebServer] [22m GET /api/admin/events [32m200[39m in 519ms[2m (compile: 14ms, proxy.ts: 331ms, render: 174ms)[22m
[2m[WebServer] [22m GET /api/admin/activities [32m200[39m in 525ms[2m (compile: 12ms, proxy.ts: 370ms, render: 142ms)[22m
[2m[WebServer] [22m[Middleware] User authenticated: e7f5ae65-376e-4d05-a18c-10a91295727a
[2m[WebServer] [22m[Middleware] Admin user data query result: { userData: { role: 'owner', status: 'active' }, userError: null }
[2m[WebServer] [22m[Middleware] Access granted for admin role: owner
[2m[WebServer] [22m[Middleware] User authenticated: e7f5ae65-376e-4d05-a18c-10a91295727a
[2m[WebServer] [22m[Middleware] Admin user data query result: { userData: { role: 'owner', status: 'active' }, userError: null }
[2m[WebServer] [22m[Middleware] Access granted for admin role: owner
[2m[WebServer] [22m GET /admin [32m200[39m in 304ms[2m (compile: 3ms, proxy.ts: 264ms, render: 37ms)[22m
[2m[WebServer] [22m[Middleware] User authenticated: e7f5ae65-376e-4d05-a18c-10a91295727a
[2m[WebServer] [22m GET /api/admin/activities/96420c4b-cdfe-47b9-b813-fae9dd50a1c3/capacity [32m200[39m in 632ms[2m (compile: 4ms, proxy.ts: 285ms, render: 344ms)[22m
[2m[WebServer] [22m[Middleware] User authenticated: e7f5ae65-376e-4d05-a18c-10a91295727a
[2m[WebServer] [22m[Middleware] Admin user data query result: { userData: { role: 'owner', status: 'active' }, userError: null }
[2m[WebServer] [22m[Middleware] Access granted for admin role: owner
[2m[WebServer] [22m[Middleware] Admin user data query result: { userData: { role: 'owner', status: 'active' }, userError: null }
[2m[WebServer] [22m[Middleware] Access granted for admin role: owner
[2m[WebServer] [22m GET /api/admin/events [32m200[39m in 558ms[2m (compile: 1921µs, proxy.ts: 339ms, render: 217ms)[22m
[2m[WebServer] [22m GET /api/admin/locations [32m200[39m in 752ms[2m (compile: 52ms, proxy.ts: 556ms, render: 144ms)[22m
[2m[WebServer] [22m[Middleware] User authenticated: e7f5ae65-376e-4d05-a18c-10a91295727a
[2m[WebServer] [22m[Middleware] Admin user data query result: { userData: { role: 'owner', status: 'active' }, userError: null }
[2m[WebServer] [22m[Middleware] Access granted for admin role: owner
[2m[WebServer] [22m[verifyAuth] User authenticated: e7f5ae65-376e-4d05-a18c-10a91295727a
[2m[WebServer] [22m[Middleware] User authenticated: e7f5ae65-376e-4d05-a18c-10a91295727a
[2m[WebServer] [22m[Middleware] User authenticated: e7f5ae65-376e-4d05-a18c-10a91295727a
[2m[WebServer] [22m[Middleware] Admin user data query result: { userData: { role: 'owner', status: 'active' }, userError: null }
[2m[WebServer] [22m[Middleware] Access granted for admin role: owner
[2m[WebServer] [22m[Middleware] User authenticated: e7f5ae65-376e-4d05-a18c-10a91295727a
[2m[WebServer] [22m GET /api/admin/sections/by-page/event/af1b3647-f38c-42ba-af43-9120cb8e5676 [32m200[39m in 762ms[2m (compile: 9ms, proxy.ts: 320ms, render: 433ms)[22m
✅ Section editor wait complete - all checks passed
[2m[WebServer] [22m[Middleware] Admin user data query result: { userData: { role: 'owner', status: 'active' }, userError: null }
[2m[WebServer] [22m[Middleware] Access granted for admin role: owner
[2m[WebServer] [22m[Middleware] Admin user data query result: { userData: { role: 'owner', status: 'active' }, userError: null }
[2m[WebServer] [22m[Middleware] Access granted for admin role: owner
[2m[WebServer] [22m[Middleware] User authenticated: e7f5ae65-376e-4d05-a18c-10a91295727a
[2m[WebServer] [22m GET /api/admin/metrics [32m200[39m in 460ms[2m (compile: 2ms, proxy.ts: 279ms, render: 179ms)[22m
[2m[WebServer] [22m GET /admin/events [32m200[39m in 367ms[2m (compile: 2ms, proxy.ts: 288ms, render: 76ms)[22m
[2m[WebServer] [22m[Middleware] User authenticated: e7f5ae65-376e-4d05-a18c-10a91295727a
[2m[WebServer] [22m[Middleware] Admin user data query result: { userData: { role: 'owner', status: 'active' }, userError: null }
[2m[WebServer] [22m[Middleware] Access granted for admin role: owner
[2m[WebServer] [22m[Middleware] Admin user data query result: { userData: { role: 'owner', status: 'active' }, userError: null }
[2m[WebServer] [22m[Middleware] Access granted for admin role: owner
[2m[WebServer] [22m[verifyAuth] User authenticated: e7f5ae65-376e-4d05-a18c-10a91295727a
[2m[WebServer] [22m[verifyAuth] User authenticated: e7f5ae65-376e-4d05-a18c-10a91295727a
[2m[WebServer] [22m GET /api/admin/sections/by-page/event/af1b3647-f38c-42ba-af43-9120cb8e5676 [32m200[39m in 827ms[2m (compile: 4ms, proxy.ts: 320ms, render: 503ms)[22m
[2m[WebServer] [22m[Middleware] User authenticated: e7f5ae65-376e-4d05-a18c-10a91295727a
[2m[WebServer] [22m POST /api/admin/sections [32m201[39m in 822ms[2m (compile: 5ms, proxy.ts: 284ms, render: 533ms)[22m
[2m[WebServer] [22m[Middleware] Admin user data query result: { userData: { role: 'owner', status: 'active' }, userError: null }
[2m[WebServer] [22m[Middleware] Access granted for admin role: owner
[2m[WebServer] [22m[verifyAuth] User authenticated: e7f5ae65-376e-4d05-a18c-10a91295727a
[2m[WebServer] [22m[Middleware] User authenticated: e7f5ae65-376e-4d05-a18c-10a91295727a
[2m[WebServer] [22m[Middleware] User authenticated: e7f5ae65-376e-4d05-a18c-10a91295727a
[2m[WebServer] [22m[Middleware] Admin user data query result: { userData: { role: 'owner', status: 'active' }, userError: null }
[2m[WebServer] [22m[Middleware] Access granted for admin role: owner
[2m[WebServer] [22m[Middleware] Admin user data query result: { userData: { role: 'owner', status: 'active' }, userError: null }
[2m[WebServer] [22m[Middleware] Access granted for admin role: owner
[2m[WebServer] [22m GET /api/admin/sections/by-page/event/af1b3647-f38c-42ba-af43-9120cb8e5676 [32m200[39m in 814ms[2m (compile: 26ms, proxy.ts: 299ms, render: 489ms)[22m
✅ Section editor wait complete - all checks passed
[2m[WebServer] [22m[Middleware] User authenticated: e7f5ae65-376e-4d05-a18c-10a91295727a
[2m[WebServer] [22m GET /api/admin/locations [32m200[39m in 620ms[2m (compile: 1691µs, proxy.ts: 433ms, render: 185ms)[22m
[2m[WebServer] [22m GET /api/admin/events [32m200[39m in 625ms[2m (compile: 1775µs, proxy.ts: 472ms, render: 151ms)[22m
  ✓  12 [chromium] › __tests__/e2e/admin/sectionManagement.spec.ts:579:9 › Section Management › Validation & Error Handling › should handle loading states during save operations (5.1s)
[2m[WebServer] [22m[Middleware] User authenticated: e7f5ae65-376e-4d05-a18c-10a91295727a
[2m[WebServer] [22m[Middleware] Admin user data query result: { userData: { role: 'owner', status: 'active' }, userError: null }
[2m[WebServer] [22m[Middleware] Access granted for admin role: owner
[2m[WebServer] [22m[Middleware] Admin user data query result: { userData: { role: 'owner', status: 'active' }, userError: null }
[2m[WebServer] [22m[Middleware] Access granted for admin role: owner
[2m[WebServer] [22m[Middleware] User authenticated: e7f5ae65-376e-4d05-a18c-10a91295727a
[2m[WebServer] [22m[Middleware] Admin user data query result: { userData: { role: 'owner', status: 'active' }, userError: null }
[2m[WebServer] [22m[Middleware] Access granted for admin role: owner
[2m[WebServer] [22m GET /admin [32m200[39m in 1233ms[2m (compile: 630ms, proxy.ts: 463ms, render: 140ms)[22m
[2m[WebServer] [22m GET /admin/content-pages [32m200[39m in 1591ms[2m (compile: 1045ms, proxy.ts: 384ms, render: 163ms)[22m
[2m[WebServer] [22m[Middleware] User authenticated: e7f5ae65-376e-4d05-a18c-10a91295727a
[2m[WebServer] [22m[Middleware] Admin user data query result: { userData: { role: 'owner', status: 'active' }, userError: null }
[2m[WebServer] [22m[Middleware] Access granted for admin role: owner
[2m[WebServer] [22m[verifyAuth] User authenticated: e7f5ae65-376e-4d05-a18c-10a91295727a
[2m[WebServer] [22m[Middleware] User authenticated: e7f5ae65-376e-4d05-a18c-10a91295727a
[2m[WebServer] [22m[Middleware] User authenticated: e7f5ae65-376e-4d05-a18c-10a91295727a
[2m[WebServer] [22m[Middleware] User authenticated: e7f5ae65-376e-4d05-a18c-10a91295727a
[2m[WebServer] [22m[Middleware] User authenticated: e7f5ae65-376e-4d05-a18c-10a91295727a
[2m[WebServer] [22m[Middleware] User authenticated: e7f5ae65-376e-4d05-a18c-10a91295727a
[2m[WebServer] [22m[Middleware] Admin user data query result: { userData: { role: 'owner', status: 'active' }, userError: null }
[2m[WebServer] [22m[Middleware] Access granted for admin role: owner
[2m[WebServer] [22m[Middleware] Admin user data query result: { userData: { role: 'owner', status: 'active' }, userError: null }
[2m[WebServer] [22m[Middleware] Access granted for admin role: owner
[2m[WebServer] [22m[Middleware] Admin user data query result: { userData: { role: 'owner', status: 'active' }, userError: null }
[2m[WebServer] [22m[Middleware] Access granted for admin role: owner
[2m[WebServer] [22m[Middleware] Admin user data query result: { userData: { role: 'owner', status: 'active' }, userError: null }
[2m[WebServer] [22m[Middleware] Access granted for admin role: owner
[2m[WebServer] [22m[Middleware] User authenticated: e7f5ae65-376e-4d05-a18c-10a91295727a
[2m[WebServer] [22m[Middleware] Admin user data query result: { userData: { role: 'owner', status: 'active' }, userError: null }
[2m[WebServer] [22m[Middleware] Access granted for admin role: owner
[2m[WebServer] [22m GET /api/admin/sections/by-page/event/af1b3647-f38c-42ba-af43-9120cb8e5676 [32m200[39m in 1093ms[2m (compile: 65ms, proxy.ts: 297ms, render: 731ms)[22m
[2m[WebServer] [22m[Middleware] Admin user data query result: { userData: { role: 'owner', status: 'active' }, userError: null }
[2m[WebServer] [22m[Middleware] Access granted for admin role: owner
[2m[WebServer] [22m GET /admin/events [32m200[39m in 756ms[2m (compile: 51ms, proxy.ts: 501ms, render: 204ms)[22m
[2m[WebServer] [22m GET /admin/events [32m200[39m in 762ms[2m (compile: 49ms, proxy.ts: 503ms, render: 210ms)[22m
[2m[WebServer] [22m[Middleware] User authenticated: e7f5ae65-376e-4d05-a18c-10a91295727a
[2m[WebServer] [22m[Middleware] User authenticated: e7f5ae65-376e-4d05-a18c-10a91295727a
[2m[WebServer] [22m[Middleware] User authenticated: e7f5ae65-376e-4d05-a18c-10a91295727a
[2m[WebServer] [22m[Middleware] Admin user data query result: { userData: { role: 'owner', status: 'active' }, userError: null }
[2m[WebServer] [22m[Middleware] Access granted for admin role: owner
[2m[WebServer] [22m[Middleware] Admin user data query result: { userData: { role: 'owner', status: 'active' }, userError: null }
[2m[WebServer] [22m[Middleware] Access granted for admin role: owner
[2m[WebServer] [22m[Middleware] Admin user data query result: { userData: { role: 'owner', status: 'active' }, userError: null }
[2m[WebServer] [22m[Middleware] Access granted for admin role: owner
[2m[WebServer] [22m[Middleware] User authenticated: e7f5ae65-376e-4d05-a18c-10a91295727a
[2m[WebServer] [22m[Middleware] Admin user data query result: { userData: { role: 'owner', status: 'active' }, userError: null }
[2m[WebServer] [22m[Middleware] Access granted for admin role: owner
[2m[WebServer] [22m GET /api/admin/metrics [32m200[39m in 2.6s[2m (compile: 21ms, proxy.ts: 421ms, render: 2.1s)[22m
[2m[WebServer] [22m GET /api/admin/alerts [32m200[39m in 3.4s[2m (compile: 2.8s, proxy.ts: 436ms, render: 132ms)[22m
[2m[WebServer] [22m GET /admin/events [32m200[39m in 3.4s[2m (compile: 2.7s, proxy.ts: 588ms, render: 145ms)[22m
[2m[WebServer] [22m GET /api/admin/locations [32m200[39m in 1840ms[2m (compile: 1075ms, proxy.ts: 489ms, render: 276ms)[22m
[2m[WebServer] [22m GET /api/admin/events [32m200[39m in 1851ms[2m (compile: 882ms, proxy.ts: 682ms, render: 287ms)[22m
[2m[WebServer] [22m GET /api/admin/events [32m200[39m in 1861ms[2m (compile: 1078ms, proxy.ts: 486ms, render: 297ms)[22m
[2m[WebServer] [22m GET /api/admin/locations [32m200[39m in 1873ms[2m (compile: 1064ms, proxy.ts: 499ms, render: 310ms)[22m
[2m[WebServer] [22m[verifyAuth] User authenticated: e7f5ae65-376e-4d05-a18c-10a91295727a
[2m[WebServer] [22m GET /api/admin/content-pages [32m200[39m in 3.9s[2m (compile: 2.8s, proxy.ts: 465ms, render: 601ms)[22m
[2m[WebServer] [22m[Middleware] User authenticated: e7f5ae65-376e-4d05-a18c-10a91295727a
[2m[WebServer] [22m[Middleware] User authenticated: e7f5ae65-376e-4d05-a18c-10a91295727a
[2m[WebServer] [22m[Middleware] User authenticated: e7f5ae65-376e-4d05-a18c-10a91295727a
[2m[WebServer] [22m[Middleware] User authenticated: e7f5ae65-376e-4d05-a18c-10a91295727a
[2m[WebServer] [22m[Middleware] User authenticated: e7f5ae65-376e-4d05-a18c-10a91295727a
[2m[WebServer] [22m[Middleware] Admin user data query result: { userData: { role: 'owner', status: 'active' }, userError: null }
[2m[WebServer] [22m[Middleware] Access granted for admin role: owner
[2m[WebServer] [22m[Middleware] Admin user data query result: { userData: { role: 'owner', status: 'active' }, userError: null }
[2m[WebServer] [22m[Middleware] Access granted for admin role: owner
[2m[WebServer] [22m[Middleware] Admin user data query result: { userData: { role: 'owner', status: 'active' }, userError: null }
[2m[WebServer] [22m[Middleware] Access granted for admin role: owner
[2m[WebServer] [22m[Middleware] Admin user data query result: { userData: { role: 'owner', status: 'active' }, userError: null }
[2m[WebServer] [22m[Middleware] Access granted for admin role: owner
[2m[WebServer] [22m[Middleware] Admin user data query result: { userData: { role: 'owner', status: 'active' }, userError: null }
[2m[WebServer] [22m[Middleware] Access granted for admin role: owner
[2m[WebServer] [22m GET /admin/events [32m200[39m in 483ms[2m (compile: 1956µs, proxy.ts: 295ms, render: 187ms)[22m
[2m[WebServer] [22m GET /admin/events [32m200[39m in 536ms[2m (compile: 46ms, proxy.ts: 338ms, render: 152ms)[22m
[2m[WebServer] [22m GET /admin/content-pages [32m200[39m in 537ms[2m (compile: 34ms, proxy.ts: 337ms, render: 166ms)[22m
[2m[WebServer] [22m GET /api/admin/locations [32m200[39m in 574ms[2m (compile: 35ms, proxy.ts: 377ms, render: 162ms)[22m
[2m[WebServer] [22m GET /api/admin/events [32m200[39m in 618ms[2m (compile: 22ms, proxy.ts: 421ms, render: 174ms)[22m
[2m[WebServer] [22m[Middleware] User authenticated: e7f5ae65-376e-4d05-a18c-10a91295727a
[2m[WebServer] [22m[Middleware] Admin user data query result: { userData: { role: 'owner', status: 'active' }, userError: null }
[2m[WebServer] [22m[Middleware] Access granted for admin role: owner
[2m[WebServer] [22m[verifyAuth] User authenticated: e7f5ae65-376e-4d05-a18c-10a91295727a
[2m[WebServer] [22m[Middleware] User authenticated: e7f5ae65-376e-4d05-a18c-10a91295727a
[2m[WebServer] [22m[Middleware] User authenticated: e7f5ae65-376e-4d05-a18c-10a91295727a
[2m[WebServer] [22m[Middleware] User authenticated: e7f5ae65-376e-4d05-a18c-10a91295727a
[2m[WebServer] [22m[Middleware] User authenticated: e7f5ae65-376e-4d05-a18c-10a91295727a
[2m[WebServer] [22m GET /api/admin/content-pages [32m200[39m in 671ms[2m (compile: 24ms, proxy.ts: 348ms, render: 299ms)[22m
[2m[WebServer] [22m[Middleware] Admin user data query result: { userData: { role: 'owner', status: 'active' }, userError: null }
[2m[WebServer] [22m[Middleware] Access granted for admin role: owner
[2m[WebServer] [22m[Middleware] Admin user data query result: { userData: { role: 'owner', status: 'active' }, userError: null }
[2m[WebServer] [22m[Middleware] Access granted for admin role: owner
[2m[WebServer] [22m[Middleware] Admin user data query result: { userData: { role: 'owner', status: 'active' }, userError: null }
[2m[WebServer] [22m[Middleware] Access granted for admin role: owner
[2m[WebServer] [22m[Middleware] Admin user data query result: { userData: { role: 'owner', status: 'active' }, userError: null }
[2m[WebServer] [22m[Middleware] Access granted for admin role: owner
[2m[WebServer] [22m GET /api/admin/events [32m200[39m in 588ms[2m (compile: 5ms, proxy.ts: 436ms, render: 147ms)[22m
[2m[WebServer] [22m GET /api/admin/locations [32m200[39m in 611ms[2m (compile: 4ms, proxy.ts: 446ms, render: 161ms)[22m
[2m[WebServer] [22m GET /api/admin/events [32m200[39m in 617ms[2m (compile: 9ms, proxy.ts: 469ms, render: 138ms)[22m
[2m[WebServer] [22m GET /api/admin/locations [32m200[39m in 620ms[2m (compile: 7ms, proxy.ts: 437ms, render: 177ms)[22m
[2m[WebServer] [22m[Middleware] User authenticated: e7f5ae65-376e-4d05-a18c-10a91295727a
[2m[WebServer] [22m[Middleware] Admin user data query result: { userData: { role: 'owner', status: 'active' }, userError: null }
[2m[WebServer] [22m[Middleware] Access granted for admin role: owner
[2m[WebServer] [22m[verifyAuth] User authenticated: e7f5ae65-376e-4d05-a18c-10a91295727a
[2m[WebServer] [22m GET /api/admin/sections/by-page/event/af1b3647-f38c-42ba-af43-9120cb8e5676 [32m200[39m in 766ms[2m (compile: 11ms, proxy.ts: 281ms, render: 474ms)[22m
✅ Section editor wait complete - all checks passed
  ✓  14 [chromium] › __tests__/e2e/admin/sectionManagement.spec.ts:620:9 › Section Management › Validation & Error Handling › should handle errors during section operations (9.1s)
[2m[WebServer] [22m[Middleware] User authenticated: e7f5ae65-376e-4d05-a18c-10a91295727a
[2m[WebServer] [22m[Middleware] Admin user data query result: { userData: { role: 'owner', status: 'active' }, userError: null }
[2m[WebServer] [22m[Middleware] Access granted for admin role: owner
[2m[WebServer] [22m[Middleware] User authenticated: e7f5ae65-376e-4d05-a18c-10a91295727a
[2m[WebServer] [22m[Middleware] Admin user data query result: { userData: { role: 'owner', status: 'active' }, userError: null }
[2m[WebServer] [22m[Middleware] Access granted for admin role: owner
[2m[WebServer] [22m[verifyAuth] User authenticated: e7f5ae65-376e-4d05-a18c-10a91295727a
[2m[WebServer] [22m GET /api/admin/sections/by-page/custom/ab3cba67-7c1a-498b-995d-fcc3f58d4d49 [32m200[39m in 597ms[2m (compile: 4ms, proxy.ts: 294ms, render: 300ms)[22m
[2m[WebServer] [22m[Middleware] User authenticated: e7f5ae65-376e-4d05-a18c-10a91295727a
[2m[WebServer] [22m[Middleware] Admin user data query result: { userData: { role: 'owner', status: 'active' }, userError: null }
[2m[WebServer] [22m[Middleware] Access granted for admin role: owner
[2m[WebServer] [22m[verifyAuth] User authenticated: e7f5ae65-376e-4d05-a18c-10a91295727a
[2m[WebServer] [22m GET /api/admin/sections/by-page/custom/ab3cba67-7c1a-498b-995d-fcc3f58d4d49 [32m200[39m in 579ms[2m (compile: 5ms, proxy.ts: 285ms, render: 290ms)[22m
  ✘  11 [chromium] › __tests__/e2e/admin/sectionManagement.spec.ts:109:9 › Section Management › Section CRUD Operations › should create new section with rich text content (retry #1) (22.5s)
  ✘  13 [chromium] › __tests__/e2e/admin/sectionManagement.spec.ts:428:9 › Section Management › Cross-Entity Section Management › should maintain consistent UI across entity types (retry #1) (20.3s)
  ✘   7 [chromium] › __tests__/e2e/admin/sectionManagement.spec.ts:374:9 › Section Management › Cross-Entity Section Management › should access section editor from all entity types (52.2s)
[dotenv@17.2.4] injecting env (0) from .env.e2e -- tip: ✅ audit secrets and track compliance: https://dotenvx.com/ops
[2m[WebServer] [22m[Middleware] User authenticated: e7f5ae65-376e-4d05-a18c-10a91295727a
[2m[WebServer] [22m[Middleware] Admin user data query result: { userData: { role: 'owner', status: 'active' }, userError: null }
[2m[WebServer] [22m[Middleware] Access granted for admin role: owner
[2m[WebServer] [22m GET /admin [32m200[39m in 448ms[2m (compile: 18ms, proxy.ts: 369ms, render: 60ms)[22m
[2m[WebServer] [22m[Middleware] User authenticated: e7f5ae65-376e-4d05-a18c-10a91295727a
[2m[WebServer] [22m[Middleware] User authenticated: e7f5ae65-376e-4d05-a18c-10a91295727a
[2m[WebServer] [22m[Middleware] User authenticated: e7f5ae65-376e-4d05-a18c-10a91295727a
[2m[WebServer] [22m[Middleware] Admin user data query result: { userData: { role: 'owner', status: 'active' }, userError: null }
[2m[WebServer] [22m[Middleware] Access granted for admin role: owner
[2m[WebServer] [22m[Middleware] Admin user data query result: { userData: { role: 'owner', status: 'active' }, userError: null }
[2m[WebServer] [22m[Middleware] Access granted for admin role: owner
[2m[WebServer] [22m[Middleware] Admin user data query result: { userData: { role: 'owner', status: 'active' }, userError: null }
[2m[WebServer] [22m[Middleware] Access granted for admin role: owner
[2m[WebServer] [22m GET /api/admin/alerts [32m200[39m in 492ms[2m (compile: 1749µs, proxy.ts: 408ms, render: 82ms)[22m
[2m[WebServer] [22m GET /api/admin/metrics [32m200[39m in 492ms[2m (compile: 6ms, proxy.ts: 288ms, render: 198ms)[22m
[2m[WebServer] [22m GET /admin/events [32m200[39m in 436ms[2m (compile: 3ms, proxy.ts: 373ms, render: 61ms)[22m
[2m[WebServer] [22m[Middleware] User authenticated: e7f5ae65-376e-4d05-a18c-10a91295727a
[2m[WebServer] [22m[Middleware] User authenticated: e7f5ae65-376e-4d05-a18c-10a91295727a
[2m[WebServer] [22m[Middleware] Admin user data query result: { userData: { role: 'owner', status: 'active' }, userError: null }
[2m[WebServer] [22m[Middleware] Access granted for admin role: owner
[2m[WebServer] [22m[Middleware] Admin user data query result: { userData: { role: 'owner', status: 'active' }, userError: null }
[2m[WebServer] [22m[Middleware] Access granted for admin role: owner
[2m[WebServer] [22m GET /api/admin/events [32m200[39m in 548ms[2m (compile: 2ms, proxy.ts: 379ms, render: 167ms)[22m
[2m[WebServer] [22m GET /api/admin/locations [32m200[39m in 580ms[2m (compile: 1462µs, proxy.ts: 399ms, render: 180ms)[22m
[2m[WebServer] [22m[Middleware] User authenticated: e7f5ae65-376e-4d05-a18c-10a91295727a
[2m[WebServer] [22m[Middleware] Admin user data query result: { userData: { role: 'owner', status: 'active' }, userError: null }
[2m[WebServer] [22m[Middleware] Access granted for admin role: owner
[2m[WebServer] [22m[verifyAuth] User authenticated: e7f5ae65-376e-4d05-a18c-10a91295727a
[2m[WebServer] [22m GET /api/admin/sections/by-page/event/af1b3647-f38c-42ba-af43-9120cb8e5676 [32m200[39m in 798ms[2m (compile: 13ms, proxy.ts: 311ms, render: 474ms)[22m
✅ Section editor wait complete - all checks passed
[2m[WebServer] [22m[Middleware] User authenticated: e7f5ae65-376e-4d05-a18c-10a91295727a
[2m[WebServer] [22m[Middleware] User authenticated: e7f5ae65-376e-4d05-a18c-10a91295727a
[2m[WebServer] [22m[Middleware] Admin user data query result: { userData: { role: 'owner', status: 'active' }, userError: null }
[2m[WebServer] [22m[Middleware] Access granted for admin role: owner
[2m[WebServer] [22m[Middleware] Admin user data query result: { userData: { role: 'owner', status: 'active' }, userError: null }
[2m[WebServer] [22m[Middleware] Access granted for admin role: owner
[2m[WebServer] [22m GET /api/admin/sections/by-page/event/af1b3647-f38c-42ba-af43-9120cb8e5676 [32m200[39m in 404ms[2m (compile: 6ms, proxy.ts: 302ms, render: 96ms)[22m
[2m[WebServer] [22m GET /admin/activities [32m200[39m in 366ms[2m (compile: 11ms, proxy.ts: 311ms, render: 44ms)[22m
[2m[WebServer] [22m[verifyAuth] User authenticated: e7f5ae65-376e-4d05-a18c-10a91295727a
[2m[WebServer] [22m[Middleware] User authenticated: e7f5ae65-376e-4d05-a18c-10a91295727a
[2m[WebServer] [22m[Middleware] User authenticated: e7f5ae65-376e-4d05-a18c-10a91295727a
[2m[WebServer] [22m[Middleware] User authenticated: e7f5ae65-376e-4d05-a18c-10a91295727a
[2m[WebServer] [22m[Middleware] Admin user data query result: { userData: { role: 'owner', status: 'active' }, userError: null }
[2m[WebServer] [22m[Middleware] Access granted for admin role: owner
[2m[WebServer] [22m[Middleware] Admin user data query result: { userData: { role: 'owner', status: 'active' }, userError: null }
[2m[WebServer] [22m[Middleware] Access granted for admin role: owner
[2m[WebServer] [22m[Middleware] Admin user data query result: { userData: { role: 'owner', status: 'active' }, userError: null }
[2m[WebServer] [22m[Middleware] Access granted for admin role: owner
[2m[WebServer] [22m GET /api/admin/locations [32m200[39m in 500ms[2m (compile: 1556µs, proxy.ts: 306ms, render: 192ms)[22m
[2m[WebServer] [22m GET /api/admin/activities [32m200[39m in 511ms[2m (compile: 8ms, proxy.ts: 316ms, render: 187ms)[22m
[2m[WebServer] [22m GET /api/admin/events [32m200[39m in 592ms[2m (compile: 2ms, proxy.ts: 436ms, render: 154ms)[22m
[2m[WebServer] [22m[Middleware] User authenticated: e7f5ae65-376e-4d05-a18c-10a91295727a
[2m[WebServer] [22m[Middleware] Admin user data query result: { userData: { role: 'owner', status: 'active' }, userError: null }
[2m[WebServer] [22m[Middleware] Access granted for admin role: owner
[2m[WebServer] [22m GET /api/admin/activities/96420c4b-cdfe-47b9-b813-fae9dd50a1c3/capacity [32m200[39m in 633ms[2m (compile: 14ms, proxy.ts: 310ms, render: 309ms)[22m
[2m[WebServer] [22m[Middleware] User authenticated: e7f5ae65-376e-4d05-a18c-10a91295727a
[2m[WebServer] [22m[Middleware] Admin user data query result: { userData: { role: 'owner', status: 'active' }, userError: null }
[2m[WebServer] [22m[Middleware] Access granted for admin role: owner
[2m[WebServer] [22m GET /admin/content-pages [32m200[39m in 443ms[2m (compile: 1769µs, proxy.ts: 408ms, render: 34ms)[22m
[2m[WebServer] [22m[Middleware] User authenticated: e7f5ae65-376e-4d05-a18c-10a91295727a
[2m[WebServer] [22m[Middleware] Admin user data query result: { userData: { role: 'owner', status: 'active' }, userError: null }
[2m[WebServer] [22m[Middleware] Access granted for admin role: owner
[2m[WebServer] [22m[verifyAuth] User authenticated: e7f5ae65-376e-4d05-a18c-10a91295727a
[2m[WebServer] [22m GET /api/admin/content-pages [32m200[39m in 614ms[2m (compile: 1184µs, proxy.ts: 293ms, render: 320ms)[22m
[2m[WebServer] [22m[Middleware] User authenticated: e7f5ae65-376e-4d05-a18c-10a91295727a
[2m[WebServer] [22m[Middleware] Admin user data query result: { userData: { role: 'owner', status: 'active' }, userError: null }
[2m[WebServer] [22m[Middleware] Access granted for admin role: owner
[2m[WebServer] [22m[verifyAuth] User authenticated: e7f5ae65-376e-4d05-a18c-10a91295727a
[2m[WebServer] [22m GET /api/admin/sections/by-page/custom/ab3cba67-7c1a-498b-995d-fcc3f58d4d49 [32m200[39m in 799ms[2m (compile: 4ms, proxy.ts: 475ms, render: 320ms)[22m
[2m[WebServer] [22m[Middleware] User authenticated: e7f5ae65-376e-4d05-a18c-10a91295727a
[2m[WebServer] [22m[Middleware] Admin user data query result: { userData: { role: 'owner', status: 'active' }, userError: null }
[2m[WebServer] [22m[Middleware] Access granted for admin role: owner
[2m[WebServer] [22m[verifyAuth] User authenticated: e7f5ae65-376e-4d05-a18c-10a91295727a
[2m[WebServer] [22m GET /api/admin/sections/by-page/custom/ab3cba67-7c1a-498b-995d-fcc3f58d4d49 [32m200[39m in 615ms[2m (compile: 4ms, proxy.ts: 310ms, render: 301ms)[22m
  ✘  15 [chromium] › __tests__/e2e/admin/sectionManagement.spec.ts:374:9 › Section Management › Cross-Entity Section Management › should access section editor from all entity types (retry #1) (31.0s)

🧹 E2E Global Teardown Starting...

🗑️  Cleaning up test data...
🧹 Running comprehensive test cleanup...
✅ Comprehensive cleanup complete
✅ Test data cleaned

🔓 Keeping authentication state for debugging...
   Auth files preserved in .auth/ directory
   Run "rm -rf .auth" to clean up manually

📊 Execution Summary:
   Duration: 2.33s
   Errors: 0
   Status: ✅ Clean teardown

✨ E2E Global Teardown Complete!



  1) [chromium] › __tests__/e2e/admin/sectionManagement.spec.ts:109:9 › Section Management › Section CRUD Operations › should create new section with rich text content 

    TimeoutError: locator.click: Timeout 15000ms exceeded.
    Call log:
    [2m  - waiting for locator('[contenteditable="true"]').first()[22m
    [2m    2 × waiting for" http://localhost:3000/admin/events" navigation to finish...[22m
    [2m      - navigated to "http://localhost:3000/admin/events"[22m
    [2m    - waiting for" http://localhost:3000/admin/events" navigation to finish...[22m


      153 |       
      154 |       // Fill in rich text content
    > 155 |       await richTextEditor.click();
          |                            ^
      156 |       await richTextEditor.fill('This is test section content');
      157 |       
      158 |       // Save section
        at /Users/jaron/Desktop/wedding-platform-v2/__tests__/e2e/admin/sectionManagement.spec.ts:155:28

    attachment #1: screenshot (image/png) ──────────────────────────────────────────────────────────
    test-results/admin-sectionManagement-Se-6688b-tion-with-rich-text-content-chromium/test-failed-1.png
    ────────────────────────────────────────────────────────────────────────────────────────────────

    attachment #2: video (video/webm) ──────────────────────────────────────────────────────────────
    test-results/admin-sectionManagement-Se-6688b-tion-with-rich-text-content-chromium/video.webm
    ────────────────────────────────────────────────────────────────────────────────────────────────

    Error Context: test-results/admin-sectionManagement-Se-6688b-tion-with-rich-text-content-chromium/error-context.md

    Retry #1 ───────────────────────────────────────────────────────────────────────────────────────

    TimeoutError: page.click: Timeout 15000ms exceeded.
    Call log:
    [2m  - waiting for locator('button:has-text("Save Section")')[22m
    [2m    2 × waiting for" http://localhost:3000/admin/events" navigation to finish...[22m
    [2m      - navigated to "http://localhost:3000/admin/events"[22m


      157 |       
      158 |       // Save section
    > 159 |       await page.click('button:has-text("Save Section")');
          |                  ^
      160 |       
      161 |       // Verify success
      162 |       await expect(page.locator('text=Section created successfully')).toBeVisible({ timeout: 5000 });
        at /Users/jaron/Desktop/wedding-platform-v2/__tests__/e2e/admin/sectionManagement.spec.ts:159:18

    attachment #1: screenshot (image/png) ──────────────────────────────────────────────────────────
    test-results/admin-sectionManagement-Se-6688b-tion-with-rich-text-content-chromium-retry1/test-failed-1.png
    ────────────────────────────────────────────────────────────────────────────────────────────────

    attachment #2: video (video/webm) ──────────────────────────────────────────────────────────────
    test-results/admin-sectionManagement-Se-6688b-tion-with-rich-text-content-chromium-retry1/video.webm
    ────────────────────────────────────────────────────────────────────────────────────────────────

    Error Context: test-results/admin-sectionManagement-Se-6688b-tion-with-rich-text-content-chromium-retry1/error-context.md

    attachment #4: trace (application/zip) ─────────────────────────────────────────────────────────
    test-results/admin-sectionManagement-Se-6688b-tion-with-rich-text-content-chromium-retry1/trace.zip
    Usage:

        npx playwright show-trace test-results/admin-sectionManagement-Se-6688b-tion-with-rich-text-content-chromium-retry1/trace.zip

    ────────────────────────────────────────────────────────────────────────────────────────────────

  2) [chromium] › __tests__/e2e/admin/sectionManagement.spec.ts:374:9 › Section Management › Cross-Entity Section Management › should access section editor from all entity types 

    TimeoutError: page.waitForFunction: Timeout 15000ms exceeded.

      35 | async function waitForSectionEditor(page: any, timeout = 15000) {
      36 |   // Step 1: Wait for the form to open (CollapsibleForm expansion)
    > 37 |   await page.waitForFunction(
         |              ^
      38 |     () => {
      39 |       // Check if the collapsible form is open by looking for the form content
      40 |       const formContent = document.querySelector('[data-testid="collapsible-form-content"]');
        at waitForSectionEditor (/Users/jaron/Desktop/wedding-platform-v2/__tests__/e2e/admin/sectionManagement.spec.ts:37:14)
        at /Users/jaron/Desktop/wedding-platform-v2/__tests__/e2e/admin/sectionManagement.spec.ts:411:17

    attachment #1: screenshot (image/png) ──────────────────────────────────────────────────────────
    test-results/admin-sectionManagement-Se-a32b4-ditor-from-all-entity-types-chromium/test-failed-1.png
    ────────────────────────────────────────────────────────────────────────────────────────────────

    attachment #2: video (video/webm) ──────────────────────────────────────────────────────────────
    test-results/admin-sectionManagement-Se-a32b4-ditor-from-all-entity-types-chromium/video.webm
    ────────────────────────────────────────────────────────────────────────────────────────────────

    Error Context: test-results/admin-sectionManagement-Se-a32b4-ditor-from-all-entity-types-chromium/error-context.md

    Retry #1 ───────────────────────────────────────────────────────────────────────────────────────

    TimeoutError: page.waitForFunction: Timeout 15000ms exceeded.

      35 | async function waitForSectionEditor(page: any, timeout = 15000) {
      36 |   // Step 1: Wait for the form to open (CollapsibleForm expansion)
    > 37 |   await page.waitForFunction(
         |              ^
      38 |     () => {
      39 |       // Check if the collapsible form is open by looking for the form content
      40 |       const formContent = document.querySelector('[data-testid="collapsible-form-content"]');
        at waitForSectionEditor (/Users/jaron/Desktop/wedding-platform-v2/__tests__/e2e/admin/sectionManagement.spec.ts:37:14)
        at /Users/jaron/Desktop/wedding-platform-v2/__tests__/e2e/admin/sectionManagement.spec.ts:411:17

    attachment #1: screenshot (image/png) ──────────────────────────────────────────────────────────
    test-results/admin-sectionManagement-Se-a32b4-ditor-from-all-entity-types-chromium-retry1/test-failed-1.png
    ────────────────────────────────────────────────────────────────────────────────────────────────

    attachment #2: video (video/webm) ──────────────────────────────────────────────────────────────
    test-results/admin-sectionManagement-Se-a32b4-ditor-from-all-entity-types-chromium-retry1/video.webm
    ────────────────────────────────────────────────────────────────────────────────────────────────

    Error Context: test-results/admin-sectionManagement-Se-a32b4-ditor-from-all-entity-types-chromium-retry1/error-context.md

    attachment #4: trace (application/zip) ─────────────────────────────────────────────────────────
    test-results/admin-sectionManagement-Se-a32b4-ditor-from-all-entity-types-chromium-retry1/trace.zip
    Usage:

        npx playwright show-trace test-results/admin-sectionManagement-Se-a32b4-ditor-from-all-entity-types-chromium-retry1/trace.zip

    ────────────────────────────────────────────────────────────────────────────────────────────────

  3) [chromium] › __tests__/e2e/admin/sectionManagement.spec.ts:428:9 › Section Management › Cross-Entity Section Management › should maintain consistent UI across entity types 

    Error: [2mexpect([22m[31mlocator[39m[2m).[22mtoBeVisible[2m([22m[2m)[22m failed

    Locator: locator('[data-testid="inline-section-editor"]')
    Expected: visible
    Timeout: 5000ms
    Error: element(s) not found

    Call log:
    [2m  - Expect "toBeVisible" with timeout 5000ms[22m
    [2m  - waiting for locator('[data-testid="inline-section-editor"]')[22m
    [2m    - waiting for" http://localhost:3000/admin/events" navigation to finish...[22m
    [2m    - navigated to "http://localhost:3000/admin/events"[22m


       95 |   // Step 3: Final Playwright visibility check
       96 |   const sectionEditor = page.locator('[data-testid="inline-section-editor"]');
    >  97 |   await expect(sectionEditor).toBeVisible({ timeout: 5000 });
          |                               ^
       98 |   
       99 |   console.log('✅ Section editor wait complete - all checks passed');
      100 | }
        at waitForSectionEditor (/Users/jaron/Desktop/wedding-platform-v2/__tests__/e2e/admin/sectionManagement.spec.ts:97:31)
        at /Users/jaron/Desktop/wedding-platform-v2/__tests__/e2e/admin/sectionManagement.spec.ts:484:9

    attachment #1: screenshot (image/png) ──────────────────────────────────────────────────────────
    test-results/admin-sectionManagement-Se-bc0a8-tent-UI-across-entity-types-chromium/test-failed-1.png
    ────────────────────────────────────────────────────────────────────────────────────────────────

    attachment #2: video (video/webm) ──────────────────────────────────────────────────────────────
    test-results/admin-sectionManagement-Se-bc0a8-tent-UI-across-entity-types-chromium/video.webm
    ────────────────────────────────────────────────────────────────────────────────────────────────

    Error Context: test-results/admin-sectionManagement-Se-bc0a8-tent-UI-across-entity-types-chromium/error-context.md

    Retry #1 ───────────────────────────────────────────────────────────────────────────────────────

    TimeoutError: page.waitForFunction: Timeout 15000ms exceeded.

      65 |   
      66 |   // Step 2: Wait for section editor to render inside the form
    > 67 |   await page.waitForFunction(
         |              ^
      68 |     () => {
      69 |       const editor = document.querySelector('[data-testid="inline-section-editor"]');
      70 |       if (!editor) {
        at waitForSectionEditor (/Users/jaron/Desktop/wedding-platform-v2/__tests__/e2e/admin/sectionManagement.spec.ts:67:14)
        at /Users/jaron/Desktop/wedding-platform-v2/__tests__/e2e/admin/sectionManagement.spec.ts:484:9

    attachment #1: screenshot (image/png) ──────────────────────────────────────────────────────────
    test-results/admin-sectionManagement-Se-bc0a8-tent-UI-across-entity-types-chromium-retry1/test-failed-1.png
    ────────────────────────────────────────────────────────────────────────────────────────────────

    attachment #2: video (video/webm) ──────────────────────────────────────────────────────────────
    test-results/admin-sectionManagement-Se-bc0a8-tent-UI-across-entity-types-chromium-retry1/video.webm
    ────────────────────────────────────────────────────────────────────────────────────────────────

    Error Context: test-results/admin-sectionManagement-Se-bc0a8-tent-UI-across-entity-types-chromium-retry1/error-context.md

    attachment #4: trace (application/zip) ─────────────────────────────────────────────────────────
    test-results/admin-sectionManagement-Se-bc0a8-tent-UI-across-entity-types-chromium-retry1/trace.zip
    Usage:

        npx playwright show-trace test-results/admin-sectionManagement-Se-bc0a8-tent-UI-across-entity-types-chromium-retry1/trace.zip

    ────────────────────────────────────────────────────────────────────────────────────────────────

  3 failed
    [chromium] › __tests__/e2e/admin/sectionManagement.spec.ts:109:9 › Section Management › Section CRUD Operations › should create new section with rich text content 
    [chromium] › __tests__/e2e/admin/sectionManagement.spec.ts:374:9 › Section Management › Cross-Entity Section Management › should access section editor from all entity types 
    [chromium] › __tests__/e2e/admin/sectionManagement.spec.ts:428:9 › Section Management › Cross-Entity Section Management › should maintain consistent UI across entity types 
  9 passed (1.8m)

[36m  Serving HTML report at http://localhost:60344. Press Ctrl+C to quit.[39m
