
> destination-wedding-platform@0.1.0 test:e2e
> playwright test __tests__/e2e/system/uiInfrastructure.spec.ts

[dotenv@17.2.4] injecting env (25) from .env.e2e -- tip: 🔐 encrypt with Dotenvx: https://dotenvx.com
[2m[WebServer] [22m
[2m[WebServer] [22m> destination-wedding-platform@0.1.0 dev
[2m[WebServer] [22m> next dev --webpack
[2m[WebServer] [22m
[2m[WebServer] [22m[1m[38;2;173;127;168m▲ Next.js 16.1.1[39m[22m (webpack)
[2m[WebServer] [22m- Local:         http://localhost:3000
[2m[WebServer] [22m- Network:       http://192.168.7.238:3000
[2m[WebServer] [22m- Environments: .env.test
[2m[WebServer] [22m
[2m[WebServer] [22m[32m[1m✓[22m[39m Starting...
[2m[WebServer] [22m[33m[1m⚠[22m[39m The "middleware" file convention is deprecated. Please use "proxy" instead. Learn more: https://nextjs.org/docs/messages/middleware-to-proxy
[2m[WebServer] [22m🚀 Initializing application services...
[2m[WebServer] [22m✅ B2 client initialized successfully {
[2m[WebServer] [22m  endpoint: [32m'https://s3.us-west-004.backblazeb2.com'[39m,
[2m[WebServer] [22m  region: [32m'us-west-004'[39m,
[2m[WebServer] [22m  bucket: [32m'test-bucket'[39m,
[2m[WebServer] [22m  cdnDomain: [32m'https://test-cdn.example.com'[39m
[2m[WebServer] [22m}
[2m[WebServer] [22m✅ Application services initialized successfully
[2m[WebServer] [22m[32m[1m✓[22m[39m Ready in 2.3s

🚀 E2E Global Setup Starting...

📊 Verifying test database connection...
[2m[WebServer] [22m GET / [32m200[39m in 2.3s[2m (compile: 1955ms, proxy.ts: 163ms, render: 174ms)[22m
✅ Test database connected

🧹 Cleaning up test data...
🧹 Running comprehensive test cleanup...
✅ Comprehensive cleanup complete
✅ Test data cleaned

🌐 Verifying Next.js server...
✅ Next.js server is running

🔐 Setting up admin authentication...
[2m[WebServer] [22m GET / [32m200[39m in 50ms[2m (compile: 4ms, proxy.ts: 21ms, render: 26ms)[22m
   Warning: Could not ensure admin user exists: Failed to create auth user: A user with this email address has already been registered
   Continuing with setup - login may fail if user does not exist
[2m[WebServer] [22m GET /auth/login [32m200[39m in 879ms[2m (compile: 777ms, proxy.ts: 6ms, render: 96ms)[22m
   Navigated to login page
   Filled login form
   Submitted login form, waiting for navigation...
[2m[WebServer] [22m[Middleware] User authenticated: e7f5ae65-376e-4d05-a18c-10a91295727a
[2m[WebServer] [22m[Middleware] Admin user data query result: { userData: { role: 'owner', status: 'active' }, userError: null }
[2m[WebServer] [22m[Middleware] Access granted for admin role: owner
   Current URL after login: http://localhost:3000/auth/login
[2m[WebServer] [22m[33m[1m⚠[22m[39m Fast Refresh had to perform a full reload. Read more: https://nextjs.org/docs/messages/fast-refresh-reload
[2m[WebServer] [22m GET /admin [32m200[39m in 1469ms[2m (compile: 574ms, proxy.ts: 758ms, render: 137ms)[22m
   Logged in as: admin@example.com
✅ Admin authentication saved

✨ E2E Global Setup Complete!

[2m[WebServer] [22m[Middleware] User authenticated: e7f5ae65-376e-4d05-a18c-10a91295727a

Running 25 tests using 4 workers

[2m[WebServer] [22m[Middleware] User authenticated: e7f5ae65-376e-4d05-a18c-10a91295727a
[2m[WebServer] [22m[Middleware] Admin user data query result: { userData: { role: 'owner', status: 'active' }, userError: null }
[2m[WebServer] [22m[Middleware] Access granted for admin role: owner
[2m[WebServer] [22m[Middleware] Admin user data query result: { userData: { role: 'owner', status: 'active' }, userError: null }
[2m[WebServer] [22m[Middleware] Access granted for admin role: owner
[dotenv@17.2.4] injecting env (0) from .env.e2e -- tip: ⚙️  override existing env vars with { override: true }
[dotenv@17.2.4] injecting env (0) from .env.e2e -- tip: ⚙️  specify custom .env file path with { path: '/custom/path/.env' }
[dotenv@17.2.4] injecting env (0) from .env.e2e -- tip: 🗂️ backup and recover secrets: https://dotenvx.com/ops
[dotenv@17.2.4] injecting env (0) from .env.e2e -- tip: 🔐 prevent committing .env to code: https://dotenvx.com/precommit
[2m[WebServer] [22m[Middleware] User authenticated: e7f5ae65-376e-4d05-a18c-10a91295727a
[2m[WebServer] [22m[Middleware] User authenticated: e7f5ae65-376e-4d05-a18c-10a91295727a
[2m[WebServer] [22m[Middleware] User authenticated: e7f5ae65-376e-4d05-a18c-10a91295727a
[2m[WebServer] [22m[Middleware] User authenticated: e7f5ae65-376e-4d05-a18c-10a91295727a
[2m[WebServer] [22m[Middleware] Admin user data query result: { userData: { role: 'owner', status: 'active' }, userError: null }
[2m[WebServer] [22m[Middleware] Access granted for admin role: owner
[2m[WebServer] [22m GET /admin [32m200[39m in 393ms[2m (compile: 5ms, proxy.ts: 355ms, render: 33ms)[22m
[2m[WebServer] [22m[Middleware] Admin user data query result: { userData: { role: 'owner', status: 'active' }, userError: null }
[2m[WebServer] [22m[Middleware] Access granted for admin role: owner
[2m[WebServer] [22m GET /admin [32m200[39m in 463ms[2m (compile: 7ms, proxy.ts: 407ms, render: 49ms)[22m
[2m[WebServer] [22m[Middleware] Admin user data query result: { userData: { role: 'owner', status: 'active' }, userError: null }
[2m[WebServer] [22m[Middleware] Access granted for admin role: owner
[2m[WebServer] [22m[Middleware] Admin user data query result: { userData: { role: 'owner', status: 'active' }, userError: null }
[2m[WebServer] [22m[Middleware] Access granted for admin role: owner
[2m[WebServer] [22m GET /admin [32m200[39m in 548ms[2m (compile: 9ms, proxy.ts: 466ms, render: 73ms)[22m
[2m[WebServer] [22m GET /admin [32m200[39m in 554ms[2m (compile: 8ms, proxy.ts: 467ms, render: 78ms)[22m
[2m[WebServer] [22m[Middleware] User authenticated: e7f5ae65-376e-4d05-a18c-10a91295727a
[2m[WebServer] [22m[Middleware] User authenticated: e7f5ae65-376e-4d05-a18c-10a91295727a
[2m[WebServer] [22m[Middleware] User authenticated: e7f5ae65-376e-4d05-a18c-10a91295727a
[2m[WebServer] [22m[Middleware] User authenticated: e7f5ae65-376e-4d05-a18c-10a91295727a
[2m[WebServer] [22m[Middleware] User authenticated: e7f5ae65-376e-4d05-a18c-10a91295727a
[2m[WebServer] [22m[Middleware] User authenticated: e7f5ae65-376e-4d05-a18c-10a91295727a
[2m[WebServer] [22m[Middleware] User authenticated: e7f5ae65-376e-4d05-a18c-10a91295727a
[2m[WebServer] [22m[Middleware] User authenticated: e7f5ae65-376e-4d05-a18c-10a91295727a
[2m[WebServer] [22m[Middleware] User authenticated: e7f5ae65-376e-4d05-a18c-10a91295727a
[2m[WebServer] [22m[Middleware] Admin user data query result: { userData: { role: 'owner', status: 'active' }, userError: null }
[2m[WebServer] [22m[Middleware] Access granted for admin role: owner
[2m[WebServer] [22m[Middleware] Admin user data query result: { userData: { role: 'owner', status: 'active' }, userError: null }
[2m[WebServer] [22m[Middleware] Access granted for admin role: owner
[2m[WebServer] [22m[Middleware] Admin user data query result: { userData: { role: 'owner', status: 'active' }, userError: null }
[2m[WebServer] [22m[Middleware] Access granted for admin role: owner
[2m[WebServer] [22m[Middleware] Admin user data query result: { userData: { role: 'owner', status: 'active' }, userError: null }
[2m[WebServer] [22m[Middleware] Access granted for admin role: owner
[2m[WebServer] [22m[Middleware] Admin user data query result: { userData: { role: 'owner', status: 'active' }, userError: null }
[2m[WebServer] [22m[Middleware] Access granted for admin role: owner
[2m[WebServer] [22m[Middleware] Admin user data query result: { userData: { role: 'owner', status: 'active' }, userError: null }
[2m[WebServer] [22m[Middleware] Access granted for admin role: owner
[2m[WebServer] [22m[Middleware] Admin user data query result: { userData: { role: 'owner', status: 'active' }, userError: null }
[2m[WebServer] [22m[Middleware] Access granted for admin role: owner
[2m[WebServer] [22m[Middleware] Admin user data query result: { userData: { role: 'owner', status: 'active' }, userError: null }
[2m[WebServer] [22m[Middleware] Access granted for admin role: owner
[2m[WebServer] [22m[Middleware] Admin user data query result: { userData: { role: 'owner', status: 'active' }, userError: null }
[2m[WebServer] [22m[Middleware] Access granted for admin role: owner
[2m[WebServer] [22m[37m[1m○[22m[39m Compiling /api/admin/metrics ...
[2m[WebServer] [22m[33m[1m⚠[22m[39m Fast Refresh had to perform a full reload. Read more: https://nextjs.org/docs/messages/fast-refresh-reload
[2m[WebServer] [22m GET /api/admin/alerts [32m200[39m in 7.4s[2m (compile: 6.7s, proxy.ts: 493ms, render: 156ms)[22m
[2m[WebServer] [22m GET /api/admin/metrics [32m200[39m in 7.4s[2m (compile: 6.7s, proxy.ts: 543ms, render: 157ms)[22m
[2m[WebServer] [22m GET /admin [32m200[39m in 7.4s[2m (compile: 6.8s, proxy.ts: 393ms, render: 187ms)[22m
[2m[WebServer] [22m[Middleware] User authenticated: e7f5ae65-376e-4d05-a18c-10a91295727a
[2m[WebServer] [22m[Middleware] User authenticated: e7f5ae65-376e-4d05-a18c-10a91295727a
[2m[WebServer] [22m[Middleware] User authenticated: e7f5ae65-376e-4d05-a18c-10a91295727a
[2m[WebServer] [22m[Middleware] Admin user data query result: { userData: { role: 'owner', status: 'active' }, userError: null }
[2m[WebServer] [22m[Middleware] Access granted for admin role: owner
[2m[WebServer] [22m GET /api/admin/metrics [32m200[39m in 8.2s[2m (compile: 6.8s, proxy.ts: 402ms, render: 1020ms)[22m
[2m[WebServer] [22m GET /api/admin/alerts [32m200[39m in 8.2s[2m (compile: 6.8s, proxy.ts: 384ms, render: 1020ms)[22m
[2m[WebServer] [22m GET /admin [32m200[39m in 375ms[2m (compile: 2ms, proxy.ts: 334ms, render: 40ms)[22m
[2m[WebServer] [22m[Middleware] Admin user data query result: { userData: { role: 'owner', status: 'active' }, userError: null }
[2m[WebServer] [22m[Middleware] Access granted for admin role: owner
[2m[WebServer] [22m[Middleware] User authenticated: e7f5ae65-376e-4d05-a18c-10a91295727a
[2m[WebServer] [22m[Middleware] User authenticated: e7f5ae65-376e-4d05-a18c-10a91295727a
[2m[WebServer] [22m GET /api/admin/metrics [32m200[39m in 8.3s[2m (compile: 6.8s, proxy.ts: 401ms, render: 1086ms)[22m
[2m[WebServer] [22m GET /api/admin/alerts [32m200[39m in 8.3s[2m (compile: 6.8s, proxy.ts: 472ms, render: 1087ms)[22m
[2m[WebServer] [22m GET /admin [32m200[39m in 447ms[2m (compile: 15ms, proxy.ts: 384ms, render: 47ms)[22m
[2m[WebServer] [22m[Middleware] Admin user data query result: { userData: { role: 'owner', status: 'active' }, userError: null }
[2m[WebServer] [22m[Middleware] Access granted for admin role: owner
[2m[WebServer] [22m GET /api/admin/alerts [32m200[39m in 8.4s[2m (compile: 6.8s, proxy.ts: 473ms, render: 1194ms)[22m
[2m[WebServer] [22m GET /api/admin/metrics [32m200[39m in 8.4s[2m (compile: 6.7s, proxy.ts: 499ms, render: 1194ms)[22m
[2m[WebServer] [22m GET /admin [32m200[39m in 557ms[2m (compile: 13ms, proxy.ts: 491ms, render: 53ms)[22m
[2m[WebServer] [22m[Middleware] Admin user data query result: { userData: { role: 'owner', status: 'active' }, userError: null }
[2m[WebServer] [22m[Middleware] Access granted for admin role: owner
[2m[WebServer] [22m[Middleware] Admin user data query result: { userData: { role: 'owner', status: 'active' }, userError: null }
[2m[WebServer] [22m[Middleware] Access granted for admin role: owner
[2m[WebServer] [22m[Middleware] User authenticated: e7f5ae65-376e-4d05-a18c-10a91295727a
[2m[WebServer] [22m[Middleware] User authenticated: e7f5ae65-376e-4d05-a18c-10a91295727a
[2m[WebServer] [22m[Middleware] User authenticated: e7f5ae65-376e-4d05-a18c-10a91295727a
[2m[WebServer] [22m[Middleware] User authenticated: e7f5ae65-376e-4d05-a18c-10a91295727a
[2m[WebServer] [22m[Middleware] User authenticated: e7f5ae65-376e-4d05-a18c-10a91295727a
[2m[WebServer] [22m[Middleware] User authenticated: e7f5ae65-376e-4d05-a18c-10a91295727a
[2m[WebServer] [22m[Middleware] Admin user data query result: { userData: { role: 'owner', status: 'active' }, userError: null }
[2m[WebServer] [22m[Middleware] Access granted for admin role: owner
[2m[WebServer] [22m[Middleware] Admin user data query result: { userData: { role: 'owner', status: 'active' }, userError: null }
[2m[WebServer] [22m[Middleware] Access granted for admin role: owner
[2m[WebServer] [22m[Middleware] Admin user data query result: { userData: { role: 'owner', status: 'active' }, userError: null }
[2m[WebServer] [22m[Middleware] Access granted for admin role: owner
[2m[WebServer] [22m[Middleware] Admin user data query result: { userData: { role: 'owner', status: 'active' }, userError: null }
[2m[WebServer] [22m[Middleware] Access granted for admin role: owner
[2m[WebServer] [22m[Middleware] Admin user data query result: { userData: { role: 'owner', status: 'active' }, userError: null }
[2m[WebServer] [22m[Middleware] Access granted for admin role: owner
[2m[WebServer] [22m[Middleware] Admin user data query result: { userData: { role: 'owner', status: 'active' }, userError: null }
[2m[WebServer] [22m[Middleware] Access granted for admin role: owner
[2m[WebServer] [22m GET /api/admin/alerts [32m200[39m in 1791ms[2m (compile: 7ms, proxy.ts: 531ms, render: 1253ms)[22m
[2m[WebServer] [22m GET /api/admin/metrics [32m200[39m in 2.6s[2m (compile: 5ms, proxy.ts: 674ms, render: 1888ms)[22m
[2m[WebServer] [22m GET /api/admin/alerts [32m200[39m in 1486ms[2m (compile: 1582µs, proxy.ts: 431ms, render: 1054ms)[22m
[2m[WebServer] [22m GET /api/admin/alerts [32m200[39m in 1520ms[2m (compile: 1943µs, proxy.ts: 346ms, render: 1172ms)[22m
[2m[WebServer] [22m GET /api/admin/metrics [32m200[39m in 1965ms[2m (compile: 2ms, proxy.ts: 326ms, render: 1636ms)[22m
  ✓   4 [chromium] › __tests__/e2e/system/uiInfrastructure.spec.ts:113:7 › CSS Delivery & Loading › should have no CSS-related console errors (12.5s)
  -   5 [chromium] › __tests__/e2e/system/uiInfrastructure.spec.ts:131:8 › CSS Delivery & Loading › should have proper typography and hover states
[2m[WebServer] [22m GET /api/admin/alerts [32m200[39m in 2.2s[2m (compile: 2ms, proxy.ts: 581ms, render: 1602ms)[22m
[2m[WebServer] [22m GET /api/admin/metrics [32m200[39m in 2.3s[2m (compile: 3ms, proxy.ts: 538ms, render: 1725ms)[22m
[2m[WebServer] [22m[Middleware] User authenticated: e7f5ae65-376e-4d05-a18c-10a91295727a
[2m[WebServer] [22m GET /api/admin/metrics [32m200[39m in 2.5s[2m (compile: 2ms, proxy.ts: 321ms, render: 2.1s)[22m
  ✓   1 [chromium] › __tests__/e2e/system/uiInfrastructure.spec.ts:63:7 › CSS Delivery & Loading › should apply Tailwind utility classes correctly (13.0s)
  ✘   7 [chromium] › __tests__/e2e/system/uiInfrastructure.spec.ts:303:7 › Form Submissions & Validation › should submit valid guest form successfully (124ms)
[2m[WebServer] [22m[Middleware] Admin user data query result: { userData: { role: 'owner', status: 'active' }, userError: null }
[2m[WebServer] [22m[Middleware] Access granted for admin role: owner
[2m[WebServer] [22m GET /admin [32m200[39m in 705ms[2m (compile: 5ms, proxy.ts: 665ms, render: 35ms)[22m
  ✓   2 [chromium] › __tests__/e2e/system/uiInfrastructure.spec.ts:37:7 › CSS Delivery & Loading › should load CSS file successfully with proper transfer size (13.2s)
  ✓   3 [chromium] › __tests__/e2e/system/uiInfrastructure.spec.ts:88:7 › CSS Delivery & Loading › should apply borders, shadows, and responsive classes (13.5s)
  ✘   8 [chromium] › __tests__/e2e/system/uiInfrastructure.spec.ts:374:7 › Form Submissions & Validation › should validate email format (207ms)
  ✘   9 [chromium] › __tests__/e2e/system/uiInfrastructure.spec.ts:413:7 › Form Submissions & Validation › should show loading state during submission (230ms)
[2m[WebServer] [22m[Middleware] User authenticated: e7f5ae65-376e-4d05-a18c-10a91295727a
[2m[WebServer] [22m[Middleware] User authenticated: e7f5ae65-376e-4d05-a18c-10a91295727a
[dotenv@17.2.4] injecting env (0) from .env.e2e -- tip: 🔐 prevent committing .env to code: https://dotenvx.com/precommit
[2m[WebServer] [22m[Middleware] User authenticated: e7f5ae65-376e-4d05-a18c-10a91295727a
[2m[WebServer] [22m[Middleware] Admin user data query result: { userData: { role: 'owner', status: 'active' }, userError: null }
[2m[WebServer] [22m[Middleware] Access granted for admin role: owner
[2m[WebServer] [22m[Middleware] Admin user data query result: { userData: { role: 'owner', status: 'active' }, userError: null }
[2m[WebServer] [22m[Middleware] Access granted for admin role: owner
[2m[WebServer] [22m[Middleware] Admin user data query result: { userData: { role: 'owner', status: 'active' }, userError: null }
[2m[WebServer] [22m[Middleware] Access granted for admin role: owner
[dotenv@17.2.4] injecting env (0) from .env.e2e -- tip: 📡 add observability to secrets: https://dotenvx.com/ops
[2m[WebServer] [22m GET /api/admin/metrics [32m200[39m in 508ms[2m (compile: 1611µs, proxy.ts: 317ms, render: 190ms)[22m
[2m[WebServer] [22m GET /api/admin/alerts [32m200[39m in 510ms[2m (compile: 1632µs, proxy.ts: 328ms, render: 181ms)[22m
[2m[WebServer] [22m GET /admin [32m200[39m in 568ms[2m (compile: 7ms, proxy.ts: 476ms, render: 85ms)[22m
  ✘  10 [chromium] › __tests__/e2e/system/uiInfrastructure.spec.ts:350:7 › Form Submissions & Validation › should show validation errors for missing required fields (233ms)
[dotenv@17.2.4] injecting env (0) from .env.e2e -- tip: 🛠️  run anywhere with `dotenvx run -- yourcommand`
  ✘  11 [chromium] › __tests__/e2e/system/uiInfrastructure.spec.ts:450:7 › Form Submissions & Validation › should submit valid event form successfully (310ms)
  ✘  12 [chromium] › __tests__/e2e/system/uiInfrastructure.spec.ts:488:7 › Form Submissions & Validation › should submit valid activity form successfully (267ms)
[2m[WebServer] [22m[Middleware] User authenticated: e7f5ae65-376e-4d05-a18c-10a91295727a
[2m[WebServer] [22m[Middleware] User authenticated: e7f5ae65-376e-4d05-a18c-10a91295727a
[dotenv@17.2.4] injecting env (0) from .env.e2e -- tip: ⚙️  write to custom object with { processEnv: myObject }
[2m[WebServer] [22m[Middleware] Admin user data query result: { userData: { role: 'owner', status: 'active' }, userError: null }
[2m[WebServer] [22m[Middleware] Access granted for admin role: owner
[2m[WebServer] [22m[Middleware] Admin user data query result: { userData: { role: 'owner', status: 'active' }, userError: null }
[2m[WebServer] [22m[Middleware] Access granted for admin role: owner
[dotenv@17.2.4] injecting env (0) from .env.e2e -- tip: ⚙️  specify custom .env file path with { path: '/custom/path/.env' }
[dotenv@17.2.4] injecting env (0) from .env.e2e -- tip: ⚙️  specify custom .env file path with { path: '/custom/path/.env' }
  ✘  13 [chromium] › __tests__/e2e/system/uiInfrastructure.spec.ts:532:7 › Form Submissions & Validation › should handle network errors gracefully (207ms)
  ✘  14 [chromium] › __tests__/e2e/system/uiInfrastructure.spec.ts:580:7 › Form Submissions & Validation › should handle validation errors from server (221ms)
  ✘  15 [chromium] › __tests__/e2e/system/uiInfrastructure.spec.ts:622:7 › Form Submissions & Validation › should clear form after successful submission (214ms)
[2m[WebServer] [22m GET /api/admin/alerts [32m200[39m in 1481ms[2m (compile: 7ms, proxy.ts: 440ms, render: 1034ms)[22m
[dotenv@17.2.4] injecting env (0) from .env.e2e -- tip: ⚙️  enable debug logging with { debug: true }
[dotenv@17.2.4] injecting env (0) from .env.e2e -- tip: ⚙️  suppress all logs with { quiet: true }
[dotenv@17.2.4] injecting env (0) from .env.e2e -- tip: 🔑 add access controls to secrets: https://dotenvx.com/ops
  ✘  16 [chromium] › __tests__/e2e/system/uiInfrastructure.spec.ts:665:7 › Form Submissions & Validation › should preserve form data on validation error (203ms)
[2m[WebServer] [22m GET /api/admin/metrics [32m200[39m in 2.2s[2m (compile: 4ms, proxy.ts: 439ms, render: 1724ms)[22m
[2m[WebServer] [22m[Middleware] User authenticated: e7f5ae65-376e-4d05-a18c-10a91295727a
[2m[WebServer] [22m[Middleware] User authenticated: e7f5ae65-376e-4d05-a18c-10a91295727a
[2m[WebServer] [22m[Middleware] Admin user data query result: { userData: { role: 'owner', status: 'active' }, userError: null }
[2m[WebServer] [22m[Middleware] Access granted for admin role: owner
[2m[WebServer] [22m GET /admin [32m200[39m in 458ms[2m (compile: 1885µs, proxy.ts: 425ms, render: 31ms)[22m
[2m[WebServer] [22m[Middleware] Admin user data query result: { userData: { role: 'owner', status: 'active' }, userError: null }
[2m[WebServer] [22m[Middleware] Access granted for admin role: owner
[2m[WebServer] [22m GET /admin [32m200[39m in 400ms[2m (compile: 5ms, proxy.ts: 364ms, render: 32ms)[22m
[dotenv@17.2.4] injecting env (0) from .env.e2e -- tip: 🔄 add secrets lifecycle management: https://dotenvx.com/ops
[2m[WebServer] [22m[Middleware] User authenticated: e7f5ae65-376e-4d05-a18c-10a91295727a
[2m[WebServer] [22m[Middleware] Admin user data query result: { userData: { role: 'owner', status: 'active' }, userError: null }
[2m[WebServer] [22m[Middleware] Access granted for admin role: owner
[2m[WebServer] [22m[Middleware] User authenticated: e7f5ae65-376e-4d05-a18c-10a91295727a
[2m[WebServer] [22m GET /admin [32m200[39m in 357ms[2m (compile: 2ms, proxy.ts: 323ms, render: 33ms)[22m
[2m[WebServer] [22m[Middleware] User authenticated: e7f5ae65-376e-4d05-a18c-10a91295727a
[2m[WebServer] [22m[Middleware] Admin user data query result: { userData: { role: 'owner', status: 'active' }, userError: null }
[2m[WebServer] [22m[Middleware] Access granted for admin role: owner
[2m[WebServer] [22m[Middleware] User authenticated: e7f5ae65-376e-4d05-a18c-10a91295727a
[2m[WebServer] [22m[Middleware] User authenticated: e7f5ae65-376e-4d05-a18c-10a91295727a
[2m[WebServer] [22m[Middleware] Admin user data query result: { userData: { role: 'owner', status: 'active' }, userError: null }
[2m[WebServer] [22m[Middleware] Access granted for admin role: owner
[2m[WebServer] [22m[Middleware] Admin user data query result: { userData: { role: 'owner', status: 'active' }, userError: null }
[2m[WebServer] [22m[Middleware] Access granted for admin role: owner
[2m[WebServer] [22m[Middleware] Admin user data query result: { userData: { role: 'owner', status: 'active' }, userError: null }
[2m[WebServer] [22m[Middleware] Access granted for admin role: owner
  ✓   6 [chromium] › __tests__/e2e/system/uiInfrastructure.spec.ts:171:7 › CSS Delivery & Loading › should render consistently across viewport sizes (6.3s)
[2m[WebServer] [22m[Middleware] User authenticated: e7f5ae65-376e-4d05-a18c-10a91295727a
[2m[WebServer] [22m[Middleware] User authenticated: e7f5ae65-376e-4d05-a18c-10a91295727a
[2m[WebServer] [22m[Middleware] User authenticated: e7f5ae65-376e-4d05-a18c-10a91295727a
[2m[WebServer] [22m[Middleware] Admin user data query result: { userData: { role: 'owner', status: 'active' }, userError: null }
[2m[WebServer] [22m[Middleware] Access granted for admin role: owner
[2m[WebServer] [22m GET /admin [32m200[39m in 388ms[2m (compile: 3ms, proxy.ts: 349ms, render: 36ms)[22m
[2m[WebServer] [22m[Middleware] Admin user data query result: { userData: { role: 'owner', status: 'active' }, userError: null }
[2m[WebServer] [22m[Middleware] Access granted for admin role: owner
[2m[WebServer] [22m GET /api/admin/alerts [32m200[39m in 1297ms[2m (compile: 4ms, proxy.ts: 350ms, render: 943ms)[22m
[2m[WebServer] [22m[Middleware] Admin user data query result: { userData: { role: 'owner', status: 'active' }, userError: null }
[2m[WebServer] [22m[Middleware] Access granted for admin role: owner
[2m[WebServer] [22m GET /api/admin/alerts [32m200[39m in 1376ms[2m (compile: 4ms, proxy.ts: 442ms, render: 930ms)[22m
[2m[WebServer] [22m[Middleware] User authenticated: e7f5ae65-376e-4d05-a18c-10a91295727a
[2m[WebServer] [22m[Middleware] User authenticated: e7f5ae65-376e-4d05-a18c-10a91295727a
[2m[WebServer] [22m[Middleware] Admin user data query result: { userData: { role: 'owner', status: 'active' }, userError: null }
[2m[WebServer] [22m[Middleware] Access granted for admin role: owner
[2m[WebServer] [22m[Middleware] Admin user data query result: { userData: { role: 'owner', status: 'active' }, userError: null }
[2m[WebServer] [22m[Middleware] Access granted for admin role: owner
[2m[WebServer] [22m GET /api/admin/metrics [32m200[39m in 2.1s[2m (compile: 3ms, proxy.ts: 441ms, render: 1696ms)[22m
[2m[WebServer] [22m GET /api/admin/metrics [32m200[39m in 2.4s[2m (compile: 3ms, proxy.ts: 426ms, render: 1927ms)[22m
[2m[WebServer] [22m GET /api/admin/alerts [32m200[39m in 1822ms[2m (compile: 1667µs, proxy.ts: 577ms, render: 1244ms)[22m
[2m[WebServer] [22m GET /api/admin/metrics [32m200[39m in 2.0s[2m (compile: 1591µs, proxy.ts: 414ms, render: 1619ms)[22m
[2m[WebServer] [22m[Middleware] User authenticated: e7f5ae65-376e-4d05-a18c-10a91295727a
[2m[WebServer] [22m[Middleware] User authenticated: e7f5ae65-376e-4d05-a18c-10a91295727a
[2m[WebServer] [22m[Middleware] Admin user data query result: { userData: { role: 'owner', status: 'active' }, userError: null }
[2m[WebServer] [22m[Middleware] Access granted for admin role: owner
[2m[WebServer] [22m GET /admin [32m200[39m in 321ms[2m (compile: 3ms, proxy.ts: 281ms, render: 37ms)[22m
[2m[WebServer] [22m[Middleware] Admin user data query result: { userData: { role: 'owner', status: 'active' }, userError: null }
[2m[WebServer] [22m[Middleware] Access granted for admin role: owner
[2m[WebServer] [22m GET /api/admin/alerts [32m200[39m in 1694ms[2m (compile: 4ms, proxy.ts: 569ms, render: 1121ms)[22m
[2m[WebServer] [22m[Middleware] User authenticated: e7f5ae65-376e-4d05-a18c-10a91295727a
[2m[WebServer] [22m GET /api/admin/metrics [32m200[39m in 2.3s[2m (compile: 5ms, proxy.ts: 321ms, render: 1950ms)[22m
[2m[WebServer] [22m[Middleware] Admin user data query result: { userData: { role: 'owner', status: 'active' }, userError: null }
[2m[WebServer] [22m[Middleware] Access granted for admin role: owner
[2m[WebServer] [22m[33m[1m⚠[22m[39m Fast Refresh had to perform a full reload. Read more: https://nextjs.org/docs/messages/fast-refresh-reload
[2m[WebServer] [22m[33m[1m⚠[22m[39m Fast Refresh had to perform a full reload. Read more: https://nextjs.org/docs/messages/fast-refresh-reload
[2m[WebServer] [22m GET /admin/emails [32m200[39m in 1791ms[2m (compile: 804ms, proxy.ts: 787ms, render: 200ms)[22m
[2m[WebServer] [22m GET /admin/activities [32m200[39m in 2.3s[2m (compile: 1637ms, proxy.ts: 509ms, render: 203ms)[22m
[2m[WebServer] [22m[Middleware] User authenticated: e7f5ae65-376e-4d05-a18c-10a91295727a
[2m[WebServer] [22m[Middleware] Admin user data query result: { userData: { role: 'owner', status: 'active' }, userError: null }
[2m[WebServer] [22m[Middleware] Access granted for admin role: owner
[2m[WebServer] [22m[Middleware] User authenticated: e7f5ae65-376e-4d05-a18c-10a91295727a
[2m[WebServer] [22m[Middleware] Admin user data query result: { userData: { role: 'owner', status: 'active' }, userError: null }
[2m[WebServer] [22m[Middleware] Access granted for admin role: owner
[2m[WebServer] [22m[Middleware] User authenticated: e7f5ae65-376e-4d05-a18c-10a91295727a
[2m[WebServer] [22m[Middleware] Admin user data query result: { userData: { role: 'owner', status: 'active' }, userError: null }
[2m[WebServer] [22m[Middleware] Access granted for admin role: owner
[2m[WebServer] [22m[Middleware] User authenticated: e7f5ae65-376e-4d05-a18c-10a91295727a
[2m[WebServer] [22m[Middleware] User authenticated: e7f5ae65-376e-4d05-a18c-10a91295727a
[2m[WebServer] [22m[Middleware] User authenticated: e7f5ae65-376e-4d05-a18c-10a91295727a
[2m[WebServer] [22m[Middleware] User authenticated: e7f5ae65-376e-4d05-a18c-10a91295727a
[2m[WebServer] [22m[Middleware] Admin user data query result: { userData: { role: 'owner', status: 'active' }, userError: null }
[2m[WebServer] [22m[Middleware] Access granted for admin role: owner
[2m[WebServer] [22m[Middleware] Admin user data query result: { userData: { role: 'owner', status: 'active' }, userError: null }
[2m[WebServer] [22m[Middleware] Access granted for admin role: owner
[2m[WebServer] [22m[Middleware] Admin user data query result: { userData: { role: 'owner', status: 'active' }, userError: null }
[2m[WebServer] [22m[Middleware] Access granted for admin role: owner
[2m[WebServer] [22m[Middleware] Admin user data query result: { userData: { role: 'owner', status: 'active' }, userError: null }
[2m[WebServer] [22m[Middleware] Access granted for admin role: owner
[2m[WebServer] [22m GET /admin/guests [32m200[39m in 3.9s[2m (compile: 3.1s, proxy.ts: 603ms, render: 177ms)[22m
[2m[WebServer] [22m GET /api/admin/emails [32m200[39m in 2.9s[2m (compile: 1883ms, proxy.ts: 642ms, render: 338ms)[22m
[2m[WebServer] [22m GET /api/admin/activities [32m200[39m in 2.9s[2m (compile: 1882ms, proxy.ts: 643ms, render: 341ms)[22m
[2m[WebServer] [22m GET /api/admin/locations [32m200[39m in 2.9s[2m (compile: 1879ms, proxy.ts: 646ms, render: 343ms)[22m
[2m[WebServer] [22m GET /api/admin/events [32m200[39m in 2.9s[2m (compile: 1881ms, proxy.ts: 644ms, render: 347ms)[22m
[2m[WebServer] [22m[Middleware] User authenticated: e7f5ae65-376e-4d05-a18c-10a91295727a
[2m[WebServer] [22m[Middleware] Admin user data query result: { userData: { role: 'owner', status: 'active' }, userError: null }
[2m[WebServer] [22m[Middleware] Access granted for admin role: owner
[2m[WebServer] [22m[Middleware] User authenticated: e7f5ae65-376e-4d05-a18c-10a91295727a
[2m[WebServer] [22m[Middleware] User authenticated: e7f5ae65-376e-4d05-a18c-10a91295727a
[2m[WebServer] [22m[Middleware] User authenticated: e7f5ae65-376e-4d05-a18c-10a91295727a
[2m[WebServer] [22m[Middleware] User authenticated: e7f5ae65-376e-4d05-a18c-10a91295727a
[2m[WebServer] [22m[Middleware] User authenticated: e7f5ae65-376e-4d05-a18c-10a91295727a
[2m[WebServer] [22m[Middleware] User authenticated: e7f5ae65-376e-4d05-a18c-10a91295727a
[2m[WebServer] [22m[Middleware] User authenticated: e7f5ae65-376e-4d05-a18c-10a91295727a
[2m[WebServer] [22m[Middleware] Admin user data query result: { userData: { role: 'owner', status: 'active' }, userError: null }
[2m[WebServer] [22m[Middleware] Access granted for admin role: owner
[2m[WebServer] [22m GET /api/admin/alerts [32m200[39m in 4.6s[2m (compile: 2.6s, proxy.ts: 480ms, render: 1519ms)[22m
[2m[WebServer] [22m[Middleware] Admin user data query result: { userData: { role: 'owner', status: 'active' }, userError: null }
[2m[WebServer] [22m[Middleware] Access granted for admin role: owner
[2m[WebServer] [22m[Middleware] Admin user data query result: { userData: { role: 'owner', status: 'active' }, userError: null }
[2m[WebServer] [22m[Middleware] Access granted for admin role: owner
[2m[WebServer] [22m[Middleware] Admin user data query result: { userData: { role: 'owner', status: 'active' }, userError: null }
[2m[WebServer] [22m[Middleware] Access granted for admin role: owner
[2m[WebServer] [22m[Middleware] Admin user data query result: { userData: { role: 'owner', status: 'active' }, userError: null }
[2m[WebServer] [22m[Middleware] Access granted for admin role: owner
[2m[WebServer] [22m[Middleware] Admin user data query result: { userData: { role: 'owner', status: 'active' }, userError: null }
[2m[WebServer] [22m[Middleware] Access granted for admin role: owner
[2m[WebServer] [22m[Middleware] Admin user data query result: { userData: { role: 'owner', status: 'active' }, userError: null }
[2m[WebServer] [22m[Middleware] Access granted for admin role: owner
[2m[WebServer] [22m GET /api/admin/metrics [32m200[39m in 5.2s[2m (compile: 2.1s, proxy.ts: 1016ms, render: 2.1s)[22m
[2m[WebServer] [22m GET /api/admin/activities/96420c4b-cdfe-47b9-b813-fae9dd50a1c3/capacity [32m200[39m in 3.0s[2m (proxy.ts: 633ms)[22m
[2m[WebServer] [22m GET /admin [32m200[39m in 2.4s[2m (compile: 1415ms, proxy.ts: 649ms, render: 300ms)[22m
[2m[WebServer] [22m GET /admin/emails [32m200[39m in 2.4s[2m (compile: 1408ms, proxy.ts: 657ms, render: 321ms)[22m
[2m[WebServer] [22m GET /admin/activities [32m200[39m in 2.4s[2m (compile: 1418ms, proxy.ts: 648ms, render: 322ms)[22m
[2m[WebServer] [22m GET /api/admin/activities [32m200[39m in 2.4s[2m (compile: 1414ms, proxy.ts: 651ms, render: 367ms)[22m
[2m[WebServer] [22m GET /api/admin/guests [32m200[39m in 2.4s[2m (compile: 1692ms, proxy.ts: 372ms, render: 381ms)[22m
[2m[WebServer] [22m GET /api/admin/guest-groups [32m200[39m in 2.6s[2m (compile: 1411ms, proxy.ts: 653ms, render: 524ms)[22m
  ✘  19 [chromium] › __tests__/e2e/system/uiInfrastructure.spec.ts:760:7 › Admin Pages Styling › should have styled emails, budget, and settings pages (12.5s)
[2m[WebServer] [22m[Middleware] User authenticated: e7f5ae65-376e-4d05-a18c-10a91295727a
[2m[WebServer] [22m[Middleware] User authenticated: e7f5ae65-376e-4d05-a18c-10a91295727a
[2m[WebServer] [22m[Middleware] User authenticated: e7f5ae65-376e-4d05-a18c-10a91295727a
[2m[WebServer] [22m[Middleware] User authenticated: e7f5ae65-376e-4d05-a18c-10a91295727a
[2m[WebServer] [22m[Middleware] Admin user data query result: { userData: { role: 'owner', status: 'active' }, userError: null }
[2m[WebServer] [22m[Middleware] Access granted for admin role: owner
[2m[WebServer] [22m[Middleware] User authenticated: e7f5ae65-376e-4d05-a18c-10a91295727a
[2m[WebServer] [22m[Middleware] User authenticated: e7f5ae65-376e-4d05-a18c-10a91295727a
[2m[WebServer] [22m[Middleware] Admin user data query result: { userData: { role: 'owner', status: 'active' }, userError: null }
[2m[WebServer] [22m[Middleware] Access granted for admin role: owner
[2m[WebServer] [22m[Middleware] Admin user data query result: { userData: { role: 'owner', status: 'active' }, userError: null }
[2m[WebServer] [22m[Middleware] Access granted for admin role: owner
[2m[WebServer] [22m GET /admin/guests [32m200[39m in 434ms[2m (compile: 12ms, proxy.ts: 333ms, render: 89ms)[22m
[2m[WebServer] [22m[Middleware] Admin user data query result: { userData: { role: 'owner', status: 'active' }, userError: null }
[2m[WebServer] [22m[Middleware] Access granted for admin role: owner
[dotenv@17.2.4] injecting env (0) from .env.e2e -- tip: 🔐 prevent building .env in docker: https://dotenvx.com/prebuild
[2m[WebServer] [22m[Middleware] Admin user data query result: { userData: { role: 'owner', status: 'active' }, userError: null }
[2m[WebServer] [22m[Middleware] Access granted for admin role: owner
[2m[WebServer] [22m GET /api/admin/activities [32m200[39m in 534ms[2m (compile: 13ms, proxy.ts: 360ms, render: 160ms)[22m
[2m[WebServer] [22m[Middleware] Admin user data query result: { userData: { role: 'owner', status: 'active' }, userError: null }
[2m[WebServer] [22m[Middleware] Access granted for admin role: owner
[2m[WebServer] [22m GET /api/admin/events [32m200[39m in 677ms[2m (compile: 5ms, proxy.ts: 505ms, render: 167ms)[22m
[2m[WebServer] [22m GET /api/admin/locations [32m200[39m in 701ms[2m (compile: 8ms, proxy.ts: 555ms, render: 137ms)[22m
[2m[WebServer] [22m[Middleware] User authenticated: e7f5ae65-376e-4d05-a18c-10a91295727a
[2m[WebServer] [22m[Middleware] Admin user data query result: { userData: { role: 'owner', status: 'active' }, userError: null }
[2m[WebServer] [22m[Middleware] Access granted for admin role: owner
[2m[WebServer] [22m[Middleware] User authenticated: e7f5ae65-376e-4d05-a18c-10a91295727a
[2m[WebServer] [22m[Middleware] Admin user data query result: { userData: { role: 'owner', status: 'active' }, userError: null }
[2m[WebServer] [22m[Middleware] Access granted for admin role: owner
[2m[WebServer] [22m GET /admin [32m200[39m in 369ms[2m (compile: 4ms, proxy.ts: 318ms, render: 47ms)[22m
[2m[WebServer] [22m[Middleware] User authenticated: e7f5ae65-376e-4d05-a18c-10a91295727a
[2m[WebServer] [22m[Middleware] User authenticated: e7f5ae65-376e-4d05-a18c-10a91295727a
[2m[WebServer] [22m GET /api/admin/activities/96420c4b-cdfe-47b9-b813-fae9dd50a1c3/capacity [32m200[39m in 661ms[2m (compile: 10ms, proxy.ts: 317ms, render: 334ms)[22m
[2m[WebServer] [22m[Middleware] User authenticated: e7f5ae65-376e-4d05-a18c-10a91295727a
[2m[WebServer] [22m[Middleware] Admin user data query result: { userData: { role: 'owner', status: 'active' }, userError: null }
[2m[WebServer] [22m[Middleware] Access granted for admin role: owner
[2m[WebServer] [22m[Middleware] Admin user data query result: { userData: { role: 'owner', status: 'active' }, userError: null }
[2m[WebServer] [22m[Middleware] Access granted for admin role: owner
[2m[WebServer] [22m[Middleware] Admin user data query result: { userData: { role: 'owner', status: 'active' }, userError: null }
[2m[WebServer] [22m[Middleware] Access granted for admin role: owner
[2m[WebServer] [22m GET /api/admin/alerts [32m200[39m in 1420ms[2m (compile: 19ms, proxy.ts: 379ms, render: 1022ms)[22m
[2m[WebServer] [22m GET /api/admin/activities [32m200[39m in 609ms[2m (compile: 1683µs, proxy.ts: 342ms, render: 265ms)[22m
[2m[WebServer] [22m GET /api/admin/guest-groups [32m200[39m in 664ms[2m (compile: 5ms, proxy.ts: 469ms, render: 191ms)[22m
[2m[WebServer] [22m GET /api/admin/guests [32m200[39m in 765ms[2m (compile: 1287µs, proxy.ts: 463ms, render: 301ms)[22m
[2m[WebServer] [22m[Middleware] User authenticated: e7f5ae65-376e-4d05-a18c-10a91295727a
[2m[WebServer] [22m[Middleware] User authenticated: e7f5ae65-376e-4d05-a18c-10a91295727a
[2m[WebServer] [22m[Middleware] User authenticated: e7f5ae65-376e-4d05-a18c-10a91295727a
[2m[WebServer] [22m[Middleware] Admin user data query result: { userData: { role: 'owner', status: 'active' }, userError: null }
[2m[WebServer] [22m[Middleware] Access granted for admin role: owner
[2m[WebServer] [22m GET /api/admin/metrics [32m200[39m in 1990ms[2m (compile: 24ms, proxy.ts: 368ms, render: 1599ms)[22m
[2m[WebServer] [22m[Middleware] Admin user data query result: { userData: { role: 'owner', status: 'active' }, userError: null }
[2m[WebServer] [22m[Middleware] Access granted for admin role: owner
[2m[WebServer] [22m[Middleware] Admin user data query result: { userData: { role: 'owner', status: 'active' }, userError: null }
[2m[WebServer] [22m[Middleware] Access granted for admin role: owner
  ✓  20 [chromium] › __tests__/e2e/system/uiInfrastructure.spec.ts:774:7 › Admin Pages Styling › should have styled DataTable component (14.4s)
[2m[WebServer] [22m[Middleware] User authenticated: e7f5ae65-376e-4d05-a18c-10a91295727a
[2m[WebServer] [22m[Middleware] Admin user data query result: { userData: { role: 'owner', status: 'active' }, userError: null }
[2m[WebServer] [22m[Middleware] Access granted for admin role: owner
[2m[WebServer] [22m[Middleware] User authenticated: e7f5ae65-376e-4d05-a18c-10a91295727a
[2m[WebServer] [22m[33m[1m⚠[22m[39m Fast Refresh had to perform a full reload. Read more: https://nextjs.org/docs/messages/fast-refresh-reload
[2m[WebServer] [22m GET /admin [32m200[39m in 783ms[2m (compile: 254ms, proxy.ts: 420ms, render: 108ms)[22m
[2m[WebServer] [22m GET /admin/vendors [32m200[39m in 1511ms[2m (compile: 910ms, proxy.ts: 319ms, render: 283ms)[22m
[2m[WebServer] [22m GET /api/admin/alerts [32m200[39m in 1786ms[2m (compile: 1322µs, proxy.ts: 434ms, render: 1351ms)[22m
[2m[WebServer] [22m[Middleware] Admin user data query result: { userData: { role: 'owner', status: 'active' }, userError: null }
[2m[WebServer] [22m[Middleware] Access granted for admin role: owner
[2m[WebServer] [22m GET /admin/guests [32m200[39m in 887ms[2m (compile: 13ms, proxy.ts: 778ms, render: 96ms)[22m
[2m[WebServer] [22m[Middleware] User authenticated: e7f5ae65-376e-4d05-a18c-10a91295727a
[2m[WebServer] [22m[Middleware] User authenticated: e7f5ae65-376e-4d05-a18c-10a91295727a
[2m[WebServer] [22m[Middleware] User authenticated: e7f5ae65-376e-4d05-a18c-10a91295727a
[2m[WebServer] [22m GET /api/admin/metrics [32m200[39m in 2.8s[2m (compile: 2ms, proxy.ts: 358ms, render: 2.5s)[22m
[2m[WebServer] [22m[Middleware] User authenticated: e7f5ae65-376e-4d05-a18c-10a91295727a
[2m[WebServer] [22m[Middleware] User authenticated: e7f5ae65-376e-4d05-a18c-10a91295727a
[2m[WebServer] [22m[Middleware] User authenticated: e7f5ae65-376e-4d05-a18c-10a91295727a
[2m[WebServer] [22m[Middleware] User authenticated: e7f5ae65-376e-4d05-a18c-10a91295727a
[2m[WebServer] [22m[Middleware] Admin user data query result: { userData: { role: 'owner', status: 'active' }, userError: null }
[2m[WebServer] [22m[Middleware] Access granted for admin role: owner
[2m[WebServer] [22m[Middleware] Admin user data query result: { userData: { role: 'owner', status: 'active' }, userError: null }
[2m[WebServer] [22m[Middleware] Access granted for admin role: owner
[2m[WebServer] [22m[Middleware] Admin user data query result: { userData: { role: 'owner', status: 'active' }, userError: null }
[2m[WebServer] [22m[Middleware] Access granted for admin role: owner
[2m[WebServer] [22m[Middleware] Admin user data query result: { userData: { role: 'owner', status: 'active' }, userError: null }
[2m[WebServer] [22m[Middleware] Access granted for admin role: owner
[2m[WebServer] [22m[Middleware] Admin user data query result: { userData: { role: 'owner', status: 'active' }, userError: null }
[2m[WebServer] [22m[Middleware] Access granted for admin role: owner
[2m[WebServer] [22m[Middleware] Admin user data query result: { userData: { role: 'owner', status: 'active' }, userError: null }
[2m[WebServer] [22m[Middleware] Access granted for admin role: owner
[2m[WebServer] [22m[Middleware] Admin user data query result: { userData: { role: 'owner', status: 'active' }, userError: null }
[2m[WebServer] [22m[Middleware] Access granted for admin role: owner
[2m[WebServer] [22m GET /admin [32m200[39m in 586ms[2m (compile: 2ms, proxy.ts: 474ms, render: 111ms)[22m
[2m[WebServer] [22m GET /api/admin/activities?pageSize=100 [32m200[39m in 616ms[2m (compile: 39ms, proxy.ts: 395ms, render: 182ms)[22m
[2m[WebServer] [22m[Middleware] User authenticated: e7f5ae65-376e-4d05-a18c-10a91295727a
[2m[WebServer] [22m[Middleware] User authenticated: e7f5ae65-376e-4d05-a18c-10a91295727a
[2m[WebServer] [22m[Middleware] User authenticated: e7f5ae65-376e-4d05-a18c-10a91295727a
[2m[WebServer] [22m[Middleware] Admin user data query result: { userData: { role: 'owner', status: 'active' }, userError: null }
[2m[WebServer] [22m[Middleware] Access granted for admin role: owner
[2m[WebServer] [22m[Middleware] Admin user data query result: { userData: { role: 'owner', status: 'active' }, userError: null }
[2m[WebServer] [22m[Middleware] Access granted for admin role: owner
[2m[WebServer] [22m[Middleware] Admin user data query result: { userData: { role: 'owner', status: 'active' }, userError: null }
[2m[WebServer] [22m[Middleware] Access granted for admin role: owner
[2m[WebServer] [22m[Middleware] User authenticated: e7f5ae65-376e-4d05-a18c-10a91295727a
[2m[WebServer] [22m[Middleware] User authenticated: e7f5ae65-376e-4d05-a18c-10a91295727a
[2m[WebServer] [22m GET /api/admin/alerts [32m200[39m in 1654ms[2m (compile: 44ms, proxy.ts: 396ms, render: 1214ms)[22m
[2m[WebServer] [22m[Middleware] Admin user data query result: { userData: { role: 'owner', status: 'active' }, userError: null }
[2m[WebServer] [22m[Middleware] Access granted for admin role: owner
[2m[WebServer] [22m[Middleware] Admin user data query result: { userData: { role: 'owner', status: 'active' }, userError: null }
[2m[WebServer] [22m[Middleware] Access granted for admin role: owner
[2m[WebServer] [22m GET /api/admin/metrics [32m200[39m in 2.4s[2m (compile: 57ms, proxy.ts: 396ms, render: 1984ms)[22m
[2m[WebServer] [22m GET /api/admin/events?pageSize=100 [32m200[39m in 3.2s[2m (compile: 2.5s, proxy.ts: 527ms, render: 191ms)[22m
[2m[WebServer] [22m GET /api/admin/activities [32m200[39m in 2.6s[2m (compile: 2.1s, proxy.ts: 350ms, render: 207ms)[22m
[2m[WebServer] [22m GET /api/admin/guests [32m200[39m in 2.7s[2m (compile: 2.1s, proxy.ts: 354ms, render: 222ms)[22m
[2m[WebServer] [22m GET /api/admin/vendor-bookings [32m200[39m in 3.2s[2m (compile: 2.5s, proxy.ts: 521ms, render: 235ms)[22m
[2m[WebServer] [22m GET /api/admin/vendors [32m200[39m in 3.3s[2m (compile: 2.5s, proxy.ts: 502ms, render: 284ms)[22m
[2m[WebServer] [22m GET /api/admin/guest-groups [32m200[39m in 2.8s[2m (compile: 2.1s, proxy.ts: 327ms, render: 374ms)[22m
[2m[WebServer] [22m[Middleware] User authenticated: e7f5ae65-376e-4d05-a18c-10a91295727a
[2m[WebServer] [22m[Middleware] Admin user data query result: { userData: { role: 'owner', status: 'active' }, userError: null }
[2m[WebServer] [22m[Middleware] Access granted for admin role: owner
[2m[WebServer] [22m[Middleware] User authenticated: e7f5ae65-376e-4d05-a18c-10a91295727a
[2m[WebServer] [22m GET /api/admin/alerts [32m200[39m in 3.0s[2m (compile: 1136ms, proxy.ts: 735ms, render: 1104ms)[22m
[2m[WebServer] [22m[Middleware] Admin user data query result: { userData: { role: 'owner', status: 'active' }, userError: null }
[2m[WebServer] [22m[Middleware] Access granted for admin role: owner
[2m[WebServer] [22m[Middleware] User authenticated: e7f5ae65-376e-4d05-a18c-10a91295727a
[2m[WebServer] [22m[Middleware] Admin user data query result: { userData: { role: 'owner', status: 'active' }, userError: null }
[2m[WebServer] [22m[Middleware] Access granted for admin role: owner
[2m[WebServer] [22m GET /api/admin/metrics [32m200[39m in 4.5s[2m (compile: 1329ms, proxy.ts: 541ms, render: 2.6s)[22m
[2m[WebServer] [22m[37m[1m○[22m[39m Compiling /admin/events ...
[2m[WebServer] [22m[Middleware] User authenticated: e7f5ae65-376e-4d05-a18c-10a91295727a
[2m[WebServer] [22m[Middleware] Admin user data query result: { userData: { role: 'owner', status: 'active' }, userError: null }
[2m[WebServer] [22m[Middleware] Access granted for admin role: owner
[2m[WebServer] [22m[33m[1m⚠[22m[39m Fast Refresh had to perform a full reload. Read more: https://nextjs.org/docs/messages/fast-refresh-reload
[2m[WebServer] [22m[33m[1m⚠[22m[39m Fast Refresh had to perform a full reload. Read more: https://nextjs.org/docs/messages/fast-refresh-reload
[2m[WebServer] [22m GET /admin/photos [32m200[39m in 4.5s[2m (compile: 3.7s, proxy.ts: 315ms, render: 499ms)[22m
[2m[WebServer] [22m GET /admin/events [32m200[39m in 4.4s[2m (compile: 3.5s, proxy.ts: 450ms, render: 499ms)[22m
[2m[WebServer] [22m GET /admin/guests [32m200[39m in 1855ms[2m (compile: 59ms, proxy.ts: 1446ms, render: 350ms)[22m
[2m[WebServer] [22m GET /admin/settings [32m200[39m in 5.0s[2m (compile: 3.9s, proxy.ts: 411ms, render: 731ms)[22m
[2m[WebServer] [22m[Middleware] User authenticated: e7f5ae65-376e-4d05-a18c-10a91295727a
[2m[WebServer] [22m[Middleware] User authenticated: e7f5ae65-376e-4d05-a18c-10a91295727a
[2m[WebServer] [22m[Middleware] User authenticated: e7f5ae65-376e-4d05-a18c-10a91295727a
[2m[WebServer] [22m[Middleware] User authenticated: e7f5ae65-376e-4d05-a18c-10a91295727a
[2m[WebServer] [22m[Middleware] User authenticated: e7f5ae65-376e-4d05-a18c-10a91295727a
[2m[WebServer] [22m[Middleware] User authenticated: e7f5ae65-376e-4d05-a18c-10a91295727a
[2m[WebServer] [22m[Middleware] Admin user data query result: { userData: { role: 'owner', status: 'active' }, userError: null }
[2m[WebServer] [22m[Middleware] Access granted for admin role: owner
[2m[WebServer] [22m[Middleware] Admin user data query result: { userData: { role: 'owner', status: 'active' }, userError: null }
[2m[WebServer] [22m[Middleware] Access granted for admin role: owner
[2m[WebServer] [22m[Middleware] User authenticated: e7f5ae65-376e-4d05-a18c-10a91295727a
[2m[WebServer] [22m[Middleware] Admin user data query result: { userData: { role: 'owner', status: 'active' }, userError: null }
[2m[WebServer] [22m[Middleware] Access granted for admin role: owner
[2m[WebServer] [22m[Middleware] Admin user data query result: { userData: { role: 'owner', status: 'active' }, userError: null }
[2m[WebServer] [22m[Middleware] Access granted for admin role: owner
[2m[WebServer] [22m[Middleware] Admin user data query result: { userData: { role: 'owner', status: 'active' }, userError: null }
[2m[WebServer] [22m[Middleware] Access granted for admin role: owner
[2m[WebServer] [22m[Middleware] Admin user data query result: { userData: { role: 'owner', status: 'active' }, userError: null }
[2m[WebServer] [22m[Middleware] Access granted for admin role: owner
[2m[WebServer] [22m[Middleware] Admin user data query result: { userData: { role: 'owner', status: 'active' }, userError: null }
[2m[WebServer] [22m[Middleware] Access granted for admin role: owner
[2m[WebServer] [22m GET /api/admin/settings/auth-method [32m200[39m in 3.6s[2m (compile: 2.7s, proxy.ts: 640ms, render: 329ms)[22m
[2m[WebServer] [22m GET /api/admin/photos?moderation_status=approved&limit=100&offset=0 [32m200[39m in 3.6s[2m (compile: 3.0s, proxy.ts: 319ms, render: 332ms)[22m
[2m[WebServer] [22m GET /api/admin/guest-groups [32m200[39m in 3.6s[2m (compile: 2.7s, proxy.ts: 639ms, render: 343ms)[22m
[2m[WebServer] [22m GET /api/admin/locations [32m200[39m in 3.6s[2m (compile: 2.7s, proxy.ts: 636ms, render: 348ms)[22m
[2m[WebServer] [22m GET /api/admin/activities [32m200[39m in 3.6s[2m (compile: 2.7s, proxy.ts: 634ms, render: 353ms)[22m
[2m[WebServer] [22m GET /api/admin/events [32m200[39m in 3.6s[2m (compile: 2.9s, proxy.ts: 355ms, render: 354ms)[22m
[2m[WebServer] [22m GET /api/admin/guests [32m200[39m in 3.7s[2m (compile: 2.7s, proxy.ts: 632ms, render: 363ms)[22m
  ✓  18 [chromium] › __tests__/e2e/system/uiInfrastructure.spec.ts:746:7 › Admin Pages Styling › should have styled activities, vendors, and photos pages (31.9s)
  ✓  17 [chromium] › __tests__/e2e/system/uiInfrastructure.spec.ts:703:7 › Admin Pages Styling › should have styled dashboard, guests, and events pages (32.1s)
  ✓  21 [chromium] › __tests__/e2e/system/uiInfrastructure.spec.ts:798:7 › Admin Pages Styling › should have styled buttons and navigation (17.7s)
  -  25 [chromium] › __tests__/e2e/system/uiInfrastructure.spec.ts:212:8 › CSS Hot Reload › should hot reload CSS changes within 2 seconds without full page reload
[2m[WebServer] [22m[Middleware] User authenticated: e7f5ae65-376e-4d05-a18c-10a91295727a
[2m[WebServer] [22m[Middleware] Admin user data query result: { userData: { role: 'owner', status: 'active' }, userError: null }
[2m[WebServer] [22m[Middleware] Access granted for admin role: owner
[2m[WebServer] [22m[Middleware] User authenticated: e7f5ae65-376e-4d05-a18c-10a91295727a
[2m[WebServer] [22m[Middleware] User authenticated: e7f5ae65-376e-4d05-a18c-10a91295727a
[2m[WebServer] [22m GET /admin [32m200[39m in 524ms[2m (compile: 35ms, proxy.ts: 394ms, render: 95ms)[22m
[2m[WebServer] [22m[Middleware] Admin user data query result: { userData: { role: 'owner', status: 'active' }, userError: null }
[2m[WebServer] [22m[Middleware] Access granted for admin role: owner
[2m[WebServer] [22m[Middleware] Admin user data query result: { userData: { role: 'owner', status: 'active' }, userError: null }
[2m[WebServer] [22m[Middleware] Access granted for admin role: owner
[2m[WebServer] [22m GET /admin [32m200[39m in 520ms[2m (compile: 3ms, proxy.ts: 457ms, render: 60ms)[22m
[2m[WebServer] [22m GET /admin [32m200[39m in 522ms[2m (compile: 2ms, proxy.ts: 458ms, render: 62ms)[22m
  ✓  22 [chromium] › __tests__/e2e/system/uiInfrastructure.spec.ts:824:7 › Admin Pages Styling › should have styled form inputs and cards (17.1s)
[2m[WebServer] [22m[Middleware] User authenticated: e7f5ae65-376e-4d05-a18c-10a91295727a
[2m[WebServer] [22m[Middleware] User authenticated: e7f5ae65-376e-4d05-a18c-10a91295727a
[2m[WebServer] [22m[Middleware] Admin user data query result: { userData: { role: 'owner', status: 'active' }, userError: null }
[2m[WebServer] [22m[Middleware] Access granted for admin role: owner
[2m[WebServer] [22m[Middleware] User authenticated: e7f5ae65-376e-4d05-a18c-10a91295727a
[2m[WebServer] [22m[Middleware] User authenticated: e7f5ae65-376e-4d05-a18c-10a91295727a
[2m[WebServer] [22m[Middleware] User authenticated: e7f5ae65-376e-4d05-a18c-10a91295727a
[2m[WebServer] [22m[Middleware] User authenticated: e7f5ae65-376e-4d05-a18c-10a91295727a
[2m[WebServer] [22m[Middleware] Admin user data query result: { userData: { role: 'owner', status: 'active' }, userError: null }
[2m[WebServer] [22m[Middleware] Access granted for admin role: owner
[2m[WebServer] [22m[Middleware] Admin user data query result: { userData: { role: 'owner', status: 'active' }, userError: null }
[2m[WebServer] [22m[Middleware] Access granted for admin role: owner
[2m[WebServer] [22m[Middleware] Admin user data query result: { userData: { role: 'owner', status: 'active' }, userError: null }
[2m[WebServer] [22m[Middleware] Access granted for admin role: owner
[2m[WebServer] [22m[Middleware] Admin user data query result: { userData: { role: 'owner', status: 'active' }, userError: null }
[2m[WebServer] [22m[Middleware] Access granted for admin role: owner
[2m[WebServer] [22m[Middleware] Admin user data query result: { userData: { role: 'owner', status: 'active' }, userError: null }
[2m[WebServer] [22m[Middleware] Access granted for admin role: owner
[2m[WebServer] [22m GET /api/admin/alerts [32m200[39m in 1373ms[2m (compile: 6ms, proxy.ts: 371ms, render: 996ms)[22m
[2m[WebServer] [22m GET /api/admin/alerts [32m200[39m in 1670ms[2m (compile: 10ms, proxy.ts: 426ms, render: 1235ms)[22m
[2m[WebServer] [22m GET /api/admin/metrics [32m200[39m in 2.6s[2m (compile: 8ms, proxy.ts: 430ms, render: 2.1s)[22m
[2m[WebServer] [22m GET /api/admin/metrics [32m200[39m in 2.8s[2m (compile: 29ms, proxy.ts: 372ms, render: 2.4s)[22m
[2m[WebServer] [22m[Middleware] User authenticated: e7f5ae65-376e-4d05-a18c-10a91295727a
[2m[WebServer] [22m[Middleware] Admin user data query result: { userData: { role: 'owner', status: 'active' }, userError: null }
[2m[WebServer] [22m[Middleware] Access granted for admin role: owner
[2m[WebServer] [22m GET /admin [32m200[39m in 501ms[2m (compile: 5ms, proxy.ts: 443ms, render: 54ms)[22m
[2m[WebServer] [22m[Middleware] User authenticated: e7f5ae65-376e-4d05-a18c-10a91295727a
[2m[WebServer] [22m[Middleware] Admin user data query result: { userData: { role: 'owner', status: 'active' }, userError: null }
[2m[WebServer] [22m[Middleware] Access granted for admin role: owner
[2m[WebServer] [22m GET /admin [32m200[39m in 558ms[2m (compile: 1873µs, proxy.ts: 524ms, render: 32ms)[22m
[2m[WebServer] [22m[Middleware] User authenticated: e7f5ae65-376e-4d05-a18c-10a91295727a
[2m[WebServer] [22m[Middleware] User authenticated: e7f5ae65-376e-4d05-a18c-10a91295727a
[2m[WebServer] [22m[Middleware] Admin user data query result: { userData: { role: 'owner', status: 'active' }, userError: null }
[2m[WebServer] [22m[Middleware] Access granted for admin role: owner
[2m[WebServer] [22m[Middleware] Admin user data query result: { userData: { role: 'owner', status: 'active' }, userError: null }
[2m[WebServer] [22m[Middleware] Access granted for admin role: owner
[2m[WebServer] [22m[Middleware] User authenticated: e7f5ae65-376e-4d05-a18c-10a91295727a
[2m[WebServer] [22m[Middleware] User authenticated: e7f5ae65-376e-4d05-a18c-10a91295727a
[2m[WebServer] [22m[Middleware] Admin user data query result: { userData: { role: 'owner', status: 'active' }, userError: null }
[2m[WebServer] [22m[Middleware] Access granted for admin role: owner
[2m[WebServer] [22m[Middleware] Admin user data query result: { userData: { role: 'owner', status: 'active' }, userError: null }
[2m[WebServer] [22m[Middleware] Access granted for admin role: owner
[2m[WebServer] [22m GET /api/admin/alerts [32m200[39m in 1770ms[2m (compile: 1626µs, proxy.ts: 355ms, render: 1413ms)[22m
[2m[WebServer] [22m GET /api/admin/alerts [32m200[39m in 2.8s[2m (compile: 5ms, proxy.ts: 545ms, render: 2.2s)[22m
[2m[WebServer] [22m GET /api/admin/metrics [32m200[39m in 3.4s[2m (compile: 1526µs, proxy.ts: 374ms, render: 3.0s)[22m
[2m[WebServer] [22m GET /api/admin/metrics [32m200[39m in 3.7s[2m (compile: 3ms, proxy.ts: 326ms, render: 3.4s)[22m
  ✓  23 [chromium] › __tests__/e2e/system/uiInfrastructure.spec.ts:856:7 › Admin Pages Styling › should load CSS files with proper status codes (9.3s)
  ✓  24 [chromium] › __tests__/e2e/system/uiInfrastructure.spec.ts:877:7 › Admin Pages Styling › should have Tailwind classes with computed styles (9.9s)

🧹 E2E Global Teardown Starting...

🗑️  Cleaning up test data...
🧹 Running comprehensive test cleanup...
✅ Comprehensive cleanup complete
✅ Test data cleaned

🔓 Removing authentication state...
   Removed: .auth/admin.json
   Removed empty .auth directory
✅ Authentication state removed

📊 Execution Summary:
   Duration: 2.44s
   Errors: 0
   Status: ✅ Clean teardown

✨ E2E Global Teardown Complete!



  1) [chromium] › __tests__/e2e/system/uiInfrastructure.spec.ts:303:7 › Form Submissions & Validation › should submit valid guest form successfully 

    Error: page.evaluate: SecurityError: Failed to read the 'localStorage' property from 'Window': Access is denied for this document.
        at UtilityScript.evaluate (<anonymous>:292:16)
        at UtilityScript.<anonymous> (<anonymous>:1:44)
        at UtilityScript.evaluate (<anonymous>:292:16)
        at UtilityScript.<anonymous> (<anonymous>:1:44)
        at /Users/jaron/Desktop/wedding-platform-v2/__tests__/e2e/system/uiInfrastructure.spec.ts:274:16

    attachment #1: screenshot (image/png) ──────────────────────────────────────────────────────────
    test-results/system-uiInfrastructure-Fo-50e1b-lid-guest-form-successfully-chromium/test-failed-1.png
    ────────────────────────────────────────────────────────────────────────────────────────────────

    attachment #2: video (video/webm) ──────────────────────────────────────────────────────────────
    test-results/system-uiInfrastructure-Fo-50e1b-lid-guest-form-successfully-chromium/video.webm
    ────────────────────────────────────────────────────────────────────────────────────────────────

  2) [chromium] › __tests__/e2e/system/uiInfrastructure.spec.ts:350:7 › Form Submissions & Validation › should show validation errors for missing required fields 

    Error: page.evaluate: SecurityError: Failed to read the 'localStorage' property from 'Window': Access is denied for this document.
        at UtilityScript.evaluate (<anonymous>:292:16)
        at UtilityScript.<anonymous> (<anonymous>:1:44)
        at UtilityScript.evaluate (<anonymous>:292:16)
        at UtilityScript.<anonymous> (<anonymous>:1:44)
        at /Users/jaron/Desktop/wedding-platform-v2/__tests__/e2e/system/uiInfrastructure.spec.ts:274:16

    attachment #1: screenshot (image/png) ──────────────────────────────────────────────────────────
    test-results/system-uiInfrastructure-Fo-b6f15-for-missing-required-fields-chromium/test-failed-1.png
    ────────────────────────────────────────────────────────────────────────────────────────────────

    attachment #2: video (video/webm) ──────────────────────────────────────────────────────────────
    test-results/system-uiInfrastructure-Fo-b6f15-for-missing-required-fields-chromium/video.webm
    ────────────────────────────────────────────────────────────────────────────────────────────────

  3) [chromium] › __tests__/e2e/system/uiInfrastructure.spec.ts:374:7 › Form Submissions & Validation › should validate email format 

    Error: page.evaluate: SecurityError: Failed to read the 'localStorage' property from 'Window': Access is denied for this document.
        at UtilityScript.evaluate (<anonymous>:292:16)
        at UtilityScript.<anonymous> (<anonymous>:1:44)
        at UtilityScript.evaluate (<anonymous>:292:16)
        at UtilityScript.<anonymous> (<anonymous>:1:44)
        at /Users/jaron/Desktop/wedding-platform-v2/__tests__/e2e/system/uiInfrastructure.spec.ts:274:16

    attachment #1: screenshot (image/png) ──────────────────────────────────────────────────────────
    test-results/system-uiInfrastructure-Fo-43692-hould-validate-email-format-chromium/test-failed-1.png
    ────────────────────────────────────────────────────────────────────────────────────────────────

    attachment #2: video (video/webm) ──────────────────────────────────────────────────────────────
    test-results/system-uiInfrastructure-Fo-43692-hould-validate-email-format-chromium/video.webm
    ────────────────────────────────────────────────────────────────────────────────────────────────

  4) [chromium] › __tests__/e2e/system/uiInfrastructure.spec.ts:413:7 › Form Submissions & Validation › should show loading state during submission 

    Error: page.evaluate: SecurityError: Failed to read the 'localStorage' property from 'Window': Access is denied for this document.
        at UtilityScript.evaluate (<anonymous>:292:16)
        at UtilityScript.<anonymous> (<anonymous>:1:44)
        at UtilityScript.evaluate (<anonymous>:292:16)
        at UtilityScript.<anonymous> (<anonymous>:1:44)
        at /Users/jaron/Desktop/wedding-platform-v2/__tests__/e2e/system/uiInfrastructure.spec.ts:274:16

    attachment #1: screenshot (image/png) ──────────────────────────────────────────────────────────
    test-results/system-uiInfrastructure-Fo-b16d2-ing-state-during-submission-chromium/test-failed-1.png
    ────────────────────────────────────────────────────────────────────────────────────────────────

    attachment #2: video (video/webm) ──────────────────────────────────────────────────────────────
    test-results/system-uiInfrastructure-Fo-b16d2-ing-state-during-submission-chromium/video.webm
    ────────────────────────────────────────────────────────────────────────────────────────────────

  5) [chromium] › __tests__/e2e/system/uiInfrastructure.spec.ts:450:7 › Form Submissions & Validation › should submit valid event form successfully 

    Error: page.evaluate: SecurityError: Failed to read the 'localStorage' property from 'Window': Access is denied for this document.
        at UtilityScript.evaluate (<anonymous>:292:16)
        at UtilityScript.<anonymous> (<anonymous>:1:44)
        at UtilityScript.evaluate (<anonymous>:292:16)
        at UtilityScript.<anonymous> (<anonymous>:1:44)
        at /Users/jaron/Desktop/wedding-platform-v2/__tests__/e2e/system/uiInfrastructure.spec.ts:274:16

    attachment #1: screenshot (image/png) ──────────────────────────────────────────────────────────
    test-results/system-uiInfrastructure-Fo-0cfb0-lid-event-form-successfully-chromium/test-failed-1.png
    ────────────────────────────────────────────────────────────────────────────────────────────────

    attachment #2: video (video/webm) ──────────────────────────────────────────────────────────────
    test-results/system-uiInfrastructure-Fo-0cfb0-lid-event-form-successfully-chromium/video.webm
    ────────────────────────────────────────────────────────────────────────────────────────────────

  6) [chromium] › __tests__/e2e/system/uiInfrastructure.spec.ts:488:7 › Form Submissions & Validation › should submit valid activity form successfully 

    Error: page.evaluate: SecurityError: Failed to read the 'localStorage' property from 'Window': Access is denied for this document.
        at UtilityScript.evaluate (<anonymous>:292:16)
        at UtilityScript.<anonymous> (<anonymous>:1:44)
        at UtilityScript.evaluate (<anonymous>:292:16)
        at UtilityScript.<anonymous> (<anonymous>:1:44)
        at /Users/jaron/Desktop/wedding-platform-v2/__tests__/e2e/system/uiInfrastructure.spec.ts:274:16

    attachment #1: screenshot (image/png) ──────────────────────────────────────────────────────────
    test-results/system-uiInfrastructure-Fo-79a78--activity-form-successfully-chromium/test-failed-1.png
    ────────────────────────────────────────────────────────────────────────────────────────────────

    attachment #2: video (video/webm) ──────────────────────────────────────────────────────────────
    test-results/system-uiInfrastructure-Fo-79a78--activity-form-successfully-chromium/video.webm
    ────────────────────────────────────────────────────────────────────────────────────────────────

  7) [chromium] › __tests__/e2e/system/uiInfrastructure.spec.ts:532:7 › Form Submissions & Validation › should handle network errors gracefully 

    Error: page.evaluate: SecurityError: Failed to read the 'localStorage' property from 'Window': Access is denied for this document.
        at UtilityScript.evaluate (<anonymous>:292:16)
        at UtilityScript.<anonymous> (<anonymous>:1:44)
        at UtilityScript.evaluate (<anonymous>:292:16)
        at UtilityScript.<anonymous> (<anonymous>:1:44)
        at /Users/jaron/Desktop/wedding-platform-v2/__tests__/e2e/system/uiInfrastructure.spec.ts:274:16

    attachment #1: screenshot (image/png) ──────────────────────────────────────────────────────────
    test-results/system-uiInfrastructure-Fo-38cf2-e-network-errors-gracefully-chromium/test-failed-1.png
    ────────────────────────────────────────────────────────────────────────────────────────────────

    attachment #2: video (video/webm) ──────────────────────────────────────────────────────────────
    test-results/system-uiInfrastructure-Fo-38cf2-e-network-errors-gracefully-chromium/video.webm
    ────────────────────────────────────────────────────────────────────────────────────────────────

  8) [chromium] › __tests__/e2e/system/uiInfrastructure.spec.ts:580:7 › Form Submissions & Validation › should handle validation errors from server 

    Error: page.evaluate: SecurityError: Failed to read the 'localStorage' property from 'Window': Access is denied for this document.
        at UtilityScript.evaluate (<anonymous>:292:16)
        at UtilityScript.<anonymous> (<anonymous>:1:44)
        at UtilityScript.evaluate (<anonymous>:292:16)
        at UtilityScript.<anonymous> (<anonymous>:1:44)
        at /Users/jaron/Desktop/wedding-platform-v2/__tests__/e2e/system/uiInfrastructure.spec.ts:274:16

    attachment #1: screenshot (image/png) ──────────────────────────────────────────────────────────
    test-results/system-uiInfrastructure-Fo-b0e16-lidation-errors-from-server-chromium/test-failed-1.png
    ────────────────────────────────────────────────────────────────────────────────────────────────

    attachment #2: video (video/webm) ──────────────────────────────────────────────────────────────
    test-results/system-uiInfrastructure-Fo-b0e16-lidation-errors-from-server-chromium/video.webm
    ────────────────────────────────────────────────────────────────────────────────────────────────

  9) [chromium] › __tests__/e2e/system/uiInfrastructure.spec.ts:622:7 › Form Submissions & Validation › should clear form after successful submission 

    Error: page.evaluate: SecurityError: Failed to read the 'localStorage' property from 'Window': Access is denied for this document.
        at UtilityScript.evaluate (<anonymous>:292:16)
        at UtilityScript.<anonymous> (<anonymous>:1:44)
        at UtilityScript.evaluate (<anonymous>:292:16)
        at UtilityScript.<anonymous> (<anonymous>:1:44)
        at /Users/jaron/Desktop/wedding-platform-v2/__tests__/e2e/system/uiInfrastructure.spec.ts:274:16

    attachment #1: screenshot (image/png) ──────────────────────────────────────────────────────────
    test-results/system-uiInfrastructure-Fo-e4c4b-after-successful-submission-chromium/test-failed-1.png
    ────────────────────────────────────────────────────────────────────────────────────────────────

    attachment #2: video (video/webm) ──────────────────────────────────────────────────────────────
    test-results/system-uiInfrastructure-Fo-e4c4b-after-successful-submission-chromium/video.webm
    ────────────────────────────────────────────────────────────────────────────────────────────────

  10) [chromium] › __tests__/e2e/system/uiInfrastructure.spec.ts:665:7 › Form Submissions & Validation › should preserve form data on validation error 

    Error: page.evaluate: SecurityError: Failed to read the 'localStorage' property from 'Window': Access is denied for this document.
        at UtilityScript.evaluate (<anonymous>:292:16)
        at UtilityScript.<anonymous> (<anonymous>:1:44)
        at UtilityScript.evaluate (<anonymous>:292:16)
        at UtilityScript.<anonymous> (<anonymous>:1:44)
        at /Users/jaron/Desktop/wedding-platform-v2/__tests__/e2e/system/uiInfrastructure.spec.ts:274:16

    attachment #1: screenshot (image/png) ──────────────────────────────────────────────────────────
    test-results/system-uiInfrastructure-Fo-4ccc0-rm-data-on-validation-error-chromium/test-failed-1.png
    ────────────────────────────────────────────────────────────────────────────────────────────────

    attachment #2: video (video/webm) ──────────────────────────────────────────────────────────────
    test-results/system-uiInfrastructure-Fo-4ccc0-rm-data-on-validation-error-chromium/video.webm
    ────────────────────────────────────────────────────────────────────────────────────────────────

  11) [chromium] › __tests__/e2e/system/uiInfrastructure.spec.ts:760:7 › Admin Pages Styling › should have styled emails, budget, and settings pages 

    Error: page.goto: net::ERR_ABORTED at http://localhost:3000/admin/budget
    Call log:
    [2m  - navigating to "http://localhost:3000/admin/budget", waiting until "load"[22m


      762 |
      763 |     for (const url of pages) {
    > 764 |       await page.goto(url);
          |                  ^
      765 |       await page.waitForLoadState('networkidle');
      766 |
      767 |       const bgColor = await page.locator('body').evaluate(
        at /Users/jaron/Desktop/wedding-platform-v2/__tests__/e2e/system/uiInfrastructure.spec.ts:764:18

    attachment #1: screenshot (image/png) ──────────────────────────────────────────────────────────
    test-results/system-uiInfrastructure-Ad-09d72-s-budget-and-settings-pages-chromium/test-failed-1.png
    ────────────────────────────────────────────────────────────────────────────────────────────────

    attachment #2: video (video/webm) ──────────────────────────────────────────────────────────────
    test-results/system-uiInfrastructure-Ad-09d72-s-budget-and-settings-pages-chromium/video.webm
    ────────────────────────────────────────────────────────────────────────────────────────────────

    Error Context: test-results/system-uiInfrastructure-Ad-09d72-s-budget-and-settings-pages-chromium/error-context.md

  11 failed
    [chromium] › __tests__/e2e/system/uiInfrastructure.spec.ts:303:7 › Form Submissions & Validation › should submit valid guest form successfully 
    [chromium] › __tests__/e2e/system/uiInfrastructure.spec.ts:350:7 › Form Submissions & Validation › should show validation errors for missing required fields 
    [chromium] › __tests__/e2e/system/uiInfrastructure.spec.ts:374:7 › Form Submissions & Validation › should validate email format 
    [chromium] › __tests__/e2e/system/uiInfrastructure.spec.ts:413:7 › Form Submissions & Validation › should show loading state during submission 
    [chromium] › __tests__/e2e/system/uiInfrastructure.spec.ts:450:7 › Form Submissions & Validation › should submit valid event form successfully 
    [chromium] › __tests__/e2e/system/uiInfrastructure.spec.ts:488:7 › Form Submissions & Validation › should submit valid activity form successfully 
    [chromium] › __tests__/e2e/system/uiInfrastructure.spec.ts:532:7 › Form Submissions & Validation › should handle network errors gracefully 
    [chromium] › __tests__/e2e/system/uiInfrastructure.spec.ts:580:7 › Form Submissions & Validation › should handle validation errors from server 
    [chromium] › __tests__/e2e/system/uiInfrastructure.spec.ts:622:7 › Form Submissions & Validation › should clear form after successful submission 
    [chromium] › __tests__/e2e/system/uiInfrastructure.spec.ts:665:7 › Form Submissions & Validation › should preserve form data on validation error 
    [chromium] › __tests__/e2e/system/uiInfrastructure.spec.ts:760:7 › Admin Pages Styling › should have styled emails, budget, and settings pages 
  2 skipped
  12 passed (1.3m)

[36m  Serving HTML report at http://localhost:63391. Press Ctrl+C to quit.[39m
