
> destination-wedding-platform@0.1.0 test:e2e
> playwright test __tests__/e2e/admin/emailManagement.spec.ts

[dotenv@17.2.4] injecting env (25) from .env.e2e -- tip: ⚙️  write to custom object with { processEnv: myObject }
[2m[WebServer] [22m
[2m[WebServer] [22m> destination-wedding-platform@0.1.0 dev
[2m[WebServer] [22m> next dev --webpack
[2m[WebServer] [22m
[2m[WebServer] [22m[1m[38;2;173;127;168m▲ Next.js 16.1.1[39m[22m (webpack)
[2m[WebServer] [22m- Local:         http://localhost:3000
[2m[WebServer] [22m- Network:       http://172.24.67.208:3000
[2m[WebServer] [22m- Environments: .env.test
[2m[WebServer] [22m
[2m[WebServer] [22m[32m[1m✓[22m[39m Starting...
[2m[WebServer] [22m[33m[1m⚠[22m[39m The "middleware" file convention is deprecated. Please use "proxy" instead. Learn more: https://nextjs.org/docs/messages/middleware-to-proxy
[2m[WebServer] [22m🚀 Initializing application services...
[2m[WebServer] [22m✅ B2 client initialized successfully {
[2m[WebServer] [22m  endpoint: [32m'https://s3.us-west-004.backblazeb2.com'[39m,
[2m[WebServer] [22m  region: [32m'us-west-004'[39m,
[2m[WebServer] [22m  bucket: [32m'test-bucket'[39m,
[2m[WebServer] [22m  cdnDomain: [32m'https://test-cdn.example.com'[39m
[2m[WebServer] [22m}
[2m[WebServer] [22m✅ Application services initialized successfully
[2m[WebServer] [22m[32m[1m✓[22m[39m Ready in 2.1s

🚀 E2E Global Setup Starting...

📊 Verifying test database connection...
[2m[WebServer] [22m GET / [32m200[39m in 2.2s[2m (compile: 1887ms, proxy.ts: 153ms, render: 166ms)[22m
✅ Test database connected

🧹 Cleaning up test data...
🧹 Running comprehensive test cleanup...
✅ Comprehensive cleanup complete
✅ Test data cleaned

🌐 Verifying Next.js server...
✅ Next.js server is running

🔐 Setting up admin authentication...
[2m[WebServer] [22m GET / [32m200[39m in 38ms[2m (compile: 4ms, proxy.ts: 14ms, render: 20ms)[22m
   Warning: Could not ensure admin user exists: Failed to create auth user: A user with this email address has already been registered
   Continuing with setup - login may fail if user does not exist
   Authenticating via Supabase API...
   ✅ API authentication successful (User ID: e7f5ae65-376e-4d05-a18c-10a91295727a)
   Injecting session cookies...
   ✅ Session cookies set (3 cookies)
   Navigating to http://localhost:3000/admin...
[2m[WebServer] [22m[Middleware] User authenticated: e7f5ae65-376e-4d05-a18c-10a91295727a
[2m[WebServer] [22m[Middleware] Admin user data query result: { userData: { role: 'owner', status: 'active' }, userError: null }
[2m[WebServer] [22m[Middleware] Access granted for admin role: owner
[2m[WebServer] [22m GET /admin [32m200[39m in 1362ms[2m (compile: 920ms, proxy.ts: 306ms, render: 136ms)[22m
   ✅ Page loaded successfully
[2m[WebServer] [22m[Middleware] User authenticated: e7f5ae65-376e-4d05-a18c-10a91295727a
[2m[WebServer] [22m[Middleware] User authenticated: e7f5ae65-376e-4d05-a18c-10a91295727a
[2m[WebServer] [22m[Middleware] Admin user data query result: { userData: { role: 'owner', status: 'active' }, userError: null }
[2m[WebServer] [22m[Middleware] Access granted for admin role: owner
[2m[WebServer] [22m[Middleware] Admin user data query result: { userData: { role: 'owner', status: 'active' }, userError: null }
[2m[WebServer] [22m[Middleware] Access granted for admin role: owner
   Current URL: http://localhost:3000/admin
   ✅ Admin UI is visible
   Logged in as: admin@example.com
   Auth state saved to: .auth/admin.json
✅ Admin authentication saved

✨ E2E Global Setup Complete!


Running 13 tests using 4 workers

[dotenv@17.2.4] injecting env (0) from .env.e2e -- tip: 🔐 prevent building .env in docker: https://dotenvx.com/prebuild
[dotenv@17.2.4] injecting env (0) from .env.e2e -- tip: 🔐 encrypt with Dotenvx: https://dotenvx.com
[dotenv@17.2.4] injecting env (0) from .env.e2e -- tip: 🔄 add secrets lifecycle management: https://dotenvx.com/ops
[dotenv@17.2.4] injecting env (0) from .env.e2e -- tip: ⚙️  override existing env vars with { override: true }
[2m[WebServer] [22m[Middleware] User authenticated: e7f5ae65-376e-4d05-a18c-10a91295727a
[2m[WebServer] [22m[Middleware] User authenticated: e7f5ae65-376e-4d05-a18c-10a91295727a
[2m[WebServer] [22m[Middleware] User authenticated: e7f5ae65-376e-4d05-a18c-10a91295727a
[2m[WebServer] [22m[Middleware] User authenticated: e7f5ae65-376e-4d05-a18c-10a91295727a
[2m[WebServer] [22m[Middleware] Admin user data query result: { userData: { role: 'owner', status: 'active' }, userError: null }
[2m[WebServer] [22m[Middleware] Access granted for admin role: owner
[2m[WebServer] [22m[Middleware] Admin user data query result: { userData: { role: 'owner', status: 'active' }, userError: null }
[2m[WebServer] [22m[Middleware] Access granted for admin role: owner
[2m[WebServer] [22m[Middleware] Admin user data query result: { userData: { role: 'owner', status: 'active' }, userError: null }
[2m[WebServer] [22m[Middleware] Access granted for admin role: owner
[2m[WebServer] [22m[Middleware] Admin user data query result: { userData: { role: 'owner', status: 'active' }, userError: null }
[2m[WebServer] [22m[Middleware] Access granted for admin role: owner
[2m[WebServer] [22m GET /admin/emails [32m200[39m in 986ms[2m (compile: 431ms, proxy.ts: 277ms, render: 278ms)[22m
[2m[WebServer] [22m GET /admin/emails [32m200[39m in 994ms[2m (compile: 429ms, proxy.ts: 283ms, render: 282ms)[22m
[2m[WebServer] [22m GET /admin/emails [32m200[39m in 996ms[2m (compile: 428ms, proxy.ts: 285ms, render: 283ms)[22m
[2m[WebServer] [22m GET /admin/emails [32m200[39m in 1032ms[2m (compile: 440ms, proxy.ts: 277ms, render: 315ms)[22m
[2m[WebServer] [22m[Middleware] User authenticated: e7f5ae65-376e-4d05-a18c-10a91295727a
[2m[WebServer] [22m[Middleware] User authenticated: e7f5ae65-376e-4d05-a18c-10a91295727a
[2m[WebServer] [22m[Middleware] User authenticated: e7f5ae65-376e-4d05-a18c-10a91295727a
[2m[WebServer] [22m[Middleware] User authenticated: e7f5ae65-376e-4d05-a18c-10a91295727a
[2m[WebServer] [22m[Middleware] Admin user data query result: { userData: { role: 'owner', status: 'active' }, userError: null }
[2m[WebServer] [22m[Middleware] Access granted for admin role: owner
[2m[WebServer] [22m[Middleware] Admin user data query result: { userData: { role: 'owner', status: 'active' }, userError: null }
[2m[WebServer] [22m[Middleware] Access granted for admin role: owner
[2m[WebServer] [22m[Middleware] Admin user data query result: { userData: { role: 'owner', status: 'active' }, userError: null }
[2m[WebServer] [22m[Middleware] Access granted for admin role: owner
[2m[WebServer] [22m[Middleware] Admin user data query result: { userData: { role: 'owner', status: 'active' }, userError: null }
[2m[WebServer] [22m[Middleware] Access granted for admin role: owner
[2m[WebServer] [22m GET /api/admin/emails [33m400[39m in 1739ms[2m (compile: 1451ms, proxy.ts: 258ms, render: 30ms)[22m
[2m[WebServer] [22m GET /api/admin/emails [33m400[39m in 1741ms[2m (compile: 1447ms, proxy.ts: 262ms, render: 32ms)[22m
[2m[WebServer] [22m GET /api/admin/emails [33m400[39m in 1744ms[2m (compile: 1442ms, proxy.ts: 267ms, render: 35ms)[22m
[2m[WebServer] [22m GET /api/admin/emails [33m400[39m in 1758ms[2m (compile: 1468ms, proxy.ts: 242ms, render: 48ms)[22m
[2m[WebServer] [22m[Middleware] User authenticated: e7f5ae65-376e-4d05-a18c-10a91295727a
[2m[WebServer] [22m[Middleware] User authenticated: e7f5ae65-376e-4d05-a18c-10a91295727a
[2m[WebServer] [22m[Middleware] User authenticated: e7f5ae65-376e-4d05-a18c-10a91295727a
[2m[WebServer] [22m[Middleware] User authenticated: e7f5ae65-376e-4d05-a18c-10a91295727a
[2m[WebServer] [22m[Middleware] User authenticated: e7f5ae65-376e-4d05-a18c-10a91295727a
[2m[WebServer] [22m[Middleware] User authenticated: e7f5ae65-376e-4d05-a18c-10a91295727a
[2m[WebServer] [22m[Middleware] User authenticated: e7f5ae65-376e-4d05-a18c-10a91295727a
[2m[WebServer] [22m[Middleware] User authenticated: e7f5ae65-376e-4d05-a18c-10a91295727a
[2m[WebServer] [22m[Middleware] User authenticated: e7f5ae65-376e-4d05-a18c-10a91295727a
[2m[WebServer] [22m[Middleware] User authenticated: e7f5ae65-376e-4d05-a18c-10a91295727a
[2m[WebServer] [22m[Middleware] User authenticated: e7f5ae65-376e-4d05-a18c-10a91295727a
[2m[WebServer] [22m[Middleware] Admin user data query result: { userData: { role: 'owner', status: 'active' }, userError: null }
[2m[WebServer] [22m[Middleware] Access granted for admin role: owner
[2m[WebServer] [22m[Middleware] Admin user data query result: { userData: { role: 'owner', status: 'active' }, userError: null }
[2m[WebServer] [22m[Middleware] Access granted for admin role: owner
[2m[WebServer] [22m[Middleware] Admin user data query result: { userData: { role: 'owner', status: 'active' }, userError: null }
[2m[WebServer] [22m[Middleware] Access granted for admin role: owner
[2m[WebServer] [22m[Middleware] Admin user data query result: { userData: { role: 'owner', status: 'active' }, userError: null }
[2m[WebServer] [22m[Middleware] Access granted for admin role: owner
[2m[WebServer] [22m[Middleware] User authenticated: e7f5ae65-376e-4d05-a18c-10a91295727a
[2m[WebServer] [22m[Middleware] Admin user data query result: { userData: { role: 'owner', status: 'active' }, userError: null }
[2m[WebServer] [22m[Middleware] Access granted for admin role: owner
[2m[WebServer] [22m[Middleware] Admin user data query result: { userData: { role: 'owner', status: 'active' }, userError: null }
[2m[WebServer] [22m[Middleware] Access granted for admin role: owner
[2m[WebServer] [22m[Middleware] Admin user data query result: { userData: { role: 'owner', status: 'active' }, userError: null }
[2m[WebServer] [22m[Middleware] Access granted for admin role: owner
[2m[WebServer] [22m[Middleware] Admin user data query result: { userData: { role: 'owner', status: 'active' }, userError: null }
[2m[WebServer] [22m[Middleware] Access granted for admin role: owner
[2m[WebServer] [22m[Middleware] Admin user data query result: { userData: { role: 'owner', status: 'active' }, userError: null }
[2m[WebServer] [22m[Middleware] Access granted for admin role: owner
[2m[WebServer] [22m[Middleware] Admin user data query result: { userData: { role: 'owner', status: 'active' }, userError: null }
[2m[WebServer] [22m[Middleware] Access granted for admin role: owner
[2m[WebServer] [22m[Middleware] Admin user data query result: { userData: { role: 'owner', status: 'active' }, userError: null }
[2m[WebServer] [22m[Middleware] Access granted for admin role: owner
[2m[WebServer] [22m[Middleware] Admin user data query result: { userData: { role: 'owner', status: 'active' }, userError: null }
[2m[WebServer] [22m[Middleware] Access granted for admin role: owner
[2m[WebServer] [22m[verifyAuth] User authenticated: e7f5ae65-376e-4d05-a18c-10a91295727a
[2m[WebServer] [22m[verifyAuth] User authenticated: e7f5ae65-376e-4d05-a18c-10a91295727a
[2m[WebServer] [22m[verifyAuth] User authenticated: e7f5ae65-376e-4d05-a18c-10a91295727a
[2m[WebServer] [22m[verifyAuth] User authenticated: e7f5ae65-376e-4d05-a18c-10a91295727a
[2m[WebServer] [22m GET /api/admin/groups [32m200[39m in 3.6s[2m (compile: 2.9s, proxy.ts: 371ms, render: 305ms)[22m
[2m[WebServer] [22m GET /api/admin/guests?format=simple [32m200[39m in 3.6s[2m (compile: 2.9s, proxy.ts: 443ms, render: 320ms)[22m
[2m[WebServer] [22m GET /api/admin/guests?format=simple [32m200[39m in 3.6s[2m (compile: 2.9s, proxy.ts: 429ms, render: 325ms)[22m
[2m[WebServer] [22m GET /api/admin/groups [32m200[39m in 3.6s[2m (compile: 2.9s, proxy.ts: 445ms, render: 332ms)[22m
[2m[WebServer] [22m GET /api/admin/groups [32m200[39m in 3.6s[2m (compile: 2.9s, proxy.ts: 431ms, render: 333ms)[22m
[2m[WebServer] [22m GET /api/admin/guests?format=simple [32m200[39m in 3.6s[2m (compile: 2.8s, proxy.ts: 454ms, render: 338ms)[22m
[2m[WebServer] [22m GET /api/admin/emails/templates [32m200[39m in 3.7s[2m (compile: 2.9s, proxy.ts: 383ms, render: 363ms)[22m
[2m[WebServer] [22m GET /api/admin/emails/templates [32m200[39m in 3.7s[2m (compile: 2.8s, proxy.ts: 463ms, render: 384ms)[22m
[2m[WebServer] [22m GET /api/admin/emails/templates [32m200[39m in 3.7s[2m (compile: 2.8s, proxy.ts: 520ms, render: 392ms)[22m
[2m[WebServer] [22m GET /api/admin/emails/templates [32m200[39m in 3.7s[2m (compile: 2.9s, proxy.ts: 438ms, render: 397ms)[22m
[2m[WebServer] [22m GET /api/admin/groups [32m200[39m in 3.9s[2m (compile: 2.9s, proxy.ts: 380ms, render: 583ms)[22m
[2m[WebServer] [22m GET /api/admin/guests?format=simple [32m200[39m in 3.9s[2m (compile: 2.9s, proxy.ts: 377ms, render: 590ms)[22m
🧹 Running comprehensive test cleanup...
🧹 Running comprehensive test cleanup...
[2m[WebServer] [22m[Middleware] User authenticated: e7f5ae65-376e-4d05-a18c-10a91295727a
[2m[WebServer] [22m[Middleware] Admin user data query result: { userData: { role: 'owner', status: 'active' }, userError: null }
[2m[WebServer] [22m[Middleware] Access granted for admin role: owner
[2m[WebServer] [22m GET /api/admin/groups/36c15db6-2668-4f61-bdac-d5bdcda8135a/guests [33m404[39m in 1237ms[2m (compile: 894ms, proxy.ts: 273ms, render: 71ms)[22m
✅ Comprehensive cleanup complete
✅ Comprehensive cleanup complete
  ✓   3 [chromium] › __tests__/e2e/admin/emailManagement.spec.ts:251:7 › Email Composition & Templates › should validate required fields and email addresses (11.6s)
  ✓   2 [chromium] › __tests__/e2e/admin/emailManagement.spec.ts:152:7 › Email Composition & Templates › should use email template with variable substitution (11.7s)
[2m[WebServer] [22m[Middleware] User authenticated: e7f5ae65-376e-4d05-a18c-10a91295727a
[2m[WebServer] [22m[Middleware] User authenticated: e7f5ae65-376e-4d05-a18c-10a91295727a
[2m[WebServer] [22m[Middleware] Admin user data query result: { userData: { role: 'owner', status: 'active' }, userError: null }
[2m[WebServer] [22m[Middleware] Access granted for admin role: owner
[2m[WebServer] [22m[Middleware] Admin user data query result: { userData: { role: 'owner', status: 'active' }, userError: null }
[2m[WebServer] [22m[Middleware] Access granted for admin role: owner
[2m[WebServer] [22m GET /admin/emails [32m200[39m in 468ms[2m (compile: 21ms, proxy.ts: 301ms, render: 146ms)[22m
[2m[WebServer] [22m GET /admin/emails [32m200[39m in 419ms[2m (compile: 24ms, proxy.ts: 322ms, render: 73ms)[22m
[2m[WebServer] [22m[Middleware] User authenticated: e7f5ae65-376e-4d05-a18c-10a91295727a
[2m[WebServer] [22m[Middleware] User authenticated: e7f5ae65-376e-4d05-a18c-10a91295727a
[2m[WebServer] [22m[Middleware] User authenticated: e7f5ae65-376e-4d05-a18c-10a91295727a
[2m[WebServer] [22m[Middleware] User authenticated: e7f5ae65-376e-4d05-a18c-10a91295727a
[2m[WebServer] [22m[Middleware] Admin user data query result: { userData: { role: 'owner', status: 'active' }, userError: null }
[2m[WebServer] [22m[Middleware] Access granted for admin role: owner
[2m[WebServer] [22m[Middleware] Admin user data query result: { userData: { role: 'owner', status: 'active' }, userError: null }
[2m[WebServer] [22m[Middleware] Access granted for admin role: owner
[2m[WebServer] [22m[Middleware] Admin user data query result: { userData: { role: 'owner', status: 'active' }, userError: null }
[2m[WebServer] [22m[Middleware] Access granted for admin role: owner
[2m[WebServer] [22m[Middleware] Admin user data query result: { userData: { role: 'owner', status: 'active' }, userError: null }
[2m[WebServer] [22m[Middleware] Access granted for admin role: owner
[2m[WebServer] [22m GET /admin/emails [32m200[39m in 524ms[2m (compile: 3ms, proxy.ts: 248ms, render: 273ms)[22m
[2m[WebServer] [22m GET /api/admin/emails [33m400[39m in 462ms[2m (compile: 171ms, proxy.ts: 281ms, render: 10ms)[22m
[2m[WebServer] [22m GET /api/admin/emails [33m400[39m in 465ms[2m (compile: 165ms, proxy.ts: 287ms, render: 13ms)[22m
[2m[WebServer] [22m GET /admin/emails [32m200[39m in 558ms[2m (compile: 18ms, proxy.ts: 295ms, render: 245ms)[22m
🧹 Running comprehensive test cleanup...
[2m[WebServer] [22m[Middleware] User authenticated: e7f5ae65-376e-4d05-a18c-10a91295727a
[2m[WebServer] [22m[Middleware] User authenticated: e7f5ae65-376e-4d05-a18c-10a91295727a
[2m[WebServer] [22m[Middleware] User authenticated: e7f5ae65-376e-4d05-a18c-10a91295727a
[2m[WebServer] [22m[Middleware] User authenticated: e7f5ae65-376e-4d05-a18c-10a91295727a
[2m[WebServer] [22m[Middleware] User authenticated: e7f5ae65-376e-4d05-a18c-10a91295727a
[2m[WebServer] [22m[Middleware] User authenticated: e7f5ae65-376e-4d05-a18c-10a91295727a
[2m[WebServer] [22m[Middleware] User authenticated: e7f5ae65-376e-4d05-a18c-10a91295727a
[2m[WebServer] [22m[Middleware] User authenticated: e7f5ae65-376e-4d05-a18c-10a91295727a
[2m[WebServer] [22m[Middleware] Admin user data query result: { userData: { role: 'owner', status: 'active' }, userError: null }
[2m[WebServer] [22m[Middleware] Access granted for admin role: owner
[2m[WebServer] [22m[Middleware] Admin user data query result: { userData: { role: 'owner', status: 'active' }, userError: null }
[2m[WebServer] [22m[Middleware] Access granted for admin role: owner
[2m[WebServer] [22m[Middleware] Admin user data query result: { userData: { role: 'owner', status: 'active' }, userError: null }
[2m[WebServer] [22m[Middleware] Access granted for admin role: owner
[2m[WebServer] [22m GET /api/admin/emails [33m400[39m in 257ms[2m (compile: 1722µs, proxy.ts: 244ms, render: 11ms)[22m
[2m[WebServer] [22m[Middleware] Admin user data query result: { userData: { role: 'owner', status: 'active' }, userError: null }
[2m[WebServer] [22m[Middleware] Access granted for admin role: owner
[2m[WebServer] [22m[Middleware] Admin user data query result: { userData: { role: 'owner', status: 'active' }, userError: null }
[2m[WebServer] [22m[Middleware] Access granted for admin role: owner
[2m[WebServer] [22m[Middleware] Admin user data query result: { userData: { role: 'owner', status: 'active' }, userError: null }
[2m[WebServer] [22m[Middleware] Access granted for admin role: owner
[2m[WebServer] [22m[Middleware] Admin user data query result: { userData: { role: 'owner', status: 'active' }, userError: null }
[2m[WebServer] [22m[Middleware] Access granted for admin role: owner
[2m[WebServer] [22m GET /api/admin/emails [33m400[39m in 305ms[2m (compile: 20ms, proxy.ts: 273ms, render: 12ms)[22m
[2m[WebServer] [22m GET /api/admin/groups [32m200[39m in 402ms[2m (compile: 8ms, proxy.ts: 237ms, render: 158ms)[22m
[2m[WebServer] [22m GET /api/admin/guests?format=simple [32m200[39m in 434ms[2m (compile: 13ms, proxy.ts: 267ms, render: 153ms)[22m
[2m[WebServer] [22m[verifyAuth] User authenticated: e7f5ae65-376e-4d05-a18c-10a91295727a
[2m[WebServer] [22m GET /api/admin/groups [32m200[39m in 444ms[2m (compile: 25ms, proxy.ts: 266ms, render: 152ms)[22m
[2m[WebServer] [22m GET /api/admin/guests?format=simple [32m200[39m in 474ms[2m (compile: 32ms, proxy.ts: 248ms, render: 194ms)[22m
[2m[WebServer] [22m[Middleware] Admin user data query result: { userData: { role: 'owner', status: 'active' }, userError: null }
[2m[WebServer] [22m[Middleware] Access granted for admin role: owner
[2m[WebServer] [22m GET /api/admin/emails/templates [32m200[39m in 551ms[2m (compile: 10ms, proxy.ts: 295ms, render: 246ms)[22m
[2m[WebServer] [22m[verifyAuth] User authenticated: e7f5ae65-376e-4d05-a18c-10a91295727a
[2m[WebServer] [22m GET /api/admin/emails/templates [32m200[39m in 765ms[2m (compile: 1615µs, proxy.ts: 494ms, render: 270ms)[22m
✅ Comprehensive cleanup complete
  ✓   1 [chromium] › __tests__/e2e/admin/emailManagement.spec.ts:217:7 › Email Composition & Templates › should select recipients by group (15.8s)
[2m[WebServer] [22m[Middleware] User authenticated: e7f5ae65-376e-4d05-a18c-10a91295727a
[2m[WebServer] [22m[Middleware] Admin user data query result: { userData: { role: 'owner', status: 'active' }, userError: null }
[2m[WebServer] [22m[Middleware] Access granted for admin role: owner
[2m[WebServer] [22m[Middleware] User authenticated: e7f5ae65-376e-4d05-a18c-10a91295727a
[2m[WebServer] [22m[Middleware] Admin user data query result: { userData: { role: 'owner', status: 'active' }, userError: null }
[2m[WebServer] [22m[Middleware] Access granted for admin role: owner
[2m[WebServer] [22m GET /admin/emails [32m200[39m in 1230ms[2m (compile: 705ms, proxy.ts: 356ms, render: 170ms)[22m
[2m[WebServer] [22m POST /api/admin/emails/schedule [32m200[39m in 1860ms[2m (compile: 1302ms, proxy.ts: 246ms, render: 312ms)[22m
[2m[WebServer] [22m[Middleware] User authenticated: e7f5ae65-376e-4d05-a18c-10a91295727a
[2m[WebServer] [22m[Middleware] Admin user data query result: { userData: { role: 'owner', status: 'active' }, userError: null }
[2m[WebServer] [22m[Middleware] Access granted for admin role: owner
[2m[WebServer] [22m GET /api/admin/emails [33m400[39m in 254ms[2m (compile: 4ms, proxy.ts: 243ms, render: 7ms)[22m
[2m[WebServer] [22m[Middleware] User authenticated: e7f5ae65-376e-4d05-a18c-10a91295727a
[2m[WebServer] [22m[Middleware] User authenticated: e7f5ae65-376e-4d05-a18c-10a91295727a
[2m[WebServer] [22m[Middleware] User authenticated: e7f5ae65-376e-4d05-a18c-10a91295727a
[2m[WebServer] [22m[Middleware] User authenticated: e7f5ae65-376e-4d05-a18c-10a91295727a
[2m[WebServer] [22m[Middleware] Admin user data query result: { userData: { role: 'owner', status: 'active' }, userError: null }
[2m[WebServer] [22m[Middleware] Access granted for admin role: owner
[2m[WebServer] [22m[Middleware] Admin user data query result: { userData: { role: 'owner', status: 'active' }, userError: null }
[2m[WebServer] [22m[Middleware] Access granted for admin role: owner
[2m[WebServer] [22m[Middleware] Admin user data query result: { userData: { role: 'owner', status: 'active' }, userError: null }
[2m[WebServer] [22m[Middleware] Access granted for admin role: owner
[2m[WebServer] [22m[Middleware] Admin user data query result: { userData: { role: 'owner', status: 'active' }, userError: null }
[2m[WebServer] [22m[Middleware] Access granted for admin role: owner
[2m[WebServer] [22m GET /api/admin/emails [33m400[39m in 251ms[2m (compile: 10ms, proxy.ts: 235ms, render: 7ms)[22m
[2m[WebServer] [22m GET /admin/emails [32m200[39m in 419ms[2m (compile: 3ms, proxy.ts: 231ms, render: 185ms)[22m
[2m[WebServer] [22m GET /admin/emails [32m200[39m in 465ms[2m (compile: 26ms, proxy.ts: 281ms, render: 158ms)[22m
[2m[WebServer] [22m GET /admin/emails [32m200[39m in 466ms[2m (compile: 25ms, proxy.ts: 282ms, render: 159ms)[22m
🧹 Running comprehensive test cleanup...
[2m[WebServer] [22m[Middleware] User authenticated: e7f5ae65-376e-4d05-a18c-10a91295727a
[2m[WebServer] [22m[Middleware] User authenticated: e7f5ae65-376e-4d05-a18c-10a91295727a
[2m[WebServer] [22m[Middleware] User authenticated: e7f5ae65-376e-4d05-a18c-10a91295727a
[2m[WebServer] [22m[Middleware] Admin user data query result: { userData: { role: 'owner', status: 'active' }, userError: null }
[2m[WebServer] [22m[Middleware] Access granted for admin role: owner
[2m[WebServer] [22m[Middleware] Admin user data query result: { userData: { role: 'owner', status: 'active' }, userError: null }
[2m[WebServer] [22m[Middleware] Access granted for admin role: owner
[2m[WebServer] [22m[Middleware] Admin user data query result: { userData: { role: 'owner', status: 'active' }, userError: null }
[2m[WebServer] [22m[Middleware] Access granted for admin role: owner
[2m[WebServer] [22m[Middleware] User authenticated: e7f5ae65-376e-4d05-a18c-10a91295727a
[2m[WebServer] [22m[Middleware] User authenticated: e7f5ae65-376e-4d05-a18c-10a91295727a
[2m[WebServer] [22m[Middleware] User authenticated: e7f5ae65-376e-4d05-a18c-10a91295727a
[2m[WebServer] [22m[Middleware] Admin user data query result: { userData: { role: 'owner', status: 'active' }, userError: null }
[2m[WebServer] [22m[Middleware] Access granted for admin role: owner
[2m[WebServer] [22m[verifyAuth] User authenticated: e7f5ae65-376e-4d05-a18c-10a91295727a
[2m[WebServer] [22m GET /api/admin/emails [33m400[39m in 249ms[2m (compile: 4ms, proxy.ts: 240ms, render: 5ms)[22m
[2m[WebServer] [22m GET /api/admin/guests?format=simple [32m200[39m in 448ms[2m (compile: 8ms, proxy.ts: 302ms, render: 138ms)[22m
[2m[WebServer] [22m GET /api/admin/groups [32m200[39m in 479ms[2m (compile: 4ms, proxy.ts: 323ms, render: 152ms)[22m
[2m[WebServer] [22m[Middleware] Admin user data query result: { userData: { role: 'owner', status: 'active' }, userError: null }
[2m[WebServer] [22m[Middleware] Access granted for admin role: owner
[2m[WebServer] [22m GET /api/admin/emails [33m400[39m in 302ms[2m (compile: 1243µs, proxy.ts: 296ms, render: 4ms)[22m
[2m[WebServer] [22m[Middleware] Admin user data query result: { userData: { role: 'owner', status: 'active' }, userError: null }
[2m[WebServer] [22m[Middleware] Access granted for admin role: owner
[2m[WebServer] [22m GET /api/admin/emails [33m400[39m in 319ms[2m (compile: 3ms, proxy.ts: 311ms, render: 5ms)[22m
[2m[WebServer] [22m GET /api/admin/emails/templates [32m200[39m in 538ms[2m (compile: 14ms, proxy.ts: 303ms, render: 221ms)[22m
🧹 Running comprehensive test cleanup...
✅ Comprehensive cleanup complete
  ✓   6 [chromium] › __tests__/e2e/admin/emailManagement.spec.ts:359:7 › Email Scheduling & Drafts › should schedule email for future delivery (8.7s)
[2m[WebServer] [22m[Middleware] User authenticated: e7f5ae65-376e-4d05-a18c-10a91295727a
[2m[WebServer] [22m[Middleware] Admin user data query result: { userData: { role: 'owner', status: 'active' }, userError: null }
[2m[WebServer] [22m[Middleware] Access granted for admin role: owner
✅ Comprehensive cleanup complete
[2m[WebServer] [22m GET /admin/emails [32m200[39m in 311ms[2m (compile: 5ms, proxy.ts: 220ms, render: 86ms)[22m
  ✓   7 [chromium] › __tests__/e2e/admin/emailManagement.spec.ts:398:7 › Email Scheduling & Drafts › should save email as draft (5.3s)
  -   9 [chromium] › __tests__/e2e/admin/emailManagement.spec.ts:479:8 › Bulk Email & Template Management › should create and use email template
[2m[WebServer] [22m[Middleware] User authenticated: e7f5ae65-376e-4d05-a18c-10a91295727a
[2m[WebServer] [22m[Middleware] Admin user data query result: { userData: { role: 'owner', status: 'active' }, userError: null }
[2m[WebServer] [22m[Middleware] Access granted for admin role: owner
[2m[WebServer] [22m GET /admin/emails [32m200[39m in 280ms[2m (compile: 2ms, proxy.ts: 232ms, render: 46ms)[22m
[2m[WebServer] [22m[Middleware] User authenticated: e7f5ae65-376e-4d05-a18c-10a91295727a
[2m[WebServer] [22m[Middleware] Admin user data query result: { userData: { role: 'owner', status: 'active' }, userError: null }
[2m[WebServer] [22m[Middleware] Access granted for admin role: owner
[2m[WebServer] [22m GET /api/admin/emails [33m400[39m in 279ms[2m (compile: 1422µs, proxy.ts: 273ms, render: 4ms)[22m
[2m[WebServer] [22m[Middleware] User authenticated: e7f5ae65-376e-4d05-a18c-10a91295727a
[2m[WebServer] [22m[Middleware] Admin user data query result: { userData: { role: 'owner', status: 'active' }, userError: null }
[2m[WebServer] [22m[Middleware] Access granted for admin role: owner
[2m[WebServer] [22m GET /api/admin/emails [33m400[39m in 242ms[2m (compile: 3ms, proxy.ts: 231ms, render: 9ms)[22m
[2m[WebServer] [22m[Middleware] User authenticated: e7f5ae65-376e-4d05-a18c-10a91295727a
[2m[WebServer] [22m[Middleware] User authenticated: e7f5ae65-376e-4d05-a18c-10a91295727a
[2m[WebServer] [22m[Middleware] User authenticated: e7f5ae65-376e-4d05-a18c-10a91295727a
[2m[WebServer] [22m[Middleware] Admin user data query result: { userData: { role: 'owner', status: 'active' }, userError: null }
[2m[WebServer] [22m[Middleware] Access granted for admin role: owner
[2m[WebServer] [22m[Middleware] Admin user data query result: { userData: { role: 'owner', status: 'active' }, userError: null }
[2m[WebServer] [22m[Middleware] Access granted for admin role: owner
[2m[WebServer] [22m[Middleware] Admin user data query result: { userData: { role: 'owner', status: 'active' }, userError: null }
[2m[WebServer] [22m[Middleware] Access granted for admin role: owner
[2m[WebServer] [22m[verifyAuth] User authenticated: e7f5ae65-376e-4d05-a18c-10a91295727a
[2m[WebServer] [22m GET /api/admin/groups [32m200[39m in 392ms[2m (compile: 4ms, proxy.ts: 239ms, render: 149ms)[22m
[2m[WebServer] [22m GET /api/admin/guests?format=simple [32m200[39m in 395ms[2m (compile: 4ms, proxy.ts: 236ms, render: 155ms)[22m
[2m[WebServer] [22m GET /api/admin/emails/templates [32m200[39m in 474ms[2m (compile: 1397µs, proxy.ts: 224ms, render: 248ms)[22m
[2m[WebServer] [22m[Middleware] User authenticated: e7f5ae65-376e-4d05-a18c-10a91295727a
[2m[WebServer] [22m[Middleware] User authenticated: e7f5ae65-376e-4d05-a18c-10a91295727a
[2m[WebServer] [22m[Middleware] User authenticated: e7f5ae65-376e-4d05-a18c-10a91295727a
[2m[WebServer] [22m[Middleware] Admin user data query result: { userData: { role: 'owner', status: 'active' }, userError: null }
[2m[WebServer] [22m[Middleware] Access granted for admin role: owner
[2m[WebServer] [22m[Middleware] Admin user data query result: { userData: { role: 'owner', status: 'active' }, userError: null }
[2m[WebServer] [22m[Middleware] Access granted for admin role: owner
[2m[WebServer] [22m[Middleware] Admin user data query result: { userData: { role: 'owner', status: 'active' }, userError: null }
[2m[WebServer] [22m[Middleware] Access granted for admin role: owner
[2m[WebServer] [22m GET /api/admin/groups [32m200[39m in 361ms[2m (compile: 4ms, proxy.ts: 243ms, render: 113ms)[22m
[2m[WebServer] [22m[verifyAuth] User authenticated: e7f5ae65-376e-4d05-a18c-10a91295727a
[2m[WebServer] [22m GET /api/admin/guests?format=simple [32m200[39m in 405ms[2m (compile: 1319µs, proxy.ts: 276ms, render: 127ms)[22m
[2m[WebServer] [22m GET /api/admin/emails/templates [32m200[39m in 496ms[2m (compile: 3ms, proxy.ts: 242ms, render: 251ms)[22m
[2m[WebServer] [22m[Middleware] User authenticated: e7f5ae65-376e-4d05-a18c-10a91295727a
[2m[WebServer] [22m[Middleware] Admin user data query result: { userData: { role: 'owner', status: 'active' }, userError: null }
[2m[WebServer] [22m[Middleware] Access granted for admin role: owner
[2m[WebServer] [22m[Middleware] User authenticated: e7f5ae65-376e-4d05-a18c-10a91295727a
[2m[WebServer] [22m[Middleware] Admin user data query result: { userData: { role: 'owner', status: 'active' }, userError: null }
[2m[WebServer] [22m[Middleware] Access granted for admin role: owner
[2m[WebServer] [22m POST /api/admin/emails/send [32m200[39m in 1015ms[2m (compile: 444ms, proxy.ts: 237ms, render: 334ms)[22m
[2m[WebServer] [22m[Middleware] User authenticated: e7f5ae65-376e-4d05-a18c-10a91295727a
[2m[WebServer] [22m[Middleware] Admin user data query result: { userData: { role: 'owner', status: 'active' }, userError: null }
[2m[WebServer] [22m[Middleware] Access granted for admin role: owner
[2m[WebServer] [22m GET /api/admin/emails [33m400[39m in 250ms[2m (compile: 4ms, proxy.ts: 240ms, render: 6ms)[22m
🧹 Running comprehensive test cleanup...
🧹 Running comprehensive test cleanup...
✅ Comprehensive cleanup complete
  ✘   4 [chromium] › __tests__/e2e/admin/emailManagement.spec.ts:95:7 › Email Composition & Templates › should complete full email composition and sending workflow (26.3s)
✅ Comprehensive cleanup complete
  ✓   8 [chromium] › __tests__/e2e/admin/emailManagement.spec.ts:448:7 › Email Scheduling & Drafts › should show email history after sending (6.2s)
[2m[WebServer] [22m[Middleware] User authenticated: e7f5ae65-376e-4d05-a18c-10a91295727a
[2m[WebServer] [22m[Middleware] Admin user data query result: { userData: { role: 'owner', status: 'active' }, userError: null }
[2m[WebServer] [22m[Middleware] Access granted for admin role: owner
[dotenv@17.2.4] injecting env (0) from .env.e2e -- tip: ⚙️  suppress all logs with { quiet: true }
[2m[WebServer] [22m GET /admin/emails [32m200[39m in 351ms[2m (compile: 31ms, proxy.ts: 228ms, render: 92ms)[22m
[2m[WebServer] [22m[Middleware] User authenticated: e7f5ae65-376e-4d05-a18c-10a91295727a
[2m[WebServer] [22m[Middleware] User authenticated: e7f5ae65-376e-4d05-a18c-10a91295727a
[2m[WebServer] [22m[Middleware] User authenticated: e7f5ae65-376e-4d05-a18c-10a91295727a
[2m[WebServer] [22m[Middleware] Admin user data query result: { userData: { role: 'owner', status: 'active' }, userError: null }
[2m[WebServer] [22m[Middleware] Access granted for admin role: owner
[2m[WebServer] [22m[Middleware] Admin user data query result: { userData: { role: 'owner', status: 'active' }, userError: null }
[2m[WebServer] [22m[Middleware] Access granted for admin role: owner
[2m[WebServer] [22m[Middleware] Admin user data query result: { userData: { role: 'owner', status: 'active' }, userError: null }
[2m[WebServer] [22m[Middleware] Access granted for admin role: owner
[2m[WebServer] [22m POST /api/admin/emails/send [32m200[39m in 4.0s[2m (compile: 2ms, proxy.ts: 290ms, render: 3.8s)[22m
[2m[WebServer] [22m GET /api/admin/emails [33m400[39m in 293ms[2m (compile: 16ms, proxy.ts: 268ms, render: 9ms)[22m
[2m[WebServer] [22m GET /admin/emails [32m200[39m in 410ms[2m (compile: 6ms, proxy.ts: 237ms, render: 168ms)[22m
[2m[WebServer] [22m GET /admin/emails [32m200[39m in 446ms[2m (compile: 52ms, proxy.ts: 296ms, render: 98ms)[22m
[2m[WebServer] [22m[Middleware] User authenticated: e7f5ae65-376e-4d05-a18c-10a91295727a
[2m[WebServer] [22m[Middleware] Admin user data query result: { userData: { role: 'owner', status: 'active' }, userError: null }
[2m[WebServer] [22m[Middleware] Access granted for admin role: owner
[2m[WebServer] [22m GET /admin/emails [32m200[39m in 297ms[2m (compile: 2ms, proxy.ts: 255ms, render: 40ms)[22m
[2m[WebServer] [22m[Middleware] User authenticated: e7f5ae65-376e-4d05-a18c-10a91295727a
[2m[WebServer] [22m[Middleware] User authenticated: e7f5ae65-376e-4d05-a18c-10a91295727a
[2m[WebServer] [22m[Middleware] User authenticated: e7f5ae65-376e-4d05-a18c-10a91295727a
  ✓  10 [chromium] › __tests__/e2e/admin/emailManagement.spec.ts:496:7 › Bulk Email & Template Management › should send bulk email to all guests (7.4s)
[2m[WebServer] [22m[Middleware] Admin user data query result: { userData: { role: 'owner', status: 'active' }, userError: null }
[2m[WebServer] [22m[Middleware] Access granted for admin role: owner
[2m[WebServer] [22m[Middleware] Admin user data query result: { userData: { role: 'owner', status: 'active' }, userError: null }
[2m[WebServer] [22m[Middleware] Access granted for admin role: owner
[2m[WebServer] [22m[Middleware] Admin user data query result: { userData: { role: 'owner', status: 'active' }, userError: null }
[2m[WebServer] [22m[Middleware] Access granted for admin role: owner
[2m[WebServer] [22m[Middleware] User authenticated: e7f5ae65-376e-4d05-a18c-10a91295727a
[2m[WebServer] [22m[Middleware] User authenticated: e7f5ae65-376e-4d05-a18c-10a91295727a
[2m[WebServer] [22m[Middleware] Admin user data query result: { userData: { role: 'owner', status: 'active' }, userError: null }
[2m[WebServer] [22m[Middleware] Access granted for admin role: owner
[2m[WebServer] [22m[verifyAuth] User authenticated: e7f5ae65-376e-4d05-a18c-10a91295727a
[2m[WebServer] [22m GET /api/admin/groups [32m200[39m in 402ms[2m (compile: 12ms, proxy.ts: 250ms, render: 140ms)[22m
[2m[WebServer] [22m[Middleware] User authenticated: e7f5ae65-376e-4d05-a18c-10a91295727a
[2m[WebServer] [22m GET /api/admin/guests?format=simple [32m200[39m in 410ms[2m (compile: 21ms, proxy.ts: 255ms, render: 134ms)[22m
[2m[WebServer] [22m[Middleware] Admin user data query result: { userData: { role: 'owner', status: 'active' }, userError: null }
[2m[WebServer] [22m[Middleware] Access granted for admin role: owner
[2m[WebServer] [22m GET /api/admin/emails [33m400[39m in 319ms[2m (compile: 1391µs, proxy.ts: 311ms, render: 6ms)[22m
[2m[WebServer] [22m GET /api/admin/emails/templates [32m200[39m in 496ms[2m (compile: 27ms, proxy.ts: 259ms, render: 210ms)[22m
[2m[WebServer] [22m[Middleware] Admin user data query result: { userData: { role: 'owner', status: 'active' }, userError: null }
[2m[WebServer] [22m[Middleware] Access granted for admin role: owner
[2m[WebServer] [22m GET /admin/emails [32m200[39m in 344ms[2m (compile: 1871µs, proxy.ts: 285ms, render: 58ms)[22m
[2m[WebServer] [22m[Middleware] User authenticated: e7f5ae65-376e-4d05-a18c-10a91295727a
[2m[WebServer] [22m[Middleware] Admin user data query result: { userData: { role: 'owner', status: 'active' }, userError: null }
[2m[WebServer] [22m[Middleware] Access granted for admin role: owner
[2m[WebServer] [22m GET /api/admin/emails [33m400[39m in 253ms[2m (compile: 1972µs, proxy.ts: 243ms, render: 8ms)[22m
[2m[WebServer] [22m[Middleware] User authenticated: e7f5ae65-376e-4d05-a18c-10a91295727a
[2m[WebServer] [22m[Middleware] User authenticated: e7f5ae65-376e-4d05-a18c-10a91295727a
[2m[WebServer] [22m[Middleware] User authenticated: e7f5ae65-376e-4d05-a18c-10a91295727a
[2m[WebServer] [22m[Middleware] User authenticated: e7f5ae65-376e-4d05-a18c-10a91295727a
[2m[WebServer] [22m[Middleware] Admin user data query result: { userData: { role: 'owner', status: 'active' }, userError: null }
[2m[WebServer] [22m[Middleware] Access granted for admin role: owner
[2m[WebServer] [22m[Middleware] Admin user data query result: { userData: { role: 'owner', status: 'active' }, userError: null }
[2m[WebServer] [22m[Middleware] Access granted for admin role: owner
[2m[WebServer] [22m[Middleware] Admin user data query result: { userData: { role: 'owner', status: 'active' }, userError: null }
[2m[WebServer] [22m[Middleware] Access granted for admin role: owner
[2m[WebServer] [22m[Middleware] Admin user data query result: { userData: { role: 'owner', status: 'active' }, userError: null }
[2m[WebServer] [22m[Middleware] Access granted for admin role: owner
[2m[WebServer] [22m[verifyAuth] User authenticated: e7f5ae65-376e-4d05-a18c-10a91295727a
[2m[WebServer] [22m GET /api/admin/groups [32m200[39m in 389ms[2m (compile: 7ms, proxy.ts: 240ms, render: 141ms)[22m
[2m[WebServer] [22m GET /api/admin/guests?format=simple [32m200[39m in 392ms[2m (compile: 10ms, proxy.ts: 242ms, render: 140ms)[22m
[2m[WebServer] [22m GET /api/admin/emails/templates [32m200[39m in 480ms[2m (compile: 6ms, proxy.ts: 239ms, render: 235ms)[22m
[2m[WebServer] [22m POST /api/admin/emails/send [32m200[39m in 445ms[2m (compile: 1974µs, proxy.ts: 219ms, render: 224ms)[22m
[2m[WebServer] [22m[Middleware] User authenticated: e7f5ae65-376e-4d05-a18c-10a91295727a
[2m[WebServer] [22m[Middleware] Admin user data query result: { userData: { role: 'owner', status: 'active' }, userError: null }
[2m[WebServer] [22m[Middleware] Access granted for admin role: owner
[2m[WebServer] [22m GET /api/admin/emails [33m400[39m in 262ms[2m (compile: 1566µs, proxy.ts: 257ms, render: 4ms)[22m
[2m[WebServer] [22m[Middleware] User authenticated: e7f5ae65-376e-4d05-a18c-10a91295727a
[2m[WebServer] [22m[Middleware] Admin user data query result: { userData: { role: 'owner', status: 'active' }, userError: null }
[2m[WebServer] [22m[Middleware] Access granted for admin role: owner
[2m[WebServer] [22m GET /api/admin/emails [33m400[39m in 233ms[2m (compile: 1517µs, proxy.ts: 227ms, render: 5ms)[22m
[2m[WebServer] [22m[Middleware] User authenticated: e7f5ae65-376e-4d05-a18c-10a91295727a
[2m[WebServer] [22m[Middleware] User authenticated: e7f5ae65-376e-4d05-a18c-10a91295727a
[2m[WebServer] [22m[Middleware] User authenticated: e7f5ae65-376e-4d05-a18c-10a91295727a
[2m[WebServer] [22m[Middleware] User authenticated: e7f5ae65-376e-4d05-a18c-10a91295727a
[2m[WebServer] [22m[Middleware] Admin user data query result: { userData: { role: 'owner', status: 'active' }, userError: null }
[2m[WebServer] [22m[Middleware] Access granted for admin role: owner
[2m[WebServer] [22m[Middleware] Admin user data query result: { userData: { role: 'owner', status: 'active' }, userError: null }
[2m[WebServer] [22m[Middleware] Access granted for admin role: owner
[2m[WebServer] [22m[Middleware] Admin user data query result: { userData: { role: 'owner', status: 'active' }, userError: null }
[2m[WebServer] [22m[Middleware] Access granted for admin role: owner
[2m[WebServer] [22m[Middleware] Admin user data query result: { userData: { role: 'owner', status: 'active' }, userError: null }
[2m[WebServer] [22m[Middleware] Access granted for admin role: owner
🧹 Running comprehensive test cleanup...
[2m[WebServer] [22m GET /api/admin/groups [32m200[39m in 373ms[2m (compile: 1384µs, proxy.ts: 248ms, render: 124ms)[22m
[2m[WebServer] [22m[verifyAuth] User authenticated: e7f5ae65-376e-4d05-a18c-10a91295727a
[2m[WebServer] [22m GET /api/admin/guests?format=simple [32m200[39m in 383ms[2m (compile: 7ms, proxy.ts: 251ms, render: 125ms)[22m
[2m[WebServer] [22m GET /api/admin/emails/templates [32m200[39m in 491ms[2m (compile: 5ms, proxy.ts: 256ms, render: 231ms)[22m
  ✓  13 [chromium] › __tests__/e2e/admin/emailManagement.spec.ts:565:7 › Email Management Accessibility › should have keyboard navigation in email form (2.6s)
[2m[WebServer] [22m POST /api/admin/emails/send [32m200[39m in 673ms[2m (compile: 1324µs, proxy.ts: 238ms, render: 434ms)[22m
[2m[WebServer] [22m[Middleware] User authenticated: e7f5ae65-376e-4d05-a18c-10a91295727a
[2m[WebServer] [22m[Middleware] User authenticated: e7f5ae65-376e-4d05-a18c-10a91295727a
  ✓  11 [chromium] › __tests__/e2e/admin/emailManagement.spec.ts:522:7 › Bulk Email & Template Management › should sanitize email content for XSS prevention (4.8s)
[2m[WebServer] [22m[Middleware] Admin user data query result: { userData: { role: 'owner', status: 'active' }, userError: null }
[2m[WebServer] [22m[Middleware] Access granted for admin role: owner
[2m[WebServer] [22m GET /api/admin/emails [33m400[39m in 248ms[2m (compile: 1336µs, proxy.ts: 243ms, render: 4ms)[22m
[2m[WebServer] [22m[Middleware] Admin user data query result: { userData: { role: 'owner', status: 'active' }, userError: null }
[2m[WebServer] [22m[Middleware] Access granted for admin role: owner
[2m[WebServer] [22m GET /admin/emails [32m200[39m in 288ms[2m (compile: 1915µs, proxy.ts: 238ms, render: 47ms)[22m
🧹 Running comprehensive test cleanup...
[2m[WebServer] [22m[Middleware] User authenticated: e7f5ae65-376e-4d05-a18c-10a91295727a
[2m[WebServer] [22m[Middleware] Admin user data query result: { userData: { role: 'owner', status: 'active' }, userError: null }
[2m[WebServer] [22m[Middleware] Access granted for admin role: owner
[2m[WebServer] [22m GET /api/admin/emails [33m400[39m in 234ms[2m (compile: 1755µs, proxy.ts: 227ms, render: 5ms)[22m
✅ Comprehensive cleanup complete
  ✘   5 [chromium] › __tests__/e2e/admin/emailManagement.spec.ts:279:7 › Email Composition & Templates › should preview email before sending (20.7s)
[2m[WebServer] [22m[Middleware] User authenticated: e7f5ae65-376e-4d05-a18c-10a91295727a
[2m[WebServer] [22m[Middleware] User authenticated: e7f5ae65-376e-4d05-a18c-10a91295727a
[2m[WebServer] [22m[Middleware] User authenticated: e7f5ae65-376e-4d05-a18c-10a91295727a
[2m[WebServer] [22m[Middleware] User authenticated: e7f5ae65-376e-4d05-a18c-10a91295727a
[2m[WebServer] [22m[Middleware] Admin user data query result: { userData: { role: 'owner', status: 'active' }, userError: null }
[2m[WebServer] [22m[Middleware] Access granted for admin role: owner
✅ Comprehensive cleanup complete
[2m[WebServer] [22m[Middleware] Admin user data query result: { userData: { role: 'owner', status: 'active' }, userError: null }
[2m[WebServer] [22m[Middleware] Access granted for admin role: owner
[2m[WebServer] [22m[Middleware] Admin user data query result: { userData: { role: 'owner', status: 'active' }, userError: null }
[2m[WebServer] [22m[Middleware] Access granted for admin role: owner
[2m[WebServer] [22m[Middleware] Admin user data query result: { userData: { role: 'owner', status: 'active' }, userError: null }
[2m[WebServer] [22m[Middleware] Access granted for admin role: owner
[2m[WebServer] [22m GET /admin/emails [32m200[39m in 302ms[2m (compile: 2ms, proxy.ts: 225ms, render: 75ms)[22m
[2m[WebServer] [22m[verifyAuth] User authenticated: e7f5ae65-376e-4d05-a18c-10a91295727a
[2m[WebServer] [22m GET /api/admin/guests?format=simple [32m200[39m in 396ms[2m (compile: 15ms, proxy.ts: 249ms, render: 132ms)[22m
[2m[WebServer] [22m GET /api/admin/groups [32m200[39m in 398ms[2m (compile: 13ms, proxy.ts: 248ms, render: 136ms)[22m
[2m[WebServer] [22m GET /api/admin/emails/templates [32m200[39m in 493ms[2m (compile: 16ms, proxy.ts: 250ms, render: 227ms)[22m
  ✘  12 [chromium] › __tests__/e2e/admin/emailManagement.spec.ts:95:7 › Email Composition & Templates › should complete full email composition and sending workflow (retry #1) (5.9s)
  ✓  14 [chromium] › __tests__/e2e/admin/emailManagement.spec.ts:595:7 › Email Management Accessibility › should have accessible form elements with ARIA labels (2.3s)
[2m[WebServer] [22m[Middleware] User authenticated: e7f5ae65-376e-4d05-a18c-10a91295727a
[2m[WebServer] [22m[Middleware] Admin user data query result: { userData: { role: 'owner', status: 'active' }, userError: null }
[2m[WebServer] [22m[Middleware] Access granted for admin role: owner
[2m[WebServer] [22m GET /api/admin/emails [33m400[39m in 234ms[2m (compile: 2ms, proxy.ts: 225ms, render: 7ms)[22m
[2m[WebServer] [22m[Middleware] User authenticated: e7f5ae65-376e-4d05-a18c-10a91295727a
[2m[WebServer] [22m[Middleware] User authenticated: e7f5ae65-376e-4d05-a18c-10a91295727a
[2m[WebServer] [22m[Middleware] User authenticated: e7f5ae65-376e-4d05-a18c-10a91295727a
[2m[WebServer] [22m[Middleware] Admin user data query result: { userData: { role: 'owner', status: 'active' }, userError: null }
[2m[WebServer] [22m[Middleware] Access granted for admin role: owner
[2m[WebServer] [22m[Middleware] Admin user data query result: { userData: { role: 'owner', status: 'active' }, userError: null }
[2m[WebServer] [22m[Middleware] Access granted for admin role: owner
[2m[WebServer] [22m[Middleware] Admin user data query result: { userData: { role: 'owner', status: 'active' }, userError: null }
[2m[WebServer] [22m[Middleware] Access granted for admin role: owner
[2m[WebServer] [22m[verifyAuth] User authenticated: e7f5ae65-376e-4d05-a18c-10a91295727a
[2m[WebServer] [22m GET /api/admin/guests?format=simple [32m200[39m in 362ms[2m (compile: 3ms, proxy.ts: 235ms, render: 124ms)[22m
[2m[WebServer] [22m GET /api/admin/groups [32m200[39m in 366ms[2m (compile: 3ms, proxy.ts: 221ms, render: 142ms)[22m
[2m[WebServer] [22m GET /api/admin/emails/templates [32m200[39m in 440ms[2m (compile: 4ms, proxy.ts: 222ms, render: 215ms)[22m
🧹 Running comprehensive test cleanup...
✅ Comprehensive cleanup complete
  ✘  15 [chromium] › __tests__/e2e/admin/emailManagement.spec.ts:279:7 › Email Composition & Templates › should preview email before sending (retry #1) (20.6s)

🧹 E2E Global Teardown Starting...

🗑️  Cleaning up test data...
🧹 Running comprehensive test cleanup...
✅ Comprehensive cleanup complete
✅ Test data cleaned

🔓 Removing authentication state...
   Removed: .auth/admin.json
   Removed empty .auth directory
✅ Authentication state removed

📊 Execution Summary:
   Duration: 1.55s
   Errors: 0
   Status: ✅ Clean teardown

✨ E2E Global Teardown Complete!



  1) [chromium] › __tests__/e2e/admin/emailManagement.spec.ts:95:7 › Email Composition & Templates › should complete full email composition and sending workflow 

    TimeoutError: locator.selectOption: Timeout 15000ms exceeded.
    Call log:
    [2m  - waiting for locator('select#recipients')[22m
    [2m    - locator resolved to <select multiple required="" id="recipients" aria-label="Select guest recipients" class="w-full px-3 py-2 border border-sage-300 rounded-lg focus:outline-none focus:ring-2 focus:ring-jungle-500 min-h-[120px]">…</select>[22m
    [2m  - attempting select option action[22m
    [2m    2 × waiting for element to be visible and enabled[22m
    [2m      - did not find some options[22m
    [2m    - retrying select option action[22m
    [2m    - waiting 20ms[22m
    [2m    2 × waiting for element to be visible and enabled[22m
    [2m      - did not find some options[22m
    [2m    - retrying select option action[22m
    [2m      - waiting 100ms[22m
    [2m    7 × waiting for element to be visible and enabled[22m
    [2m      - did not find some options[22m
    [2m    - retrying select option action[22m
    [2m      - waiting 500ms[22m
    [2m  - element was detached from the DOM, retrying[22m
    [2m    2 × waiting for" http://localhost:3000/admin/emails" navigation to finish...[22m
    [2m      - navigated to "http://localhost:3000/admin/emails"[22m


      113 |     // Select recipients from multi-select dropdown
      114 |     const recipientsSelect = page.locator('select#recipients');
    > 115 |     await recipientsSelect.selectOption([testGuestId1, testGuestId2]);
          |                            ^
      116 |     await page.waitForTimeout(300);
      117 |
      118 |     // Fill in subject
        at /Users/jaron/Desktop/wedding-platform-v2/__tests__/e2e/admin/emailManagement.spec.ts:115:28

    attachment #1: screenshot (image/png) ──────────────────────────────────────────────────────────
    test-results/admin-emailManagement-Emai-751e6-sition-and-sending-workflow-chromium/test-failed-1.png
    ────────────────────────────────────────────────────────────────────────────────────────────────

    attachment #2: video (video/webm) ──────────────────────────────────────────────────────────────
    test-results/admin-emailManagement-Emai-751e6-sition-and-sending-workflow-chromium/video.webm
    ────────────────────────────────────────────────────────────────────────────────────────────────

    Error Context: test-results/admin-emailManagement-Emai-751e6-sition-and-sending-workflow-chromium/error-context.md

    Retry #1 ───────────────────────────────────────────────────────────────────────────────────────

    Error: [2mexpect([22m[31mreceived[39m[2m).[22mtoContain[2m([22m[32mexpected[39m[2m) // indexOf[22m

    Expected value: [32mundefined[39m
    Received array: [31m["pending", "sent"][39m

      147 |     expect(emailQueue).toBeDefined();
      148 |     expect(emailQueue!.length).toBe(2);
    > 149 |     expect(['pending', 'sent']).toContain(emailQueue![0].status);
          |                                 ^
      150 |   });
      151 |
      152 |   test('should use email template with variable substitution', async ({ page }) => {
        at /Users/jaron/Desktop/wedding-platform-v2/__tests__/e2e/admin/emailManagement.spec.ts:149:33

    attachment #1: screenshot (image/png) ──────────────────────────────────────────────────────────
    test-results/admin-emailManagement-Emai-751e6-sition-and-sending-workflow-chromium-retry1/test-failed-1.png
    ────────────────────────────────────────────────────────────────────────────────────────────────

    attachment #2: video (video/webm) ──────────────────────────────────────────────────────────────
    test-results/admin-emailManagement-Emai-751e6-sition-and-sending-workflow-chromium-retry1/video.webm
    ────────────────────────────────────────────────────────────────────────────────────────────────

    Error Context: test-results/admin-emailManagement-Emai-751e6-sition-and-sending-workflow-chromium-retry1/error-context.md

    attachment #4: trace (application/zip) ─────────────────────────────────────────────────────────
    test-results/admin-emailManagement-Emai-751e6-sition-and-sending-workflow-chromium-retry1/trace.zip
    Usage:

        npx playwright show-trace test-results/admin-emailManagement-Emai-751e6-sition-and-sending-workflow-chromium-retry1/trace.zip

    ────────────────────────────────────────────────────────────────────────────────────────────────

  2) [chromium] › __tests__/e2e/admin/emailManagement.spec.ts:279:7 › Email Composition & Templates › should preview email before sending 

    TimeoutError: locator.click: Timeout 15000ms exceeded.
    Call log:
    [2m  - waiting for locator('button:has-text("Show Preview")')[22m
    [2m    - waiting for" http://localhost:3000/admin/emails" navigation to finish...[22m
    [2m    - navigated to "http://localhost:3000/admin/emails"[22m
    [2m    - waiting for navigation to finish...[22m
    [2m    - navigated to "http://localhost:3000/admin/emails"[22m


      310 |
      311 |     // Click preview again to hide
    > 312 |     await previewButton.click();
          |                         ^
      313 |     await page.waitForTimeout(300);
      314 |
      315 |     // Now send the email
        at /Users/jaron/Desktop/wedding-platform-v2/__tests__/e2e/admin/emailManagement.spec.ts:312:25

    attachment #1: screenshot (image/png) ──────────────────────────────────────────────────────────
    test-results/admin-emailManagement-Emai-b3508-review-email-before-sending-chromium/test-failed-1.png
    ────────────────────────────────────────────────────────────────────────────────────────────────

    attachment #2: video (video/webm) ──────────────────────────────────────────────────────────────
    test-results/admin-emailManagement-Emai-b3508-review-email-before-sending-chromium/video.webm
    ────────────────────────────────────────────────────────────────────────────────────────────────

    Error Context: test-results/admin-emailManagement-Emai-b3508-review-email-before-sending-chromium/error-context.md

    Retry #1 ───────────────────────────────────────────────────────────────────────────────────────

    TimeoutError: locator.click: Timeout 15000ms exceeded.
    Call log:
    [2m  - waiting for locator('button:has-text("Show Preview")')[22m


      310 |
      311 |     // Click preview again to hide
    > 312 |     await previewButton.click();
          |                         ^
      313 |     await page.waitForTimeout(300);
      314 |
      315 |     // Now send the email
        at /Users/jaron/Desktop/wedding-platform-v2/__tests__/e2e/admin/emailManagement.spec.ts:312:25

    attachment #1: screenshot (image/png) ──────────────────────────────────────────────────────────
    test-results/admin-emailManagement-Emai-b3508-review-email-before-sending-chromium-retry1/test-failed-1.png
    ────────────────────────────────────────────────────────────────────────────────────────────────

    attachment #2: video (video/webm) ──────────────────────────────────────────────────────────────
    test-results/admin-emailManagement-Emai-b3508-review-email-before-sending-chromium-retry1/video.webm
    ────────────────────────────────────────────────────────────────────────────────────────────────

    Error Context: test-results/admin-emailManagement-Emai-b3508-review-email-before-sending-chromium-retry1/error-context.md

    attachment #4: trace (application/zip) ─────────────────────────────────────────────────────────
    test-results/admin-emailManagement-Emai-b3508-review-email-before-sending-chromium-retry1/trace.zip
    Usage:

        npx playwright show-trace test-results/admin-emailManagement-Emai-b3508-review-email-before-sending-chromium-retry1/trace.zip

    ────────────────────────────────────────────────────────────────────────────────────────────────

  2 failed
    [chromium] › __tests__/e2e/admin/emailManagement.spec.ts:95:7 › Email Composition & Templates › should complete full email composition and sending workflow 
    [chromium] › __tests__/e2e/admin/emailManagement.spec.ts:279:7 › Email Composition & Templates › should preview email before sending 
  1 skipped
  10 passed (1.1m)

[36m  Serving HTML report at http://localhost:62099. Press Ctrl+C to quit.[39m
