
> destination-wedding-platform@0.1.0 test:e2e
> playwright test __tests__/e2e/auth/guestAuth.spec.ts

[dotenv@17.2.4] injecting env (24) from .env.e2e -- tip: 🔄 add secrets lifecycle management: https://dotenvx.com/ops
[2m[WebServer] [22m
[2m[WebServer] [22m> destination-wedding-platform@0.1.0 dev
[2m[WebServer] [22m> next dev --webpack
[2m[WebServer] [22m
[2m[WebServer] [22m[1m[38;2;173;127;168m▲ Next.js 16.1.1[39m[22m (webpack)
[2m[WebServer] [22m- Local:         http://localhost:3000
[2m[WebServer] [22m- Network:       http://192.168.7.238:3000
[2m[WebServer] [22m- Environments: .env.test
[2m[WebServer] [22m
[2m[WebServer] [22m[32m[1m✓[22m[39m Starting...
[2m[WebServer] [22m[33m[1m⚠[22m[39m The "middleware" file convention is deprecated. Please use "proxy" instead. Learn more: https://nextjs.org/docs/messages/middleware-to-proxy
[2m[WebServer] [22m🚀 Initializing application services...
[2m[WebServer] [22m✅ B2 client initialized successfully {
[2m[WebServer] [22m  endpoint: [32m'https://s3.us-west-004.backblazeb2.com'[39m,
[2m[WebServer] [22m  region: [32m'us-west-004'[39m,
[2m[WebServer] [22m  bucket: [32m'test-bucket'[39m,
[2m[WebServer] [22m  cdnDomain: [32m'https://test-cdn.example.com'[39m
[2m[WebServer] [22m}
[2m[WebServer] [22m✅ Application services initialized successfully
[2m[WebServer] [22m[32m[1m✓[22m[39m Ready in 2s

🚀 E2E Global Setup Starting...

📊 Verifying test database connection...
[2m[WebServer] [22m GET / [32m200[39m in 2.3s[2m (compile: 1988ms, proxy.ts: 165ms, render: 181ms)[22m
✅ Test database connected

🧹 Cleaning up test data...
   Cleaning up leftover test data...
   Test data cleanup complete
✅ Test data cleaned

👤 Creating test guest...
   Created warmup guest: warmup@example.com (ID: 2af8ac7d-b3d0-4f95-b91d-50e1314e9739)
   Created test guest: test@example.com (ID: 6056f852-fabb-45ca-8627-eeb70d73ef8a)
✅ Test guest created

📦 Creating comprehensive test data...
   Creating location hierarchy...
   Location hierarchy already exists
   Creating events...
   Events already exist
   Creating activities...
   Warning: Could not create comprehensive test data: Failed to create ceremony activity: Could not find the 'cost_per_guest' column of 'activities' in the schema cache
   Some E2E tests may fail due to missing data
✅ Comprehensive test data created

🌐 Verifying Next.js server...
✅ Next.js server is running

🔥 Warming up API routes...
   Warming up 3 guest auth routes with retry logic...
[2m[WebServer] [22m GET / [32m200[39m in 40ms[2m (compile: 3ms, proxy.ts: 11ms, render: 26ms)[22m
[2m[WebServer] [22m[API] Looking for guest with email: warmup@example.com
[2m[WebServer] [22m[API] Guest query result: {
[2m[WebServer] [22m  found: [33mtrue[39m,
[2m[WebServer] [22m  email: [32m'warmup@example.com'[39m,
[2m[WebServer] [22m  authMethod: [32m'email_matching'[39m,
[2m[WebServer] [22m  error: [90mundefined[39m
[2m[WebServer] [22m}
[2m[WebServer] [22m[API] Setting guest session cookie: {
[2m[WebServer] [22m  tokenPrefix: [32m'8a8625e8'[39m,
[2m[WebServer] [22m  cookieOptions: {
[2m[WebServer] [22m    httpOnly: [33mtrue[39m,
[2m[WebServer] [22m    secure: [33mfalse[39m,
[2m[WebServer] [22m    sameSite: [32m'lax'[39m,
[2m[WebServer] [22m    maxAge: [33m86400[39m,
[2m[WebServer] [22m    path: [32m'/'[39m
[2m[WebServer] [22m  },
[2m[WebServer] [22m  guestId: [32m'2af8ac7d-b3d0-4f95-b91d-50e1314e9739'[39m,
[2m[WebServer] [22m  sessionId: [32m'cdacc461-3c9d-49c4-a569-2c1fd4ecdee9'[39m
[2m[WebServer] [22m}
   ✅ Route ready: /api/guest-auth/email-match (attempt 1/5, status: 200)
[2m[WebServer] [22m POST /api/guest-auth/email-match [32m200[39m in 1763ms[2m (compile: 1265ms, proxy.ts: 6ms, render: 492ms)[22m
[2m[WebServer] [22m[Magic Link Request] Processing request for email: warmup@example.com
[2m[WebServer] [22m[Magic Link Request] Looking for guest by email...
[2m[WebServer] [22m[Magic Link Request] Guest query result: {
[2m[WebServer] [22m  found: [33mtrue[39m,
[2m[WebServer] [22m  guestId: [32m'2af8ac7d-b3d0-4f95-b91d-50e1314e9739'[39m,
[2m[WebServer] [22m  authMethod: [32m'email_matching'[39m,
[2m[WebServer] [22m  error: [90mundefined[39m
[2m[WebServer] [22m}
[2m[WebServer] [22m[Magic Link Request] Guest has wrong auth method: email_matching
   ✅ Route ready: /api/guest-auth/magic-link/request (attempt 1/5, status: 400)
[2m[WebServer] [22m POST /api/guest-auth/magic-link/request [33m400[39m in 808ms[2m (compile: 577ms, proxy.ts: 15ms, render: 216ms)[22m
   ✅ Route ready: /api/guest-auth/magic-link/verify (attempt 1/5, status: 400)
[2m[WebServer] [22m POST /api/guest-auth/magic-link/verify [33m400[39m in 906ms[2m (compile: 739ms, proxy.ts: 10ms, render: 157ms)[22m
   ✅ Guest auth routes warmup complete
✅ API routes warmed up

🔐 Setting up admin authentication...
   Attempting browser-based admin login: admin@example.com
   Created .auth directory: /Users/jaron/Desktop/wedding-platform-v2/.auth
   Navigating to http://localhost:3000/auth/login...
[2m[WebServer] [22m GET /auth/login [32m200[39m in 1225ms[2m (compile: 1077ms, proxy.ts: 46ms, render: 102ms)[22m
   Page loaded, filling form...
   Form filled, submitting...
[2m[WebServer] [22m[Middleware] User authenticated: e7f5ae65-376e-4d05-a18c-10a91295727a
[2m[WebServer] [22m[Middleware] Admin user data query result: { userData: { role: 'owner', status: 'active' }, userError: null }
[2m[WebServer] [22m[Middleware] Access granted for admin role: owner
[2m[WebServer] [22m[33m[1m⚠[22m[39m Fast Refresh had to perform a full reload. Read more: https://nextjs.org/docs/messages/fast-refresh-reload
[2m[WebServer] [22m GET /admin [32m200[39m in 1176ms[2m (compile: 561ms, proxy.ts: 502ms, render: 113ms)[22m
   Current URL after submit: http://localhost:3000/admin
   ✅ Successfully logged in via browser
   ✅ Authentication state saved
✅ Admin authentication saved

✨ E2E Global Setup Complete!


Running 15 tests using 4 workers

[dotenv@17.2.4] injecting env (0) from .env.e2e -- tip: 🔐 encrypt with Dotenvx: https://dotenvx.com
[dotenv@17.2.4] injecting env (0) from .env.e2e -- tip: 🗂️ backup and recover secrets: https://dotenvx.com/ops
[dotenv@17.2.4] injecting env (0) from .env.e2e -- tip: 🔐 encrypt with Dotenvx: https://dotenvx.com
[dotenv@17.2.4] injecting env (0) from .env.e2e -- tip: 👥 sync secrets across teammates & machines: https://dotenvx.com/ops
[Worker 2] Created test guest: {
  email: [32m'test-w2-1770445250717-xvb3m6zy@example.com'[39m,
  id: [32m'6a73ad16-451c-49fc-a970-40fc5b014fa4'[39m,
  authMethod: [32m'email_matching'[39m,
  groupId: [32m'25e64ec4-4de8-4660-bf34-60a37f241479'[39m
}
[Worker 3] Created test guest: {
  email: [32m'test-w3-1770445250716-axh52ne8@example.com'[39m,
  id: [32m'6ea97bed-fbfb-4ccb-a4f3-77c12588e713'[39m,
  authMethod: [32m'email_matching'[39m,
  groupId: [32m'3b18785c-07f8-4ce5-a7cd-20d3d0f0a552'[39m
}
[Worker 1] Created test guest: {
  email: [32m'test-w1-1770445250721-io8rguvo@example.com'[39m,
  id: [32m'ba5da591-7da8-4fc9-8c5f-25930acadc9e'[39m,
  authMethod: [32m'email_matching'[39m,
  groupId: [32m'd44dc656-fc6b-4461-b7a2-10ac7df2d84d'[39m
}
[Worker 0] Created test guest: {
  email: [32m'test-w0-1770445250717-vx68cmdc@example.com'[39m,
  id: [32m'2b0c7994-15a8-4f44-8df2-6964ca488942'[39m,
  authMethod: [32m'email_matching'[39m,
  groupId: [32m'00eb0c7d-6fe5-4d3e-b94d-860562495b03'[39m
}
[Worker 2] ✅ Verified guest exists: {
  email: [32m'test-w2-1770445250717-xvb3m6zy@example.com'[39m,
  authMethod: [32m'email_matching'[39m
}
[Worker 3] ✅ Verified guest exists: {
  email: [32m'test-w3-1770445250716-axh52ne8@example.com'[39m,
  authMethod: [32m'email_matching'[39m
}
[Worker 1] ✅ Verified guest exists: {
  email: [32m'test-w1-1770445250721-io8rguvo@example.com'[39m,
  authMethod: [32m'email_matching'[39m
}
[Worker 0] ✅ Verified guest exists: {
  email: [32m'test-w0-1770445250717-vx68cmdc@example.com'[39m,
  authMethod: [32m'email_matching'[39m
}
[2m[WebServer] [22m GET /auth/guest-login [32m200[39m in 635ms[2m (compile: 437ms, proxy.ts: 13ms, render: 185ms)[22m
[2m[WebServer] [22m GET /auth/guest-login [32m200[39m in 654ms[2m (compile: 437ms, proxy.ts: 13ms, render: 205ms)[22m
[2m[WebServer] [22m GET /auth/guest-login [32m200[39m in 656ms[2m (compile: 437ms, proxy.ts: 13ms, render: 206ms)[22m
[2m[WebServer] [22m GET /auth/guest-login [32m200[39m in 656ms[2m (compile: 437ms, proxy.ts: 13ms, render: 207ms)[22m
[2m[WebServer] [22m[API] Looking for guest with email: nonexistent@example.com
[2m[WebServer] [22m[API] Looking for guest with email: test-w3-1770445250716-axh52ne8@example.com
[2m[WebServer] [22m[API] Looking for guest with email: test-w0-1770445250717-vx68cmdc@example.com
[2m[WebServer] [22m[API] Guest query result: {
[2m[WebServer] [22m  found: [33mfalse[39m,
[2m[WebServer] [22m  email: [90mundefined[39m,
[2m[WebServer] [22m  authMethod: [90mundefined[39m,
[2m[WebServer] [22m  error: [32m'Cannot coerce the result to a single JSON object'[39m
[2m[WebServer] [22m}
[2m[WebServer] [22m POST /api/guest-auth/email-match [33m404[39m in 465ms[2m (compile: 120ms, proxy.ts: 46ms, render: 299ms)[22m
[2m[WebServer] [22m[API] Guest query result: {
[2m[WebServer] [22m  found: [33mtrue[39m,
[2m[WebServer] [22m  email: [32m'test-w0-1770445250717-vx68cmdc@example.com'[39m,
[2m[WebServer] [22m  authMethod: [32m'email_matching'[39m,
[2m[WebServer] [22m  error: [90mundefined[39m
[2m[WebServer] [22m}
[2m[WebServer] [22m[API] Guest query result: {
[2m[WebServer] [22m  found: [33mtrue[39m,
[2m[WebServer] [22m  email: [32m'test-w3-1770445250716-axh52ne8@example.com'[39m,
[2m[WebServer] [22m  authMethod: [32m'email_matching'[39m,
[2m[WebServer] [22m  error: [90mundefined[39m
[2m[WebServer] [22m}
[2m[WebServer] [22m[API] Setting guest session cookie: {
[2m[WebServer] [22m  tokenPrefix: [32m'1b9fce6f'[39m,
[2m[WebServer] [22m  cookieOptions: {
[2m[WebServer] [22m    httpOnly: [33mtrue[39m,
[2m[WebServer] [22m    secure: [33mfalse[39m,
[2m[WebServer] [22m    sameSite: [32m'lax'[39m,
[2m[WebServer] [22m    maxAge: [33m86400[39m,
[2m[WebServer] [22m    path: [32m'/'[39m
[2m[WebServer] [22m  },
[2m[WebServer] [22m  guestId: [32m'2b0c7994-15a8-4f44-8df2-6964ca488942'[39m,
[2m[WebServer] [22m  sessionId: [32m'ce95862b-08cc-468f-95ae-3591f46884a9'[39m
[2m[WebServer] [22m}
[2m[WebServer] [22m POST /api/guest-auth/email-match [32m200[39m in 454ms[2m (compile: 11ms, proxy.ts: 5ms, render: 438ms)[22m
[2m[WebServer] [22m[API] Setting guest session cookie: {
[2m[WebServer] [22m  tokenPrefix: [32m'e6e40ab3'[39m,
[2m[WebServer] [22m  cookieOptions: {
[2m[WebServer] [22m    httpOnly: [33mtrue[39m,
[2m[WebServer] [22m    secure: [33mfalse[39m,
[2m[WebServer] [22m    sameSite: [32m'lax'[39m,
[2m[WebServer] [22m    maxAge: [33m86400[39m,
[2m[WebServer] [22m    path: [32m'/'[39m
[2m[WebServer] [22m  },
[2m[WebServer] [22m  guestId: [32m'6ea97bed-fbfb-4ccb-a4f3-77c12588e713'[39m,
[2m[WebServer] [22m  sessionId: [32m'd2d1f37d-5b34-4da8-8cf8-42a6d80f3158'[39m
[2m[WebServer] [22m}
[2m[WebServer] [22m POST /api/guest-auth/email-match [32m200[39m in 664ms[2m (compile: 120ms, proxy.ts: 46ms, render: 498ms)[22m
[2m[WebServer] [22m[Middleware] Guest auth check: {
[2m[WebServer] [22m  path: '/guest/dashboard',
[2m[WebServer] [22m  hasCookie: true,
[2m[WebServer] [22m  cookieValue: '1b9fce6f...',
[2m[WebServer] [22m  allCookies: [ 'guest_session' ]
[2m[WebServer] [22m}
  ✓   1 [chromium] › __tests__/e2e/auth/guestAuth.spec.ts:194:7 › Guest Authentication › should show error for invalid email format (3.6s)
[2m[WebServer] [22m[Middleware] Guest auth check: {
[2m[WebServer] [22m  path: '/guest/dashboard',
[2m[WebServer] [22m  hasCookie: true,
[2m[WebServer] [22m  cookieValue: 'e6e40ab3...',
[2m[WebServer] [22m  allCookies: [ 'guest_session' ]
[2m[WebServer] [22m}
[2m[WebServer] [22m[Middleware] Session query result: {
[2m[WebServer] [22m  sessionsFound: 1,
[2m[WebServer] [22m  hasError: false,
[2m[WebServer] [22m  errorMessage: undefined,
[2m[WebServer] [22m  tokenPrefix: '1b9fce6f'
[2m[WebServer] [22m}
[2m[WebServer] [22m[Middleware] Session query result: {
[2m[WebServer] [22m  sessionsFound: 1,
[2m[WebServer] [22m  hasError: false,
[2m[WebServer] [22m  errorMessage: undefined,
[2m[WebServer] [22m  tokenPrefix: 'e6e40ab3'
[2m[WebServer] [22m}
[Worker 2] Created test guest: {
  email: [32m'test-w2-1770445254552-ecfvptre@example.com'[39m,
  id: [32m'b79658c9-e0bd-42d4-8fc1-a18235f3fd2c'[39m,
  authMethod: [32m'email_matching'[39m,
  groupId: [32m'7a47a7a0-342f-4f0b-9425-ea1eb379d4e4'[39m
}
[Worker 2] ✅ Verified guest exists: {
  email: [32m'test-w2-1770445254552-ecfvptre@example.com'[39m,
  authMethod: [32m'email_matching'[39m
}
  ✓   3 [chromium] › __tests__/e2e/auth/guestAuth.spec.ts:179:7 › Guest Authentication › should show error for non-existent email (4.5s)
[Worker 1] Created test guest: {
  email: [32m'test-w1-1770445255394-f35uctcq@example.com'[39m,
  id: [32m'71fc31fb-af34-4b2a-b6be-006f6d8280bf'[39m,
  authMethod: [32m'email_matching'[39m,
  groupId: [32m'41b467c1-eaf4-4291-9a9e-8964957471da'[39m
}
[Worker 1] ✅ Verified guest exists: {
  email: [32m'test-w1-1770445255394-f35uctcq@example.com'[39m,
  authMethod: [32m'email_matching'[39m
}
[2m[WebServer] [22m[GuestDashboard] Session check: { hasToken: [33mtrue[39m, tokenPrefix: [32m'1b9fce6f'[39m }
[2m[WebServer] [22m[GuestDashboard] Session check: { hasToken: [33mtrue[39m, tokenPrefix: [32m'e6e40ab3'[39m }
[2m[WebServer] [22m GET /auth/guest-login [32m200[39m in 825ms[2m (compile: 583ms, proxy.ts: 69ms, render: 172ms)[22m
[2m[WebServer] [22m GET /auth/guest-login [32m200[39m in 43ms[2m (compile: 1525µs, proxy.ts: 8ms, render: 34ms)[22m
[2m[WebServer] [22m[GuestDashboard] Session query result: {
[2m[WebServer] [22m  found: [33mtrue[39m,
[2m[WebServer] [22m  error: [90mundefined[39m,
[2m[WebServer] [22m  guestId: [32m'2b0c7994-15a8-4f44-8df2-6964ca488942'[39m
[2m[WebServer] [22m}
[2m[WebServer] [22m[GuestDashboard] Session query result: {
[2m[WebServer] [22m  found: [33mtrue[39m,
[2m[WebServer] [22m  error: [90mundefined[39m,
[2m[WebServer] [22m  guestId: [32m'6ea97bed-fbfb-4ccb-a4f3-77c12588e713'[39m
[2m[WebServer] [22m}
[2m[WebServer] [22m[GuestDashboard] Guest query result: {
[2m[WebServer] [22m  found: [33mtrue[39m,
[2m[WebServer] [22m  error: [90mundefined[39m,
[2m[WebServer] [22m  email: [32m'test-w3-1770445250716-axh52ne8@example.com'[39m
[2m[WebServer] [22m}
[2m[WebServer] [22m[GuestDashboard] Rendering dashboard for guest: test-w3-1770445250716-axh52ne8@example.com
[2m[WebServer] [22m GET /guest/dashboard [32m200[39m in 2.1s[2m (compile: 1186ms, proxy.ts: 150ms, render: 782ms)[22m
[2m[WebServer] [22m GET /guest/dashboard [32m200[39m in 2.5s[2m (compile: 1181ms, proxy.ts: 144ms, render: 1143ms)[22m
[2m[WebServer] [22m[GuestDashboard] Guest query result: {
[2m[WebServer] [22m  found: [33mtrue[39m,
[2m[WebServer] [22m  error: [90mundefined[39m,
[2m[WebServer] [22m  email: [32m'test-w0-1770445250717-vx68cmdc@example.com'[39m
[2m[WebServer] [22m}
[2m[WebServer] [22m[GuestDashboard] Rendering dashboard for guest: test-w0-1770445250717-vx68cmdc@example.com
[2m[WebServer] [22m[Magic Link Request] Processing request for email: test-w1-1770445255394-f35uctcq@example.com
[2m[WebServer] [22m[Magic Link Request] Looking for guest by email...
[2m[WebServer] [22m[API] Looking for guest with email: test-w2-1770445254552-ecfvptre@example.com
[2m[WebServer] [22m GET /auth/guest-login [32m200[39m in 739ms[2m (compile: 145ms, proxy.ts: 382ms, render: 211ms)[22m
[2m[WebServer] [22m[API] Guest query result: {
[2m[WebServer] [22m  found: [33mtrue[39m,
[2m[WebServer] [22m  email: [32m'test-w2-1770445254552-ecfvptre@example.com'[39m,
[2m[WebServer] [22m  authMethod: [32m'email_matching'[39m,
[2m[WebServer] [22m  error: [90mundefined[39m
[2m[WebServer] [22m}
[2m[WebServer] [22m[Magic Link Request] Guest query result: {
[2m[WebServer] [22m  found: [33mtrue[39m,
[2m[WebServer] [22m  guestId: [32m'71fc31fb-af34-4b2a-b6be-006f6d8280bf'[39m,
[2m[WebServer] [22m  authMethod: [32m'email_matching'[39m,
[2m[WebServer] [22m  error: [90mundefined[39m
[2m[WebServer] [22m}
[2m[WebServer] [22m[Magic Link Request] Guest has wrong auth method: email_matching
[2m[WebServer] [22m POST /api/guest-auth/magic-link/request [33m400[39m in 480ms[2m (compile: 53ms, proxy.ts: 219ms, render: 208ms)[22m
[2m[WebServer] [22m[API] Setting guest session cookie: {
[2m[WebServer] [22m  tokenPrefix: [32m'f850c7fc'[39m,
[2m[WebServer] [22m  cookieOptions: {
[2m[WebServer] [22m    httpOnly: [33mtrue[39m,
[2m[WebServer] [22m    secure: [33mfalse[39m,
[2m[WebServer] [22m    sameSite: [32m'lax'[39m,
[2m[WebServer] [22m    maxAge: [33m86400[39m,
[2m[WebServer] [22m    path: [32m'/'[39m
[2m[WebServer] [22m  },
[2m[WebServer] [22m  guestId: [32m'b79658c9-e0bd-42d4-8fc1-a18235f3fd2c'[39m,
[2m[WebServer] [22m  sessionId: [32m'cf4c7233-c021-4701-8ece-9c70e961dd94'[39m
[2m[WebServer] [22m}
[2m[WebServer] [22m POST /api/guest-auth/email-match [32m200[39m in 631ms[2m (compile: 72ms, proxy.ts: 219ms, render: 340ms)[22m
[2m[WebServer] [22m[Middleware] Guest auth check: {
[2m[WebServer] [22m  path: '/guest/dashboard',
[2m[WebServer] [22m  hasCookie: true,
[2m[WebServer] [22m  cookieValue: 'f850c7fc...',
[2m[WebServer] [22m  allCookies: [ 'guest_session' ]
[2m[WebServer] [22m}
[2m[WebServer] [22m[Middleware] Session query result: {
[2m[WebServer] [22m  sessionsFound: 1,
[2m[WebServer] [22m  hasError: false,
[2m[WebServer] [22m  errorMessage: undefined,
[2m[WebServer] [22m  tokenPrefix: 'f850c7fc'
[2m[WebServer] [22m}
[2m[WebServer] [22m[GuestDashboard] Session check: { hasToken: [33mtrue[39m, tokenPrefix: [32m'f850c7fc'[39m }
[2m[WebServer] [22m[Middleware] Guest auth check: {
[2m[WebServer] [22m  path: '/api/guest/rsvps',
[2m[WebServer] [22m  hasCookie: true,
[2m[WebServer] [22m  cookieValue: 'e6e40ab3...',
[2m[WebServer] [22m  allCookies: [ 'guest_session' ]
[2m[WebServer] [22m}
[2m[WebServer] [22m[Middleware] Guest auth check: {
[2m[WebServer] [22m  path: '/api/guest/events',
[2m[WebServer] [22m  hasCookie: true,
[2m[WebServer] [22m  cookieValue: 'e6e40ab3...',
[2m[WebServer] [22m  allCookies: [ 'guest_session' ]
[2m[WebServer] [22m}
[2m[WebServer] [22m[Middleware] Guest auth check: {
[2m[WebServer] [22m  path: '/api/guest/announcements',
[2m[WebServer] [22m  hasCookie: true,
[2m[WebServer] [22m  cookieValue: 'e6e40ab3...',
[2m[WebServer] [22m  allCookies: [ 'guest_session' ]
[2m[WebServer] [22m}
[2m[WebServer] [22m[Middleware] Guest auth check: {
[2m[WebServer] [22m  path: '/api/guest/wedding-info',
[2m[WebServer] [22m  hasCookie: true,
[2m[WebServer] [22m  cookieValue: 'e6e40ab3...',
[2m[WebServer] [22m  allCookies: [ 'guest_session' ]
[2m[WebServer] [22m}
[2m[WebServer] [22m[GuestDashboard] Session query result: {
[2m[WebServer] [22m  found: [33mtrue[39m,
[2m[WebServer] [22m  error: [90mundefined[39m,
[2m[WebServer] [22m  guestId: [32m'b79658c9-e0bd-42d4-8fc1-a18235f3fd2c'[39m
[2m[WebServer] [22m}
[2m[WebServer] [22m[Middleware] Session query result: {
[2m[WebServer] [22m  sessionsFound: 1,
[2m[WebServer] [22m  hasError: false,
[2m[WebServer] [22m  errorMessage: undefined,
[2m[WebServer] [22m  tokenPrefix: 'e6e40ab3'
[2m[WebServer] [22m}
[2m[WebServer] [22m[Middleware] Session query result: {
[2m[WebServer] [22m  sessionsFound: 1,
[2m[WebServer] [22m  hasError: false,
[2m[WebServer] [22m  errorMessage: undefined,
[2m[WebServer] [22m  tokenPrefix: 'e6e40ab3'
[2m[WebServer] [22m}
[2m[WebServer] [22m[Middleware] Session query result: {
[2m[WebServer] [22m  sessionsFound: 1,
[2m[WebServer] [22m  hasError: false,
[2m[WebServer] [22m  errorMessage: undefined,
[2m[WebServer] [22m  tokenPrefix: 'e6e40ab3'
[2m[WebServer] [22m}
[2m[WebServer] [22m[Middleware] Session query result: {
[2m[WebServer] [22m  sessionsFound: 1,
[2m[WebServer] [22m  hasError: false,
[2m[WebServer] [22m  errorMessage: undefined,
[2m[WebServer] [22m  tokenPrefix: 'e6e40ab3'
[2m[WebServer] [22m}
[2m[WebServer] [22m[GuestDashboard] Guest query result: {
[2m[WebServer] [22m  found: [33mtrue[39m,
[2m[WebServer] [22m  error: [90mundefined[39m,
[2m[WebServer] [22m  email: [32m'test-w2-1770445254552-ecfvptre@example.com'[39m
[2m[WebServer] [22m}
[2m[WebServer] [22m[GuestDashboard] Rendering dashboard for guest: test-w2-1770445254552-ecfvptre@example.com
[2m[WebServer] [22m GET /guest/dashboard [32m200[39m in 1368ms[2m (compile: 39ms, proxy.ts: 213ms, render: 1116ms)[22m
[2m[WebServer] [22m[Middleware] Guest auth check: {
[2m[WebServer] [22m  path: '/guest/dashboard',
[2m[WebServer] [22m  hasCookie: true,
[2m[WebServer] [22m  cookieValue: 'e6e40ab3...',
[2m[WebServer] [22m  allCookies: [ 'guest_session', '__next_hmr_refresh_hash__' ]
[2m[WebServer] [22m}
[2m[WebServer] [22m GET /auth/guest-login [32m200[39m in 166ms[2m (compile: 55ms, proxy.ts: 44ms, render: 68ms)[22m
[2m[WebServer] [22m GET /auth/guest-login [32m200[39m in 172ms[2m (compile: 55ms, proxy.ts: 43ms, render: 74ms)[22m
[2m[WebServer] [22m[Middleware] Session query result: {
[2m[WebServer] [22m  sessionsFound: 1,
[2m[WebServer] [22m  hasError: false,
[2m[WebServer] [22m  errorMessage: undefined,
[2m[WebServer] [22m  tokenPrefix: 'e6e40ab3'
[2m[WebServer] [22m}
[2m[WebServer] [22m[GuestDashboard] Session check: { hasToken: [33mtrue[39m, tokenPrefix: [32m'e6e40ab3'[39m }
[2m[WebServer] [22m[GuestDashboard] Session query result: {
[2m[WebServer] [22m  found: [33mtrue[39m,
[2m[WebServer] [22m  error: [90mundefined[39m,
[2m[WebServer] [22m  guestId: [32m'6ea97bed-fbfb-4ccb-a4f3-77c12588e713'[39m
[2m[WebServer] [22m}
[2m[WebServer] [22m[GuestDashboard] Guest query result: {
[2m[WebServer] [22m  found: [33mtrue[39m,
[2m[WebServer] [22m  error: [90mundefined[39m,
[2m[WebServer] [22m  email: [32m'test-w3-1770445250716-axh52ne8@example.com'[39m
[2m[WebServer] [22m}
[2m[WebServer] [22m[GuestDashboard] Rendering dashboard for guest: test-w3-1770445250716-axh52ne8@example.com
[2m[WebServer] [22m GET /api/guest/rsvps [32m200[39m in 3.2s[2m (compile: 2.2s, proxy.ts: 204ms, render: 839ms)[22m
[2m[WebServer] [22m GET /guest/dashboard [32m200[39m in 495ms[2m (compile: 17ms, proxy.ts: 406ms, render: 73ms)[22m
[2m[WebServer] [22m GET /api/guest/events [32m200[39m in 3.4s[2m (compile: 2.2s, proxy.ts: 204ms, render: 992ms)[22m
[2m[WebServer] [22m GET /api/guest/wedding-info [32m200[39m in 3.4s[2m (compile: 2.2s, proxy.ts: 208ms, render: 1021ms)[22m
[2m[WebServer] [22m[Middleware] Guest auth check: {
[2m[WebServer] [22m  path: '/guest/dashboard',
[2m[WebServer] [22m  hasCookie: true,
[2m[WebServer] [22m  cookieValue: 'e6e40ab3...',
[2m[WebServer] [22m  allCookies: [ 'guest_session', '__next_hmr_refresh_hash__' ]
[2m[WebServer] [22m}
[2m[WebServer] [22m GET /api/guest/announcements [32m200[39m in 3.6s[2m (compile: 2.2s, proxy.ts: 196ms, render: 1202ms)[22m
[2m[WebServer] [22m[Middleware] Session query result: {
[2m[WebServer] [22m  sessionsFound: 1,
[2m[WebServer] [22m  hasError: false,
[2m[WebServer] [22m  errorMessage: undefined,
[2m[WebServer] [22m  tokenPrefix: 'e6e40ab3'
[2m[WebServer] [22m}
[2m[WebServer] [22m[Middleware] Guest auth check: {
[2m[WebServer] [22m  path: '/api/guest/rsvps',
[2m[WebServer] [22m  hasCookie: true,
[2m[WebServer] [22m  cookieValue: 'f850c7fc...',
[2m[WebServer] [22m  allCookies: [ 'guest_session' ]
[2m[WebServer] [22m}
[2m[WebServer] [22m[Middleware] Guest auth check: {
[2m[WebServer] [22m  path: '/api/guest/events',
[2m[WebServer] [22m  hasCookie: true,
[2m[WebServer] [22m  cookieValue: 'f850c7fc...',
[2m[WebServer] [22m  allCookies: [ 'guest_session' ]
[2m[WebServer] [22m}
[2m[WebServer] [22m[Middleware] Guest auth check: {
[2m[WebServer] [22m  path: '/api/guest/wedding-info',
[2m[WebServer] [22m  hasCookie: true,
[2m[WebServer] [22m  cookieValue: 'f850c7fc...',
[2m[WebServer] [22m  allCookies: [ 'guest_session' ]
[2m[WebServer] [22m}
[2m[WebServer] [22m[Middleware] Guest auth check: {
[2m[WebServer] [22m  path: '/api/guest/announcements',
[2m[WebServer] [22m  hasCookie: true,
[2m[WebServer] [22m  cookieValue: 'f850c7fc...',
[2m[WebServer] [22m  allCookies: [ 'guest_session' ]
[2m[WebServer] [22m}
[2m[WebServer] [22m GET /auth/guest-login [32m200[39m in 223ms[2m (compile: 3ms, proxy.ts: 14ms, render: 206ms)[22m
[2m[WebServer] [22m GET /auth/guest-login [32m200[39m in 227ms[2m (compile: 3ms, proxy.ts: 14ms, render: 210ms)[22m
  ✓   5 [chromium] › __tests__/e2e/auth/guestAuth.spec.ts:221:7 › Guest Authentication › should create session cookie on successful authentication (7.3s)
[2m[WebServer] [22m[GuestDashboard] Session check: { hasToken: [33mtrue[39m, tokenPrefix: [32m'e6e40ab3'[39m }
[2m[WebServer] [22m[Middleware] Session query result: {
[2m[WebServer] [22m  sessionsFound: 0,
[2m[WebServer] [22m  hasError: false,
[2m[WebServer] [22m  errorMessage: undefined,
[2m[WebServer] [22m  tokenPrefix: 'f850c7fc'
[2m[WebServer] [22m}
[2m[WebServer] [22m[Middleware] No session found in database for token
[2m[WebServer] [22m[Middleware] Session query result: {
[2m[WebServer] [22m  sessionsFound: 0,
[2m[WebServer] [22m  hasError: false,
[2m[WebServer] [22m  errorMessage: undefined,
[2m[WebServer] [22m  tokenPrefix: 'f850c7fc'
[2m[WebServer] [22m}
[2m[WebServer] [22m[Middleware] No session found in database for token
[2m[WebServer] [22m[Middleware] Session query result: {
[2m[WebServer] [22m  sessionsFound: 0,
[2m[WebServer] [22m  hasError: false,
[2m[WebServer] [22m  errorMessage: undefined,
[2m[WebServer] [22m  tokenPrefix: 'f850c7fc'
[2m[WebServer] [22m}
[2m[WebServer] [22m[Middleware] No session found in database for token
[2m[WebServer] [22m[Middleware] Session query result: {
[2m[WebServer] [22m  sessionsFound: 0,
[2m[WebServer] [22m  hasError: false,
[2m[WebServer] [22m  errorMessage: undefined,
[2m[WebServer] [22m  tokenPrefix: 'f850c7fc'
[2m[WebServer] [22m}
[2m[WebServer] [22m[Middleware] No session found in database for token
[2m[WebServer] [22m[GuestDashboard] Session query result: {
[2m[WebServer] [22m  found: [33mtrue[39m,
[2m[WebServer] [22m  error: [90mundefined[39m,
[2m[WebServer] [22m  guestId: [32m'6ea97bed-fbfb-4ccb-a4f3-77c12588e713'[39m
[2m[WebServer] [22m}
[Worker 2] Created test guest: {
  email: [32m'test-w2-1770445261878-o90w65md@example.com'[39m,
  id: [32m'c948e3ac-681e-4cf0-a918-112072179567'[39m,
  authMethod: [32m'email_matching'[39m,
  groupId: [32m'6ff9939b-4612-4ef0-83b0-b14d3a5ca04a'[39m
}
[2m[WebServer] [22m[GuestDashboard] Guest query result: {
[2m[WebServer] [22m  found: [33mtrue[39m,
[2m[WebServer] [22m  error: [90mundefined[39m,
[2m[WebServer] [22m  email: [32m'test-w3-1770445250716-axh52ne8@example.com'[39m
[2m[WebServer] [22m}
[2m[WebServer] [22m[GuestDashboard] Rendering dashboard for guest: test-w3-1770445250716-axh52ne8@example.com
[2m[WebServer] [22m GET /guest/dashboard [32m200[39m in 634ms[2m (compile: 54ms, proxy.ts: 178ms, render: 402ms)[22m
[Worker 2] ✅ Verified guest exists: {
  email: [32m'test-w2-1770445261878-o90w65md@example.com'[39m,
  authMethod: [32m'email_matching'[39m
}
[2m[WebServer] [22m GET /auth/guest-login [32m200[39m in 36ms[2m (compile: 1948µs, proxy.ts: 5ms, render: 29ms)[22m
[2m[WebServer] [22m[Middleware] Guest auth check: {
[2m[WebServer] [22m  path: '/api/guest/rsvps',
[2m[WebServer] [22m  hasCookie: true,
[2m[WebServer] [22m  cookieValue: 'e6e40ab3...',
[2m[WebServer] [22m  allCookies: [ 'guest_session', '__next_hmr_refresh_hash__' ]
[2m[WebServer] [22m}
[2m[WebServer] [22m[Middleware] Guest auth check: {
[2m[WebServer] [22m  path: '/api/guest/announcements',
[2m[WebServer] [22m  hasCookie: true,
[2m[WebServer] [22m  cookieValue: 'e6e40ab3...',
[2m[WebServer] [22m  allCookies: [ 'guest_session', '__next_hmr_refresh_hash__' ]
[2m[WebServer] [22m}
[2m[WebServer] [22m[Middleware] Guest auth check: {
[2m[WebServer] [22m  path: '/api/guest/wedding-info',
[2m[WebServer] [22m  hasCookie: true,
[2m[WebServer] [22m  cookieValue: 'e6e40ab3...',
[2m[WebServer] [22m  allCookies: [ 'guest_session', '__next_hmr_refresh_hash__' ]
[2m[WebServer] [22m}
[2m[WebServer] [22m[Middleware] Guest auth check: {
[2m[WebServer] [22m  path: '/api/guest/events',
[2m[WebServer] [22m  hasCookie: true,
[2m[WebServer] [22m  cookieValue: 'e6e40ab3...',
[2m[WebServer] [22m  allCookies: [ 'guest_session', '__next_hmr_refresh_hash__' ]
[2m[WebServer] [22m}
[2m[WebServer] [22m[Middleware] Session query result: {
[2m[WebServer] [22m  sessionsFound: 1,
[2m[WebServer] [22m  hasError: false,
[2m[WebServer] [22m  errorMessage: undefined,
[2m[WebServer] [22m  tokenPrefix: 'e6e40ab3'
[2m[WebServer] [22m}
[2m[WebServer] [22m[Middleware] Session query result: {
[2m[WebServer] [22m  sessionsFound: 1,
[2m[WebServer] [22m  hasError: false,
[2m[WebServer] [22m  errorMessage: undefined,
[2m[WebServer] [22m  tokenPrefix: 'e6e40ab3'
[2m[WebServer] [22m}
[2m[WebServer] [22m[Middleware] Session query result: {
[2m[WebServer] [22m  sessionsFound: 1,
[2m[WebServer] [22m  hasError: false,
[2m[WebServer] [22m  errorMessage: undefined,
[2m[WebServer] [22m  tokenPrefix: 'e6e40ab3'
[2m[WebServer] [22m}
[2m[WebServer] [22m[Middleware] Session query result: {
[2m[WebServer] [22m  sessionsFound: 1,
[2m[WebServer] [22m  hasError: false,
[2m[WebServer] [22m  errorMessage: undefined,
[2m[WebServer] [22m  tokenPrefix: 'e6e40ab3'
[2m[WebServer] [22m}
[2m[WebServer] [22m GET /api/guest/announcements [32m200[39m in 563ms[2m (compile: 2ms, proxy.ts: 149ms, render: 412ms)[22m
[2m[WebServer] [22m GET /api/guest/wedding-info [32m200[39m in 586ms[2m (compile: 5ms, proxy.ts: 161ms, render: 420ms)[22m
[2m[WebServer] [22m[Magic Link Request] Processing request for email: test-w2-1770445261878-o90w65md@example.com
[2m[WebServer] [22m[Magic Link Request] Looking for guest by email...
[2m[WebServer] [22m GET /api/guest/rsvps [32m200[39m in 613ms[2m (compile: 8ms, proxy.ts: 160ms, render: 445ms)[22m
[2m[WebServer] [22m[Magic Link Request] Guest query result: {
[2m[WebServer] [22m  found: [33mtrue[39m,
[2m[WebServer] [22m  guestId: [32m'c948e3ac-681e-4cf0-a918-112072179567'[39m,
[2m[WebServer] [22m  authMethod: [32m'email_matching'[39m,
[2m[WebServer] [22m  error: [90mundefined[39m
[2m[WebServer] [22m}
[2m[WebServer] [22m[Magic Link Request] Guest has wrong auth method: email_matching
[2m[WebServer] [22m POST /api/guest-auth/magic-link/request [33m400[39m in 150ms[2m (compile: 4ms, proxy.ts: 12ms, render: 134ms)[22m
[2m[WebServer] [22m GET /api/guest/events [32m200[39m in 776ms[2m (compile: 7ms, proxy.ts: 155ms, render: 614ms)[22m
  ✘   2 [chromium] › __tests__/e2e/auth/guestAuth.spec.ts:207:7 › Guest Authentication › should show loading state during authentication (13.6s)
  ✘   4 [chromium] › __tests__/e2e/auth/guestAuth.spec.ts:157:7 › Guest Authentication › should successfully authenticate with email matching (13.7s)
[dotenv@17.2.4] injecting env (0) from .env.e2e -- tip: ✅ audit secrets and track compliance: https://dotenvx.com/ops
[dotenv@17.2.4] injecting env (0) from .env.e2e -- tip: 🔑 add access controls to secrets: https://dotenvx.com/ops
[Worker 5] Created test guest: {
  email: [32m'test-w5-1770445265244-undzc135@example.com'[39m,
  id: [32m'461927af-68a8-4000-a4e5-032ba7c44dc6'[39m,
  authMethod: [32m'email_matching'[39m,
  groupId: [32m'06687d3a-9864-442d-a6bb-14a4bd189f5d'[39m
}
[Worker 4] Created test guest: {
  email: [32m'test-w4-1770445265245-lkpo301d@example.com'[39m,
  id: [32m'febe8e0a-3f9f-4645-88f7-97a186f48a12'[39m,
  authMethod: [32m'email_matching'[39m,
  groupId: [32m'56f45637-74a4-433c-a93f-2e1e0d92e101'[39m
}
[Worker 5] ✅ Verified guest exists: {
  email: [32m'test-w5-1770445265244-undzc135@example.com'[39m,
  authMethod: [32m'email_matching'[39m
}
[Worker 4] ✅ Verified guest exists: {
  email: [32m'test-w4-1770445265245-lkpo301d@example.com'[39m,
  authMethod: [32m'email_matching'[39m
}
  ✘   6 [chromium] › __tests__/e2e/auth/guestAuth.spec.ts:247:7 › Guest Authentication › should successfully request and verify magic link (13.8s)
[2m[WebServer] [22m[37m[1m○[22m[39m Compiling /auth/guest-login/verify ...
[dotenv@17.2.4] injecting env (0) from .env.e2e -- tip: ⚙️  load multiple .env files with { path: ['.env.local', '.env'] }
[Worker 6] Created test guest: {
  email: [32m'test-w6-1770445271789-btwqornj@example.com'[39m,
  id: [32m'a3133fb1-e2f4-430d-b708-4b1703f97fc3'[39m,
  authMethod: [32m'email_matching'[39m,
  groupId: [32m'88c31111-aed5-4aa3-9cfb-4b51a894cc25'[39m
}
[2m[WebServer] [22m GET /auth/guest-login [32m200[39m in 6.0s[2m (compile: 5.8s, proxy.ts: 19ms, render: 142ms)[22m
[2m[WebServer] [22m GET /auth/guest-login/verify?token=851d82cd6a1ca63ab23bfcbc33155f1c5604d38e76e1f5951a63572d74ed1ef3 [32m200[39m in 6.0s[2m (compile: 5.8s, proxy.ts: 7ms, render: 146ms)[22m
[2m[WebServer] [22m GET /auth/guest-login [32m200[39m in 100ms[2m (compile: 36ms, proxy.ts: 27ms, render: 36ms)[22m
[Worker 6] ✅ Verified guest exists: {
  email: [32m'test-w6-1770445271789-btwqornj@example.com'[39m,
  authMethod: [32m'email_matching'[39m
}
[2m[WebServer] [22m GET /auth/guest-login/verify?token=invalid-token [32m200[39m in 75ms[2m (compile: 7ms, proxy.ts: 18ms, render: 50ms)[22m
[2m[WebServer] [22m GET /auth/guest-login [32m200[39m in 325ms[2m (compile: 171ms, proxy.ts: 75ms, render: 79ms)[22m
[2m[WebServer] [22m[Magic Link Request] Processing request for email: test-w5-1770445265244-undzc135@example.com
[2m[WebServer] [22m[Magic Link Request] Looking for guest by email...
[2m[WebServer] [22m POST /api/guest-auth/magic-link/verify [34m307[39m in 461ms[2m (compile: 142ms, proxy.ts: 76ms, render: 243ms)[22m
[2m[WebServer] [22m POST /auth/guest-login/verify?error=INVALID_TOKEN&message=Invalid+or+expired+magic+link [32m200[39m in 83ms[2m (compile: 3ms, proxy.ts: 16ms, render: 64ms)[22m
[2m[WebServer] [22m[Magic Link Request] Guest query result: {
[2m[WebServer] [22m  found: [33mtrue[39m,
[2m[WebServer] [22m  guestId: [32m'461927af-68a8-4000-a4e5-032ba7c44dc6'[39m,
[2m[WebServer] [22m  authMethod: [32m'email_matching'[39m,
[2m[WebServer] [22m  error: [90mundefined[39m
[2m[WebServer] [22m}
[2m[WebServer] [22m[Magic Link Request] Guest has wrong auth method: email_matching
[2m[WebServer] [22m POST /api/guest-auth/magic-link/request [33m400[39m in 320ms[2m (compile: 25ms, proxy.ts: 39ms, render: 255ms)[22m
[2m[WebServer] [22m GET /auth/guest-login/verify [32m200[39m in 598ms[2m (compile: 11ms, proxy.ts: 70ms, render: 517ms)[22m
  ✘   7 [chromium] › __tests__/e2e/auth/guestAuth.spec.ts:297:7 › Guest Authentication › should show success message after requesting magic link (13.3s)
[2m[WebServer] [22m GET /auth/guest-login/verify?token=b2246c244b8baa63b57b87f09fc087ca79168c9dbc39a021c1d7d36609c49d73 [32m200[39m in 78ms[2m (compile: 3ms, proxy.ts: 14ms, render: 61ms)[22m
[dotenv@17.2.4] injecting env (0) from .env.e2e -- tip: ⚙️  override existing env vars with { override: true }
[2m[WebServer] [22m POST /api/guest-auth/magic-link/verify [34m307[39m in 159ms[2m (compile: 3ms, proxy.ts: 12ms, render: 144ms)[22m
[2m[WebServer] [22m POST /auth/guest-login/verify?error=INVALID_TOKEN&message=Invalid+or+expired+magic+link [32m200[39m in 65ms[2m (compile: 12ms, proxy.ts: 12ms, render: 41ms)[22m
[Worker 7] Created test guest: {
  email: [32m'test-w7-1770445277143-qflrslkb@example.com'[39m,
  id: [32m'fbc393b2-1267-4c6a-a63b-252655709f7f'[39m,
  authMethod: [32m'email_matching'[39m,
  groupId: [32m'96b9076d-162f-4682-bb4b-ff9e96cae5ed'[39m
}
[Worker 7] ✅ Verified guest exists: {
  email: [32m'test-w7-1770445277143-qflrslkb@example.com'[39m,
  authMethod: [32m'email_matching'[39m
}
[2m[WebServer] [22m GET /auth/guest-login [32m200[39m in 157ms[2m (compile: 6ms, proxy.ts: 12ms, render: 138ms)[22m
  ✓  10 [chromium] › __tests__/e2e/auth/guestAuth.spec.ts:403:7 › Guest Authentication › should show error for invalid or missing token (8.3s)
[2m[WebServer] [22m[API] Looking for guest with email: test-w7-1770445277143-qflrslkb@example.com
[Worker 6] Created test guest: {
  email: [32m'test-w6-1770445280348-okkqihlf@example.com'[39m,
  id: [32m'4325dc4f-f775-42d2-81a0-ec5d7f66a10e'[39m,
  authMethod: [32m'email_matching'[39m,
  groupId: [32m'32752a4c-6fc5-4e6d-b6fd-c86969e8219d'[39m
}
[2m[WebServer] [22m[API] Guest query result: {
[2m[WebServer] [22m  found: [33mtrue[39m,
[2m[WebServer] [22m  email: [32m'test-w7-1770445277143-qflrslkb@example.com'[39m,
[2m[WebServer] [22m  authMethod: [32m'email_matching'[39m,
[2m[WebServer] [22m  error: [90mundefined[39m
[2m[WebServer] [22m}
[Worker 6] ✅ Verified guest exists: {
  email: [32m'test-w6-1770445280348-okkqihlf@example.com'[39m,
  authMethod: [32m'email_matching'[39m
}
[2m[WebServer] [22m[API] Setting guest session cookie: {
[2m[WebServer] [22m  tokenPrefix: [32m'cadf4eb8'[39m,
[2m[WebServer] [22m  cookieOptions: {
[2m[WebServer] [22m    httpOnly: [33mtrue[39m,
[2m[WebServer] [22m    secure: [33mfalse[39m,
[2m[WebServer] [22m    sameSite: [32m'lax'[39m,
[2m[WebServer] [22m    maxAge: [33m86400[39m,
[2m[WebServer] [22m    path: [32m'/'[39m
[2m[WebServer] [22m  },
[2m[WebServer] [22m  guestId: [32m'fbc393b2-1267-4c6a-a63b-252655709f7f'[39m,
[2m[WebServer] [22m  sessionId: [32m'0aa46bc6-d0c6-4248-ad61-4155f42880d3'[39m
[2m[WebServer] [22m}
[2m[WebServer] [22m POST /api/guest-auth/email-match [32m200[39m in 499ms[2m (compile: 13ms, proxy.ts: 24ms, render: 462ms)[22m
[2m[WebServer] [22m GET /auth/guest-login [32m200[39m in 181ms[2m (compile: 13ms, proxy.ts: 17ms, render: 152ms)[22m
[2m[WebServer] [22m[Middleware] Guest auth check: {
[2m[WebServer] [22m  path: '/guest/dashboard',
[2m[WebServer] [22m  hasCookie: true,
[2m[WebServer] [22m  cookieValue: 'cadf4eb8...',
[2m[WebServer] [22m  allCookies: [ 'guest_session' ]
[2m[WebServer] [22m}
[2m[WebServer] [22m[Middleware] Session query result: {
[2m[WebServer] [22m  sessionsFound: 1,
[2m[WebServer] [22m  hasError: false,
[2m[WebServer] [22m  errorMessage: undefined,
[2m[WebServer] [22m  tokenPrefix: 'cadf4eb8'
[2m[WebServer] [22m}
[2m[WebServer] [22m[GuestDashboard] Session check: { hasToken: [33mtrue[39m, tokenPrefix: [32m'cadf4eb8'[39m }
[2m[WebServer] [22m[GuestDashboard] Session query result: {
[2m[WebServer] [22m  found: [33mtrue[39m,
[2m[WebServer] [22m  error: [90mundefined[39m,
[2m[WebServer] [22m  guestId: [32m'fbc393b2-1267-4c6a-a63b-252655709f7f'[39m
[2m[WebServer] [22m}
[2m[WebServer] [22m[GuestDashboard] Guest query result: {
[2m[WebServer] [22m  found: [33mtrue[39m,
[2m[WebServer] [22m  error: [90mundefined[39m,
[2m[WebServer] [22m  email: [32m'test-w7-1770445277143-qflrslkb@example.com'[39m
[2m[WebServer] [22m}
[2m[WebServer] [22m[GuestDashboard] Rendering dashboard for guest: test-w7-1770445277143-qflrslkb@example.com
[2m[WebServer] [22m GET /guest/dashboard [32m200[39m in 1227ms[2m (compile: 59ms, proxy.ts: 222ms, render: 946ms)[22m
[2m[WebServer] [22m[API] Looking for guest with email: test-w6-1770445280348-okkqihlf@example.com
[2m[WebServer] [22m[Middleware] Guest auth check: {
[2m[WebServer] [22m  path: '/api/guest/wedding-info',
[2m[WebServer] [22m  hasCookie: true,
[2m[WebServer] [22m  cookieValue: 'cadf4eb8...',
[2m[WebServer] [22m  allCookies: [ 'guest_session' ]
[2m[WebServer] [22m}
[2m[WebServer] [22m[Middleware] Guest auth check: {
[2m[WebServer] [22m  path: '/api/guest/announcements',
[2m[WebServer] [22m  hasCookie: true,
[2m[WebServer] [22m  cookieValue: 'cadf4eb8...',
[2m[WebServer] [22m  allCookies: [ 'guest_session' ]
[2m[WebServer] [22m}
[2m[WebServer] [22m[Middleware] Guest auth check: {
[2m[WebServer] [22m  path: '/api/guest/rsvps',
[2m[WebServer] [22m  hasCookie: true,
[2m[WebServer] [22m  cookieValue: 'cadf4eb8...',
[2m[WebServer] [22m  allCookies: [ 'guest_session' ]
[2m[WebServer] [22m}
[2m[WebServer] [22m[Middleware] Guest auth check: {
[2m[WebServer] [22m  path: '/api/guest/events',
[2m[WebServer] [22m  hasCookie: true,
[2m[WebServer] [22m  cookieValue: 'cadf4eb8...',
[2m[WebServer] [22m  allCookies: [ 'guest_session' ]
[2m[WebServer] [22m}
[2m[WebServer] [22m[API] Guest query result: {
[2m[WebServer] [22m  found: [33mtrue[39m,
[2m[WebServer] [22m  email: [32m'test-w6-1770445280348-okkqihlf@example.com'[39m,
[2m[WebServer] [22m  authMethod: [32m'email_matching'[39m,
[2m[WebServer] [22m  error: [90mundefined[39m
[2m[WebServer] [22m}
[2m[WebServer] [22m[API] Setting guest session cookie: {
[2m[WebServer] [22m  tokenPrefix: [32m'de5df74c'[39m,
[2m[WebServer] [22m  cookieOptions: {
[2m[WebServer] [22m    httpOnly: [33mtrue[39m,
[2m[WebServer] [22m    secure: [33mfalse[39m,
[2m[WebServer] [22m    sameSite: [32m'lax'[39m,
[2m[WebServer] [22m    maxAge: [33m86400[39m,
[2m[WebServer] [22m    path: [32m'/'[39m
[2m[WebServer] [22m  },
[2m[WebServer] [22m  guestId: [32m'4325dc4f-f775-42d2-81a0-ec5d7f66a10e'[39m,
[2m[WebServer] [22m  sessionId: [32m'f131200d-6f83-4d21-b988-8d15feff2749'[39m
[2m[WebServer] [22m}
[2m[WebServer] [22m POST /api/guest-auth/email-match [32m200[39m in 332ms[2m (compile: 12ms, proxy.ts: 27ms, render: 294ms)[22m
[2m[WebServer] [22m[Middleware] Session query result: {
[2m[WebServer] [22m  sessionsFound: 1,
[2m[WebServer] [22m  hasError: false,
[2m[WebServer] [22m  errorMessage: undefined,
[2m[WebServer] [22m  tokenPrefix: 'cadf4eb8'
[2m[WebServer] [22m}
[2m[WebServer] [22m[Middleware] Session query result: {
[2m[WebServer] [22m  sessionsFound: 1,
[2m[WebServer] [22m  hasError: false,
[2m[WebServer] [22m  errorMessage: undefined,
[2m[WebServer] [22m  tokenPrefix: 'cadf4eb8'
[2m[WebServer] [22m}
[2m[WebServer] [22m[Middleware] Session query result: {
[2m[WebServer] [22m  sessionsFound: 1,
[2m[WebServer] [22m  hasError: false,
[2m[WebServer] [22m  errorMessage: undefined,
[2m[WebServer] [22m  tokenPrefix: 'cadf4eb8'
[2m[WebServer] [22m}
[2m[WebServer] [22m[Middleware] Session query result: {
[2m[WebServer] [22m  sessionsFound: 1,
[2m[WebServer] [22m  hasError: false,
[2m[WebServer] [22m  errorMessage: undefined,
[2m[WebServer] [22m  tokenPrefix: 'cadf4eb8'
[2m[WebServer] [22m}
[2m[WebServer] [22m[Middleware] Guest auth check: {
[2m[WebServer] [22m  path: '/guest/dashboard',
[2m[WebServer] [22m  hasCookie: true,
[2m[WebServer] [22m  cookieValue: 'de5df74c...',
[2m[WebServer] [22m  allCookies: [ 'guest_session' ]
[2m[WebServer] [22m}
[2m[WebServer] [22m[Middleware] Session query result: {
[2m[WebServer] [22m  sessionsFound: 1,
[2m[WebServer] [22m  hasError: false,
[2m[WebServer] [22m  errorMessage: undefined,
[2m[WebServer] [22m  tokenPrefix: 'de5df74c'
[2m[WebServer] [22m}
[2m[WebServer] [22m[GuestDashboard] Session check: { hasToken: [33mtrue[39m, tokenPrefix: [32m'de5df74c'[39m }
[2m[WebServer] [22m GET /api/guest/wedding-info [32m200[39m in 612ms[2m (compile: 5ms, proxy.ts: 199ms, render: 408ms)[22m
[2m[WebServer] [22m[GuestDashboard] Session query result: {
[2m[WebServer] [22m  found: [33mtrue[39m,
[2m[WebServer] [22m  error: [90mundefined[39m,
[2m[WebServer] [22m  guestId: [32m'4325dc4f-f775-42d2-81a0-ec5d7f66a10e'[39m
[2m[WebServer] [22m}
[2m[WebServer] [22m GET /api/guest/rsvps [32m200[39m in 803ms[2m (compile: 16ms, proxy.ts: 307ms, render: 480ms)[22m
[2m[WebServer] [22m GET /api/guest/announcements [32m200[39m in 806ms[2m (compile: 8ms, proxy.ts: 183ms, render: 614ms)[22m
  ✘   8 [chromium] › __tests__/e2e/auth/guestAuth.spec.ts:361:7 › Guest Authentication › should show error for already used magic link (18.9s)
  ✘   9 [chromium] › __tests__/e2e/auth/guestAuth.spec.ts:325:7 › Guest Authentication › should show error for expired magic link (18.9s)
[2m[WebServer] [22m[GuestDashboard] Guest query result: {
[2m[WebServer] [22m  found: [33mtrue[39m,
[2m[WebServer] [22m  error: [90mundefined[39m,
[2m[WebServer] [22m  email: [32m'test-w6-1770445280348-okkqihlf@example.com'[39m
[2m[WebServer] [22m}
[2m[WebServer] [22m[GuestDashboard] Rendering dashboard for guest: test-w6-1770445280348-okkqihlf@example.com
[2m[WebServer] [22m GET /api/guest/events [32m200[39m in 979ms[2m (compile: 28ms, proxy.ts: 310ms, render: 641ms)[22m
[2m[WebServer] [22m GET /guest/dashboard [32m200[39m in 653ms[2m (compile: 9ms, proxy.ts: 151ms, render: 494ms)[22m
[2m[WebServer] [22m[Middleware] Guest auth check: {
[2m[WebServer] [22m  path: '/guest/events',
[2m[WebServer] [22m  hasCookie: true,
[2m[WebServer] [22m  cookieValue: 'de5df74c...',
[2m[WebServer] [22m  allCookies: [ 'guest_session' ]
[2m[WebServer] [22m}
[2m[WebServer] [22m[Middleware] Session query result: {
[2m[WebServer] [22m  sessionsFound: 1,
[2m[WebServer] [22m  hasError: false,
[2m[WebServer] [22m  errorMessage: undefined,
[2m[WebServer] [22m  tokenPrefix: 'de5df74c'
[2m[WebServer] [22m}
[dotenv@17.2.4] injecting env (0) from .env.e2e -- tip: ⚙️  load multiple .env files with { path: ['.env.local', '.env'] }
[dotenv@17.2.4] injecting env (0) from .env.e2e -- tip: ⚙️  enable debug logging with { debug: true }
[Worker 9] Created test guest: {
  email: [32m'test-w9-1770445285305-sf30yt3w@example.com'[39m,
  id: [32m'81be8a66-4dea-4e5f-b25b-ac0067a22b54'[39m,
  authMethod: [32m'email_matching'[39m,
  groupId: [32m'ba07ee12-7d9e-4c53-83e5-8c1c9cb6f888'[39m
}
[Worker 8] Created test guest: {
  email: [32m'test-w8-1770445285369-fpfz61i9@example.com'[39m,
  id: [32m'7a32ba9d-3b83-49fe-873a-4935773c5d56'[39m,
  authMethod: [32m'email_matching'[39m,
  groupId: [32m'2df4d1a2-c2c0-4d00-bb45-b601b0b98610'[39m
}
[Worker 9] ✅ Verified guest exists: {
  email: [32m'test-w9-1770445285305-sf30yt3w@example.com'[39m,
  authMethod: [32m'email_matching'[39m
}
[Worker 8] ✅ Verified guest exists: {
  email: [32m'test-w8-1770445285369-fpfz61i9@example.com'[39m,
  authMethod: [32m'email_matching'[39m
}
[2m[WebServer] [22m[Middleware] Guest auth check: {
[2m[WebServer] [22m  path: '/guest/dashboard',
[2m[WebServer] [22m  hasCookie: true,
[2m[WebServer] [22m  cookieValue: 'cadf4eb8...',
[2m[WebServer] [22m  allCookies: [ 'guest_session' ]
[2m[WebServer] [22m}
[2m[WebServer] [22m[Middleware] Guest auth check: {
[2m[WebServer] [22m  path: '/api/guest/events',
[2m[WebServer] [22m  hasCookie: true,
[2m[WebServer] [22m  cookieValue: 'de5df74c...',
[2m[WebServer] [22m  allCookies: [ 'guest_session' ]
[2m[WebServer] [22m}
[2m[WebServer] [22m[Middleware] Guest auth check: {
[2m[WebServer] [22m  path: '/api/guest/rsvps',
[2m[WebServer] [22m  hasCookie: true,
[2m[WebServer] [22m  cookieValue: 'de5df74c...',
[2m[WebServer] [22m  allCookies: [ 'guest_session' ]
[2m[WebServer] [22m}
[2m[WebServer] [22m[Middleware] Guest auth check: {
[2m[WebServer] [22m  path: '/api/guest/wedding-info',
[2m[WebServer] [22m  hasCookie: true,
[2m[WebServer] [22m  cookieValue: 'de5df74c...',
[2m[WebServer] [22m  allCookies: [ 'guest_session' ]
[2m[WebServer] [22m}
[2m[WebServer] [22m[Middleware] Guest auth check: {
[2m[WebServer] [22m  path: '/api/guest/announcements',
[2m[WebServer] [22m  hasCookie: true,
[2m[WebServer] [22m  cookieValue: 'de5df74c...',
[2m[WebServer] [22m  allCookies: [ 'guest_session' ]
[2m[WebServer] [22m}
[2m[WebServer] [22m GET /guest/events [32m200[39m in 1931ms[2m (compile: 1203ms, proxy.ts: 143ms, render: 586ms)[22m
[2m[WebServer] [22m[Middleware] Session query result: {
[2m[WebServer] [22m  sessionsFound: 1,
[2m[WebServer] [22m  hasError: false,
[2m[WebServer] [22m  errorMessage: undefined,
[2m[WebServer] [22m  tokenPrefix: 'cadf4eb8'
[2m[WebServer] [22m}
[2m[WebServer] [22m[Middleware] Session query result: {
[2m[WebServer] [22m  sessionsFound: 1,
[2m[WebServer] [22m  hasError: false,
[2m[WebServer] [22m  errorMessage: undefined,
[2m[WebServer] [22m  tokenPrefix: 'de5df74c'
[2m[WebServer] [22m}
[2m[WebServer] [22m[Middleware] Session query result: {
[2m[WebServer] [22m  sessionsFound: 1,
[2m[WebServer] [22m  hasError: false,
[2m[WebServer] [22m  errorMessage: undefined,
[2m[WebServer] [22m  tokenPrefix: 'de5df74c'
[2m[WebServer] [22m}
[2m[WebServer] [22m[Middleware] Session query result: {
[2m[WebServer] [22m  sessionsFound: 1,
[2m[WebServer] [22m  hasError: false,
[2m[WebServer] [22m  errorMessage: undefined,
[2m[WebServer] [22m  tokenPrefix: 'de5df74c'
[2m[WebServer] [22m}
[2m[WebServer] [22m[Middleware] Session query result: {
[2m[WebServer] [22m  sessionsFound: 1,
[2m[WebServer] [22m  hasError: false,
[2m[WebServer] [22m  errorMessage: undefined,
[2m[WebServer] [22m  tokenPrefix: 'de5df74c'
[2m[WebServer] [22m}
[2m[WebServer] [22m GET /auth/guest-login [32m200[39m in 218ms[2m (compile: 27ms, proxy.ts: 63ms, render: 128ms)[22m
[2m[WebServer] [22m[GuestDashboard] Session check: { hasToken: [33mtrue[39m, tokenPrefix: [32m'cadf4eb8'[39m }
[2m[WebServer] [22m GET /auth/guest-login [32m200[39m in 227ms[2m (compile: 25ms, proxy.ts: 76ms, render: 126ms)[22m
[2m[WebServer] [22m[GuestDashboard] Session query result: {
[2m[WebServer] [22m  found: [33mtrue[39m,
[2m[WebServer] [22m  error: [90mundefined[39m,
[2m[WebServer] [22m  guestId: [32m'fbc393b2-1267-4c6a-a63b-252655709f7f'[39m
[2m[WebServer] [22m}
[2m[WebServer] [22m[GuestDashboard] Guest query result: {
[2m[WebServer] [22m  found: [33mtrue[39m,
[2m[WebServer] [22m  error: [90mundefined[39m,
[2m[WebServer] [22m  email: [32m'test-w7-1770445277143-qflrslkb@example.com'[39m
[2m[WebServer] [22m}
[2m[WebServer] [22m[GuestDashboard] Rendering dashboard for guest: test-w7-1770445277143-qflrslkb@example.com
[2m[WebServer] [22m GET /guest/dashboard [32m200[39m in 745ms[2m (compile: 83ms, proxy.ts: 228ms, render: 434ms)[22m
[2m[WebServer] [22m[Middleware] Guest auth check: {
[2m[WebServer] [22m  path: '/api/guest/events',
[2m[WebServer] [22m  hasCookie: true,
[2m[WebServer] [22m  cookieValue: 'de5df74c...',
[2m[WebServer] [22m  allCookies: [ 'guest_session' ]
[2m[WebServer] [22m}
[2m[WebServer] [22m[Middleware] Guest auth check: {
[2m[WebServer] [22m  path: '/guest/events',
[2m[WebServer] [22m  hasCookie: true,
[2m[WebServer] [22m  cookieValue: 'de5df74c...',
[2m[WebServer] [22m  allCookies: [ 'guest_session' ]
[2m[WebServer] [22m}
[2m[WebServer] [22m[API] Looking for guest with email: nonexistent@example.com
[2m[WebServer] [22m[Middleware] Session query result: {
[2m[WebServer] [22m  sessionsFound: 1,
[2m[WebServer] [22m  hasError: false,
[2m[WebServer] [22m  errorMessage: undefined,
[2m[WebServer] [22m  tokenPrefix: 'de5df74c'
[2m[WebServer] [22m}
[2m[WebServer] [22m[Middleware] Session query result: {
[2m[WebServer] [22m  sessionsFound: 1,
[2m[WebServer] [22m  hasError: false,
[2m[WebServer] [22m  errorMessage: undefined,
[2m[WebServer] [22m  tokenPrefix: 'de5df74c'
[2m[WebServer] [22m}
[2m[WebServer] [22m[API] Guest query result: {
[2m[WebServer] [22m  found: [33mfalse[39m,
[2m[WebServer] [22m  email: [90mundefined[39m,
[2m[WebServer] [22m  authMethod: [90mundefined[39m,
[2m[WebServer] [22m  error: [32m'Cannot coerce the result to a single JSON object'[39m
[2m[WebServer] [22m}
[2m[WebServer] [22m POST /api/guest-auth/email-match [33m404[39m in 238ms[2m (compile: 43ms, proxy.ts: 15ms, render: 180ms)[22m
[2m[WebServer] [22m GET /api/guest/events [32m200[39m in 744ms[2m (compile: 37ms, proxy.ts: 273ms, render: 434ms)[22m
[2m[WebServer] [22m[Middleware] Guest auth check: {
[2m[WebServer] [22m  path: '/api/guest/wedding-info',
[2m[WebServer] [22m  hasCookie: true,
[2m[WebServer] [22m  cookieValue: 'cadf4eb8...',
[2m[WebServer] [22m  allCookies: [ 'guest_session' ]
[2m[WebServer] [22m}
[2m[WebServer] [22m[Middleware] Guest auth check: {
[2m[WebServer] [22m  path: '/api/guest/announcements',
[2m[WebServer] [22m  hasCookie: true,
[2m[WebServer] [22m  cookieValue: 'cadf4eb8...',
[2m[WebServer] [22m  allCookies: [ 'guest_session' ]
[2m[WebServer] [22m}
[2m[WebServer] [22m[Middleware] Guest auth check: {
[2m[WebServer] [22m  path: '/api/guest/rsvps',
[2m[WebServer] [22m  hasCookie: true,
[2m[WebServer] [22m  cookieValue: 'cadf4eb8...',
[2m[WebServer] [22m  allCookies: [ 'guest_session' ]
[2m[WebServer] [22m}
[2m[WebServer] [22m[Middleware] Guest auth check: {
[2m[WebServer] [22m  path: '/api/guest/events',
[2m[WebServer] [22m  hasCookie: true,
[2m[WebServer] [22m  cookieValue: 'cadf4eb8...',
[2m[WebServer] [22m  allCookies: [ 'guest_session' ]
[2m[WebServer] [22m}
[2m[WebServer] [22m GET /guest/events [32m200[39m in 731ms[2m (compile: 48ms, proxy.ts: 215ms, render: 469ms)[22m
[2m[WebServer] [22m[Middleware] Session query result: {
[2m[WebServer] [22m  sessionsFound: 1,
[2m[WebServer] [22m  hasError: false,
[2m[WebServer] [22m  errorMessage: undefined,
[2m[WebServer] [22m  tokenPrefix: 'cadf4eb8'
[2m[WebServer] [22m}
[2m[WebServer] [22m[Middleware] Session query result: {
[2m[WebServer] [22m  sessionsFound: 1,
[2m[WebServer] [22m  hasError: false,
[2m[WebServer] [22m  errorMessage: undefined,
[2m[WebServer] [22m  tokenPrefix: 'cadf4eb8'
[2m[WebServer] [22m}
[2m[WebServer] [22m[Middleware] Session query result: {
[2m[WebServer] [22m  sessionsFound: 1,
[2m[WebServer] [22m  hasError: false,
[2m[WebServer] [22m  errorMessage: undefined,
[2m[WebServer] [22m  tokenPrefix: 'cadf4eb8'
[2m[WebServer] [22m}
[2m[WebServer] [22m[Middleware] Session query result: {
[2m[WebServer] [22m  sessionsFound: 1,
[2m[WebServer] [22m  hasError: false,
[2m[WebServer] [22m  errorMessage: undefined,
[2m[WebServer] [22m  tokenPrefix: 'cadf4eb8'
[2m[WebServer] [22m}
[2m[WebServer] [22m GET /auth/guest-login/verify?token=87d63068c0211700961d313fd668d842bdd2b19f8e9dd18284e6ddfc78d6b2c2 [32m200[39m in 124ms[2m (compile: 19ms, proxy.ts: 54ms, render: 51ms)[22m
  ✓  14 [chromium] › __tests__/e2e/auth/guestAuth.spec.ts:503:7 › Guest Authentication › should switch between authentication tabs (3.0s)
[2m[WebServer] [22m GET /api/guest/rsvps [32m200[39m in 678ms[2m (compile: 12ms, proxy.ts: 183ms, render: 484ms)[22m
[2m[WebServer] [22m GET /api/guest/announcements [32m200[39m in 682ms[2m (compile: 19ms, proxy.ts: 218ms, render: 445ms)[22m
[2m[WebServer] [22m GET /api/guest/wedding-info [32m200[39m in 749ms[2m (compile: 36ms, proxy.ts: 185ms, render: 528ms)[22m
[Worker 8] Created test guest: {
  email: [32m'test-w8-1770445288591-dq9zeomy@example.com'[39m,
  id: [32m'4da250a8-958e-489d-8a1d-f01bb8efdd4a'[39m,
  authMethod: [32m'email_matching'[39m,
  groupId: [32m'27b16d13-4bac-45ed-8013-85beadb60565'[39m
}
[2m[WebServer] [22m[Middleware] Guest auth check: {
[2m[WebServer] [22m  path: '/api/guest/events',
[2m[WebServer] [22m  hasCookie: true,
[2m[WebServer] [22m  cookieValue: 'de5df74c...',
[2m[WebServer] [22m  allCookies: [ 'guest_session' ]
[2m[WebServer] [22m}
[2m[WebServer] [22m GET /api/guest/events [32m200[39m in 837ms[2m (compile: 20ms, proxy.ts: 218ms, render: 598ms)[22m
[Worker 8] ✅ Verified guest exists: {
  email: [32m'test-w8-1770445288591-dq9zeomy@example.com'[39m,
  authMethod: [32m'email_matching'[39m
}
[2m[WebServer] [22m[Middleware] Session query result: {
[2m[WebServer] [22m  sessionsFound: 1,
[2m[WebServer] [22m  hasError: false,
[2m[WebServer] [22m  errorMessage: undefined,
[2m[WebServer] [22m  tokenPrefix: 'de5df74c'
[2m[WebServer] [22m}
[2m[WebServer] [22m POST /api/guest-auth/magic-link/verify [34m307[39m in 179ms[2m (compile: 6ms, proxy.ts: 5ms, render: 168ms)[22m
[2m[WebServer] [22m GET /auth/guest-login [32m200[39m in 52ms[2m (compile: 4ms, proxy.ts: 5ms, render: 43ms)[22m
[2m[WebServer] [22m POST /auth/guest-login/verify?error=INVALID_TOKEN&message=Invalid+or+expired+magic+link [32m200[39m in 73ms[2m (compile: 8ms, proxy.ts: 22ms, render: 43ms)[22m
[2m[WebServer] [22m GET /api/guest/events [32m200[39m in 898ms[2m (compile: 1399µs, proxy.ts: 142ms, render: 755ms)[22m
[2m[WebServer] [22m[API] Looking for guest with email: test-w8-1770445288591-dq9zeomy@example.com
[2m[WebServer] [22m[API] Guest query result: {
[2m[WebServer] [22m  found: [33mtrue[39m,
[2m[WebServer] [22m  email: [32m'test-w8-1770445288591-dq9zeomy@example.com'[39m,
[2m[WebServer] [22m  authMethod: [32m'email_matching'[39m,
[2m[WebServer] [22m  error: [90mundefined[39m
[2m[WebServer] [22m}
[2m[WebServer] [22m[API] Setting guest session cookie: {
[2m[WebServer] [22m  tokenPrefix: [32m'8bab6ffd'[39m,
[2m[WebServer] [22m  cookieOptions: {
[2m[WebServer] [22m    httpOnly: [33mtrue[39m,
[2m[WebServer] [22m    secure: [33mfalse[39m,
[2m[WebServer] [22m    sameSite: [32m'lax'[39m,
[2m[WebServer] [22m    maxAge: [33m86400[39m,
[2m[WebServer] [22m    path: [32m'/'[39m
[2m[WebServer] [22m  },
[2m[WebServer] [22m  guestId: [32m'4da250a8-958e-489d-8a1d-f01bb8efdd4a'[39m,
[2m[WebServer] [22m  sessionId: [32m'c32abc05-0692-4fd4-8bfc-f245b3de9e43'[39m
[2m[WebServer] [22m}
[2m[WebServer] [22m POST /api/guest-auth/email-match [32m200[39m in 283ms[2m (compile: 1367µs, proxy.ts: 7ms, render: 275ms)[22m
[2m[WebServer] [22m[Middleware] Guest auth check: {
[2m[WebServer] [22m  path: '/guest/dashboard',
[2m[WebServer] [22m  hasCookie: true,
[2m[WebServer] [22m  cookieValue: '8bab6ffd...',
[2m[WebServer] [22m  allCookies: [ 'guest_session' ]
[2m[WebServer] [22m}
[2m[WebServer] [22m[Middleware] Session query result: {
[2m[WebServer] [22m  sessionsFound: 1,
[2m[WebServer] [22m  hasError: false,
[2m[WebServer] [22m  errorMessage: undefined,
[2m[WebServer] [22m  tokenPrefix: '8bab6ffd'
[2m[WebServer] [22m}
[2m[WebServer] [22m[GuestDashboard] Session check: { hasToken: [33mtrue[39m, tokenPrefix: [32m'8bab6ffd'[39m }
[2m[WebServer] [22m[GuestDashboard] Session query result: {
[2m[WebServer] [22m  found: [33mtrue[39m,
[2m[WebServer] [22m  error: [90mundefined[39m,
[2m[WebServer] [22m  guestId: [32m'4da250a8-958e-489d-8a1d-f01bb8efdd4a'[39m
[2m[WebServer] [22m}
[2m[WebServer] [22m[Middleware] Guest auth check: {
[2m[WebServer] [22m  path: '/guest/activities',
[2m[WebServer] [22m  hasCookie: true,
[2m[WebServer] [22m  cookieValue: 'de5df74c...',
[2m[WebServer] [22m  allCookies: [ 'guest_session' ]
[2m[WebServer] [22m}
[2m[WebServer] [22m[GuestDashboard] Guest query result: {
[2m[WebServer] [22m  found: [33mtrue[39m,
[2m[WebServer] [22m  error: [90mundefined[39m,
[2m[WebServer] [22m  email: [32m'test-w8-1770445288591-dq9zeomy@example.com'[39m
[2m[WebServer] [22m}
[2m[WebServer] [22m[GuestDashboard] Rendering dashboard for guest: test-w8-1770445288591-dq9zeomy@example.com
[2m[WebServer] [22m GET /guest/dashboard [32m200[39m in 460ms[2m (compile: 1974µs, proxy.ts: 134ms, render: 324ms)[22m
[2m[WebServer] [22m[Middleware] Session query result: {
[2m[WebServer] [22m  sessionsFound: 1,
[2m[WebServer] [22m  hasError: false,
[2m[WebServer] [22m  errorMessage: undefined,
[2m[WebServer] [22m  tokenPrefix: 'de5df74c'
[2m[WebServer] [22m}
[2m[WebServer] [22m GET /guest/activities [32m200[39m in 2.1s[2m (compile: 1241ms, proxy.ts: 141ms, render: 729ms)[22m
[2m[WebServer] [22m[Middleware] Guest auth check: {
[2m[WebServer] [22m  path: '/guest/dashboard',
[2m[WebServer] [22m  hasCookie: true,
[2m[WebServer] [22m  cookieValue: 'cadf4eb8...',
[2m[WebServer] [22m  allCookies: [ 'guest_session' ]
[2m[WebServer] [22m}
[2m[WebServer] [22m[Middleware] Guest auth check: {
[2m[WebServer] [22m  path: '/guest/events',
[2m[WebServer] [22m  hasCookie: true,
[2m[WebServer] [22m  cookieValue: 'de5df74c...',
[2m[WebServer] [22m  allCookies: [ 'guest_session' ]
[2m[WebServer] [22m}
[2m[WebServer] [22m[Middleware] Guest auth check: {
[2m[WebServer] [22m  path: '/api/guest/rsvps',
[2m[WebServer] [22m  hasCookie: true,
[2m[WebServer] [22m  cookieValue: '8bab6ffd...',
[2m[WebServer] [22m  allCookies: [ 'guest_session' ]
[2m[WebServer] [22m}
[2m[WebServer] [22m[Middleware] Guest auth check: {
[2m[WebServer] [22m  path: '/api/guest/events',
[2m[WebServer] [22m  hasCookie: true,
[2m[WebServer] [22m  cookieValue: '8bab6ffd...',
[2m[WebServer] [22m  allCookies: [ 'guest_session' ]
[2m[WebServer] [22m}
[2m[WebServer] [22m[Middleware] Guest auth check: {
[2m[WebServer] [22m  path: '/api/guest/wedding-info',
[2m[WebServer] [22m  hasCookie: true,
[2m[WebServer] [22m  cookieValue: '8bab6ffd...',
[2m[WebServer] [22m  allCookies: [ 'guest_session' ]
[2m[WebServer] [22m}
[2m[WebServer] [22m[Middleware] Guest auth check: {
[2m[WebServer] [22m  path: '/api/guest/announcements',
[2m[WebServer] [22m  hasCookie: true,
[2m[WebServer] [22m  cookieValue: '8bab6ffd...',
[2m[WebServer] [22m  allCookies: [ 'guest_session' ]
[2m[WebServer] [22m}
[2m[WebServer] [22m GET /auth/guest-login/verify?error=INVALID_TOKEN&message=Invalid+or+expired+magic+link [32m200[39m in 114ms[2m (compile: 12ms, proxy.ts: 22ms, render: 80ms)[22m
[2m[WebServer] [22m[Middleware] Session query result: {
[2m[WebServer] [22m  sessionsFound: 0,
[2m[WebServer] [22m  hasError: false,
[2m[WebServer] [22m  errorMessage: undefined,
[2m[WebServer] [22m  tokenPrefix: 'cadf4eb8'
[2m[WebServer] [22m}
[2m[WebServer] [22m[Middleware] No session found in database for token
[2m[WebServer] [22m[Middleware] Session query result: {
[2m[WebServer] [22m  sessionsFound: 1,
[2m[WebServer] [22m  hasError: false,
[2m[WebServer] [22m  errorMessage: undefined,
[2m[WebServer] [22m  tokenPrefix: 'de5df74c'
[2m[WebServer] [22m}
[2m[WebServer] [22m[Middleware] Session query result: {
[2m[WebServer] [22m  sessionsFound: 1,
[2m[WebServer] [22m  hasError: false,
[2m[WebServer] [22m  errorMessage: undefined,
[2m[WebServer] [22m  tokenPrefix: '8bab6ffd'
[2m[WebServer] [22m}
[2m[WebServer] [22m[Middleware] Session query result: {
[2m[WebServer] [22m  sessionsFound: 1,
[2m[WebServer] [22m  hasError: false,
[2m[WebServer] [22m  errorMessage: undefined,
[2m[WebServer] [22m  tokenPrefix: '8bab6ffd'
[2m[WebServer] [22m}
[2m[WebServer] [22m[Middleware] Session query result: {
[2m[WebServer] [22m  sessionsFound: 1,
[2m[WebServer] [22m  hasError: false,
[2m[WebServer] [22m  errorMessage: undefined,
[2m[WebServer] [22m  tokenPrefix: '8bab6ffd'
[2m[WebServer] [22m}
[2m[WebServer] [22m[Middleware] Session query result: {
[2m[WebServer] [22m  sessionsFound: 0,
[2m[WebServer] [22m  hasError: false,
[2m[WebServer] [22m  errorMessage: undefined,
[2m[WebServer] [22m  tokenPrefix: '8bab6ffd'
[2m[WebServer] [22m}
[2m[WebServer] [22m[Middleware] No session found in database for token
[2m[WebServer] [22m GET /api/guest/wedding-info [33m401[39m in 713ms[2m (compile: 328ms, proxy.ts: 207ms, render: 179ms)[22m
[2m[WebServer] [22m GET /api/guest/events [33m401[39m in 721ms[2m (compile: 336ms, proxy.ts: 230ms, render: 155ms)[22m
[2m[WebServer] [22m GET /api/guest/rsvps [33m401[39m in 726ms[2m (compile: 353ms, proxy.ts: 208ms, render: 166ms)[22m
[2m[WebServer] [22m GET /auth/guest-login?returnTo=%2Fguest%2Fdashboard [32m200[39m in 223ms[2m (compile: 9ms, proxy.ts: 117ms, render: 98ms)[22m
[2m[WebServer] [22m GET /guest/events [32m200[39m in 977ms[2m (compile: 377ms, proxy.ts: 231ms, render: 369ms)[22m
  ✘  15 [chromium] › __tests__/e2e/auth/guestAuth.spec.ts:590:7 › Guest Authentication › should log authentication events in audit log (5.4s)
  ✘  12 [chromium] › __tests__/e2e/auth/guestAuth.spec.ts:475:7 › Guest Authentication › should persist authentication across page refreshes (14.4s)
  ✘  11 [chromium] › __tests__/e2e/auth/guestAuth.spec.ts:432:7 › Guest Authentication › should complete logout flow (17.4s)
  ✘  13 [chromium] › __tests__/e2e/auth/guestAuth.spec.ts:546:7 › Guest Authentication › should handle authentication errors gracefully (14.5s)

🧹 E2E Global Teardown Starting...

🗑️  Cleaning up test data...
🧹 Running comprehensive test cleanup...
✅ Comprehensive cleanup complete
✅ Test data cleaned

🔓 Removing authentication state...
   Removed: .auth/user.json
   Removed empty .auth directory
✅ Authentication state removed

📊 Execution Summary:
   Duration: 2.21s
   Errors: 0
   Status: ✅ Clean teardown

✨ E2E Global Teardown Complete!



  1) [chromium] › __tests__/e2e/auth/guestAuth.spec.ts:157:7 › Guest Authentication › should successfully authenticate with email matching 

    TimeoutError: page.waitForURL: Timeout 10000ms exceeded.
    =========================== logs ===========================
    waiting for navigation to "/guest/dashboard" until "domcontentloaded"
      navigated to "http://localhost:3000/auth/guest-login"
      navigated to "http://localhost:3000/auth/guest-login"
      navigated to "http://localhost:3000/auth/guest-login"
      navigated to "http://localhost:3000/auth/guest-login"
      navigated to "http://localhost:3000/auth/guest-login"
    ============================================================

      169 |
      170 |     // Wait for redirect to dashboard (use domcontentloaded instead of load)
    > 171 |     await page.waitForURL('/guest/dashboard', { 
          |                ^
      172 |       timeout: 10000,
      173 |       waitUntil: 'domcontentloaded'
      174 |     });
        at /Users/jaron/Desktop/wedding-platform-v2/__tests__/e2e/auth/guestAuth.spec.ts:171:16

    attachment #1: screenshot (image/png) ──────────────────────────────────────────────────────────
    test-results/auth-guestAuth-Guest-Authe-1ea91-nticate-with-email-matching-chromium/test-failed-1.png
    ────────────────────────────────────────────────────────────────────────────────────────────────

    attachment #2: video (video/webm) ──────────────────────────────────────────────────────────────
    test-results/auth-guestAuth-Guest-Authe-1ea91-nticate-with-email-matching-chromium/video.webm
    ────────────────────────────────────────────────────────────────────────────────────────────────

    Error Context: test-results/auth-guestAuth-Guest-Authe-1ea91-nticate-with-email-matching-chromium/error-context.md

  2) [chromium] › __tests__/e2e/auth/guestAuth.spec.ts:207:7 › Guest Authentication › should show loading state during authentication 

    Error: [2mexpect([22m[31mlocator[39m[2m).[22mtoBeDisabled[2m([22m[2m)[22m failed

    Locator: locator('button[type="submit"]:has-text("Log In")')
    Expected: disabled
    Timeout: 10000ms
    Error: element(s) not found

    Call log:
    [2m  - Expect "toBeDisabled" with timeout 10000ms[22m
    [2m  - waiting for locator('button[type="submit"]:has-text("Log In")')[22m
    [2m    2 × waiting for" http://localhost:3000/guest/dashboard" navigation to finish...[22m
    [2m      - navigated to "http://localhost:3000/guest/dashboard"[22m


      216 |
      217 |     // Verify button is disabled during loading
    > 218 |     await expect(submitButton).toBeDisabled();
          |                                ^
      219 |   });
      220 |
      221 |   test('should create session cookie on successful authentication', async ({ page, context }) => {
        at /Users/jaron/Desktop/wedding-platform-v2/__tests__/e2e/auth/guestAuth.spec.ts:218:32

    attachment #1: screenshot (image/png) ──────────────────────────────────────────────────────────
    test-results/auth-guestAuth-Guest-Authe-79b6f-state-during-authentication-chromium/test-failed-1.png
    ────────────────────────────────────────────────────────────────────────────────────────────────

    attachment #2: video (video/webm) ──────────────────────────────────────────────────────────────
    test-results/auth-guestAuth-Guest-Authe-79b6f-state-during-authentication-chromium/video.webm
    ────────────────────────────────────────────────────────────────────────────────────────────────

    Error Context: test-results/auth-guestAuth-Guest-Authe-79b6f-state-during-authentication-chromium/error-context.md

  3) [chromium] › __tests__/e2e/auth/guestAuth.spec.ts:247:7 › Guest Authentication › should successfully request and verify magic link 

    Error: [2mexpect([22m[31mlocator[39m[2m).[22mtoBeVisible[2m([22m[2m)[22m failed

    Locator: locator('.bg-green-50')
    Expected: visible
    Timeout: 10000ms
    Error: element(s) not found

    Call log:
    [2m  - Expect "toBeVisible" with timeout 10000ms[22m
    [2m  - waiting for locator('.bg-green-50')[22m


      266 |
      267 |     // Wait for success message
    > 268 |     await expect(page.locator('.bg-green-50')).toBeVisible();
          |                                                ^
      269 |     await expect(page.locator('.text-green-800')).toContainText(/check your email/i);
      270 |     await expect(page.locator('.text-green-800')).toContainText('15 minutes');
      271 |
        at /Users/jaron/Desktop/wedding-platform-v2/__tests__/e2e/auth/guestAuth.spec.ts:268:48

    attachment #1: screenshot (image/png) ──────────────────────────────────────────────────────────
    test-results/auth-guestAuth-Guest-Authe-1c592-quest-and-verify-magic-link-chromium/test-failed-1.png
    ────────────────────────────────────────────────────────────────────────────────────────────────

    attachment #2: video (video/webm) ──────────────────────────────────────────────────────────────
    test-results/auth-guestAuth-Guest-Authe-1c592-quest-and-verify-magic-link-chromium/video.webm
    ────────────────────────────────────────────────────────────────────────────────────────────────

    Error Context: test-results/auth-guestAuth-Guest-Authe-1c592-quest-and-verify-magic-link-chromium/error-context.md

  4) [chromium] › __tests__/e2e/auth/guestAuth.spec.ts:297:7 › Guest Authentication › should show success message after requesting magic link 

    Error: [2mexpect([22m[31mlocator[39m[2m).[22mtoBeVisible[2m([22m[2m)[22m failed

    Locator: locator('.bg-green-50')
    Expected: visible
    Timeout: 10000ms
    Error: element(s) not found

    Call log:
    [2m  - Expect "toBeVisible" with timeout 10000ms[22m
    [2m  - waiting for locator('.bg-green-50')[22m
    [2m    - waiting for" http://localhost:3000/auth/guest-login" navigation to finish...[22m


      314 |
      315 |     // Verify success message
    > 316 |     await expect(page.locator('.bg-green-50')).toBeVisible();
          |                                                ^
      317 |     await expect(page.locator('.text-green-800')).toContainText('Check your email for a login link');
      318 |     await expect(page.locator('.text-green-800')).toContainText('15 minutes');
      319 |
        at /Users/jaron/Desktop/wedding-platform-v2/__tests__/e2e/auth/guestAuth.spec.ts:316:48

    attachment #1: screenshot (image/png) ──────────────────────────────────────────────────────────
    test-results/auth-guestAuth-Guest-Authe-71b1d-after-requesting-magic-link-chromium/test-failed-1.png
    ────────────────────────────────────────────────────────────────────────────────────────────────

    attachment #2: video (video/webm) ──────────────────────────────────────────────────────────────
    test-results/auth-guestAuth-Guest-Authe-71b1d-after-requesting-magic-link-chromium/video.webm
    ────────────────────────────────────────────────────────────────────────────────────────────────

    Error Context: test-results/auth-guestAuth-Guest-Authe-71b1d-after-requesting-magic-link-chromium/error-context.md

  5) [chromium] › __tests__/e2e/auth/guestAuth.spec.ts:325:7 › Guest Authentication › should show error for expired magic link 

    Error: [2mexpect([22m[31mlocator[39m[2m).[22mtoContainText[2m([22m[32mexpected[39m[2m)[22m failed

    Locator: locator('h1')
    Expected substring: [32m"Link Expired"[39m
    Received string:    [31m"Invalid Link"[39m
    Timeout: 10000ms

    Call log:
    [2m  - Expect "toContainText" with timeout 10000ms[22m
    [2m  - waiting for locator('h1')[22m
    [2m    - waiting for" http://localhost:3000/auth/guest-login/verify?error=INVALID_TOKEN&message=Invalid+or+expired+magic+link" navigation to finish...[22m
    [2m    - navigated to "http://localhost:3000/auth/guest-login/verify?error=INVALID_TOKEN&message=Invalid+or+expired+magic+link"[22m
    [2m    4 × locator resolved to <h1 class="text-2xl font-bold text-jungle-800 mb-2">Verifying Your Link</h1>[22m
    [2m      - unexpected value "Verifying Your Link"[22m
    [2m    8 × locator resolved to <h1 class="text-2xl font-bold text-red-800 mb-2">Invalid Link</h1>[22m
    [2m      - unexpected value "Invalid Link"[22m


      348 |
      349 |     // Verify error message with more specific selectors
    > 350 |     await expect(page.locator('h1')).toContainText('Link Expired');
          |                                      ^
      351 |     const errorDescription = page.locator('p.text-gray-600').first();
      352 |     await expect(errorDescription).toContainText('This magic link has expired');
      353 |     const securityNote = page.locator('p.text-sm.text-gray-500');
        at /Users/jaron/Desktop/wedding-platform-v2/__tests__/e2e/auth/guestAuth.spec.ts:350:38

    attachment #1: screenshot (image/png) ──────────────────────────────────────────────────────────
    test-results/auth-guestAuth-Guest-Authe-fc3b3-rror-for-expired-magic-link-chromium/test-failed-1.png
    ────────────────────────────────────────────────────────────────────────────────────────────────

    attachment #2: video (video/webm) ──────────────────────────────────────────────────────────────
    test-results/auth-guestAuth-Guest-Authe-fc3b3-rror-for-expired-magic-link-chromium/video.webm
    ────────────────────────────────────────────────────────────────────────────────────────────────

    Error Context: test-results/auth-guestAuth-Guest-Authe-fc3b3-rror-for-expired-magic-link-chromium/error-context.md

  6) [chromium] › __tests__/e2e/auth/guestAuth.spec.ts:361:7 › Guest Authentication › should show error for already used magic link 

    Error: [2mexpect([22m[31mlocator[39m[2m).[22mtoBeVisible[2m([22m[2m)[22m failed

    Locator: locator('.bg-green-50')
    Expected: visible
    Timeout: 10000ms
    Error: element(s) not found

    Call log:
    [2m  - Expect "toBeVisible" with timeout 10000ms[22m
    [2m  - waiting for locator('.bg-green-50')[22m


      373 |     await page.fill('#magic-link-input', testGuestEmail);
      374 |     await page.click('button[type="submit"]:has-text("Send Magic Link")');
    > 375 |     await expect(page.locator('.bg-green-50')).toBeVisible();
          |                                                ^
      376 |
      377 |     // Get token from database
      378 |     const { data: tokens } = await supabase
        at /Users/jaron/Desktop/wedding-platform-v2/__tests__/e2e/auth/guestAuth.spec.ts:375:48

    attachment #1: screenshot (image/png) ──────────────────────────────────────────────────────────
    test-results/auth-guestAuth-Guest-Authe-fb7a8-for-already-used-magic-link-chromium/test-failed-1.png
    ────────────────────────────────────────────────────────────────────────────────────────────────

    attachment #2: video (video/webm) ──────────────────────────────────────────────────────────────
    test-results/auth-guestAuth-Guest-Authe-fb7a8-for-already-used-magic-link-chromium/video.webm
    ────────────────────────────────────────────────────────────────────────────────────────────────

    Error Context: test-results/auth-guestAuth-Guest-Authe-fb7a8-for-already-used-magic-link-chromium/error-context.md

  7) [chromium] › __tests__/e2e/auth/guestAuth.spec.ts:432:7 › Guest Authentication › should complete logout flow 

    TimeoutError: page.waitForURL: Timeout 10000ms exceeded.
    =========================== logs ===========================
    waiting for navigation to "/auth/guest-login" until "domcontentloaded"
      navigated to "http://localhost:3000/guest/dashboard"
      navigated to "http://localhost:3000/guest/dashboard"
      navigated to "http://localhost:3000/guest/dashboard"
    ============================================================

      452 |
      453 |     // Step 4: Wait for redirect to login page
    > 454 |     await page.waitForURL('/auth/guest-login', { 
          |                ^
      455 |       timeout: 10000,
      456 |       waitUntil: 'domcontentloaded'
      457 |     });
        at /Users/jaron/Desktop/wedding-platform-v2/__tests__/e2e/auth/guestAuth.spec.ts:454:16

    attachment #1: screenshot (image/png) ──────────────────────────────────────────────────────────
    test-results/auth-guestAuth-Guest-Authe-b7d01-should-complete-logout-flow-chromium/test-failed-1.png
    ────────────────────────────────────────────────────────────────────────────────────────────────

    attachment #2: video (video/webm) ──────────────────────────────────────────────────────────────
    test-results/auth-guestAuth-Guest-Authe-b7d01-should-complete-logout-flow-chromium/video.webm
    ────────────────────────────────────────────────────────────────────────────────────────────────

    Error Context: test-results/auth-guestAuth-Guest-Authe-b7d01-should-complete-logout-flow-chromium/error-context.md

  8) [chromium] › __tests__/e2e/auth/guestAuth.spec.ts:475:7 › Guest Authentication › should persist authentication across page refreshes 

    Error: page.goto: net::ERR_ABORTED at http://localhost:3000/guest/activities
    Call log:
    [2m  - navigating to "http://localhost:3000/guest/activities", waiting until "load"[22m


      496 |
      497 |     // Step 5: Navigate to another page
    > 498 |     await page.goto('/guest/activities');
          |                ^
      499 |     await expect(page).toHaveURL('/guest/activities');
      500 |     await expect(page.locator('h1')).toBeVisible();
      501 |   });
        at /Users/jaron/Desktop/wedding-platform-v2/__tests__/e2e/auth/guestAuth.spec.ts:498:16

    attachment #1: screenshot (image/png) ──────────────────────────────────────────────────────────
    test-results/auth-guestAuth-Guest-Authe-2d8a3-ation-across-page-refreshes-chromium/test-failed-1.png
    ────────────────────────────────────────────────────────────────────────────────────────────────

    attachment #2: video (video/webm) ──────────────────────────────────────────────────────────────
    test-results/auth-guestAuth-Guest-Authe-2d8a3-ation-across-page-refreshes-chromium/video.webm
    ────────────────────────────────────────────────────────────────────────────────────────────────

    Error Context: test-results/auth-guestAuth-Guest-Authe-2d8a3-ation-across-page-refreshes-chromium/error-context.md

  9) [chromium] › __tests__/e2e/auth/guestAuth.spec.ts:546:7 › Guest Authentication › should handle authentication errors gracefully 

    Error: [2mexpect([22m[31mlocator[39m[2m).[22mtoContainText[2m([22m[32mexpected[39m[2m)[22m failed

    Locator: locator('h1')
    Expected substring: [32m"Link Expired"[39m
    Received string:    [31m"Invalid Link"[39m
    Timeout: 10000ms

    Call log:
    [2m  - Expect "toContainText" with timeout 10000ms[22m
    [2m  - waiting for locator('h1')[22m
    [2m    2 × locator resolved to <h1 class="text-2xl font-bold text-jungle-800 mb-2">Verifying Your Link</h1>[22m
    [2m      - unexpected value "Verifying Your Link"[22m
    [2m    - waiting for" http://localhost:3000/api/guest-auth/magic-link/verify" navigation to finish...[22m
    [2m    - navigated to "http://localhost:3000/auth/guest-login/verify?error=INVALID_TOKEN&message=Invalid+or+expired+magic+link"[22m
    [2m    2 × locator resolved to <h1 class="text-2xl font-bold text-jungle-800 mb-2">Verifying Your Link</h1>[22m
    [2m      - unexpected value "Verifying Your Link"[22m
    [2m      - locator resolved to <h1 class="text-2xl font-bold text-jungle-800 mb-2">Verifying Your Link</h1>[22m
    [2m      - unexpected value "Verifying Your Link"[22m
    [2m      - locator resolved to <h1 class="text-2xl font-bold text-red-800 mb-2">Invalid Link</h1>[22m
    [2m      - unexpected value "Invalid Link"[22m
    [2m      - locator resolved to <h1 class="text-2xl font-bold text-red-800 mb-2">Invalid Link</h1>[22m
    [2m      - unexpected value "Invalid Link"[22m
    [2m      - locator resolved to <h1 class="text-2xl font-bold text-red-800 mb-2">Invalid Link</h1>[22m
    [2m      - unexpected value "Invalid Link"[22m
    [2m    - locator resolved to <h1 class="text-2xl font-bold text-red-800 mb-2">Invalid Link</h1>[22m
    [2m    - unexpected value "Invalid Link"[22m


      583 |
      584 |     await page.goto(`/auth/guest-login/verify?token=${token}`);
    > 585 |     await expect(page.locator('h1')).toContainText('Link Expired');
          |                                      ^
      586 |     const expiredDescription = page.locator('p.text-gray-600').first();
      587 |     await expect(expiredDescription).toContainText('This magic link has expired');
      588 |   });
        at /Users/jaron/Desktop/wedding-platform-v2/__tests__/e2e/auth/guestAuth.spec.ts:585:38

    attachment #1: screenshot (image/png) ──────────────────────────────────────────────────────────
    test-results/auth-guestAuth-Guest-Authe-90796-ntication-errors-gracefully-chromium/test-failed-1.png
    ────────────────────────────────────────────────────────────────────────────────────────────────

    attachment #2: video (video/webm) ──────────────────────────────────────────────────────────────
    test-results/auth-guestAuth-Guest-Authe-90796-ntication-errors-gracefully-chromium/video.webm
    ────────────────────────────────────────────────────────────────────────────────────────────────

    Error Context: test-results/auth-guestAuth-Guest-Authe-90796-ntication-errors-gracefully-chromium/error-context.md

  10) [chromium] › __tests__/e2e/auth/guestAuth.spec.ts:590:7 › Guest Authentication › should log authentication events in audit log 

    Error: [2mexpect([22m[31mreceived[39m[2m).[22mtoHaveLength[2m([22m[32mexpected[39m[2m)[22m

    Expected length: [32m1[39m
    Received length: [31m0[39m
    Received array:  [31m[][39m

      609 |
      610 |     expect(loginError).toBeNull();
    > 611 |     expect(loginLogs).toHaveLength(1);
          |                       ^
      612 |     expect(loginLogs![0].details.auth_method).toBe('email_matching');
      613 |     expect(loginLogs![0].details.email).toBe(testGuestEmail);
      614 |
        at /Users/jaron/Desktop/wedding-platform-v2/__tests__/e2e/auth/guestAuth.spec.ts:611:23

    attachment #1: screenshot (image/png) ──────────────────────────────────────────────────────────
    test-results/auth-guestAuth-Guest-Authe-c413d-ication-events-in-audit-log-chromium/test-failed-1.png
    ────────────────────────────────────────────────────────────────────────────────────────────────

    attachment #2: video (video/webm) ──────────────────────────────────────────────────────────────
    test-results/auth-guestAuth-Guest-Authe-c413d-ication-events-in-audit-log-chromium/video.webm
    ────────────────────────────────────────────────────────────────────────────────────────────────

    Error Context: test-results/auth-guestAuth-Guest-Authe-c413d-ication-events-in-audit-log-chromium/error-context.md

  10 failed
    [chromium] › __tests__/e2e/auth/guestAuth.spec.ts:157:7 › Guest Authentication › should successfully authenticate with email matching 
    [chromium] › __tests__/e2e/auth/guestAuth.spec.ts:207:7 › Guest Authentication › should show loading state during authentication 
    [chromium] › __tests__/e2e/auth/guestAuth.spec.ts:247:7 › Guest Authentication › should successfully request and verify magic link 
    [chromium] › __tests__/e2e/auth/guestAuth.spec.ts:297:7 › Guest Authentication › should show success message after requesting magic link 
    [chromium] › __tests__/e2e/auth/guestAuth.spec.ts:325:7 › Guest Authentication › should show error for expired magic link 
    [chromium] › __tests__/e2e/auth/guestAuth.spec.ts:361:7 › Guest Authentication › should show error for already used magic link 
    [chromium] › __tests__/e2e/auth/guestAuth.spec.ts:432:7 › Guest Authentication › should complete logout flow 
    [chromium] › __tests__/e2e/auth/guestAuth.spec.ts:475:7 › Guest Authentication › should persist authentication across page refreshes 
    [chromium] › __tests__/e2e/auth/guestAuth.spec.ts:546:7 › Guest Authentication › should handle authentication errors gracefully 
    [chromium] › __tests__/e2e/auth/guestAuth.spec.ts:590:7 › Guest Authentication › should log authentication events in audit log 
  5 passed (1.2m)

[36m  Serving HTML report at http://localhost:60355. Press Ctrl+C to quit.[39m
