
> destination-wedding-platform@0.1.0 test:e2e
> playwright test __tests__/e2e/admin/emailManagement.spec.ts

[dotenv@17.2.4] injecting env (25) from .env.e2e -- tip: 📡 add observability to secrets: https://dotenvx.com/ops
[2m[WebServer] [22m
[2m[WebServer] [22m> destination-wedding-platform@0.1.0 dev
[2m[WebServer] [22m> next dev --webpack
[2m[WebServer] [22m
[2m[WebServer] [22m[1m[38;2;173;127;168m▲ Next.js 16.1.1[39m[22m (webpack)
[2m[WebServer] [22m- Local:         http://localhost:3000
[2m[WebServer] [22m- Network:       http://172.24.67.208:3000
[2m[WebServer] [22m- Environments: .env.test
[2m[WebServer] [22m
[2m[WebServer] [22m[32m[1m✓[22m[39m Starting...
[2m[WebServer] [22m[33m[1m⚠[22m[39m The "middleware" file convention is deprecated. Please use "proxy" instead. Learn more: https://nextjs.org/docs/messages/middleware-to-proxy
[2m[WebServer] [22m🚀 Initializing application services...
[2m[WebServer] [22m✅ B2 client initialized successfully {
[2m[WebServer] [22m  endpoint: [32m'https://s3.us-west-004.backblazeb2.com'[39m,
[2m[WebServer] [22m  region: [32m'us-west-004'[39m,
[2m[WebServer] [22m  bucket: [32m'test-bucket'[39m,
[2m[WebServer] [22m  cdnDomain: [32m'https://test-cdn.example.com'[39m
[2m[WebServer] [22m}
[2m[WebServer] [22m✅ Application services initialized successfully
[2m[WebServer] [22m[32m[1m✓[22m[39m Ready in 2.9s

🚀 E2E Global Setup Starting...

📊 Verifying test database connection...
[2m[WebServer] [22m GET / [32m200[39m in 2.5s[2m (compile: 2.1s, proxy.ts: 218ms, render: 198ms)[22m
✅ Test database connected

🧹 Cleaning up test data...
🧹 Running comprehensive test cleanup...
✅ Comprehensive cleanup complete
✅ Test data cleaned

🌐 Verifying Next.js server...
✅ Next.js server is running

🔐 Setting up admin authentication...
[2m[WebServer] [22m GET / [32m200[39m in 55ms[2m (compile: 5ms, proxy.ts: 20ms, render: 31ms)[22m
   Warning: Could not ensure admin user exists: Failed to create auth user: A user with this email address has already been registered
   Continuing with setup - login may fail if user does not exist
   Authenticating via Supabase API...
   ✅ API authentication successful (User ID: e7f5ae65-376e-4d05-a18c-10a91295727a)
   Injecting session cookies...
   ✅ Session cookies set (3 cookies)
   Navigating to http://localhost:3000/admin...
[2m[WebServer] [22m[Middleware] User authenticated: e7f5ae65-376e-4d05-a18c-10a91295727a
[2m[WebServer] [22m[Middleware] Admin user data query result: { userData: { role: 'owner', status: 'active' }, userError: null }
[2m[WebServer] [22m[Middleware] Access granted for admin role: owner
[2m[WebServer] [22m GET /admin [32m200[39m in 1358ms[2m (compile: 719ms, proxy.ts: 533ms, render: 105ms)[22m
   ✅ Page loaded successfully
[2m[WebServer] [22m[Middleware] User authenticated: e7f5ae65-376e-4d05-a18c-10a91295727a
[2m[WebServer] [22m[Middleware] Admin user data query result: { userData: { role: 'owner', status: 'active' }, userError: null }
[2m[WebServer] [22m[Middleware] Access granted for admin role: owner
[2m[WebServer] [22m[Middleware] User authenticated: e7f5ae65-376e-4d05-a18c-10a91295727a
[2m[WebServer] [22m[Middleware] Admin user data query result: { userData: { role: 'owner', status: 'active' }, userError: null }
[2m[WebServer] [22m[Middleware] Access granted for admin role: owner
   Current URL: http://localhost:3000/admin
   ✅ Admin UI is visible
   Logged in as: admin@example.com
   Auth state saved to: .auth/admin.json
✅ Admin authentication saved

✨ E2E Global Setup Complete!


Running 13 tests using 4 workers

[dotenv@17.2.4] injecting env (0) from .env.e2e -- tip: 🔄 add secrets lifecycle management: https://dotenvx.com/ops
[dotenv@17.2.4] injecting env (0) from .env.e2e -- tip: 🔑 add access controls to secrets: https://dotenvx.com/ops
[dotenv@17.2.4] injecting env (0) from .env.e2e -- tip: 🔐 encrypt with Dotenvx: https://dotenvx.com
[dotenv@17.2.4] injecting env (0) from .env.e2e -- tip: 🗂️ backup and recover secrets: https://dotenvx.com/ops
[2m[WebServer] [22m[Middleware] User authenticated: e7f5ae65-376e-4d05-a18c-10a91295727a
[2m[WebServer] [22m[Middleware] User authenticated: e7f5ae65-376e-4d05-a18c-10a91295727a
[2m[WebServer] [22m[Middleware] User authenticated: e7f5ae65-376e-4d05-a18c-10a91295727a
[2m[WebServer] [22m[Middleware] User authenticated: e7f5ae65-376e-4d05-a18c-10a91295727a
[2m[WebServer] [22m[Middleware] Admin user data query result: { userData: { role: 'owner', status: 'active' }, userError: null }
[2m[WebServer] [22m[Middleware] Access granted for admin role: owner
[2m[WebServer] [22m[Middleware] Admin user data query result: { userData: { role: 'owner', status: 'active' }, userError: null }
[2m[WebServer] [22m[Middleware] Access granted for admin role: owner
[2m[WebServer] [22m[Middleware] Admin user data query result: { userData: { role: 'owner', status: 'active' }, userError: null }
[2m[WebServer] [22m[Middleware] Access granted for admin role: owner
[2m[WebServer] [22m[Middleware] Admin user data query result: { userData: { role: 'owner', status: 'active' }, userError: null }
[2m[WebServer] [22m[Middleware] Access granted for admin role: owner
[2m[WebServer] [22m GET /admin/emails [32m200[39m in 2.0s[2m (compile: 1303ms, proxy.ts: 418ms, render: 310ms)[22m
[2m[WebServer] [22m GET /admin/emails [32m200[39m in 2.0s[2m (compile: 1299ms, proxy.ts: 423ms, render: 312ms)[22m
[2m[WebServer] [22m GET /admin/emails [32m200[39m in 2.0s[2m (compile: 1326ms, proxy.ts: 396ms, render: 320ms)[22m
[2m[WebServer] [22m GET /admin/emails [32m200[39m in 2.1s[2m (compile: 1313ms, proxy.ts: 409ms, render: 339ms)[22m
[2m[WebServer] [22m[Middleware] User authenticated: e7f5ae65-376e-4d05-a18c-10a91295727a
[2m[WebServer] [22m[Middleware] User authenticated: e7f5ae65-376e-4d05-a18c-10a91295727a
[2m[WebServer] [22m[Middleware] User authenticated: e7f5ae65-376e-4d05-a18c-10a91295727a
[2m[WebServer] [22m[Middleware] User authenticated: e7f5ae65-376e-4d05-a18c-10a91295727a
[2m[WebServer] [22m[Middleware] Admin user data query result: { userData: { role: 'owner', status: 'active' }, userError: null }
[2m[WebServer] [22m[Middleware] Access granted for admin role: owner
[2m[WebServer] [22m[Middleware] Admin user data query result: { userData: { role: 'owner', status: 'active' }, userError: null }
[2m[WebServer] [22m[Middleware] Access granted for admin role: owner
[2m[WebServer] [22m[Middleware] Admin user data query result: { userData: { role: 'owner', status: 'active' }, userError: null }
[2m[WebServer] [22m[Middleware] Access granted for admin role: owner
[2m[WebServer] [22m[Middleware] Admin user data query result: { userData: { role: 'owner', status: 'active' }, userError: null }
[2m[WebServer] [22m[Middleware] Access granted for admin role: owner
[2m[WebServer] [22m GET /api/admin/emails [33m400[39m in 1981ms[2m (compile: 1547ms, proxy.ts: 406ms, render: 28ms)[22m
[2m[WebServer] [22m GET /api/admin/emails [33m400[39m in 1984ms[2m (compile: 1544ms, proxy.ts: 408ms, render: 31ms)[22m
[2m[WebServer] [22m GET /api/admin/emails [33m400[39m in 1986ms[2m (compile: 1542ms, proxy.ts: 411ms, render: 33ms)[22m
[2m[WebServer] [22m GET /api/admin/emails [33m400[39m in 1991ms[2m (compile: 1550ms, proxy.ts: 404ms, render: 38ms)[22m
[2m[WebServer] [22m[Middleware] User authenticated: e7f5ae65-376e-4d05-a18c-10a91295727a
[2m[WebServer] [22m[Middleware] User authenticated: e7f5ae65-376e-4d05-a18c-10a91295727a
[2m[WebServer] [22m[Middleware] User authenticated: e7f5ae65-376e-4d05-a18c-10a91295727a
[2m[WebServer] [22m[Middleware] User authenticated: e7f5ae65-376e-4d05-a18c-10a91295727a
[2m[WebServer] [22m[Middleware] Admin user data query result: { userData: { role: 'owner', status: 'active' }, userError: null }
[2m[WebServer] [22m[Middleware] Access granted for admin role: owner
[2m[WebServer] [22m[Middleware] Admin user data query result: { userData: { role: 'owner', status: 'active' }, userError: null }
[2m[WebServer] [22m[Middleware] Access granted for admin role: owner
[2m[WebServer] [22m[Middleware] Admin user data query result: { userData: { role: 'owner', status: 'active' }, userError: null }
[2m[WebServer] [22m[Middleware] Access granted for admin role: owner
[2m[WebServer] [22m[Middleware] Admin user data query result: { userData: { role: 'owner', status: 'active' }, userError: null }
[2m[WebServer] [22m[Middleware] Access granted for admin role: owner
[2m[WebServer] [22m[Middleware] User authenticated: e7f5ae65-376e-4d05-a18c-10a91295727a
[2m[WebServer] [22m[Middleware] User authenticated: e7f5ae65-376e-4d05-a18c-10a91295727a
[2m[WebServer] [22m[Middleware] User authenticated: e7f5ae65-376e-4d05-a18c-10a91295727a
[2m[WebServer] [22m[Middleware] User authenticated: e7f5ae65-376e-4d05-a18c-10a91295727a
[2m[WebServer] [22m[Middleware] User authenticated: e7f5ae65-376e-4d05-a18c-10a91295727a
[2m[WebServer] [22m[Middleware] Admin user data query result: { userData: { role: 'owner', status: 'active' }, userError: null }
[2m[WebServer] [22m[Middleware] Access granted for admin role: owner
[2m[WebServer] [22m[Middleware] Admin user data query result: { userData: { role: 'owner', status: 'active' }, userError: null }
[2m[WebServer] [22m[Middleware] Access granted for admin role: owner
[2m[WebServer] [22m[Middleware] Admin user data query result: { userData: { role: 'owner', status: 'active' }, userError: null }
[2m[WebServer] [22m[Middleware] Access granted for admin role: owner
[2m[WebServer] [22m[Middleware] Admin user data query result: { userData: { role: 'owner', status: 'active' }, userError: null }
[2m[WebServer] [22m[Middleware] Access granted for admin role: owner
[2m[WebServer] [22m[Middleware] Admin user data query result: { userData: { role: 'owner', status: 'active' }, userError: null }
[2m[WebServer] [22m[Middleware] Access granted for admin role: owner
[2m[WebServer] [22m[Middleware] User authenticated: e7f5ae65-376e-4d05-a18c-10a91295727a
[2m[WebServer] [22m[Middleware] User authenticated: e7f5ae65-376e-4d05-a18c-10a91295727a
[2m[WebServer] [22m[Middleware] User authenticated: e7f5ae65-376e-4d05-a18c-10a91295727a
[2m[WebServer] [22m[Middleware] Admin user data query result: { userData: { role: 'owner', status: 'active' }, userError: null }
[2m[WebServer] [22m[Middleware] Access granted for admin role: owner
[2m[WebServer] [22m[Middleware] Admin user data query result: { userData: { role: 'owner', status: 'active' }, userError: null }
[2m[WebServer] [22m[Middleware] Access granted for admin role: owner
[2m[WebServer] [22m[Middleware] Admin user data query result: { userData: { role: 'owner', status: 'active' }, userError: null }
[2m[WebServer] [22m[Middleware] Access granted for admin role: owner
[2m[WebServer] [22m[37m[1m○[22m[39m Compiling /api/admin/groups ...
[2m[WebServer] [22m[verifyAuth] User authenticated: e7f5ae65-376e-4d05-a18c-10a91295727a
[2m[WebServer] [22m GET /api/admin/groups [32m200[39m in 7.1s[2m (compile: 4.3s, proxy.ts: 2.5s, render: 276ms)[22m
[2m[WebServer] [22m[verifyAuth] User authenticated: e7f5ae65-376e-4d05-a18c-10a91295727a
[2m[WebServer] [22m[verifyAuth] User authenticated: e7f5ae65-376e-4d05-a18c-10a91295727a
[2m[WebServer] [22m[verifyAuth] User authenticated: e7f5ae65-376e-4d05-a18c-10a91295727a
[2m[WebServer] [22m GET /api/admin/groups [32m200[39m in 7.1s[2m (compile: 4.3s, proxy.ts: 2.5s, render: 293ms)[22m
[2m[WebServer] [22m GET /api/admin/guests?format=simple [32m200[39m in 5.3s[2m (compile: 3.2s, proxy.ts: 1760ms, render: 297ms)[22m
[2m[WebServer] [22m GET /api/admin/guests?format=simple [32m200[39m in 7.1s[2m (compile: 4.8s, proxy.ts: 2.0s, render: 310ms)[22m
[2m[WebServer] [22m GET /api/admin/groups [32m200[39m in 5.3s[2m (compile: 3.2s, proxy.ts: 1768ms, render: 313ms)[22m
[2m[WebServer] [22m GET /api/admin/guests?format=simple [32m200[39m in 7.1s[2m (compile: 4.3s, proxy.ts: 2.5s, render: 323ms)[22m
[2m[WebServer] [22m GET /api/admin/groups [32m200[39m in 7.1s[2m (compile: 4.3s, proxy.ts: 2.6s, render: 324ms)[22m
[2m[WebServer] [22m GET /api/admin/guests?format=simple [32m200[39m in 7.1s[2m (compile: 4.8s, proxy.ts: 1998ms, render: 326ms)[22m
[2m[WebServer] [22m GET /api/admin/emails/templates [32m200[39m in 7.2s[2m (compile: 4.3s, proxy.ts: 2.5s, render: 376ms)[22m
[2m[WebServer] [22m GET /api/admin/emails/templates [32m200[39m in 7.2s[2m (compile: 4.7s, proxy.ts: 2.1s, render: 391ms)[22m
[2m[WebServer] [22m GET /api/admin/emails/templates [32m200[39m in 5.4s[2m (compile: 3.3s, proxy.ts: 1650ms, render: 392ms)[22m
[2m[WebServer] [22m GET /api/admin/emails/templates [32m200[39m in 7.2s[2m (compile: 4.8s, proxy.ts: 2.0s, render: 402ms)[22m
🧹 Running comprehensive test cleanup...
[2m[WebServer] [22m[Middleware] User authenticated: e7f5ae65-376e-4d05-a18c-10a91295727a
[2m[WebServer] [22m[Middleware] Admin user data query result: { userData: { role: 'owner', status: 'active' }, userError: null }
[2m[WebServer] [22m[Middleware] Access granted for admin role: owner
✅ Comprehensive cleanup complete
  ✓   2 [chromium] › __tests__/e2e/admin/emailManagement.spec.ts:251:7 › Email Composition & Templates › should validate required fields and email addresses (17.7s)
[2m[WebServer] [22m[37m[1m○[22m[39m Compiling /_not-found ...
[2m[WebServer] [22m[Middleware] User authenticated: e7f5ae65-376e-4d05-a18c-10a91295727a
[2m[WebServer] [22m[Middleware] Admin user data query result: { userData: { role: 'owner', status: 'active' }, userError: null }
[2m[WebServer] [22m[Middleware] Access granted for admin role: owner
[2m[WebServer] [22m GET /api/admin/groups/4592cbcb-d94b-4271-8f10-4b86180eb270/guests [33m404[39m in 5.1s[2m (compile: 4.6s, proxy.ts: 302ms, render: 219ms)[22m
[2m[WebServer] [22m GET /admin/emails [32m200[39m in 1012ms[2m (compile: 270ms, proxy.ts: 623ms, render: 119ms)[22m
[2m[WebServer] [22m[Middleware] User authenticated: e7f5ae65-376e-4d05-a18c-10a91295727a
[2m[WebServer] [22m[Middleware] User authenticated: e7f5ae65-376e-4d05-a18c-10a91295727a
[2m[WebServer] [22m[Middleware] User authenticated: e7f5ae65-376e-4d05-a18c-10a91295727a
[2m[WebServer] [22m[Middleware] User authenticated: e7f5ae65-376e-4d05-a18c-10a91295727a
[2m[WebServer] [22m[Middleware] Admin user data query result: { userData: { role: 'owner', status: 'active' }, userError: null }
[2m[WebServer] [22m[Middleware] Access granted for admin role: owner
[2m[WebServer] [22m[Middleware] Admin user data query result: { userData: { role: 'owner', status: 'active' }, userError: null }
[2m[WebServer] [22m[Middleware] Access granted for admin role: owner
[2m[WebServer] [22m[Middleware] Admin user data query result: { userData: { role: 'owner', status: 'active' }, userError: null }
[2m[WebServer] [22m[Middleware] Access granted for admin role: owner
[2m[WebServer] [22m[Middleware] Admin user data query result: { userData: { role: 'owner', status: 'active' }, userError: null }
[2m[WebServer] [22m[Middleware] Access granted for admin role: owner
[2m[WebServer] [22m GET /api/admin/emails [33m400[39m in 561ms[2m (compile: 230ms, proxy.ts: 324ms, render: 8ms)[22m
[2m[WebServer] [22m GET /admin/emails [32m200[39m in 612ms[2m (compile: 4ms, proxy.ts: 244ms, render: 364ms)[22m
[2m[WebServer] [22m GET /admin/emails [32m200[39m in 658ms[2m (compile: 18ms, proxy.ts: 289ms, render: 351ms)[22m
[2m[WebServer] [22m GET /admin/emails [32m200[39m in 666ms[2m (compile: 17ms, proxy.ts: 290ms, render: 360ms)[22m
🧹 Running comprehensive test cleanup...
[2m[WebServer] [22m[Middleware] User authenticated: e7f5ae65-376e-4d05-a18c-10a91295727a
[2m[WebServer] [22m[Middleware] User authenticated: e7f5ae65-376e-4d05-a18c-10a91295727a
[2m[WebServer] [22m[Middleware] User authenticated: e7f5ae65-376e-4d05-a18c-10a91295727a
[2m[WebServer] [22m[Middleware] Admin user data query result: { userData: { role: 'owner', status: 'active' }, userError: null }
[2m[WebServer] [22m[Middleware] Access granted for admin role: owner
[2m[WebServer] [22m[Middleware] Admin user data query result: { userData: { role: 'owner', status: 'active' }, userError: null }
[2m[WebServer] [22m[Middleware] Access granted for admin role: owner
[2m[WebServer] [22m[Middleware] Admin user data query result: { userData: { role: 'owner', status: 'active' }, userError: null }
[2m[WebServer] [22m[Middleware] Access granted for admin role: owner
[2m[WebServer] [22m[Middleware] User authenticated: e7f5ae65-376e-4d05-a18c-10a91295727a
[2m[WebServer] [22m[Middleware] User authenticated: e7f5ae65-376e-4d05-a18c-10a91295727a
[2m[WebServer] [22m[Middleware] User authenticated: e7f5ae65-376e-4d05-a18c-10a91295727a
[2m[WebServer] [22m[Middleware] Admin user data query result: { userData: { role: 'owner', status: 'active' }, userError: null }
[2m[WebServer] [22m[Middleware] Access granted for admin role: owner
[2m[WebServer] [22m GET /api/admin/emails [33m400[39m in 342ms[2m (compile: 1313µs, proxy.ts: 337ms, render: 4ms)[22m
[2m[WebServer] [22m[Middleware] Admin user data query result: { userData: { role: 'owner', status: 'active' }, userError: null }
[2m[WebServer] [22m[Middleware] Access granted for admin role: owner
[2m[WebServer] [22m[Middleware] Admin user data query result: { userData: { role: 'owner', status: 'active' }, userError: null }
[2m[WebServer] [22m[Middleware] Access granted for admin role: owner
[2m[WebServer] [22m GET /api/admin/emails [33m400[39m in 356ms[2m (compile: 3ms, proxy.ts: 344ms, render: 9ms)[22m
[2m[WebServer] [22m GET /api/admin/emails [33m400[39m in 361ms[2m (compile: 1846µs, proxy.ts: 345ms, render: 14ms)[22m
[2m[WebServer] [22m GET /api/admin/guests?format=simple [32m200[39m in 486ms[2m (compile: 15ms, proxy.ts: 338ms, render: 134ms)[22m
[2m[WebServer] [22m[verifyAuth] User authenticated: e7f5ae65-376e-4d05-a18c-10a91295727a
[2m[WebServer] [22m GET /api/admin/groups [32m200[39m in 505ms[2m (compile: 24ms, proxy.ts: 342ms, render: 139ms)[22m
🧹 Running comprehensive test cleanup...
[2m[WebServer] [22m GET /api/admin/emails/templates [32m200[39m in 599ms[2m (compile: 19ms, proxy.ts: 340ms, render: 240ms)[22m
✅ Comprehensive cleanup complete
  ✓   4 [chromium] › __tests__/e2e/admin/emailManagement.spec.ts:217:7 › Email Composition & Templates › should select recipients by group (24.2s)
[2m[WebServer] [22m[Middleware] User authenticated: e7f5ae65-376e-4d05-a18c-10a91295727a
[2m[WebServer] [22m[Middleware] Admin user data query result: { userData: { role: 'owner', status: 'active' }, userError: null }
[2m[WebServer] [22m[Middleware] Access granted for admin role: owner
[2m[WebServer] [22m GET /admin/emails [32m200[39m in 337ms[2m (compile: 1974µs, proxy.ts: 252ms, render: 82ms)[22m
✅ Comprehensive cleanup complete
  ✘   3 [chromium] › __tests__/e2e/admin/emailManagement.spec.ts:152:7 › Email Composition & Templates › should use email template with variable substitution (24.8s)
[2m[WebServer] [22m[Middleware] User authenticated: e7f5ae65-376e-4d05-a18c-10a91295727a
[2m[WebServer] [22m[Middleware] Admin user data query result: { userData: { role: 'owner', status: 'active' }, userError: null }
[2m[WebServer] [22m[Middleware] Access granted for admin role: owner
[2m[WebServer] [22m GET /api/admin/emails [33m400[39m in 240ms[2m (compile: 1472µs, proxy.ts: 234ms, render: 4ms)[22m
[dotenv@17.2.4] injecting env (0) from .env.e2e -- tip: 👥 sync secrets across teammates & machines: https://dotenvx.com/ops
[2m[WebServer] [22m[Middleware] User authenticated: e7f5ae65-376e-4d05-a18c-10a91295727a
[2m[WebServer] [22m[Middleware] User authenticated: e7f5ae65-376e-4d05-a18c-10a91295727a
[2m[WebServer] [22m[Middleware] User authenticated: e7f5ae65-376e-4d05-a18c-10a91295727a
[2m[WebServer] [22m[Middleware] Admin user data query result: { userData: { role: 'owner', status: 'active' }, userError: null }
[2m[WebServer] [22m[Middleware] Access granted for admin role: owner
[2m[WebServer] [22m[Middleware] Admin user data query result: { userData: { role: 'owner', status: 'active' }, userError: null }
[2m[WebServer] [22m[Middleware] Access granted for admin role: owner
[2m[WebServer] [22m[Middleware] Admin user data query result: { userData: { role: 'owner', status: 'active' }, userError: null }
[2m[WebServer] [22m[Middleware] Access granted for admin role: owner
[2m[WebServer] [22m[verifyAuth] User authenticated: e7f5ae65-376e-4d05-a18c-10a91295727a
[2m[WebServer] [22m GET /api/admin/groups [32m200[39m in 416ms[2m (compile: 16ms, proxy.ts: 281ms, render: 119ms)[22m
[2m[WebServer] [22m GET /api/admin/guests?format=simple [32m200[39m in 419ms[2m (compile: 3ms, proxy.ts: 280ms, render: 136ms)[22m
[2m[WebServer] [22m[Middleware] User authenticated: e7f5ae65-376e-4d05-a18c-10a91295727a
[2m[WebServer] [22m GET /api/admin/emails/templates [32m200[39m in 589ms[2m (compile: 5ms, proxy.ts: 300ms, render: 283ms)[22m
[2m[WebServer] [22m[Middleware] Admin user data query result: { userData: { role: 'owner', status: 'active' }, userError: null }
[2m[WebServer] [22m[Middleware] Access granted for admin role: owner
[2m[WebServer] [22m GET /admin/emails [32m200[39m in 339ms[2m (compile: 2ms, proxy.ts: 283ms, render: 53ms)[22m
[2m[WebServer] [22m[Middleware] User authenticated: e7f5ae65-376e-4d05-a18c-10a91295727a
[2m[WebServer] [22m[Middleware] Admin user data query result: { userData: { role: 'owner', status: 'active' }, userError: null }
[2m[WebServer] [22m[Middleware] Access granted for admin role: owner
[2m[WebServer] [22m[Middleware] User authenticated: e7f5ae65-376e-4d05-a18c-10a91295727a
[2m[WebServer] [22m[Middleware] User authenticated: e7f5ae65-376e-4d05-a18c-10a91295727a
[2m[WebServer] [22m[Middleware] User authenticated: e7f5ae65-376e-4d05-a18c-10a91295727a
[2m[WebServer] [22m GET /api/admin/emails [33m400[39m in 274ms[2m (compile: 5ms, proxy.ts: 263ms, render: 5ms)[22m
[2m[WebServer] [22m[Middleware] Admin user data query result: { userData: { role: 'owner', status: 'active' }, userError: null }
[2m[WebServer] [22m[Middleware] Access granted for admin role: owner
[2m[WebServer] [22m[Middleware] Admin user data query result: { userData: { role: 'owner', status: 'active' }, userError: null }
[2m[WebServer] [22m[Middleware] Access granted for admin role: owner
[2m[WebServer] [22m[Middleware] Admin user data query result: { userData: { role: 'owner', status: 'active' }, userError: null }
[2m[WebServer] [22m[Middleware] Access granted for admin role: owner
[2m[WebServer] [22m[Middleware] User authenticated: e7f5ae65-376e-4d05-a18c-10a91295727a
[2m[WebServer] [22m GET /api/admin/groups [32m200[39m in 380ms[2m (compile: 1324µs, proxy.ts: 254ms, render: 125ms)[22m
[2m[WebServer] [22m GET /api/admin/guests?format=simple [32m200[39m in 382ms[2m (compile: 4ms, proxy.ts: 265ms, render: 112ms)[22m
[2m[WebServer] [22m[verifyAuth] User authenticated: e7f5ae65-376e-4d05-a18c-10a91295727a
[2m[WebServer] [22m[Middleware] Admin user data query result: { userData: { role: 'owner', status: 'active' }, userError: null }
[2m[WebServer] [22m[Middleware] Access granted for admin role: owner
[2m[WebServer] [22m GET /api/admin/emails/templates [32m200[39m in 756ms[2m (compile: 3ms, proxy.ts: 264ms, render: 488ms)[22m
🧹 Running comprehensive test cleanup...
🧹 Running comprehensive test cleanup...
[2m[WebServer] [22m POST /api/admin/emails/schedule [32m200[39m in 2.6s[2m (compile: 2.1s, proxy.ts: 229ms, render: 233ms)[22m
[2m[WebServer] [22m[Middleware] User authenticated: e7f5ae65-376e-4d05-a18c-10a91295727a
[2m[WebServer] [22m[Middleware] Admin user data query result: { userData: { role: 'owner', status: 'active' }, userError: null }
[2m[WebServer] [22m[Middleware] Access granted for admin role: owner
[2m[WebServer] [22m GET /api/admin/emails [33m400[39m in 254ms[2m (compile: 11ms, proxy.ts: 234ms, render: 8ms)[22m
🧹 Running comprehensive test cleanup...
✅ Comprehensive cleanup complete
  ✓   7 [chromium] › __tests__/e2e/admin/emailManagement.spec.ts:152:7 › Email Composition & Templates › should use email template with variable substitution (retry #1) (5.5s)
✅ Comprehensive cleanup complete
  ✘   1 [chromium] › __tests__/e2e/admin/emailManagement.spec.ts:95:7 › Email Composition & Templates › should complete full email composition and sending workflow (31.7s)
[2m[WebServer] [22m[Middleware] User authenticated: e7f5ae65-376e-4d05-a18c-10a91295727a
[2m[WebServer] [22m[Middleware] Admin user data query result: { userData: { role: 'owner', status: 'active' }, userError: null }
[2m[WebServer] [22m[Middleware] Access granted for admin role: owner
[2m[WebServer] [22m GET /admin/emails [32m200[39m in 429ms[2m (compile: 33ms, proxy.ts: 307ms, render: 90ms)[22m
[dotenv@17.2.4] injecting env (0) from .env.e2e -- tip: 🛠️  run anywhere with `dotenvx run -- yourcommand`
✅ Comprehensive cleanup complete
  ✓   6 [chromium] › __tests__/e2e/admin/emailManagement.spec.ts:359:7 › Email Scheduling & Drafts › should schedule email for future delivery (8.4s)
[2m[WebServer] [22m[Middleware] User authenticated: e7f5ae65-376e-4d05-a18c-10a91295727a
[2m[WebServer] [22m[Middleware] User authenticated: e7f5ae65-376e-4d05-a18c-10a91295727a
[2m[WebServer] [22m[Middleware] Admin user data query result: { userData: { role: 'owner', status: 'active' }, userError: null }
[2m[WebServer] [22m[Middleware] Access granted for admin role: owner
[2m[WebServer] [22m GET /admin/emails [32m200[39m in 284ms[2m (compile: 2ms, proxy.ts: 228ms, render: 54ms)[22m
[2m[WebServer] [22m[Middleware] Admin user data query result: { userData: { role: 'owner', status: 'active' }, userError: null }
[2m[WebServer] [22m[Middleware] Access granted for admin role: owner
[2m[WebServer] [22m GET /api/admin/emails [33m400[39m in 349ms[2m (compile: 3ms, proxy.ts: 339ms, render: 6ms)[22m
[2m[WebServer] [22m[Middleware] User authenticated: e7f5ae65-376e-4d05-a18c-10a91295727a
[2m[WebServer] [22m[Middleware] Admin user data query result: { userData: { role: 'owner', status: 'active' }, userError: null }
[2m[WebServer] [22m[Middleware] Access granted for admin role: owner
[2m[WebServer] [22m GET /admin/emails [32m200[39m in 356ms[2m (compile: 10ms, proxy.ts: 290ms, render: 55ms)[22m
[2m[WebServer] [22m[Middleware] User authenticated: e7f5ae65-376e-4d05-a18c-10a91295727a
[2m[WebServer] [22m[Middleware] Admin user data query result: { userData: { role: 'owner', status: 'active' }, userError: null }
[2m[WebServer] [22m[Middleware] Access granted for admin role: owner
[2m[WebServer] [22m GET /admin/emails [32m200[39m in 291ms[2m (compile: 2ms, proxy.ts: 236ms, render: 52ms)[22m
[2m[WebServer] [22m[Middleware] User authenticated: e7f5ae65-376e-4d05-a18c-10a91295727a
[2m[WebServer] [22m[Middleware] User authenticated: e7f5ae65-376e-4d05-a18c-10a91295727a
[2m[WebServer] [22m[Middleware] User authenticated: e7f5ae65-376e-4d05-a18c-10a91295727a
[2m[WebServer] [22m[Middleware] User authenticated: e7f5ae65-376e-4d05-a18c-10a91295727a
[2m[WebServer] [22m[Middleware] Admin user data query result: { userData: { role: 'owner', status: 'active' }, userError: null }
[2m[WebServer] [22m[Middleware] Access granted for admin role: owner
[2m[WebServer] [22m GET /api/admin/emails [33m400[39m in 289ms[2m (compile: 23ms, proxy.ts: 258ms, render: 9ms)[22m
[2m[WebServer] [22m[Middleware] Admin user data query result: { userData: { role: 'owner', status: 'active' }, userError: null }
[2m[WebServer] [22m[Middleware] Access granted for admin role: owner
[2m[WebServer] [22m[Middleware] Admin user data query result: { userData: { role: 'owner', status: 'active' }, userError: null }
[2m[WebServer] [22m[Middleware] Access granted for admin role: owner
[2m[WebServer] [22m[Middleware] Admin user data query result: { userData: { role: 'owner', status: 'active' }, userError: null }
[2m[WebServer] [22m[Middleware] Access granted for admin role: owner
[2m[WebServer] [22m[Middleware] User authenticated: e7f5ae65-376e-4d05-a18c-10a91295727a
[2m[WebServer] [22m[verifyAuth] User authenticated: e7f5ae65-376e-4d05-a18c-10a91295727a
[2m[WebServer] [22m GET /api/admin/groups [32m200[39m in 448ms[2m (compile: 4ms, proxy.ts: 280ms, render: 163ms)[22m
[2m[WebServer] [22m GET /api/admin/guests?format=simple [32m200[39m in 450ms[2m (compile: 9ms, proxy.ts: 236ms, render: 205ms)[22m
[2m[WebServer] [22m[Middleware] Admin user data query result: { userData: { role: 'owner', status: 'active' }, userError: null }
[2m[WebServer] [22m[Middleware] Access granted for admin role: owner
[2m[WebServer] [22m GET /api/admin/emails [33m400[39m in 347ms[2m (compile: 22ms, proxy.ts: 308ms, render: 17ms)[22m
[2m[WebServer] [22m GET /api/admin/emails/templates [32m200[39m in 572ms[2m (compile: 6ms, proxy.ts: 264ms, render: 302ms)[22m
🧹 Running comprehensive test cleanup...
[2m[WebServer] [22m[Middleware] User authenticated: e7f5ae65-376e-4d05-a18c-10a91295727a
[2m[WebServer] [22m[Middleware] User authenticated: e7f5ae65-376e-4d05-a18c-10a91295727a
[2m[WebServer] [22m[Middleware] User authenticated: e7f5ae65-376e-4d05-a18c-10a91295727a
[2m[WebServer] [22m[Middleware] User authenticated: e7f5ae65-376e-4d05-a18c-10a91295727a
[2m[WebServer] [22m[Middleware] User authenticated: e7f5ae65-376e-4d05-a18c-10a91295727a
[2m[WebServer] [22m[Middleware] User authenticated: e7f5ae65-376e-4d05-a18c-10a91295727a
[2m[WebServer] [22m[Middleware] User authenticated: e7f5ae65-376e-4d05-a18c-10a91295727a
[2m[WebServer] [22m[Middleware] Admin user data query result: { userData: { role: 'owner', status: 'active' }, userError: null }
[2m[WebServer] [22m[Middleware] Access granted for admin role: owner
[2m[WebServer] [22m[Middleware] Admin user data query result: { userData: { role: 'owner', status: 'active' }, userError: null }
[2m[WebServer] [22m[Middleware] Access granted for admin role: owner
[2m[WebServer] [22m[Middleware] Admin user data query result: { userData: { role: 'owner', status: 'active' }, userError: null }
[2m[WebServer] [22m[Middleware] Access granted for admin role: owner
[2m[WebServer] [22m[Middleware] Admin user data query result: { userData: { role: 'owner', status: 'active' }, userError: null }
[2m[WebServer] [22m[Middleware] Access granted for admin role: owner
[2m[WebServer] [22m[Middleware] Admin user data query result: { userData: { role: 'owner', status: 'active' }, userError: null }
[2m[WebServer] [22m[Middleware] Access granted for admin role: owner
[2m[WebServer] [22m GET /api/admin/emails [33m400[39m in 705ms[2m (compile: 2ms, proxy.ts: 698ms, render: 5ms)[22m
[2m[WebServer] [22m[Middleware] Admin user data query result: { userData: { role: 'owner', status: 'active' }, userError: null }
[2m[WebServer] [22m[Middleware] Access granted for admin role: owner
[2m[WebServer] [22m[Middleware] Admin user data query result: { userData: { role: 'owner', status: 'active' }, userError: null }
[2m[WebServer] [22m[Middleware] Access granted for admin role: owner
[2m[WebServer] [22m GET /api/admin/groups [32m200[39m in 547ms[2m (compile: 15ms, proxy.ts: 414ms, render: 119ms)[22m
[2m[WebServer] [22m GET /api/admin/guests?format=simple [32m200[39m in 549ms[2m (compile: 3ms, proxy.ts: 412ms, render: 133ms)[22m
[2m[WebServer] [22m[verifyAuth] User authenticated: e7f5ae65-376e-4d05-a18c-10a91295727a
[2m[WebServer] [22m[verifyAuth] User authenticated: e7f5ae65-376e-4d05-a18c-10a91295727a
[2m[WebServer] [22m GET /api/admin/groups [32m200[39m in 722ms[2m (compile: 6ms, proxy.ts: 588ms, render: 128ms)[22m
[2m[WebServer] [22m GET /api/admin/guests?format=simple [32m200[39m in 744ms[2m (compile: 16ms, proxy.ts: 589ms, render: 140ms)[22m
[2m[WebServer] [22m GET /api/admin/emails/templates [32m200[39m in 656ms[2m (compile: 6ms, proxy.ts: 413ms, render: 236ms)[22m
[2m[WebServer] [22m GET /api/admin/emails/templates [32m200[39m in 810ms[2m (compile: 4ms, proxy.ts: 579ms, render: 228ms)[22m
[2m[WebServer] [22m[Middleware] User authenticated: e7f5ae65-376e-4d05-a18c-10a91295727a
[2m[WebServer] [22m[Middleware] Admin user data query result: { userData: { role: 'owner', status: 'active' }, userError: null }
[2m[WebServer] [22m[Middleware] Access granted for admin role: owner
✅ Comprehensive cleanup complete
  ✓   8 [chromium] › __tests__/e2e/admin/emailManagement.spec.ts:398:7 › Email Scheduling & Drafts › should save email as draft (5.2s)
  -  11 [chromium] › __tests__/e2e/admin/emailManagement.spec.ts:479:8 › Bulk Email & Template Management › should create and use email template
[2m[WebServer] [22m[Middleware] User authenticated: e7f5ae65-376e-4d05-a18c-10a91295727a
[2m[WebServer] [22m POST /api/admin/emails/send [32m200[39m in 1218ms[2m (compile: 552ms, proxy.ts: 262ms, render: 404ms)[22m
[2m[WebServer] [22m[Middleware] Admin user data query result: { userData: { role: 'owner', status: 'active' }, userError: null }
[2m[WebServer] [22m[Middleware] Access granted for admin role: owner
[2m[WebServer] [22m[Middleware] User authenticated: e7f5ae65-376e-4d05-a18c-10a91295727a
[2m[WebServer] [22m GET /admin/emails [32m200[39m in 356ms[2m (compile: 31ms, proxy.ts: 239ms, render: 86ms)[22m
[2m[WebServer] [22m[Middleware] Admin user data query result: { userData: { role: 'owner', status: 'active' }, userError: null }
[2m[WebServer] [22m[Middleware] Access granted for admin role: owner
[2m[WebServer] [22m GET /api/admin/emails [33m400[39m in 349ms[2m (compile: 5ms, proxy.ts: 338ms, render: 5ms)[22m
[2m[WebServer] [22m[Middleware] User authenticated: e7f5ae65-376e-4d05-a18c-10a91295727a
[2m[WebServer] [22m[Middleware] User authenticated: e7f5ae65-376e-4d05-a18c-10a91295727a
[2m[WebServer] [22m[Middleware] User authenticated: e7f5ae65-376e-4d05-a18c-10a91295727a
[2m[WebServer] [22m[Middleware] Admin user data query result: { userData: { role: 'owner', status: 'active' }, userError: null }
[2m[WebServer] [22m[Middleware] Access granted for admin role: owner
[2m[WebServer] [22m[Middleware] Admin user data query result: { userData: { role: 'owner', status: 'active' }, userError: null }
[2m[WebServer] [22m[Middleware] Access granted for admin role: owner
[2m[WebServer] [22m[Middleware] User authenticated: e7f5ae65-376e-4d05-a18c-10a91295727a
[2m[WebServer] [22m[Middleware] Admin user data query result: { userData: { role: 'owner', status: 'active' }, userError: null }
[2m[WebServer] [22m[Middleware] Access granted for admin role: owner
[2m[WebServer] [22m[Middleware] Admin user data query result: { userData: { role: 'owner', status: 'active' }, userError: null }
[2m[WebServer] [22m[Middleware] Access granted for admin role: owner
🧹 Running comprehensive test cleanup...
[2m[WebServer] [22m GET /api/admin/emails [33m400[39m in 385ms[2m (compile: 46ms, proxy.ts: 333ms, render: 6ms)[22m
[2m[WebServer] [22m GET /admin/emails [32m200[39m in 524ms[2m (compile: 8ms, proxy.ts: 265ms, render: 251ms)[22m
[2m[WebServer] [22m GET /admin/emails [32m200[39m in 527ms[2m (compile: 3ms, proxy.ts: 271ms, render: 253ms)[22m
[2m[WebServer] [22m GET /admin/emails [32m200[39m in 528ms[2m (compile: 11ms, proxy.ts: 263ms, render: 255ms)[22m
[2m[WebServer] [22m[Middleware] User authenticated: e7f5ae65-376e-4d05-a18c-10a91295727a
[2m[WebServer] [22m[Middleware] User authenticated: e7f5ae65-376e-4d05-a18c-10a91295727a
[2m[WebServer] [22m[Middleware] User authenticated: e7f5ae65-376e-4d05-a18c-10a91295727a
[2m[WebServer] [22m[Middleware] User authenticated: e7f5ae65-376e-4d05-a18c-10a91295727a
[2m[WebServer] [22m[Middleware] Admin user data query result: { userData: { role: 'owner', status: 'active' }, userError: null }
[2m[WebServer] [22m[Middleware] Access granted for admin role: owner
[2m[WebServer] [22m[Middleware] Admin user data query result: { userData: { role: 'owner', status: 'active' }, userError: null }
[2m[WebServer] [22m[Middleware] Access granted for admin role: owner
[2m[WebServer] [22m[Middleware] Admin user data query result: { userData: { role: 'owner', status: 'active' }, userError: null }
[2m[WebServer] [22m[Middleware] Access granted for admin role: owner
[2m[WebServer] [22m[Middleware] User authenticated: e7f5ae65-376e-4d05-a18c-10a91295727a
[2m[WebServer] [22m[Middleware] Admin user data query result: { userData: { role: 'owner', status: 'active' }, userError: null }
[2m[WebServer] [22m[Middleware] Access granted for admin role: owner
[2m[WebServer] [22m GET /api/admin/emails [33m400[39m in 266ms[2m (compile: 1347µs, proxy.ts: 262ms, render: 3ms)[22m
[2m[WebServer] [22m[Middleware] Admin user data query result: { userData: { role: 'owner', status: 'active' }, userError: null }
[2m[WebServer] [22m[Middleware] Access granted for admin role: owner
[2m[WebServer] [22m GET /api/admin/emails [33m400[39m in 331ms[2m (compile: 1298µs, proxy.ts: 327ms, render: 3ms)[22m
[2m[WebServer] [22m[verifyAuth] User authenticated: e7f5ae65-376e-4d05-a18c-10a91295727a
[2m[WebServer] [22m GET /api/admin/groups [32m200[39m in 468ms[2m (compile: 27ms, proxy.ts: 305ms, render: 136ms)[22m
[2m[WebServer] [22m GET /api/admin/guests?format=simple [32m200[39m in 480ms[2m (compile: 49ms, proxy.ts: 314ms, render: 117ms)[22m
[2m[WebServer] [22m[Middleware] User authenticated: e7f5ae65-376e-4d05-a18c-10a91295727a
[2m[WebServer] [22m GET /api/admin/emails/templates [32m200[39m in 585ms[2m (compile: 36ms, proxy.ts: 311ms, render: 239ms)[22m
[2m[WebServer] [22m[Middleware] Admin user data query result: { userData: { role: 'owner', status: 'active' }, userError: null }
[2m[WebServer] [22m[Middleware] Access granted for admin role: owner
[2m[WebServer] [22m GET /api/admin/emails [33m400[39m in 240ms[2m (compile: 1697µs, proxy.ts: 234ms, render: 4ms)[22m
🧹 Running comprehensive test cleanup...
[2m[WebServer] [22m[Middleware] User authenticated: e7f5ae65-376e-4d05-a18c-10a91295727a
[2m[WebServer] [22m[Middleware] Admin user data query result: { userData: { role: 'owner', status: 'active' }, userError: null }
[2m[WebServer] [22m[Middleware] Access granted for admin role: owner
✅ Comprehensive cleanup complete
  ✓  10 [chromium] › __tests__/e2e/admin/emailManagement.spec.ts:448:7 › Email Scheduling & Drafts › should show email history after sending (7.5s)
[2m[WebServer] [22m[Middleware] User authenticated: e7f5ae65-376e-4d05-a18c-10a91295727a
[2m[WebServer] [22m[Middleware] Admin user data query result: { userData: { role: 'owner', status: 'active' }, userError: null }
[2m[WebServer] [22m[Middleware] Access granted for admin role: owner
[2m[WebServer] [22m GET /admin/emails [32m200[39m in 274ms[2m (compile: 3ms, proxy.ts: 233ms, render: 38ms)[22m
✅ Comprehensive cleanup complete
[2m[WebServer] [22m[Middleware] User authenticated: e7f5ae65-376e-4d05-a18c-10a91295727a
  ✘   5 [chromium] › __tests__/e2e/admin/emailManagement.spec.ts:279:7 › Email Composition & Templates › should preview email before sending (23.3s)
[2m[WebServer] [22m[Middleware] Admin user data query result: { userData: { role: 'owner', status: 'active' }, userError: null }
[2m[WebServer] [22m[Middleware] Access granted for admin role: owner
[2m[WebServer] [22m GET /api/admin/emails [33m400[39m in 237ms[2m (compile: 1395µs, proxy.ts: 230ms, render: 6ms)[22m
[dotenv@17.2.4] injecting env (0) from .env.e2e -- tip: 👥 sync secrets across teammates & machines: https://dotenvx.com/ops
[2m[WebServer] [22m[Middleware] User authenticated: e7f5ae65-376e-4d05-a18c-10a91295727a
[2m[WebServer] [22m[Middleware] User authenticated: e7f5ae65-376e-4d05-a18c-10a91295727a
[2m[WebServer] [22m[Middleware] User authenticated: e7f5ae65-376e-4d05-a18c-10a91295727a
[2m[WebServer] [22m[Middleware] Admin user data query result: { userData: { role: 'owner', status: 'active' }, userError: null }
[2m[WebServer] [22m[Middleware] Access granted for admin role: owner
[2m[WebServer] [22m[Middleware] Admin user data query result: { userData: { role: 'owner', status: 'active' }, userError: null }
[2m[WebServer] [22m[Middleware] Access granted for admin role: owner
[2m[WebServer] [22m[Middleware] Admin user data query result: { userData: { role: 'owner', status: 'active' }, userError: null }
[2m[WebServer] [22m[Middleware] Access granted for admin role: owner
[2m[WebServer] [22m GET /api/admin/guests?format=simple [32m200[39m in 359ms[2m (compile: 6ms, proxy.ts: 236ms, render: 117ms)[22m
[2m[WebServer] [22m[verifyAuth] User authenticated: e7f5ae65-376e-4d05-a18c-10a91295727a
[2m[WebServer] [22m GET /api/admin/groups [32m200[39m in 367ms[2m (compile: 11ms, proxy.ts: 237ms, render: 118ms)[22m
[2m[WebServer] [22m GET /api/admin/emails/templates [32m200[39m in 489ms[2m (compile: 8ms, proxy.ts: 237ms, render: 244ms)[22m
[2m[WebServer] [22m[Middleware] User authenticated: e7f5ae65-376e-4d05-a18c-10a91295727a
[2m[WebServer] [22m[Middleware] Admin user data query result: { userData: { role: 'owner', status: 'active' }, userError: null }
[2m[WebServer] [22m[Middleware] Access granted for admin role: owner
[2m[WebServer] [22m[Middleware] User authenticated: e7f5ae65-376e-4d05-a18c-10a91295727a
[2m[WebServer] [22m GET /admin/emails [32m200[39m in 343ms[2m (compile: 2ms, proxy.ts: 282ms, render: 58ms)[22m
[2m[WebServer] [22m[Middleware] Admin user data query result: { userData: { role: 'owner', status: 'active' }, userError: null }
[2m[WebServer] [22m[Middleware] Access granted for admin role: owner
[2m[WebServer] [22m POST /api/admin/emails/send [32m200[39m in 500ms[2m (compile: 3ms, proxy.ts: 241ms, render: 256ms)[22m
[2m[WebServer] [22m[Middleware] User authenticated: e7f5ae65-376e-4d05-a18c-10a91295727a
[2m[WebServer] [22m[Middleware] Admin user data query result: { userData: { role: 'owner', status: 'active' }, userError: null }
[2m[WebServer] [22m[Middleware] Access granted for admin role: owner
[2m[WebServer] [22m GET /api/admin/emails [33m400[39m in 245ms[2m (compile: 1602µs, proxy.ts: 240ms, render: 4ms)[22m
[2m[WebServer] [22m[Middleware] User authenticated: e7f5ae65-376e-4d05-a18c-10a91295727a
[2m[WebServer] [22m[Middleware] User authenticated: e7f5ae65-376e-4d05-a18c-10a91295727a
[2m[WebServer] [22m[Middleware] User authenticated: e7f5ae65-376e-4d05-a18c-10a91295727a
[2m[WebServer] [22m[Middleware] Admin user data query result: { userData: { role: 'owner', status: 'active' }, userError: null }
[2m[WebServer] [22m[Middleware] Access granted for admin role: owner
[2m[WebServer] [22m GET /api/admin/emails [33m400[39m in 252ms[2m (compile: 1784µs, proxy.ts: 246ms, render: 4ms)[22m
[2m[WebServer] [22m[Middleware] User authenticated: e7f5ae65-376e-4d05-a18c-10a91295727a
[2m[WebServer] [22m[Middleware] Admin user data query result: { userData: { role: 'owner', status: 'active' }, userError: null }
[2m[WebServer] [22m[Middleware] Access granted for admin role: owner
[2m[WebServer] [22m[Middleware] Admin user data query result: { userData: { role: 'owner', status: 'active' }, userError: null }
[2m[WebServer] [22m[Middleware] Access granted for admin role: owner
[2m[WebServer] [22m[Middleware] Admin user data query result: { userData: { role: 'owner', status: 'active' }, userError: null }
[2m[WebServer] [22m[Middleware] Access granted for admin role: owner
[2m[WebServer] [22m GET /api/admin/guests?format=simple [32m200[39m in 365ms[2m (compile: 1448µs, proxy.ts: 235ms, render: 128ms)[22m
[2m[WebServer] [22m GET /api/admin/groups [32m200[39m in 472ms[2m (compile: 1424µs, proxy.ts: 229ms, render: 241ms)[22m
[2m[WebServer] [22m[verifyAuth] User authenticated: e7f5ae65-376e-4d05-a18c-10a91295727a
[2m[WebServer] [22m GET /api/admin/emails/templates [32m200[39m in 645ms[2m (compile: 4ms, proxy.ts: 363ms, render: 279ms)[22m
  ✓  13 [chromium] › __tests__/e2e/admin/emailManagement.spec.ts:522:7 › Bulk Email & Template Management › should sanitize email content for XSS prevention (4.6s)
[2m[WebServer] [22m[Middleware] User authenticated: e7f5ae65-376e-4d05-a18c-10a91295727a
[2m[WebServer] [22m[Middleware] Admin user data query result: { userData: { role: 'owner', status: 'active' }, userError: null }
[2m[WebServer] [22m[Middleware] Access granted for admin role: owner
[2m[WebServer] [22m GET /admin/emails [32m200[39m in 340ms[2m (compile: 2ms, proxy.ts: 294ms, render: 43ms)[22m
[2m[WebServer] [22m[Middleware] User authenticated: e7f5ae65-376e-4d05-a18c-10a91295727a
[2m[WebServer] [22m[Middleware] Admin user data query result: { userData: { role: 'owner', status: 'active' }, userError: null }
[2m[WebServer] [22m[Middleware] Access granted for admin role: owner
[2m[WebServer] [22m GET /api/admin/emails [33m400[39m in 250ms[2m (compile: 1550µs, proxy.ts: 244ms, render: 4ms)[22m
[2m[WebServer] [22m[Middleware] User authenticated: e7f5ae65-376e-4d05-a18c-10a91295727a
[2m[WebServer] [22m[Middleware] User authenticated: e7f5ae65-376e-4d05-a18c-10a91295727a
[2m[WebServer] [22m[Middleware] User authenticated: e7f5ae65-376e-4d05-a18c-10a91295727a
[2m[WebServer] [22m[Middleware] Admin user data query result: { userData: { role: 'owner', status: 'active' }, userError: null }
[2m[WebServer] [22m[Middleware] Access granted for admin role: owner
[2m[WebServer] [22m[Middleware] Admin user data query result: { userData: { role: 'owner', status: 'active' }, userError: null }
[2m[WebServer] [22m[Middleware] Access granted for admin role: owner
[2m[WebServer] [22m[Middleware] Admin user data query result: { userData: { role: 'owner', status: 'active' }, userError: null }
[2m[WebServer] [22m[Middleware] Access granted for admin role: owner
[2m[WebServer] [22m GET /api/admin/groups [32m200[39m in 361ms[2m (compile: 13ms, proxy.ts: 235ms, render: 113ms)[22m
[2m[WebServer] [22m GET /api/admin/guests?format=simple [32m200[39m in 364ms[2m (compile: 14ms, proxy.ts: 236ms, render: 114ms)[22m
[2m[WebServer] [22m[verifyAuth] User authenticated: e7f5ae65-376e-4d05-a18c-10a91295727a
[2m[WebServer] [22m GET /api/admin/emails/templates [32m200[39m in 480ms[2m (compile: 3ms, proxy.ts: 229ms, render: 248ms)[22m
  ✓  15 [chromium] › __tests__/e2e/admin/emailManagement.spec.ts:565:7 › Email Management Accessibility › should have keyboard navigation in email form (2.4s)
[2m[WebServer] [22m[Middleware] User authenticated: e7f5ae65-376e-4d05-a18c-10a91295727a
[2m[WebServer] [22m[Middleware] Admin user data query result: { userData: { role: 'owner', status: 'active' }, userError: null }
[2m[WebServer] [22m[Middleware] Access granted for admin role: owner
[2m[WebServer] [22m GET /admin/emails [32m200[39m in 278ms[2m (compile: 1967µs, proxy.ts: 233ms, render: 43ms)[22m
[2m[WebServer] [22m[Middleware] User authenticated: e7f5ae65-376e-4d05-a18c-10a91295727a
[2m[WebServer] [22m[Middleware] Admin user data query result: { userData: { role: 'owner', status: 'active' }, userError: null }
[2m[WebServer] [22m[Middleware] Access granted for admin role: owner
[2m[WebServer] [22m GET /api/admin/emails [33m400[39m in 243ms[2m (compile: 3ms, proxy.ts: 235ms, render: 6ms)[22m
[2m[WebServer] [22m[Middleware] User authenticated: e7f5ae65-376e-4d05-a18c-10a91295727a
[2m[WebServer] [22m[Middleware] User authenticated: e7f5ae65-376e-4d05-a18c-10a91295727a
[2m[WebServer] [22m[Middleware] User authenticated: e7f5ae65-376e-4d05-a18c-10a91295727a
[2m[WebServer] [22m[Middleware] Admin user data query result: { userData: { role: 'owner', status: 'active' }, userError: null }
[2m[WebServer] [22m[Middleware] Access granted for admin role: owner
[2m[WebServer] [22m[Middleware] Admin user data query result: { userData: { role: 'owner', status: 'active' }, userError: null }
[2m[WebServer] [22m[Middleware] Access granted for admin role: owner
[2m[WebServer] [22m[Middleware] Admin user data query result: { userData: { role: 'owner', status: 'active' }, userError: null }
[2m[WebServer] [22m[Middleware] Access granted for admin role: owner
[2m[WebServer] [22m GET /api/admin/guests?format=simple [32m200[39m in 360ms[2m (compile: 2ms, proxy.ts: 235ms, render: 122ms)[22m
[2m[WebServer] [22m GET /api/admin/groups [32m200[39m in 370ms[2m (compile: 6ms, proxy.ts: 241ms, render: 123ms)[22m
[2m[WebServer] [22m[verifyAuth] User authenticated: e7f5ae65-376e-4d05-a18c-10a91295727a
[2m[WebServer] [22m GET /api/admin/emails/templates [32m200[39m in 501ms[2m (compile: 5ms, proxy.ts: 244ms, render: 252ms)[22m
  ✓  16 [chromium] › __tests__/e2e/admin/emailManagement.spec.ts:595:7 › Email Management Accessibility › should have accessible form elements with ARIA labels (2.2s)
[2m[WebServer] [22m POST /api/admin/emails/send [32m200[39m in 10.8s[2m (compile: 1516µs, proxy.ts: 342ms, render: 10.5s)[22m
[2m[WebServer] [22m[Middleware] User authenticated: e7f5ae65-376e-4d05-a18c-10a91295727a
  ✓  12 [chromium] › __tests__/e2e/admin/emailManagement.spec.ts:496:7 › Bulk Email & Template Management › should send bulk email to all guests (13.8s)
[2m[WebServer] [22m[Middleware] Admin user data query result: { userData: { role: 'owner', status: 'active' }, userError: null }
[2m[WebServer] [22m[Middleware] Access granted for admin role: owner
🧹 Running comprehensive test cleanup...
✅ Comprehensive cleanup complete
  ✘   9 [chromium] › __tests__/e2e/admin/emailManagement.spec.ts:95:7 › Email Composition & Templates › should complete full email composition and sending workflow (retry #1) (21.3s)
[2m[WebServer] [22m[Middleware] User authenticated: e7f5ae65-376e-4d05-a18c-10a91295727a
[2m[WebServer] [22m[Middleware] Admin user data query result: { userData: { role: 'owner', status: 'active' }, userError: null }
[2m[WebServer] [22m[Middleware] Access granted for admin role: owner
[2m[WebServer] [22m[31m[1m⨯[22m[39m SyntaxError: Unexpected end of JSON input
[2m[WebServer] [22m    at JSON.parse (<anonymous>) {
[2m[WebServer] [22m  page: [32m'/admin/emails'[39m
[2m[WebServer] [22m}
[2m[WebServer] [22m GET /admin/emails [31m500[39m in 2.4s[2m (compile: 1376ms, proxy.ts: 952ms, render: 104ms)[22m
[2m[WebServer] [22m[Middleware] User authenticated: e7f5ae65-376e-4d05-a18c-10a91295727a
[2m[WebServer] [22m[Middleware] Admin user data query result: { userData: { role: 'owner', status: 'active' }, userError: null }
[2m[WebServer] [22m[Middleware] Access granted for admin role: owner
[2m[WebServer] [22m[Middleware] User authenticated: e7f5ae65-376e-4d05-a18c-10a91295727a
[2m[WebServer] [22m[31m[1m⨯[22m[39m SyntaxError: Unexpected end of JSON input
[2m[WebServer] [22m    at JSON.parse (<anonymous>) {
[2m[WebServer] [22m  page: [32m'/admin/emails'[39m
[2m[WebServer] [22m}
[2m[WebServer] [22m[Middleware] Admin user data query result: { userData: { role: 'owner', status: 'active' }, userError: null }
[2m[WebServer] [22m[Middleware] Access granted for admin role: owner
[2m[WebServer] [22m GET /admin/emails [31m500[39m in 844ms[2m (compile: 84ms, proxy.ts: 429ms, render: 331ms)[22m
[2m[WebServer] [22m GET /admin/emails [32m200[39m in 1069ms[2m (compile: 28ms, proxy.ts: 710ms, render: 331ms)[22m
[2m[WebServer] [22m[Middleware] User authenticated: e7f5ae65-376e-4d05-a18c-10a91295727a
[2m[WebServer] [22m[Middleware] Admin user data query result: { userData: { role: 'owner', status: 'active' }, userError: null }
[2m[WebServer] [22m[Middleware] Access granted for admin role: owner
[2m[WebServer] [22m GET /api/admin/emails [33m400[39m in 562ms[2m (compile: 174ms, proxy.ts: 379ms, render: 9ms)[22m
🧹 Running comprehensive test cleanup...
[2m[WebServer] [22m[Middleware] User authenticated: e7f5ae65-376e-4d05-a18c-10a91295727a
[2m[WebServer] [22m[Middleware] Admin user data query result: { userData: { role: 'owner', status: 'active' }, userError: null }
[2m[WebServer] [22m[Middleware] Access granted for admin role: owner
[2m[WebServer] [22m GET /admin/emails [32m200[39m in 946ms[2m (compile: 135ms, proxy.ts: 478ms, render: 334ms)[22m
[2m[WebServer] [22m[Middleware] User authenticated: e7f5ae65-376e-4d05-a18c-10a91295727a
[2m[WebServer] [22m[Middleware] Admin user data query result: { userData: { role: 'owner', status: 'active' }, userError: null }
[2m[WebServer] [22m[Middleware] Access granted for admin role: owner
✅ Comprehensive cleanup complete
[2m[WebServer] [22m GET /admin/emails [32m200[39m in 1331ms[2m (compile: 368ms, proxy.ts: 869ms, render: 94ms)[22m
[2m[WebServer] [22m[Middleware] User authenticated: e7f5ae65-376e-4d05-a18c-10a91295727a
[2m[WebServer] [22m[Middleware] Admin user data query result: { userData: { role: 'owner', status: 'active' }, userError: null }
[2m[WebServer] [22m[Middleware] Access granted for admin role: owner
  ✘  14 [chromium] › __tests__/e2e/admin/emailManagement.spec.ts:279:7 › Email Composition & Templates › should preview email before sending (retry #1) (20.7s)

🧹 E2E Global Teardown Starting...

🗑️  Cleaning up test data...
🧹 Running comprehensive test cleanup...
✅ Comprehensive cleanup complete
✅ Test data cleaned

🔓 Removing authentication state...
   Removed: .auth/admin.json
   Removed empty .auth directory
✅ Authentication state removed

📊 Execution Summary:
   Duration: 1.70s
   Errors: 0
   Status: ✅ Clean teardown

✨ E2E Global Teardown Complete!



  1) [chromium] › __tests__/e2e/admin/emailManagement.spec.ts:95:7 › Email Composition & Templates › should complete full email composition and sending workflow 

    TimeoutError: locator.selectOption: Timeout 15000ms exceeded.
    Call log:
    [2m  - waiting for locator('select#recipients')[22m
    [2m    - locator resolved to <select multiple required="" id="recipients" aria-label="Select guest recipients" class="w-full px-3 py-2 border border-sage-300 rounded-lg focus:outline-none focus:ring-2 focus:ring-jungle-500 min-h-[120px]">…</select>[22m
    [2m  - attempting select option action[22m
    [2m    2 × waiting for element to be visible and enabled[22m
    [2m      - did not find some options[22m
    [2m    - retrying select option action[22m
    [2m    - waiting 20ms[22m
    [2m    2 × waiting for element to be visible and enabled[22m
    [2m      - did not find some options[22m
    [2m    - retrying select option action[22m
    [2m      - waiting 100ms[22m
    [2m    13 × waiting for element to be visible and enabled[22m
    [2m       - did not find some options[22m
    [2m     - retrying select option action[22m
    [2m       - waiting 500ms[22m
    [2m  - element was detached from the DOM, retrying[22m
    [2m    - waiting for" http://localhost:3000/admin/emails" navigation to finish...[22m
    [2m    - navigated to "http://localhost:3000/admin/emails"[22m


      113 |     // Select recipients from multi-select dropdown
      114 |     const recipientsSelect = page.locator('select#recipients');
    > 115 |     await recipientsSelect.selectOption([testGuestId1, testGuestId2]);
          |                            ^
      116 |     await page.waitForTimeout(300);
      117 |
      118 |     // Fill in subject
        at /Users/jaron/Desktop/wedding-platform-v2/__tests__/e2e/admin/emailManagement.spec.ts:115:28

    attachment #1: screenshot (image/png) ──────────────────────────────────────────────────────────
    test-results/admin-emailManagement-Emai-751e6-sition-and-sending-workflow-chromium/test-failed-1.png
    ────────────────────────────────────────────────────────────────────────────────────────────────

    attachment #2: video (video/webm) ──────────────────────────────────────────────────────────────
    test-results/admin-emailManagement-Emai-751e6-sition-and-sending-workflow-chromium/video.webm
    ────────────────────────────────────────────────────────────────────────────────────────────────

    Error Context: test-results/admin-emailManagement-Emai-751e6-sition-and-sending-workflow-chromium/error-context.md

    Retry #1 ───────────────────────────────────────────────────────────────────────────────────────

    TimeoutError: locator.selectOption: Timeout 15000ms exceeded.
    Call log:
    [2m  - waiting for locator('select#recipients')[22m
    [2m    - locator resolved to <select multiple required="" id="recipients" aria-label="Select guest recipients" class="w-full px-3 py-2 border border-sage-300 rounded-lg focus:outline-none focus:ring-2 focus:ring-jungle-500 min-h-[120px]">…</select>[22m
    [2m  - attempting select option action[22m
    [2m    2 × waiting for element to be visible and enabled[22m
    [2m      - did not find some options[22m
    [2m    - retrying select option action[22m
    [2m    - waiting 20ms[22m
    [2m    2 × waiting for element to be visible and enabled[22m
    [2m      - did not find some options[22m
    [2m    - retrying select option action[22m
    [2m      - waiting 100ms[22m
    [2m    4 × waiting for element to be visible and enabled[22m
    [2m      - did not find some options[22m
    [2m    - retrying select option action[22m
    [2m      - waiting 500ms[22m
    [2m  - element was detached from the DOM, retrying[22m
    [2m    - waiting for" http://localhost:3000/admin/emails" navigation to finish...[22m
    [2m    - navigated to "http://localhost:3000/admin/emails"[22m


      113 |     // Select recipients from multi-select dropdown
      114 |     const recipientsSelect = page.locator('select#recipients');
    > 115 |     await recipientsSelect.selectOption([testGuestId1, testGuestId2]);
          |                            ^
      116 |     await page.waitForTimeout(300);
      117 |
      118 |     // Fill in subject
        at /Users/jaron/Desktop/wedding-platform-v2/__tests__/e2e/admin/emailManagement.spec.ts:115:28

    attachment #1: screenshot (image/png) ──────────────────────────────────────────────────────────
    test-results/admin-emailManagement-Emai-751e6-sition-and-sending-workflow-chromium-retry1/test-failed-1.png
    ────────────────────────────────────────────────────────────────────────────────────────────────

    attachment #2: video (video/webm) ──────────────────────────────────────────────────────────────
    test-results/admin-emailManagement-Emai-751e6-sition-and-sending-workflow-chromium-retry1/video.webm
    ────────────────────────────────────────────────────────────────────────────────────────────────

    Error Context: test-results/admin-emailManagement-Emai-751e6-sition-and-sending-workflow-chromium-retry1/error-context.md

    attachment #4: trace (application/zip) ─────────────────────────────────────────────────────────
    test-results/admin-emailManagement-Emai-751e6-sition-and-sending-workflow-chromium-retry1/trace.zip
    Usage:

        npx playwright show-trace test-results/admin-emailManagement-Emai-751e6-sition-and-sending-workflow-chromium-retry1/trace.zip

    ────────────────────────────────────────────────────────────────────────────────────────────────

  2) [chromium] › __tests__/e2e/admin/emailManagement.spec.ts:279:7 › Email Composition & Templates › should preview email before sending 

    TimeoutError: locator.click: Timeout 15000ms exceeded.
    Call log:
    [2m  - waiting for locator('button:has-text("Show Preview")')[22m
    [2m    - waiting for" http://localhost:3000/admin/emails" navigation to finish...[22m
    [2m    - navigated to "http://localhost:3000/admin/emails"[22m


      310 |
      311 |     // Click preview again to hide
    > 312 |     await previewButton.click();
          |                         ^
      313 |     await page.waitForTimeout(300);
      314 |
      315 |     // Now send the email
        at /Users/jaron/Desktop/wedding-platform-v2/__tests__/e2e/admin/emailManagement.spec.ts:312:25

    attachment #1: screenshot (image/png) ──────────────────────────────────────────────────────────
    test-results/admin-emailManagement-Emai-b3508-review-email-before-sending-chromium/test-failed-1.png
    ────────────────────────────────────────────────────────────────────────────────────────────────

    attachment #2: video (video/webm) ──────────────────────────────────────────────────────────────
    test-results/admin-emailManagement-Emai-b3508-review-email-before-sending-chromium/video.webm
    ────────────────────────────────────────────────────────────────────────────────────────────────

    Error Context: test-results/admin-emailManagement-Emai-b3508-review-email-before-sending-chromium/error-context.md

    Retry #1 ───────────────────────────────────────────────────────────────────────────────────────

    TimeoutError: locator.click: Timeout 15000ms exceeded.
    Call log:
    [2m  - waiting for locator('button:has-text("Show Preview")')[22m
    [2m    - waiting for" http://localhost:3000/admin/emails" navigation to finish...[22m
    [2m    - navigated to "http://localhost:3000/admin/emails"[22m


      310 |
      311 |     // Click preview again to hide
    > 312 |     await previewButton.click();
          |                         ^
      313 |     await page.waitForTimeout(300);
      314 |
      315 |     // Now send the email
        at /Users/jaron/Desktop/wedding-platform-v2/__tests__/e2e/admin/emailManagement.spec.ts:312:25

    attachment #1: screenshot (image/png) ──────────────────────────────────────────────────────────
    test-results/admin-emailManagement-Emai-b3508-review-email-before-sending-chromium-retry1/test-failed-1.png
    ────────────────────────────────────────────────────────────────────────────────────────────────

    attachment #2: video (video/webm) ──────────────────────────────────────────────────────────────
    test-results/admin-emailManagement-Emai-b3508-review-email-before-sending-chromium-retry1/video.webm
    ────────────────────────────────────────────────────────────────────────────────────────────────

    Error Context: test-results/admin-emailManagement-Emai-b3508-review-email-before-sending-chromium-retry1/error-context.md

    attachment #4: trace (application/zip) ─────────────────────────────────────────────────────────
    test-results/admin-emailManagement-Emai-b3508-review-email-before-sending-chromium-retry1/trace.zip
    Usage:

        npx playwright show-trace test-results/admin-emailManagement-Emai-b3508-review-email-before-sending-chromium-retry1/trace.zip

    ────────────────────────────────────────────────────────────────────────────────────────────────

  3) [chromium] › __tests__/e2e/admin/emailManagement.spec.ts:152:7 › Email Composition & Templates › should use email template with variable substitution 

    TimeoutError: locator.selectOption: Timeout 15000ms exceeded.
    Call log:
    [2m  - waiting for locator('select#recipients')[22m
    [2m    - locator resolved to <select multiple required="" id="recipients" aria-label="Select guest recipients" class="w-full px-3 py-2 border border-sage-300 rounded-lg focus:outline-none focus:ring-2 focus:ring-jungle-500 min-h-[120px]">…</select>[22m
    [2m  - attempting select option action[22m
    [2m    2 × waiting for element to be visible and enabled[22m
    [2m      - did not find some options[22m
    [2m    - retrying select option action[22m
    [2m    - waiting 20ms[22m
    [2m    2 × waiting for element to be visible and enabled[22m
    [2m      - did not find some options[22m
    [2m    - retrying select option action[22m
    [2m      - waiting 100ms[22m
    [2m    13 × waiting for element to be visible and enabled[22m
    [2m       - did not find some options[22m
    [2m     - retrying select option action[22m
    [2m       - waiting 500ms[22m
    [2m    - waiting for" http://localhost:3000/admin/emails" navigation to finish...[22m
    [2m    - navigated to "http://localhost:3000/admin/emails"[22m
    [2m    - waiting for element to be visible and enabled[22m
    [2m  - element was detached from the DOM, retrying[22m


      183 |     // Select recipient
      184 |     const recipientsSelect = page.locator('select#recipients');
    > 185 |     await recipientsSelect.selectOption([testGuestId1]);
          |                            ^
      186 |     await page.waitForTimeout(300);
      187 |
      188 |     // Fill in subject if not filled by template
        at /Users/jaron/Desktop/wedding-platform-v2/__tests__/e2e/admin/emailManagement.spec.ts:185:28

    attachment #1: screenshot (image/png) ──────────────────────────────────────────────────────────
    test-results/admin-emailManagement-Emai-021d4--with-variable-substitution-chromium/test-failed-1.png
    ────────────────────────────────────────────────────────────────────────────────────────────────

    attachment #2: video (video/webm) ──────────────────────────────────────────────────────────────
    test-results/admin-emailManagement-Emai-021d4--with-variable-substitution-chromium/video.webm
    ────────────────────────────────────────────────────────────────────────────────────────────────

    Error Context: test-results/admin-emailManagement-Emai-021d4--with-variable-substitution-chromium/error-context.md

  2 failed
    [chromium] › __tests__/e2e/admin/emailManagement.spec.ts:95:7 › Email Composition & Templates › should complete full email composition and sending workflow 
    [chromium] › __tests__/e2e/admin/emailManagement.spec.ts:279:7 › Email Composition & Templates › should preview email before sending 
  1 flaky
    [chromium] › __tests__/e2e/admin/emailManagement.spec.ts:152:7 › Email Composition & Templates › should use email template with variable substitution 
  1 skipped
  9 passed (1.3m)

[36m  Serving HTML report at http://localhost:50283. Press Ctrl+C to quit.[39m
