
> destination-wedding-platform@0.1.0 test:e2e
> playwright test __tests__/e2e/admin/emailManagement.spec.ts

[dotenv@17.2.4] injecting env (27) from .env.e2e -- tip: 🔑 add access controls to secrets: https://dotenvx.com/ops
[2m[WebServer] [22m
[2m[WebServer] [22m> destination-wedding-platform@0.1.0 dev
[2m[WebServer] [22m> next dev --webpack
[2m[WebServer] [22m
[2m[WebServer] [22m[1m[38;2;173;127;168m▲ Next.js 16.1.1[39m[22m (webpack)
[2m[WebServer] [22m- Local:         http://localhost:3000
[2m[WebServer] [22m- Network:       http://192.168.180.84:3000
[2m[WebServer] [22m- Environments: .env.test
[2m[WebServer] [22m
[2m[WebServer] [22m[32m[1m✓[22m[39m Starting...
[2m[WebServer] [22m[33m[1m⚠[22m[39m The "middleware" file convention is deprecated. Please use "proxy" instead. Learn more: https://nextjs.org/docs/messages/middleware-to-proxy
[2m[WebServer] [22m🚀 Initializing application services...
[2m[WebServer] [22m✅ B2 client initialized successfully {
[2m[WebServer] [22m  endpoint: [32m'https://s3.us-west-004.backblazeb2.com'[39m,
[2m[WebServer] [22m  region: [32m'us-west-004'[39m,
[2m[WebServer] [22m  bucket: [32m'test-bucket'[39m,
[2m[WebServer] [22m  cdnDomain: [32m'https://test-cdn.example.com'[39m
[2m[WebServer] [22m}
[2m[WebServer] [22m✅ Application services initialized successfully
[2m[WebServer] [22m[32m[1m✓[22m[39m Ready in 1850ms

🚀 E2E Global Setup Starting...

📊 Verifying test database connection...
[2m[WebServer] [22m GET / [32m200[39m in 2.3s[2m (compile: 1936ms, proxy.ts: 160ms, render: 186ms)[22m
✅ Test database connected

🧹 Cleaning up test data...
🧹 Running comprehensive test cleanup...
✅ Comprehensive cleanup complete
✅ Test data cleaned

🌐 Verifying Next.js server...
✅ Next.js server is running

🔐 Setting up admin authentication...
[2m[WebServer] [22m GET / [32m200[39m in 45ms[2m (compile: 5ms, proxy.ts: 17ms, render: 23ms)[22m
   Warning: Could not ensure admin user exists: Failed to create auth user: A user with this email address has already been registered
   Continuing with setup - login may fail if user does not exist
   Authenticating via Supabase API...
   ✅ API authentication successful (User ID: e7f5ae65-376e-4d05-a18c-10a91295727a)
   Creating storage state from API session...
   ✅ Storage state created from API session
   Auth state saved to: .auth/admin.json
   Verifying authentication...
[2m[WebServer] [22m[Middleware] User authenticated: e7f5ae65-376e-4d05-a18c-10a91295727a
[2m[WebServer] [22m[Middleware] Admin user data query result: { userData: { role: 'owner', status: 'active' }, userError: null }
[2m[WebServer] [22m[Middleware] Access granted for admin role: owner
[2m[WebServer] [22m GET /admin [32m200[39m in 1576ms[2m (compile: 974ms, proxy.ts: 463ms, render: 139ms)[22m
[2m[WebServer] [22m[Middleware] User authenticated: e7f5ae65-376e-4d05-a18c-10a91295727a
[2m[WebServer] [22m[Middleware] User authenticated: e7f5ae65-376e-4d05-a18c-10a91295727a
[2m[WebServer] [22m[Middleware] Admin user data query result: { userData: { role: 'owner', status: 'active' }, userError: null }
[2m[WebServer] [22m[Middleware] Access granted for admin role: owner
[2m[WebServer] [22m[Middleware] Admin user data query result: { userData: { role: 'owner', status: 'active' }, userError: null }
[2m[WebServer] [22m[Middleware] Access granted for admin role: owner
   Current URL: http://localhost:3000/admin
   ✅ Admin UI is visible
   ✅ Authentication verified
   Logged in as: admin@example.com
✅ Admin authentication saved

✨ E2E Global Setup Complete!


Running 13 tests using 4 workers

[dotenv@17.2.4] injecting env (0) from .env.e2e -- tip: 👥 sync secrets across teammates & machines: https://dotenvx.com/ops
[dotenv@17.2.4] injecting env (0) from .env.e2e -- tip: ⚙️  write to custom object with { processEnv: myObject }
[dotenv@17.2.4] injecting env (0) from .env.e2e -- tip: ⚙️  override existing env vars with { override: true }
[dotenv@17.2.4] injecting env (0) from .env.e2e -- tip: 🗂️ backup and recover secrets: https://dotenvx.com/ops
🧹 Running comprehensive test cleanup...
🧹 Running comprehensive test cleanup...
🧹 Running comprehensive test cleanup...
🧹 Running comprehensive test cleanup...
✅ Comprehensive cleanup complete
✅ Comprehensive cleanup complete
✅ Comprehensive cleanup complete
✅ Comprehensive cleanup complete
[Test Setup] Cleaned up all test guests
[Test Setup] Cleaned up all test guests
[Test Setup] Cleaned up all test guests
[Test Setup] Cleaned up all test guests
[Test Setup] Created test group: 6b6d86ba-e525-4f03-ab88-d2012126129c
[Test Setup] Created test group: 096860e9-d497-4279-8951-55bc6691e88f
[Test Setup] Created test group: 3ee5db62-d57b-4721-95b8-8105a00117f7
[Test Setup] Created test group: c9c2ac94-3c74-4d67-82e5-743eb3dee69f
[Test Setup] Created test guest 1: ad21a7a0-1efa-46be-bb8b-c4a697e4b5b0 guest1-1770778213303@example.com
[Test Setup] Created test guest 1: 709b485e-3fd5-45ba-95a0-2b2b000ed86c guest1-1770778213333@example.com
[Test Setup] Created test guest 1: c250814a-2ad3-4c58-98dd-09ea92cfc7c6 guest1-1770778213296@example.com
[Test Setup] Created test guest 1: 84cae68c-4cfb-4fa3-a920-e01e35fb363a guest1-1770778213375@example.com
[Test Setup] Created test guest 2: a85ef9fe-a3bb-4d6d-87c3-48382713f58d guest2-1770778213296@example.com
[Test Setup] Created test guest 2: 32062134-722f-4976-b8c5-23abe8c07e88 guest2-1770778213303@example.com
[Test Setup] Created test guest 2: 4fa43097-6efd-497d-8dc7-a72eb402d2ec guest2-1770778213333@example.com
[Test Setup] Verified guests in database: [
  {
    "id": "c250814a-2ad3-4c58-98dd-09ea92cfc7c6",
    "first_name": "Test",
    "last_name": "Guest1",
    "email": "guest1-1770778213296@example.com"
  },
  {
    "id": "a85ef9fe-a3bb-4d6d-87c3-48382713f58d",
    "first_name": "Test",
    "last_name": "Guest2",
    "email": "guest2-1770778213296@example.com"
  }
]
[Test Setup] Created test guest 2: 52587e51-e600-457b-80ff-ab43d16ca720 guest2-1770778213375@example.com
[Test Setup] Verified guests in database: [
  {
    "id": "ad21a7a0-1efa-46be-bb8b-c4a697e4b5b0",
    "first_name": "Test",
    "last_name": "Guest1",
    "email": "guest1-1770778213303@example.com"
  },
  {
    "id": "32062134-722f-4976-b8c5-23abe8c07e88",
    "first_name": "Test",
    "last_name": "Guest2",
    "email": "guest2-1770778213303@example.com"
  }
]
[Test Setup] Verified guests in database: [
  {
    "id": "709b485e-3fd5-45ba-95a0-2b2b000ed86c",
    "first_name": "Test",
    "last_name": "Guest1",
    "email": "guest1-1770778213333@example.com"
  },
  {
    "id": "4fa43097-6efd-497d-8dc7-a72eb402d2ec",
    "first_name": "Test",
    "last_name": "Guest2",
    "email": "guest2-1770778213333@example.com"
  }
]
[Test Setup] Verified guests in database: [
  {
    "id": "84cae68c-4cfb-4fa3-a920-e01e35fb363a",
    "first_name": "Test",
    "last_name": "Guest1",
    "email": "guest1-1770778213375@example.com"
  },
  {
    "id": "52587e51-e600-457b-80ff-ab43d16ca720",
    "first_name": "Test",
    "last_name": "Guest2",
    "email": "guest2-1770778213375@example.com"
  }
]
[2m[WebServer] [22m[Middleware] User authenticated: e7f5ae65-376e-4d05-a18c-10a91295727a
[2m[WebServer] [22m[Middleware] User authenticated: e7f5ae65-376e-4d05-a18c-10a91295727a
[2m[WebServer] [22m[Middleware] User authenticated: e7f5ae65-376e-4d05-a18c-10a91295727a
[2m[WebServer] [22m[Middleware] Admin user data query result: { userData: { role: 'owner', status: 'active' }, userError: null }
[2m[WebServer] [22m[Middleware] Access granted for admin role: owner
[2m[WebServer] [22m[Middleware] Admin user data query result: { userData: { role: 'owner', status: 'active' }, userError: null }
[2m[WebServer] [22m[Middleware] Access granted for admin role: owner
[2m[WebServer] [22m[Middleware] Admin user data query result: { userData: { role: 'owner', status: 'active' }, userError: null }
[2m[WebServer] [22m[Middleware] Access granted for admin role: owner
[2m[WebServer] [22m[Middleware] User authenticated: e7f5ae65-376e-4d05-a18c-10a91295727a
[2m[WebServer] [22m[Middleware] Admin user data query result: { userData: { role: 'owner', status: 'active' }, userError: null }
[2m[WebServer] [22m[Middleware] Access granted for admin role: owner
[2m[WebServer] [22m GET /admin [32m200[39m in 558ms[2m (compile: 43ms, proxy.ts: 277ms, render: 238ms)[22m
[2m[WebServer] [22m GET /admin [32m200[39m in 560ms[2m (compile: 44ms, proxy.ts: 275ms, render: 240ms)[22m
[2m[WebServer] [22m GET /admin [32m200[39m in 558ms[2m (compile: 40ms, proxy.ts: 276ms, render: 242ms)[22m
[2m[WebServer] [22m GET /admin [32m200[39m in 571ms[2m (compile: 40ms, proxy.ts: 366ms, render: 166ms)[22m
[2m[WebServer] [22m[Middleware] User authenticated: e7f5ae65-376e-4d05-a18c-10a91295727a
[2m[WebServer] [22m[Middleware] User authenticated: e7f5ae65-376e-4d05-a18c-10a91295727a
[2m[WebServer] [22m[Middleware] User authenticated: e7f5ae65-376e-4d05-a18c-10a91295727a
[2m[WebServer] [22m[Middleware] User authenticated: e7f5ae65-376e-4d05-a18c-10a91295727a
[2m[WebServer] [22m[Middleware] User authenticated: e7f5ae65-376e-4d05-a18c-10a91295727a
[2m[WebServer] [22m[Middleware] User authenticated: e7f5ae65-376e-4d05-a18c-10a91295727a
[2m[WebServer] [22m[Middleware] User authenticated: e7f5ae65-376e-4d05-a18c-10a91295727a
[2m[WebServer] [22m[Middleware] User authenticated: e7f5ae65-376e-4d05-a18c-10a91295727a
[2m[WebServer] [22m[Middleware] Admin user data query result: { userData: { role: 'owner', status: 'active' }, userError: null }
[2m[WebServer] [22m[Middleware] Access granted for admin role: owner
[2m[WebServer] [22m[Middleware] Admin user data query result: { userData: { role: 'owner', status: 'active' }, userError: null }
[2m[WebServer] [22m[Middleware] Access granted for admin role: owner
[2m[WebServer] [22m[Middleware] Admin user data query result: { userData: { role: 'owner', status: 'active' }, userError: null }
[2m[WebServer] [22m[Middleware] Access granted for admin role: owner
[2m[WebServer] [22m[Middleware] Admin user data query result: { userData: { role: 'owner', status: 'active' }, userError: null }
[2m[WebServer] [22m[Middleware] Access granted for admin role: owner
[2m[WebServer] [22m[Middleware] Admin user data query result: { userData: { role: 'owner', status: 'active' }, userError: null }
[2m[WebServer] [22m[Middleware] Access granted for admin role: owner
[2m[WebServer] [22m[Middleware] Admin user data query result: { userData: { role: 'owner', status: 'active' }, userError: null }
[2m[WebServer] [22m[Middleware] Access granted for admin role: owner
[2m[WebServer] [22m[Middleware] Admin user data query result: { userData: { role: 'owner', status: 'active' }, userError: null }
[2m[WebServer] [22m[Middleware] Access granted for admin role: owner
[2m[WebServer] [22m[Middleware] Admin user data query result: { userData: { role: 'owner', status: 'active' }, userError: null }
[2m[WebServer] [22m[Middleware] Access granted for admin role: owner
[2m[WebServer] [22m GET /api/admin/alerts [32m200[39m in 1141ms[2m (compile: 14ms, proxy.ts: 347ms, render: 781ms)[22m
[2m[WebServer] [22m GET /api/admin/alerts [32m200[39m in 1259ms[2m (compile: 24ms, proxy.ts: 336ms, render: 899ms)[22m
[2m[WebServer] [22m GET /api/admin/alerts [32m200[39m in 1262ms[2m (compile: 12ms, proxy.ts: 348ms, render: 902ms)[22m
[2m[WebServer] [22m GET /api/admin/alerts [32m200[39m in 1268ms[2m (compile: 17ms, proxy.ts: 344ms, render: 908ms)[22m
[2m[WebServer] [22m GET /api/admin/metrics [32m200[39m in 1512ms[2m (compile: 29ms, proxy.ts: 345ms, render: 1138ms)[22m
[2m[WebServer] [22m GET /api/admin/metrics [32m200[39m in 1623ms[2m (compile: 35ms, proxy.ts: 339ms, render: 1249ms)[22m
[2m[WebServer] [22m GET /api/admin/metrics [32m200[39m in 1625ms[2m (compile: 25ms, proxy.ts: 350ms, render: 1251ms)[22m
[2m[WebServer] [22m GET /api/admin/metrics [32m200[39m in 1633ms[2m (compile: 33ms, proxy.ts: 342ms, render: 1259ms)[22m
[Test Setup] Navigated to admin dashboard
[Test Setup] Navigated to admin dashboard
[Test Setup] Navigated to admin dashboard
[Test Setup] Navigated to admin dashboard
[2m[WebServer] [22m[Middleware] User authenticated: e7f5ae65-376e-4d05-a18c-10a91295727a
[2m[WebServer] [22m[Middleware] User authenticated: e7f5ae65-376e-4d05-a18c-10a91295727a
[2m[WebServer] [22m[Middleware] User authenticated: e7f5ae65-376e-4d05-a18c-10a91295727a
[2m[WebServer] [22m[Middleware] User authenticated: e7f5ae65-376e-4d05-a18c-10a91295727a
[2m[WebServer] [22m[Middleware] Admin user data query result: { userData: { role: 'owner', status: 'active' }, userError: null }
[2m[WebServer] [22m[Middleware] Access granted for admin role: owner
[2m[WebServer] [22m[Middleware] Admin user data query result: { userData: { role: 'owner', status: 'active' }, userError: null }
[2m[WebServer] [22m[Middleware] Access granted for admin role: owner
[2m[WebServer] [22m[Middleware] Admin user data query result: { userData: { role: 'owner', status: 'active' }, userError: null }
[2m[WebServer] [22m[Middleware] Access granted for admin role: owner
[2m[WebServer] [22m[Middleware] Admin user data query result: { userData: { role: 'owner', status: 'active' }, userError: null }
[2m[WebServer] [22m[Middleware] Access granted for admin role: owner
[2m[WebServer] [22m[33m[1m⚠[22m[39m Fast Refresh had to perform a full reload. Read more: https://nextjs.org/docs/messages/fast-refresh-reload
[2m[WebServer] [22m[33m[1m⚠[22m[39m Fast Refresh had to perform a full reload. Read more: https://nextjs.org/docs/messages/fast-refresh-reload
[2m[WebServer] [22m[33m[1m⚠[22m[39m Fast Refresh had to perform a full reload. Read more: https://nextjs.org/docs/messages/fast-refresh-reload
[2m[WebServer] [22m[33m[1m⚠[22m[39m Fast Refresh had to perform a full reload. Read more: https://nextjs.org/docs/messages/fast-refresh-reload
[2m[WebServer] [22m GET /admin/emails [32m200[39m in 1464ms[2m (compile: 747ms, proxy.ts: 303ms, render: 414ms)[22m
[2m[WebServer] [22m GET /admin/emails [32m200[39m in 1471ms[2m (compile: 749ms, proxy.ts: 306ms, render: 416ms)[22m
[2m[WebServer] [22m GET /admin/emails [32m200[39m in 1471ms[2m (compile: 748ms, proxy.ts: 308ms, render: 416ms)[22m
[2m[WebServer] [22m GET /admin/emails [32m200[39m in 1582ms[2m (compile: 911ms, proxy.ts: 255ms, render: 416ms)[22m
[2m[WebServer] [22m[Middleware] User authenticated: e7f5ae65-376e-4d05-a18c-10a91295727a
[2m[WebServer] [22m[Middleware] User authenticated: e7f5ae65-376e-4d05-a18c-10a91295727a
[2m[WebServer] [22m[Middleware] User authenticated: e7f5ae65-376e-4d05-a18c-10a91295727a
[2m[WebServer] [22m[Middleware] User authenticated: e7f5ae65-376e-4d05-a18c-10a91295727a
[2m[WebServer] [22m[Middleware] Admin user data query result: { userData: { role: 'owner', status: 'active' }, userError: null }
[2m[WebServer] [22m[Middleware] Access granted for admin role: owner
[2m[WebServer] [22m[Middleware] Admin user data query result: { userData: { role: 'owner', status: 'active' }, userError: null }
[2m[WebServer] [22m[Middleware] Access granted for admin role: owner
[2m[WebServer] [22m[Middleware] Admin user data query result: { userData: { role: 'owner', status: 'active' }, userError: null }
[2m[WebServer] [22m[Middleware] Access granted for admin role: owner
[2m[WebServer] [22m[Middleware] Admin user data query result: { userData: { role: 'owner', status: 'active' }, userError: null }
[2m[WebServer] [22m[Middleware] Access granted for admin role: owner
[2m[WebServer] [22m GET /api/admin/emails [32m200[39m in 2.1s[2m (compile: 1483ms, proxy.ts: 267ms, render: 358ms)[22m
[2m[WebServer] [22m GET /api/admin/emails [32m200[39m in 2.1s[2m (compile: 1491ms, proxy.ts: 260ms, render: 361ms)[22m
[2m[WebServer] [22m GET /api/admin/emails [32m200[39m in 2.1s[2m (compile: 1499ms, proxy.ts: 251ms, render: 368ms)[22m
[2m[WebServer] [22m GET /api/admin/emails [32m200[39m in 2.1s[2m (compile: 1482ms, proxy.ts: 268ms, render: 375ms)[22m
[Test] Waiting for form to load...
[Test] Waiting for form to load...
[2m[WebServer] [22m[Middleware] User authenticated: e7f5ae65-376e-4d05-a18c-10a91295727a
[2m[WebServer] [22m[Middleware] User authenticated: e7f5ae65-376e-4d05-a18c-10a91295727a
[2m[WebServer] [22m[Middleware] User authenticated: e7f5ae65-376e-4d05-a18c-10a91295727a
[2m[WebServer] [22m[Middleware] User authenticated: e7f5ae65-376e-4d05-a18c-10a91295727a
[2m[WebServer] [22m[Middleware] User authenticated: e7f5ae65-376e-4d05-a18c-10a91295727a
[2m[WebServer] [22m[Middleware] User authenticated: e7f5ae65-376e-4d05-a18c-10a91295727a
[2m[WebServer] [22m[Middleware] User authenticated: e7f5ae65-376e-4d05-a18c-10a91295727a
[2m[WebServer] [22m[Middleware] User authenticated: e7f5ae65-376e-4d05-a18c-10a91295727a
[2m[WebServer] [22m[Middleware] Admin user data query result: { userData: { role: 'owner', status: 'active' }, userError: null }
[2m[WebServer] [22m[Middleware] Access granted for admin role: owner
[2m[WebServer] [22m[Middleware] Admin user data query result: { userData: { role: 'owner', status: 'active' }, userError: null }
[2m[WebServer] [22m[Middleware] Access granted for admin role: owner
[2m[WebServer] [22m[Middleware] User authenticated: e7f5ae65-376e-4d05-a18c-10a91295727a
[2m[WebServer] [22m[Middleware] User authenticated: e7f5ae65-376e-4d05-a18c-10a91295727a
[2m[WebServer] [22m[Middleware] Admin user data query result: { userData: { role: 'owner', status: 'active' }, userError: null }
[2m[WebServer] [22m[Middleware] Access granted for admin role: owner
[2m[WebServer] [22m[Middleware] Admin user data query result: { userData: { role: 'owner', status: 'active' }, userError: null }
[2m[WebServer] [22m[Middleware] Access granted for admin role: owner
[2m[WebServer] [22m[Middleware] User authenticated: e7f5ae65-376e-4d05-a18c-10a91295727a
[2m[WebServer] [22m[Middleware] Admin user data query result: { userData: { role: 'owner', status: 'active' }, userError: null }
[2m[WebServer] [22m[Middleware] Access granted for admin role: owner
[2m[WebServer] [22m[Middleware] Admin user data query result: { userData: { role: 'owner', status: 'active' }, userError: null }
[2m[WebServer] [22m[Middleware] Access granted for admin role: owner
[2m[WebServer] [22m[Middleware] Admin user data query result: { userData: { role: 'owner', status: 'active' }, userError: null }
[2m[WebServer] [22m[Middleware] Access granted for admin role: owner
[2m[WebServer] [22m[Middleware] Admin user data query result: { userData: { role: 'owner', status: 'active' }, userError: null }
[2m[WebServer] [22m[Middleware] Access granted for admin role: owner
[2m[WebServer] [22m[Middleware] User authenticated: e7f5ae65-376e-4d05-a18c-10a91295727a
[2m[WebServer] [22m[Middleware] Admin user data query result: { userData: { role: 'owner', status: 'active' }, userError: null }
[2m[WebServer] [22m[Middleware] Access granted for admin role: owner
[2m[WebServer] [22m[Middleware] Admin user data query result: { userData: { role: 'owner', status: 'active' }, userError: null }
[2m[WebServer] [22m[Middleware] Access granted for admin role: owner
[2m[WebServer] [22m[Middleware] Admin user data query result: { userData: { role: 'owner', status: 'active' }, userError: null }
[2m[WebServer] [22m[Middleware] Access granted for admin role: owner
[2m[WebServer] [22m[Middleware] Admin user data query result: { userData: { role: 'owner', status: 'active' }, userError: null }
[2m[WebServer] [22m[Middleware] Access granted for admin role: owner
[2m[WebServer] [22m[37m[1m○[22m[39m Compiling /api/admin/guests ...
[2m[WebServer] [22m GET /api/admin/groups [32m200[39m in 4.5s[2m (compile: 3.7s, proxy.ts: 606ms, render: 187ms)[22m
[2m[WebServer] [22m[verifyAuth] User authenticated: e7f5ae65-376e-4d05-a18c-10a91295727a
[2m[WebServer] [22m[verifyAuth] User authenticated: e7f5ae65-376e-4d05-a18c-10a91295727a
[2m[WebServer] [22m[verifyAuth] User authenticated: e7f5ae65-376e-4d05-a18c-10a91295727a
[2m[WebServer] [22m GET /api/admin/groups [32m200[39m in 4.6s[2m (compile: 3.6s, proxy.ts: 718ms, render: 270ms)[22m
[2m[WebServer] [22m GET /api/admin/guests?format=simple [32m200[39m in 4.6s[2m (compile: 3.6s, proxy.ts: 731ms, render: 272ms)[22m
[2m[WebServer] [22m[verifyAuth] User authenticated: e7f5ae65-376e-4d05-a18c-10a91295727a
[2m[WebServer] [22m GET /api/admin/groups [32m200[39m in 4.6s[2m (compile: 3.7s, proxy.ts: 619ms, render: 284ms)[22m
[2m[WebServer] [22m GET /api/admin/guests?format=simple [32m200[39m in 4.6s[2m (compile: 3.7s, proxy.ts: 605ms, render: 284ms)[22m
[2m[WebServer] [22m GET /api/admin/guests?format=simple [32m200[39m in 4.6s[2m (compile: 3.8s, proxy.ts: 546ms, render: 286ms)[22m
[2m[WebServer] [22m GET /api/admin/groups [32m200[39m in 4.6s[2m (compile: 3.8s, proxy.ts: 519ms, render: 290ms)[22m
[2m[WebServer] [22m GET /api/admin/guests?format=simple [32m200[39m in 4.6s[2m (compile: 3.8s, proxy.ts: 539ms, render: 309ms)[22m
[2m[WebServer] [22m GET /api/admin/emails/templates [32m200[39m in 4.7s[2m (compile: 3.6s, proxy.ts: 707ms, render: 417ms)[22m
[2m[WebServer] [22m GET /api/admin/emails/templates [32m200[39m in 4.8s[2m (compile: 3.6s, proxy.ts: 743ms, render: 449ms)[22m
[2m[WebServer] [22m GET /api/admin/emails/templates [32m200[39m in 4.8s[2m (compile: 3.7s, proxy.ts: 622ms, render: 468ms)[22m
[2m[WebServer] [22m GET /api/admin/emails/templates [32m200[39m in 4.8s[2m (compile: 3.8s, proxy.ts: 534ms, render: 486ms)[22m
[Test] Form data loaded
[Test] Form data loaded
[2m[WebServer] [22m[Middleware] User authenticated: e7f5ae65-376e-4d05-a18c-10a91295727a
[2m[WebServer] [22m[Middleware] User authenticated: e7f5ae65-376e-4d05-a18c-10a91295727a
[2m[WebServer] [22m[Middleware] Admin user data query result: { userData: { role: 'owner', status: 'active' }, userError: null }
[2m[WebServer] [22m[Middleware] Access granted for admin role: owner
[2m[WebServer] [22m[Middleware] Admin user data query result: { userData: { role: 'owner', status: 'active' }, userError: null }
[2m[WebServer] [22m[Middleware] Access granted for admin role: owner
🧹 Running comprehensive test cleanup...
✅ Comprehensive cleanup complete
  ✓   1 [chromium] › __tests__/e2e/admin/emailManagement.spec.ts:193:7 › Email Composition & Templates › should use email template with variable substitution (20.8s)
🧹 Running comprehensive test cleanup...
🧹 Running comprehensive test cleanup...
[2m[WebServer] [22m GET /api/admin/groups/6b6d86ba-e525-4f03-ab88-d2012126129c/guests [33m404[39m in 3.5s[2m (compile: 3.2s, proxy.ts: 248ms, render: 108ms)[22m
✅ Comprehensive cleanup complete
[Test Setup] Cleaned up all test guests
[Test Setup] Created test group: 6b539230-8966-45c5-8242-106b4b671a96
[Test Setup] Created test guest 1: 6708309c-ceb5-4602-9fe3-ec4edb373b5b guest1-1770778233811@example.com
[Test Setup] Created test guest 2: 79ede73a-5c1b-4e56-8e64-777b6fd98b74 guest2-1770778233811@example.com
[Test Setup] Verified guests in database: [
  {
    "id": "6708309c-ceb5-4602-9fe3-ec4edb373b5b",
    "first_name": "Test",
    "last_name": "Guest1",
    "email": "guest1-1770778233811@example.com"
  },
  {
    "id": "79ede73a-5c1b-4e56-8e64-777b6fd98b74",
    "first_name": "Test",
    "last_name": "Guest2",
    "email": "guest2-1770778233811@example.com"
  }
]
[2m[WebServer] [22m[Middleware] User authenticated: e7f5ae65-376e-4d05-a18c-10a91295727a
✅ Comprehensive cleanup complete
[2m[WebServer] [22m[Middleware] Admin user data query result: { userData: { role: 'owner', status: 'active' }, userError: null }
[2m[WebServer] [22m[Middleware] Access granted for admin role: owner
  ✓   2 [chromium] › __tests__/e2e/admin/emailManagement.spec.ts:295:7 › Email Composition & Templates › should validate required fields and email addresses (23.6s)
[2m[WebServer] [22m GET /admin [32m200[39m in 419ms[2m (compile: 19ms, proxy.ts: 318ms, render: 82ms)[22m
[2m[WebServer] [22m POST /api/admin/emails/send [32m200[39m in 5.4s[2m (compile: 3.0s, proxy.ts: 236ms, render: 2.1s)[22m
[2m[WebServer] [22m[Middleware] User authenticated: e7f5ae65-376e-4d05-a18c-10a91295727a
[2m[WebServer] [22m[Middleware] Admin user data query result: { userData: { role: 'owner', status: 'active' }, userError: null }
[2m[WebServer] [22m[Middleware] Access granted for admin role: owner
[2m[WebServer] [22m[Middleware] User authenticated: e7f5ae65-376e-4d05-a18c-10a91295727a
[2m[WebServer] [22m GET /api/admin/emails [32m200[39m in 581ms[2m (compile: 4ms, proxy.ts: 376ms, render: 201ms)[22m
[2m[WebServer] [22m[Middleware] Admin user data query result: { userData: { role: 'owner', status: 'active' }, userError: null }
[2m[WebServer] [22m[Middleware] Access granted for admin role: owner
[2m[WebServer] [22m[Middleware] User authenticated: e7f5ae65-376e-4d05-a18c-10a91295727a
[2m[WebServer] [22m[Middleware] User authenticated: e7f5ae65-376e-4d05-a18c-10a91295727a
[2m[WebServer] [22m GET /admin/emails [32m200[39m in 362ms[2m (compile: 16ms, proxy.ts: 288ms, render: 57ms)[22m
[2m[WebServer] [22m[Middleware] User authenticated: e7f5ae65-376e-4d05-a18c-10a91295727a
[2m[WebServer] [22m[Middleware] User authenticated: e7f5ae65-376e-4d05-a18c-10a91295727a
[2m[WebServer] [22m[Middleware] Admin user data query result: { userData: { role: 'owner', status: 'active' }, userError: null }
[2m[WebServer] [22m[Middleware] Access granted for admin role: owner
[2m[WebServer] [22m GET /admin/emails [32m200[39m in 332ms[2m (compile: 7ms, proxy.ts: 256ms, render: 69ms)[22m
[2m[WebServer] [22m[Middleware] Admin user data query result: { userData: { role: 'owner', status: 'active' }, userError: null }
[2m[WebServer] [22m[Middleware] Access granted for admin role: owner
[2m[WebServer] [22m[Middleware] Admin user data query result: { userData: { role: 'owner', status: 'active' }, userError: null }
[2m[WebServer] [22m[Middleware] Access granted for admin role: owner
[2m[WebServer] [22m[Middleware] Admin user data query result: { userData: { role: 'owner', status: 'active' }, userError: null }
[2m[WebServer] [22m[Middleware] Access granted for admin role: owner
🧹 Running comprehensive test cleanup...
[2m[WebServer] [22m GET /admin/emails [32m200[39m in 493ms[2m (compile: 4ms, proxy.ts: 346ms, render: 143ms)[22m
[2m[WebServer] [22m GET /api/admin/alerts [32m200[39m in 1191ms[2m (compile: 53ms, proxy.ts: 335ms, render: 803ms)[22m
[2m[WebServer] [22m[Middleware] User authenticated: e7f5ae65-376e-4d05-a18c-10a91295727a
[2m[WebServer] [22m[Middleware] User authenticated: e7f5ae65-376e-4d05-a18c-10a91295727a
[2m[WebServer] [22m[Middleware] User authenticated: e7f5ae65-376e-4d05-a18c-10a91295727a
[2m[WebServer] [22m[Middleware] Admin user data query result: { userData: { role: 'owner', status: 'active' }, userError: null }
[2m[WebServer] [22m[Middleware] Access granted for admin role: owner
[2m[WebServer] [22m[Middleware] Admin user data query result: { userData: { role: 'owner', status: 'active' }, userError: null }
[2m[WebServer] [22m[Middleware] Access granted for admin role: owner
[2m[WebServer] [22m[Middleware] Admin user data query result: { userData: { role: 'owner', status: 'active' }, userError: null }
[2m[WebServer] [22m[Middleware] Access granted for admin role: owner
[2m[WebServer] [22m GET /api/admin/emails [32m200[39m in 474ms[2m (compile: 3ms, proxy.ts: 269ms, render: 202ms)[22m
[2m[WebServer] [22m GET /api/admin/metrics [32m200[39m in 1557ms[2m (compile: 51ms, proxy.ts: 332ms, render: 1174ms)[22m
[2m[WebServer] [22m GET /api/admin/emails [32m200[39m in 516ms[2m (compile: 9ms, proxy.ts: 306ms, render: 200ms)[22m
[2m[WebServer] [22m GET /api/admin/emails [32m200[39m in 535ms[2m (compile: 8ms, proxy.ts: 308ms, render: 220ms)[22m
[Test Setup] Navigated to admin dashboard
✅ Comprehensive cleanup complete
  ✓   3 [chromium] › __tests__/e2e/admin/emailManagement.spec.ts:261:7 › Email Composition & Templates › should select recipients by group (26.4s)
[2m[WebServer] [22m[Middleware] User authenticated: e7f5ae65-376e-4d05-a18c-10a91295727a
[2m[WebServer] [22m[Middleware] Admin user data query result: { userData: { role: 'owner', status: 'active' }, userError: null }
[2m[WebServer] [22m[Middleware] Access granted for admin role: owner
[2m[WebServer] [22m GET /admin/emails [32m200[39m in 341ms[2m (compile: 1868µs, proxy.ts: 238ms, render: 102ms)[22m
[2m[WebServer] [22m[Middleware] User authenticated: e7f5ae65-376e-4d05-a18c-10a91295727a
[2m[WebServer] [22m[Middleware] User authenticated: e7f5ae65-376e-4d05-a18c-10a91295727a
[2m[WebServer] [22m[Middleware] User authenticated: e7f5ae65-376e-4d05-a18c-10a91295727a
[2m[WebServer] [22m[Middleware] Admin user data query result: { userData: { role: 'owner', status: 'active' }, userError: null }
[2m[WebServer] [22m[Middleware] Access granted for admin role: owner
[2m[WebServer] [22m[Middleware] Admin user data query result: { userData: { role: 'owner', status: 'active' }, userError: null }
[2m[WebServer] [22m[Middleware] Access granted for admin role: owner
[2m[WebServer] [22m[Middleware] Admin user data query result: { userData: { role: 'owner', status: 'active' }, userError: null }
[2m[WebServer] [22m[Middleware] Access granted for admin role: owner
[2m[WebServer] [22m[Middleware] User authenticated: e7f5ae65-376e-4d05-a18c-10a91295727a
[2m[WebServer] [22m GET /api/admin/guests?format=simple [32m200[39m in 440ms[2m (compile: 8ms, proxy.ts: 298ms, render: 134ms)[22m
[2m[WebServer] [22m GET /api/admin/groups [32m200[39m in 443ms[2m (compile: 7ms, proxy.ts: 309ms, render: 126ms)[22m
[2m[WebServer] [22m[Middleware] Admin user data query result: { userData: { role: 'owner', status: 'active' }, userError: null }
[2m[WebServer] [22m[Middleware] Access granted for admin role: owner
[2m[WebServer] [22m[verifyAuth] User authenticated: e7f5ae65-376e-4d05-a18c-10a91295727a
[2m[WebServer] [22m GET /admin/emails [32m200[39m in 285ms[2m (compile: 2ms, proxy.ts: 231ms, render: 51ms)[22m
[2m[WebServer] [22m GET /api/admin/emails/templates [32m200[39m in 625ms[2m (compile: 19ms, proxy.ts: 313ms, render: 292ms)[22m
[Test] Waiting for form to load...
[Test] Form data loaded
[2m[WebServer] [22m[Middleware] User authenticated: e7f5ae65-376e-4d05-a18c-10a91295727a
[2m[WebServer] [22m[Middleware] Admin user data query result: { userData: { role: 'owner', status: 'active' }, userError: null }
[2m[WebServer] [22m[Middleware] Access granted for admin role: owner
[2m[WebServer] [22m GET /api/admin/emails [32m200[39m in 459ms[2m (compile: 1574µs, proxy.ts: 259ms, render: 199ms)[22m
[2m[WebServer] [22m[Middleware] User authenticated: e7f5ae65-376e-4d05-a18c-10a91295727a
[2m[WebServer] [22m[Middleware] Admin user data query result: { userData: { role: 'owner', status: 'active' }, userError: null }
[2m[WebServer] [22m[Middleware] Access granted for admin role: owner
[2m[WebServer] [22m GET /api/admin/emails [32m200[39m in 501ms[2m (compile: 1597µs, proxy.ts: 302ms, render: 197ms)[22m
[2m[WebServer] [22m[Middleware] User authenticated: e7f5ae65-376e-4d05-a18c-10a91295727a
[2m[WebServer] [22m[Middleware] User authenticated: e7f5ae65-376e-4d05-a18c-10a91295727a
[2m[WebServer] [22m[Middleware] User authenticated: e7f5ae65-376e-4d05-a18c-10a91295727a
[2m[WebServer] [22m[Middleware] Admin user data query result: { userData: { role: 'owner', status: 'active' }, userError: null }
[2m[WebServer] [22m[Middleware] Access granted for admin role: owner
[2m[WebServer] [22m[Middleware] Admin user data query result: { userData: { role: 'owner', status: 'active' }, userError: null }
[2m[WebServer] [22m[Middleware] Access granted for admin role: owner
[2m[WebServer] [22m[Middleware] Admin user data query result: { userData: { role: 'owner', status: 'active' }, userError: null }
[2m[WebServer] [22m[Middleware] Access granted for admin role: owner
[2m[WebServer] [22m GET /api/admin/groups [32m200[39m in 385ms[2m (compile: 25ms, proxy.ts: 246ms, render: 114ms)[22m
[2m[WebServer] [22m GET /api/admin/guests?format=simple [32m200[39m in 389ms[2m (compile: 29ms, proxy.ts: 245ms, render: 114ms)[22m
[2m[WebServer] [22m[verifyAuth] User authenticated: e7f5ae65-376e-4d05-a18c-10a91295727a
[2m[WebServer] [22m GET /api/admin/emails/templates [32m200[39m in 597ms[2m (compile: 20ms, proxy.ts: 258ms, render: 319ms)[22m
[2m[WebServer] [22m[Middleware] User authenticated: e7f5ae65-376e-4d05-a18c-10a91295727a
[2m[WebServer] [22m[Middleware] User authenticated: e7f5ae65-376e-4d05-a18c-10a91295727a
[2m[WebServer] [22m[Middleware] User authenticated: e7f5ae65-376e-4d05-a18c-10a91295727a
[2m[WebServer] [22m[Middleware] User authenticated: e7f5ae65-376e-4d05-a18c-10a91295727a
[2m[WebServer] [22m[Middleware] Admin user data query result: { userData: { role: 'owner', status: 'active' }, userError: null }
[2m[WebServer] [22m[Middleware] Access granted for admin role: owner
[2m[WebServer] [22m[Middleware] Admin user data query result: { userData: { role: 'owner', status: 'active' }, userError: null }
[2m[WebServer] [22m[Middleware] Access granted for admin role: owner
[Test] Waiting for form to load...
[Test] Form data loaded
[2m[WebServer] [22m[Middleware] Admin user data query result: { userData: { role: 'owner', status: 'active' }, userError: null }
[2m[WebServer] [22m[Middleware] Access granted for admin role: owner
[2m[WebServer] [22m[Middleware] Admin user data query result: { userData: { role: 'owner', status: 'active' }, userError: null }
[2m[WebServer] [22m[Middleware] Access granted for admin role: owner
🧹 Running comprehensive test cleanup...
🧹 Running comprehensive test cleanup...
[2m[WebServer] [22m[verifyAuth] User authenticated: e7f5ae65-376e-4d05-a18c-10a91295727a
[2m[WebServer] [22m GET /api/admin/guests?format=simple [32m200[39m in 2.3s[2m (compile: 1916ms, proxy.ts: 234ms, render: 135ms)[22m
[2m[WebServer] [22m POST /api/admin/emails/schedule [32m200[39m in 2.4s[2m (compile: 1925ms, proxy.ts: 323ms, render: 158ms)[22m
[2m[WebServer] [22m GET /api/admin/groups [32m200[39m in 2.4s[2m (compile: 1885ms, proxy.ts: 265ms, render: 211ms)[22m
[2m[WebServer] [22m GET /api/admin/emails/templates [32m200[39m in 2.4s[2m (compile: 1890ms, proxy.ts: 259ms, render: 240ms)[22m
✅ Comprehensive cleanup complete
[2m[WebServer] [22m[Middleware] User authenticated: e7f5ae65-376e-4d05-a18c-10a91295727a
[2m[WebServer] [22m[Middleware] Admin user data query result: { userData: { role: 'owner', status: 'active' }, userError: null }
[2m[WebServer] [22m[Middleware] Access granted for admin role: owner
🧹 Running comprehensive test cleanup...
[2m[WebServer] [22m GET /api/admin/emails [32m200[39m in 543ms[2m (compile: 4ms, proxy.ts: 344ms, render: 194ms)[22m
  ✘   4 [chromium] › __tests__/e2e/admin/emailManagement.spec.ts:133:7 › Email Composition & Templates › should complete full email composition and sending workflow (31.6s)
🧹 Running comprehensive test cleanup...
[dotenv@17.2.4] injecting env (0) from .env.e2e -- tip: 🛠️  run anywhere with `dotenvx run -- yourcommand`
✅ Comprehensive cleanup complete
🧹 Running comprehensive test cleanup...
  ✘   5 [chromium] › __tests__/e2e/admin/emailManagement.spec.ts:323:7 › Email Composition & Templates › should preview email before sending (12.2s)
✅ Comprehensive cleanup complete
[dotenv@17.2.4] injecting env (0) from .env.e2e -- tip: ✅ audit secrets and track compliance: https://dotenvx.com/ops
✅ Comprehensive cleanup complete
  ✓   6 [chromium] › __tests__/e2e/admin/emailManagement.spec.ts:416:7 › Email Scheduling & Drafts › should schedule email for future delivery (10.1s)
  ✓   7 [chromium] › __tests__/e2e/admin/emailManagement.spec.ts:461:7 › Email Scheduling & Drafts › should save email as draft (7.5s)
  -  11 [chromium] › __tests__/e2e/admin/emailManagement.spec.ts:544:8 › Bulk Email & Template Management › should create and use email template
🧹 Running comprehensive test cleanup...
[2m[WebServer] [22m[Middleware] User authenticated: e7f5ae65-376e-4d05-a18c-10a91295727a
[2m[WebServer] [22m[Middleware] User authenticated: e7f5ae65-376e-4d05-a18c-10a91295727a
[2m[WebServer] [22m[Middleware] Admin user data query result: { userData: { role: 'owner', status: 'active' }, userError: null }
[2m[WebServer] [22m[Middleware] Access granted for admin role: owner
[2m[WebServer] [22m[Middleware] Admin user data query result: { userData: { role: 'owner', status: 'active' }, userError: null }
[2m[WebServer] [22m[Middleware] Access granted for admin role: owner
[2m[WebServer] [22m GET /admin/emails [32m200[39m in 404ms[2m (compile: 30ms, proxy.ts: 247ms, render: 127ms)[22m
[2m[WebServer] [22m GET /admin/emails [32m200[39m in 310ms[2m (compile: 10ms, proxy.ts: 223ms, render: 76ms)[22m
✅ Comprehensive cleanup complete
[Test Setup] Cleaned up all test guests
[Test Setup] Created test group: 2c38a13a-0e85-4038-9d6a-bfcf4ba641a8
[Test Setup] Created test guest 1: 8130e254-af43-43b4-8a7e-97edfcf64cbf guest1-1770778245764@example.com
[2m[WebServer] [22m[Middleware] User authenticated: e7f5ae65-376e-4d05-a18c-10a91295727a
[2m[WebServer] [22m[Middleware] User authenticated: e7f5ae65-376e-4d05-a18c-10a91295727a
[2m[WebServer] [22m[Middleware] Admin user data query result: { userData: { role: 'owner', status: 'active' }, userError: null }
[2m[WebServer] [22m[Middleware] Access granted for admin role: owner
[2m[WebServer] [22m[Middleware] Admin user data query result: { userData: { role: 'owner', status: 'active' }, userError: null }
[2m[WebServer] [22m[Middleware] Access granted for admin role: owner
[Test Setup] Created test guest 2: ffde01cd-4489-4ab9-b381-cc470cf3aa76 guest2-1770778245764@example.com
[Test Setup] Verified guests in database: [
  {
    "id": "8130e254-af43-43b4-8a7e-97edfcf64cbf",
    "first_name": "Test",
    "last_name": "Guest1",
    "email": "guest1-1770778245764@example.com"
  },
  {
    "id": "ffde01cd-4489-4ab9-b381-cc470cf3aa76",
    "first_name": "Test",
    "last_name": "Guest2",
    "email": "guest2-1770778245764@example.com"
  }
]
[2m[WebServer] [22m GET /api/admin/emails [32m200[39m in 472ms[2m (compile: 6ms, proxy.ts: 262ms, render: 203ms)[22m
[2m[WebServer] [22m GET /api/admin/emails [32m200[39m in 481ms[2m (compile: 4ms, proxy.ts: 265ms, render: 213ms)[22m
[2m[WebServer] [22m[Middleware] User authenticated: e7f5ae65-376e-4d05-a18c-10a91295727a
✅ Comprehensive cleanup complete
[2m[WebServer] [22m[Middleware] Admin user data query result: { userData: { role: 'owner', status: 'active' }, userError: null }
[2m[WebServer] [22m[Middleware] Access granted for admin role: owner
[Test Setup] Cleaned up all test guests
[2m[WebServer] [22m GET /admin [32m200[39m in 478ms[2m (compile: 22ms, proxy.ts: 307ms, render: 149ms)[22m
[Test Setup] Created test group: f1fe2342-4fce-41cd-a25b-e497b2dfd1c8
[Test Setup] Created test guest 1: 6dadcd9c-0691-4b41-bcc4-28743a6f93c7 guest1-1770778246719@example.com
[Test Setup] Created test guest 2: 3110ef6b-2975-4251-8bf1-f7322b29b849 guest2-1770778246719@example.com
[Test Setup] Verified guests in database: [
  {
    "id": "6dadcd9c-0691-4b41-bcc4-28743a6f93c7",
    "first_name": "Test",
    "last_name": "Guest1",
    "email": "guest1-1770778246719@example.com"
  },
  {
    "id": "3110ef6b-2975-4251-8bf1-f7322b29b849",
    "first_name": "Test",
    "last_name": "Guest2",
    "email": "guest2-1770778246719@example.com"
  }
]
[2m[WebServer] [22m[Middleware] User authenticated: e7f5ae65-376e-4d05-a18c-10a91295727a
[2m[WebServer] [22m[Middleware] User authenticated: e7f5ae65-376e-4d05-a18c-10a91295727a
[2m[WebServer] [22m[Middleware] User authenticated: e7f5ae65-376e-4d05-a18c-10a91295727a
[2m[WebServer] [22m[Middleware] User authenticated: e7f5ae65-376e-4d05-a18c-10a91295727a
[2m[WebServer] [22m[Middleware] User authenticated: e7f5ae65-376e-4d05-a18c-10a91295727a
[2m[WebServer] [22m[Middleware] Admin user data query result: { userData: { role: 'owner', status: 'active' }, userError: null }
[2m[WebServer] [22m[Middleware] Access granted for admin role: owner
[2m[WebServer] [22m[Middleware] User authenticated: e7f5ae65-376e-4d05-a18c-10a91295727a
[2m[WebServer] [22m[Middleware] Admin user data query result: { userData: { role: 'owner', status: 'active' }, userError: null }
[2m[WebServer] [22m[Middleware] Access granted for admin role: owner
[2m[WebServer] [22m[Middleware] Admin user data query result: { userData: { role: 'owner', status: 'active' }, userError: null }
[2m[WebServer] [22m[Middleware] Access granted for admin role: owner
[2m[WebServer] [22m[Middleware] Admin user data query result: { userData: { role: 'owner', status: 'active' }, userError: null }
[2m[WebServer] [22m[Middleware] Access granted for admin role: owner
[2m[WebServer] [22m[Middleware] User authenticated: e7f5ae65-376e-4d05-a18c-10a91295727a
[2m[WebServer] [22m[Middleware] Admin user data query result: { userData: { role: 'owner', status: 'active' }, userError: null }
[2m[WebServer] [22m[Middleware] Access granted for admin role: owner
[2m[WebServer] [22m GET /api/admin/guests?format=simple [32m200[39m in 394ms[2m (compile: 3ms, proxy.ts: 288ms, render: 103ms)[22m
[2m[WebServer] [22m[Middleware] Admin user data query result: { userData: { role: 'owner', status: 'active' }, userError: null }
[2m[WebServer] [22m[Middleware] Access granted for admin role: owner
[2m[WebServer] [22m[verifyAuth] User authenticated: e7f5ae65-376e-4d05-a18c-10a91295727a
[2m[WebServer] [22m GET /api/admin/groups [32m200[39m in 430ms[2m (compile: 3ms, proxy.ts: 310ms, render: 116ms)[22m
[2m[WebServer] [22m GET /api/admin/guests?format=simple [32m200[39m in 439ms[2m (compile: 1300µs, proxy.ts: 322ms, render: 116ms)[22m
[2m[WebServer] [22m[Middleware] Admin user data query result: { userData: { role: 'owner', status: 'active' }, userError: null }
[2m[WebServer] [22m[Middleware] Access granted for admin role: owner
[2m[WebServer] [22m[verifyAuth] User authenticated: e7f5ae65-376e-4d05-a18c-10a91295727a
[2m[WebServer] [22m GET /admin [32m200[39m in 291ms[2m (compile: 1946µs, proxy.ts: 254ms, render: 35ms)[22m
[2m[WebServer] [22m GET /api/admin/emails/templates [32m200[39m in 618ms[2m (compile: 1185µs, proxy.ts: 305ms, render: 312ms)[22m
[2m[WebServer] [22m GET /api/admin/emails/templates [32m200[39m in 616ms[2m (compile: 2ms, proxy.ts: 356ms, render: 258ms)[22m
[2m[WebServer] [22m GET /api/admin/groups [32m200[39m in 627ms[2m (compile: 2ms, proxy.ts: 411ms, render: 213ms)[22m
[2m[WebServer] [22m[Middleware] User authenticated: e7f5ae65-376e-4d05-a18c-10a91295727a
[Test] Waiting for form to load...
[Test] Form data loaded
[2m[WebServer] [22m[Middleware] User authenticated: e7f5ae65-376e-4d05-a18c-10a91295727a
[Test Setup] Navigated to admin dashboard
[2m[WebServer] [22m[Middleware] Admin user data query result: { userData: { role: 'owner', status: 'active' }, userError: null }
[2m[WebServer] [22m[Middleware] Access granted for admin role: owner
[2m[WebServer] [22m[Middleware] Admin user data query result: { userData: { role: 'owner', status: 'active' }, userError: null }
[2m[WebServer] [22m[Middleware] Access granted for admin role: owner
[2m[WebServer] [22m[Middleware] User authenticated: e7f5ae65-376e-4d05-a18c-10a91295727a
[2m[WebServer] [22m[Middleware] Admin user data query result: { userData: { role: 'owner', status: 'active' }, userError: null }
[2m[WebServer] [22m[Middleware] Access granted for admin role: owner
[2m[WebServer] [22m GET /api/admin/alerts [32m200[39m in 663ms[2m (compile: 15ms, proxy.ts: 245ms, render: 403ms)[22m
[2m[WebServer] [22m GET /api/admin/metrics [32m200[39m in 664ms[2m (compile: 7ms, proxy.ts: 278ms, render: 379ms)[22m
[2m[WebServer] [22m[Middleware] User authenticated: e7f5ae65-376e-4d05-a18c-10a91295727a
[2m[WebServer] [22m GET /admin/emails [32m200[39m in 454ms[2m (compile: 8ms, proxy.ts: 310ms, render: 136ms)[22m
[2m[WebServer] [22m[Middleware] Admin user data query result: { userData: { role: 'owner', status: 'active' }, userError: null }
[2m[WebServer] [22m[Middleware] Access granted for admin role: owner
[2m[WebServer] [22m[Middleware] User authenticated: e7f5ae65-376e-4d05-a18c-10a91295727a
[Test Setup] Navigated to admin dashboard
[2m[WebServer] [22m[Middleware] User authenticated: e7f5ae65-376e-4d05-a18c-10a91295727a
[2m[WebServer] [22m[Middleware] User authenticated: e7f5ae65-376e-4d05-a18c-10a91295727a
[2m[WebServer] [22m[Middleware] Admin user data query result: { userData: { role: 'owner', status: 'active' }, userError: null }
[2m[WebServer] [22m[Middleware] Access granted for admin role: owner
[2m[WebServer] [22m[Middleware] User authenticated: e7f5ae65-376e-4d05-a18c-10a91295727a
[2m[WebServer] [22m POST /api/admin/emails/send [32m200[39m in 741ms[2m (compile: 9ms, proxy.ts: 240ms, render: 493ms)[22m
[2m[WebServer] [22m[Middleware] Admin user data query result: { userData: { role: 'owner', status: 'active' }, userError: null }
[2m[WebServer] [22m[Middleware] Access granted for admin role: owner
[2m[WebServer] [22m[Middleware] Admin user data query result: { userData: { role: 'owner', status: 'active' }, userError: null }
[2m[WebServer] [22m[Middleware] Access granted for admin role: owner
[2m[WebServer] [22m[Middleware] Admin user data query result: { userData: { role: 'owner', status: 'active' }, userError: null }
[2m[WebServer] [22m[Middleware] Access granted for admin role: owner
[2m[WebServer] [22m GET /api/admin/metrics [32m200[39m in 426ms[2m (compile: 10ms, proxy.ts: 364ms, render: 52ms)[22m
[2m[WebServer] [22m GET /api/admin/alerts [32m200[39m in 427ms[2m (compile: 7ms, proxy.ts: 362ms, render: 58ms)[22m
[2m[WebServer] [22m[Middleware] User authenticated: e7f5ae65-376e-4d05-a18c-10a91295727a
[2m[WebServer] [22m GET /admin/emails [32m200[39m in 339ms[2m (compile: 22ms, proxy.ts: 233ms, render: 84ms)[22m
  ✓  12 [chromium] › __tests__/e2e/admin/emailManagement.spec.ts:561:7 › Bulk Email & Template Management › should send bulk email to all guests (4.3s)
[2m[WebServer] [22m[Middleware] Admin user data query result: { userData: { role: 'owner', status: 'active' }, userError: null }
[2m[WebServer] [22m[Middleware] Access granted for admin role: owner
[2m[WebServer] [22m POST /api/admin/emails/send [32m200[39m in 907ms[2m (compile: 3ms, proxy.ts: 377ms, render: 527ms)[22m
[2m[WebServer] [22m[Middleware] User authenticated: e7f5ae65-376e-4d05-a18c-10a91295727a
[2m[WebServer] [22m[Middleware] Admin user data query result: { userData: { role: 'owner', status: 'active' }, userError: null }
[2m[WebServer] [22m[Middleware] Access granted for admin role: owner
[2m[WebServer] [22m[Middleware] User authenticated: e7f5ae65-376e-4d05-a18c-10a91295727a
[2m[WebServer] [22m[Middleware] User authenticated: e7f5ae65-376e-4d05-a18c-10a91295727a
[2m[WebServer] [22m[Middleware] User authenticated: e7f5ae65-376e-4d05-a18c-10a91295727a
[2m[WebServer] [22m[Middleware] Admin user data query result: { userData: { role: 'owner', status: 'active' }, userError: null }
[2m[WebServer] [22m[Middleware] Access granted for admin role: owner
[2m[WebServer] [22m[Middleware] Admin user data query result: { userData: { role: 'owner', status: 'active' }, userError: null }
[2m[WebServer] [22m[Middleware] Access granted for admin role: owner
[2m[WebServer] [22m[Middleware] User authenticated: e7f5ae65-376e-4d05-a18c-10a91295727a
[2m[WebServer] [22m GET /admin/emails [32m200[39m in 358ms[2m (compile: 2ms, proxy.ts: 301ms, render: 55ms)[22m
[2m[WebServer] [22m[Middleware] Admin user data query result: { userData: { role: 'owner', status: 'active' }, userError: null }
[2m[WebServer] [22m[Middleware] Access granted for admin role: owner
[2m[WebServer] [22m[Middleware] User authenticated: e7f5ae65-376e-4d05-a18c-10a91295727a
[2m[WebServer] [22m GET /api/admin/emails [32m200[39m in 512ms[2m (compile: 3ms, proxy.ts: 265ms, render: 244ms)[22m
[2m[WebServer] [22m[Middleware] Admin user data query result: { userData: { role: 'owner', status: 'active' }, userError: null }
[2m[WebServer] [22m[Middleware] Access granted for admin role: owner
[2m[WebServer] [22m[Middleware] Admin user data query result: { userData: { role: 'owner', status: 'active' }, userError: null }
[2m[WebServer] [22m[Middleware] Access granted for admin role: owner
[2m[WebServer] [22m GET /api/admin/groups [32m200[39m in 491ms[2m (compile: 7ms, proxy.ts: 308ms, render: 176ms)[22m
[2m[WebServer] [22m GET /api/admin/emails [32m200[39m in 627ms[2m (compile: 3ms, proxy.ts: 266ms, render: 358ms)[22m
[2m[WebServer] [22m[verifyAuth] User authenticated: e7f5ae65-376e-4d05-a18c-10a91295727a
[2m[WebServer] [22m GET /api/admin/guests?format=simple [32m200[39m in 601ms[2m (compile: 21ms, proxy.ts: 411ms, render: 169ms)[22m
[2m[WebServer] [22m GET /api/admin/emails/templates [32m200[39m in 714ms[2m (compile: 8ms, proxy.ts: 427ms, render: 280ms)[22m
[Test] Waiting for form to load...
🧹 Running comprehensive test cleanup...
[2m[WebServer] [22m[Middleware] User authenticated: e7f5ae65-376e-4d05-a18c-10a91295727a
[Test] Form data loaded
[2m[WebServer] [22m[Middleware] Admin user data query result: { userData: { role: 'owner', status: 'active' }, userError: null }
[2m[WebServer] [22m[Middleware] Access granted for admin role: owner
[2m[WebServer] [22m[Middleware] User authenticated: e7f5ae65-376e-4d05-a18c-10a91295727a
[2m[WebServer] [22m[Middleware] User authenticated: e7f5ae65-376e-4d05-a18c-10a91295727a
[2m[WebServer] [22m[Middleware] User authenticated: e7f5ae65-376e-4d05-a18c-10a91295727a
[2m[WebServer] [22m[Middleware] Admin user data query result: { userData: { role: 'owner', status: 'active' }, userError: null }
[2m[WebServer] [22m[Middleware] Access granted for admin role: owner
[2m[WebServer] [22m[Middleware] Admin user data query result: { userData: { role: 'owner', status: 'active' }, userError: null }
[2m[WebServer] [22m[Middleware] Access granted for admin role: owner
[2m[WebServer] [22m[Middleware] Admin user data query result: { userData: { role: 'owner', status: 'active' }, userError: null }
[2m[WebServer] [22m[Middleware] Access granted for admin role: owner
[2m[WebServer] [22m GET /api/admin/groups [32m200[39m in 413ms[2m (compile: 1263µs, proxy.ts: 281ms, render: 131ms)[22m
[2m[WebServer] [22m GET /api/admin/emails [32m200[39m in 788ms[2m (compile: 5ms, proxy.ts: 538ms, render: 245ms)[22m
[2m[WebServer] [22m[Middleware] User authenticated: e7f5ae65-376e-4d05-a18c-10a91295727a
[2m[WebServer] [22m GET /api/admin/guests?format=simple [32m200[39m in 535ms[2m (compile: 6ms, proxy.ts: 288ms, render: 241ms)[22m
[2m[WebServer] [22m[verifyAuth] User authenticated: e7f5ae65-376e-4d05-a18c-10a91295727a
[2m[WebServer] [22m[Middleware] Admin user data query result: { userData: { role: 'owner', status: 'active' }, userError: null }
[2m[WebServer] [22m[Middleware] Access granted for admin role: owner
[2m[WebServer] [22m GET /api/admin/emails/templates [32m200[39m in 651ms[2m (compile: 7ms, proxy.ts: 285ms, render: 359ms)[22m
[2m[WebServer] [22m GET /api/admin/emails [32m200[39m in 452ms[2m (compile: 1501µs, proxy.ts: 260ms, render: 191ms)[22m
[Test] Waiting for form to load...
[Test] Form data loaded
[2m[WebServer] [22m[Middleware] User authenticated: e7f5ae65-376e-4d05-a18c-10a91295727a
[2m[WebServer] [22m[Middleware] Admin user data query result: { userData: { role: 'owner', status: 'active' }, userError: null }
[2m[WebServer] [22m[Middleware] Access granted for admin role: owner
[2m[WebServer] [22m[Middleware] User authenticated: e7f5ae65-376e-4d05-a18c-10a91295727a
[2m[WebServer] [22m[Middleware] User authenticated: e7f5ae65-376e-4d05-a18c-10a91295727a
[2m[WebServer] [22m[Middleware] User authenticated: e7f5ae65-376e-4d05-a18c-10a91295727a
✅ Comprehensive cleanup complete
[2m[WebServer] [22m[Middleware] Admin user data query result: { userData: { role: 'owner', status: 'active' }, userError: null }
[2m[WebServer] [22m[Middleware] Access granted for admin role: owner
[2m[WebServer] [22m[Middleware] Admin user data query result: { userData: { role: 'owner', status: 'active' }, userError: null }
[2m[WebServer] [22m[Middleware] Access granted for admin role: owner
[2m[WebServer] [22m[Middleware] Admin user data query result: { userData: { role: 'owner', status: 'active' }, userError: null }
[2m[WebServer] [22m[Middleware] Access granted for admin role: owner
  ✓  10 [chromium] › __tests__/e2e/admin/emailManagement.spec.ts:511:7 › Email Scheduling & Drafts › should show email history after sending (7.6s)
[2m[WebServer] [22m GET /api/admin/guests?format=simple [32m200[39m in 388ms[2m (compile: 12ms, proxy.ts: 223ms, render: 153ms)[22m
[2m[WebServer] [22m[verifyAuth] User authenticated: e7f5ae65-376e-4d05-a18c-10a91295727a
[2m[WebServer] [22m GET /api/admin/groups [32m200[39m in 392ms[2m (compile: 16ms, proxy.ts: 224ms, render: 152ms)[22m
[2m[WebServer] [22m GET /api/admin/emails/templates [32m200[39m in 490ms[2m (compile: 6ms, proxy.ts: 221ms, render: 264ms)[22m
[2m[WebServer] [22m POST /api/admin/emails/send [32m200[39m in 756ms[2m (compile: 4ms, proxy.ts: 249ms, render: 503ms)[22m
[2m[WebServer] [22m[Middleware] User authenticated: e7f5ae65-376e-4d05-a18c-10a91295727a
[2m[WebServer] [22m[Middleware] Admin user data query result: { userData: { role: 'owner', status: 'active' }, userError: null }
[2m[WebServer] [22m[Middleware] Access granted for admin role: owner
[2m[WebServer] [22m[Middleware] User authenticated: e7f5ae65-376e-4d05-a18c-10a91295727a
[2m[WebServer] [22m GET /admin/emails [32m200[39m in 343ms[2m (compile: 2ms, proxy.ts: 266ms, render: 75ms)[22m
[2m[WebServer] [22m[Middleware] Admin user data query result: { userData: { role: 'owner', status: 'active' }, userError: null }
[2m[WebServer] [22m[Middleware] Access granted for admin role: owner
[2m[WebServer] [22m[Middleware] User authenticated: e7f5ae65-376e-4d05-a18c-10a91295727a
[2m[WebServer] [22m GET /api/admin/emails [32m200[39m in 608ms[2m (compile: 1722µs, proxy.ts: 387ms, render: 219ms)[22m
[2m[WebServer] [22m[Middleware] Admin user data query result: { userData: { role: 'owner', status: 'active' }, userError: null }
[2m[WebServer] [22m[Middleware] Access granted for admin role: owner
[2m[WebServer] [22m[Middleware] User authenticated: e7f5ae65-376e-4d05-a18c-10a91295727a
[2m[WebServer] [22m POST /api/admin/emails/send [32m200[39m in 480ms[2m (compile: 9ms, proxy.ts: 220ms, render: 250ms)[22m
[2m[WebServer] [22m[Middleware] Admin user data query result: { userData: { role: 'owner', status: 'active' }, userError: null }
[2m[WebServer] [22m[Middleware] Access granted for admin role: owner
[2m[WebServer] [22m[Middleware] User authenticated: e7f5ae65-376e-4d05-a18c-10a91295727a
🧹 Running comprehensive test cleanup...
[2m[WebServer] [22m[Middleware] Admin user data query result: { userData: { role: 'owner', status: 'active' }, userError: null }
[2m[WebServer] [22m[Middleware] Access granted for admin role: owner
[2m[WebServer] [22m GET /api/admin/emails [32m200[39m in 515ms[2m (compile: 1821µs, proxy.ts: 293ms, render: 220ms)[22m
[2m[WebServer] [22m GET /api/admin/emails [32m200[39m in 479ms[2m (compile: 1293µs, proxy.ts: 269ms, render: 208ms)[22m
[2m[WebServer] [22m[Middleware] User authenticated: e7f5ae65-376e-4d05-a18c-10a91295727a
[2m[WebServer] [22m[Middleware] User authenticated: e7f5ae65-376e-4d05-a18c-10a91295727a
[2m[WebServer] [22m[Middleware] User authenticated: e7f5ae65-376e-4d05-a18c-10a91295727a
[2m[WebServer] [22m[Middleware] Admin user data query result: { userData: { role: 'owner', status: 'active' }, userError: null }
[2m[WebServer] [22m[Middleware] Access granted for admin role: owner
[2m[WebServer] [22m[Middleware] Admin user data query result: { userData: { role: 'owner', status: 'active' }, userError: null }
[2m[WebServer] [22m[Middleware] Access granted for admin role: owner
[2m[WebServer] [22m[Middleware] Admin user data query result: { userData: { role: 'owner', status: 'active' }, userError: null }
[2m[WebServer] [22m[Middleware] Access granted for admin role: owner
[2m[WebServer] [22m[verifyAuth] User authenticated: e7f5ae65-376e-4d05-a18c-10a91295727a
[2m[WebServer] [22m GET /api/admin/groups [32m200[39m in 323ms[2m (compile: 4ms, proxy.ts: 214ms, render: 105ms)[22m
[2m[WebServer] [22m GET /api/admin/guests?format=simple [32m200[39m in 344ms[2m (compile: 5ms, proxy.ts: 228ms, render: 111ms)[22m
[2m[WebServer] [22m GET /api/admin/emails/templates [32m200[39m in 491ms[2m (compile: 4ms, proxy.ts: 212ms, render: 275ms)[22m
🧹 Running comprehensive test cleanup...
  ✓  13 [chromium] › __tests__/e2e/admin/emailManagement.spec.ts:587:7 › Bulk Email & Template Management › should sanitize email content for XSS prevention (6.0s)
  ✓  14 [chromium] › __tests__/e2e/admin/emailManagement.spec.ts:630:7 › Email Management Accessibility › should have keyboard navigation in email form (2.9s)
✅ Comprehensive cleanup complete
[2m[WebServer] [22m[Middleware] User authenticated: e7f5ae65-376e-4d05-a18c-10a91295727a
[2m[WebServer] [22m[Middleware] Admin user data query result: { userData: { role: 'owner', status: 'active' }, userError: null }
[2m[WebServer] [22m[Middleware] Access granted for admin role: owner
[2m[WebServer] [22m GET /admin/emails [32m200[39m in 357ms[2m (compile: 1903µs, proxy.ts: 311ms, render: 44ms)[22m
  ✘   9 [chromium] › __tests__/e2e/admin/emailManagement.spec.ts:323:7 › Email Composition & Templates › should preview email before sending (retry #1) (11.1s)
[2m[WebServer] [22m[Middleware] User authenticated: e7f5ae65-376e-4d05-a18c-10a91295727a
[2m[WebServer] [22m[Middleware] Admin user data query result: { userData: { role: 'owner', status: 'active' }, userError: null }
[2m[WebServer] [22m[Middleware] Access granted for admin role: owner
[2m[WebServer] [22m GET /api/admin/emails [32m200[39m in 415ms[2m (compile: 3ms, proxy.ts: 215ms, render: 197ms)[22m
✅ Comprehensive cleanup complete
[2m[WebServer] [22m[Middleware] User authenticated: e7f5ae65-376e-4d05-a18c-10a91295727a
[2m[WebServer] [22m[Middleware] User authenticated: e7f5ae65-376e-4d05-a18c-10a91295727a
[2m[WebServer] [22m[Middleware] User authenticated: e7f5ae65-376e-4d05-a18c-10a91295727a
[2m[WebServer] [22m[Middleware] Admin user data query result: { userData: { role: 'owner', status: 'active' }, userError: null }
[2m[WebServer] [22m[Middleware] Access granted for admin role: owner
[2m[WebServer] [22m[Middleware] Admin user data query result: { userData: { role: 'owner', status: 'active' }, userError: null }
[2m[WebServer] [22m[Middleware] Access granted for admin role: owner
[2m[WebServer] [22m[Middleware] Admin user data query result: { userData: { role: 'owner', status: 'active' }, userError: null }
[2m[WebServer] [22m[Middleware] Access granted for admin role: owner
[2m[WebServer] [22m GET /api/admin/guests?format=simple [32m200[39m in 408ms[2m (compile: 1396µs, proxy.ts: 219ms, render: 188ms)[22m
[2m[WebServer] [22m[verifyAuth] User authenticated: e7f5ae65-376e-4d05-a18c-10a91295727a
[2m[WebServer] [22m GET /api/admin/groups [32m200[39m in 411ms[2m (compile: 4ms, proxy.ts: 223ms, render: 184ms)[22m
  ✘   8 [chromium] › __tests__/e2e/admin/emailManagement.spec.ts:133:7 › Email Composition & Templates › should complete full email composition and sending workflow (retry #1) (13.4s)
[2m[WebServer] [22m GET /api/admin/emails/templates [32m200[39m in 512ms[2m (compile: 1515µs, proxy.ts: 243ms, render: 268ms)[22m
  ✘  15 [chromium] › __tests__/e2e/admin/emailManagement.spec.ts:660:7 › Email Management Accessibility › should have accessible form elements with ARIA labels (9.1s)
[2m[WebServer] [22m[Middleware] User authenticated: e7f5ae65-376e-4d05-a18c-10a91295727a
[2m[WebServer] [22m[Middleware] Admin user data query result: { userData: { role: 'owner', status: 'active' }, userError: null }
[2m[WebServer] [22m[Middleware] Access granted for admin role: owner
[2m[WebServer] [22m GET /admin/emails [32m200[39m in 479ms[2m (compile: 5ms, proxy.ts: 406ms, render: 69ms)[22m
[2m[WebServer] [22m[Middleware] User authenticated: e7f5ae65-376e-4d05-a18c-10a91295727a
[2m[WebServer] [22m[Middleware] User authenticated: e7f5ae65-376e-4d05-a18c-10a91295727a
[2m[WebServer] [22m[Middleware] User authenticated: e7f5ae65-376e-4d05-a18c-10a91295727a
[2m[WebServer] [22m[Middleware] User authenticated: e7f5ae65-376e-4d05-a18c-10a91295727a
[2m[WebServer] [22m[Middleware] Admin user data query result: { userData: { role: 'owner', status: 'active' }, userError: null }
[2m[WebServer] [22m[Middleware] Access granted for admin role: owner
[2m[WebServer] [22m[Middleware] Admin user data query result: { userData: { role: 'owner', status: 'active' }, userError: null }
[2m[WebServer] [22m[Middleware] Access granted for admin role: owner
[2m[WebServer] [22m[Middleware] Admin user data query result: { userData: { role: 'owner', status: 'active' }, userError: null }
[2m[WebServer] [22m[Middleware] Access granted for admin role: owner
[2m[WebServer] [22m[Middleware] Admin user data query result: { userData: { role: 'owner', status: 'active' }, userError: null }
[2m[WebServer] [22m[Middleware] Access granted for admin role: owner
[2m[WebServer] [22m GET /api/admin/guests?format=simple [32m200[39m in 500ms[2m (compile: 1806µs, proxy.ts: 265ms, render: 233ms)[22m
[2m[WebServer] [22m[verifyAuth] User authenticated: e7f5ae65-376e-4d05-a18c-10a91295727a
[2m[WebServer] [22m GET /api/admin/groups [32m200[39m in 504ms[2m (compile: 1309µs, proxy.ts: 313ms, render: 189ms)[22m
[2m[WebServer] [22m GET /api/admin/emails [32m200[39m in 626ms[2m (compile: 1708µs, proxy.ts: 340ms, render: 283ms)[22m
[2m[WebServer] [22m GET /api/admin/emails/templates [32m200[39m in 642ms[2m (compile: 2ms, proxy.ts: 287ms, render: 352ms)[22m
  ✘  16 [chromium] › __tests__/e2e/admin/emailManagement.spec.ts:660:7 › Email Management Accessibility › should have accessible form elements with ARIA labels (retry #1) (9.3s)

🧹 E2E Global Teardown Starting...

🗑️  Cleaning up test data...
🧹 Running comprehensive test cleanup...
✅ Comprehensive cleanup complete
✅ Test data cleaned

🔓 Keeping authentication state for debugging...
   Auth files preserved in .auth/ directory
   Run "rm -rf .auth" to clean up manually

📊 Execution Summary:
   Duration: 1.68s
   Errors: 0
   Status: ✅ Clean teardown

✨ E2E Global Teardown Complete!



  1) [chromium] › __tests__/e2e/admin/emailManagement.spec.ts:133:7 › Email Composition & Templates › should complete full email composition and sending workflow 

    Error: [2mexpect([22m[31mlocator[39m[2m).[22mtoBeVisible[2m([22m[2m)[22m failed

    Locator: locator('[data-testid="toast-success"]')
    Expected: visible
    Timeout: 5000ms
    Error: element(s) not found

    Call log:
    [2m  - Expect "toBeVisible" with timeout 5000ms[22m
    [2m  - waiting for locator('[data-testid="toast-success"]')[22m


      169 |     // Verify success toast appeared
      170 |     const successToast = page.locator('[data-testid="toast-success"]');
    > 171 |     await expect(successToast).toBeVisible({ timeout: 5000 });
          |                                ^
      172 |
      173 |     // Verify emails logged in database
      174 |     // Note: sendBulkEmail calls sendEmail for each recipient, which logs them with status 'sent'
        at /Users/jaron/Desktop/wedding-platform-v2/__tests__/e2e/admin/emailManagement.spec.ts:171:32

    attachment #1: screenshot (image/png) ──────────────────────────────────────────────────────────
    test-results/admin-emailManagement-Emai-751e6-sition-and-sending-workflow-chromium/test-failed-1.png
    ────────────────────────────────────────────────────────────────────────────────────────────────

    attachment #2: video (video/webm) ──────────────────────────────────────────────────────────────
    test-results/admin-emailManagement-Emai-751e6-sition-and-sending-workflow-chromium/video.webm
    ────────────────────────────────────────────────────────────────────────────────────────────────

    Error Context: test-results/admin-emailManagement-Emai-751e6-sition-and-sending-workflow-chromium/error-context.md

    Retry #1 ───────────────────────────────────────────────────────────────────────────────────────

    Error: [2mexpect([22m[31mreceived[39m[2m).[22mtoBeGreaterThanOrEqual[2m([22m[32mexpected[39m[2m)[22m

    Expected: >= [32m2[39m
    Received:    [31m0[39m

      187 |     expect(error).toBeNull();
      188 |     expect(emailLogs).toBeDefined();
    > 189 |     expect(emailLogs!.length).toBeGreaterThanOrEqual(2); // At least 2 emails logged
          |                               ^
      190 |     expect(emailLogs![0].delivery_status).toBe('sent'); // Status should be 'sent' not 'pending'
      191 |   });
      192 |
        at /Users/jaron/Desktop/wedding-platform-v2/__tests__/e2e/admin/emailManagement.spec.ts:189:31

    attachment #1: screenshot (image/png) ──────────────────────────────────────────────────────────
    test-results/admin-emailManagement-Emai-751e6-sition-and-sending-workflow-chromium-retry1/test-failed-1.png
    ────────────────────────────────────────────────────────────────────────────────────────────────

    attachment #2: video (video/webm) ──────────────────────────────────────────────────────────────
    test-results/admin-emailManagement-Emai-751e6-sition-and-sending-workflow-chromium-retry1/video.webm
    ────────────────────────────────────────────────────────────────────────────────────────────────

    Error Context: test-results/admin-emailManagement-Emai-751e6-sition-and-sending-workflow-chromium-retry1/error-context.md

    attachment #4: trace (application/zip) ─────────────────────────────────────────────────────────
    test-results/admin-emailManagement-Emai-751e6-sition-and-sending-workflow-chromium-retry1/trace.zip
    Usage:

        npx playwright show-trace test-results/admin-emailManagement-Emai-751e6-sition-and-sending-workflow-chromium-retry1/trace.zip

    ────────────────────────────────────────────────────────────────────────────────────────────────

  2) [chromium] › __tests__/e2e/admin/emailManagement.spec.ts:323:7 › Email Composition & Templates › should preview email before sending 

    Error: [2mexpect([22m[31mlocator[39m[2m).[22mtoBeVisible[2m([22m[2m)[22m failed

    Locator: locator('text=Preview Test Email')
    Expected: visible
    Error: strict mode violation: locator('text=Preview Test Email') resolved to 3 elements:
        1) <td class="px-6 py-4 text-sm text-sage-900">Preview Test Email</td> aka getByRole('cell', { name: 'Preview Test Email' })
        2) <span class="mt-1 text-sm text-sage-900">Preview Test Email</span> aka getByLabel('item 11', { exact: true }).getByText('Preview Test Email')
        3) <div class="mb-2">…</div> aka getByText('Subject: Preview Test Email')

    Call log:
    [2m  - Expect "toBeVisible" with timeout 10000ms[22m
    [2m  - waiting for locator('text=Preview Test Email')[22m


      358 |     // Verify preview content
      359 |     const previewContent = page.locator('text=Preview Test Email');
    > 360 |     await expect(previewContent).toBeVisible();
          |                                  ^
      361 |
      362 |     // Button text changes to "Hide Preview" after showing preview
      363 |     const hidePreviewButton = page.locator('button:has-text("Hide Preview")');
        at /Users/jaron/Desktop/wedding-platform-v2/__tests__/e2e/admin/emailManagement.spec.ts:360:34

    attachment #1: screenshot (image/png) ──────────────────────────────────────────────────────────
    test-results/admin-emailManagement-Emai-b3508-review-email-before-sending-chromium/test-failed-1.png
    ────────────────────────────────────────────────────────────────────────────────────────────────

    attachment #2: video (video/webm) ──────────────────────────────────────────────────────────────
    test-results/admin-emailManagement-Emai-b3508-review-email-before-sending-chromium/video.webm
    ────────────────────────────────────────────────────────────────────────────────────────────────

    Error Context: test-results/admin-emailManagement-Emai-b3508-review-email-before-sending-chromium/error-context.md

    Retry #1 ───────────────────────────────────────────────────────────────────────────────────────

    Error: [2mexpect([22m[31mlocator[39m[2m).[22mtoBeVisible[2m([22m[2m)[22m failed

    Locator: locator('text=Preview Test Email')
    Expected: visible
    Error: strict mode violation: locator('text=Preview Test Email') resolved to 3 elements:
        1) <td class="px-6 py-4 text-sm text-sage-900">Preview Test Email</td> aka getByRole('cell', { name: 'Preview Test Email' })
        2) <span class="mt-1 text-sm text-sage-900">Preview Test Email</span> aka getByLabel('item 15', { exact: true }).getByText('Preview Test Email')
        3) <div class="mb-2">…</div> aka getByText('Subject: Preview Test Email')

    Call log:
    [2m  - Expect "toBeVisible" with timeout 10000ms[22m
    [2m  - waiting for locator('text=Preview Test Email')[22m


      358 |     // Verify preview content
      359 |     const previewContent = page.locator('text=Preview Test Email');
    > 360 |     await expect(previewContent).toBeVisible();
          |                                  ^
      361 |
      362 |     // Button text changes to "Hide Preview" after showing preview
      363 |     const hidePreviewButton = page.locator('button:has-text("Hide Preview")');
        at /Users/jaron/Desktop/wedding-platform-v2/__tests__/e2e/admin/emailManagement.spec.ts:360:34

    attachment #1: screenshot (image/png) ──────────────────────────────────────────────────────────
    test-results/admin-emailManagement-Emai-b3508-review-email-before-sending-chromium-retry1/test-failed-1.png
    ────────────────────────────────────────────────────────────────────────────────────────────────

    attachment #2: video (video/webm) ──────────────────────────────────────────────────────────────
    test-results/admin-emailManagement-Emai-b3508-review-email-before-sending-chromium-retry1/video.webm
    ────────────────────────────────────────────────────────────────────────────────────────────────

    Error Context: test-results/admin-emailManagement-Emai-b3508-review-email-before-sending-chromium-retry1/error-context.md

    attachment #4: trace (application/zip) ─────────────────────────────────────────────────────────
    test-results/admin-emailManagement-Emai-b3508-review-email-before-sending-chromium-retry1/trace.zip
    Usage:

        npx playwright show-trace test-results/admin-emailManagement-Emai-b3508-review-email-before-sending-chromium-retry1/trace.zip

    ────────────────────────────────────────────────────────────────────────────────────────────────

  3) [chromium] › __tests__/e2e/admin/emailManagement.spec.ts:660:7 › Email Management Accessibility › should have accessible form elements with ARIA labels 

    TimeoutError: locator.waitFor: Timeout 5000ms exceeded.
    Call log:
    [2m  - waiting for locator('select#recipients') to be visible[22m


      696 |     // Now verify recipients select has ARIA attributes (only exists in "guests" mode)
      697 |     const recipientsSelect = page.locator('select#recipients');
    > 698 |     await recipientsSelect.waitFor({ state: 'visible', timeout: 5000 });
          |                            ^
      699 |     const recipientsAriaLabel = await recipientsSelect.getAttribute('aria-label');
      700 |     expect(recipientsAriaLabel).toBeTruthy();
      701 |
        at /Users/jaron/Desktop/wedding-platform-v2/__tests__/e2e/admin/emailManagement.spec.ts:698:28

    attachment #1: screenshot (image/png) ──────────────────────────────────────────────────────────
    test-results/admin-emailManagement-Emai-7868c-m-elements-with-ARIA-labels-chromium/test-failed-1.png
    ────────────────────────────────────────────────────────────────────────────────────────────────

    attachment #2: video (video/webm) ──────────────────────────────────────────────────────────────
    test-results/admin-emailManagement-Emai-7868c-m-elements-with-ARIA-labels-chromium/video.webm
    ────────────────────────────────────────────────────────────────────────────────────────────────

    Error Context: test-results/admin-emailManagement-Emai-7868c-m-elements-with-ARIA-labels-chromium/error-context.md

    Retry #1 ───────────────────────────────────────────────────────────────────────────────────────

    TimeoutError: locator.waitFor: Timeout 5000ms exceeded.
    Call log:
    [2m  - waiting for locator('select#recipients') to be visible[22m


      696 |     // Now verify recipients select has ARIA attributes (only exists in "guests" mode)
      697 |     const recipientsSelect = page.locator('select#recipients');
    > 698 |     await recipientsSelect.waitFor({ state: 'visible', timeout: 5000 });
          |                            ^
      699 |     const recipientsAriaLabel = await recipientsSelect.getAttribute('aria-label');
      700 |     expect(recipientsAriaLabel).toBeTruthy();
      701 |
        at /Users/jaron/Desktop/wedding-platform-v2/__tests__/e2e/admin/emailManagement.spec.ts:698:28

    attachment #1: screenshot (image/png) ──────────────────────────────────────────────────────────
    test-results/admin-emailManagement-Emai-7868c-m-elements-with-ARIA-labels-chromium-retry1/test-failed-1.png
    ────────────────────────────────────────────────────────────────────────────────────────────────

    attachment #2: video (video/webm) ──────────────────────────────────────────────────────────────
    test-results/admin-emailManagement-Emai-7868c-m-elements-with-ARIA-labels-chromium-retry1/video.webm
    ────────────────────────────────────────────────────────────────────────────────────────────────

    Error Context: test-results/admin-emailManagement-Emai-7868c-m-elements-with-ARIA-labels-chromium-retry1/error-context.md

    attachment #4: trace (application/zip) ─────────────────────────────────────────────────────────
    test-results/admin-emailManagement-Emai-7868c-m-elements-with-ARIA-labels-chromium-retry1/trace.zip
    Usage:

        npx playwright show-trace test-results/admin-emailManagement-Emai-7868c-m-elements-with-ARIA-labels-chromium-retry1/trace.zip

    ────────────────────────────────────────────────────────────────────────────────────────────────

  3 failed
    [chromium] › __tests__/e2e/admin/emailManagement.spec.ts:133:7 › Email Composition & Templates › should complete full email composition and sending workflow 
    [chromium] › __tests__/e2e/admin/emailManagement.spec.ts:323:7 › Email Composition & Templates › should preview email before sending 
    [chromium] › __tests__/e2e/admin/emailManagement.spec.ts:660:7 › Email Management Accessibility › should have accessible form elements with ARIA labels 
  1 skipped
  9 passed (1.3m)

[36m  Serving HTML report at http://localhost:9323. Press Ctrl+C to quit.[39m
