
> destination-wedding-platform@0.1.0 test:e2e
> playwright test __tests__/e2e/auth/guestAuth.spec.ts

[dotenv@17.2.4] injecting env (24) from .env.e2e -- tip: 🔑 add access controls to secrets: https://dotenvx.com/ops
[2m[WebServer] [22m
[2m[WebServer] [22m> destination-wedding-platform@0.1.0 dev
[2m[WebServer] [22m> next dev --webpack
[2m[WebServer] [22m
[2m[WebServer] [22m[1m[38;2;173;127;168m▲ Next.js 16.1.1[39m[22m (webpack)
[2m[WebServer] [22m- Local:         http://localhost:3000
[2m[WebServer] [22m- Network:       http://192.168.7.238:3000
[2m[WebServer] [22m- Environments: .env.test
[2m[WebServer] [22m
[2m[WebServer] [22m[32m[1m✓[22m[39m Starting...
[2m[WebServer] [22m[33m[1m⚠[22m[39m The "middleware" file convention is deprecated. Please use "proxy" instead. Learn more: https://nextjs.org/docs/messages/middleware-to-proxy
[2m[WebServer] [22m🚀 Initializing application services...
[2m[WebServer] [22m✅ B2 client initialized successfully {
[2m[WebServer] [22m  endpoint: [32m'https://s3.us-west-004.backblazeb2.com'[39m,
[2m[WebServer] [22m  region: [32m'us-west-004'[39m,
[2m[WebServer] [22m  bucket: [32m'test-bucket'[39m,
[2m[WebServer] [22m  cdnDomain: [32m'https://test-cdn.example.com'[39m
[2m[WebServer] [22m}
[2m[WebServer] [22m✅ Application services initialized successfully
[2m[WebServer] [22m[32m[1m✓[22m[39m Ready in 2.5s

🚀 E2E Global Setup Starting...

📊 Verifying test database connection...
[2m[WebServer] [22m GET / [32m200[39m in 1004ms[2m (compile: 641ms, proxy.ts: 201ms, render: 162ms)[22m
✅ Test database connected

🧹 Cleaning up test data...
   Cleaning up leftover test data...
   Test data cleanup complete
✅ Test data cleaned

👤 Creating test guest...
   Created warmup guest: warmup@example.com (ID: b83497ac-3024-4182-99f2-b5c2e71c7c9c)
   Created test guest: test@example.com (ID: 9209c415-96a7-43a1-a0d8-0249f763c227)
✅ Test guest created

📦 Creating comprehensive test data...
   Creating location hierarchy...
   Location hierarchy already exists
   Creating events...
   Events already exist
   Creating activities...
   Warning: Could not create comprehensive test data: Failed to create ceremony activity: Could not find the 'cost_per_guest' column of 'activities' in the schema cache
   Some E2E tests may fail due to missing data
✅ Comprehensive test data created

🌐 Verifying Next.js server...
✅ Next.js server is running

🔥 Warming up API routes...
   Warming up 3 guest auth routes with retry logic...
[2m[WebServer] [22m GET / [32m200[39m in 49ms[2m (compile: 4ms, proxy.ts: 19ms, render: 26ms)[22m
[2m[WebServer] [22m[API] Looking for guest with email: warmup@example.com
[2m[WebServer] [22m[API] Guest query result: {
[2m[WebServer] [22m  found: [33mtrue[39m,
[2m[WebServer] [22m  email: [32m'warmup@example.com'[39m,
[2m[WebServer] [22m  authMethod: [32m'email_matching'[39m,
[2m[WebServer] [22m  error: [90mundefined[39m
[2m[WebServer] [22m}
[2m[WebServer] [22m[API] Setting guest session cookie: {
[2m[WebServer] [22m  tokenPrefix: [32m'da3db58d'[39m,
[2m[WebServer] [22m  cookieOptions: {
[2m[WebServer] [22m    httpOnly: [33mtrue[39m,
[2m[WebServer] [22m    secure: [33mfalse[39m,
[2m[WebServer] [22m    sameSite: [32m'lax'[39m,
[2m[WebServer] [22m    maxAge: [33m86400[39m,
[2m[WebServer] [22m    path: [32m'/'[39m
[2m[WebServer] [22m  },
[2m[WebServer] [22m  guestId: [32m'b83497ac-3024-4182-99f2-b5c2e71c7c9c'[39m,
[2m[WebServer] [22m  sessionId: [32m'26a53524-312b-4a02-a786-2e3bcb445319'[39m
[2m[WebServer] [22m}
   ✅ Route ready: /api/guest-auth/email-match (attempt 1/5, status: 200)
[2m[WebServer] [22m POST /api/guest-auth/email-match [32m200[39m in 1492ms[2m (compile: 892ms, proxy.ts: 9ms, render: 591ms)[22m
[2m[WebServer] [22m[Magic Link Request] Processing request for email: warmup@example.com
[2m[WebServer] [22m[Magic Link Request] Looking for guest by email...
[2m[WebServer] [22m[Magic Link Request] Guest query result: {
[2m[WebServer] [22m  found: [33mtrue[39m,
[2m[WebServer] [22m  guestId: [32m'b83497ac-3024-4182-99f2-b5c2e71c7c9c'[39m,
[2m[WebServer] [22m  authMethod: [32m'email_matching'[39m,
[2m[WebServer] [22m  error: [90mundefined[39m
[2m[WebServer] [22m}
[2m[WebServer] [22m[Magic Link Request] Guest has wrong auth method: email_matching
   ✅ Route ready: /api/guest-auth/magic-link/request (attempt 1/5, status: 400)
[2m[WebServer] [22m POST /api/guest-auth/magic-link/request [33m400[39m in 1893ms[2m (compile: 1668ms, proxy.ts: 23ms, render: 202ms)[22m
   ✅ Route ready: /api/guest-auth/magic-link/verify (attempt 1/5, status: 400)
[2m[WebServer] [22m POST /api/guest-auth/magic-link/verify [33m400[39m in 984ms[2m (compile: 800ms, proxy.ts: 12ms, render: 173ms)[22m
   ✅ Guest auth routes warmup complete
✅ API routes warmed up

🔐 Setting up admin authentication...
   Attempting browser-based admin login: admin@example.com
   Created .auth directory: /Users/jaron/Desktop/wedding-platform-v2/.auth
   Navigating to http://localhost:3000/auth/login...
[2m[WebServer] [22m GET /auth/login [32m200[39m in 567ms[2m (compile: 454ms, proxy.ts: 6ms, render: 107ms)[22m
   Page loaded, filling form...
   Form filled, submitting...
[2m[WebServer] [22m[Middleware] User authenticated: e7f5ae65-376e-4d05-a18c-10a91295727a
[2m[WebServer] [22m[Middleware] Admin user data query result: { userData: { role: 'owner', status: 'active' }, userError: null }
[2m[WebServer] [22m[Middleware] Access granted for admin role: owner
[2m[WebServer] [22m[33m[1m⚠[22m[39m Fast Refresh had to perform a full reload. Read more: https://nextjs.org/docs/messages/fast-refresh-reload
[2m[WebServer] [22m GET /admin [32m200[39m in 1113ms[2m (compile: 642ms, proxy.ts: 352ms, render: 120ms)[22m
   Current URL after submit: http://localhost:3000/admin
   ✅ Successfully logged in via browser
   ✅ Authentication state saved
✅ Admin authentication saved

✨ E2E Global Setup Complete!


Running 15 tests using 4 workers

  -   1 [chromium] › __tests__/e2e/auth/guestAuth.spec.ts:240:8 › Guest Authentication › should show loading state during authentication
[dotenv@17.2.4] injecting env (0) from .env.e2e -- tip: ✅ audit secrets and track compliance: https://dotenvx.com/ops
[dotenv@17.2.4] injecting env (0) from .env.e2e -- tip: ⚙️  enable debug logging with { debug: true }
[dotenv@17.2.4] injecting env (0) from .env.e2e -- tip: ⚙️  specify custom .env file path with { path: '/custom/path/.env' }
[dotenv@17.2.4] injecting env (0) from .env.e2e -- tip: 🗂️ backup and recover secrets: https://dotenvx.com/ops
[Worker 3] Created test guest: {
  email: [32m'test-w3-1770451221598-amq4nivo@example.com'[39m,
  id: [32m'430d069d-2722-4c6b-8cea-75c28d20046a'[39m,
  authMethod: [32m'email_matching'[39m,
  groupId: [32m'79a63063-7904-4025-9ddc-d4dbe6d8265e'[39m
}
[Worker 1] Created test guest: {
  email: [32m'test-w1-1770451221594-57iygqel@example.com'[39m,
  id: [32m'5e95a7f9-15b9-45b7-adec-0d0b2f00100e'[39m,
  authMethod: [32m'email_matching'[39m,
  groupId: [32m'7b0d51a7-d34c-428b-83b3-13e8f4cb1dc2'[39m
}
[Worker 3] ✅ Verified guest exists: {
  email: [32m'test-w3-1770451221598-amq4nivo@example.com'[39m,
  authMethod: [32m'email_matching'[39m
}
[Worker 1] ✅ Verified guest exists: {
  email: [32m'test-w1-1770451221594-57iygqel@example.com'[39m,
  authMethod: [32m'email_matching'[39m
}
[Worker 0] Created test guest: {
  email: [32m'test-w0-1770451221594-3rkwbray@example.com'[39m,
  id: [32m'7e00b290-7155-4394-a0d9-888baaeb8306'[39m,
  authMethod: [32m'email_matching'[39m,
  groupId: [32m'956ae4ff-18fa-419b-9e3f-994bafb4c6c8'[39m
}
[Worker 2] Created test guest: {
  email: [32m'test-w2-1770451221616-nokrmh6x@example.com'[39m,
  id: [32m'003e674f-91c5-4115-82e2-d8380452f637'[39m,
  authMethod: [32m'email_matching'[39m,
  groupId: [32m'0fdb2097-3d98-4605-a3b4-d30ff15eda35'[39m
}
[Worker 0] ✅ Verified guest exists: {
  email: [32m'test-w0-1770451221594-3rkwbray@example.com'[39m,
  authMethod: [32m'email_matching'[39m
}
[Worker 2] ✅ Verified guest exists: {
  email: [32m'test-w2-1770451221616-nokrmh6x@example.com'[39m,
  authMethod: [32m'email_matching'[39m
}
[2m[WebServer] [22m GET /auth/guest-login [32m200[39m in 606ms[2m (compile: 419ms, proxy.ts: 17ms, render: 170ms)[22m
[2m[WebServer] [22m GET /auth/guest-login [32m200[39m in 342ms[2m (compile: 79ms, proxy.ts: 88ms, render: 176ms)[22m
[2m[WebServer] [22m GET /auth/guest-login [32m200[39m in 346ms[2m (compile: 79ms, proxy.ts: 88ms, render: 180ms)[22m
[2m[WebServer] [22m GET /auth/guest-login [32m200[39m in 619ms[2m (compile: 419ms, proxy.ts: 17ms, render: 183ms)[22m
[Browser info] %cDownload the React DevTools for a better development experience: https://react.dev/link/react-devtools font-weight:bold
[Browser log] [HMR] connected
[Test] About to click submit button
[2m[WebServer] [22m[API] Looking for guest with email: nonexistent@example.com
[2m[WebServer] [22m[API] Looking for guest with email: test-w3-1770451221598-amq4nivo@example.com
[2m[WebServer] [22m[API] Looking for guest with email: test-w0-1770451221594-3rkwbray@example.com
[2m[WebServer] [22m[API] Guest query result: {
[2m[WebServer] [22m  found: [33mtrue[39m,
[2m[WebServer] [22m  email: [32m'test-w3-1770451221598-amq4nivo@example.com'[39m,
[2m[WebServer] [22m  authMethod: [32m'email_matching'[39m,
[2m[WebServer] [22m  error: [90mundefined[39m
[2m[WebServer] [22m}
[2m[WebServer] [22m[API] Guest query result: {
[2m[WebServer] [22m  found: [33mfalse[39m,
[2m[WebServer] [22m  email: [90mundefined[39m,
[2m[WebServer] [22m  authMethod: [90mundefined[39m,
[2m[WebServer] [22m  error: [32m'Cannot coerce the result to a single JSON object'[39m
[2m[WebServer] [22m}
[2m[WebServer] [22m POST /api/guest-auth/email-match [33m404[39m in 413ms[2m (compile: 103ms, proxy.ts: 34ms, render: 276ms)[22m
[2m[WebServer] [22m[API] Setting guest session cookie: {
[2m[WebServer] [22m  tokenPrefix: [32m'3f8c4264'[39m,
[2m[WebServer] [22m  cookieOptions: {
[2m[WebServer] [22m    httpOnly: [33mtrue[39m,
[2m[WebServer] [22m    secure: [33mfalse[39m,
[2m[WebServer] [22m    sameSite: [32m'lax'[39m,
[2m[WebServer] [22m    maxAge: [33m86400[39m,
[2m[WebServer] [22m    path: [32m'/'[39m
[2m[WebServer] [22m  },
[2m[WebServer] [22m  guestId: [32m'430d069d-2722-4c6b-8cea-75c28d20046a'[39m,
[2m[WebServer] [22m  sessionId: [32m'c98d90ad-0c5e-4643-9d8b-f0ea78c93379'[39m
[2m[WebServer] [22m}
[2m[WebServer] [22m POST /api/guest-auth/email-match [32m200[39m in 539ms[2m (compile: 2ms, proxy.ts: 157ms, render: 380ms)[22m
[2m[WebServer] [22m[API] Guest query result: {
[2m[WebServer] [22m  found: [33mtrue[39m,
[2m[WebServer] [22m  email: [32m'test-w0-1770451221594-3rkwbray@example.com'[39m,
[2m[WebServer] [22m  authMethod: [32m'email_matching'[39m,
[2m[WebServer] [22m  error: [90mundefined[39m
[2m[WebServer] [22m}
[2m[WebServer] [22m[API] Setting guest session cookie: {
[2m[WebServer] [22m  tokenPrefix: [32m'a40f2e9d'[39m,
[2m[WebServer] [22m  cookieOptions: {
[2m[WebServer] [22m    httpOnly: [33mtrue[39m,
[2m[WebServer] [22m    secure: [33mfalse[39m,
[2m[WebServer] [22m    sameSite: [32m'lax'[39m,
[2m[WebServer] [22m    maxAge: [33m86400[39m,
[2m[WebServer] [22m    path: [32m'/'[39m
[2m[WebServer] [22m  },
[2m[WebServer] [22m  guestId: [32m'7e00b290-7155-4394-a0d9-888baaeb8306'[39m,
[2m[WebServer] [22m  sessionId: [32m'c81e8735-801b-4d66-adff-aa2e204c8a56'[39m
[2m[WebServer] [22m}
[2m[WebServer] [22m POST /api/guest-auth/email-match [32m200[39m in 555ms[2m (compile: 6ms, proxy.ts: 22ms, render: 526ms)[22m
[Browser warning] Cookie not set yet, waiting additional time...
[2m[WebServer] [22m[Middleware] Guest auth check: {
[2m[WebServer] [22m  path: '/guest/dashboard',
[2m[WebServer] [22m  hasCookie: true,
[2m[WebServer] [22m  cookieValue: '3f8c4264...',
[2m[WebServer] [22m  allCookies: [ 'guest_session' ]
[2m[WebServer] [22m}
[2m[WebServer] [22m[Middleware] Session query result: {
[2m[WebServer] [22m  sessionsFound: 1,
[2m[WebServer] [22m  hasError: false,
[2m[WebServer] [22m  errorMessage: undefined,
[2m[WebServer] [22m  tokenPrefix: '3f8c4264'
[2m[WebServer] [22m}
[2m[WebServer] [22m[Middleware] Guest auth check: {
[2m[WebServer] [22m  path: '/guest/dashboard',
[2m[WebServer] [22m  hasCookie: true,
[2m[WebServer] [22m  cookieValue: 'a40f2e9d...',
[2m[WebServer] [22m  allCookies: [ 'guest_session' ]
[2m[WebServer] [22m}
[Browser log] [Fast Refresh] rebuilding
[2m[WebServer] [22m[Middleware] Session query result: {
[2m[WebServer] [22m  sessionsFound: 1,
[2m[WebServer] [22m  hasError: false,
[2m[WebServer] [22m  errorMessage: undefined,
[2m[WebServer] [22m  tokenPrefix: 'a40f2e9d'
[2m[WebServer] [22m}
[2m[WebServer] [22m[GuestDashboard] Session check: { hasToken: [33mtrue[39m, tokenPrefix: [32m'a40f2e9d'[39m }
[2m[WebServer] [22m[GuestDashboard] Session check: { hasToken: [33mtrue[39m, tokenPrefix: [32m'3f8c4264'[39m }
[Browser log] [Fast Refresh] done in 606ms
[2m[WebServer] [22m[GuestDashboard] Session query result: {
[2m[WebServer] [22m  found: [33mtrue[39m,
[2m[WebServer] [22m  error: [90mundefined[39m,
[2m[WebServer] [22m  guestId: [32m'7e00b290-7155-4394-a0d9-888baaeb8306'[39m
[2m[WebServer] [22m}
[2m[WebServer] [22m[GuestDashboard] Session query result: {
[2m[WebServer] [22m  found: [33mtrue[39m,
[2m[WebServer] [22m  error: [90mundefined[39m,
[2m[WebServer] [22m  guestId: [32m'430d069d-2722-4c6b-8cea-75c28d20046a'[39m
[2m[WebServer] [22m}
[2m[WebServer] [22m[GuestDashboard] Guest query result: {
[2m[WebServer] [22m  found: [33mtrue[39m,
[2m[WebServer] [22m  error: [90mundefined[39m,
[2m[WebServer] [22m  email: [32m'test-w0-1770451221594-3rkwbray@example.com'[39m
[2m[WebServer] [22m}
[2m[WebServer] [22m[GuestDashboard] Rendering dashboard for guest: test-w0-1770451221594-3rkwbray@example.com
[2m[WebServer] [22m[GuestDashboard] Guest query result: {
[2m[WebServer] [22m  found: [33mtrue[39m,
[2m[WebServer] [22m  error: [90mundefined[39m,
[2m[WebServer] [22m  email: [32m'test-w3-1770451221598-amq4nivo@example.com'[39m
[2m[WebServer] [22m}
[2m[WebServer] [22m[GuestDashboard] Rendering dashboard for guest: test-w3-1770451221598-amq4nivo@example.com
[2m[WebServer] [22m GET /guest/dashboard [32m200[39m in 1611ms[2m (compile: 375ms, proxy.ts: 226ms, render: 1011ms)[22m
[2m[WebServer] [22m GET /guest/dashboard [32m200[39m in 1869ms[2m (compile: 709ms, proxy.ts: 138ms, render: 1022ms)[22m
[Browser info] %cDownload the React DevTools for a better development experience: https://react.dev/link/react-devtools font-weight:bold
[Browser log] %c%s%c [GuestDashboard] Session check: background: #e6e6e6;background: light-dark(rgba(0,0,0,0.1), rgba(255,255,255,0.25));color: #000000;color: light-dark(#000000, #ffffff);border-radius: 2px  Server   {hasToken: true, tokenPrefix: a40f2e9d}
[Browser log] %c%s%c [GuestDashboard] Session query result: background: #e6e6e6;background: light-dark(rgba(0,0,0,0.1), rgba(255,255,255,0.25));color: #000000;color: light-dark(#000000, #ffffff);border-radius: 2px  Server   {found: true, guestId: 7e00b290-7155-4394-a0d9-888baaeb8306}
[Browser log] %c%s%c [GuestDashboard] Guest query result: background: #e6e6e6;background: light-dark(rgba(0,0,0,0.1), rgba(255,255,255,0.25));color: #000000;color: light-dark(#000000, #ffffff);border-radius: 2px  Server   {found: true, email: test-w0-1770451221594-3rkwbray@example.com}
[Browser log] %c%s%c [GuestDashboard] Rendering dashboard for guest: background: #e6e6e6;background: light-dark(rgba(0,0,0,0.1), rgba(255,255,255,0.25));color: #000000;color: light-dark(#000000, #ffffff);border-radius: 2px  Server   test-w0-1770451221594-3rkwbray@example.com
[Browser log] [HMR] connected
[2m[WebServer] [22m[Middleware] Guest auth check: {
[2m[WebServer] [22m  path: '/api/guest/announcements',
[2m[WebServer] [22m  hasCookie: true,
[2m[WebServer] [22m  cookieValue: 'a40f2e9d...',
[2m[WebServer] [22m  allCookies: [ 'guest_session' ]
[2m[WebServer] [22m}
[2m[WebServer] [22m[Middleware] Guest auth check: {
[2m[WebServer] [22m  path: '/api/guest/rsvps',
[2m[WebServer] [22m  hasCookie: true,
[2m[WebServer] [22m  cookieValue: 'a40f2e9d...',
[2m[WebServer] [22m  allCookies: [ 'guest_session' ]
[2m[WebServer] [22m}
[2m[WebServer] [22m[Middleware] Guest auth check: {
[2m[WebServer] [22m  path: '/api/guest/wedding-info',
[2m[WebServer] [22m  hasCookie: true,
[2m[WebServer] [22m  cookieValue: 'a40f2e9d...',
[2m[WebServer] [22m  allCookies: [ 'guest_session' ]
[2m[WebServer] [22m}
[2m[WebServer] [22m[Middleware] Guest auth check: {
[2m[WebServer] [22m  path: '/api/guest/events',
[2m[WebServer] [22m  hasCookie: true,
[2m[WebServer] [22m  cookieValue: 'a40f2e9d...',
[2m[WebServer] [22m  allCookies: [ 'guest_session' ]
[2m[WebServer] [22m}
[2m[WebServer] [22m[Middleware] Guest auth check: {
[2m[WebServer] [22m  path: '/api/guest/events',
[2m[WebServer] [22m  hasCookie: true,
[2m[WebServer] [22m  cookieValue: '3f8c4264...',
[2m[WebServer] [22m  allCookies: [ 'guest_session' ]
[2m[WebServer] [22m}
[2m[WebServer] [22m[Middleware] Guest auth check: {
[2m[WebServer] [22m  path: '/api/guest/wedding-info',
[2m[WebServer] [22m  hasCookie: true,
[2m[WebServer] [22m  cookieValue: '3f8c4264...',
[2m[WebServer] [22m  allCookies: [ 'guest_session' ]
[2m[WebServer] [22m}
[2m[WebServer] [22m[Middleware] Guest auth check: {
[2m[WebServer] [22m  path: '/api/guest/rsvps',
[2m[WebServer] [22m  hasCookie: true,
[2m[WebServer] [22m  cookieValue: '3f8c4264...',
[2m[WebServer] [22m  allCookies: [ 'guest_session' ]
[2m[WebServer] [22m}
[2m[WebServer] [22m[Middleware] Guest auth check: {
[2m[WebServer] [22m  path: '/api/guest/announcements',
[2m[WebServer] [22m  hasCookie: true,
[2m[WebServer] [22m  cookieValue: '3f8c4264...',
[2m[WebServer] [22m  allCookies: [ 'guest_session' ]
[2m[WebServer] [22m}
[2m[WebServer] [22m GET /auth/guest-login [32m200[39m in 299ms[2m (compile: 35ms, proxy.ts: 131ms, render: 133ms)[22m
[2m[WebServer] [22m GET /auth/guest-login [32m200[39m in 302ms[2m (compile: 36ms, proxy.ts: 131ms, render: 136ms)[22m
[2m[WebServer] [22m[Middleware] Session query result: {
[2m[WebServer] [22m  sessionsFound: 1,
[2m[WebServer] [22m  hasError: false,
[2m[WebServer] [22m  errorMessage: undefined,
[2m[WebServer] [22m  tokenPrefix: '3f8c4264'
[2m[WebServer] [22m}
[2m[WebServer] [22m[Middleware] Session query result: {
[2m[WebServer] [22m  sessionsFound: 1,
[2m[WebServer] [22m  hasError: false,
[2m[WebServer] [22m  errorMessage: undefined,
[2m[WebServer] [22m  tokenPrefix: 'a40f2e9d'
[2m[WebServer] [22m}
[2m[WebServer] [22m[Middleware] Session query result: {
[2m[WebServer] [22m  sessionsFound: 1,
[2m[WebServer] [22m  hasError: false,
[2m[WebServer] [22m  errorMessage: undefined,
[2m[WebServer] [22m  tokenPrefix: 'a40f2e9d'
[2m[WebServer] [22m}
[2m[WebServer] [22m[Middleware] Session query result: {
[2m[WebServer] [22m  sessionsFound: 1,
[2m[WebServer] [22m  hasError: false,
[2m[WebServer] [22m  errorMessage: undefined,
[2m[WebServer] [22m  tokenPrefix: '3f8c4264'
[2m[WebServer] [22m}
[2m[WebServer] [22m[Middleware] Session query result: {
[2m[WebServer] [22m  sessionsFound: 1,
[2m[WebServer] [22m  hasError: false,
[2m[WebServer] [22m  errorMessage: undefined,
[2m[WebServer] [22m  tokenPrefix: 'a40f2e9d'
[2m[WebServer] [22m}
[2m[WebServer] [22m[Middleware] Session query result: {
[2m[WebServer] [22m  sessionsFound: 1,
[2m[WebServer] [22m  hasError: false,
[2m[WebServer] [22m  errorMessage: undefined,
[2m[WebServer] [22m  tokenPrefix: 'a40f2e9d'
[2m[WebServer] [22m}
[2m[WebServer] [22m[Middleware] Session query result: {
[2m[WebServer] [22m  sessionsFound: 1,
[2m[WebServer] [22m  hasError: false,
[2m[WebServer] [22m  errorMessage: undefined,
[2m[WebServer] [22m  tokenPrefix: '3f8c4264'
[2m[WebServer] [22m}
[2m[WebServer] [22m[Middleware] Session query result: {
[2m[WebServer] [22m  sessionsFound: 1,
[2m[WebServer] [22m  hasError: false,
[2m[WebServer] [22m  errorMessage: undefined,
[2m[WebServer] [22m  tokenPrefix: '3f8c4264'
[2m[WebServer] [22m}
[Browser log] [Fast Refresh] rebuilding
[Browser log] [Fast Refresh] done in 577ms
[Browser log] [Fast Refresh] rebuilding
[Browser log] [Fast Refresh] done in 592ms
[2m[WebServer] [22m[Middleware] Guest auth check: {
[2m[WebServer] [22m  path: '/guest/dashboard',
[2m[WebServer] [22m  hasCookie: true,
[2m[WebServer] [22m  cookieValue: 'a40f2e9d...',
[2m[WebServer] [22m  allCookies: [ 'guest_session', '__next_hmr_refresh_hash__' ]
[2m[WebServer] [22m}
[2m[WebServer] [22m[Middleware] Guest auth check: {
[2m[WebServer] [22m  path: '/guest/dashboard',
[2m[WebServer] [22m  hasCookie: true,
[2m[WebServer] [22m  cookieValue: '3f8c4264...',
[2m[WebServer] [22m  allCookies: [ 'guest_session', '__next_hmr_refresh_hash__' ]
[2m[WebServer] [22m}
[2m[WebServer] [22m[Middleware] Session query result: {
[2m[WebServer] [22m  sessionsFound: 1,
[2m[WebServer] [22m  hasError: false,
[2m[WebServer] [22m  errorMessage: undefined,
[2m[WebServer] [22m  tokenPrefix: 'a40f2e9d'
[2m[WebServer] [22m}
[2m[WebServer] [22m[Middleware] Session query result: {
[2m[WebServer] [22m  sessionsFound: 1,
[2m[WebServer] [22m  hasError: false,
[2m[WebServer] [22m  errorMessage: undefined,
[2m[WebServer] [22m  tokenPrefix: '3f8c4264'
[2m[WebServer] [22m}
[2m[WebServer] [22m[GuestDashboard] Session check: { hasToken: [33mtrue[39m, tokenPrefix: [32m'a40f2e9d'[39m }
[2m[WebServer] [22m[GuestDashboard] Session query result: {
[2m[WebServer] [22m  found: [33mtrue[39m,
[2m[WebServer] [22m  error: [90mundefined[39m,
[2m[WebServer] [22m  guestId: [32m'7e00b290-7155-4394-a0d9-888baaeb8306'[39m
[2m[WebServer] [22m}
[2m[WebServer] [22m[GuestDashboard] Guest query result: {
[2m[WebServer] [22m  found: [33mtrue[39m,
[2m[WebServer] [22m  error: [90mundefined[39m,
[2m[WebServer] [22m  email: [32m'test-w0-1770451221594-3rkwbray@example.com'[39m
[2m[WebServer] [22m}
[2m[WebServer] [22m[GuestDashboard] Rendering dashboard for guest: test-w0-1770451221594-3rkwbray@example.com
[2m[WebServer] [22m[GuestDashboard] Session check: { hasToken: [33mtrue[39m, tokenPrefix: [32m'3f8c4264'[39m }
[2m[WebServer] [22m[GuestDashboard] Session query result: {
[2m[WebServer] [22m  found: [33mtrue[39m,
[2m[WebServer] [22m  error: [90mundefined[39m,
[2m[WebServer] [22m  guestId: [32m'430d069d-2722-4c6b-8cea-75c28d20046a'[39m
[2m[WebServer] [22m}
[2m[WebServer] [22m[GuestDashboard] Guest query result: {
[2m[WebServer] [22m  found: [33mtrue[39m,
[2m[WebServer] [22m  error: [90mundefined[39m,
[2m[WebServer] [22m  email: [32m'test-w3-1770451221598-amq4nivo@example.com'[39m
[2m[WebServer] [22m}
[2m[WebServer] [22m[GuestDashboard] Rendering dashboard for guest: test-w3-1770451221598-amq4nivo@example.com
[Browser log] %c%s%c [GuestDashboard] Session check: background: #e6e6e6;background: light-dark(rgba(0,0,0,0.1), rgba(255,255,255,0.25));color: #000000;color: light-dark(#000000, #ffffff);border-radius: 2px  Server   {hasToken: true, tokenPrefix: a40f2e9d}
[Browser log] %c%s%c [GuestDashboard] Session query result: background: #e6e6e6;background: light-dark(rgba(0,0,0,0.1), rgba(255,255,255,0.25));color: #000000;color: light-dark(#000000, #ffffff);border-radius: 2px  Server   {found: true, guestId: 7e00b290-7155-4394-a0d9-888baaeb8306}
[Browser log] %c%s%c [GuestDashboard] Guest query result: background: #e6e6e6;background: light-dark(rgba(0,0,0,0.1), rgba(255,255,255,0.25));color: #000000;color: light-dark(#000000, #ffffff);border-radius: 2px  Server   {found: true, email: test-w0-1770451221594-3rkwbray@example.com}
[Browser log] %c%s%c [GuestDashboard] Rendering dashboard for guest: background: #e6e6e6;background: light-dark(rgba(0,0,0,0.1), rgba(255,255,255,0.25));color: #000000;color: light-dark(#000000, #ffffff);border-radius: 2px  Server   test-w0-1770451221594-3rkwbray@example.com
[2m[WebServer] [22m GET /guest/dashboard [32m200[39m in 646ms[2m (compile: 200ms, proxy.ts: 300ms, render: 146ms)[22m
[2m[WebServer] [22m GET /guest/dashboard [32m200[39m in 650ms[2m (compile: 214ms, proxy.ts: 287ms, render: 149ms)[22m
  ✓   5 [chromium] › __tests__/e2e/auth/guestAuth.spec.ts:227:7 › Guest Authentication › should show error for invalid email format (8.9s)
[2m[WebServer] [22m[Middleware] Guest auth check: {
[2m[WebServer] [22m  path: '/guest/dashboard',
[2m[WebServer] [22m  hasCookie: true,
[2m[WebServer] [22m  cookieValue: 'a40f2e9d...',
[2m[WebServer] [22m  allCookies: [ 'guest_session', '__next_hmr_refresh_hash__' ]
[2m[WebServer] [22m}
[2m[WebServer] [22m[Middleware] Guest auth check: {
[2m[WebServer] [22m  path: '/guest/dashboard',
[2m[WebServer] [22m  hasCookie: true,
[2m[WebServer] [22m  cookieValue: '3f8c4264...',
[2m[WebServer] [22m  allCookies: [ 'guest_session', '__next_hmr_refresh_hash__' ]
[2m[WebServer] [22m}
[2m[WebServer] [22m GET /api/guest/wedding-info [32m200[39m in 2.9s[2m (compile: 1621ms, proxy.ts: 239ms, render: 1026ms)[22m
[2m[WebServer] [22m GET /api/guest/announcements [32m200[39m in 2.9s[2m (compile: 1367ms, proxy.ts: 493ms, render: 1070ms)[22m
[2m[WebServer] [22m GET /api/guest/announcements [32m200[39m in 2.9s[2m (compile: 1621ms, proxy.ts: 240ms, render: 1073ms)[22m
[2m[WebServer] [22m GET /api/guest/wedding-info [32m200[39m in 3.0s[2m (compile: 1333ms, proxy.ts: 527ms, render: 1092ms)[22m
[2m[WebServer] [22m GET /api/guest/rsvps [32m200[39m in 3.0s[2m (compile: 1449ms, proxy.ts: 412ms, render: 1126ms)[22m
[2m[WebServer] [22m GET /api/guest/rsvps [32m200[39m in 3.0s[2m (compile: 1499ms, proxy.ts: 362ms, render: 1131ms)[22m
[2m[WebServer] [22m[Middleware] Session query result: {
[2m[WebServer] [22m  sessionsFound: 1,
[2m[WebServer] [22m  hasError: false,
[2m[WebServer] [22m  errorMessage: undefined,
[2m[WebServer] [22m  tokenPrefix: 'a40f2e9d'
[2m[WebServer] [22m}
[2m[WebServer] [22m[Middleware] Session query result: {
[2m[WebServer] [22m  sessionsFound: 1,
[2m[WebServer] [22m  hasError: false,
[2m[WebServer] [22m  errorMessage: undefined,
[2m[WebServer] [22m  tokenPrefix: '3f8c4264'
[2m[WebServer] [22m}
[Worker 2] Created test guest: {
  email: [32m'test-w2-1770451230708-cu2cynaw@example.com'[39m,
  id: [32m'62083350-55ef-4da6-b099-8601fcd1dd8d'[39m,
  authMethod: [32m'email_matching'[39m,
  groupId: [32m'd4c33fb8-9497-46d6-a5ea-1646ace79624'[39m
}
[2m[WebServer] [22m[GuestDashboard] Session check: { hasToken: [33mtrue[39m, tokenPrefix: [32m'a40f2e9d'[39m }
[2m[WebServer] [22m[GuestDashboard] Session check: { hasToken: [33mtrue[39m, tokenPrefix: [32m'3f8c4264'[39m }
[2m[WebServer] [22m GET /api/guest/events [32m200[39m in 3.2s[2m (compile: 1485ms, proxy.ts: 402ms, render: 1291ms)[22m
[Worker 2] ✅ Verified guest exists: {
  email: [32m'test-w2-1770451230708-cu2cynaw@example.com'[39m,
  authMethod: [32m'email_matching'[39m
}
[2m[WebServer] [22m[GuestDashboard] Session query result: {
[2m[WebServer] [22m  found: [33mtrue[39m,
[2m[WebServer] [22m  error: [90mundefined[39m,
[2m[WebServer] [22m  guestId: [32m'7e00b290-7155-4394-a0d9-888baaeb8306'[39m
[2m[WebServer] [22m}
[2m[WebServer] [22m[GuestDashboard] Session query result: {
[2m[WebServer] [22m  found: [33mtrue[39m,
[2m[WebServer] [22m  error: [90mundefined[39m,
[2m[WebServer] [22m  guestId: [32m'430d069d-2722-4c6b-8cea-75c28d20046a'[39m
[2m[WebServer] [22m}
[2m[WebServer] [22m GET /api/guest/events [32m200[39m in 3.2s[2m (compile: 1630ms, proxy.ts: 231ms, render: 1387ms)[22m
  ✓   2 [chromium] › __tests__/e2e/auth/guestAuth.spec.ts:212:7 › Guest Authentication › should show error for non-existent email (9.7s)
[2m[WebServer] [22m[GuestDashboard] Guest query result: {
[2m[WebServer] [22m  found: [33mtrue[39m,
[2m[WebServer] [22m  error: [90mundefined[39m,
[2m[WebServer] [22m  email: [32m'test-w0-1770451221594-3rkwbray@example.com'[39m
[2m[WebServer] [22m}
[2m[WebServer] [22m[GuestDashboard] Rendering dashboard for guest: test-w0-1770451221594-3rkwbray@example.com
[2m[WebServer] [22m[GuestDashboard] Guest query result: {
[2m[WebServer] [22m  found: [33mtrue[39m,
[2m[WebServer] [22m  error: [90mundefined[39m,
[2m[WebServer] [22m  email: [32m'test-w3-1770451221598-amq4nivo@example.com'[39m
[2m[WebServer] [22m}
[2m[WebServer] [22m[GuestDashboard] Rendering dashboard for guest: test-w3-1770451221598-amq4nivo@example.com
[2m[WebServer] [22m GET /guest/dashboard [32m200[39m in 921ms[2m (compile: 9ms, proxy.ts: 470ms, render: 441ms)[22m
[2m[WebServer] [22m GET /guest/dashboard [32m200[39m in 927ms[2m (compile: 9ms, proxy.ts: 471ms, render: 447ms)[22m
[Worker 1] Created test guest: {
  email: [32m'test-w1-1770451231416-t9ncpprx@example.com'[39m,
  id: [32m'bd74f1da-391f-452b-81e1-19065be0dc82'[39m,
  authMethod: [32m'email_matching'[39m,
  groupId: [32m'608790c9-dd7a-43ed-9d46-d1679ea274e7'[39m
}
[Worker 1] ✅ Verified guest exists: {
  email: [32m'test-w1-1770451231416-t9ncpprx@example.com'[39m,
  authMethod: [32m'email_matching'[39m
}
[Browser info] %cDownload the React DevTools for a better development experience: https://react.dev/link/react-devtools font-weight:bold
[Browser log] %c%s%c [GuestDashboard] Session check: background: #e6e6e6;background: light-dark(rgba(0,0,0,0.1), rgba(255,255,255,0.25));color: #000000;color: light-dark(#000000, #ffffff);border-radius: 2px  Server   {hasToken: true, tokenPrefix: a40f2e9d}
[Browser log] %c%s%c [GuestDashboard] Session query result: background: #e6e6e6;background: light-dark(rgba(0,0,0,0.1), rgba(255,255,255,0.25));color: #000000;color: light-dark(#000000, #ffffff);border-radius: 2px  Server   {found: true, guestId: 7e00b290-7155-4394-a0d9-888baaeb8306}
[Browser log] %c%s%c [GuestDashboard] Guest query result: background: #e6e6e6;background: light-dark(rgba(0,0,0,0.1), rgba(255,255,255,0.25));color: #000000;color: light-dark(#000000, #ffffff);border-radius: 2px  Server   {found: true, email: test-w0-1770451221594-3rkwbray@example.com}
[Browser log] %c%s%c [GuestDashboard] Rendering dashboard for guest: background: #e6e6e6;background: light-dark(rgba(0,0,0,0.1), rgba(255,255,255,0.25));color: #000000;color: light-dark(#000000, #ffffff);border-radius: 2px  Server   test-w0-1770451221594-3rkwbray@example.com
[Browser log] [HMR] connected
[2m[WebServer] [22m[Middleware] Guest auth check: {
[2m[WebServer] [22m  path: '/api/guest/events',
[2m[WebServer] [22m  hasCookie: true,
[2m[WebServer] [22m  cookieValue: 'a40f2e9d...',
[2m[WebServer] [22m  allCookies: [ 'guest_session', '__next_hmr_refresh_hash__' ]
[2m[WebServer] [22m}
[2m[WebServer] [22m[Middleware] Guest auth check: {
[2m[WebServer] [22m  path: '/api/guest/events',
[2m[WebServer] [22m  hasCookie: true,
[2m[WebServer] [22m  cookieValue: '3f8c4264...',
[2m[WebServer] [22m  allCookies: [ 'guest_session', '__next_hmr_refresh_hash__' ]
[2m[WebServer] [22m}
[2m[WebServer] [22m[Middleware] Guest auth check: {
[2m[WebServer] [22m  path: '/api/guest/rsvps',
[2m[WebServer] [22m  hasCookie: true,
[2m[WebServer] [22m  cookieValue: '3f8c4264...',
[2m[WebServer] [22m  allCookies: [ 'guest_session', '__next_hmr_refresh_hash__' ]
[2m[WebServer] [22m}
[2m[WebServer] [22m[Middleware] Guest auth check: {
[2m[WebServer] [22m  path: '/api/guest/wedding-info',
[2m[WebServer] [22m  hasCookie: true,
[2m[WebServer] [22m  cookieValue: '3f8c4264...',
[2m[WebServer] [22m  allCookies: [ 'guest_session', '__next_hmr_refresh_hash__' ]
[2m[WebServer] [22m}
[2m[WebServer] [22m[Middleware] Guest auth check: {
[2m[WebServer] [22m  path: '/api/guest/rsvps',
[2m[WebServer] [22m  hasCookie: true,
[2m[WebServer] [22m  cookieValue: 'a40f2e9d...',
[2m[WebServer] [22m  allCookies: [ 'guest_session', '__next_hmr_refresh_hash__' ]
[2m[WebServer] [22m}
[2m[WebServer] [22m[Middleware] Guest auth check: {
[2m[WebServer] [22m  path: '/api/guest/announcements',
[2m[WebServer] [22m  hasCookie: true,
[2m[WebServer] [22m  cookieValue: '3f8c4264...',
[2m[WebServer] [22m  allCookies: [ 'guest_session', '__next_hmr_refresh_hash__' ]
[2m[WebServer] [22m}
[2m[WebServer] [22m[Middleware] Guest auth check: {
[2m[WebServer] [22m  path: '/api/guest/wedding-info',
[2m[WebServer] [22m  hasCookie: true,
[2m[WebServer] [22m  cookieValue: 'a40f2e9d...',
[2m[WebServer] [22m  allCookies: [ 'guest_session', '__next_hmr_refresh_hash__' ]
[2m[WebServer] [22m}
[2m[WebServer] [22m[Middleware] Guest auth check: {
[2m[WebServer] [22m  path: '/api/guest/announcements',
[2m[WebServer] [22m  hasCookie: true,
[2m[WebServer] [22m  cookieValue: 'a40f2e9d...',
[2m[WebServer] [22m  allCookies: [ 'guest_session', '__next_hmr_refresh_hash__' ]
[2m[WebServer] [22m}
[2m[WebServer] [22m GET /auth/guest-login [32m200[39m in 50ms[2m (compile: 8ms, proxy.ts: 16ms, render: 27ms)[22m
[2m[WebServer] [22m[Middleware] Session query result: {
[2m[WebServer] [22m  sessionsFound: 1,
[2m[WebServer] [22m  hasError: false,
[2m[WebServer] [22m  errorMessage: undefined,
[2m[WebServer] [22m  tokenPrefix: '3f8c4264'
[2m[WebServer] [22m}
[2m[WebServer] [22m[Middleware] Session query result: {
[2m[WebServer] [22m  sessionsFound: 1,
[2m[WebServer] [22m  hasError: false,
[2m[WebServer] [22m  errorMessage: undefined,
[2m[WebServer] [22m  tokenPrefix: '3f8c4264'
[2m[WebServer] [22m}
[2m[WebServer] [22m[Middleware] Session query result: {
[2m[WebServer] [22m  sessionsFound: 1,
[2m[WebServer] [22m  hasError: false,
[2m[WebServer] [22m  errorMessage: undefined,
[2m[WebServer] [22m  tokenPrefix: 'a40f2e9d'
[2m[WebServer] [22m}
[2m[WebServer] [22m[Middleware] Session query result: {
[2m[WebServer] [22m  sessionsFound: 1,
[2m[WebServer] [22m  hasError: false,
[2m[WebServer] [22m  errorMessage: undefined,
[2m[WebServer] [22m  tokenPrefix: 'a40f2e9d'
[2m[WebServer] [22m}
[2m[WebServer] [22m[Middleware] Session query result: {
[2m[WebServer] [22m  sessionsFound: 1,
[2m[WebServer] [22m  hasError: false,
[2m[WebServer] [22m  errorMessage: undefined,
[2m[WebServer] [22m  tokenPrefix: '3f8c4264'
[2m[WebServer] [22m}
[2m[WebServer] [22m[Middleware] Session query result: {
[2m[WebServer] [22m  sessionsFound: 1,
[2m[WebServer] [22m  hasError: false,
[2m[WebServer] [22m  errorMessage: undefined,
[2m[WebServer] [22m  tokenPrefix: '3f8c4264'
[2m[WebServer] [22m}
[2m[WebServer] [22m[Middleware] Session query result: {
[2m[WebServer] [22m  sessionsFound: 1,
[2m[WebServer] [22m  hasError: false,
[2m[WebServer] [22m  errorMessage: undefined,
[2m[WebServer] [22m  tokenPrefix: 'a40f2e9d'
[2m[WebServer] [22m}
[2m[WebServer] [22m[Middleware] Session query result: {
[2m[WebServer] [22m  sessionsFound: 1,
[2m[WebServer] [22m  hasError: false,
[2m[WebServer] [22m  errorMessage: undefined,
[2m[WebServer] [22m  tokenPrefix: 'a40f2e9d'
[2m[WebServer] [22m}
[2m[WebServer] [22m GET /auth/guest-login [32m200[39m in 60ms[2m (compile: 2ms, proxy.ts: 14ms, render: 44ms)[22m
[2m[WebServer] [22m GET /api/guest/wedding-info [32m200[39m in 570ms[2m (compile: 3ms, proxy.ts: 155ms, render: 412ms)[22m
[2m[WebServer] [22m GET /api/guest/rsvps [32m200[39m in 600ms[2m (compile: 13ms, proxy.ts: 157ms, render: 429ms)[22m
[2m[WebServer] [22m GET /api/guest/rsvps [32m200[39m in 639ms[2m (compile: 15ms, proxy.ts: 167ms, render: 457ms)[22m
[2m[WebServer] [22m GET /api/guest/wedding-info [32m200[39m in 642ms[2m (compile: 24ms, proxy.ts: 173ms, render: 445ms)[22m
[2m[WebServer] [22m GET /api/guest/announcements [32m200[39m in 644ms[2m (compile: 7ms, proxy.ts: 169ms, render: 467ms)[22m
[2m[WebServer] [22m GET /api/guest/announcements [32m200[39m in 647ms[2m (compile: 10ms, proxy.ts: 166ms, render: 471ms)[22m
[2m[WebServer] [22m GET /api/guest/events [32m200[39m in 815ms[2m (compile: 9ms, proxy.ts: 175ms, render: 631ms)[22m
[2m[WebServer] [22m[Magic Link Request] Processing request for email: test-w2-1770451230708-cu2cynaw@example.com
[2m[WebServer] [22m[Magic Link Request] Looking for guest by email...
[2m[WebServer] [22m GET /api/guest/events [32m200[39m in 950ms[2m (compile: 16ms, proxy.ts: 168ms, render: 766ms)[22m
[2m[WebServer] [22m[Magic Link Request] Guest query result: {
[2m[WebServer] [22m  found: [33mtrue[39m,
[2m[WebServer] [22m  guestId: [32m'62083350-55ef-4da6-b099-8601fcd1dd8d'[39m,
[2m[WebServer] [22m  authMethod: [32m'magic_link'[39m,
[2m[WebServer] [22m  error: [90mundefined[39m
[2m[WebServer] [22m}
  ✓   3 [chromium] › __tests__/e2e/auth/guestAuth.spec.ts:266:7 › Guest Authentication › should create session cookie on successful authentication (11.4s)
[2m[WebServer] [22mMagic link for test-w2-1770451230708-cu2cynaw@example.com: http://localhost:3000/auth/guest-login/verify?token=23808af6c21fbb5d97748092d2584d57b30e266ffd2c732debce1a8b05ad68f2
[2m[WebServer] [22m POST /api/guest-auth/magic-link/request [32m200[39m in 292ms[2m (compile: 6ms, proxy.ts: 9ms, render: 277ms)[22m
[Worker 3] Created test guest: {
  email: [32m'test-w3-1770451233164-ji8ukxnw@example.com'[39m,
  id: [32m'bc3a3130-fecb-49a3-a21e-727caef8e240'[39m,
  authMethod: [32m'email_matching'[39m,
  groupId: [32m'376b6e42-c083-4a51-bf73-2a3e5d95284b'[39m
}
[Worker 3] ✅ Verified guest exists: {
  email: [32m'test-w3-1770451233164-ji8ukxnw@example.com'[39m,
  authMethod: [32m'email_matching'[39m
}
[Browser log] [Fast Refresh] rebuilding
[2m[WebServer] [22m[33m[1m⚠[22m[39m Fast Refresh had to perform a full reload. Read more: https://nextjs.org/docs/messages/fast-refresh-reload
[Browser log] [Fast Refresh] done in 354ms
[2m[WebServer] [22m GET /auth/guest-login/verify?token=c598ef1d471bc9ac4e8c36c0f6acac0274c374689e88983c80eaf2ce214bbb72 [32m200[39m in 294ms[2m (compile: 75ms, proxy.ts: 101ms, render: 118ms)[22m
[2m[WebServer] [22m GET /auth/guest-login/verify?token=23808af6c21fbb5d97748092d2584d57b30e266ffd2c732debce1a8b05ad68f2 [32m200[39m in 748ms[2m (compile: 620ms, proxy.ts: 9ms, render: 119ms)[22m
[2m[WebServer] [22m[Magic Link Request] Processing request for email: test-w1-1770451231416-t9ncpprx@example.com
[2m[WebServer] [22m[Magic Link Request] Looking for guest by email...
[2m[WebServer] [22m[Magic Link Request] Guest query result: {
[2m[WebServer] [22m  found: [33mtrue[39m,
[2m[WebServer] [22m  guestId: [32m'bd74f1da-391f-452b-81e1-19065be0dc82'[39m,
[2m[WebServer] [22m  authMethod: [32m'magic_link'[39m,
[2m[WebServer] [22m  error: [90mundefined[39m
[2m[WebServer] [22m}
[2m[WebServer] [22m[Middleware] Guest auth check: {
[2m[WebServer] [22m  path: '/guest/dashboard',
[2m[WebServer] [22m  hasCookie: true,
[2m[WebServer] [22m  cookieValue: 'a40f2e9d...',
[2m[WebServer] [22m  allCookies: [ 'guest_session', '__next_hmr_refresh_hash__' ]
[2m[WebServer] [22m}
[2m[WebServer] [22mMagic link for test-w1-1770451231416-t9ncpprx@example.com: http://localhost:3000/auth/guest-login/verify?token=0574735105cb37b3b75c4d834a3250eef636089ff8db55a472e4533ea8947849
[2m[WebServer] [22m POST /api/guest-auth/magic-link/request [32m200[39m in 344ms[2m (compile: 28ms, proxy.ts: 8ms, render: 307ms)[22m
[2m[WebServer] [22m GET /auth/guest-login [32m200[39m in 143ms[2m (compile: 27ms, proxy.ts: 42ms, render: 74ms)[22m
[2m[WebServer] [22m[Middleware] Session query result: {
[2m[WebServer] [22m  sessionsFound: 1,
[2m[WebServer] [22m  hasError: false,
[2m[WebServer] [22m  errorMessage: undefined,
[2m[WebServer] [22m  tokenPrefix: 'a40f2e9d'
[2m[WebServer] [22m}
[2m[WebServer] [22m[GuestDashboard] Session check: { hasToken: [33mtrue[39m, tokenPrefix: [32m'a40f2e9d'[39m }
[2m[WebServer] [22m POST /api/guest-auth/magic-link/verify [34m307[39m in 225ms[2m (compile: 16ms, proxy.ts: 62ms, render: 146ms)[22m
[2m[WebServer] [22m POST /auth/guest-login/verify?error=INVALID_TOKEN&message=Invalid+or+expired+magic+link [32m200[39m in 40ms[2m (compile: 1697µs, proxy.ts: 6ms, render: 33ms)[22m
[2m[WebServer] [22m[GuestDashboard] Session query result: {
[2m[WebServer] [22m  found: [33mtrue[39m,
[2m[WebServer] [22m  error: [90mundefined[39m,
[2m[WebServer] [22m  guestId: [32m'7e00b290-7155-4394-a0d9-888baaeb8306'[39m
[2m[WebServer] [22m}
[2m[WebServer] [22m[GuestDashboard] Guest query result: {
[2m[WebServer] [22m  found: [33mtrue[39m,
[2m[WebServer] [22m  error: [90mundefined[39m,
[2m[WebServer] [22m  email: [32m'test-w0-1770451221594-3rkwbray@example.com'[39m
[2m[WebServer] [22m}
[2m[WebServer] [22m[GuestDashboard] Rendering dashboard for guest: test-w0-1770451221594-3rkwbray@example.com
[2m[WebServer] [22m GET /guest/dashboard [32m200[39m in 541ms[2m (compile: 9ms, proxy.ts: 182ms, render: 349ms)[22m
[2m[WebServer] [22m POST /api/guest-auth/magic-link/verify [34m307[39m in 792ms[2m (compile: 16ms, proxy.ts: 62ms, render: 713ms)[22m
[2m[WebServer] [22m[Middleware] Guest auth check: {
[2m[WebServer] [22m  path: '/guest/dashboard',
[2m[WebServer] [22m  hasCookie: true,
[2m[WebServer] [22m  cookieValue: 'fd62057c...',
[2m[WebServer] [22m  allCookies: [ 'guest_session' ]
[2m[WebServer] [22m}
[2m[WebServer] [22m[Middleware] Session query result: {
[2m[WebServer] [22m  sessionsFound: 1,
[2m[WebServer] [22m  hasError: false,
[2m[WebServer] [22m  errorMessage: undefined,
[2m[WebServer] [22m  tokenPrefix: 'fd62057c'
[2m[WebServer] [22m}
[2m[WebServer] [22m[GuestDashboard] Session check: { hasToken: [33mtrue[39m, tokenPrefix: [32m'fd62057c'[39m }
[Browser info] %cDownload the React DevTools for a better development experience: https://react.dev/link/react-devtools font-weight:bold
[Browser log] %c%s%c [GuestDashboard] Session check: background: #e6e6e6;background: light-dark(rgba(0,0,0,0.1), rgba(255,255,255,0.25));color: #000000;color: light-dark(#000000, #ffffff);border-radius: 2px  Server   {hasToken: true, tokenPrefix: a40f2e9d}
[Browser log] %c%s%c [GuestDashboard] Session query result: background: #e6e6e6;background: light-dark(rgba(0,0,0,0.1), rgba(255,255,255,0.25));color: #000000;color: light-dark(#000000, #ffffff);border-radius: 2px  Server   {found: true, guestId: 7e00b290-7155-4394-a0d9-888baaeb8306}
[Browser log] %c%s%c [GuestDashboard] Guest query result: background: #e6e6e6;background: light-dark(rgba(0,0,0,0.1), rgba(255,255,255,0.25));color: #000000;color: light-dark(#000000, #ffffff);border-radius: 2px  Server   {found: true, email: test-w0-1770451221594-3rkwbray@example.com}
[Browser log] %c%s%c [GuestDashboard] Rendering dashboard for guest: background: #e6e6e6;background: light-dark(rgba(0,0,0,0.1), rgba(255,255,255,0.25));color: #000000;color: light-dark(#000000, #ffffff);border-radius: 2px  Server   test-w0-1770451221594-3rkwbray@example.com
[Browser log] [HMR] connected
[2m[WebServer] [22m[GuestDashboard] Session query result: {
[2m[WebServer] [22m  found: [33mtrue[39m,
[2m[WebServer] [22m  error: [90mundefined[39m,
[2m[WebServer] [22m  guestId: [32m'62083350-55ef-4da6-b099-8601fcd1dd8d'[39m
[2m[WebServer] [22m}
[2m[WebServer] [22m[Middleware] Guest auth check: {
[2m[WebServer] [22m  path: '/api/guest/wedding-info',
[2m[WebServer] [22m  hasCookie: true,
[2m[WebServer] [22m  cookieValue: 'a40f2e9d...',
[2m[WebServer] [22m  allCookies: [ 'guest_session', '__next_hmr_refresh_hash__' ]
[2m[WebServer] [22m}
[2m[WebServer] [22m[Middleware] Guest auth check: {
[2m[WebServer] [22m  path: '/api/guest/events',
[2m[WebServer] [22m  hasCookie: true,
[2m[WebServer] [22m  cookieValue: 'a40f2e9d...',
[2m[WebServer] [22m  allCookies: [ 'guest_session', '__next_hmr_refresh_hash__' ]
[2m[WebServer] [22m}
[2m[WebServer] [22m[Middleware] Guest auth check: {
[2m[WebServer] [22m  path: '/api/guest/rsvps',
[2m[WebServer] [22m  hasCookie: true,
[2m[WebServer] [22m  cookieValue: 'a40f2e9d...',
[2m[WebServer] [22m  allCookies: [ 'guest_session', '__next_hmr_refresh_hash__' ]
[2m[WebServer] [22m}
[2m[WebServer] [22m[Middleware] Guest auth check: {
[2m[WebServer] [22m  path: '/api/guest/announcements',
[2m[WebServer] [22m  hasCookie: true,
[2m[WebServer] [22m  cookieValue: 'a40f2e9d...',
[2m[WebServer] [22m  allCookies: [ 'guest_session', '__next_hmr_refresh_hash__' ]
[2m[WebServer] [22m}
[2m[WebServer] [22m[GuestDashboard] Guest query result: {
[2m[WebServer] [22m  found: [33mtrue[39m,
[2m[WebServer] [22m  error: [90mundefined[39m,
[2m[WebServer] [22m  email: [32m'test-w2-1770451230708-cu2cynaw@example.com'[39m
[2m[WebServer] [22m}
[2m[WebServer] [22m[GuestDashboard] Rendering dashboard for guest: test-w2-1770451230708-cu2cynaw@example.com
[2m[WebServer] [22m POST /guest/dashboard [32m200[39m in 514ms[2m (compile: 9ms, proxy.ts: 158ms, render: 347ms)[22m
[2m[WebServer] [22m[Middleware] Session query result: {
[2m[WebServer] [22m  sessionsFound: 1,
[2m[WebServer] [22m  hasError: false,
[2m[WebServer] [22m  errorMessage: undefined,
[2m[WebServer] [22m  tokenPrefix: 'a40f2e9d'
[2m[WebServer] [22m}
[2m[WebServer] [22m[Middleware] Session query result: {
[2m[WebServer] [22m  sessionsFound: 1,
[2m[WebServer] [22m  hasError: false,
[2m[WebServer] [22m  errorMessage: undefined,
[2m[WebServer] [22m  tokenPrefix: 'a40f2e9d'
[2m[WebServer] [22m}
[2m[WebServer] [22m[Middleware] Session query result: {
[2m[WebServer] [22m  sessionsFound: 1,
[2m[WebServer] [22m  hasError: false,
[2m[WebServer] [22m  errorMessage: undefined,
[2m[WebServer] [22m  tokenPrefix: 'a40f2e9d'
[2m[WebServer] [22m}
[2m[WebServer] [22m[Middleware] Session query result: {
[2m[WebServer] [22m  sessionsFound: 1,
[2m[WebServer] [22m  hasError: false,
[2m[WebServer] [22m  errorMessage: undefined,
[2m[WebServer] [22m  tokenPrefix: 'a40f2e9d'
[2m[WebServer] [22m}
[2m[WebServer] [22m GET /api/guest/rsvps [32m200[39m in 616ms[2m (compile: 31ms, proxy.ts: 171ms, render: 414ms)[22m
[2m[WebServer] [22m GET /api/guest/announcements [32m200[39m in 648ms[2m (compile: 29ms, proxy.ts: 185ms, render: 434ms)[22m
[2m[WebServer] [22m GET /api/guest/wedding-info [32m200[39m in 651ms[2m (compile: 33ms, proxy.ts: 188ms, render: 430ms)[22m
[2m[WebServer] [22m[Middleware] Guest auth check: {
[2m[WebServer] [22m  path: '/api/guest/events',
[2m[WebServer] [22m  hasCookie: true,
[2m[WebServer] [22m  cookieValue: 'fd62057c...',
[2m[WebServer] [22m  allCookies: [ 'guest_session' ]
[2m[WebServer] [22m}
[2m[WebServer] [22m[Middleware] Guest auth check: {
[2m[WebServer] [22m  path: '/api/guest/rsvps',
[2m[WebServer] [22m  hasCookie: true,
[2m[WebServer] [22m  cookieValue: 'fd62057c...',
[2m[WebServer] [22m  allCookies: [ 'guest_session' ]
[2m[WebServer] [22m}
[2m[WebServer] [22m[Middleware] Guest auth check: {
[2m[WebServer] [22m  path: '/api/guest/announcements',
[2m[WebServer] [22m  hasCookie: true,
[2m[WebServer] [22m  cookieValue: 'fd62057c...',
[2m[WebServer] [22m  allCookies: [ 'guest_session' ]
[2m[WebServer] [22m}
[2m[WebServer] [22m[Middleware] Guest auth check: {
[2m[WebServer] [22m  path: '/api/guest/wedding-info',
[2m[WebServer] [22m  hasCookie: true,
[2m[WebServer] [22m  cookieValue: 'fd62057c...',
[2m[WebServer] [22m  allCookies: [ 'guest_session' ]
[2m[WebServer] [22m}
[2m[WebServer] [22m GET /api/guest/events [32m200[39m in 752ms[2m (compile: 27ms, proxy.ts: 181ms, render: 544ms)[22m
[2m[WebServer] [22m[Middleware] Session query result: {
[2m[WebServer] [22m  sessionsFound: 1,
[2m[WebServer] [22m  hasError: false,
[2m[WebServer] [22m  errorMessage: undefined,
[2m[WebServer] [22m  tokenPrefix: 'fd62057c'
[2m[WebServer] [22m}
[2m[WebServer] [22m[Middleware] Session query result: {
[2m[WebServer] [22m  sessionsFound: 1,
[2m[WebServer] [22m  hasError: false,
[2m[WebServer] [22m  errorMessage: undefined,
[2m[WebServer] [22m  tokenPrefix: 'fd62057c'
[2m[WebServer] [22m}
[2m[WebServer] [22m[Middleware] Session query result: {
[2m[WebServer] [22m  sessionsFound: 1,
[2m[WebServer] [22m  hasError: false,
[2m[WebServer] [22m  errorMessage: undefined,
[2m[WebServer] [22m  tokenPrefix: 'fd62057c'
[2m[WebServer] [22m}
[2m[WebServer] [22m[Middleware] Session query result: {
[2m[WebServer] [22m  sessionsFound: 1,
[2m[WebServer] [22m  hasError: false,
[2m[WebServer] [22m  errorMessage: undefined,
[2m[WebServer] [22m  tokenPrefix: 'fd62057c'
[2m[WebServer] [22m}
[2m[WebServer] [22m GET /api/guest/wedding-info [32m200[39m in 556ms[2m (compile: 1256µs, proxy.ts: 136ms, render: 418ms)[22m
[2m[WebServer] [22m GET /api/guest/rsvps [32m200[39m in 569ms[2m (compile: 5ms, proxy.ts: 148ms, render: 416ms)[22m
[2m[WebServer] [22m GET /api/guest/announcements [32m200[39m in 601ms[2m (compile: 3ms, proxy.ts: 146ms, render: 452ms)[22m
[2m[WebServer] [22m GET /api/guest/events [32m200[39m in 708ms[2m (compile: 4ms, proxy.ts: 146ms, render: 558ms)[22m
  ✓   4 [chromium] › __tests__/e2e/auth/guestAuth.spec.ts:162:7 › Guest Authentication › should successfully authenticate with email matching (17.6s)
[Worker 0] Created test guest: {
  email: [32m'test-w0-1770451239297-ud8phzel@example.com'[39m,
  id: [32m'8c64a2e4-2bf4-41cb-bc3a-51b698a3573b'[39m,
  authMethod: [32m'email_matching'[39m,
  groupId: [32m'ae1cbb65-55da-4f6c-911a-7067a62e520d'[39m
}
[Worker 0] ✅ Verified guest exists: {
  email: [32m'test-w0-1770451239297-ud8phzel@example.com'[39m,
  authMethod: [32m'email_matching'[39m
}
[2m[WebServer] [22m GET /auth/guest-login [32m200[39m in 50ms[2m (compile: 3ms, proxy.ts: 11ms, render: 36ms)[22m
[2m[WebServer] [22m[Magic Link Request] Processing request for email: test-w0-1770451239297-ud8phzel@example.com
[2m[WebServer] [22m[Magic Link Request] Looking for guest by email...
[2m[WebServer] [22m[Magic Link Request] Guest query result: {
[2m[WebServer] [22m  found: [33mtrue[39m,
[2m[WebServer] [22m  guestId: [32m'8c64a2e4-2bf4-41cb-bc3a-51b698a3573b'[39m,
[2m[WebServer] [22m  authMethod: [32m'magic_link'[39m,
[2m[WebServer] [22m  error: [90mundefined[39m
[2m[WebServer] [22m}
[2m[WebServer] [22mMagic link for test-w0-1770451239297-ud8phzel@example.com: http://localhost:3000/auth/guest-login/verify?token=ce2e8f073781fa481b82d55a6e722465e3e66c4c62403f1455fce558b22beede
[2m[WebServer] [22m POST /api/guest-auth/magic-link/request [32m200[39m in 267ms[2m (compile: 1302µs, proxy.ts: 5ms, render: 260ms)[22m
[2m[WebServer] [22m GET /auth/guest-login/verify?token=ce2e8f073781fa481b82d55a6e722465e3e66c4c62403f1455fce558b22beede [32m200[39m in 94ms[2m (compile: 20ms, proxy.ts: 21ms, render: 54ms)[22m
  ✓   8 [chromium] › __tests__/e2e/auth/guestAuth.spec.ts:416:7 › Guest Authentication › should show error for expired magic link (8.9s)
  ✓   6 [chromium] › __tests__/e2e/auth/guestAuth.spec.ts:292:7 › Guest Authentication › should successfully request and verify magic link (11.5s)
[Worker 3] Created test guest: {
  email: [32m'test-w3-1770451242131-o9o9k5m8@example.com'[39m,
  id: [32m'7934a0cb-f877-4372-a812-7fa5f25e384b'[39m,
  authMethod: [32m'email_matching'[39m,
  groupId: [32m'9ab80b3f-83cb-4a67-b8c6-0d0f3f585042'[39m
}
[Worker 2] Created test guest: {
  email: [32m'test-w2-1770451242194-18e93anu@example.com'[39m,
  id: [32m'2ef754de-d0d3-456f-bff2-98ea1f00d132'[39m,
  authMethod: [32m'email_matching'[39m,
  groupId: [32m'c583dad6-4381-46dd-b1db-ae5996c6c1fa'[39m
}
[Worker 3] ✅ Verified guest exists: {
  email: [32m'test-w3-1770451242131-o9o9k5m8@example.com'[39m,
  authMethod: [32m'email_matching'[39m
}
[Worker 2] ✅ Verified guest exists: {
  email: [32m'test-w2-1770451242194-18e93anu@example.com'[39m,
  authMethod: [32m'email_matching'[39m
}
[2m[WebServer] [22m GET /auth/guest-login/verify?token=invalid-token [32m200[39m in 89ms[2m (compile: 3ms, proxy.ts: 14ms, render: 72ms)[22m
[2m[WebServer] [22m GET /auth/guest-login [32m200[39m in 108ms[2m (compile: 6ms, proxy.ts: 34ms, render: 67ms)[22m
[2m[WebServer] [22m POST /api/guest-auth/magic-link/verify [34m307[39m in 718ms[2m (compile: 1541µs, proxy.ts: 6ms, render: 710ms)[22m
[2m[WebServer] [22m[Middleware] Guest auth check: {
[2m[WebServer] [22m  path: '/guest/dashboard',
[2m[WebServer] [22m  hasCookie: true,
[2m[WebServer] [22m  cookieValue: '6664b46c...',
[2m[WebServer] [22m  allCookies: [ 'guest_session' ]
[2m[WebServer] [22m}
[2m[WebServer] [22m[Middleware] Session query result: {
[2m[WebServer] [22m  sessionsFound: 1,
[2m[WebServer] [22m  hasError: false,
[2m[WebServer] [22m  errorMessage: undefined,
[2m[WebServer] [22m  tokenPrefix: '6664b46c'
[2m[WebServer] [22m}
[2m[WebServer] [22m[GuestDashboard] Session check: { hasToken: [33mtrue[39m, tokenPrefix: [32m'6664b46c'[39m }
[2m[WebServer] [22m[GuestDashboard] Session query result: {
[2m[WebServer] [22m  found: [33mtrue[39m,
[2m[WebServer] [22m  error: [90mundefined[39m,
[2m[WebServer] [22m  guestId: [32m'8c64a2e4-2bf4-41cb-bc3a-51b698a3573b'[39m
[2m[WebServer] [22m}
[2m[WebServer] [22m GET /auth/guest-login/verify [32m200[39m in 61ms[2m (compile: 5ms, proxy.ts: 7ms, render: 50ms)[22m
[2m[WebServer] [22m[GuestDashboard] Guest query result: {
[2m[WebServer] [22m  found: [33mtrue[39m,
[2m[WebServer] [22m  error: [90mundefined[39m,
[2m[WebServer] [22m  email: [32m'test-w0-1770451239297-ud8phzel@example.com'[39m
[2m[WebServer] [22m}
[2m[WebServer] [22m[GuestDashboard] Rendering dashboard for guest: test-w0-1770451239297-ud8phzel@example.com
[2m[WebServer] [22m[API] Looking for guest with email: test-w2-1770451242194-18e93anu@example.com
[2m[WebServer] [22m POST /guest/dashboard [32m200[39m in 620ms[2m (compile: 2ms, proxy.ts: 135ms, render: 482ms)[22m
[2m[WebServer] [22m[API] Guest query result: {
[2m[WebServer] [22m  found: [33mtrue[39m,
[2m[WebServer] [22m  email: [32m'test-w2-1770451242194-18e93anu@example.com'[39m,
[2m[WebServer] [22m  authMethod: [32m'email_matching'[39m,
[2m[WebServer] [22m  error: [90mundefined[39m
[2m[WebServer] [22m}
[2m[WebServer] [22m[API] Setting guest session cookie: {
[2m[WebServer] [22m  tokenPrefix: [32m'0d1cab43'[39m,
[2m[WebServer] [22m  cookieOptions: {
[2m[WebServer] [22m    httpOnly: [33mtrue[39m,
[2m[WebServer] [22m    secure: [33mfalse[39m,
[2m[WebServer] [22m    sameSite: [32m'lax'[39m,
[2m[WebServer] [22m    maxAge: [33m86400[39m,
[2m[WebServer] [22m    path: [32m'/'[39m
[2m[WebServer] [22m  },
[2m[WebServer] [22m  guestId: [32m'2ef754de-d0d3-456f-bff2-98ea1f00d132'[39m,
[2m[WebServer] [22m  sessionId: [32m'fecee7fc-51d2-485b-82ab-c6c581425fed'[39m
[2m[WebServer] [22m}
[2m[WebServer] [22m POST /api/guest-auth/email-match [32m200[39m in 338ms[2m (compile: 20ms, proxy.ts: 25ms, render: 293ms)[22m
[2m[WebServer] [22m[Middleware] Guest auth check: {
[2m[WebServer] [22m  path: '/api/guest/events',
[2m[WebServer] [22m  hasCookie: true,
[2m[WebServer] [22m  cookieValue: '6664b46c...',
[2m[WebServer] [22m  allCookies: [ 'guest_session' ]
[2m[WebServer] [22m}
[2m[WebServer] [22m[Middleware] Guest auth check: {
[2m[WebServer] [22m  path: '/api/guest/rsvps',
[2m[WebServer] [22m  hasCookie: true,
[2m[WebServer] [22m  cookieValue: '6664b46c...',
[2m[WebServer] [22m  allCookies: [ 'guest_session' ]
[2m[WebServer] [22m}
[2m[WebServer] [22m[Middleware] Guest auth check: {
[2m[WebServer] [22m  path: '/api/guest/wedding-info',
[2m[WebServer] [22m  hasCookie: true,
[2m[WebServer] [22m  cookieValue: '6664b46c...',
[2m[WebServer] [22m  allCookies: [ 'guest_session' ]
[2m[WebServer] [22m}
[2m[WebServer] [22m[Middleware] Guest auth check: {
[2m[WebServer] [22m  path: '/api/guest/announcements',
[2m[WebServer] [22m  hasCookie: true,
[2m[WebServer] [22m  cookieValue: '6664b46c...',
[2m[WebServer] [22m  allCookies: [ 'guest_session' ]
[2m[WebServer] [22m}
[2m[WebServer] [22m GET /auth/guest-login/verify?token=4051065e02f3af2fb860da3e510e8f9d27d343b284d2125328ae4baded772265 [32m200[39m in 85ms[2m (compile: 4ms, proxy.ts: 9ms, render: 72ms)[22m
[2m[WebServer] [22m GET /auth/guest-login/verify?token=ce2e8f073781fa481b82d55a6e722465e3e66c4c62403f1455fce558b22beede [32m200[39m in 120ms[2m (compile: 26ms, proxy.ts: 52ms, render: 42ms)[22m
[2m[WebServer] [22m[Middleware] Session query result: {
[2m[WebServer] [22m  sessionsFound: 1,
[2m[WebServer] [22m  hasError: false,
[2m[WebServer] [22m  errorMessage: undefined,
[2m[WebServer] [22m  tokenPrefix: '6664b46c'
[2m[WebServer] [22m}
[2m[WebServer] [22m[Middleware] Session query result: {
[2m[WebServer] [22m  sessionsFound: 1,
[2m[WebServer] [22m  hasError: false,
[2m[WebServer] [22m  errorMessage: undefined,
[2m[WebServer] [22m  tokenPrefix: '6664b46c'
[2m[WebServer] [22m}
[2m[WebServer] [22m[Middleware] Session query result: {
[2m[WebServer] [22m  sessionsFound: 1,
[2m[WebServer] [22m  hasError: false,
[2m[WebServer] [22m  errorMessage: undefined,
[2m[WebServer] [22m  tokenPrefix: '6664b46c'
[2m[WebServer] [22m}
[2m[WebServer] [22m[Middleware] Session query result: {
[2m[WebServer] [22m  sessionsFound: 1,
[2m[WebServer] [22m  hasError: false,
[2m[WebServer] [22m  errorMessage: undefined,
[2m[WebServer] [22m  tokenPrefix: '6664b46c'
[2m[WebServer] [22m}
[2m[WebServer] [22m[Middleware] Guest auth check: {
[2m[WebServer] [22m  path: '/guest/dashboard',
[2m[WebServer] [22m  hasCookie: true,
[2m[WebServer] [22m  cookieValue: '0d1cab43...',
[2m[WebServer] [22m  allCookies: [ 'guest_session' ]
[2m[WebServer] [22m}
[2m[WebServer] [22m[Middleware] Session query result: {
[2m[WebServer] [22m  sessionsFound: 1,
[2m[WebServer] [22m  hasError: false,
[2m[WebServer] [22m  errorMessage: undefined,
[2m[WebServer] [22m  tokenPrefix: '0d1cab43'
[2m[WebServer] [22m}
[2m[WebServer] [22m[GuestDashboard] Session check: { hasToken: [33mtrue[39m, tokenPrefix: [32m'0d1cab43'[39m }
[2m[WebServer] [22m[GuestDashboard] Session query result: {
[2m[WebServer] [22m  found: [33mtrue[39m,
[2m[WebServer] [22m  error: [90mundefined[39m,
[2m[WebServer] [22m  guestId: [32m'2ef754de-d0d3-456f-bff2-98ea1f00d132'[39m
[2m[WebServer] [22m}
[2m[WebServer] [22m POST /api/guest-auth/magic-link/verify [34m307[39m in 193ms[2m (compile: 3ms, proxy.ts: 37ms, render: 153ms)[22m
[2m[WebServer] [22m POST /auth/guest-login/verify?error=INVALID_TOKEN&message=Invalid+or+expired+magic+link [32m200[39m in 45ms[2m (compile: 1445µs, proxy.ts: 5ms, render: 39ms)[22m
[2m[WebServer] [22m[GuestDashboard] Guest query result: {
[2m[WebServer] [22m  found: [33mtrue[39m,
[2m[WebServer] [22m  error: [90mundefined[39m,
[2m[WebServer] [22m  email: [32m'test-w2-1770451242194-18e93anu@example.com'[39m
[2m[WebServer] [22m}
[2m[WebServer] [22m[GuestDashboard] Rendering dashboard for guest: test-w2-1770451242194-18e93anu@example.com
[2m[WebServer] [22m POST /api/guest-auth/magic-link/verify [34m307[39m in 321ms[2m (compile: 3ms, proxy.ts: 37ms, render: 281ms)[22m
[2m[WebServer] [22m POST /auth/guest-login/verify?error=TOKEN_USED&message=This+magic+link+has+already+been+used [32m200[39m in 46ms[2m (compile: 1847µs, proxy.ts: 7ms, render: 37ms)[22m
[2m[WebServer] [22m GET /guest/dashboard [32m200[39m in 654ms[2m (compile: 43ms, proxy.ts: 159ms, render: 452ms)[22m
[2m[WebServer] [22m[Middleware] Guest auth check: {
[2m[WebServer] [22m  path: '/api/guest/events',
[2m[WebServer] [22m  hasCookie: true,
[2m[WebServer] [22m  cookieValue: '0d1cab43...',
[2m[WebServer] [22m  allCookies: [ 'guest_session' ]
[2m[WebServer] [22m}
[2m[WebServer] [22m[Middleware] Guest auth check: {
[2m[WebServer] [22m  path: '/api/guest/wedding-info',
[2m[WebServer] [22m  hasCookie: true,
[2m[WebServer] [22m  cookieValue: '0d1cab43...',
[2m[WebServer] [22m  allCookies: [ 'guest_session' ]
[2m[WebServer] [22m}
[2m[WebServer] [22m[Middleware] Guest auth check: {
[2m[WebServer] [22m  path: '/api/guest/rsvps',
[2m[WebServer] [22m  hasCookie: true,
[2m[WebServer] [22m  cookieValue: '0d1cab43...',
[2m[WebServer] [22m  allCookies: [ 'guest_session' ]
[2m[WebServer] [22m}
[2m[WebServer] [22m[Middleware] Guest auth check: {
[2m[WebServer] [22m  path: '/api/guest/announcements',
[2m[WebServer] [22m  hasCookie: true,
[2m[WebServer] [22m  cookieValue: '0d1cab43...',
[2m[WebServer] [22m  allCookies: [ 'guest_session' ]
[2m[WebServer] [22m}
[2m[WebServer] [22m[Middleware] Session query result: {
[2m[WebServer] [22m  sessionsFound: 1,
[2m[WebServer] [22m  hasError: false,
[2m[WebServer] [22m  errorMessage: undefined,
[2m[WebServer] [22m  tokenPrefix: '0d1cab43'
[2m[WebServer] [22m}
[2m[WebServer] [22m[Middleware] Session query result: {
[2m[WebServer] [22m  sessionsFound: 1,
[2m[WebServer] [22m  hasError: false,
[2m[WebServer] [22m  errorMessage: undefined,
[2m[WebServer] [22m  tokenPrefix: '0d1cab43'
[2m[WebServer] [22m}
[2m[WebServer] [22m[Middleware] Session query result: {
[2m[WebServer] [22m  sessionsFound: 1,
[2m[WebServer] [22m  hasError: false,
[2m[WebServer] [22m  errorMessage: undefined,
[2m[WebServer] [22m  tokenPrefix: '0d1cab43'
[2m[WebServer] [22m}
[2m[WebServer] [22m[Middleware] Session query result: {
[2m[WebServer] [22m  sessionsFound: 1,
[2m[WebServer] [22m  hasError: false,
[2m[WebServer] [22m  errorMessage: undefined,
[2m[WebServer] [22m  tokenPrefix: '0d1cab43'
[2m[WebServer] [22m}
[2m[WebServer] [22m GET /api/guest/wedding-info [32m200[39m in 539ms[2m (compile: 2ms, proxy.ts: 139ms, render: 398ms)[22m
[2m[WebServer] [22m GET /api/guest/rsvps [32m200[39m in 553ms[2m (compile: 1661µs, proxy.ts: 149ms, render: 403ms)[22m
[2m[WebServer] [22m GET /api/guest/announcements [32m200[39m in 568ms[2m (compile: 3ms, proxy.ts: 149ms, render: 416ms)[22m
[2m[WebServer] [22m GET /api/guest/events [32m200[39m in 685ms[2m (compile: 4ms, proxy.ts: 140ms, render: 541ms)[22m
[2m[WebServer] [22m POST /api/guest-auth/logout [32m200[39m in 878ms[2m (compile: 383ms, proxy.ts: 6ms, render: 489ms)[22m
[2m[WebServer] [22m GET /auth/guest-login [32m200[39m in 108ms[2m (compile: 32ms, proxy.ts: 13ms, render: 63ms)[22m
[2m[WebServer] [22m[Middleware] Guest auth check: {
[2m[WebServer] [22m  path: '/guest/dashboard',
[2m[WebServer] [22m  hasCookie: false,
[2m[WebServer] [22m  cookieValue: 'none',
[2m[WebServer] [22m  allCookies: []
[2m[WebServer] [22m}
[2m[WebServer] [22m[Middleware] No guest session cookie found - redirecting to login
[2m[WebServer] [22m GET /auth/guest-login?returnTo=%2Fguest%2Fdashboard [32m200[39m in 66ms[2m (compile: 6ms, proxy.ts: 11ms, render: 49ms)[22m
[2m[WebServer] [22m GET /auth/guest-login/verify?error=TOKEN_USED&message=This+magic+link+has+already+been+used [32m200[39m in 184ms[2m (compile: 12ms, proxy.ts: 7ms, render: 165ms)[22m
[2m[WebServer] [22m GET /auth/guest-login/verify?error=INVALID_TOKEN&message=Invalid+or+expired+magic+link [32m200[39m in 186ms[2m (compile: 12ms, proxy.ts: 7ms, render: 167ms)[22m
[2m[WebServer] [22m GET /auth/guest-login [32m200[39m in 188ms[2m (compile: 54ms, proxy.ts: 7ms, render: 126ms)[22m
  ✘   7 [chromium] › __tests__/e2e/auth/guestAuth.spec.ts:362:7 › Guest Authentication › should show success message after requesting magic link (18.9s)
[dotenv@17.2.4] injecting env (0) from .env.e2e -- tip: 🔐 prevent building .env in docker: https://dotenvx.com/prebuild
[Worker 4] Created test guest: {
  email: [32m'test-w4-1770451251063-fp9e0t7y@example.com'[39m,
  id: [32m'2fe9d81f-2258-45c3-a93e-9ae8efae9fa5'[39m,
  authMethod: [32m'email_matching'[39m,
  groupId: [32m'07fb587e-64fd-4d93-bfd2-8a726d29752b'[39m
}
[Worker 4] ✅ Verified guest exists: {
  email: [32m'test-w4-1770451251063-fp9e0t7y@example.com'[39m,
  authMethod: [32m'email_matching'[39m
}
[2m[WebServer] [22m GET /auth/guest-login [32m200[39m in 40ms[2m (compile: 6ms, proxy.ts: 8ms, render: 27ms)[22m
  ✓  10 [chromium] › __tests__/e2e/auth/guestAuth.spec.ts:512:7 › Guest Authentication › should show error for invalid or missing token (10.0s)
  ✓   9 [chromium] › __tests__/e2e/auth/guestAuth.spec.ts:450:7 › Guest Authentication › should show error for already used magic link (13.0s)
[Worker 3] Created test guest: {
  email: [32m'test-w3-1770451252181-eah09scp@example.com'[39m,
  id: [32m'b22c1469-8204-44c5-91c6-08dd51b3bbf7'[39m,
  authMethod: [32m'email_matching'[39m,
  groupId: [32m'e6fa1caf-333f-43d8-bd5a-7938c5b5b260'[39m
}
[Worker 0] Created test guest: {
  email: [32m'test-w0-1770451252303-rrhil1dz@example.com'[39m,
  id: [32m'c1c35505-03d1-4811-a700-2855c3ebc4e7'[39m,
  authMethod: [32m'email_matching'[39m,
  groupId: [32m'a0f1a844-2683-4559-9cc1-9a045af09daf'[39m
}
[Worker 3] ✅ Verified guest exists: {
  email: [32m'test-w3-1770451252181-eah09scp@example.com'[39m,
  authMethod: [32m'email_matching'[39m
}
[Worker 0] ✅ Verified guest exists: {
  email: [32m'test-w0-1770451252303-rrhil1dz@example.com'[39m,
  authMethod: [32m'email_matching'[39m
}
[2m[WebServer] [22m GET /auth/guest-login [32m200[39m in 33ms[2m (compile: 1559µs, proxy.ts: 6ms, render: 25ms)[22m
[2m[WebServer] [22m[API] Looking for guest with email: test-w4-1770451251063-fp9e0t7y@example.com
[2m[WebServer] [22m GET /auth/guest-login [32m200[39m in 40ms[2m (compile: 3ms, proxy.ts: 6ms, render: 31ms)[22m
[2m[WebServer] [22m[API] Guest query result: {
[2m[WebServer] [22m  found: [33mtrue[39m,
[2m[WebServer] [22m  email: [32m'test-w4-1770451251063-fp9e0t7y@example.com'[39m,
[2m[WebServer] [22m  authMethod: [32m'email_matching'[39m,
[2m[WebServer] [22m  error: [90mundefined[39m
[2m[WebServer] [22m}
[2m[WebServer] [22m[API] Setting guest session cookie: {
[2m[WebServer] [22m  tokenPrefix: [32m'314cf611'[39m,
[2m[WebServer] [22m  cookieOptions: {
[2m[WebServer] [22m    httpOnly: [33mtrue[39m,
[2m[WebServer] [22m    secure: [33mfalse[39m,
[2m[WebServer] [22m    sameSite: [32m'lax'[39m,
[2m[WebServer] [22m    maxAge: [33m86400[39m,
[2m[WebServer] [22m    path: [32m'/'[39m
[2m[WebServer] [22m  },
[2m[WebServer] [22m  guestId: [32m'2fe9d81f-2258-45c3-a93e-9ae8efae9fa5'[39m,
[2m[WebServer] [22m  sessionId: [32m'114704b2-3121-4b3e-b05a-324c4beaf4ec'[39m
[2m[WebServer] [22m}
[2m[WebServer] [22m POST /api/guest-auth/email-match [32m200[39m in 375ms[2m (compile: 9ms, proxy.ts: 11ms, render: 356ms)[22m
[2m[WebServer] [22m[Middleware] Guest auth check: {
[2m[WebServer] [22m  path: '/guest/dashboard',
[2m[WebServer] [22m  hasCookie: true,
[2m[WebServer] [22m  cookieValue: '314cf611...',
[2m[WebServer] [22m  allCookies: [ 'guest_session' ]
[2m[WebServer] [22m}
[2m[WebServer] [22m[Middleware] Session query result: {
[2m[WebServer] [22m  sessionsFound: 1,
[2m[WebServer] [22m  hasError: false,
[2m[WebServer] [22m  errorMessage: undefined,
[2m[WebServer] [22m  tokenPrefix: '314cf611'
[2m[WebServer] [22m}
[2m[WebServer] [22m[GuestDashboard] Session check: { hasToken: [33mtrue[39m, tokenPrefix: [32m'314cf611'[39m }
[2m[WebServer] [22m[GuestDashboard] Session query result: {
[2m[WebServer] [22m  found: [33mtrue[39m,
[2m[WebServer] [22m  error: [90mundefined[39m,
[2m[WebServer] [22m  guestId: [32m'2fe9d81f-2258-45c3-a93e-9ae8efae9fa5'[39m
[2m[WebServer] [22m}
[2m[WebServer] [22m[GuestDashboard] Guest query result: {
[2m[WebServer] [22m  found: [33mtrue[39m,
[2m[WebServer] [22m  error: [90mundefined[39m,
[2m[WebServer] [22m  email: [32m'test-w4-1770451251063-fp9e0t7y@example.com'[39m
[2m[WebServer] [22m}
[2m[WebServer] [22m[GuestDashboard] Rendering dashboard for guest: test-w4-1770451251063-fp9e0t7y@example.com
[2m[WebServer] [22m GET /guest/dashboard [32m200[39m in 554ms[2m (compile: 10ms, proxy.ts: 128ms, render: 416ms)[22m
[2m[WebServer] [22m[Middleware] Guest auth check: {
[2m[WebServer] [22m  path: '/guest/events',
[2m[WebServer] [22m  hasCookie: true,
[2m[WebServer] [22m  cookieValue: '314cf611...',
[2m[WebServer] [22m  allCookies: [ 'guest_session' ]
[2m[WebServer] [22m}
[2m[WebServer] [22m[Middleware] Session query result: {
[2m[WebServer] [22m  sessionsFound: 1,
[2m[WebServer] [22m  hasError: false,
[2m[WebServer] [22m  errorMessage: undefined,
[2m[WebServer] [22m  tokenPrefix: '314cf611'
[2m[WebServer] [22m}
  ✓  11 [chromium] › __tests__/e2e/auth/guestAuth.spec.ts:541:7 › Guest Authentication › should complete logout flow (14.0s)
[2m[WebServer] [22m[API] Looking for guest with email: nonexistent@example.com
[Worker 2] Created test guest: {
  email: [32m'test-w2-1770451256199-yiwvqbzb@example.com'[39m,
  id: [32m'ffb2c6ce-4e39-44e2-a296-9ebbc17ec27f'[39m,
  authMethod: [32m'email_matching'[39m,
  groupId: [32m'82146541-e2a3-4563-af6c-2524d17ec5b1'[39m
}
[Worker 2] ✅ Verified guest exists: {
  email: [32m'test-w2-1770451256199-yiwvqbzb@example.com'[39m,
  authMethod: [32m'email_matching'[39m
}
[2m[WebServer] [22m[API] Guest query result: {
[2m[WebServer] [22m  found: [33mfalse[39m,
[2m[WebServer] [22m  email: [90mundefined[39m,
[2m[WebServer] [22m  authMethod: [90mundefined[39m,
[2m[WebServer] [22m  error: [32m'Cannot coerce the result to a single JSON object'[39m
[2m[WebServer] [22m}
[2m[WebServer] [22m POST /api/guest-auth/email-match [33m404[39m in 1835ms[2m (compile: 1333ms, proxy.ts: 296ms, render: 206ms)[22m
[2m[WebServer] [22m[Middleware] Guest auth check: {
[2m[WebServer] [22m  path: '/api/guest/events',
[2m[WebServer] [22m  hasCookie: true,
[2m[WebServer] [22m  cookieValue: '314cf611...',
[2m[WebServer] [22m  allCookies: [ 'guest_session' ]
[2m[WebServer] [22m}
[2m[WebServer] [22m[Middleware] Guest auth check: {
[2m[WebServer] [22m  path: '/api/guest/rsvps',
[2m[WebServer] [22m  hasCookie: true,
[2m[WebServer] [22m  cookieValue: '314cf611...',
[2m[WebServer] [22m  allCookies: [ 'guest_session' ]
[2m[WebServer] [22m}
[2m[WebServer] [22m[Middleware] Guest auth check: {
[2m[WebServer] [22m  path: '/api/guest/announcements',
[2m[WebServer] [22m  hasCookie: true,
[2m[WebServer] [22m  cookieValue: '314cf611...',
[2m[WebServer] [22m  allCookies: [ 'guest_session' ]
[2m[WebServer] [22m}
[2m[WebServer] [22m[Middleware] Guest auth check: {
[2m[WebServer] [22m  path: '/api/guest/wedding-info',
[2m[WebServer] [22m  hasCookie: true,
[2m[WebServer] [22m  cookieValue: '314cf611...',
[2m[WebServer] [22m  allCookies: [ 'guest_session' ]
[2m[WebServer] [22m}
[2m[WebServer] [22m GET /auth/guest-login [32m200[39m in 212ms[2m (compile: 23ms, proxy.ts: 10ms, render: 180ms)[22m
[2m[WebServer] [22m GET /auth/guest-login [32m200[39m in 213ms[2m (compile: 24ms, proxy.ts: 10ms, render: 180ms)[22m
[2m[WebServer] [22m[Middleware] Session query result: {
[2m[WebServer] [22m  sessionsFound: 1,
[2m[WebServer] [22m  hasError: false,
[2m[WebServer] [22m  errorMessage: undefined,
[2m[WebServer] [22m  tokenPrefix: '314cf611'
[2m[WebServer] [22m}
[2m[WebServer] [22m[Middleware] Session query result: {
[2m[WebServer] [22m  sessionsFound: 1,
[2m[WebServer] [22m  hasError: false,
[2m[WebServer] [22m  errorMessage: undefined,
[2m[WebServer] [22m  tokenPrefix: '314cf611'
[2m[WebServer] [22m}
[2m[WebServer] [22m GET /guest/events [32m200[39m in 2.3s[2m (compile: 1632ms, proxy.ts: 153ms, render: 506ms)[22m
[2m[WebServer] [22m[Middleware] Session query result: {
[2m[WebServer] [22m  sessionsFound: 1,
[2m[WebServer] [22m  hasError: false,
[2m[WebServer] [22m  errorMessage: undefined,
[2m[WebServer] [22m  tokenPrefix: '314cf611'
[2m[WebServer] [22m}
[2m[WebServer] [22m GET /auth/guest-login [32m200[39m in 109ms[2m (compile: 15ms, proxy.ts: 39ms, render: 55ms)[22m
[2m[WebServer] [22m[Middleware] Session query result: {
[2m[WebServer] [22m  sessionsFound: 1,
[2m[WebServer] [22m  hasError: false,
[2m[WebServer] [22m  errorMessage: undefined,
[2m[WebServer] [22m  tokenPrefix: '314cf611'
[2m[WebServer] [22m}
[2m[WebServer] [22m[Middleware] Guest auth check: {
[2m[WebServer] [22m  path: '/api/guest/events',
[2m[WebServer] [22m  hasCookie: true,
[2m[WebServer] [22m  cookieValue: '314cf611...',
[2m[WebServer] [22m  allCookies: [ 'guest_session' ]
[2m[WebServer] [22m}
[2m[WebServer] [22m[Middleware] Guest auth check: {
[2m[WebServer] [22m  path: '/guest/events',
[2m[WebServer] [22m  hasCookie: true,
[2m[WebServer] [22m  cookieValue: '314cf611...',
[2m[WebServer] [22m  allCookies: [ 'guest_session' ]
[2m[WebServer] [22m}
[2m[WebServer] [22m[Middleware] Session query result: {
[2m[WebServer] [22m  sessionsFound: 1,
[2m[WebServer] [22m  hasError: false,
[2m[WebServer] [22m  errorMessage: undefined,
[2m[WebServer] [22m  tokenPrefix: '314cf611'
[2m[WebServer] [22m}
[2m[WebServer] [22m[Middleware] Session query result: {
[2m[WebServer] [22m  sessionsFound: 1,
[2m[WebServer] [22m  hasError: false,
[2m[WebServer] [22m  errorMessage: undefined,
[2m[WebServer] [22m  tokenPrefix: '314cf611'
[2m[WebServer] [22m}
[2m[WebServer] [22m GET /api/guest/events [32m200[39m in 492ms[2m (compile: 11ms, proxy.ts: 163ms, render: 318ms)[22m
[2m[WebServer] [22m GET /guest/events [32m200[39m in 499ms[2m (compile: 3ms, proxy.ts: 171ms, render: 324ms)[22m
[2m[WebServer] [22m[Middleware] Guest auth check: {
[2m[WebServer] [22m  path: '/api/guest/events',
[2m[WebServer] [22m  hasCookie: true,
[2m[WebServer] [22m  cookieValue: '314cf611...',
[2m[WebServer] [22m  allCookies: [ 'guest_session' ]
[2m[WebServer] [22m}
[2m[WebServer] [22m[Middleware] Session query result: {
[2m[WebServer] [22m  sessionsFound: 1,
[2m[WebServer] [22m  hasError: false,
[2m[WebServer] [22m  errorMessage: undefined,
[2m[WebServer] [22m  tokenPrefix: '314cf611'
[2m[WebServer] [22m}
[2m[WebServer] [22m[API] Looking for guest with email: test-w2-1770451256199-yiwvqbzb@example.com
  ✓  13 [chromium] › __tests__/e2e/auth/guestAuth.spec.ts:648:7 › Guest Authentication › should switch between authentication tabs (7.2s)
[2m[WebServer] [22m[API] Guest query result: {
[2m[WebServer] [22m  found: [33mtrue[39m,
[2m[WebServer] [22m  email: [32m'test-w2-1770451256199-yiwvqbzb@example.com'[39m,
[2m[WebServer] [22m  authMethod: [32m'email_matching'[39m,
[2m[WebServer] [22m  error: [90mundefined[39m
[2m[WebServer] [22m}
[2m[WebServer] [22m[API] Setting guest session cookie: {
[2m[WebServer] [22m  tokenPrefix: [32m'3180f102'[39m,
[2m[WebServer] [22m  cookieOptions: {
[2m[WebServer] [22m    httpOnly: [33mtrue[39m,
[2m[WebServer] [22m    secure: [33mfalse[39m,
[2m[WebServer] [22m    sameSite: [32m'lax'[39m,
[2m[WebServer] [22m    maxAge: [33m86400[39m,
[2m[WebServer] [22m    path: [32m'/'[39m
[2m[WebServer] [22m  },
[2m[WebServer] [22m  guestId: [32m'ffb2c6ce-4e39-44e2-a296-9ebbc17ec27f'[39m,
[2m[WebServer] [22m  sessionId: [32m'02152b43-4f50-4c5f-9ff6-548a72739366'[39m
[2m[WebServer] [22m}
[2m[WebServer] [22m POST /api/guest-auth/email-match [32m200[39m in 295ms[2m (compile: 3ms, proxy.ts: 13ms, render: 280ms)[22m
[2m[WebServer] [22m GET /api/guest/events [32m200[39m in 699ms[2m (compile: 4ms, proxy.ts: 142ms, render: 553ms)[22m
[2m[WebServer] [22m[Middleware] Guest auth check: {
[2m[WebServer] [22m  path: '/guest/activities',
[2m[WebServer] [22m  hasCookie: true,
[2m[WebServer] [22m  cookieValue: '314cf611...',
[2m[WebServer] [22m  allCookies: [ 'guest_session' ]
[2m[WebServer] [22m}
[2m[WebServer] [22m[Middleware] Session query result: {
[2m[WebServer] [22m  sessionsFound: 1,
[2m[WebServer] [22m  hasError: false,
[2m[WebServer] [22m  errorMessage: undefined,
[2m[WebServer] [22m  tokenPrefix: '314cf611'
[2m[WebServer] [22m}
[2m[WebServer] [22m[Middleware] Guest auth check: {
[2m[WebServer] [22m  path: '/guest/dashboard',
[2m[WebServer] [22m  hasCookie: true,
[2m[WebServer] [22m  cookieValue: '3180f102...',
[2m[WebServer] [22m  allCookies: [ 'guest_session' ]
[2m[WebServer] [22m}
[2m[WebServer] [22m[Middleware] Session query result: {
[2m[WebServer] [22m  sessionsFound: 1,
[2m[WebServer] [22m  hasError: false,
[2m[WebServer] [22m  errorMessage: undefined,
[2m[WebServer] [22m  tokenPrefix: '3180f102'
[2m[WebServer] [22m}
[2m[WebServer] [22m[GuestDashboard] Session check: { hasToken: [33mtrue[39m, tokenPrefix: [32m'3180f102'[39m }
[2m[WebServer] [22m[GuestDashboard] Session query result: {
[2m[WebServer] [22m  found: [33mtrue[39m,
[2m[WebServer] [22m  error: [90mundefined[39m,
[2m[WebServer] [22m  guestId: [32m'ffb2c6ce-4e39-44e2-a296-9ebbc17ec27f'[39m
[2m[WebServer] [22m}
[2m[WebServer] [22m[GuestDashboard] Guest query result: {
[2m[WebServer] [22m  found: [33mtrue[39m,
[2m[WebServer] [22m  error: [90mundefined[39m,
[2m[WebServer] [22m  email: [32m'test-w2-1770451256199-yiwvqbzb@example.com'[39m
[2m[WebServer] [22m}
[2m[WebServer] [22m[GuestDashboard] Rendering dashboard for guest: test-w2-1770451256199-yiwvqbzb@example.com
[2m[WebServer] [22m GET /guest/dashboard [32m200[39m in 1454ms[2m (compile: 566ms, proxy.ts: 217ms, render: 671ms)[22m
[2m[WebServer] [22m GET /guest/activities [32m200[39m in 2.3s[2m (compile: 1472ms, proxy.ts: 134ms, render: 684ms)[22m
[2m[WebServer] [22m[Middleware] Guest auth check: {
[2m[WebServer] [22m  path: '/api/guest/events',
[2m[WebServer] [22m  hasCookie: true,
[2m[WebServer] [22m  cookieValue: '3180f102...',
[2m[WebServer] [22m  allCookies: [ 'guest_session' ]
[2m[WebServer] [22m}
[2m[WebServer] [22m[Middleware] Guest auth check: {
[2m[WebServer] [22m  path: '/api/guest/activities',
[2m[WebServer] [22m  hasCookie: true,
[2m[WebServer] [22m  cookieValue: '314cf611...',
[2m[WebServer] [22m  allCookies: [ 'guest_session' ]
[2m[WebServer] [22m}
[2m[WebServer] [22m[Middleware] Guest auth check: {
[2m[WebServer] [22m  path: '/api/guest/rsvps',
[2m[WebServer] [22m  hasCookie: true,
[2m[WebServer] [22m  cookieValue: '3180f102...',
[2m[WebServer] [22m  allCookies: [ 'guest_session' ]
[2m[WebServer] [22m}
[2m[WebServer] [22m[Middleware] Guest auth check: {
[2m[WebServer] [22m  path: '/api/guest/announcements',
[2m[WebServer] [22m  hasCookie: true,
[2m[WebServer] [22m  cookieValue: '3180f102...',
[2m[WebServer] [22m  allCookies: [ 'guest_session' ]
[2m[WebServer] [22m}
[2m[WebServer] [22m[Middleware] Guest auth check: {
[2m[WebServer] [22m  path: '/api/guest/wedding-info',
[2m[WebServer] [22m  hasCookie: true,
[2m[WebServer] [22m  cookieValue: '3180f102...',
[2m[WebServer] [22m  allCookies: [ 'guest_session' ]
[2m[WebServer] [22m}
[2m[WebServer] [22m GET /auth/guest-login [32m200[39m in 197ms[2m (compile: 18ms, proxy.ts: 35ms, render: 144ms)[22m
[2m[WebServer] [22m[Middleware] Session query result: {
[2m[WebServer] [22m  sessionsFound: 1,
[2m[WebServer] [22m  hasError: false,
[2m[WebServer] [22m  errorMessage: undefined,
[2m[WebServer] [22m  tokenPrefix: '314cf611'
[2m[WebServer] [22m}
[2m[WebServer] [22m[Middleware] Session query result: {
[2m[WebServer] [22m  sessionsFound: 1,
[2m[WebServer] [22m  hasError: false,
[2m[WebServer] [22m  errorMessage: undefined,
[2m[WebServer] [22m  tokenPrefix: '3180f102'
[2m[WebServer] [22m}
[2m[WebServer] [22m[Middleware] Session query result: {
[2m[WebServer] [22m  sessionsFound: 1,
[2m[WebServer] [22m  hasError: false,
[2m[WebServer] [22m  errorMessage: undefined,
[2m[WebServer] [22m  tokenPrefix: '3180f102'
[2m[WebServer] [22m}
[2m[WebServer] [22m[Middleware] Session query result: {
[2m[WebServer] [22m  sessionsFound: 1,
[2m[WebServer] [22m  hasError: false,
[2m[WebServer] [22m  errorMessage: undefined,
[2m[WebServer] [22m  tokenPrefix: '3180f102'
[2m[WebServer] [22m}
[2m[WebServer] [22m[Middleware] Session query result: {
[2m[WebServer] [22m  sessionsFound: 1,
[2m[WebServer] [22m  hasError: false,
[2m[WebServer] [22m  errorMessage: undefined,
[2m[WebServer] [22m  tokenPrefix: '3180f102'
[2m[WebServer] [22m}
[2m[WebServer] [22m GET /api/guest/rsvps [32m200[39m in 848ms[2m (compile: 47ms, proxy.ts: 218ms, render: 582ms)[22m
[2m[WebServer] [22m GET /api/guest/events [32m200[39m in 1049ms[2m (compile: 44ms, proxy.ts: 203ms, render: 803ms)[22m
[2m[WebServer] [22m[Middleware] Guest auth check: {
[2m[WebServer] [22m  path: '/guest/dashboard',
[2m[WebServer] [22m  hasCookie: true,
[2m[WebServer] [22m  cookieValue: '3180f102...',
[2m[WebServer] [22m  allCookies: [ 'guest_session' ]
[2m[WebServer] [22m}
[2m[WebServer] [22m[Middleware] Guest auth check: {
[2m[WebServer] [22m  path: '/guest/activities',
[2m[WebServer] [22m  hasCookie: true,
[2m[WebServer] [22m  cookieValue: '314cf611...',
[2m[WebServer] [22m  allCookies: [ 'guest_session' ]
[2m[WebServer] [22m}
[2m[WebServer] [22m[Middleware] Session query result: {
[2m[WebServer] [22m  sessionsFound: 1,
[2m[WebServer] [22m  hasError: false,
[2m[WebServer] [22m  errorMessage: undefined,
[2m[WebServer] [22m  tokenPrefix: '3180f102'
[2m[WebServer] [22m}
[2m[WebServer] [22m GET /api/guest/announcements [32m200[39m in 2.1s[2m (compile: 1397ms, proxy.ts: 221ms, render: 484ms)[22m
[2m[WebServer] [22m[Middleware] Session query result: {
[2m[WebServer] [22m  sessionsFound: 1,
[2m[WebServer] [22m  hasError: false,
[2m[WebServer] [22m  errorMessage: undefined,
[2m[WebServer] [22m  tokenPrefix: '314cf611'
[2m[WebServer] [22m}
[2m[WebServer] [22m[GuestDashboard] Session check: { hasToken: [33mtrue[39m, tokenPrefix: [32m'3180f102'[39m }
[2m[WebServer] [22m GET /api/guest/activities [32m200[39m in 2.2s[2m (compile: 1418ms, proxy.ts: 201ms, render: 577ms)[22m
[2m[WebServer] [22m GET /api/guest/wedding-info [32m200[39m in 2.2s[2m (compile: 1304ms, proxy.ts: 315ms, render: 579ms)[22m
[2m[WebServer] [22m[GuestDashboard] Session query result: {
[2m[WebServer] [22m  found: [33mtrue[39m,
[2m[WebServer] [22m  error: [90mundefined[39m,
[2m[WebServer] [22m  guestId: [32m'ffb2c6ce-4e39-44e2-a296-9ebbc17ec27f'[39m
[2m[WebServer] [22m}
[2m[WebServer] [22m[GuestDashboard] Guest query result: {
[2m[WebServer] [22m  found: [33mtrue[39m,
[2m[WebServer] [22m  error: [90mundefined[39m,
[2m[WebServer] [22m  email: [32m'test-w2-1770451256199-yiwvqbzb@example.com'[39m
[2m[WebServer] [22m}
[2m[WebServer] [22m[GuestDashboard] Rendering dashboard for guest: test-w2-1770451256199-yiwvqbzb@example.com
[2m[WebServer] [22m GET /guest/dashboard [32m200[39m in 555ms[2m (compile: 39ms, proxy.ts: 143ms, render: 373ms)[22m
[2m[WebServer] [22m GET /guest/activities [32m200[39m in 714ms[2m (compile: 102ms, proxy.ts: 157ms, render: 456ms)[22m
Audit log query result: {
  found: [33m0[39m,
  guestId: [32m'ffb2c6ce-4e39-44e2-a296-9ebbc17ec27f'[39m,
  error: [90mundefined[39m
}
⚠️  No audit logs found - migration 053 may not be applied to E2E database
   This is not a critical failure - audit logging is a nice-to-have feature
[2m[WebServer] [22m[Middleware] Guest auth check: {
[2m[WebServer] [22m  path: '/api/guest/events',
[2m[WebServer] [22m  hasCookie: true,
[2m[WebServer] [22m  cookieValue: '3180f102...',
[2m[WebServer] [22m  allCookies: [ 'guest_session' ]
[2m[WebServer] [22m}
[2m[WebServer] [22m[Middleware] Guest auth check: {
[2m[WebServer] [22m  path: '/api/guest/announcements',
[2m[WebServer] [22m  hasCookie: true,
[2m[WebServer] [22m  cookieValue: '3180f102...',
[2m[WebServer] [22m  allCookies: [ 'guest_session' ]
[2m[WebServer] [22m}
[2m[WebServer] [22m[Middleware] Guest auth check: {
[2m[WebServer] [22m  path: '/api/guest/wedding-info',
[2m[WebServer] [22m  hasCookie: true,
[2m[WebServer] [22m  cookieValue: '3180f102...',
[2m[WebServer] [22m  allCookies: [ 'guest_session' ]
[2m[WebServer] [22m}
[2m[WebServer] [22m[Middleware] Guest auth check: {
[2m[WebServer] [22m  path: '/api/guest/rsvps',
[2m[WebServer] [22m  hasCookie: true,
[2m[WebServer] [22m  cookieValue: '3180f102...',
[2m[WebServer] [22m  allCookies: [ 'guest_session' ]
[2m[WebServer] [22m}
[2m[WebServer] [22m[Middleware] Guest auth check: {
[2m[WebServer] [22m  path: '/api/guest/activities',
[2m[WebServer] [22m  hasCookie: true,
[2m[WebServer] [22m  cookieValue: '314cf611...',
[2m[WebServer] [22m  allCookies: [ 'guest_session' ]
[2m[WebServer] [22m}
[2m[WebServer] [22m[Middleware] Session query result: {
[2m[WebServer] [22m  sessionsFound: 1,
[2m[WebServer] [22m  hasError: false,
[2m[WebServer] [22m  errorMessage: undefined,
[2m[WebServer] [22m  tokenPrefix: '3180f102'
[2m[WebServer] [22m}
[2m[WebServer] [22m[Middleware] Session query result: {
[2m[WebServer] [22m  sessionsFound: 1,
[2m[WebServer] [22m  hasError: false,
[2m[WebServer] [22m  errorMessage: undefined,
[2m[WebServer] [22m  tokenPrefix: '3180f102'
[2m[WebServer] [22m}
[2m[WebServer] [22m[Middleware] Session query result: {
[2m[WebServer] [22m  sessionsFound: 1,
[2m[WebServer] [22m  hasError: false,
[2m[WebServer] [22m  errorMessage: undefined,
[2m[WebServer] [22m  tokenPrefix: '314cf611'
[2m[WebServer] [22m}
[2m[WebServer] [22m[Middleware] Session query result: {
[2m[WebServer] [22m  sessionsFound: 1,
[2m[WebServer] [22m  hasError: false,
[2m[WebServer] [22m  errorMessage: undefined,
[2m[WebServer] [22m  tokenPrefix: '3180f102'
[2m[WebServer] [22m}
[2m[WebServer] [22m[Middleware] Session query result: {
[2m[WebServer] [22m  sessionsFound: 1,
[2m[WebServer] [22m  hasError: false,
[2m[WebServer] [22m  errorMessage: undefined,
[2m[WebServer] [22m  tokenPrefix: '3180f102'
[2m[WebServer] [22m}
[2m[WebServer] [22m GET /api/guest/announcements [32m200[39m in 570ms[2m (compile: 2ms, proxy.ts: 149ms, render: 419ms)[22m
[2m[WebServer] [22m GET /api/guest/wedding-info [32m200[39m in 587ms[2m (compile: 3ms, proxy.ts: 156ms, render: 428ms)[22m
[2m[WebServer] [22m GET /api/guest/activities [32m200[39m in 571ms[2m (compile: 5ms, proxy.ts: 135ms, render: 432ms)[22m
[2m[WebServer] [22m GET /api/guest/rsvps [32m200[39m in 599ms[2m (compile: 9ms, proxy.ts: 166ms, render: 424ms)[22m
[2m[WebServer] [22m GET /api/guest/events [32m200[39m in 783ms[2m (compile: 15ms, proxy.ts: 166ms, render: 602ms)[22m
  ✘  14 [chromium] › __tests__/e2e/auth/guestAuth.spec.ts:691:7 › Guest Authentication › should handle authentication errors gracefully (18.4s)
  ✓  15 [chromium] › __tests__/e2e/auth/guestAuth.spec.ts:748:7 › Guest Authentication › should log authentication events in audit log (15.2s)
  ✓  12 [chromium] › __tests__/e2e/auth/guestAuth.spec.ts:601:7 › Guest Authentication › should persist authentication across page refreshes (22.3s)

🧹 E2E Global Teardown Starting...

🗑️  Cleaning up test data...
🧹 Running comprehensive test cleanup...
✅ Comprehensive cleanup complete
✅ Test data cleaned

🔓 Removing authentication state...
   Removed: .auth/user.json
   Removed empty .auth directory
✅ Authentication state removed

📊 Execution Summary:
   Duration: 2.35s
   Errors: 0
   Status: ✅ Clean teardown

✨ E2E Global Teardown Complete!



  1) [chromium] › __tests__/e2e/auth/guestAuth.spec.ts:362:7 › Guest Authentication › should show success message after requesting magic link 

    Error: [2mexpect([22m[31mlocator[39m[2m).[22mtoBeVisible[2m([22m[2m)[22m failed

    Locator: locator('.bg-green-50')
    Expected: visible
    Timeout: 10000ms
    Error: element(s) not found

    Call log:
    [2m  - Expect "toBeVisible" with timeout 10000ms[22m
    [2m  - waiting for locator('.bg-green-50')[22m
    [2m    - waiting for" http://localhost:3000/auth/guest-login" navigation to finish...[22m
    [2m    - navigated to "http://localhost:3000/auth/guest-login"[22m


      405 |
      406 |     // Verify success message with increased timeout
    > 407 |     await expect(page.locator('.bg-green-50')).toBeVisible({ timeout: 10000 });
          |                                                ^
      408 |     await expect(page.locator('.text-green-800')).toContainText('Check your email for a login link');
      409 |     await expect(page.locator('.text-green-800')).toContainText('15 minutes');
      410 |
        at /Users/jaron/Desktop/wedding-platform-v2/__tests__/e2e/auth/guestAuth.spec.ts:407:48

    attachment #1: screenshot (image/png) ──────────────────────────────────────────────────────────
    test-results/auth-guestAuth-Guest-Authe-71b1d-after-requesting-magic-link-chromium/test-failed-1.png
    ────────────────────────────────────────────────────────────────────────────────────────────────

    attachment #2: video (video/webm) ──────────────────────────────────────────────────────────────
    test-results/auth-guestAuth-Guest-Authe-71b1d-after-requesting-magic-link-chromium/video.webm
    ────────────────────────────────────────────────────────────────────────────────────────────────

    Error Context: test-results/auth-guestAuth-Guest-Authe-71b1d-after-requesting-magic-link-chromium/error-context.md

  2) [chromium] › __tests__/e2e/auth/guestAuth.spec.ts:691:7 › Guest Authentication › should handle authentication errors gracefully 

    Error: [2mexpect([22m[31mlocator[39m[2m).[22mtoBeVisible[2m([22m[2m)[22m failed

    Locator: locator('.bg-red-50')
    Expected: visible
    Timeout: 10000ms
    Error: element(s) not found

    Call log:
    [2m  - Expect "toBeVisible" with timeout 10000ms[22m
    [2m  - waiting for locator('.bg-red-50')[22m


      707 |     await page.click('button[type="submit"]:has-text("Log In")');
      708 |     
    > 709 |     await expect(page.locator('.bg-red-50')).toBeVisible({ timeout: 10000 });
          |                                              ^
      710 |     await expect(page.locator('.text-red-800')).toContainText(/not found|not configured/i);
      711 |     await expect(page).toHaveURL('/auth/guest-login');
      712 |
        at /Users/jaron/Desktop/wedding-platform-v2/__tests__/e2e/auth/guestAuth.spec.ts:709:46

    attachment #1: screenshot (image/png) ──────────────────────────────────────────────────────────
    test-results/auth-guestAuth-Guest-Authe-90796-ntication-errors-gracefully-chromium/test-failed-1.png
    ────────────────────────────────────────────────────────────────────────────────────────────────

    attachment #2: video (video/webm) ──────────────────────────────────────────────────────────────
    test-results/auth-guestAuth-Guest-Authe-90796-ntication-errors-gracefully-chromium/video.webm
    ────────────────────────────────────────────────────────────────────────────────────────────────

    Error Context: test-results/auth-guestAuth-Guest-Authe-90796-ntication-errors-gracefully-chromium/error-context.md

  2 failed
    [chromium] › __tests__/e2e/auth/guestAuth.spec.ts:362:7 › Guest Authentication › should show success message after requesting magic link 
    [chromium] › __tests__/e2e/auth/guestAuth.spec.ts:691:7 › Guest Authentication › should handle authentication errors gracefully 
  1 skipped
  12 passed (1.2m)

[36m  Serving HTML report at http://localhost:51620. Press Ctrl+C to quit.[39m
