[dotenv@17.2.4] injecting env (25) from .env.e2e -- tip: 👥 sync secrets across teammates & machines: https://dotenvx.com/ops
[2m[WebServer] [22m
[2m[WebServer] [22m> destination-wedding-platform@0.1.0 dev
[2m[WebServer] [22m> next dev --webpack
[2m[WebServer] [22m
[2m[WebServer] [22m[1m[38;2;173;127;168m▲ Next.js 16.1.1[39m[22m (webpack)
[2m[WebServer] [22m- Local:         http://localhost:3000
[2m[WebServer] [22m- Network:       http://172.24.67.208:3000
[2m[WebServer] [22m- Environments: .env.test
[2m[WebServer] [22m
[2m[WebServer] [22m[32m[1m✓[22m[39m Starting...
[2m[WebServer] [22m[33m[1m⚠[22m[39m The "middleware" file convention is deprecated. Please use "proxy" instead. Learn more: https://nextjs.org/docs/messages/middleware-to-proxy
[2m[WebServer] [22m🚀 Initializing application services...
[2m[WebServer] [22m✅ B2 client initialized successfully {
[2m[WebServer] [22m  endpoint: [32m'https://s3.us-west-004.backblazeb2.com'[39m,
[2m[WebServer] [22m  region: [32m'us-west-004'[39m,
[2m[WebServer] [22m  bucket: [32m'test-bucket'[39m,
[2m[WebServer] [22m  cdnDomain: [32m'https://test-cdn.example.com'[39m
[2m[WebServer] [22m}
[2m[WebServer] [22m✅ Application services initialized successfully
[2m[WebServer] [22m[32m[1m✓[22m[39m Ready in 1996ms

🚀 E2E Global Setup Starting...

📊 Verifying test database connection...
[2m[WebServer] [22m GET / [32m200[39m in 927ms[2m (compile: 588ms, proxy.ts: 167ms, render: 172ms)[22m
✅ Test database connected

🧹 Cleaning up test data...
🧹 Running comprehensive test cleanup...
✅ Comprehensive cleanup complete
✅ Test data cleaned

🌐 Verifying Next.js server...
✅ Next.js server is running

🔐 Setting up admin authentication...
[2m[WebServer] [22m GET / [32m200[39m in 50ms[2m (compile: 4ms, proxy.ts: 21ms, render: 26ms)[22m
   Warning: Could not ensure admin user exists: Failed to create auth user: A user with this email address has already been registered
   Continuing with setup - login may fail if user does not exist
   Authenticating via Supabase API...
   ✅ API authentication successful (User ID: e7f5ae65-376e-4d05-a18c-10a91295727a)
   Injecting session cookies...
   ✅ Session cookies set (3 cookies)
   Navigating to http://localhost:3000/admin...
[2m[WebServer] [22m[Middleware] User authenticated: e7f5ae65-376e-4d05-a18c-10a91295727a
[2m[WebServer] [22m[Middleware] Admin user data query result: { userData: { role: 'owner', status: 'active' }, userError: null }
[2m[WebServer] [22m[Middleware] Access granted for admin role: owner
[2m[WebServer] [22m GET /admin [32m200[39m in 1137ms[2m (compile: 662ms, proxy.ts: 370ms, render: 106ms)[22m
   ✅ Page loaded successfully
[2m[WebServer] [22m[Middleware] User authenticated: e7f5ae65-376e-4d05-a18c-10a91295727a
[2m[WebServer] [22m[Middleware] Admin user data query result: { userData: { role: 'owner', status: 'active' }, userError: null }
[2m[WebServer] [22m[Middleware] Access granted for admin role: owner
[2m[WebServer] [22m[Middleware] User authenticated: e7f5ae65-376e-4d05-a18c-10a91295727a
   Current URL: http://localhost:3000/admin
   ✅ Admin UI is visible
   Logged in as: admin@example.com
   Auth state saved to: .auth/admin.json
[2m[WebServer] [22m[Middleware] Admin user data query result: { userData: { role: 'owner', status: 'active' }, userError: null }
[2m[WebServer] [22m[Middleware] Access granted for admin role: owner
✅ Admin authentication saved

✨ E2E Global Setup Complete!


Running 13 tests using 4 workers

[dotenv@17.2.4] injecting env (0) from .env.e2e -- tip: 🔐 encrypt with Dotenvx: https://dotenvx.com
[dotenv@17.2.4] injecting env (0) from .env.e2e -- tip: 🔐 prevent committing .env to code: https://dotenvx.com/precommit
[dotenv@17.2.4] injecting env (0) from .env.e2e -- tip: ⚙️  suppress all logs with { quiet: true }
[dotenv@17.2.4] injecting env (0) from .env.e2e -- tip: ⚙️  specify custom .env file path with { path: '/custom/path/.env' }
[2m[WebServer] [22m[Middleware] User authenticated: e7f5ae65-376e-4d05-a18c-10a91295727a
[2m[WebServer] [22m[Middleware] User authenticated: e7f5ae65-376e-4d05-a18c-10a91295727a
[2m[WebServer] [22m[Middleware] User authenticated: e7f5ae65-376e-4d05-a18c-10a91295727a
[2m[WebServer] [22m[Middleware] User authenticated: e7f5ae65-376e-4d05-a18c-10a91295727a
[2m[WebServer] [22m[Middleware] Admin user data query result: { userData: { role: 'owner', status: 'active' }, userError: null }
[2m[WebServer] [22m[Middleware] Access granted for admin role: owner
[2m[WebServer] [22m[Middleware] Admin user data query result: { userData: { role: 'owner', status: 'active' }, userError: null }
[2m[WebServer] [22m[Middleware] Access granted for admin role: owner
[2m[WebServer] [22m[Middleware] Admin user data query result: { userData: { role: 'owner', status: 'active' }, userError: null }
[2m[WebServer] [22m[Middleware] Access granted for admin role: owner
[2m[WebServer] [22m[Middleware] Admin user data query result: { userData: { role: 'owner', status: 'active' }, userError: null }
[2m[WebServer] [22m[Middleware] Access granted for admin role: owner
[2m[WebServer] [22m GET /admin/emails [32m200[39m in 1042ms[2m (compile: 429ms, proxy.ts: 284ms, render: 329ms)[22m
[2m[WebServer] [22m GET /admin/emails [32m200[39m in 1089ms[2m (compile: 444ms, proxy.ts: 309ms, render: 336ms)[22m
[2m[WebServer] [22m GET /admin/emails [32m200[39m in 1090ms[2m (compile: 447ms, proxy.ts: 306ms, render: 337ms)[22m
[2m[WebServer] [22m GET /admin/emails [32m200[39m in 1096ms[2m (compile: 491ms, proxy.ts: 262ms, render: 343ms)[22m
[2m[WebServer] [22m[Middleware] User authenticated: e7f5ae65-376e-4d05-a18c-10a91295727a
[2m[WebServer] [22m[Middleware] User authenticated: e7f5ae65-376e-4d05-a18c-10a91295727a
[2m[WebServer] [22m[Middleware] User authenticated: e7f5ae65-376e-4d05-a18c-10a91295727a
[2m[WebServer] [22m[Middleware] Admin user data query result: { userData: { role: 'owner', status: 'active' }, userError: null }
[2m[WebServer] [22m[Middleware] Access granted for admin role: owner
[2m[WebServer] [22m[Middleware] Admin user data query result: { userData: { role: 'owner', status: 'active' }, userError: null }
[2m[WebServer] [22m[Middleware] Access granted for admin role: owner
[2m[WebServer] [22m[Middleware] Admin user data query result: { userData: { role: 'owner', status: 'active' }, userError: null }
[2m[WebServer] [22m[Middleware] Access granted for admin role: owner
[2m[WebServer] [22m[Middleware] User authenticated: e7f5ae65-376e-4d05-a18c-10a91295727a
[2m[WebServer] [22m[Middleware] Admin user data query result: { userData: { role: 'owner', status: 'active' }, userError: null }
[2m[WebServer] [22m[Middleware] Access granted for admin role: owner
[2m[WebServer] [22m GET /api/admin/emails [33m400[39m in 1995ms[2m (compile: 1679ms, proxy.ts: 287ms, render: 28ms)[22m
[2m[WebServer] [22m GET /api/admin/emails [33m400[39m in 1997ms[2m (compile: 1676ms, proxy.ts: 291ms, render: 31ms)[22m
[2m[WebServer] [22m GET /api/admin/emails [33m400[39m in 2.0s[2m (compile: 1268ms, proxy.ts: 699ms, render: 34ms)[22m
[2m[WebServer] [22m GET /api/admin/emails [33m400[39m in 2.0s[2m (compile: 1687ms, proxy.ts: 280ms, render: 40ms)[22m
[2m[WebServer] [22m[Middleware] User authenticated: e7f5ae65-376e-4d05-a18c-10a91295727a
[2m[WebServer] [22m[Middleware] User authenticated: e7f5ae65-376e-4d05-a18c-10a91295727a
[2m[WebServer] [22m[Middleware] User authenticated: e7f5ae65-376e-4d05-a18c-10a91295727a
[2m[WebServer] [22m[Middleware] User authenticated: e7f5ae65-376e-4d05-a18c-10a91295727a
[2m[WebServer] [22m[Middleware] User authenticated: e7f5ae65-376e-4d05-a18c-10a91295727a
[2m[WebServer] [22m[Middleware] User authenticated: e7f5ae65-376e-4d05-a18c-10a91295727a
[2m[WebServer] [22m[Middleware] User authenticated: e7f5ae65-376e-4d05-a18c-10a91295727a
[2m[WebServer] [22m[Middleware] User authenticated: e7f5ae65-376e-4d05-a18c-10a91295727a
[2m[WebServer] [22m[Middleware] User authenticated: e7f5ae65-376e-4d05-a18c-10a91295727a
[2m[WebServer] [22m[Middleware] User authenticated: e7f5ae65-376e-4d05-a18c-10a91295727a
[2m[WebServer] [22m[Middleware] User authenticated: e7f5ae65-376e-4d05-a18c-10a91295727a
[2m[WebServer] [22m[Middleware] Admin user data query result: { userData: { role: 'owner', status: 'active' }, userError: null }
[2m[WebServer] [22m[Middleware] Access granted for admin role: owner
[2m[WebServer] [22m[Middleware] Admin user data query result: { userData: { role: 'owner', status: 'active' }, userError: null }
[2m[WebServer] [22m[Middleware] Access granted for admin role: owner
[2m[WebServer] [22m[Middleware] Admin user data query result: { userData: { role: 'owner', status: 'active' }, userError: null }
[2m[WebServer] [22m[Middleware] Access granted for admin role: owner
[2m[WebServer] [22m[Middleware] Admin user data query result: { userData: { role: 'owner', status: 'active' }, userError: null }
[2m[WebServer] [22m[Middleware] Access granted for admin role: owner
[2m[WebServer] [22m[Middleware] User authenticated: e7f5ae65-376e-4d05-a18c-10a91295727a
[2m[WebServer] [22m[Middleware] Admin user data query result: { userData: { role: 'owner', status: 'active' }, userError: null }
[2m[WebServer] [22m[Middleware] Access granted for admin role: owner
[2m[WebServer] [22m[Middleware] Admin user data query result: { userData: { role: 'owner', status: 'active' }, userError: null }
[2m[WebServer] [22m[Middleware] Access granted for admin role: owner
[2m[WebServer] [22m[Middleware] Admin user data query result: { userData: { role: 'owner', status: 'active' }, userError: null }
[2m[WebServer] [22m[Middleware] Access granted for admin role: owner
[2m[WebServer] [22m[Middleware] Admin user data query result: { userData: { role: 'owner', status: 'active' }, userError: null }
[2m[WebServer] [22m[Middleware] Access granted for admin role: owner
[2m[WebServer] [22m[Middleware] Admin user data query result: { userData: { role: 'owner', status: 'active' }, userError: null }
[2m[WebServer] [22m[Middleware] Access granted for admin role: owner
[2m[WebServer] [22m[Middleware] Admin user data query result: { userData: { role: 'owner', status: 'active' }, userError: null }
[2m[WebServer] [22m[Middleware] Access granted for admin role: owner
[2m[WebServer] [22m[Middleware] Admin user data query result: { userData: { role: 'owner', status: 'active' }, userError: null }
[2m[WebServer] [22m[Middleware] Access granted for admin role: owner
[2m[WebServer] [22m[Middleware] Admin user data query result: { userData: { role: 'owner', status: 'active' }, userError: null }
[2m[WebServer] [22m[Middleware] Access granted for admin role: owner
[2m[WebServer] [22m[verifyAuth] User authenticated: e7f5ae65-376e-4d05-a18c-10a91295727a
[2m[WebServer] [22m[verifyAuth] User authenticated: e7f5ae65-376e-4d05-a18c-10a91295727a
[2m[WebServer] [22m[verifyAuth] User authenticated: e7f5ae65-376e-4d05-a18c-10a91295727a
[2m[WebServer] [22m[verifyAuth] User authenticated: e7f5ae65-376e-4d05-a18c-10a91295727a
[2m[WebServer] [22m GET /api/admin/groups [32m200[39m in 2.3s[2m (compile: 1533ms, proxy.ts: 499ms, render: 299ms)[22m
[2m[WebServer] [22m GET /api/admin/groups [32m200[39m in 2.3s[2m (compile: 1518ms, proxy.ts: 514ms, render: 308ms)[22m
[2m[WebServer] [22m GET /api/admin/groups [32m200[39m in 2.4s[2m (compile: 1522ms, proxy.ts: 510ms, render: 330ms)[22m
[2m[WebServer] [22m GET /api/admin/guests?format=simple [32m200[39m in 2.4s[2m (compile: 1671ms, proxy.ts: 362ms, render: 343ms)[22m
[2m[WebServer] [22m GET /api/admin/guests?format=simple [32m200[39m in 2.4s[2m (compile: 1536ms, proxy.ts: 496ms, render: 348ms)[22m
[2m[WebServer] [22m GET /api/admin/guests?format=simple [32m200[39m in 2.4s[2m (compile: 1539ms, proxy.ts: 494ms, render: 350ms)[22m
[2m[WebServer] [22m GET /api/admin/guests?format=simple [32m200[39m in 2.4s[2m (compile: 1670ms, proxy.ts: 363ms, render: 356ms)[22m
[2m[WebServer] [22m GET /api/admin/groups [32m200[39m in 2.4s[2m (compile: 1670ms, proxy.ts: 365ms, render: 357ms)[22m
[2m[WebServer] [22m GET /api/admin/emails/templates [32m200[39m in 2.4s[2m (compile: 1657ms, proxy.ts: 378ms, render: 391ms)[22m
[2m[WebServer] [22m GET /api/admin/emails/templates [32m200[39m in 2.4s[2m (compile: 1537ms, proxy.ts: 498ms, render: 406ms)[22m
[2m[WebServer] [22m GET /api/admin/emails/templates [32m200[39m in 2.4s[2m (compile: 1508ms, proxy.ts: 527ms, render: 409ms)[22m
[2m[WebServer] [22m GET /api/admin/emails/templates [32m200[39m in 2.4s[2m (compile: 1547ms, proxy.ts: 488ms, render: 413ms)[22m
🧹 Running comprehensive test cleanup...
🧹 Running comprehensive test cleanup...
[2m[WebServer] [22m[Middleware] User authenticated: e7f5ae65-376e-4d05-a18c-10a91295727a
[2m[WebServer] [22m[Middleware] Admin user data query result: { userData: { role: 'owner', status: 'active' }, userError: null }
[2m[WebServer] [22m[Middleware] Access granted for admin role: owner
[2m[WebServer] [22m GET /api/admin/groups/e362239c-f88a-4b30-afaf-2a4206699a1c/guests [33m404[39m in 1391ms[2m (compile: 1045ms, proxy.ts: 275ms, render: 70ms)[22m
✅ Comprehensive cleanup complete
  ✓   2 [chromium] › __tests__/e2e/admin/emailManagement.spec.ts:152:7 › Email Composition & Templates › should use email template with variable substitution (11.2s)
✅ Comprehensive cleanup complete
  ✓   3 [chromium] › __tests__/e2e/admin/emailManagement.spec.ts:251:7 › Email Composition & Templates › should validate required fields and email addresses (11.3s)
[2m[WebServer] [22m[Middleware] User authenticated: e7f5ae65-376e-4d05-a18c-10a91295727a
[2m[WebServer] [22m[Middleware] Admin user data query result: { userData: { role: 'owner', status: 'active' }, userError: null }
[2m[WebServer] [22m[Middleware] Access granted for admin role: owner
[2m[WebServer] [22m[Middleware] User authenticated: e7f5ae65-376e-4d05-a18c-10a91295727a
[2m[WebServer] [22m GET /admin/emails [32m200[39m in 418ms[2m (compile: 19ms, proxy.ts: 333ms, render: 67ms)[22m
[2m[WebServer] [22m[Middleware] Admin user data query result: { userData: { role: 'owner', status: 'active' }, userError: null }
[2m[WebServer] [22m[Middleware] Access granted for admin role: owner
[2m[WebServer] [22m GET /admin/emails [32m200[39m in 297ms[2m (compile: 3ms, proxy.ts: 246ms, render: 47ms)[22m
[2m[WebServer] [22m[Middleware] User authenticated: e7f5ae65-376e-4d05-a18c-10a91295727a
[2m[WebServer] [22m[Middleware] User authenticated: e7f5ae65-376e-4d05-a18c-10a91295727a
[2m[WebServer] [22m[Middleware] Admin user data query result: { userData: { role: 'owner', status: 'active' }, userError: null }
[2m[WebServer] [22m[Middleware] Access granted for admin role: owner
[2m[WebServer] [22m[Middleware] Admin user data query result: { userData: { role: 'owner', status: 'active' }, userError: null }
[2m[WebServer] [22m[Middleware] Access granted for admin role: owner
[2m[WebServer] [22m[Middleware] User authenticated: e7f5ae65-376e-4d05-a18c-10a91295727a
[2m[WebServer] [22m[Middleware] User authenticated: e7f5ae65-376e-4d05-a18c-10a91295727a
[2m[WebServer] [22m[Middleware] Admin user data query result: { userData: { role: 'owner', status: 'active' }, userError: null }
[2m[WebServer] [22m[Middleware] Access granted for admin role: owner
[2m[WebServer] [22m[Middleware] Admin user data query result: { userData: { role: 'owner', status: 'active' }, userError: null }
[2m[WebServer] [22m[Middleware] Access granted for admin role: owner
🧹 Running comprehensive test cleanup...
[2m[WebServer] [22m GET /api/admin/emails [33m400[39m in 469ms[2m (compile: 125ms, proxy.ts: 334ms, render: 11ms)[22m
[2m[WebServer] [22m GET /api/admin/emails [33m400[39m in 451ms[2m (compile: 112ms, proxy.ts: 325ms, render: 13ms)[22m
[2m[WebServer] [22m GET /admin/emails [32m200[39m in 533ms[2m (compile: 9ms, proxy.ts: 277ms, render: 247ms)[22m
[2m[WebServer] [22m GET /admin/emails [32m200[39m in 537ms[2m (compile: 8ms, proxy.ts: 278ms, render: 251ms)[22m
[2m[WebServer] [22m[Middleware] User authenticated: e7f5ae65-376e-4d05-a18c-10a91295727a
[2m[WebServer] [22m[Middleware] User authenticated: e7f5ae65-376e-4d05-a18c-10a91295727a
[2m[WebServer] [22m[Middleware] Admin user data query result: { userData: { role: 'owner', status: 'active' }, userError: null }
[2m[WebServer] [22m[Middleware] Access granted for admin role: owner
[2m[WebServer] [22m[Middleware] Admin user data query result: { userData: { role: 'owner', status: 'active' }, userError: null }
[2m[WebServer] [22m[Middleware] Access granted for admin role: owner
[2m[WebServer] [22m[Middleware] User authenticated: e7f5ae65-376e-4d05-a18c-10a91295727a
[2m[WebServer] [22m[Middleware] User authenticated: e7f5ae65-376e-4d05-a18c-10a91295727a
[2m[WebServer] [22m[Middleware] User authenticated: e7f5ae65-376e-4d05-a18c-10a91295727a
[2m[WebServer] [22m[Middleware] User authenticated: e7f5ae65-376e-4d05-a18c-10a91295727a
[2m[WebServer] [22m[Middleware] User authenticated: e7f5ae65-376e-4d05-a18c-10a91295727a
[2m[WebServer] [22m[Middleware] User authenticated: e7f5ae65-376e-4d05-a18c-10a91295727a
[2m[WebServer] [22m GET /api/admin/emails [33m400[39m in 285ms[2m (compile: 9ms, proxy.ts: 270ms, render: 6ms)[22m
[2m[WebServer] [22m GET /api/admin/emails [33m400[39m in 287ms[2m (compile: 8ms, proxy.ts: 271ms, render: 8ms)[22m
[2m[WebServer] [22m[Middleware] Admin user data query result: { userData: { role: 'owner', status: 'active' }, userError: null }
[2m[WebServer] [22m[Middleware] Access granted for admin role: owner
[2m[WebServer] [22m[Middleware] Admin user data query result: { userData: { role: 'owner', status: 'active' }, userError: null }
[2m[WebServer] [22m[Middleware] Access granted for admin role: owner
[2m[WebServer] [22m[Middleware] Admin user data query result: { userData: { role: 'owner', status: 'active' }, userError: null }
[2m[WebServer] [22m[Middleware] Access granted for admin role: owner
[2m[WebServer] [22m[Middleware] Admin user data query result: { userData: { role: 'owner', status: 'active' }, userError: null }
[2m[WebServer] [22m[Middleware] Access granted for admin role: owner
[2m[WebServer] [22m[Middleware] Admin user data query result: { userData: { role: 'owner', status: 'active' }, userError: null }
[2m[WebServer] [22m[Middleware] Access granted for admin role: owner
[2m[WebServer] [22m[Middleware] Admin user data query result: { userData: { role: 'owner', status: 'active' }, userError: null }
[2m[WebServer] [22m[Middleware] Access granted for admin role: owner
[2m[WebServer] [22m[verifyAuth] User authenticated: e7f5ae65-376e-4d05-a18c-10a91295727a
[2m[WebServer] [22m[verifyAuth] User authenticated: e7f5ae65-376e-4d05-a18c-10a91295727a
[2m[WebServer] [22m GET /api/admin/groups [32m200[39m in 496ms[2m (compile: 36ms, proxy.ts: 328ms, render: 132ms)[22m
[2m[WebServer] [22m GET /api/admin/guests?format=simple [32m200[39m in 511ms[2m (compile: 56ms, proxy.ts: 329ms, render: 125ms)[22m
[2m[WebServer] [22m GET /api/admin/guests?format=simple [32m200[39m in 512ms[2m (compile: 44ms, proxy.ts: 341ms, render: 126ms)[22m
[2m[WebServer] [22m GET /api/admin/groups [32m200[39m in 529ms[2m (compile: 34ms, proxy.ts: 331ms, render: 165ms)[22m
[2m[WebServer] [22m GET /api/admin/emails/templates [32m200[39m in 593ms[2m (compile: 13ms, proxy.ts: 339ms, render: 241ms)[22m
[2m[WebServer] [22m GET /api/admin/emails/templates [32m200[39m in 595ms[2m (compile: 22ms, proxy.ts: 330ms, render: 244ms)[22m
✅ Comprehensive cleanup complete
  ✓   1 [chromium] › __tests__/e2e/admin/emailManagement.spec.ts:217:7 › Email Composition & Templates › should select recipients by group (14.9s)
[2m[WebServer] [22m[Middleware] User authenticated: e7f5ae65-376e-4d05-a18c-10a91295727a
[2m[WebServer] [22m[Middleware] Admin user data query result: { userData: { role: 'owner', status: 'active' }, userError: null }
[2m[WebServer] [22m[Middleware] Access granted for admin role: owner
[2m[WebServer] [22m GET /admin/emails [32m200[39m in 294ms[2m (compile: 3ms, proxy.ts: 239ms, render: 52ms)[22m
[2m[WebServer] [22m[Middleware] User authenticated: e7f5ae65-376e-4d05-a18c-10a91295727a
[2m[WebServer] [22m[Middleware] Admin user data query result: { userData: { role: 'owner', status: 'active' }, userError: null }
[2m[WebServer] [22m[Middleware] Access granted for admin role: owner
[2m[WebServer] [22m GET /api/admin/emails [33m400[39m in 263ms[2m (compile: 3ms, proxy.ts: 253ms, render: 8ms)[22m
[2m[WebServer] [22m[Middleware] User authenticated: e7f5ae65-376e-4d05-a18c-10a91295727a
[2m[WebServer] [22m[Middleware] User authenticated: e7f5ae65-376e-4d05-a18c-10a91295727a
[2m[WebServer] [22m[Middleware] User authenticated: e7f5ae65-376e-4d05-a18c-10a91295727a
[2m[WebServer] [22m[Middleware] Admin user data query result: { userData: { role: 'owner', status: 'active' }, userError: null }
[2m[WebServer] [22m[Middleware] Access granted for admin role: owner
[2m[WebServer] [22m[Middleware] Admin user data query result: { userData: { role: 'owner', status: 'active' }, userError: null }
[2m[WebServer] [22m[Middleware] Access granted for admin role: owner
[2m[WebServer] [22m[Middleware] Admin user data query result: { userData: { role: 'owner', status: 'active' }, userError: null }
[2m[WebServer] [22m[Middleware] Access granted for admin role: owner
[2m[WebServer] [22m GET /api/admin/guests?format=simple [32m200[39m in 347ms[2m (compile: 1409µs, proxy.ts: 230ms, render: 115ms)[22m
[2m[WebServer] [22m[verifyAuth] User authenticated: e7f5ae65-376e-4d05-a18c-10a91295727a
[2m[WebServer] [22m GET /api/admin/groups [32m200[39m in 383ms[2m (compile: 1485µs, proxy.ts: 238ms, render: 143ms)[22m
[2m[WebServer] [22m GET /api/admin/emails/templates [32m200[39m in 476ms[2m (compile: 3ms, proxy.ts: 243ms, render: 229ms)[22m
🧹 Running comprehensive test cleanup...
✅ Comprehensive cleanup complete
  ✓   7 [chromium] › __tests__/e2e/admin/emailManagement.spec.ts:398:7 › Email Scheduling & Drafts › should save email as draft (4.1s)
[2m[WebServer] [22m[Middleware] User authenticated: e7f5ae65-376e-4d05-a18c-10a91295727a
[2m[WebServer] [22m[Middleware] Admin user data query result: { userData: { role: 'owner', status: 'active' }, userError: null }
[2m[WebServer] [22m[Middleware] Access granted for admin role: owner
[2m[WebServer] [22m GET /admin/emails [32m200[39m in 257ms[2m (compile: 1782µs, proxy.ts: 217ms, render: 38ms)[22m
[2m[WebServer] [22m[Middleware] User authenticated: e7f5ae65-376e-4d05-a18c-10a91295727a
[2m[WebServer] [22m[Middleware] Admin user data query result: { userData: { role: 'owner', status: 'active' }, userError: null }
[2m[WebServer] [22m[Middleware] Access granted for admin role: owner
[2m[WebServer] [22m GET /api/admin/emails [33m400[39m in 249ms[2m (compile: 2ms, proxy.ts: 240ms, render: 6ms)[22m
[2m[WebServer] [22m[Middleware] User authenticated: e7f5ae65-376e-4d05-a18c-10a91295727a
[2m[WebServer] [22m[Middleware] User authenticated: e7f5ae65-376e-4d05-a18c-10a91295727a
[2m[WebServer] [22m[Middleware] User authenticated: e7f5ae65-376e-4d05-a18c-10a91295727a
[2m[WebServer] [22m[Middleware] Admin user data query result: { userData: { role: 'owner', status: 'active' }, userError: null }
[2m[WebServer] [22m[Middleware] Access granted for admin role: owner
[2m[WebServer] [22m[Middleware] Admin user data query result: { userData: { role: 'owner', status: 'active' }, userError: null }
[2m[WebServer] [22m[Middleware] Access granted for admin role: owner
[2m[WebServer] [22m[Middleware] Admin user data query result: { userData: { role: 'owner', status: 'active' }, userError: null }
[2m[WebServer] [22m[Middleware] Access granted for admin role: owner
[2m[WebServer] [22m GET /api/admin/groups [32m200[39m in 355ms[2m (compile: 1480µs, proxy.ts: 230ms, render: 123ms)[22m
[2m[WebServer] [22m[verifyAuth] User authenticated: e7f5ae65-376e-4d05-a18c-10a91295727a
[2m[WebServer] [22m GET /api/admin/guests?format=simple [32m200[39m in 398ms[2m (compile: 1370µs, proxy.ts: 275ms, render: 122ms)[22m
[2m[WebServer] [22m GET /api/admin/emails/templates [32m200[39m in 473ms[2m (compile: 2ms, proxy.ts: 234ms, render: 236ms)[22m
[2m[WebServer] [22m[Middleware] User authenticated: e7f5ae65-376e-4d05-a18c-10a91295727a
[2m[WebServer] [22m[Middleware] Admin user data query result: { userData: { role: 'owner', status: 'active' }, userError: null }
[2m[WebServer] [22m[Middleware] Access granted for admin role: owner
[2m[WebServer] [22m POST /api/admin/emails/send [32m200[39m in 1063ms[2m (compile: 514ms, proxy.ts: 236ms, render: 312ms)[22m
[2m[WebServer] [22m[Middleware] User authenticated: e7f5ae65-376e-4d05-a18c-10a91295727a
[2m[WebServer] [22m[Middleware] Admin user data query result: { userData: { role: 'owner', status: 'active' }, userError: null }
[2m[WebServer] [22m[Middleware] Access granted for admin role: owner
[2m[WebServer] [22m GET /api/admin/emails [33m400[39m in 240ms[2m (compile: 5ms, proxy.ts: 230ms, render: 5ms)[22m
🧹 Running comprehensive test cleanup...
🧹 Running comprehensive test cleanup...
✅ Comprehensive cleanup complete
  ✓   8 [chromium] › __tests__/e2e/admin/emailManagement.spec.ts:448:7 › Email Scheduling & Drafts › should show email history after sending (6.2s)
  -   9 [chromium] › __tests__/e2e/admin/emailManagement.spec.ts:479:8 › Bulk Email & Template Management › should create and use email template
✅ Comprehensive cleanup complete
[2m[WebServer] [22m[Middleware] User authenticated: e7f5ae65-376e-4d05-a18c-10a91295727a
  ✘   4 [chromium] › __tests__/e2e/admin/emailManagement.spec.ts:95:7 › Email Composition & Templates › should complete full email composition and sending workflow (25.4s)
[2m[WebServer] [22m[Middleware] Admin user data query result: { userData: { role: 'owner', status: 'active' }, userError: null }
[2m[WebServer] [22m[Middleware] Access granted for admin role: owner
[2m[WebServer] [22m GET /admin/emails [32m200[39m in 333ms[2m (compile: 27ms, proxy.ts: 222ms, render: 83ms)[22m
[dotenv@17.2.4] injecting env (0) from .env.e2e -- tip: 🔐 prevent committing .env to code: https://dotenvx.com/precommit
[2m[WebServer] [22m[Middleware] User authenticated: e7f5ae65-376e-4d05-a18c-10a91295727a
[2m[WebServer] [22m[Middleware] User authenticated: e7f5ae65-376e-4d05-a18c-10a91295727a
[2m[WebServer] [22m[Middleware] User authenticated: e7f5ae65-376e-4d05-a18c-10a91295727a
[2m[WebServer] [22m[Middleware] Admin user data query result: { userData: { role: 'owner', status: 'active' }, userError: null }
[2m[WebServer] [22m[Middleware] Access granted for admin role: owner
[2m[WebServer] [22m[Middleware] Admin user data query result: { userData: { role: 'owner', status: 'active' }, userError: null }
[2m[WebServer] [22m[Middleware] Access granted for admin role: owner
[2m[WebServer] [22m[Middleware] Admin user data query result: { userData: { role: 'owner', status: 'active' }, userError: null }
[2m[WebServer] [22m[Middleware] Access granted for admin role: owner
[2m[WebServer] [22m GET /api/admin/emails [33m400[39m in 318ms[2m (compile: 21ms, proxy.ts: 283ms, render: 14ms)[22m
[2m[WebServer] [22m GET /admin/emails [32m200[39m in 377ms[2m (compile: 3ms, proxy.ts: 244ms, render: 131ms)[22m
[2m[WebServer] [22m GET /admin/emails [32m200[39m in 432ms[2m (compile: 12ms, proxy.ts: 283ms, render: 137ms)[22m
[2m[WebServer] [22m[Middleware] User authenticated: e7f5ae65-376e-4d05-a18c-10a91295727a
[2m[WebServer] [22m[Middleware] User authenticated: e7f5ae65-376e-4d05-a18c-10a91295727a
[2m[WebServer] [22m[Middleware] User authenticated: e7f5ae65-376e-4d05-a18c-10a91295727a
[2m[WebServer] [22m[Middleware] Admin user data query result: { userData: { role: 'owner', status: 'active' }, userError: null }
[2m[WebServer] [22m[Middleware] Access granted for admin role: owner
[2m[WebServer] [22m[Middleware] Admin user data query result: { userData: { role: 'owner', status: 'active' }, userError: null }
[2m[WebServer] [22m[Middleware] Access granted for admin role: owner
[2m[WebServer] [22m[Middleware] Admin user data query result: { userData: { role: 'owner', status: 'active' }, userError: null }
[2m[WebServer] [22m[Middleware] Access granted for admin role: owner
[2m[WebServer] [22m[Middleware] User authenticated: e7f5ae65-376e-4d05-a18c-10a91295727a
[2m[WebServer] [22m GET /api/admin/groups [32m200[39m in 373ms[2m (compile: 4ms, proxy.ts: 255ms, render: 113ms)[22m
[2m[WebServer] [22m[Middleware] User authenticated: e7f5ae65-376e-4d05-a18c-10a91295727a
[2m[WebServer] [22m[Middleware] User authenticated: e7f5ae65-376e-4d05-a18c-10a91295727a
[2m[WebServer] [22m GET /api/admin/guests?format=simple [32m200[39m in 412ms[2m (compile: 6ms, proxy.ts: 277ms, render: 128ms)[22m
[2m[WebServer] [22m[verifyAuth] User authenticated: e7f5ae65-376e-4d05-a18c-10a91295727a
[2m[WebServer] [22m[Middleware] Admin user data query result: { userData: { role: 'owner', status: 'active' }, userError: null }
[2m[WebServer] [22m[Middleware] Access granted for admin role: owner
[2m[WebServer] [22m GET /api/admin/emails [33m400[39m in 280ms[2m (compile: 4ms, proxy.ts: 268ms, render: 9ms)[22m
[2m[WebServer] [22m[Middleware] Admin user data query result: { userData: { role: 'owner', status: 'active' }, userError: null }
[2m[WebServer] [22m[Middleware] Access granted for admin role: owner
[2m[WebServer] [22m[Middleware] Admin user data query result: { userData: { role: 'owner', status: 'active' }, userError: null }
[2m[WebServer] [22m[Middleware] Access granted for admin role: owner
[2m[WebServer] [22m GET /api/admin/emails/templates [32m200[39m in 581ms[2m (compile: 8ms, proxy.ts: 287ms, render: 286ms)[22m
[2m[WebServer] [22m GET /api/admin/emails [33m400[39m in 408ms[2m (compile: 30ms, proxy.ts: 368ms, render: 11ms)[22m
[2m[WebServer] [22m GET /admin/emails [32m200[39m in 450ms[2m (compile: 8ms, proxy.ts: 282ms, render: 160ms)[22m
[2m[WebServer] [22m[Middleware] User authenticated: e7f5ae65-376e-4d05-a18c-10a91295727a
[2m[WebServer] [22m[Middleware] Admin user data query result: { userData: { role: 'owner', status: 'active' }, userError: null }
[2m[WebServer] [22m[Middleware] Access granted for admin role: owner
[2m[WebServer] [22m[Middleware] User authenticated: e7f5ae65-376e-4d05-a18c-10a91295727a
[2m[WebServer] [22m[Middleware] Admin user data query result: { userData: { role: 'owner', status: 'active' }, userError: null }
[2m[WebServer] [22m[Middleware] Access granted for admin role: owner
[2m[WebServer] [22m GET /api/admin/emails [33m400[39m in 233ms[2m (compile: 1301µs, proxy.ts: 224ms, render: 7ms)[22m
[2m[WebServer] [22m[Middleware] User authenticated: e7f5ae65-376e-4d05-a18c-10a91295727a
[2m[WebServer] [22m[Middleware] User authenticated: e7f5ae65-376e-4d05-a18c-10a91295727a
[2m[WebServer] [22m[Middleware] User authenticated: e7f5ae65-376e-4d05-a18c-10a91295727a
[2m[WebServer] [22m[Middleware] Admin user data query result: { userData: { role: 'owner', status: 'active' }, userError: null }
[2m[WebServer] [22m[Middleware] Access granted for admin role: owner
[2m[WebServer] [22m[Middleware] Admin user data query result: { userData: { role: 'owner', status: 'active' }, userError: null }
[2m[WebServer] [22m[Middleware] Access granted for admin role: owner
[2m[WebServer] [22m[Middleware] Admin user data query result: { userData: { role: 'owner', status: 'active' }, userError: null }
[2m[WebServer] [22m[Middleware] Access granted for admin role: owner
[2m[WebServer] [22m GET /api/admin/guests?format=simple [32m200[39m in 343ms[2m (compile: 1494µs, proxy.ts: 219ms, render: 122ms)[22m
[2m[WebServer] [22m[verifyAuth] User authenticated: e7f5ae65-376e-4d05-a18c-10a91295727a
[2m[WebServer] [22m GET /api/admin/groups [32m200[39m in 378ms[2m (compile: 1314µs, proxy.ts: 251ms, render: 125ms)[22m
[2m[WebServer] [22m GET /api/admin/emails/templates [32m200[39m in 466ms[2m (compile: 1390µs, proxy.ts: 243ms, render: 221ms)[22m
🧹 Running comprehensive test cleanup...
🧹 Running comprehensive test cleanup...
[2m[WebServer] [22m[Middleware] User authenticated: e7f5ae65-376e-4d05-a18c-10a91295727a
[2m[WebServer] [22m[Middleware] Admin user data query result: { userData: { role: 'owner', status: 'active' }, userError: null }
[2m[WebServer] [22m[Middleware] Access granted for admin role: owner
[2m[WebServer] [22m POST /api/admin/emails/send [32m200[39m in 667ms[2m (compile: 1671µs, proxy.ts: 250ms, render: 415ms)[22m
[2m[WebServer] [22m[Middleware] User authenticated: e7f5ae65-376e-4d05-a18c-10a91295727a
[2m[WebServer] [22m[Middleware] Admin user data query result: { userData: { role: 'owner', status: 'active' }, userError: null }
[2m[WebServer] [22m[Middleware] Access granted for admin role: owner
[2m[WebServer] [22m GET /api/admin/emails [33m400[39m in 238ms[2m (compile: 1486µs, proxy.ts: 233ms, render: 4ms)[22m
✅ Comprehensive cleanup complete
🧹 Running comprehensive test cleanup...
  ✘   6 [chromium] › __tests__/e2e/admin/emailManagement.spec.ts:359:7 › Email Scheduling & Drafts › should schedule email for future delivery (19.5s)
✅ Comprehensive cleanup complete
  ✘   5 [chromium] › __tests__/e2e/admin/emailManagement.spec.ts:279:7 › Email Composition & Templates › should preview email before sending (19.7s)
[dotenv@17.2.4] injecting env (0) from .env.e2e -- tip: ⚙️  override existing env vars with { override: true }
[dotenv@17.2.4] injecting env (0) from .env.e2e -- tip: ⚙️  override existing env vars with { override: true }
[2m[WebServer] [22m[Middleware] User authenticated: e7f5ae65-376e-4d05-a18c-10a91295727a
✅ Comprehensive cleanup complete
[2m[WebServer] [22m[Middleware] Admin user data query result: { userData: { role: 'owner', status: 'active' }, userError: null }
[2m[WebServer] [22m[Middleware] Access granted for admin role: owner
[2m[WebServer] [22m GET /admin/emails [32m200[39m in 289ms[2m (compile: 3ms, proxy.ts: 218ms, render: 69ms)[22m
[2m[WebServer] [22m[Middleware] User authenticated: e7f5ae65-376e-4d05-a18c-10a91295727a
[2m[WebServer] [22m[Middleware] Admin user data query result: { userData: { role: 'owner', status: 'active' }, userError: null }
[2m[WebServer] [22m[Middleware] Access granted for admin role: owner
[2m[WebServer] [22m GET /admin/emails [32m200[39m in 286ms[2m (compile: 4ms, proxy.ts: 232ms, render: 50ms)[22m
  ✘  11 [chromium] › __tests__/e2e/admin/emailManagement.spec.ts:95:7 › Email Composition & Templates › should complete full email composition and sending workflow (retry #1) (6.0s)
[2m[WebServer] [22m[Middleware] User authenticated: e7f5ae65-376e-4d05-a18c-10a91295727a
[2m[WebServer] [22m[Middleware] Admin user data query result: { userData: { role: 'owner', status: 'active' }, userError: null }
[2m[WebServer] [22m[Middleware] Access granted for admin role: owner
[2m[WebServer] [22m GET /api/admin/emails [33m400[39m in 268ms[2m (compile: -874µs, proxy.ts: 251ms, render: 18ms)[22m
[2m[WebServer] [22m[Middleware] User authenticated: e7f5ae65-376e-4d05-a18c-10a91295727a
[dotenv@17.2.4] injecting env (0) from .env.e2e -- tip: ⚙️  enable debug logging with { debug: true }
[2m[WebServer] [22m[Middleware] Admin user data query result: { userData: { role: 'owner', status: 'active' }, userError: null }
[2m[WebServer] [22m[Middleware] Access granted for admin role: owner
[2m[WebServer] [22m[Middleware] User authenticated: e7f5ae65-376e-4d05-a18c-10a91295727a
[2m[WebServer] [22m[Middleware] User authenticated: e7f5ae65-376e-4d05-a18c-10a91295727a
[2m[WebServer] [22m GET /api/admin/emails [33m400[39m in 275ms[2m (compile: 4ms, proxy.ts: 267ms, render: 4ms)[22m
[2m[WebServer] [22m[Middleware] User authenticated: e7f5ae65-376e-4d05-a18c-10a91295727a
[2m[WebServer] [22m[Middleware] User authenticated: e7f5ae65-376e-4d05-a18c-10a91295727a
[2m[WebServer] [22m[Middleware] User authenticated: e7f5ae65-376e-4d05-a18c-10a91295727a
[2m[WebServer] [22m[Middleware] User authenticated: e7f5ae65-376e-4d05-a18c-10a91295727a
[2m[WebServer] [22m[Middleware] Admin user data query result: { userData: { role: 'owner', status: 'active' }, userError: null }
[2m[WebServer] [22m[Middleware] Access granted for admin role: owner
[2m[WebServer] [22m[Middleware] Admin user data query result: { userData: { role: 'owner', status: 'active' }, userError: null }
[2m[WebServer] [22m[Middleware] Access granted for admin role: owner
[2m[WebServer] [22m[Middleware] Admin user data query result: { userData: { role: 'owner', status: 'active' }, userError: null }
[2m[WebServer] [22m[Middleware] Access granted for admin role: owner
[2m[WebServer] [22m[Middleware] Admin user data query result: { userData: { role: 'owner', status: 'active' }, userError: null }
[2m[WebServer] [22m[Middleware] Access granted for admin role: owner
[2m[WebServer] [22m[Middleware] Admin user data query result: { userData: { role: 'owner', status: 'active' }, userError: null }
[2m[WebServer] [22m[Middleware] Access granted for admin role: owner
[2m[WebServer] [22m[Middleware] Admin user data query result: { userData: { role: 'owner', status: 'active' }, userError: null }
[2m[WebServer] [22m[Middleware] Access granted for admin role: owner
[2m[WebServer] [22m[verifyAuth] User authenticated: e7f5ae65-376e-4d05-a18c-10a91295727a
[2m[WebServer] [22m GET /api/admin/groups [32m200[39m in 446ms[2m (compile: 7ms, proxy.ts: 289ms, render: 150ms)[22m
[2m[WebServer] [22m GET /api/admin/guests?format=simple [32m200[39m in 453ms[2m (compile: 10ms, proxy.ts: 290ms, render: 153ms)[22m
[2m[WebServer] [22m[verifyAuth] User authenticated: e7f5ae65-376e-4d05-a18c-10a91295727a
[2m[WebServer] [22m GET /api/admin/groups [32m200[39m in 366ms[2m (compile: 3ms, proxy.ts: 232ms, render: 131ms)[22m
[2m[WebServer] [22m GET /api/admin/guests?format=simple [32m200[39m in 432ms[2m (compile: 3ms, proxy.ts: 282ms, render: 147ms)[22m
[2m[WebServer] [22m GET /api/admin/emails/templates [32m200[39m in 562ms[2m (compile: 1766µs, proxy.ts: 306ms, render: 255ms)[22m
[2m[WebServer] [22m GET /api/admin/emails/templates [32m200[39m in 466ms[2m (compile: 3ms, proxy.ts: 233ms, render: 230ms)[22m
[2m[WebServer] [22m[Middleware] User authenticated: e7f5ae65-376e-4d05-a18c-10a91295727a
[2m[WebServer] [22m[Middleware] Admin user data query result: { userData: { role: 'owner', status: 'active' }, userError: null }
[2m[WebServer] [22m[Middleware] Access granted for admin role: owner
[2m[WebServer] [22m GET /admin/emails [32m200[39m in 301ms[2m (compile: 5ms, proxy.ts: 230ms, render: 65ms)[22m
[2m[WebServer] [22m[Middleware] User authenticated: e7f5ae65-376e-4d05-a18c-10a91295727a
[2m[WebServer] [22m[Middleware] Admin user data query result: { userData: { role: 'owner', status: 'active' }, userError: null }
[2m[WebServer] [22m[Middleware] Access granted for admin role: owner
[2m[WebServer] [22m GET /api/admin/emails [33m400[39m in 250ms[2m (compile: 1326µs, proxy.ts: 242ms, render: 6ms)[22m
[2m[WebServer] [22m[Middleware] User authenticated: e7f5ae65-376e-4d05-a18c-10a91295727a
[2m[WebServer] [22m[Middleware] Admin user data query result: { userData: { role: 'owner', status: 'active' }, userError: null }
[2m[WebServer] [22m[Middleware] Access granted for admin role: owner
[2m[WebServer] [22m[Middleware] User authenticated: e7f5ae65-376e-4d05-a18c-10a91295727a
[2m[WebServer] [22m[Middleware] User authenticated: e7f5ae65-376e-4d05-a18c-10a91295727a
[2m[WebServer] [22m[Middleware] User authenticated: e7f5ae65-376e-4d05-a18c-10a91295727a
[2m[WebServer] [22m[Middleware] Admin user data query result: { userData: { role: 'owner', status: 'active' }, userError: null }
[2m[WebServer] [22m[Middleware] Access granted for admin role: owner
[2m[WebServer] [22m[Middleware] Admin user data query result: { userData: { role: 'owner', status: 'active' }, userError: null }
[2m[WebServer] [22m[Middleware] Access granted for admin role: owner
[2m[WebServer] [22m[Middleware] Admin user data query result: { userData: { role: 'owner', status: 'active' }, userError: null }
[2m[WebServer] [22m[Middleware] Access granted for admin role: owner
[2m[WebServer] [22m[verifyAuth] User authenticated: e7f5ae65-376e-4d05-a18c-10a91295727a
[2m[WebServer] [22m GET /api/admin/guests?format=simple [32m200[39m in 1818ms[2m (compile: 1128ms, proxy.ts: 533ms, render: 157ms)[22m
[2m[WebServer] [22m POST /api/admin/emails/schedule [32m200[39m in 2.4s[2m (compile: 2.1s, proxy.ts: 227ms, render: 158ms)[22m
[2m[WebServer] [22m GET /api/admin/groups [32m200[39m in 1833ms[2m (compile: 1137ms, proxy.ts: 525ms, render: 171ms)[22m
[2m[WebServer] [22m GET /api/admin/emails/templates [32m200[39m in 1911ms[2m (compile: 1291ms, proxy.ts: 371ms, render: 249ms)[22m
[2m[WebServer] [22m[Middleware] User authenticated: e7f5ae65-376e-4d05-a18c-10a91295727a
[2m[WebServer] [22m[Middleware] Admin user data query result: { userData: { role: 'owner', status: 'active' }, userError: null }
[2m[WebServer] [22m[Middleware] Access granted for admin role: owner
[2m[WebServer] [22m GET /api/admin/emails [33m400[39m in 256ms[2m (compile: 12ms, proxy.ts: 239ms, render: 5ms)[22m
🧹 Running comprehensive test cleanup...
[2m[WebServer] [22m[Middleware] User authenticated: e7f5ae65-376e-4d05-a18c-10a91295727a
[2m[WebServer] [22m[Middleware] Admin user data query result: { userData: { role: 'owner', status: 'active' }, userError: null }
[2m[WebServer] [22m[Middleware] Access granted for admin role: owner
[2m[WebServer] [22m POST /api/admin/emails/send [32m200[39m in 735ms[2m (compile: 6ms, proxy.ts: 245ms, render: 485ms)[22m
[2m[WebServer] [22m POST /api/admin/emails/send [32m200[39m in 11.5s[2m (compile: 2ms, proxy.ts: 215ms, render: 11.3s)[22m
[2m[WebServer] [22m[Middleware] User authenticated: e7f5ae65-376e-4d05-a18c-10a91295727a
[2m[WebServer] [22m[Middleware] User authenticated: e7f5ae65-376e-4d05-a18c-10a91295727a
[2m[WebServer] [22m[Middleware] Admin user data query result: { userData: { role: 'owner', status: 'active' }, userError: null }
[2m[WebServer] [22m[Middleware] Access granted for admin role: owner
[2m[WebServer] [22m GET /api/admin/emails [33m400[39m in 220ms[2m (compile: 1707µs, proxy.ts: 214ms, render: 4ms)[22m
[2m[WebServer] [22m[Middleware] Admin user data query result: { userData: { role: 'owner', status: 'active' }, userError: null }
[2m[WebServer] [22m[Middleware] Access granted for admin role: owner
[2m[WebServer] [22m GET /api/admin/emails [33m400[39m in 228ms[2m (compile: 1546µs, proxy.ts: 222ms, render: 4ms)[22m
✅ Comprehensive cleanup complete
  ✓  10 [chromium] › __tests__/e2e/admin/emailManagement.spec.ts:496:7 › Bulk Email & Template Management › should send bulk email to all guests (14.8s)
  ✓  12 [chromium] › __tests__/e2e/admin/emailManagement.spec.ts:359:7 › Email Scheduling & Drafts › should schedule email for future delivery (retry #1) (8.3s)
[2m[WebServer] [22m[Middleware] User authenticated: e7f5ae65-376e-4d05-a18c-10a91295727a
[2m[WebServer] [22m[Middleware] User authenticated: e7f5ae65-376e-4d05-a18c-10a91295727a
[2m[WebServer] [22m[Middleware] Admin user data query result: { userData: { role: 'owner', status: 'active' }, userError: null }
[2m[WebServer] [22m[Middleware] Access granted for admin role: owner
[2m[WebServer] [22m[Middleware] Admin user data query result: { userData: { role: 'owner', status: 'active' }, userError: null }
[2m[WebServer] [22m[Middleware] Access granted for admin role: owner
[2m[WebServer] [22m GET /admin/emails [32m200[39m in 397ms[2m (compile: 50ms, proxy.ts: 239ms, render: 108ms)[22m
[2m[WebServer] [22m GET /admin/emails [32m200[39m in 325ms[2m (compile: 9ms, proxy.ts: 251ms, render: 64ms)[22m
  ✓  14 [chromium] › __tests__/e2e/admin/emailManagement.spec.ts:522:7 › Bulk Email & Template Management › should sanitize email content for XSS prevention (6.7s)
[2m[WebServer] [22m[Middleware] User authenticated: e7f5ae65-376e-4d05-a18c-10a91295727a
[2m[WebServer] [22m[Middleware] User authenticated: e7f5ae65-376e-4d05-a18c-10a91295727a
[2m[WebServer] [22m[Middleware] User authenticated: e7f5ae65-376e-4d05-a18c-10a91295727a
[2m[WebServer] [22m[Middleware] Admin user data query result: { userData: { role: 'owner', status: 'active' }, userError: null }
[2m[WebServer] [22m[Middleware] Access granted for admin role: owner
[2m[WebServer] [22m GET /admin/emails [32m200[39m in 286ms[2m (compile: 3ms, proxy.ts: 226ms, render: 57ms)[22m
[2m[WebServer] [22m[Middleware] Admin user data query result: { userData: { role: 'owner', status: 'active' }, userError: null }
[2m[WebServer] [22m[Middleware] Access granted for admin role: owner
[2m[WebServer] [22m[Middleware] Admin user data query result: { userData: { role: 'owner', status: 'active' }, userError: null }
[2m[WebServer] [22m[Middleware] Access granted for admin role: owner
[2m[WebServer] [22m GET /api/admin/emails [33m400[39m in 261ms[2m (compile: 9ms, proxy.ts: 246ms, render: 5ms)[22m
[2m[WebServer] [22m GET /api/admin/emails [33m400[39m in 279ms[2m (compile: 12ms, proxy.ts: 259ms, render: 9ms)[22m
[2m[WebServer] [22m[Middleware] User authenticated: e7f5ae65-376e-4d05-a18c-10a91295727a
[2m[WebServer] [22m[Middleware] User authenticated: e7f5ae65-376e-4d05-a18c-10a91295727a
[2m[WebServer] [22m[Middleware] User authenticated: e7f5ae65-376e-4d05-a18c-10a91295727a
[2m[WebServer] [22m[Middleware] User authenticated: e7f5ae65-376e-4d05-a18c-10a91295727a
[2m[WebServer] [22m[Middleware] User authenticated: e7f5ae65-376e-4d05-a18c-10a91295727a
[2m[WebServer] [22m[Middleware] User authenticated: e7f5ae65-376e-4d05-a18c-10a91295727a
[2m[WebServer] [22m[Middleware] Admin user data query result: { userData: { role: 'owner', status: 'active' }, userError: null }
[2m[WebServer] [22m[Middleware] Access granted for admin role: owner
[2m[WebServer] [22m[Middleware] Admin user data query result: { userData: { role: 'owner', status: 'active' }, userError: null }
[2m[WebServer] [22m[Middleware] Access granted for admin role: owner
[2m[WebServer] [22m[Middleware] Admin user data query result: { userData: { role: 'owner', status: 'active' }, userError: null }
[2m[WebServer] [22m[Middleware] Access granted for admin role: owner
[2m[WebServer] [22m[Middleware] Admin user data query result: { userData: { role: 'owner', status: 'active' }, userError: null }
[2m[WebServer] [22m[Middleware] Access granted for admin role: owner
[2m[WebServer] [22m[Middleware] User authenticated: e7f5ae65-376e-4d05-a18c-10a91295727a
[2m[WebServer] [22m[Middleware] Admin user data query result: { userData: { role: 'owner', status: 'active' }, userError: null }
[2m[WebServer] [22m[Middleware] Access granted for admin role: owner
[2m[WebServer] [22m[Middleware] Admin user data query result: { userData: { role: 'owner', status: 'active' }, userError: null }
[2m[WebServer] [22m[Middleware] Access granted for admin role: owner
[2m[WebServer] [22m[verifyAuth] User authenticated: e7f5ae65-376e-4d05-a18c-10a91295727a
[2m[WebServer] [22m GET /api/admin/groups [32m200[39m in 363ms[2m (compile: 8ms, proxy.ts: 239ms, render: 117ms)[22m
[2m[WebServer] [22m GET /api/admin/guests?format=simple [32m200[39m in 373ms[2m (compile: 10ms, proxy.ts: 244ms, render: 120ms)[22m
[2m[WebServer] [22m[Middleware] Admin user data query result: { userData: { role: 'owner', status: 'active' }, userError: null }
[2m[WebServer] [22m[Middleware] Access granted for admin role: owner
[2m[WebServer] [22m GET /api/admin/guests?format=simple [32m200[39m in 361ms[2m (compile: 5ms, proxy.ts: 229ms, render: 127ms)[22m
[2m[WebServer] [22m GET /api/admin/emails [33m400[39m in 274ms[2m (compile: 3ms, proxy.ts: 265ms, render: 6ms)[22m
[2m[WebServer] [22m GET /api/admin/groups [32m200[39m in 388ms[2m (compile: 1451µs, proxy.ts: 271ms, render: 115ms)[22m
[2m[WebServer] [22m[verifyAuth] User authenticated: e7f5ae65-376e-4d05-a18c-10a91295727a
[2m[WebServer] [22m GET /api/admin/emails/templates [32m200[39m in 460ms[2m (compile: 4ms, proxy.ts: 236ms, render: 220ms)[22m
[2m[WebServer] [22m GET /api/admin/emails/templates [32m200[39m in 507ms[2m (compile: 1184µs, proxy.ts: 277ms, render: 229ms)[22m
  ✓  16 [chromium] › __tests__/e2e/admin/emailManagement.spec.ts:595:7 › Email Management Accessibility › should have accessible form elements with ARIA labels (2.4s)
  ✓  15 [chromium] › __tests__/e2e/admin/emailManagement.spec.ts:565:7 › Email Management Accessibility › should have keyboard navigation in email form (2.6s)
🧹 Running comprehensive test cleanup...
✅ Comprehensive cleanup complete
  ✘  13 [chromium] › __tests__/e2e/admin/emailManagement.spec.ts:279:7 › Email Composition & Templates › should preview email before sending (retry #1) (20.1s)

🧹 E2E Global Teardown Starting...

🗑️  Cleaning up test data...
🧹 Running comprehensive test cleanup...
✅ Comprehensive cleanup complete
✅ Test data cleaned

🔓 Removing authentication state...
   Removed: .auth/admin.json
   Removed empty .auth directory
✅ Authentication state removed

📊 Execution Summary:
   Duration: 1.66s
   Errors: 0
   Status: ✅ Clean teardown

✨ E2E Global Teardown Complete!



  1) [chromium] › __tests__/e2e/admin/emailManagement.spec.ts:95:7 › Email Composition & Templates › should complete full email composition and sending workflow 

    TimeoutError: locator.selectOption: Timeout 15000ms exceeded.
    Call log:
    [2m  - waiting for locator('select#recipients')[22m
    [2m    - locator resolved to <select multiple required="" id="recipients" aria-label="Select guest recipients" class="w-full px-3 py-2 border border-sage-300 rounded-lg focus:outline-none focus:ring-2 focus:ring-jungle-500 min-h-[120px]">…</select>[22m
    [2m  - attempting select option action[22m
    [2m    2 × waiting for element to be visible and enabled[22m
    [2m      - did not find some options[22m
    [2m    - retrying select option action[22m
    [2m    - waiting 20ms[22m
    [2m    2 × waiting for element to be visible and enabled[22m
    [2m      - did not find some options[22m
    [2m    - retrying select option action[22m
    [2m      - waiting 100ms[22m
    [2m    8 × waiting for element to be visible and enabled[22m
    [2m      - did not find some options[22m
    [2m    - retrying select option action[22m
    [2m      - waiting 500ms[22m
    [2m  - element was detached from the DOM, retrying[22m
    [2m    - waiting for" http://localhost:3000/admin/emails" navigation to finish...[22m
    [2m    - navigated to "http://localhost:3000/admin/emails"[22m


      113 |     // Select recipients from multi-select dropdown
      114 |     const recipientsSelect = page.locator('select#recipients');
    > 115 |     await recipientsSelect.selectOption([testGuestId1, testGuestId2]);
          |                            ^
      116 |     await page.waitForTimeout(300);
      117 |
      118 |     // Fill in subject
        at /Users/jaron/Desktop/wedding-platform-v2/__tests__/e2e/admin/emailManagement.spec.ts:115:28

    attachment #1: screenshot (image/png) ──────────────────────────────────────────────────────────
    test-results/admin-emailManagement-Emai-751e6-sition-and-sending-workflow-chromium/test-failed-1.png
    ────────────────────────────────────────────────────────────────────────────────────────────────

    attachment #2: video (video/webm) ──────────────────────────────────────────────────────────────
    test-results/admin-emailManagement-Emai-751e6-sition-and-sending-workflow-chromium/video.webm
    ────────────────────────────────────────────────────────────────────────────────────────────────

    Error Context: test-results/admin-emailManagement-Emai-751e6-sition-and-sending-workflow-chromium/error-context.md

    Retry #1 ───────────────────────────────────────────────────────────────────────────────────────

    Error: [2mexpect([22m[31mreceived[39m[2m).[22mtoContain[2m([22m[32mexpected[39m[2m) // indexOf[22m

    Expected value: [32mundefined[39m
    Received array: [31m["pending", "sent"][39m

      147 |     expect(emailQueue).toBeDefined();
      148 |     expect(emailQueue!.length).toBe(2);
    > 149 |     expect(['pending', 'sent']).toContain(emailQueue![0].status);
          |                                 ^
      150 |   });
      151 |
      152 |   test('should use email template with variable substitution', async ({ page }) => {
        at /Users/jaron/Desktop/wedding-platform-v2/__tests__/e2e/admin/emailManagement.spec.ts:149:33

    attachment #1: screenshot (image/png) ──────────────────────────────────────────────────────────
    test-results/admin-emailManagement-Emai-751e6-sition-and-sending-workflow-chromium-retry1/test-failed-1.png
    ────────────────────────────────────────────────────────────────────────────────────────────────

    attachment #2: video (video/webm) ──────────────────────────────────────────────────────────────
    test-results/admin-emailManagement-Emai-751e6-sition-and-sending-workflow-chromium-retry1/video.webm
    ────────────────────────────────────────────────────────────────────────────────────────────────

    Error Context: test-results/admin-emailManagement-Emai-751e6-sition-and-sending-workflow-chromium-retry1/error-context.md

    attachment #4: trace (application/zip) ─────────────────────────────────────────────────────────
    test-results/admin-emailManagement-Emai-751e6-sition-and-sending-workflow-chromium-retry1/trace.zip
    Usage:

        npx playwright show-trace test-results/admin-emailManagement-Emai-751e6-sition-and-sending-workflow-chromium-retry1/trace.zip

    ────────────────────────────────────────────────────────────────────────────────────────────────

  2) [chromium] › __tests__/e2e/admin/emailManagement.spec.ts:279:7 › Email Composition & Templates › should preview email before sending 

    TimeoutError: locator.selectOption: Timeout 15000ms exceeded.
    Call log:
    [2m  - waiting for locator('select#recipients')[22m
    [2m    - locator resolved to <select multiple required="" id="recipients" aria-label="Select guest recipients" class="w-full px-3 py-2 border border-sage-300 rounded-lg focus:outline-none focus:ring-2 focus:ring-jungle-500 min-h-[120px]">…</select>[22m
    [2m  - attempting select option action[22m
    [2m    2 × waiting for element to be visible and enabled[22m
    [2m      - did not find some options[22m
    [2m    - retrying select option action[22m
    [2m    - waiting 20ms[22m
    [2m    2 × waiting for element to be visible and enabled[22m
    [2m      - did not find some options[22m
    [2m    - retrying select option action[22m
    [2m      - waiting 100ms[22m
    [2m    23 × waiting for element to be visible and enabled[22m
    [2m       - did not find some options[22m
    [2m     - retrying select option action[22m
    [2m       - waiting 500ms[22m
    [2m    - waiting for" http://localhost:3000/admin/emails" navigation to finish...[22m
    [2m    - navigated to "http://localhost:3000/admin/emails"[22m
    [2m    - waiting for element to be visible and enabled[22m
    [2m  - element was detached from the DOM, retrying[22m


      293 |     const recipientsSelect = page.locator('select#recipients');
      294 |     await waitForGuestOptions(page);
    > 295 |     await recipientsSelect.selectOption([testGuestId1]);
          |                            ^
      296 |     await page.waitForTimeout(300);
      297 |
      298 |     // Click preview button
        at /Users/jaron/Desktop/wedding-platform-v2/__tests__/e2e/admin/emailManagement.spec.ts:295:28

    attachment #1: screenshot (image/png) ──────────────────────────────────────────────────────────
    test-results/admin-emailManagement-Emai-b3508-review-email-before-sending-chromium/test-failed-1.png
    ────────────────────────────────────────────────────────────────────────────────────────────────

    attachment #2: video (video/webm) ──────────────────────────────────────────────────────────────
    test-results/admin-emailManagement-Emai-b3508-review-email-before-sending-chromium/video.webm
    ────────────────────────────────────────────────────────────────────────────────────────────────

    Error Context: test-results/admin-emailManagement-Emai-b3508-review-email-before-sending-chromium/error-context.md

    Retry #1 ───────────────────────────────────────────────────────────────────────────────────────

    TimeoutError: locator.click: Timeout 15000ms exceeded.
    Call log:
    [2m  - waiting for locator('button:has-text("Show Preview")')[22m
    [2m    - waiting for" http://localhost:3000/admin/emails" navigation to finish...[22m
    [2m    - navigated to "http://localhost:3000/admin/emails"[22m


      310 |
      311 |     // Click preview again to hide
    > 312 |     await previewButton.click();
          |                         ^
      313 |     await page.waitForTimeout(300);
      314 |
      315 |     // Now send the email
        at /Users/jaron/Desktop/wedding-platform-v2/__tests__/e2e/admin/emailManagement.spec.ts:312:25

    attachment #1: screenshot (image/png) ──────────────────────────────────────────────────────────
    test-results/admin-emailManagement-Emai-b3508-review-email-before-sending-chromium-retry1/test-failed-1.png
    ────────────────────────────────────────────────────────────────────────────────────────────────

    attachment #2: video (video/webm) ──────────────────────────────────────────────────────────────
    test-results/admin-emailManagement-Emai-b3508-review-email-before-sending-chromium-retry1/video.webm
    ────────────────────────────────────────────────────────────────────────────────────────────────

    Error Context: test-results/admin-emailManagement-Emai-b3508-review-email-before-sending-chromium-retry1/error-context.md

    attachment #4: trace (application/zip) ─────────────────────────────────────────────────────────
    test-results/admin-emailManagement-Emai-b3508-review-email-before-sending-chromium-retry1/trace.zip
    Usage:

        npx playwright show-trace test-results/admin-emailManagement-Emai-b3508-review-email-before-sending-chromium-retry1/trace.zip

    ────────────────────────────────────────────────────────────────────────────────────────────────

  3) [chromium] › __tests__/e2e/admin/emailManagement.spec.ts:359:7 › Email Scheduling & Drafts › should schedule email for future delivery 

    TimeoutError: locator.selectOption: Timeout 15000ms exceeded.
    Call log:
    [2m  - waiting for locator('select#recipients')[22m
    [2m    - locator resolved to <select multiple required="" id="recipients" aria-label="Select guest recipients" class="w-full px-3 py-2 border border-sage-300 rounded-lg focus:outline-none focus:ring-2 focus:ring-jungle-500 min-h-[120px]">…</select>[22m
    [2m  - attempting select option action[22m
    [2m    2 × waiting for element to be visible and enabled[22m
    [2m      - did not find some options[22m
    [2m    - retrying select option action[22m
    [2m    - waiting 20ms[22m
    [2m    2 × waiting for element to be visible and enabled[22m
    [2m      - did not find some options[22m
    [2m    - retrying select option action[22m
    [2m      - waiting 100ms[22m
    [2m    23 × waiting for element to be visible and enabled[22m
    [2m       - did not find some options[22m
    [2m     - retrying select option action[22m
    [2m       - waiting 500ms[22m
    [2m    - waiting for" http://localhost:3000/admin/emails" navigation to finish...[22m
    [2m    - navigated to "http://localhost:3000/admin/emails"[22m
    [2m    - waiting for element to be visible and enabled[22m
    [2m  - element was detached from the DOM, retrying[22m


      373 |     const recipientsSelect = page.locator('select#recipients');
      374 |     await waitForGuestOptions(page);
    > 375 |     await recipientsSelect.selectOption([testGuestId1]);
          |                            ^
      376 |     await page.waitForTimeout(300);
      377 |
      378 |     // Enable scheduling
        at /Users/jaron/Desktop/wedding-platform-v2/__tests__/e2e/admin/emailManagement.spec.ts:375:28

    attachment #1: screenshot (image/png) ──────────────────────────────────────────────────────────
    test-results/admin-emailManagement-Emai-a555c-e-email-for-future-delivery-chromium/test-failed-1.png
    ────────────────────────────────────────────────────────────────────────────────────────────────

    attachment #2: video (video/webm) ──────────────────────────────────────────────────────────────
    test-results/admin-emailManagement-Emai-a555c-e-email-for-future-delivery-chromium/video.webm
    ────────────────────────────────────────────────────────────────────────────────────────────────

    Error Context: test-results/admin-emailManagement-Emai-a555c-e-email-for-future-delivery-chromium/error-context.md

  2 failed
    [chromium] › __tests__/e2e/admin/emailManagement.spec.ts:95:7 › Email Composition & Templates › should complete full email composition and sending workflow 
    [chromium] › __tests__/e2e/admin/emailManagement.spec.ts:279:7 › Email Composition & Templates › should preview email before sending 
  1 flaky
    [chromium] › __tests__/e2e/admin/emailManagement.spec.ts:359:7 › Email Scheduling & Drafts › should schedule email for future delivery 
  1 skipped
  9 passed (1.1m)

[36m  Serving HTML report at http://localhost:9323. Press Ctrl+C to quit.[39m
