
> destination-wedding-platform@0.1.0 test:e2e
> playwright test __tests__/e2e/auth/guestAuth.spec.ts --workers=1

[dotenv@17.2.4] injecting env (24) from .env.e2e -- tip: ⚙️  suppress all logs with { quiet: true }
[2m[WebServer] [22m
[2m[WebServer] [22m> destination-wedding-platform@0.1.0 dev
[2m[WebServer] [22m> next dev --webpack
[2m[WebServer] [22m
[2m[WebServer] [22m[1m[38;2;173;127;168m▲ Next.js 16.1.1[39m[22m (webpack)
[2m[WebServer] [22m- Local:         http://localhost:3000
[2m[WebServer] [22m- Network:       http://192.168.180.84:3000
[2m[WebServer] [22m- Environments: .env.test
[2m[WebServer] [22m
[2m[WebServer] [22m[32m[1m✓[22m[39m Starting...
[2m[WebServer] [22m[33m[1m⚠[22m[39m The "middleware" file convention is deprecated. Please use "proxy" instead. Learn more: https://nextjs.org/docs/messages/middleware-to-proxy
[2m[WebServer] [22m🚀 Initializing application services...
[2m[WebServer] [22m✅ B2 client initialized successfully {
[2m[WebServer] [22m  endpoint: [32m'https://s3.us-west-004.backblazeb2.com'[39m,
[2m[WebServer] [22m  region: [32m'us-west-004'[39m,
[2m[WebServer] [22m  bucket: [32m'test-bucket'[39m,
[2m[WebServer] [22m  cdnDomain: [32m'https://test-cdn.example.com'[39m
[2m[WebServer] [22m}
[2m[WebServer] [22m✅ Application services initialized successfully
[2m[WebServer] [22m[32m[1m✓[22m[39m Ready in 1943ms

🚀 E2E Global Setup Starting...

📊 Verifying test database connection...
[2m[WebServer] [22m GET / [32m200[39m in 2.3s[2m (compile: 1982ms, proxy.ts: 155ms, render: 188ms)[22m
✅ Test database connected

🧹 Cleaning up test data...
   Cleaning up leftover test data...
   Test data cleanup complete
✅ Test data cleaned

👤 Creating test guest...
   Created warmup guest: warmup@example.com (ID: 76baf3f2-1000-4cc3-b765-41f0579442ab)
   Created test guest: test@example.com (ID: 5cb81b3d-e4c5-4f72-bede-62d627107729)
✅ Test guest created

📦 Creating comprehensive test data...
   Creating location hierarchy...
   Location hierarchy already exists
   Creating events...
   Events already exist
   Creating activities...
   Warning: Could not create comprehensive test data: Failed to create ceremony activity: Could not find the 'cost_per_guest' column of 'activities' in the schema cache
   Some E2E tests may fail due to missing data
✅ Comprehensive test data created

🌐 Verifying Next.js server...
✅ Next.js server is running

🔥 Warming up API routes...
   Warming up 3 guest auth routes with retry logic...
[2m[WebServer] [22m GET / [32m200[39m in 50ms[2m (compile: 4ms, proxy.ts: 10ms, render: 36ms)[22m
[2m[WebServer] [22m[API] Looking for guest with email: warmup@example.com
[2m[WebServer] [22m[API] Guest query result: {
[2m[WebServer] [22m  found: [33mtrue[39m,
[2m[WebServer] [22m  email: [32m'warmup@example.com'[39m,
[2m[WebServer] [22m  authMethod: [32m'email_matching'[39m,
[2m[WebServer] [22m  error: [90mundefined[39m
[2m[WebServer] [22m}
[2m[WebServer] [22m[API] Setting guest session cookie: {
[2m[WebServer] [22m  tokenPrefix: [32m'876b6602'[39m,
[2m[WebServer] [22m  cookieOptions: {
[2m[WebServer] [22m    httpOnly: [33mtrue[39m,
[2m[WebServer] [22m    secure: [33mfalse[39m,
[2m[WebServer] [22m    sameSite: [32m'lax'[39m,
[2m[WebServer] [22m    maxAge: [33m86400[39m,
[2m[WebServer] [22m    path: [32m'/'[39m
[2m[WebServer] [22m  },
[2m[WebServer] [22m  guestId: [32m'76baf3f2-1000-4cc3-b765-41f0579442ab'[39m,
[2m[WebServer] [22m  sessionId: [32m'22a43b01-b91b-4ed9-809f-c814288fcc3d'[39m
[2m[WebServer] [22m}
   ✅ Route ready: /api/guest-auth/email-match (attempt 1/5, status: 200)
[2m[WebServer] [22m POST /api/guest-auth/email-match [32m200[39m in 1393ms[2m (compile: 1082ms, proxy.ts: 8ms, render: 302ms)[22m
[2m[WebServer] [22mFailed to log audit event: {
[2m[WebServer] [22m  code: [32m'PGRST204'[39m,
[2m[WebServer] [22m  details: [1mnull[22m,
[2m[WebServer] [22m  hint: [1mnull[22m,
[2m[WebServer] [22m  message: [32m"Could not find the 'details' column of 'audit_logs' in the schema cache"[39m
[2m[WebServer] [22m}
   ✅ Route ready: /api/guest-auth/magic-link/request (attempt 1/5, status: 404)
[2m[WebServer] [22m POST /api/guest-auth/magic-link/request [33m404[39m in 426ms[2m (compile: 261ms, proxy.ts: 12ms, render: 153ms)[22m
   ✅ Route ready: /api/guest-auth/magic-link/verify (attempt 1/5, status: 400)
[2m[WebServer] [22m POST /api/guest-auth/magic-link/verify [33m400[39m in 1140ms[2m (compile: 991ms, proxy.ts: 7ms, render: 142ms)[22m
   ✅ Guest auth routes warmup complete
✅ API routes warmed up

🔐 Setting up admin authentication...
   Attempting browser-based admin login: admin@example.com
   Created .auth directory: /Users/jaron/Desktop/wedding-platform-v2/.auth
   Navigating to http://localhost:3000/auth/login...
[2m[WebServer] [22m GET /auth/login [32m200[39m in 1056ms[2m (compile: 936ms, proxy.ts: 15ms, render: 106ms)[22m
   Page loaded, filling form...
   Form filled, submitting...
[2m[WebServer] [22m[Middleware] User authenticated: e7f5ae65-376e-4d05-a18c-10a91295727a
[2m[WebServer] [22m[Middleware] Admin user data query result: { userData: { role: 'owner', status: 'active' }, userError: null }
[2m[WebServer] [22m[Middleware] Access granted for admin role: owner
[2m[WebServer] [22m[33m[1m⚠[22m[39m Fast Refresh had to perform a full reload. Read more: https://nextjs.org/docs/messages/fast-refresh-reload
[2m[WebServer] [22m GET /admin [32m200[39m in 991ms[2m (compile: 581ms, proxy.ts: 286ms, render: 124ms)[22m
   Current URL after submit: http://localhost:3000/admin
   ✅ Successfully logged in via browser
   ✅ Authentication state saved
✅ Admin authentication saved

✨ E2E Global Setup Complete!


Running 15 tests using 1 worker

[dotenv@17.2.4] injecting env (0) from .env.e2e -- tip: 🔐 encrypt with Dotenvx: https://dotenvx.com
[Worker 0] Created test guest: {
  email: [32m'test-w0-1770423660072-00u56hvg@example.com'[39m,
  id: [32m'f4186427-f876-4722-bca0-ef7fdae7ac34'[39m,
  authMethod: [32m'email_matching'[39m,
  groupId: [32m'9d15b53e-3abc-41bf-be87-7a66ea024ae8'[39m
}
[Worker 0] ✅ Verified guest exists: {
  email: [32m'test-w0-1770423660072-00u56hvg@example.com'[39m,
  authMethod: [32m'email_matching'[39m
}
[2m[WebServer] [22m GET /auth/guest-login [32m200[39m in 489ms[2m (compile: 396ms, proxy.ts: 6ms, render: 87ms)[22m
[2m[WebServer] [22m[API] Looking for guest with email: test-w0-1770423660072-00u56hvg@example.com
[2m[WebServer] [22m[API] Guest query result: {
[2m[WebServer] [22m  found: [33mtrue[39m,
[2m[WebServer] [22m  email: [32m'test-w0-1770423660072-00u56hvg@example.com'[39m,
[2m[WebServer] [22m  authMethod: [32m'email_matching'[39m,
[2m[WebServer] [22m  error: [90mundefined[39m
[2m[WebServer] [22m}
[2m[WebServer] [22m[API] Setting guest session cookie: {
[2m[WebServer] [22m  tokenPrefix: [32m'9c88ef25'[39m,
[2m[WebServer] [22m  cookieOptions: {
[2m[WebServer] [22m    httpOnly: [33mtrue[39m,
[2m[WebServer] [22m    secure: [33mfalse[39m,
[2m[WebServer] [22m    sameSite: [32m'lax'[39m,
[2m[WebServer] [22m    maxAge: [33m86400[39m,
[2m[WebServer] [22m    path: [32m'/'[39m
[2m[WebServer] [22m  },
[2m[WebServer] [22m  guestId: [32m'f4186427-f876-4722-bca0-ef7fdae7ac34'[39m,
[2m[WebServer] [22m  sessionId: [32m'c0e81170-ac13-40aa-bcdf-373aa1b1c821'[39m
[2m[WebServer] [22m}
[2m[WebServer] [22m POST /api/guest-auth/email-match [32m200[39m in 331ms[2m (compile: 39ms, proxy.ts: 8ms, render: 284ms)[22m
[2m[WebServer] [22mFailed to log audit event: {
[2m[WebServer] [22m  code: [32m'PGRST204'[39m,
[2m[WebServer] [22m  details: [1mnull[22m,
[2m[WebServer] [22m  hint: [1mnull[22m,
[2m[WebServer] [22m  message: [32m"Could not find the 'details' column of 'audit_logs' in the schema cache"[39m
[2m[WebServer] [22m}
[2m[WebServer] [22m[Middleware] Guest auth check: {
[2m[WebServer] [22m  path: '/guest/dashboard',
[2m[WebServer] [22m  hasCookie: true,
[2m[WebServer] [22m  cookieValue: '9c88ef25...',
[2m[WebServer] [22m  allCookies: [ 'sb-olcqaawrpnanioaorfer-auth-token', 'guest_session' ]
[2m[WebServer] [22m}
[2m[WebServer] [22m[Middleware] Session query result: {
[2m[WebServer] [22m  sessionsFound: 1,
[2m[WebServer] [22m  hasError: false,
[2m[WebServer] [22m  errorMessage: undefined,
[2m[WebServer] [22m  tokenPrefix: '9c88ef25'
[2m[WebServer] [22m}
[2m[WebServer] [22m[GuestDashboard] Session check: { hasToken: [33mtrue[39m, tokenPrefix: [32m'9c88ef25'[39m }
[2m[WebServer] [22m[GuestDashboard] Session query result: {
[2m[WebServer] [22m  found: [33mtrue[39m,
[2m[WebServer] [22m  error: [90mundefined[39m,
[2m[WebServer] [22m  guestId: [32m'f4186427-f876-4722-bca0-ef7fdae7ac34'[39m
[2m[WebServer] [22m}
[2m[WebServer] [22m[GuestDashboard] Guest query result: {
[2m[WebServer] [22m  found: [33mtrue[39m,
[2m[WebServer] [22m  error: [90mundefined[39m,
[2m[WebServer] [22m  email: [32m'test-w0-1770423660072-00u56hvg@example.com'[39m
[2m[WebServer] [22m}
[2m[WebServer] [22m[GuestDashboard] Rendering dashboard for guest: test-w0-1770423660072-00u56hvg@example.com
[2m[WebServer] [22m GET /guest/dashboard [32m200[39m in 1157ms[2m (compile: 625ms, proxy.ts: 116ms, render: 416ms)[22m
[2m[WebServer] [22m[Middleware] Guest auth check: {
[2m[WebServer] [22m  path: '/api/guest/events',
[2m[WebServer] [22m  hasCookie: true,
[2m[WebServer] [22m  cookieValue: '9c88ef25...',
[2m[WebServer] [22m  allCookies: [ 'sb-olcqaawrpnanioaorfer-auth-token', 'guest_session' ]
[2m[WebServer] [22m}
[2m[WebServer] [22m[Middleware] Guest auth check: {
[2m[WebServer] [22m  path: '/api/guest/wedding-info',
[2m[WebServer] [22m  hasCookie: true,
[2m[WebServer] [22m  cookieValue: '9c88ef25...',
[2m[WebServer] [22m  allCookies: [ 'sb-olcqaawrpnanioaorfer-auth-token', 'guest_session' ]
[2m[WebServer] [22m}
[2m[WebServer] [22m[Middleware] Guest auth check: {
[2m[WebServer] [22m  path: '/api/guest/rsvps',
[2m[WebServer] [22m  hasCookie: true,
[2m[WebServer] [22m  cookieValue: '9c88ef25...',
[2m[WebServer] [22m  allCookies: [ 'sb-olcqaawrpnanioaorfer-auth-token', 'guest_session' ]
[2m[WebServer] [22m}
[2m[WebServer] [22m[Middleware] Guest auth check: {
[2m[WebServer] [22m  path: '/api/guest/announcements',
[2m[WebServer] [22m  hasCookie: true,
[2m[WebServer] [22m  cookieValue: '9c88ef25...',
[2m[WebServer] [22m  allCookies: [ 'sb-olcqaawrpnanioaorfer-auth-token', 'guest_session' ]
[2m[WebServer] [22m}
[2m[WebServer] [22m[Middleware] Session query result: {
[2m[WebServer] [22m  sessionsFound: 0,
[2m[WebServer] [22m  hasError: false,
[2m[WebServer] [22m  errorMessage: undefined,
[2m[WebServer] [22m  tokenPrefix: '9c88ef25'
[2m[WebServer] [22m}
[2m[WebServer] [22m[Middleware] No session found in database for token
[2m[WebServer] [22m[Middleware] Session query result: {
[2m[WebServer] [22m  sessionsFound: 0,
[2m[WebServer] [22m  hasError: false,
[2m[WebServer] [22m  errorMessage: undefined,
[2m[WebServer] [22m  tokenPrefix: '9c88ef25'
[2m[WebServer] [22m}
[2m[WebServer] [22m[Middleware] No session found in database for token
[2m[WebServer] [22m[Middleware] Session query result: {
[2m[WebServer] [22m  sessionsFound: 0,
[2m[WebServer] [22m  hasError: false,
[2m[WebServer] [22m  errorMessage: undefined,
[2m[WebServer] [22m  tokenPrefix: '9c88ef25'
[2m[WebServer] [22m}
[2m[WebServer] [22m[Middleware] No session found in database for token
[2m[WebServer] [22m[Middleware] Session query result: {
[2m[WebServer] [22m  sessionsFound: 0,
[2m[WebServer] [22m  hasError: false,
[2m[WebServer] [22m  errorMessage: undefined,
[2m[WebServer] [22m  tokenPrefix: '9c88ef25'
[2m[WebServer] [22m}
[2m[WebServer] [22m[Middleware] No session found in database for token
  ✓   1 [chromium] › __tests__/e2e/auth/guestAuth.spec.ts:158:7 › Guest Authentication › should successfully authenticate with email matching (4.3s)
[Worker 0] Created test guest: {
  email: [32m'test-w0-1770423664510-u17ig3qt@example.com'[39m,
  id: [32m'a14df1ba-f423-4df1-85c7-6dd197ac91dc'[39m,
  authMethod: [32m'email_matching'[39m,
  groupId: [32m'f190fa9b-bfd6-4919-bd31-b4c95c5abd6d'[39m
}
[Worker 0] ✅ Verified guest exists: {
  email: [32m'test-w0-1770423664510-u17ig3qt@example.com'[39m,
  authMethod: [32m'email_matching'[39m
}
[2m[WebServer] [22m GET /auth/guest-login [32m200[39m in 41ms[2m (compile: 8ms, proxy.ts: 5ms, render: 28ms)[22m
[2m[WebServer] [22m[API] Looking for guest with email: nonexistent@example.com
[2m[WebServer] [22m[API] Guest query result: {
[2m[WebServer] [22m  found: [33mfalse[39m,
[2m[WebServer] [22m  email: [90mundefined[39m,
[2m[WebServer] [22m  authMethod: [90mundefined[39m,
[2m[WebServer] [22m  error: [32m'Cannot coerce the result to a single JSON object'[39m
[2m[WebServer] [22m}
[2m[WebServer] [22m POST /api/guest-auth/email-match [33m404[39m in 137ms[2m (compile: 13ms, proxy.ts: 7ms, render: 117ms)[22m
  ✓   2 [chromium] › __tests__/e2e/auth/guestAuth.spec.ts:177:7 › Guest Authentication › should show error for non-existent email (1.9s)
[Worker 0] Created test guest: {
  email: [32m'test-w0-1770423666411-6mxa8l62@example.com'[39m,
  id: [32m'45aa8741-94fa-4686-a5c4-a2ec49a0f096'[39m,
  authMethod: [32m'email_matching'[39m,
  groupId: [32m'63a0c3c9-60fd-497f-bf9f-f8af03fb0227'[39m
}
[Worker 0] ✅ Verified guest exists: {
  email: [32m'test-w0-1770423666411-6mxa8l62@example.com'[39m,
  authMethod: [32m'email_matching'[39m
}
[2m[WebServer] [22m GET /auth/guest-login [32m200[39m in 29ms[2m (compile: 2ms, proxy.ts: 7ms, render: 19ms)[22m
  ✓   3 [chromium] › __tests__/e2e/auth/guestAuth.spec.ts:192:7 › Guest Authentication › should show error for invalid email format (1.5s)
[Worker 0] Created test guest: {
  email: [32m'test-w0-1770423667945-aq8iprxi@example.com'[39m,
  id: [32m'000ca1bd-d2ad-471a-9ad9-d2b424f97514'[39m,
  authMethod: [32m'email_matching'[39m,
  groupId: [32m'c3efb2f6-5c13-4d5d-9f53-e1573b39b6f1'[39m
}
[Worker 0] ✅ Verified guest exists: {
  email: [32m'test-w0-1770423667945-aq8iprxi@example.com'[39m,
  authMethod: [32m'email_matching'[39m
}
[2m[WebServer] [22m GET /auth/guest-login [32m200[39m in 31ms[2m (compile: 1841µs, proxy.ts: 6ms, render: 23ms)[22m
[2m[WebServer] [22m[API] Looking for guest with email: test-w0-1770423667945-aq8iprxi@example.com
[2m[WebServer] [22m[API] Guest query result: {
[2m[WebServer] [22m  found: [33mtrue[39m,
[2m[WebServer] [22m  email: [32m'test-w0-1770423667945-aq8iprxi@example.com'[39m,
[2m[WebServer] [22m  authMethod: [32m'email_matching'[39m,
[2m[WebServer] [22m  error: [90mundefined[39m
[2m[WebServer] [22m}
[2m[WebServer] [22m[API] Setting guest session cookie: {
[2m[WebServer] [22m  tokenPrefix: [32m'992c17db'[39m,
[2m[WebServer] [22m  cookieOptions: {
[2m[WebServer] [22m    httpOnly: [33mtrue[39m,
[2m[WebServer] [22m    secure: [33mfalse[39m,
[2m[WebServer] [22m    sameSite: [32m'lax'[39m,
[2m[WebServer] [22m    maxAge: [33m86400[39m,
[2m[WebServer] [22m    path: [32m'/'[39m
[2m[WebServer] [22m  },
[2m[WebServer] [22m  guestId: [32m'000ca1bd-d2ad-471a-9ad9-d2b424f97514'[39m,
[2m[WebServer] [22m  sessionId: [32m'e73b12df-3f8f-472c-b1d0-6dd0d4d62952'[39m
[2m[WebServer] [22m}
[2m[WebServer] [22m POST /api/guest-auth/email-match [32m200[39m in 250ms[2m (compile: 1632µs, proxy.ts: 8ms, render: 241ms)[22m
[2m[WebServer] [22mFailed to log audit event: {
[2m[WebServer] [22m  code: [32m'PGRST204'[39m,
[2m[WebServer] [22m  details: [1mnull[22m,
[2m[WebServer] [22m  hint: [1mnull[22m,
[2m[WebServer] [22m  message: [32m"Could not find the 'details' column of 'audit_logs' in the schema cache"[39m
[2m[WebServer] [22m}
[2m[WebServer] [22m[Middleware] Guest auth check: {
[2m[WebServer] [22m  path: '/guest/dashboard',
[2m[WebServer] [22m  hasCookie: true,
[2m[WebServer] [22m  cookieValue: '992c17db...',
[2m[WebServer] [22m  allCookies: [ 'sb-olcqaawrpnanioaorfer-auth-token', 'guest_session' ]
[2m[WebServer] [22m}
[2m[WebServer] [22m[Middleware] Session query result: {
[2m[WebServer] [22m  sessionsFound: 1,
[2m[WebServer] [22m  hasError: false,
[2m[WebServer] [22m  errorMessage: undefined,
[2m[WebServer] [22m  tokenPrefix: '992c17db'
[2m[WebServer] [22m}
[2m[WebServer] [22m[GuestDashboard] Session check: { hasToken: [33mtrue[39m, tokenPrefix: [32m'992c17db'[39m }
[2m[WebServer] [22m[GuestDashboard] Session query result: {
[2m[WebServer] [22m  found: [33mtrue[39m,
[2m[WebServer] [22m  error: [90mundefined[39m,
[2m[WebServer] [22m  guestId: [32m'000ca1bd-d2ad-471a-9ad9-d2b424f97514'[39m
[2m[WebServer] [22m}
[2m[WebServer] [22m[GuestDashboard] Guest query result: {
[2m[WebServer] [22m  found: [33mtrue[39m,
[2m[WebServer] [22m  error: [90mundefined[39m,
[2m[WebServer] [22m  email: [32m'test-w0-1770423667945-aq8iprxi@example.com'[39m
[2m[WebServer] [22m}
[2m[WebServer] [22m[GuestDashboard] Rendering dashboard for guest: test-w0-1770423667945-aq8iprxi@example.com
[2m[WebServer] [22m GET /guest/dashboard [32m200[39m in 433ms[2m (compile: 2ms, proxy.ts: 122ms, render: 308ms)[22m
[2m[WebServer] [22m[Middleware] Guest auth check: {
[2m[WebServer] [22m  path: '/api/guest/events',
[2m[WebServer] [22m  hasCookie: true,
[2m[WebServer] [22m  cookieValue: '992c17db...',
[2m[WebServer] [22m  allCookies: [ 'sb-olcqaawrpnanioaorfer-auth-token', 'guest_session' ]
[2m[WebServer] [22m}
[2m[WebServer] [22m[Middleware] Guest auth check: {
[2m[WebServer] [22m  path: '/api/guest/rsvps',
[2m[WebServer] [22m  hasCookie: true,
[2m[WebServer] [22m  cookieValue: '992c17db...',
[2m[WebServer] [22m  allCookies: [ 'sb-olcqaawrpnanioaorfer-auth-token', 'guest_session' ]
[2m[WebServer] [22m}
[2m[WebServer] [22m[Middleware] Guest auth check: {
[2m[WebServer] [22m  path: '/api/guest/wedding-info',
[2m[WebServer] [22m  hasCookie: true,
[2m[WebServer] [22m  cookieValue: '992c17db...',
[2m[WebServer] [22m  allCookies: [ 'sb-olcqaawrpnanioaorfer-auth-token', 'guest_session' ]
[2m[WebServer] [22m}
[2m[WebServer] [22m[Middleware] Guest auth check: {
[2m[WebServer] [22m  path: '/api/guest/announcements',
[2m[WebServer] [22m  hasCookie: true,
[2m[WebServer] [22m  cookieValue: '992c17db...',
[2m[WebServer] [22m  allCookies: [ 'sb-olcqaawrpnanioaorfer-auth-token', 'guest_session' ]
[2m[WebServer] [22m}
[2m[WebServer] [22m[Middleware] Session query result: {
[2m[WebServer] [22m  sessionsFound: 1,
[2m[WebServer] [22m  hasError: false,
[2m[WebServer] [22m  errorMessage: undefined,
[2m[WebServer] [22m  tokenPrefix: '992c17db'
[2m[WebServer] [22m}
[2m[WebServer] [22m[Middleware] Session query result: {
[2m[WebServer] [22m  sessionsFound: 1,
[2m[WebServer] [22m  hasError: false,
[2m[WebServer] [22m  errorMessage: undefined,
[2m[WebServer] [22m  tokenPrefix: '992c17db'
[2m[WebServer] [22m}
[2m[WebServer] [22m[Middleware] Session query result: {
[2m[WebServer] [22m  sessionsFound: 1,
[2m[WebServer] [22m  hasError: false,
[2m[WebServer] [22m  errorMessage: undefined,
[2m[WebServer] [22m  tokenPrefix: '992c17db'
[2m[WebServer] [22m}
[2m[WebServer] [22m[Middleware] Session query result: {
[2m[WebServer] [22m  sessionsFound: 1,
[2m[WebServer] [22m  hasError: false,
[2m[WebServer] [22m  errorMessage: undefined,
[2m[WebServer] [22m  tokenPrefix: '992c17db'
[2m[WebServer] [22m}
[2m[WebServer] [22m[Middleware] Guest auth check: {
[2m[WebServer] [22m  path: '/guest/dashboard',
[2m[WebServer] [22m  hasCookie: true,
[2m[WebServer] [22m  cookieValue: '992c17db...',
[2m[WebServer] [22m  allCookies: [
[2m[WebServer] [22m  'sb-olcqaawrpnanioaorfer-auth-token',
[2m[WebServer] [22m  'guest_session',
[2m[WebServer] [22m  '__next_hmr_refresh_hash__'
[2m[WebServer] [22m]
[2m[WebServer] [22m}
[2m[WebServer] [22m[Middleware] Session query result: {
[2m[WebServer] [22m  sessionsFound: 1,
[2m[WebServer] [22m  hasError: false,
[2m[WebServer] [22m  errorMessage: undefined,
[2m[WebServer] [22m  tokenPrefix: '992c17db'
[2m[WebServer] [22m}
[2m[WebServer] [22m[GuestDashboard] Session check: { hasToken: [33mtrue[39m, tokenPrefix: [32m'992c17db'[39m }
[2m[WebServer] [22m[GuestDashboard] Session query result: {
[2m[WebServer] [22m  found: [33mtrue[39m,
[2m[WebServer] [22m  error: [90mundefined[39m,
[2m[WebServer] [22m  guestId: [32m'000ca1bd-d2ad-471a-9ad9-d2b424f97514'[39m
[2m[WebServer] [22m}
[2m[WebServer] [22m[GuestDashboard] Guest query result: {
[2m[WebServer] [22m  found: [33mtrue[39m,
[2m[WebServer] [22m  error: [90mundefined[39m,
[2m[WebServer] [22m  email: [32m'test-w0-1770423667945-aq8iprxi@example.com'[39m
[2m[WebServer] [22m}
[2m[WebServer] [22m[GuestDashboard] Rendering dashboard for guest: test-w0-1770423667945-aq8iprxi@example.com
[2m[WebServer] [22m GET /guest/dashboard [32m200[39m in 235ms[2m (compile: 28ms, proxy.ts: 157ms, render: 50ms)[22m
[2m[WebServer] [22m GET /api/guest/wedding-info [31m500[39m in 1779ms[2m (compile: 1244ms, proxy.ts: 136ms, render: 399ms)[22m
[2m[WebServer] [22m GET /api/guest/announcements [31m500[39m in 1780ms[2m (compile: 1077ms, proxy.ts: 303ms, render: 400ms)[22m
[2m[WebServer] [22m GET /api/guest/rsvps [31m500[39m in 1787ms[2m (compile: 1270ms, proxy.ts: 110ms, render: 407ms)[22m
[2m[WebServer] [22m GET /api/guest/events [32m200[39m in 1929ms[2m (compile: 1234ms, proxy.ts: 146ms, render: 549ms)[22m
  ✘   4 [chromium] › __tests__/e2e/auth/guestAuth.spec.ts:205:7 › Guest Authentication › should show loading state during authentication (11.6s)
[dotenv@17.2.4] injecting env (0) from .env.e2e -- tip: ⚙️  suppress all logs with { quiet: true }
[Worker 1] Created test guest: {
  email: [32m'test-w1-1770423680298-74kprhh5@example.com'[39m,
  id: [32m'b9ea3874-8c7b-464c-a585-0ea76958f984'[39m,
  authMethod: [32m'email_matching'[39m,
  groupId: [32m'1d016cfc-6ae2-4c8e-8bdd-b88736a3829f'[39m
}
[Worker 1] ✅ Verified guest exists: {
  email: [32m'test-w1-1770423680298-74kprhh5@example.com'[39m,
  authMethod: [32m'email_matching'[39m
}
[2m[WebServer] [22m GET /auth/guest-login [32m200[39m in 250ms[2m (compile: 14ms, proxy.ts: 10ms, render: 226ms)[22m
[2m[WebServer] [22m[API] Looking for guest with email: test-w1-1770423680298-74kprhh5@example.com
[2m[WebServer] [22m[API] Guest query result: {
[2m[WebServer] [22m  found: [33mtrue[39m,
[2m[WebServer] [22m  email: [32m'test-w1-1770423680298-74kprhh5@example.com'[39m,
[2m[WebServer] [22m  authMethod: [32m'email_matching'[39m,
[2m[WebServer] [22m  error: [90mundefined[39m
[2m[WebServer] [22m}
[2m[WebServer] [22m[API] Setting guest session cookie: {
[2m[WebServer] [22m  tokenPrefix: [32m'eb0ee7ab'[39m,
[2m[WebServer] [22m  cookieOptions: {
[2m[WebServer] [22m    httpOnly: [33mtrue[39m,
[2m[WebServer] [22m    secure: [33mfalse[39m,
[2m[WebServer] [22m    sameSite: [32m'lax'[39m,
[2m[WebServer] [22m    maxAge: [33m86400[39m,
[2m[WebServer] [22m    path: [32m'/'[39m
[2m[WebServer] [22m  },
[2m[WebServer] [22m  guestId: [32m'b9ea3874-8c7b-464c-a585-0ea76958f984'[39m,
[2m[WebServer] [22m  sessionId: [32m'31a5448a-7e73-42b1-8ffd-99ddd851f076'[39m
[2m[WebServer] [22m}
[2m[WebServer] [22m POST /api/guest-auth/email-match [32m200[39m in 285ms[2m (compile: 6ms, proxy.ts: 5ms, render: 274ms)[22m
[2m[WebServer] [22mFailed to log audit event: {
[2m[WebServer] [22m  code: [32m'PGRST204'[39m,
[2m[WebServer] [22m  details: [1mnull[22m,
[2m[WebServer] [22m  hint: [1mnull[22m,
[2m[WebServer] [22m  message: [32m"Could not find the 'details' column of 'audit_logs' in the schema cache"[39m
[2m[WebServer] [22m}
[2m[WebServer] [22m[Middleware] Guest auth check: {
[2m[WebServer] [22m  path: '/guest/dashboard',
[2m[WebServer] [22m  hasCookie: true,
[2m[WebServer] [22m  cookieValue: 'eb0ee7ab...',
[2m[WebServer] [22m  allCookies: [ 'sb-olcqaawrpnanioaorfer-auth-token', 'guest_session' ]
[2m[WebServer] [22m}
[2m[WebServer] [22m[Middleware] Session query result: {
[2m[WebServer] [22m  sessionsFound: 1,
[2m[WebServer] [22m  hasError: false,
[2m[WebServer] [22m  errorMessage: undefined,
[2m[WebServer] [22m  tokenPrefix: 'eb0ee7ab'
[2m[WebServer] [22m}
[2m[WebServer] [22m[GuestDashboard] Session check: { hasToken: [33mtrue[39m, tokenPrefix: [32m'eb0ee7ab'[39m }
[2m[WebServer] [22m[GuestDashboard] Session query result: {
[2m[WebServer] [22m  found: [33mtrue[39m,
[2m[WebServer] [22m  error: [90mundefined[39m,
[2m[WebServer] [22m  guestId: [32m'b9ea3874-8c7b-464c-a585-0ea76958f984'[39m
[2m[WebServer] [22m}
[2m[WebServer] [22m[GuestDashboard] Guest query result: {
[2m[WebServer] [22m  found: [33mtrue[39m,
[2m[WebServer] [22m  error: [90mundefined[39m,
[2m[WebServer] [22m  email: [32m'test-w1-1770423680298-74kprhh5@example.com'[39m
[2m[WebServer] [22m}
[2m[WebServer] [22m[GuestDashboard] Rendering dashboard for guest: test-w1-1770423680298-74kprhh5@example.com
[2m[WebServer] [22m GET /guest/dashboard [32m200[39m in 447ms[2m (compile: 4ms, proxy.ts: 127ms, render: 316ms)[22m
[2m[WebServer] [22m[Middleware] Guest auth check: {
[2m[WebServer] [22m  path: '/api/guest/events',
[2m[WebServer] [22m  hasCookie: true,
[2m[WebServer] [22m  cookieValue: 'eb0ee7ab...',
[2m[WebServer] [22m  allCookies: [ 'sb-olcqaawrpnanioaorfer-auth-token', 'guest_session' ]
[2m[WebServer] [22m}
[2m[WebServer] [22m[Middleware] Guest auth check: {
[2m[WebServer] [22m  path: '/api/guest/announcements',
[2m[WebServer] [22m  hasCookie: true,
[2m[WebServer] [22m  cookieValue: 'eb0ee7ab...',
[2m[WebServer] [22m  allCookies: [ 'sb-olcqaawrpnanioaorfer-auth-token', 'guest_session' ]
[2m[WebServer] [22m}
[2m[WebServer] [22m[Middleware] Guest auth check: {
[2m[WebServer] [22m  path: '/api/guest/wedding-info',
[2m[WebServer] [22m  hasCookie: true,
[2m[WebServer] [22m  cookieValue: 'eb0ee7ab...',
[2m[WebServer] [22m  allCookies: [ 'sb-olcqaawrpnanioaorfer-auth-token', 'guest_session' ]
[2m[WebServer] [22m}
[2m[WebServer] [22m[Middleware] Guest auth check: {
[2m[WebServer] [22m  path: '/api/guest/rsvps',
[2m[WebServer] [22m  hasCookie: true,
[2m[WebServer] [22m  cookieValue: 'eb0ee7ab...',
[2m[WebServer] [22m  allCookies: [ 'sb-olcqaawrpnanioaorfer-auth-token', 'guest_session' ]
[2m[WebServer] [22m}
[2m[WebServer] [22m[Middleware] Session query result: {
[2m[WebServer] [22m  sessionsFound: 0,
[2m[WebServer] [22m  hasError: false,
[2m[WebServer] [22m  errorMessage: undefined,
[2m[WebServer] [22m  tokenPrefix: 'eb0ee7ab'
[2m[WebServer] [22m}
[2m[WebServer] [22m[Middleware] No session found in database for token
[2m[WebServer] [22m[Middleware] Session query result: {
[2m[WebServer] [22m  sessionsFound: 0,
[2m[WebServer] [22m  hasError: false,
[2m[WebServer] [22m  errorMessage: undefined,
[2m[WebServer] [22m  tokenPrefix: 'eb0ee7ab'
[2m[WebServer] [22m}
[2m[WebServer] [22m[Middleware] No session found in database for token
[2m[WebServer] [22m[Middleware] Session query result: {
[2m[WebServer] [22m  sessionsFound: 0,
[2m[WebServer] [22m  hasError: false,
[2m[WebServer] [22m  errorMessage: undefined,
[2m[WebServer] [22m  tokenPrefix: 'eb0ee7ab'
[2m[WebServer] [22m}
[2m[WebServer] [22m[Middleware] No session found in database for token
[2m[WebServer] [22m[Middleware] Session query result: {
[2m[WebServer] [22m  sessionsFound: 0,
[2m[WebServer] [22m  hasError: false,
[2m[WebServer] [22m  errorMessage: undefined,
[2m[WebServer] [22m  tokenPrefix: 'eb0ee7ab'
[2m[WebServer] [22m}
[2m[WebServer] [22m[Middleware] No session found in database for token
  ✓   5 [chromium] › __tests__/e2e/auth/guestAuth.spec.ts:219:7 › Guest Authentication › should create session cookie on successful authentication (3.2s)
[Worker 1] Created test guest: {
  email: [32m'test-w1-1770423683679-r474fw8x@example.com'[39m,
  id: [32m'6d329e2b-f369-4f2a-adbc-8a6c412b724c'[39m,
  authMethod: [32m'email_matching'[39m,
  groupId: [32m'4fa4e1b3-d0bd-4000-a1c3-d134f6122048'[39m
}
[Worker 1] ✅ Verified guest exists: {
  email: [32m'test-w1-1770423683679-r474fw8x@example.com'[39m,
  authMethod: [32m'email_matching'[39m
}
[2m[WebServer] [22m GET /auth/guest-login [32m200[39m in 41ms[2m (compile: 2ms, proxy.ts: 10ms, render: 29ms)[22m
[2m[WebServer] [22m POST /api/guest-auth/magic-link/request [33m404[39m in 139ms[2m (compile: 4ms, proxy.ts: 8ms, render: 126ms)[22m
  ✘   6 [chromium] › __tests__/e2e/auth/guestAuth.spec.ts:242:7 › Guest Authentication › should successfully request and verify magic link (11.8s)
[dotenv@17.2.4] injecting env (0) from .env.e2e -- tip: ⚙️  suppress all logs with { quiet: true }
[Worker 2] Created test guest: {
  email: [32m'test-w2-1770423696175-gr2rp6ql@example.com'[39m,
  id: [32m'ac32162e-3707-4b50-9135-77fb648d61a7'[39m,
  authMethod: [32m'email_matching'[39m,
  groupId: [32m'55e5124f-8b57-4790-a379-e4a453530602'[39m
}
[Worker 2] ✅ Verified guest exists: {
  email: [32m'test-w2-1770423696175-gr2rp6ql@example.com'[39m,
  authMethod: [32m'email_matching'[39m
}
[2m[WebServer] [22m GET /auth/guest-login [32m200[39m in 31ms[2m (compile: 2ms, proxy.ts: 6ms, render: 23ms)[22m
[2m[WebServer] [22m POST /api/guest-auth/magic-link/request [33m404[39m in 145ms[2m (compile: 4ms, proxy.ts: 5ms, render: 136ms)[22m
  ✘   7 [chromium] › __tests__/e2e/auth/guestAuth.spec.ts:289:7 › Guest Authentication › should show success message after requesting magic link (11.9s)
[dotenv@17.2.4] injecting env (0) from .env.e2e -- tip: 🛠️  run anywhere with `dotenvx run -- yourcommand`
[Worker 3] Created test guest: {
  email: [32m'test-w3-1770423709019-5mf96tz7@example.com'[39m,
  id: [32m'41b8dddc-203b-47eb-95ac-d96002db292f'[39m,
  authMethod: [32m'email_matching'[39m,
  groupId: [32m'78223c35-6688-4eac-95c5-26560c22f29b'[39m
}
[Worker 3] ✅ Verified guest exists: {
  email: [32m'test-w3-1770423709019-5mf96tz7@example.com'[39m,
  authMethod: [32m'email_matching'[39m
}
[2m[WebServer] [22m GET /auth/guest-login/verify?token=6544881f44313059020f3425eb39ce6131dacb8f696aebf792f5ccfcd9e7d6ac [32m200[39m in 579ms[2m (compile: 503ms, proxy.ts: 10ms, render: 66ms)[22m
[2m[WebServer] [22m POST /api/guest-auth/magic-link/verify [34m307[39m in 208ms[2m (compile: 46ms, proxy.ts: 5ms, render: 157ms)[22m
[2m[WebServer] [22m POST /auth/guest-login/verify?error=INVALID_TOKEN&message=Invalid+or+expired+magic+link [32m200[39m in 40ms[2m (compile: 1950µs, proxy.ts: 6ms, render: 33ms)[22m
  ✘   8 [chromium] › __tests__/e2e/auth/guestAuth.spec.ts:317:7 › Guest Authentication › should show error for expired magic link (12.3s)
[dotenv@17.2.4] injecting env (0) from .env.e2e -- tip: ⚙️  load multiple .env files with { path: ['.env.local', '.env'] }
[Worker 4] Created test guest: {
  email: [32m'test-w4-1770423722143-imfqiq6c@example.com'[39m,
  id: [32m'7d888742-b577-42b7-94c6-3dc3c5e30337'[39m,
  authMethod: [32m'email_matching'[39m,
  groupId: [32m'e67975ae-7e91-4f93-809f-1ff162be4e4d'[39m
}
[Worker 4] ✅ Verified guest exists: {
  email: [32m'test-w4-1770423722143-imfqiq6c@example.com'[39m,
  authMethod: [32m'email_matching'[39m
}
[2m[WebServer] [22m GET /auth/guest-login [32m200[39m in 43ms[2m (compile: 8ms, proxy.ts: 7ms, render: 28ms)[22m
[2m[WebServer] [22m POST /api/guest-auth/magic-link/request [33m404[39m in 177ms[2m (compile: 7ms, proxy.ts: 6ms, render: 165ms)[22m
  ✘   9 [chromium] › __tests__/e2e/auth/guestAuth.spec.ts:353:7 › Guest Authentication › should show error for already used magic link (12.1s)
[dotenv@17.2.4] injecting env (0) from .env.e2e -- tip: 🔐 encrypt with Dotenvx: https://dotenvx.com
[Worker 5] Created test guest: {
  email: [32m'test-w5-1770423735060-s1ihrgez@example.com'[39m,
  id: [32m'e46910a2-912d-4f34-9bc1-705e588b2d80'[39m,
  authMethod: [32m'email_matching'[39m,
  groupId: [32m'2519c60c-8d32-4d8e-bc12-79a8066d1b50'[39m
}
[Worker 5] ✅ Verified guest exists: {
  email: [32m'test-w5-1770423735060-s1ihrgez@example.com'[39m,
  authMethod: [32m'email_matching'[39m
}
[2m[WebServer] [22m GET /auth/guest-login/verify?token=invalid-token [32m200[39m in 36ms[2m (compile: 2ms, proxy.ts: 4ms, render: 29ms)[22m
[2m[WebServer] [22m GET /auth/guest-login/verify [32m200[39m in 36ms[2m (compile: 1469µs, proxy.ts: 5ms, render: 29ms)[22m
[2m[WebServer] [22m GET /auth/guest-login/verify?token=e0ae2c0dd374153b616eecd2aa16b263e0ce75b730955c0d1f4c71e3aca515d9 [32m200[39m in 41ms[2m (compile: 1498µs, proxy.ts: 5ms, render: 34ms)[22m
[2m[WebServer] [22m POST /api/guest-auth/magic-link/verify [34m307[39m in 157ms[2m (compile: 3ms, proxy.ts: 11ms, render: 142ms)[22m
[2m[WebServer] [22m POST /auth/guest-login/verify?error=INVALID_TOKEN&message=Invalid+or+expired+magic+link [32m200[39m in 39ms[2m (compile: 1538µs, proxy.ts: 5ms, render: 32ms)[22m
  ✓  10 [chromium] › __tests__/e2e/auth/guestAuth.spec.ts:395:7 › Guest Authentication › should show error for invalid or missing token (4.2s)
[Worker 5] Created test guest: {
  email: [32m'test-w5-1770423739420-rr8wq9o9@example.com'[39m,
  id: [32m'29c0c061-c8b3-4d24-afea-422b89b0ccd2'[39m,
  authMethod: [32m'email_matching'[39m,
  groupId: [32m'e79fdda5-0625-4f20-a68e-829857e4e7b4'[39m
}
[Worker 5] ✅ Verified guest exists: {
  email: [32m'test-w5-1770423739420-rr8wq9o9@example.com'[39m,
  authMethod: [32m'email_matching'[39m
}
[2m[WebServer] [22m GET /auth/guest-login [32m200[39m in 33ms[2m (compile: 2ms, proxy.ts: 7ms, render: 24ms)[22m
[2m[WebServer] [22m[API] Looking for guest with email: test-w5-1770423739420-rr8wq9o9@example.com
[2m[WebServer] [22m[API] Guest query result: {
[2m[WebServer] [22m  found: [33mtrue[39m,
[2m[WebServer] [22m  email: [32m'test-w5-1770423739420-rr8wq9o9@example.com'[39m,
[2m[WebServer] [22m  authMethod: [32m'email_matching'[39m,
[2m[WebServer] [22m  error: [90mundefined[39m
[2m[WebServer] [22m}
[2m[WebServer] [22m[API] Setting guest session cookie: {
[2m[WebServer] [22m  tokenPrefix: [32m'116581ef'[39m,
[2m[WebServer] [22m  cookieOptions: {
[2m[WebServer] [22m    httpOnly: [33mtrue[39m,
[2m[WebServer] [22m    secure: [33mfalse[39m,
[2m[WebServer] [22m    sameSite: [32m'lax'[39m,
[2m[WebServer] [22m    maxAge: [33m86400[39m,
[2m[WebServer] [22m    path: [32m'/'[39m
[2m[WebServer] [22m  },
[2m[WebServer] [22m  guestId: [32m'29c0c061-c8b3-4d24-afea-422b89b0ccd2'[39m,
[2m[WebServer] [22m  sessionId: [32m'395982ae-25ea-43f0-8915-0d5856cb640a'[39m
[2m[WebServer] [22m}
[2m[WebServer] [22m POST /api/guest-auth/email-match [32m200[39m in 250ms[2m (compile: 6ms, proxy.ts: 6ms, render: 238ms)[22m
[2m[WebServer] [22mFailed to log audit event: {
[2m[WebServer] [22m  code: [32m'PGRST204'[39m,
[2m[WebServer] [22m  details: [1mnull[22m,
[2m[WebServer] [22m  hint: [1mnull[22m,
[2m[WebServer] [22m  message: [32m"Could not find the 'details' column of 'audit_logs' in the schema cache"[39m
[2m[WebServer] [22m}
[2m[WebServer] [22m[Middleware] Guest auth check: {
[2m[WebServer] [22m  path: '/guest/dashboard',
[2m[WebServer] [22m  hasCookie: true,
[2m[WebServer] [22m  cookieValue: '116581ef...',
[2m[WebServer] [22m  allCookies: [ 'sb-olcqaawrpnanioaorfer-auth-token', 'guest_session' ]
[2m[WebServer] [22m}
[2m[WebServer] [22m[Middleware] Session query result: {
[2m[WebServer] [22m  sessionsFound: 1,
[2m[WebServer] [22m  hasError: false,
[2m[WebServer] [22m  errorMessage: undefined,
[2m[WebServer] [22m  tokenPrefix: '116581ef'
[2m[WebServer] [22m}
[2m[WebServer] [22m[GuestDashboard] Session check: { hasToken: [33mtrue[39m, tokenPrefix: [32m'116581ef'[39m }
[2m[WebServer] [22m[GuestDashboard] Session query result: {
[2m[WebServer] [22m  found: [33mtrue[39m,
[2m[WebServer] [22m  error: [90mundefined[39m,
[2m[WebServer] [22m  guestId: [32m'29c0c061-c8b3-4d24-afea-422b89b0ccd2'[39m
[2m[WebServer] [22m}
[2m[WebServer] [22m[GuestDashboard] Guest query result: {
[2m[WebServer] [22m  found: [33mtrue[39m,
[2m[WebServer] [22m  error: [90mundefined[39m,
[2m[WebServer] [22m  email: [32m'test-w5-1770423739420-rr8wq9o9@example.com'[39m
[2m[WebServer] [22m}
[2m[WebServer] [22m[GuestDashboard] Rendering dashboard for guest: test-w5-1770423739420-rr8wq9o9@example.com
[2m[WebServer] [22m GET /guest/dashboard [32m200[39m in 539ms[2m (compile: 10ms, proxy.ts: 164ms, render: 365ms)[22m
[2m[WebServer] [22m[Middleware] Guest auth check: {
[2m[WebServer] [22m  path: '/api/guest/events',
[2m[WebServer] [22m  hasCookie: true,
[2m[WebServer] [22m  cookieValue: '116581ef...',
[2m[WebServer] [22m  allCookies: [ 'sb-olcqaawrpnanioaorfer-auth-token', 'guest_session' ]
[2m[WebServer] [22m}
[2m[WebServer] [22m[Middleware] Guest auth check: {
[2m[WebServer] [22m  path: '/api/guest/wedding-info',
[2m[WebServer] [22m  hasCookie: true,
[2m[WebServer] [22m  cookieValue: '116581ef...',
[2m[WebServer] [22m  allCookies: [ 'sb-olcqaawrpnanioaorfer-auth-token', 'guest_session' ]
[2m[WebServer] [22m}
[2m[WebServer] [22m[Middleware] Guest auth check: {
[2m[WebServer] [22m  path: '/api/guest/rsvps',
[2m[WebServer] [22m  hasCookie: true,
[2m[WebServer] [22m  cookieValue: '116581ef...',
[2m[WebServer] [22m  allCookies: [ 'sb-olcqaawrpnanioaorfer-auth-token', 'guest_session' ]
[2m[WebServer] [22m}
[2m[WebServer] [22m[Middleware] Guest auth check: {
[2m[WebServer] [22m  path: '/api/guest/announcements',
[2m[WebServer] [22m  hasCookie: true,
[2m[WebServer] [22m  cookieValue: '116581ef...',
[2m[WebServer] [22m  allCookies: [ 'sb-olcqaawrpnanioaorfer-auth-token', 'guest_session' ]
[2m[WebServer] [22m}
[2m[WebServer] [22m[Middleware] Session query result: {
[2m[WebServer] [22m  sessionsFound: 1,
[2m[WebServer] [22m  hasError: false,
[2m[WebServer] [22m  errorMessage: undefined,
[2m[WebServer] [22m  tokenPrefix: '116581ef'
[2m[WebServer] [22m}
[2m[WebServer] [22m[Middleware] Session query result: {
[2m[WebServer] [22m  sessionsFound: 1,
[2m[WebServer] [22m  hasError: false,
[2m[WebServer] [22m  errorMessage: undefined,
[2m[WebServer] [22m  tokenPrefix: '116581ef'
[2m[WebServer] [22m}
[2m[WebServer] [22m[Middleware] Session query result: {
[2m[WebServer] [22m  sessionsFound: 1,
[2m[WebServer] [22m  hasError: false,
[2m[WebServer] [22m  errorMessage: undefined,
[2m[WebServer] [22m  tokenPrefix: '116581ef'
[2m[WebServer] [22m}
[2m[WebServer] [22m[Middleware] Session query result: {
[2m[WebServer] [22m  sessionsFound: 1,
[2m[WebServer] [22m  hasError: false,
[2m[WebServer] [22m  errorMessage: undefined,
[2m[WebServer] [22m  tokenPrefix: '116581ef'
[2m[WebServer] [22m}
[2m[WebServer] [22m[Middleware] Guest auth check: {
[2m[WebServer] [22m  path: '/guest/dashboard',
[2m[WebServer] [22m  hasCookie: true,
[2m[WebServer] [22m  cookieValue: '116581ef...',
[2m[WebServer] [22m  allCookies: [
[2m[WebServer] [22m  'sb-olcqaawrpnanioaorfer-auth-token',
[2m[WebServer] [22m  'guest_session',
[2m[WebServer] [22m  '__next_hmr_refresh_hash__'
[2m[WebServer] [22m]
[2m[WebServer] [22m}
[2m[WebServer] [22m[Middleware] Session query result: {
[2m[WebServer] [22m  sessionsFound: 1,
[2m[WebServer] [22m  hasError: false,
[2m[WebServer] [22m  errorMessage: undefined,
[2m[WebServer] [22m  tokenPrefix: '116581ef'
[2m[WebServer] [22m}
[2m[WebServer] [22m[GuestDashboard] Session check: { hasToken: [33mtrue[39m, tokenPrefix: [32m'116581ef'[39m }
[2m[WebServer] [22m[GuestDashboard] Session query result: {
[2m[WebServer] [22m  found: [33mtrue[39m,
[2m[WebServer] [22m  error: [90mundefined[39m,
[2m[WebServer] [22m  guestId: [32m'29c0c061-c8b3-4d24-afea-422b89b0ccd2'[39m
[2m[WebServer] [22m}
[2m[WebServer] [22m[GuestDashboard] Guest query result: {
[2m[WebServer] [22m  found: [33mtrue[39m,
[2m[WebServer] [22m  error: [90mundefined[39m,
[2m[WebServer] [22m  email: [32m'test-w5-1770423739420-rr8wq9o9@example.com'[39m
[2m[WebServer] [22m}
[2m[WebServer] [22m[GuestDashboard] Rendering dashboard for guest: test-w5-1770423739420-rr8wq9o9@example.com
[2m[WebServer] [22m GET /guest/dashboard [32m200[39m in 231ms[2m (compile: 37ms, proxy.ts: 146ms, render: 48ms)[22m
[2m[WebServer] [22m GET /api/guest/announcements [31m500[39m in 1402ms[2m (compile: 824ms, proxy.ts: 222ms, render: 356ms)[22m
[2m[WebServer] [22m GET /api/guest/wedding-info [31m500[39m in 1422ms[2m (compile: 824ms, proxy.ts: 221ms, render: 376ms)[22m
[2m[WebServer] [22m GET /api/guest/rsvps [31m500[39m in 1444ms[2m (compile: 822ms, proxy.ts: 225ms, render: 397ms)[22m
[2m[WebServer] [22m POST /api/auth/guest/logout [32m200[39m in 1468ms[2m (compile: 1006ms, proxy.ts: 4ms, render: 458ms)[22m
[2m[WebServer] [22m GET /api/guest/events [32m200[39m in 1584ms[2m (compile: 822ms, proxy.ts: 225ms, render: 537ms)[22m
[2m[WebServer] [22m GET /auth/guest-login [32m200[39m in 86ms[2m (compile: 10ms, proxy.ts: 6ms, render: 70ms)[22m
[2m[WebServer] [22m[Middleware] Guest auth check: {
[2m[WebServer] [22m  path: '/guest/dashboard',
[2m[WebServer] [22m  hasCookie: false,
[2m[WebServer] [22m  cookieValue: 'none',
[2m[WebServer] [22m  allCookies: [ 'sb-olcqaawrpnanioaorfer-auth-token', '__next_hmr_refresh_hash__' ]
[2m[WebServer] [22m}
[2m[WebServer] [22m[Middleware] No guest session cookie found - redirecting to login
[2m[WebServer] [22m GET /auth/guest-login?returnTo=%2Fguest%2Fdashboard [32m200[39m in 36ms[2m (compile: 4ms, proxy.ts: 6ms, render: 26ms)[22m
  ✓  11 [chromium] › __tests__/e2e/auth/guestAuth.spec.ts:424:7 › Guest Authentication › should complete logout flow (6.6s)
[Worker 5] Created test guest: {
  email: [32m'test-w5-1770423746009-ft3yknf7@example.com'[39m,
  id: [32m'75582364-93da-4775-b881-ed729b0553a6'[39m,
  authMethod: [32m'email_matching'[39m,
  groupId: [32m'c2d1de0c-1f23-4e07-81d9-6bef9a99bcb2'[39m
}
[Worker 5] ✅ Verified guest exists: {
  email: [32m'test-w5-1770423746009-ft3yknf7@example.com'[39m,
  authMethod: [32m'email_matching'[39m
}
[2m[WebServer] [22m GET /auth/guest-login [32m200[39m in 26ms[2m (compile: 1301µs, proxy.ts: 4ms, render: 20ms)[22m
[2m[WebServer] [22m[API] Looking for guest with email: test-w5-1770423746009-ft3yknf7@example.com
[2m[WebServer] [22m[API] Guest query result: {
[2m[WebServer] [22m  found: [33mtrue[39m,
[2m[WebServer] [22m  email: [32m'test-w5-1770423746009-ft3yknf7@example.com'[39m,
[2m[WebServer] [22m  authMethod: [32m'email_matching'[39m,
[2m[WebServer] [22m  error: [90mundefined[39m
[2m[WebServer] [22m}
[2m[WebServer] [22m[API] Setting guest session cookie: {
[2m[WebServer] [22m  tokenPrefix: [32m'd0bd2d75'[39m,
[2m[WebServer] [22m  cookieOptions: {
[2m[WebServer] [22m    httpOnly: [33mtrue[39m,
[2m[WebServer] [22m    secure: [33mfalse[39m,
[2m[WebServer] [22m    sameSite: [32m'lax'[39m,
[2m[WebServer] [22m    maxAge: [33m86400[39m,
[2m[WebServer] [22m    path: [32m'/'[39m
[2m[WebServer] [22m  },
[2m[WebServer] [22m  guestId: [32m'75582364-93da-4775-b881-ed729b0553a6'[39m,
[2m[WebServer] [22m  sessionId: [32m'e6c01dbe-d42e-41f2-b777-42f24b65c2bb'[39m
[2m[WebServer] [22m}
[2m[WebServer] [22m POST /api/guest-auth/email-match [32m200[39m in 221ms[2m (compile: 3ms, proxy.ts: 6ms, render: 212ms)[22m
[2m[WebServer] [22mFailed to log audit event: {
[2m[WebServer] [22m  code: [32m'PGRST204'[39m,
[2m[WebServer] [22m  details: [1mnull[22m,
[2m[WebServer] [22m  hint: [1mnull[22m,
[2m[WebServer] [22m  message: [32m"Could not find the 'details' column of 'audit_logs' in the schema cache"[39m
[2m[WebServer] [22m}
[2m[WebServer] [22m[Middleware] Guest auth check: {
[2m[WebServer] [22m  path: '/guest/dashboard',
[2m[WebServer] [22m  hasCookie: true,
[2m[WebServer] [22m  cookieValue: 'd0bd2d75...',
[2m[WebServer] [22m  allCookies: [ 'sb-olcqaawrpnanioaorfer-auth-token', 'guest_session' ]
[2m[WebServer] [22m}
[2m[WebServer] [22m[Middleware] Session query result: {
[2m[WebServer] [22m  sessionsFound: 1,
[2m[WebServer] [22m  hasError: false,
[2m[WebServer] [22m  errorMessage: undefined,
[2m[WebServer] [22m  tokenPrefix: 'd0bd2d75'
[2m[WebServer] [22m}
[2m[WebServer] [22m[GuestDashboard] Session check: { hasToken: [33mtrue[39m, tokenPrefix: [32m'd0bd2d75'[39m }
[2m[WebServer] [22m[GuestDashboard] Session query result: {
[2m[WebServer] [22m  found: [33mtrue[39m,
[2m[WebServer] [22m  error: [90mundefined[39m,
[2m[WebServer] [22m  guestId: [32m'75582364-93da-4775-b881-ed729b0553a6'[39m
[2m[WebServer] [22m}
[2m[WebServer] [22m[GuestDashboard] Guest query result: {
[2m[WebServer] [22m  found: [33mtrue[39m,
[2m[WebServer] [22m  error: [90mundefined[39m,
[2m[WebServer] [22m  email: [32m'test-w5-1770423746009-ft3yknf7@example.com'[39m
[2m[WebServer] [22m}
[2m[WebServer] [22m[GuestDashboard] Rendering dashboard for guest: test-w5-1770423746009-ft3yknf7@example.com
[2m[WebServer] [22m GET /guest/dashboard [32m200[39m in 460ms[2m (compile: 2ms, proxy.ts: 135ms, render: 323ms)[22m
[2m[WebServer] [22m[Middleware] Guest auth check: {
[2m[WebServer] [22m  path: '/guest/events',
[2m[WebServer] [22m  hasCookie: true,
[2m[WebServer] [22m  cookieValue: 'd0bd2d75...',
[2m[WebServer] [22m  allCookies: [ 'sb-olcqaawrpnanioaorfer-auth-token', 'guest_session' ]
[2m[WebServer] [22m}
[2m[WebServer] [22m[Middleware] Guest auth check: {
[2m[WebServer] [22m  path: '/api/guest/events',
[2m[WebServer] [22m  hasCookie: true,
[2m[WebServer] [22m  cookieValue: 'd0bd2d75...',
[2m[WebServer] [22m  allCookies: [ 'sb-olcqaawrpnanioaorfer-auth-token', 'guest_session' ]
[2m[WebServer] [22m}
[2m[WebServer] [22m[Middleware] Guest auth check: {
[2m[WebServer] [22m  path: '/api/guest/announcements',
[2m[WebServer] [22m  hasCookie: true,
[2m[WebServer] [22m  cookieValue: 'd0bd2d75...',
[2m[WebServer] [22m  allCookies: [ 'sb-olcqaawrpnanioaorfer-auth-token', 'guest_session' ]
[2m[WebServer] [22m}
[2m[WebServer] [22m[Middleware] Guest auth check: {
[2m[WebServer] [22m  path: '/api/guest/wedding-info',
[2m[WebServer] [22m  hasCookie: true,
[2m[WebServer] [22m  cookieValue: 'd0bd2d75...',
[2m[WebServer] [22m  allCookies: [ 'sb-olcqaawrpnanioaorfer-auth-token', 'guest_session' ]
[2m[WebServer] [22m}
[2m[WebServer] [22m[Middleware] Guest auth check: {
[2m[WebServer] [22m  path: '/api/guest/rsvps',
[2m[WebServer] [22m  hasCookie: true,
[2m[WebServer] [22m  cookieValue: 'd0bd2d75...',
[2m[WebServer] [22m  allCookies: [ 'sb-olcqaawrpnanioaorfer-auth-token', 'guest_session' ]
[2m[WebServer] [22m}
[2m[WebServer] [22m[Middleware] Session query result: {
[2m[WebServer] [22m  sessionsFound: 1,
[2m[WebServer] [22m  hasError: false,
[2m[WebServer] [22m  errorMessage: undefined,
[2m[WebServer] [22m  tokenPrefix: 'd0bd2d75'
[2m[WebServer] [22m}
[2m[WebServer] [22m[Middleware] Session query result: {
[2m[WebServer] [22m  sessionsFound: 1,
[2m[WebServer] [22m  hasError: false,
[2m[WebServer] [22m  errorMessage: undefined,
[2m[WebServer] [22m  tokenPrefix: 'd0bd2d75'
[2m[WebServer] [22m}
[2m[WebServer] [22m[Middleware] Session query result: {
[2m[WebServer] [22m  sessionsFound: 1,
[2m[WebServer] [22m  hasError: false,
[2m[WebServer] [22m  errorMessage: undefined,
[2m[WebServer] [22m  tokenPrefix: 'd0bd2d75'
[2m[WebServer] [22m}
[2m[WebServer] [22m[Middleware] Session query result: {
[2m[WebServer] [22m  sessionsFound: 1,
[2m[WebServer] [22m  hasError: false,
[2m[WebServer] [22m  errorMessage: undefined,
[2m[WebServer] [22m  tokenPrefix: 'd0bd2d75'
[2m[WebServer] [22m}
[2m[WebServer] [22m[Middleware] Session query result: {
[2m[WebServer] [22m  sessionsFound: 1,
[2m[WebServer] [22m  hasError: false,
[2m[WebServer] [22m  errorMessage: undefined,
[2m[WebServer] [22m  tokenPrefix: 'd0bd2d75'
[2m[WebServer] [22m}
[2m[WebServer] [22m GET /api/guest/wedding-info [32m200[39m in 1462ms[2m (compile: 927ms, proxy.ts: 152ms, render: 382ms)[22m
[2m[WebServer] [22m GET /api/guest/rsvps [32m200[39m in 1462ms[2m (compile: 940ms, proxy.ts: 138ms, render: 383ms)[22m
[2m[WebServer] [22m GET /api/guest/announcements [32m200[39m in 1462ms[2m (compile: 952ms, proxy.ts: 126ms, render: 384ms)[22m
[2m[WebServer] [22m GET /api/guest/events [32m200[39m in 1462ms[2m (compile: 952ms, proxy.ts: 126ms, render: 383ms)[22m
[2m[WebServer] [22m GET /guest/events [32m200[39m in 1503ms[2m (compile: 981ms, proxy.ts: 128ms, render: 393ms)[22m
[2m[WebServer] [22m[Middleware] Guest auth check: {
[2m[WebServer] [22m  path: '/api/guest/events',
[2m[WebServer] [22m  hasCookie: true,
[2m[WebServer] [22m  cookieValue: 'd0bd2d75...',
[2m[WebServer] [22m  allCookies: [ 'sb-olcqaawrpnanioaorfer-auth-token', 'guest_session' ]
[2m[WebServer] [22m}
[2m[WebServer] [22m[Middleware] Guest auth check: {
[2m[WebServer] [22m  path: '/guest/events',
[2m[WebServer] [22m  hasCookie: true,
[2m[WebServer] [22m  cookieValue: 'd0bd2d75...',
[2m[WebServer] [22m  allCookies: [ 'sb-olcqaawrpnanioaorfer-auth-token', 'guest_session' ]
[2m[WebServer] [22m}
[2m[WebServer] [22m[Middleware] Session query result: {
[2m[WebServer] [22m  sessionsFound: 1,
[2m[WebServer] [22m  hasError: false,
[2m[WebServer] [22m  errorMessage: undefined,
[2m[WebServer] [22m  tokenPrefix: 'd0bd2d75'
[2m[WebServer] [22m}
[2m[WebServer] [22m[Middleware] Session query result: {
[2m[WebServer] [22m  sessionsFound: 1,
[2m[WebServer] [22m  hasError: false,
[2m[WebServer] [22m  errorMessage: undefined,
[2m[WebServer] [22m  tokenPrefix: 'd0bd2d75'
[2m[WebServer] [22m}
[2m[WebServer] [22m GET /api/guest/events [32m200[39m in 484ms[2m (compile: 24ms, proxy.ts: 185ms, render: 275ms)[22m
[2m[WebServer] [22m GET /guest/events [32m200[39m in 492ms[2m (compile: 34ms, proxy.ts: 181ms, render: 277ms)[22m
[2m[WebServer] [22m[Middleware] Guest auth check: {
[2m[WebServer] [22m  path: '/api/guest/events',
[2m[WebServer] [22m  hasCookie: true,
[2m[WebServer] [22m  cookieValue: 'd0bd2d75...',
[2m[WebServer] [22m  allCookies: [ 'sb-olcqaawrpnanioaorfer-auth-token', 'guest_session' ]
[2m[WebServer] [22m}
[2m[WebServer] [22m[Middleware] Session query result: {
[2m[WebServer] [22m  sessionsFound: 1,
[2m[WebServer] [22m  hasError: false,
[2m[WebServer] [22m  errorMessage: undefined,
[2m[WebServer] [22m  tokenPrefix: 'd0bd2d75'
[2m[WebServer] [22m}
[2m[WebServer] [22m GET /api/guest/events [32m200[39m in 531ms[2m (compile: 1353µs, proxy.ts: 105ms, render: 424ms)[22m
[2m[WebServer] [22m[Middleware] Guest auth check: {
[2m[WebServer] [22m  path: '/guest/activities',
[2m[WebServer] [22m  hasCookie: true,
[2m[WebServer] [22m  cookieValue: 'd0bd2d75...',
[2m[WebServer] [22m  allCookies: [ 'sb-olcqaawrpnanioaorfer-auth-token', 'guest_session' ]
[2m[WebServer] [22m}
[2m[WebServer] [22m[Middleware] Session query result: {
[2m[WebServer] [22m  sessionsFound: 1,
[2m[WebServer] [22m  hasError: false,
[2m[WebServer] [22m  errorMessage: undefined,
[2m[WebServer] [22m  tokenPrefix: 'd0bd2d75'
[2m[WebServer] [22m}
[2m[WebServer] [22m GET /guest/activities [32m200[39m in 1310ms[2m (compile: 855ms, proxy.ts: 119ms, render: 335ms)[22m
[2m[WebServer] [22m[Middleware] Guest auth check: {
[2m[WebServer] [22m  path: '/api/guest/activities',
[2m[WebServer] [22m  hasCookie: true,
[2m[WebServer] [22m  cookieValue: 'd0bd2d75...',
[2m[WebServer] [22m  allCookies: [ 'sb-olcqaawrpnanioaorfer-auth-token', 'guest_session' ]
[2m[WebServer] [22m}
[2m[WebServer] [22m[Middleware] Session query result: {
[2m[WebServer] [22m  sessionsFound: 1,
[2m[WebServer] [22m  hasError: false,
[2m[WebServer] [22m  errorMessage: undefined,
[2m[WebServer] [22m  tokenPrefix: 'd0bd2d75'
[2m[WebServer] [22m}
[2m[WebServer] [22m GET /api/guest/activities [32m200[39m in 985ms[2m (compile: 501ms, proxy.ts: 122ms, render: 361ms)[22m
  ✓  12 [chromium] › __tests__/e2e/auth/guestAuth.spec.ts:461:7 › Guest Authentication › should persist authentication across page refreshes (10.4s)
[Worker 5] Created test guest: {
  email: [32m'test-w5-1770423756435-oh040auk@example.com'[39m,
  id: [32m'44ce2248-741b-41ef-8957-3e68a3023e71'[39m,
  authMethod: [32m'email_matching'[39m,
  groupId: [32m'762b3dd0-230f-4e4a-aa5a-786bcb31f6f6'[39m
}
[Worker 5] ✅ Verified guest exists: {
  email: [32m'test-w5-1770423756435-oh040auk@example.com'[39m,
  authMethod: [32m'email_matching'[39m
}
[2m[WebServer] [22m GET /auth/guest-login [32m200[39m in 60ms[2m (compile: 17ms, proxy.ts: 4ms, render: 39ms)[22m
  ✓  13 [chromium] › __tests__/e2e/auth/guestAuth.spec.ts:486:7 › Guest Authentication › should switch between authentication tabs (1.6s)
[Worker 5] Created test guest: {
  email: [32m'test-w5-1770423758082-324bbogk@example.com'[39m,
  id: [32m'315a1d59-5f02-4e7b-aece-5c39c4c3f212'[39m,
  authMethod: [32m'email_matching'[39m,
  groupId: [32m'd85f6a35-f803-4469-beb9-22f00b499693'[39m
}
[Worker 5] ✅ Verified guest exists: {
  email: [32m'test-w5-1770423758082-324bbogk@example.com'[39m,
  authMethod: [32m'email_matching'[39m
}
[2m[WebServer] [22m GET /auth/guest-login [32m200[39m in 32ms[2m (compile: 1414µs, proxy.ts: 5ms, render: 26ms)[22m
[2m[WebServer] [22m[API] Looking for guest with email: nonexistent@example.com
[2m[WebServer] [22m[API] Guest query result: {
[2m[WebServer] [22m  found: [33mfalse[39m,
[2m[WebServer] [22m  email: [90mundefined[39m,
[2m[WebServer] [22m  authMethod: [90mundefined[39m,
[2m[WebServer] [22m  error: [32m'Cannot coerce the result to a single JSON object'[39m
[2m[WebServer] [22m}
[2m[WebServer] [22m POST /api/guest-auth/email-match [33m404[39m in 164ms[2m (compile: 4ms, proxy.ts: 6ms, render: 154ms)[22m
[2m[WebServer] [22m GET /auth/guest-login/verify?token=4b441eaddc5f8a5031842db6b8fa3bb25d86d37e35f62e807f4cfd2cb621679a [32m200[39m in 74ms[2m (compile: 14ms, proxy.ts: 13ms, render: 46ms)[22m
[2m[WebServer] [22m POST /api/guest-auth/magic-link/verify [34m307[39m in 118ms[2m (compile: 7ms, proxy.ts: 10ms, render: 101ms)[22m
[2m[WebServer] [22m POST /auth/guest-login/verify?error=INVALID_TOKEN&message=Invalid+or+expired+magic+link [32m200[39m in 37ms[2m (compile: 1611µs, proxy.ts: 5ms, render: 30ms)[22m
  ✘  14 [chromium] › __tests__/e2e/auth/guestAuth.spec.ts:529:7 › Guest Authentication › should handle authentication errors gracefully (12.8s)
[dotenv@17.2.4] injecting env (0) from .env.e2e -- tip: 🛠️  run anywhere with `dotenvx run -- yourcommand`
[Worker 6] Created test guest: {
  email: [32m'test-w6-1770423771790-o9yvle60@example.com'[39m,
  id: [32m'03c7fc81-2ea1-417e-9dbb-33c3185ae23a'[39m,
  authMethod: [32m'email_matching'[39m,
  groupId: [32m'04f82034-f3c5-41e7-a84a-b757353689dc'[39m
}
[Worker 6] ✅ Verified guest exists: {
  email: [32m'test-w6-1770423771790-o9yvle60@example.com'[39m,
  authMethod: [32m'email_matching'[39m
}
[2m[WebServer] [22m GET /auth/guest-login [32m200[39m in 80ms[2m (compile: 5ms, proxy.ts: 37ms, render: 39ms)[22m
[2m[WebServer] [22m[API] Looking for guest with email: test-w6-1770423771790-o9yvle60@example.com
[2m[WebServer] [22m[API] Guest query result: {
[2m[WebServer] [22m  found: [33mtrue[39m,
[2m[WebServer] [22m  email: [32m'test-w6-1770423771790-o9yvle60@example.com'[39m,
[2m[WebServer] [22m  authMethod: [32m'email_matching'[39m,
[2m[WebServer] [22m  error: [90mundefined[39m
[2m[WebServer] [22m}
[2m[WebServer] [22m[API] Setting guest session cookie: {
[2m[WebServer] [22m  tokenPrefix: [32m'abb1e825'[39m,
[2m[WebServer] [22m  cookieOptions: {
[2m[WebServer] [22m    httpOnly: [33mtrue[39m,
[2m[WebServer] [22m    secure: [33mfalse[39m,
[2m[WebServer] [22m    sameSite: [32m'lax'[39m,
[2m[WebServer] [22m    maxAge: [33m86400[39m,
[2m[WebServer] [22m    path: [32m'/'[39m
[2m[WebServer] [22m  },
[2m[WebServer] [22m  guestId: [32m'03c7fc81-2ea1-417e-9dbb-33c3185ae23a'[39m,
[2m[WebServer] [22m  sessionId: [32m'0ffaa5a3-cee8-4eba-aaed-4630db4b2d67'[39m
[2m[WebServer] [22m}
[2m[WebServer] [22m POST /api/guest-auth/email-match [32m200[39m in 337ms[2m (compile: 49ms, proxy.ts: 13ms, render: 274ms)[22m
[2m[WebServer] [22mFailed to log audit event: {
[2m[WebServer] [22m  code: [32m'PGRST204'[39m,
[2m[WebServer] [22m  details: [1mnull[22m,
[2m[WebServer] [22m  hint: [1mnull[22m,
[2m[WebServer] [22m  message: [32m"Could not find the 'details' column of 'audit_logs' in the schema cache"[39m
[2m[WebServer] [22m}
[2m[WebServer] [22m[Middleware] Guest auth check: {
[2m[WebServer] [22m  path: '/guest/dashboard',
[2m[WebServer] [22m  hasCookie: true,
[2m[WebServer] [22m  cookieValue: 'abb1e825...',
[2m[WebServer] [22m  allCookies: [ 'sb-olcqaawrpnanioaorfer-auth-token', 'guest_session' ]
[2m[WebServer] [22m}
[2m[WebServer] [22m[Middleware] Session query result: {
[2m[WebServer] [22m  sessionsFound: 1,
[2m[WebServer] [22m  hasError: false,
[2m[WebServer] [22m  errorMessage: undefined,
[2m[WebServer] [22m  tokenPrefix: 'abb1e825'
[2m[WebServer] [22m}
[2m[WebServer] [22m[GuestDashboard] Session check: { hasToken: [33mtrue[39m, tokenPrefix: [32m'abb1e825'[39m }
[2m[WebServer] [22m[GuestDashboard] Session query result: {
[2m[WebServer] [22m  found: [33mtrue[39m,
[2m[WebServer] [22m  error: [90mundefined[39m,
[2m[WebServer] [22m  guestId: [32m'03c7fc81-2ea1-417e-9dbb-33c3185ae23a'[39m
[2m[WebServer] [22m}
[2m[WebServer] [22m[GuestDashboard] Guest query result: {
[2m[WebServer] [22m  found: [33mtrue[39m,
[2m[WebServer] [22m  error: [90mundefined[39m,
[2m[WebServer] [22m  email: [32m'test-w6-1770423771790-o9yvle60@example.com'[39m
[2m[WebServer] [22m}
[2m[WebServer] [22m[GuestDashboard] Rendering dashboard for guest: test-w6-1770423771790-o9yvle60@example.com
[2m[WebServer] [22m GET /guest/dashboard [32m200[39m in 590ms[2m (compile: 17ms, proxy.ts: 121ms, render: 452ms)[22m
[2m[WebServer] [22m[Middleware] Guest auth check: {
[2m[WebServer] [22m  path: '/api/guest/events',
[2m[WebServer] [22m  hasCookie: true,
[2m[WebServer] [22m  cookieValue: 'abb1e825...',
[2m[WebServer] [22m  allCookies: [ 'sb-olcqaawrpnanioaorfer-auth-token', 'guest_session' ]
[2m[WebServer] [22m}
[2m[WebServer] [22m[Middleware] Guest auth check: {
[2m[WebServer] [22m  path: '/api/guest/rsvps',
[2m[WebServer] [22m  hasCookie: true,
[2m[WebServer] [22m  cookieValue: 'abb1e825...',
[2m[WebServer] [22m  allCookies: [ 'sb-olcqaawrpnanioaorfer-auth-token', 'guest_session' ]
[2m[WebServer] [22m}
[2m[WebServer] [22m[Middleware] Guest auth check: {
[2m[WebServer] [22m  path: '/api/guest/wedding-info',
[2m[WebServer] [22m  hasCookie: true,
[2m[WebServer] [22m  cookieValue: 'abb1e825...',
[2m[WebServer] [22m  allCookies: [ 'sb-olcqaawrpnanioaorfer-auth-token', 'guest_session' ]
[2m[WebServer] [22m}
[2m[WebServer] [22m[Middleware] Guest auth check: {
[2m[WebServer] [22m  path: '/api/guest/announcements',
[2m[WebServer] [22m  hasCookie: true,
[2m[WebServer] [22m  cookieValue: 'abb1e825...',
[2m[WebServer] [22m  allCookies: [ 'sb-olcqaawrpnanioaorfer-auth-token', 'guest_session' ]
[2m[WebServer] [22m}
[2m[WebServer] [22m[Middleware] Session query result: {
[2m[WebServer] [22m  sessionsFound: 1,
[2m[WebServer] [22m  hasError: false,
[2m[WebServer] [22m  errorMessage: undefined,
[2m[WebServer] [22m  tokenPrefix: 'abb1e825'
[2m[WebServer] [22m}
[2m[WebServer] [22m[Middleware] Session query result: {
[2m[WebServer] [22m  sessionsFound: 1,
[2m[WebServer] [22m  hasError: false,
[2m[WebServer] [22m  errorMessage: undefined,
[2m[WebServer] [22m  tokenPrefix: 'abb1e825'
[2m[WebServer] [22m}
[2m[WebServer] [22m[Middleware] Session query result: {
[2m[WebServer] [22m  sessionsFound: 1,
[2m[WebServer] [22m  hasError: false,
[2m[WebServer] [22m  errorMessage: undefined,
[2m[WebServer] [22m  tokenPrefix: 'abb1e825'
[2m[WebServer] [22m}
[2m[WebServer] [22m[Middleware] Session query result: {
[2m[WebServer] [22m  sessionsFound: 1,
[2m[WebServer] [22m  hasError: false,
[2m[WebServer] [22m  errorMessage: undefined,
[2m[WebServer] [22m  tokenPrefix: 'abb1e825'
[2m[WebServer] [22m}
[2m[WebServer] [22m GET /api/guest/events [33m401[39m in 329ms[2m (compile: 5ms, proxy.ts: 209ms, render: 115ms)[22m
[2m[WebServer] [22m GET /api/guest/rsvps [31m500[39m in 489ms[2m (compile: 13ms, proxy.ts: 126ms, render: 349ms)[22m
[2m[WebServer] [22m GET /api/guest/announcements [31m500[39m in 504ms[2m (compile: 12ms, proxy.ts: 147ms, render: 345ms)[22m
[2m[WebServer] [22m GET /api/guest/wedding-info [31m500[39m in 515ms[2m (compile: 9ms, proxy.ts: 146ms, render: 361ms)[22m
  ✘  15 [chromium] › __tests__/e2e/auth/guestAuth.spec.ts:573:7 › Guest Authentication › should log authentication events in audit log (3.7s)

🧹 E2E Global Teardown Starting...

🗑️  Cleaning up test data...
🧹 Running comprehensive test cleanup...
✅ Comprehensive cleanup complete
✅ Test data cleaned

🔓 Removing authentication state...
   Removed: .auth/user.json
   Removed empty .auth directory
✅ Authentication state removed

📊 Execution Summary:
   Duration: 1.61s
   Errors: 0
   Status: ✅ Clean teardown

✨ E2E Global Teardown Complete!



  1) [chromium] › __tests__/e2e/auth/guestAuth.spec.ts:205:7 › Guest Authentication › should show loading state during authentication 

    Error: [2mexpect([22m[31mlocator[39m[2m).[22mtoBeDisabled[2m([22m[2m)[22m failed

    Locator: locator('button[type="submit"]:has-text("Log In")')
    Expected: disabled
    Timeout: 10000ms
    Error: element(s) not found

    Call log:
    [2m  - Expect "toBeDisabled" with timeout 10000ms[22m
    [2m  - waiting for locator('button[type="submit"]:has-text("Log In")')[22m
    [2m    - waiting for" http://localhost:3000/guest/dashboard" navigation to finish...[22m
    [2m    - navigated to "http://localhost:3000/guest/dashboard"[22m


      214 |
      215 |     // Verify button is disabled during loading
    > 216 |     await expect(submitButton).toBeDisabled();
          |                                ^
      217 |   });
      218 |
      219 |   test('should create session cookie on successful authentication', async ({ page, context }) => {
        at /Users/jaron/Desktop/wedding-platform-v2/__tests__/e2e/auth/guestAuth.spec.ts:216:32

    attachment #1: screenshot (image/png) ──────────────────────────────────────────────────────────
    test-results/auth-guestAuth-Guest-Authe-79b6f-state-during-authentication-chromium/test-failed-1.png
    ────────────────────────────────────────────────────────────────────────────────────────────────

    attachment #2: video (video/webm) ──────────────────────────────────────────────────────────────
    test-results/auth-guestAuth-Guest-Authe-79b6f-state-during-authentication-chromium/video.webm
    ────────────────────────────────────────────────────────────────────────────────────────────────

    Error Context: test-results/auth-guestAuth-Guest-Authe-79b6f-state-during-authentication-chromium/error-context.md

  2) [chromium] › __tests__/e2e/auth/guestAuth.spec.ts:242:7 › Guest Authentication › should successfully request and verify magic link 

    Error: [2mexpect([22m[31mlocator[39m[2m).[22mtoBeVisible[2m([22m[2m)[22m failed

    Locator: locator('.bg-green-50')
    Expected: visible
    Timeout: 10000ms
    Error: element(s) not found

    Call log:
    [2m  - Expect "toBeVisible" with timeout 10000ms[22m
    [2m  - waiting for locator('.bg-green-50')[22m


      261 |
      262 |     // Wait for success message
    > 263 |     await expect(page.locator('.bg-green-50')).toBeVisible();
          |                                                ^
      264 |     await expect(page.locator('.text-green-800')).toContainText(/check your email/i);
      265 |     await expect(page.locator('.text-green-800')).toContainText('15 minutes');
      266 |
        at /Users/jaron/Desktop/wedding-platform-v2/__tests__/e2e/auth/guestAuth.spec.ts:263:48

    attachment #1: screenshot (image/png) ──────────────────────────────────────────────────────────
    test-results/auth-guestAuth-Guest-Authe-1c592-quest-and-verify-magic-link-chromium/test-failed-1.png
    ────────────────────────────────────────────────────────────────────────────────────────────────

    attachment #2: video (video/webm) ──────────────────────────────────────────────────────────────
    test-results/auth-guestAuth-Guest-Authe-1c592-quest-and-verify-magic-link-chromium/video.webm
    ────────────────────────────────────────────────────────────────────────────────────────────────

    Error Context: test-results/auth-guestAuth-Guest-Authe-1c592-quest-and-verify-magic-link-chromium/error-context.md

  3) [chromium] › __tests__/e2e/auth/guestAuth.spec.ts:289:7 › Guest Authentication › should show success message after requesting magic link 

    Error: [2mexpect([22m[31mlocator[39m[2m).[22mtoBeVisible[2m([22m[2m)[22m failed

    Locator: locator('.bg-green-50')
    Expected: visible
    Timeout: 10000ms
    Error: element(s) not found

    Call log:
    [2m  - Expect "toBeVisible" with timeout 10000ms[22m
    [2m  - waiting for locator('.bg-green-50')[22m


      306 |
      307 |     // Verify success message
    > 308 |     await expect(page.locator('.bg-green-50')).toBeVisible();
          |                                                ^
      309 |     await expect(page.locator('.text-green-800')).toContainText('Check your email for a login link');
      310 |     await expect(page.locator('.text-green-800')).toContainText('15 minutes');
      311 |
        at /Users/jaron/Desktop/wedding-platform-v2/__tests__/e2e/auth/guestAuth.spec.ts:308:48

    attachment #1: screenshot (image/png) ──────────────────────────────────────────────────────────
    test-results/auth-guestAuth-Guest-Authe-71b1d-after-requesting-magic-link-chromium/test-failed-1.png
    ────────────────────────────────────────────────────────────────────────────────────────────────

    attachment #2: video (video/webm) ──────────────────────────────────────────────────────────────
    test-results/auth-guestAuth-Guest-Authe-71b1d-after-requesting-magic-link-chromium/video.webm
    ────────────────────────────────────────────────────────────────────────────────────────────────

    Error Context: test-results/auth-guestAuth-Guest-Authe-71b1d-after-requesting-magic-link-chromium/error-context.md

  4) [chromium] › __tests__/e2e/auth/guestAuth.spec.ts:317:7 › Guest Authentication › should show error for expired magic link 

    Error: [2mexpect([22m[31mlocator[39m[2m).[22mtoContainText[2m([22m[32mexpected[39m[2m)[22m failed

    Locator: locator('h1')
    Expected substring: [32m"Link Expired"[39m
    Received string:    [31m"Invalid Link"[39m
    Timeout: 10000ms

    Call log:
    [2m  - Expect "toContainText" with timeout 10000ms[22m
    [2m  - waiting for locator('h1')[22m
    [2m    2 × locator resolved to <h1 class="text-2xl font-bold text-jungle-800 mb-2">Verifying Your Link</h1>[22m
    [2m      - unexpected value "Verifying Your Link"[22m
    [2m    - waiting for" http://localhost:3000/api/guest-auth/magic-link/verify" navigation to finish...[22m
    [2m    - navigated to "http://localhost:3000/auth/guest-login/verify?error=INVALID_TOKEN&message=Invalid+or+expired+magic+link"[22m
    [2m    2 × locator resolved to <h1 class="text-2xl font-bold text-jungle-800 mb-2">Verifying Your Link</h1>[22m
    [2m      - unexpected value "Verifying Your Link"[22m
    [2m    9 × locator resolved to <h1 class="text-2xl font-bold text-red-800 mb-2">Invalid Link</h1>[22m
    [2m      - unexpected value "Invalid Link"[22m


      340 |
      341 |     // Verify error message with more specific selectors
    > 342 |     await expect(page.locator('h1')).toContainText('Link Expired');
          |                                      ^
      343 |     const errorDescription = page.locator('p.text-gray-600').first();
      344 |     await expect(errorDescription).toContainText('This magic link has expired');
      345 |     const securityNote = page.locator('p.text-sm.text-gray-500');
        at /Users/jaron/Desktop/wedding-platform-v2/__tests__/e2e/auth/guestAuth.spec.ts:342:38

    attachment #1: screenshot (image/png) ──────────────────────────────────────────────────────────
    test-results/auth-guestAuth-Guest-Authe-fc3b3-rror-for-expired-magic-link-chromium/test-failed-1.png
    ────────────────────────────────────────────────────────────────────────────────────────────────

    attachment #2: video (video/webm) ──────────────────────────────────────────────────────────────
    test-results/auth-guestAuth-Guest-Authe-fc3b3-rror-for-expired-magic-link-chromium/video.webm
    ────────────────────────────────────────────────────────────────────────────────────────────────

    Error Context: test-results/auth-guestAuth-Guest-Authe-fc3b3-rror-for-expired-magic-link-chromium/error-context.md

  5) [chromium] › __tests__/e2e/auth/guestAuth.spec.ts:353:7 › Guest Authentication › should show error for already used magic link 

    Error: [2mexpect([22m[31mlocator[39m[2m).[22mtoBeVisible[2m([22m[2m)[22m failed

    Locator: locator('.bg-green-50')
    Expected: visible
    Timeout: 10000ms
    Error: element(s) not found

    Call log:
    [2m  - Expect "toBeVisible" with timeout 10000ms[22m
    [2m  - waiting for locator('.bg-green-50')[22m


      365 |     await page.fill('#magic-link-input', testGuestEmail);
      366 |     await page.click('button[type="submit"]:has-text("Send Magic Link")');
    > 367 |     await expect(page.locator('.bg-green-50')).toBeVisible();
          |                                                ^
      368 |
      369 |     // Get token from database
      370 |     const { data: tokens } = await supabase
        at /Users/jaron/Desktop/wedding-platform-v2/__tests__/e2e/auth/guestAuth.spec.ts:367:48

    attachment #1: screenshot (image/png) ──────────────────────────────────────────────────────────
    test-results/auth-guestAuth-Guest-Authe-fb7a8-for-already-used-magic-link-chromium/test-failed-1.png
    ────────────────────────────────────────────────────────────────────────────────────────────────

    attachment #2: video (video/webm) ──────────────────────────────────────────────────────────────
    test-results/auth-guestAuth-Guest-Authe-fb7a8-for-already-used-magic-link-chromium/video.webm
    ────────────────────────────────────────────────────────────────────────────────────────────────

    Error Context: test-results/auth-guestAuth-Guest-Authe-fb7a8-for-already-used-magic-link-chromium/error-context.md

  6) [chromium] › __tests__/e2e/auth/guestAuth.spec.ts:529:7 › Guest Authentication › should handle authentication errors gracefully 

    Error: [2mexpect([22m[31mlocator[39m[2m).[22mtoContainText[2m([22m[32mexpected[39m[2m)[22m failed

    Locator: locator('h1')
    Expected substring: [32m"Link Expired"[39m
    Received string:    [31m"Invalid Link"[39m
    Timeout: 10000ms

    Call log:
    [2m  - Expect "toContainText" with timeout 10000ms[22m
    [2m  - waiting for locator('h1')[22m
    [2m    2 × locator resolved to <h1 class="text-2xl font-bold text-jungle-800 mb-2">Verifying Your Link</h1>[22m
    [2m      - unexpected value "Verifying Your Link"[22m
    [2m    - waiting for" http://localhost:3000/api/guest-auth/magic-link/verify" navigation to finish...[22m
    [2m    - navigated to "http://localhost:3000/auth/guest-login/verify?error=INVALID_TOKEN&message=Invalid+or+expired+magic+link"[22m
    [2m    2 × locator resolved to <h1 class="text-2xl font-bold text-jungle-800 mb-2">Verifying Your Link</h1>[22m
    [2m      - unexpected value "Verifying Your Link"[22m
    [2m    9 × locator resolved to <h1 class="text-2xl font-bold text-red-800 mb-2">Invalid Link</h1>[22m
    [2m      - unexpected value "Invalid Link"[22m


      566 |
      567 |     await page.goto(`/auth/guest-login/verify?token=${token}`);
    > 568 |     await expect(page.locator('h1')).toContainText('Link Expired');
          |                                      ^
      569 |     const expiredDescription = page.locator('p.text-gray-600').first();
      570 |     await expect(expiredDescription).toContainText('This magic link has expired');
      571 |   });
        at /Users/jaron/Desktop/wedding-platform-v2/__tests__/e2e/auth/guestAuth.spec.ts:568:38

    attachment #1: screenshot (image/png) ──────────────────────────────────────────────────────────
    test-results/auth-guestAuth-Guest-Authe-90796-ntication-errors-gracefully-chromium/test-failed-1.png
    ────────────────────────────────────────────────────────────────────────────────────────────────

    attachment #2: video (video/webm) ──────────────────────────────────────────────────────────────
    test-results/auth-guestAuth-Guest-Authe-90796-ntication-errors-gracefully-chromium/video.webm
    ────────────────────────────────────────────────────────────────────────────────────────────────

    Error Context: test-results/auth-guestAuth-Guest-Authe-90796-ntication-errors-gracefully-chromium/error-context.md

  7) [chromium] › __tests__/e2e/auth/guestAuth.spec.ts:573:7 › Guest Authentication › should log authentication events in audit log 

    Error: [2mexpect([22m[31mreceived[39m[2m).[22mtoHaveLength[2m([22m[32mexpected[39m[2m)[22m

    Expected length: [32m1[39m
    Received length: [31m0[39m
    Received array:  [31m[][39m

      589 |
      590 |     expect(loginError).toBeNull();
    > 591 |     expect(loginLogs).toHaveLength(1);
          |                       ^
      592 |     expect(loginLogs![0].details.auth_method).toBe('email_matching');
      593 |     expect(loginLogs![0].details.email).toBe(testGuestEmail);
      594 |
        at /Users/jaron/Desktop/wedding-platform-v2/__tests__/e2e/auth/guestAuth.spec.ts:591:23

    attachment #1: screenshot (image/png) ──────────────────────────────────────────────────────────
    test-results/auth-guestAuth-Guest-Authe-c413d-ication-events-in-audit-log-chromium/test-failed-1.png
    ────────────────────────────────────────────────────────────────────────────────────────────────

    attachment #2: video (video/webm) ──────────────────────────────────────────────────────────────
    test-results/auth-guestAuth-Guest-Authe-c413d-ication-events-in-audit-log-chromium/video.webm
    ────────────────────────────────────────────────────────────────────────────────────────────────

    Error Context: test-results/auth-guestAuth-Guest-Authe-c413d-ication-events-in-audit-log-chromium/error-context.md

  7 failed
    [chromium] › __tests__/e2e/auth/guestAuth.spec.ts:205:7 › Guest Authentication › should show loading state during authentication 
    [chromium] › __tests__/e2e/auth/guestAuth.spec.ts:242:7 › Guest Authentication › should successfully request and verify magic link 
    [chromium] › __tests__/e2e/auth/guestAuth.spec.ts:289:7 › Guest Authentication › should show success message after requesting magic link 
    [chromium] › __tests__/e2e/auth/guestAuth.spec.ts:317:7 › Guest Authentication › should show error for expired magic link 
    [chromium] › __tests__/e2e/auth/guestAuth.spec.ts:353:7 › Guest Authentication › should show error for already used magic link 
    [chromium] › __tests__/e2e/auth/guestAuth.spec.ts:529:7 › Guest Authentication › should handle authentication errors gracefully 
    [chromium] › __tests__/e2e/auth/guestAuth.spec.ts:573:7 › Guest Authentication › should log authentication events in audit log 
  8 passed (2.2m)

[36m  Serving HTML report at http://localhost:53853. Press Ctrl+C to quit.[39m
