
> destination-wedding-platform@0.1.0 test:e2e
> playwright test contentManagement.spec.ts --reporter=list

[dotenv@17.2.4] injecting env (27) from .env.e2e -- tip: 🛠️  run anywhere with `dotenvx run -- yourcommand`
[2m[WebServer] [22m
[2m[WebServer] [22m> destination-wedding-platform@0.1.0 dev
[2m[WebServer] [22m> next dev --webpack
[2m[WebServer] [22m
[2m[WebServer] [22m[1m[38;2;173;127;168m▲ Next.js 16.1.1[39m[22m (webpack)
[2m[WebServer] [22m- Local:         http://localhost:3000
[2m[WebServer] [22m- Network:       http://192.168.7.243:3000
[2m[WebServer] [22m- Environments: .env.test
[2m[WebServer] [22m
[2m[WebServer] [22m[32m[1m✓[22m[39m Starting...
[2m[WebServer] [22m[33m[1m⚠[22m[39m The "middleware" file convention is deprecated. Please use "proxy" instead. Learn more: https://nextjs.org/docs/messages/middleware-to-proxy
[2m[WebServer] [22m🚀 Initializing application services...
[2m[WebServer] [22m✅ B2 client initialized successfully {
[2m[WebServer] [22m  endpoint: [32m'https://s3.us-west-004.backblazeb2.com'[39m,
[2m[WebServer] [22m  region: [32m'us-west-004'[39m,
[2m[WebServer] [22m  bucket: [32m'test-bucket'[39m,
[2m[WebServer] [22m  cdnDomain: [32m'https://test-cdn.example.com'[39m
[2m[WebServer] [22m}
[2m[WebServer] [22m✅ Application services initialized successfully
[2m[WebServer] [22m[32m[1m✓[22m[39m Ready in 1894ms

🚀 E2E Global Setup Starting...

📊 Verifying test database connection...
[2m[WebServer] [22m GET / [32m200[39m in 2.6s[2m (compile: 2.2s, proxy.ts: 161ms, render: 250ms)[22m
✅ Test database connected

🧹 Cleaning up test data...
🧹 Running comprehensive test cleanup...
✅ Comprehensive cleanup complete
✅ Test data cleaned

🌐 Verifying Next.js server...
✅ Next.js server is running

🔐 Setting up admin authentication...
[2m[WebServer] [22m GET / [32m200[39m in 49ms[2m (compile: 3ms, proxy.ts: 21ms, render: 25ms)[22m
   Admin user already exists: admin@example.com
   Authenticating via Supabase API...
   ✅ API authentication successful (User ID: e7f5ae65-376e-4d05-a18c-10a91295727a)
   Creating storage state from API session...
   ✅ Storage state created from API session
   Auth state saved to: .auth/admin.json
   Verifying authentication...
[2m[WebServer] [22m[Middleware] User authenticated: e7f5ae65-376e-4d05-a18c-10a91295727a
[2m[WebServer] [22m[Middleware] Admin user data query result: { userData: { role: 'owner', status: 'active' }, userError: null }
[2m[WebServer] [22m[Middleware] Access granted for admin role: owner
[2m[WebServer] [22m GET /admin [32m200[39m in 1442ms[2m (compile: 852ms, proxy.ts: 471ms, render: 119ms)[22m
[2m[WebServer] [22m[Middleware] User authenticated: e7f5ae65-376e-4d05-a18c-10a91295727a
[2m[WebServer] [22m[Middleware] User authenticated: e7f5ae65-376e-4d05-a18c-10a91295727a
[2m[WebServer] [22m[Middleware] Admin user data query result: { userData: { role: 'owner', status: 'active' }, userError: null }
[2m[WebServer] [22m[Middleware] Access granted for admin role: owner
[2m[WebServer] [22m[Middleware] Admin user data query result: { userData: { role: 'owner', status: 'active' }, userError: null }
[2m[WebServer] [22m[Middleware] Access granted for admin role: owner
   Current URL: http://localhost:3000/admin
   ✅ Admin UI is visible
   ✅ Authentication verified
   Logged in as: admin@example.com
✅ Admin authentication saved

✨ E2E Global Setup Complete!


Running 17 tests using 4 workers

[dotenv@17.2.4] injecting env (0) from .env.e2e -- tip: 🗂️ backup and recover secrets: https://dotenvx.com/ops
[dotenv@17.2.4] injecting env (0) from .env.e2e -- tip: 🔄 add secrets lifecycle management: https://dotenvx.com/ops
[dotenv@17.2.4] injecting env (0) from .env.e2e -- tip: 🔐 prevent building .env in docker: https://dotenvx.com/prebuild
[dotenv@17.2.4] injecting env (0) from .env.e2e -- tip: ⚙️  override existing env vars with { override: true }
[2m[WebServer] [22m[Middleware] User authenticated: e7f5ae65-376e-4d05-a18c-10a91295727a
[2m[WebServer] [22m[Middleware] User authenticated: e7f5ae65-376e-4d05-a18c-10a91295727a
[2m[WebServer] [22m[Middleware] User authenticated: e7f5ae65-376e-4d05-a18c-10a91295727a
[2m[WebServer] [22m[Middleware] User authenticated: e7f5ae65-376e-4d05-a18c-10a91295727a
[2m[WebServer] [22m[Middleware] Admin user data query result: { userData: { role: 'owner', status: 'active' }, userError: null }
[2m[WebServer] [22m[Middleware] Access granted for admin role: owner
[2m[WebServer] [22m[Middleware] Admin user data query result: { userData: { role: 'owner', status: 'active' }, userError: null }
[2m[WebServer] [22m[Middleware] Access granted for admin role: owner
[2m[WebServer] [22m[Middleware] Admin user data query result: { userData: { role: 'owner', status: 'active' }, userError: null }
[2m[WebServer] [22m[Middleware] Access granted for admin role: owner
[2m[WebServer] [22m[Middleware] Admin user data query result: { userData: { role: 'owner', status: 'active' }, userError: null }
[2m[WebServer] [22m[Middleware] Access granted for admin role: owner
[2m[WebServer] [22m GET /admin/home-page [32m200[39m in 1325ms[2m (compile: 609ms, proxy.ts: 449ms, render: 267ms)[22m
[2m[WebServer] [22m GET /admin/content-pages [32m200[39m in 1340ms[2m (compile: 521ms, proxy.ts: 537ms, render: 283ms)[22m
[2m[WebServer] [22m GET /admin/content-pages [32m200[39m in 1343ms[2m (compile: 449ms, proxy.ts: 609ms, render: 285ms)[22m
[2m[WebServer] [22m GET /admin/content-pages [32m200[39m in 1344ms[2m (compile: 587ms, proxy.ts: 471ms, render: 286ms)[22m
[2m[WebServer] [22m[Middleware] User authenticated: e7f5ae65-376e-4d05-a18c-10a91295727a
[2m[WebServer] [22m[Middleware] User authenticated: e7f5ae65-376e-4d05-a18c-10a91295727a
[2m[WebServer] [22m[Middleware] User authenticated: e7f5ae65-376e-4d05-a18c-10a91295727a
[2m[WebServer] [22m[Middleware] User authenticated: e7f5ae65-376e-4d05-a18c-10a91295727a
[2m[WebServer] [22m[Middleware] Admin user data query result: { userData: { role: 'owner', status: 'active' }, userError: null }
[2m[WebServer] [22m[Middleware] Access granted for admin role: owner
[2m[WebServer] [22m[Middleware] Admin user data query result: { userData: { role: 'owner', status: 'active' }, userError: null }
[2m[WebServer] [22m[Middleware] Access granted for admin role: owner
[2m[WebServer] [22m[Middleware] Admin user data query result: { userData: { role: 'owner', status: 'active' }, userError: null }
[2m[WebServer] [22m[Middleware] Access granted for admin role: owner
[2m[WebServer] [22m[Middleware] Admin user data query result: { userData: { role: 'owner', status: 'active' }, userError: null }
[2m[WebServer] [22m[Middleware] Access granted for admin role: owner
[2m[WebServer] [22m[verifyAuth] User authenticated: e7f5ae65-376e-4d05-a18c-10a91295727a
[2m[WebServer] [22m[verifyAuth] User authenticated: e7f5ae65-376e-4d05-a18c-10a91295727a
[2m[WebServer] [22m[verifyAuth] User authenticated: e7f5ae65-376e-4d05-a18c-10a91295727a
[2m[WebServer] [22m GET /api/admin/content-pages [32m200[39m in 2.9s[2m (compile: 1999ms, proxy.ts: 415ms, render: 441ms)[22m
[2m[WebServer] [22m GET /api/admin/home-page [32m200[39m in 2.9s[2m (compile: 1822ms, proxy.ts: 593ms, render: 467ms)[22m
[2m[WebServer] [22m GET /api/admin/content-pages [32m200[39m in 2.9s[2m (compile: 1998ms, proxy.ts: 417ms, render: 471ms)[22m
[2m[WebServer] [22m GET /api/admin/content-pages [32m200[39m in 3.1s[2m (compile: 2.0s, proxy.ts: 399ms, render: 663ms)[22m
[2m[WebServer] [22m[Middleware] User authenticated: e7f5ae65-376e-4d05-a18c-10a91295727a
[2m[WebServer] [22m[Middleware] User authenticated: e7f5ae65-376e-4d05-a18c-10a91295727a
[2m[WebServer] [22m[Middleware] Admin user data query result: { userData: { role: 'owner', status: 'active' }, userError: null }
[2m[WebServer] [22m[Middleware] Access granted for admin role: owner
[2m[WebServer] [22m[Middleware] Admin user data query result: { userData: { role: 'owner', status: 'active' }, userError: null }
[2m[WebServer] [22m[Middleware] Access granted for admin role: owner
[2m[WebServer] [22m[verifyAuth] User authenticated: e7f5ae65-376e-4d05-a18c-10a91295727a
[2m[WebServer] [22m[verifyAuth] User authenticated: e7f5ae65-376e-4d05-a18c-10a91295727a
  ✓   2 [chromium] › __tests__/e2e/admin/contentManagement.spec.ts:130:7 › Content Page Management › should validate required fields and handle slug conflicts (7.9s)
[2m[WebServer] [22m[Middleware] User authenticated: e7f5ae65-376e-4d05-a18c-10a91295727a
[2m[WebServer] [22m POST /api/admin/content-pages [32m201[39m in 879ms[2m (compile: 3ms, proxy.ts: 396ms, render: 480ms)[22m
[2m[WebServer] [22m POST /api/admin/content-pages [32m201[39m in 826ms[2m (compile: 2ms, proxy.ts: 335ms, render: 488ms)[22m
[2m[WebServer] [22m[Middleware] User authenticated: e7f5ae65-376e-4d05-a18c-10a91295727a
[2m[WebServer] [22m[Middleware] Admin user data query result: { userData: { role: 'owner', status: 'active' }, userError: null }
[2m[WebServer] [22m[Middleware] Access granted for admin role: owner
[2m[WebServer] [22m[Middleware] User authenticated: e7f5ae65-376e-4d05-a18c-10a91295727a
[2m[WebServer] [22m[Middleware] User authenticated: e7f5ae65-376e-4d05-a18c-10a91295727a
[2m[WebServer] [22m[Middleware] Admin user data query result: { userData: { role: 'owner', status: 'active' }, userError: null }
[2m[WebServer] [22m[Middleware] Access granted for admin role: owner
[2m[WebServer] [22m GET /admin/home-page [32m200[39m in 446ms[2m (compile: 32ms, proxy.ts: 320ms, render: 95ms)[22m
[2m[WebServer] [22m[Middleware] Admin user data query result: { userData: { role: 'owner', status: 'active' }, userError: null }
[2m[WebServer] [22m[Middleware] Access granted for admin role: owner
[2m[WebServer] [22m[Middleware] Admin user data query result: { userData: { role: 'owner', status: 'active' }, userError: null }
[2m[WebServer] [22m[Middleware] Access granted for admin role: owner
[2m[WebServer] [22m PUT /api/admin/home-page [32m200[39m in 527ms[2m (compile: 3ms, proxy.ts: 324ms, render: 200ms)[22m
[2m[WebServer] [22m[verifyAuth] User authenticated: e7f5ae65-376e-4d05-a18c-10a91295727a
[2m[WebServer] [22m[verifyAuth] User authenticated: e7f5ae65-376e-4d05-a18c-10a91295727a
[2m[WebServer] [22m GET /api/admin/content-pages [32m200[39m in 708ms[2m (compile: 18ms, proxy.ts: 340ms, render: 351ms)[22m
[2m[WebServer] [22m GET /api/admin/content-pages [32m200[39m in 733ms[2m (compile: 20ms, proxy.ts: 345ms, render: 369ms)[22m
[2m[WebServer] [22m[Middleware] User authenticated: e7f5ae65-376e-4d05-a18c-10a91295727a
[2m[WebServer] [22m[Middleware] User authenticated: e7f5ae65-376e-4d05-a18c-10a91295727a
[2m[WebServer] [22m[Middleware] User authenticated: e7f5ae65-376e-4d05-a18c-10a91295727a
[2m[WebServer] [22m[Middleware] User authenticated: e7f5ae65-376e-4d05-a18c-10a91295727a
[2m[WebServer] [22m[Middleware] User authenticated: e7f5ae65-376e-4d05-a18c-10a91295727a
[2m[WebServer] [22m[Middleware] Admin user data query result: { userData: { role: 'owner', status: 'active' }, userError: null }
[2m[WebServer] [22m[Middleware] Access granted for admin role: owner
[2m[WebServer] [22m[Middleware] Admin user data query result: { userData: { role: 'owner', status: 'active' }, userError: null }
[2m[WebServer] [22m[Middleware] Access granted for admin role: owner
[2m[WebServer] [22m[Middleware] Admin user data query result: { userData: { role: 'owner', status: 'active' }, userError: null }
[2m[WebServer] [22m[Middleware] Access granted for admin role: owner
[2m[WebServer] [22m[Middleware] Admin user data query result: { userData: { role: 'owner', status: 'active' }, userError: null }
[2m[WebServer] [22m[Middleware] Access granted for admin role: owner
[2m[WebServer] [22m[Middleware] Admin user data query result: { userData: { role: 'owner', status: 'active' }, userError: null }
[2m[WebServer] [22m[Middleware] Access granted for admin role: owner
[2m[WebServer] [22m GET /api/admin/sections/by-page/custom/df966761-4fcb-42bc-bb70-0c0369badbe3 [32m200[39m in 1400ms[2m (proxy.ts: 456ms)[22m
[2m[WebServer] [22m GET /api/admin/home-page [32m200[39m in 1535ms[2m (compile: 727ms, proxy.ts: 433ms, render: 375ms)[22m
[2m[WebServer] [22m GET /admin/home-page [32m200[39m in 1618ms[2m (compile: 637ms, proxy.ts: 544ms, render: 437ms)[22m
[2m[WebServer] [22m GET /admin/content-pages [32m200[39m in 1625ms[2m (compile: 742ms, proxy.ts: 440ms, render: 444ms)[22m
[2m[WebServer] [22m GET /admin/content-pages [32m200[39m in 1632ms[2m (compile: 743ms, proxy.ts: 438ms, render: 451ms)[22m
[2m[WebServer] [22m[Middleware] User authenticated: e7f5ae65-376e-4d05-a18c-10a91295727a
[2m[WebServer] [22m[Middleware] Admin user data query result: { userData: { role: 'owner', status: 'active' }, userError: null }
[2m[WebServer] [22m[Middleware] Access granted for admin role: owner
[2m[WebServer] [22m[verifyAuth] User authenticated: e7f5ae65-376e-4d05-a18c-10a91295727a
[2m[WebServer] [22m GET /custom/section-test-1770937587241 [33m404[39m in 2.4s[2m (compile: 2.1s, proxy.ts: 67ms, render: 260ms)[22m
[2m[WebServer] [22m[Middleware] User authenticated: e7f5ae65-376e-4d05-a18c-10a91295727a
[2m[WebServer] [22m[Middleware] User authenticated: e7f5ae65-376e-4d05-a18c-10a91295727a
[2m[WebServer] [22m[Middleware] User authenticated: e7f5ae65-376e-4d05-a18c-10a91295727a
[2m[WebServer] [22m[Middleware] User authenticated: e7f5ae65-376e-4d05-a18c-10a91295727a
[2m[WebServer] [22m[Middleware] Admin user data query result: { userData: { role: 'owner', status: 'active' }, userError: null }
[2m[WebServer] [22m[Middleware] Access granted for admin role: owner
[2m[WebServer] [22m[Middleware] Admin user data query result: { userData: { role: 'owner', status: 'active' }, userError: null }
[2m[WebServer] [22m[Middleware] Access granted for admin role: owner
[2m[WebServer] [22m[Middleware] Admin user data query result: { userData: { role: 'owner', status: 'active' }, userError: null }
[2m[WebServer] [22m[Middleware] Access granted for admin role: owner
[2m[WebServer] [22m GET /admin/home-page [32m200[39m in 483ms[2m (compile: 47ms, proxy.ts: 334ms, render: 102ms)[22m
[2m[WebServer] [22m[Middleware] Admin user data query result: { userData: { role: 'owner', status: 'active' }, userError: null }
[2m[WebServer] [22m[Middleware] Access granted for admin role: owner
[2m[WebServer] [22m GET /api/admin/home-page [32m200[39m in 539ms[2m (compile: 9ms, proxy.ts: 329ms, render: 201ms)[22m
[2m[WebServer] [22m[verifyAuth] User authenticated: e7f5ae65-376e-4d05-a18c-10a91295727a
[2m[WebServer] [22m[verifyAuth] User authenticated: e7f5ae65-376e-4d05-a18c-10a91295727a
[2m[WebServer] [22m GET /api/admin/content-pages [32m200[39m in 776ms[2m (compile: 19ms, proxy.ts: 348ms, render: 409ms)[22m
[2m[WebServer] [22m GET /api/admin/content-pages [32m200[39m in 705ms[2m (compile: 44ms, proxy.ts: 347ms, render: 313ms)[22m
[2m[WebServer] [22m[Middleware] User authenticated: e7f5ae65-376e-4d05-a18c-10a91295727a
  ✓   1 [chromium] › __tests__/e2e/admin/contentManagement.spec.ts:177:7 › Content Page Management › should add and reorder sections with layout options (13.3s)
[2m[WebServer] [22m[Middleware] Admin user data query result: { userData: { role: 'owner', status: 'active' }, userError: null }
[2m[WebServer] [22m[Middleware] Access granted for admin role: owner
[2m[WebServer] [22m GET /api/admin/home-page [32m200[39m in 468ms[2m (compile: 3ms, proxy.ts: 308ms, render: 157ms)[22m
[2m[WebServer] [22m[Middleware] User authenticated: e7f5ae65-376e-4d05-a18c-10a91295727a
[2m[WebServer] [22m[Middleware] Admin user data query result: { userData: { role: 'owner', status: 'active' }, userError: null }
[2m[WebServer] [22m[Middleware] Access granted for admin role: owner
[2m[WebServer] [22m GET /admin/home-page [32m200[39m in 362ms[2m (compile: 3ms, proxy.ts: 320ms, render: 39ms)[22m
[2m[WebServer] [22m[Middleware] User authenticated: e7f5ae65-376e-4d05-a18c-10a91295727a
[2m[WebServer] [22m[Middleware] Admin user data query result: { userData: { role: 'owner', status: 'active' }, userError: null }
[2m[WebServer] [22m[Middleware] Access granted for admin role: owner
[2m[WebServer] [22m GET /api/admin/home-page [32m200[39m in 498ms[2m (compile: 6ms, proxy.ts: 306ms, render: 186ms)[22m
[2m[WebServer] [22m[Middleware] User authenticated: e7f5ae65-376e-4d05-a18c-10a91295727a
[2m[WebServer] [22m[Middleware] Admin user data query result: { userData: { role: 'owner', status: 'active' }, userError: null }
[2m[WebServer] [22m[Middleware] Access granted for admin role: owner
[2m[WebServer] [22m PUT /api/admin/home-page [32m200[39m in 487ms[2m (compile: 1629µs, proxy.ts: 303ms, render: 182ms)[22m
  ✓   5 [chromium] › __tests__/e2e/admin/contentManagement.spec.ts:332:7 › Home Page Editing › should edit welcome message with rich text editor (8.2s)
  ✓   6 [chromium] › __tests__/e2e/admin/contentManagement.spec.ts:377:7 › Home Page Editing › should handle API errors gracefully and disable fields while saving (2.8s)
[2m[WebServer] [22m[Middleware] User authenticated: e7f5ae65-376e-4d05-a18c-10a91295727a
[2m[WebServer] [22m[Middleware] User authenticated: e7f5ae65-376e-4d05-a18c-10a91295727a
[2m[WebServer] [22m[Middleware] Admin user data query result: { userData: { role: 'owner', status: 'active' }, userError: null }
[2m[WebServer] [22m[Middleware] Access granted for admin role: owner
[2m[WebServer] [22m GET /admin/home-page [32m200[39m in 344ms[2m (compile: 1751µs, proxy.ts: 318ms, render: 24ms)[22m
[2m[WebServer] [22m[Middleware] Admin user data query result: { userData: { role: 'owner', status: 'active' }, userError: null }
[2m[WebServer] [22m[Middleware] Access granted for admin role: owner
[2m[WebServer] [22m GET /admin/home-page [32m200[39m in 377ms[2m (compile: 11ms, proxy.ts: 324ms, render: 42ms)[22m
[2m[WebServer] [22m[Middleware] User authenticated: e7f5ae65-376e-4d05-a18c-10a91295727a
[2m[WebServer] [22m[Middleware] User authenticated: e7f5ae65-376e-4d05-a18c-10a91295727a
[2m[WebServer] [22m[Middleware] Admin user data query result: { userData: { role: 'owner', status: 'active' }, userError: null }
[2m[WebServer] [22m[Middleware] Access granted for admin role: owner
[2m[WebServer] [22m[Middleware] Admin user data query result: { userData: { role: 'owner', status: 'active' }, userError: null }
[2m[WebServer] [22m[Middleware] Access granted for admin role: owner
[2m[WebServer] [22m GET /api/admin/home-page [32m200[39m in 486ms[2m (compile: 1396µs, proxy.ts: 324ms, render: 161ms)[22m
[2m[WebServer] [22m GET /api/admin/home-page [32m200[39m in 675ms[2m (compile: 1596µs, proxy.ts: 366ms, render: 308ms)[22m
  ✘   4 [chromium] › __tests__/e2e/admin/contentManagement.spec.ts:264:7 › Home Page Editing › should edit home page settings and save successfully (17.9s)
[dotenv@17.2.4] injecting env (0) from .env.e2e -- tip: 📡 add observability to secrets: https://dotenvx.com/ops
[2m[WebServer] [22m GET / [32m200[39m in 73ms[2m (compile: 11ms, proxy.ts: 12ms, render: 51ms)[22m
[2m[WebServer] [22m[Middleware] User authenticated: e7f5ae65-376e-4d05-a18c-10a91295727a
[2m[WebServer] [22m[Middleware] User authenticated: e7f5ae65-376e-4d05-a18c-10a91295727a
[2m[WebServer] [22m[Middleware] Admin user data query result: { userData: { role: 'owner', status: 'active' }, userError: null }
[2m[WebServer] [22m[Middleware] Access granted for admin role: owner
[2m[WebServer] [22m[Middleware] Admin user data query result: { userData: { role: 'owner', status: 'active' }, userError: null }
[2m[WebServer] [22m[Middleware] Access granted for admin role: owner
[2m[WebServer] [22m GET /admin/home-page [32m200[39m in 416ms[2m (compile: 1934µs, proxy.ts: 345ms, render: 69ms)[22m
[2m[WebServer] [22m[verifyAuth] User authenticated: e7f5ae65-376e-4d05-a18c-10a91295727a
[2m[WebServer] [22m GET /api/admin/sections/by-page/home/home [32m200[39m in 712ms[2m (compile: 23ms, proxy.ts: 379ms, render: 310ms)[22m
  ✓   7 [chromium] › __tests__/e2e/admin/contentManagement.spec.ts:416:7 › Home Page Editing › should preview home page in new tab (3.7s)
[2m[WebServer] [22m[Middleware] User authenticated: e7f5ae65-376e-4d05-a18c-10a91295727a
[2m[WebServer] [22m[Middleware] Admin user data query result: { userData: { role: 'owner', status: 'active' }, userError: null }
[2m[WebServer] [22m[Middleware] Access granted for admin role: owner
[2m[WebServer] [22m[Middleware] User authenticated: e7f5ae65-376e-4d05-a18c-10a91295727a
[2m[WebServer] [22m[verifyAuth] User authenticated: e7f5ae65-376e-4d05-a18c-10a91295727a
[2m[WebServer] [22m[Middleware] Admin user data query result: { userData: { role: 'owner', status: 'active' }, userError: null }
[2m[WebServer] [22m[Middleware] Access granted for admin role: owner
[2m[WebServer] [22m GET /admin/home-page [32m200[39m in 380ms[2m (compile: 3ms, proxy.ts: 331ms, render: 45ms)[22m
[2m[WebServer] [22m GET /api/admin/sections/by-page/home/home [32m200[39m in 725ms[2m (compile: 16ms, proxy.ts: 392ms, render: 317ms)[22m
[2m[WebServer] [22m[Middleware] User authenticated: e7f5ae65-376e-4d05-a18c-10a91295727a
[2m[WebServer] [22m[Middleware] Admin user data query result: { userData: { role: 'owner', status: 'active' }, userError: null }
[2m[WebServer] [22m[Middleware] Access granted for admin role: owner
[2m[WebServer] [22m GET /api/admin/home-page [32m200[39m in 542ms[2m (compile: 1892µs, proxy.ts: 381ms, render: 160ms)[22m
[2m[WebServer] [22m[Middleware] User authenticated: e7f5ae65-376e-4d05-a18c-10a91295727a
[2m[WebServer] [22m[Middleware] User authenticated: e7f5ae65-376e-4d05-a18c-10a91295727a
[2m[WebServer] [22m[Middleware] Admin user data query result: { userData: { role: 'owner', status: 'active' }, userError: null }
[2m[WebServer] [22m[Middleware] Access granted for admin role: owner
[2m[WebServer] [22m[Middleware] Admin user data query result: { userData: { role: 'owner', status: 'active' }, userError: null }
[2m[WebServer] [22m[Middleware] Access granted for admin role: owner
[2m[WebServer] [22m GET /api/admin/home-page [32m200[39m in 511ms[2m (compile: 1328µs, proxy.ts: 341ms, render: 168ms)[22m
[2m[WebServer] [22m PUT /api/admin/home-page [32m200[39m in 524ms[2m (compile: 1503µs, proxy.ts: 333ms, render: 190ms)[22m
  ✘   3 [chromium] › __tests__/e2e/admin/contentManagement.spec.ts:30:7 › Content Page Management › should complete full content page creation and publication flow (21.8s)
[dotenv@17.2.4] injecting env (0) from .env.e2e -- tip: 🔐 prevent building .env in docker: https://dotenvx.com/prebuild
[2m[WebServer] [22m[Middleware] User authenticated: e7f5ae65-376e-4d05-a18c-10a91295727a
[2m[WebServer] [22m[Middleware] User authenticated: e7f5ae65-376e-4d05-a18c-10a91295727a
[2m[WebServer] [22m[Middleware] Admin user data query result: { userData: { role: 'owner', status: 'active' }, userError: null }
[2m[WebServer] [22m[Middleware] Access granted for admin role: owner
[2m[WebServer] [22m GET /admin/content-pages [32m200[39m in 395ms[2m (compile: 5ms, proxy.ts: 354ms, render: 36ms)[22m
[2m[WebServer] [22m[Middleware] Admin user data query result: { userData: { role: 'owner', status: 'active' }, userError: null }
[2m[WebServer] [22m[Middleware] Access granted for admin role: owner
[2m[WebServer] [22m[verifyAuth] User authenticated: e7f5ae65-376e-4d05-a18c-10a91295727a
[2m[WebServer] [22m GET /api/admin/sections/by-page/home/home [32m200[39m in 689ms[2m (compile: 10ms, proxy.ts: 339ms, render: 340ms)[22m
[2m[WebServer] [22m[Middleware] User authenticated: e7f5ae65-376e-4d05-a18c-10a91295727a
[2m[WebServer] [22m[Middleware] Admin user data query result: { userData: { role: 'owner', status: 'active' }, userError: null }
[2m[WebServer] [22m[Middleware] Access granted for admin role: owner
[2m[WebServer] [22m[Middleware] User authenticated: e7f5ae65-376e-4d05-a18c-10a91295727a
[2m[WebServer] [22m[verifyAuth] User authenticated: e7f5ae65-376e-4d05-a18c-10a91295727a
[2m[WebServer] [22m[Middleware] Admin user data query result: { userData: { role: 'owner', status: 'active' }, userError: null }
[2m[WebServer] [22m[Middleware] Access granted for admin role: owner
[2m[WebServer] [22m GET /api/admin/sections/by-page/home/home [32m200[39m in 773ms[2m (compile: 7ms, proxy.ts: 356ms, render: 410ms)[22m
[2m[WebServer] [22m[verifyAuth] User authenticated: e7f5ae65-376e-4d05-a18c-10a91295727a
[2m[WebServer] [22m GET /api/admin/content-pages [32m200[39m in 683ms[2m (compile: 1580µs, proxy.ts: 329ms, render: 352ms)[22m
[2m[WebServer] [22m[Middleware] User authenticated: e7f5ae65-376e-4d05-a18c-10a91295727a
[2m[WebServer] [22m[Middleware] Admin user data query result: { userData: { role: 'owner', status: 'active' }, userError: null }
[2m[WebServer] [22m[Middleware] Access granted for admin role: owner
[2m[WebServer] [22m[verifyAuth] User authenticated: e7f5ae65-376e-4d05-a18c-10a91295727a
[2m[WebServer] [22m POST /api/admin/content-pages [32m201[39m in 807ms[2m (compile: 2ms, proxy.ts: 357ms, render: 448ms)[22m
[2m[WebServer] [22m[Middleware] User authenticated: e7f5ae65-376e-4d05-a18c-10a91295727a
[2m[WebServer] [22m[Middleware] Admin user data query result: { userData: { role: 'owner', status: 'active' }, userError: null }
[2m[WebServer] [22m[Middleware] Access granted for admin role: owner
[2m[WebServer] [22m[verifyAuth] User authenticated: e7f5ae65-376e-4d05-a18c-10a91295727a
[2m[WebServer] [22m GET /api/admin/content-pages [32m200[39m in 680ms[2m (compile: 1320µs, proxy.ts: 331ms, render: 348ms)[22m
[2m[WebServer] [22m GET /custom/test-page-1770937607568 [32m200[39m in 394ms[2m (compile: 12ms, proxy.ts: 6ms, render: 376ms)[22m
  ✓  11 [chromium] › __tests__/e2e/admin/contentManagement.spec.ts:30:7 › Content Page Management › should complete full content page creation and publication flow (retry #1) (4.9s)
[2m[WebServer] [22m[Middleware] User authenticated: e7f5ae65-376e-4d05-a18c-10a91295727a
[2m[WebServer] [22m[Middleware] Admin user data query result: { userData: { role: 'owner', status: 'active' }, userError: null }
[2m[WebServer] [22m[Middleware] Access granted for admin role: owner
[2m[WebServer] [22m GET /admin/home-page [32m200[39m in 329ms[2m (compile: 2ms, proxy.ts: 302ms, render: 25ms)[22m
[2m[WebServer] [22m[Middleware] User authenticated: e7f5ae65-376e-4d05-a18c-10a91295727a
[2m[WebServer] [22m[Middleware] Admin user data query result: { userData: { role: 'owner', status: 'active' }, userError: null }
[2m[WebServer] [22m[Middleware] Access granted for admin role: owner
[2m[WebServer] [22m GET /api/admin/home-page [32m200[39m in 667ms[2m (compile: 7ms, proxy.ts: 324ms, render: 335ms)[22m
[2m[WebServer] [22m[Middleware] User authenticated: e7f5ae65-376e-4d05-a18c-10a91295727a
[2m[WebServer] [22m[Middleware] Admin user data query result: { userData: { role: 'owner', status: 'active' }, userError: null }
[2m[WebServer] [22m[Middleware] Access granted for admin role: owner
[2m[WebServer] [22m[verifyAuth] User authenticated: e7f5ae65-376e-4d05-a18c-10a91295727a
[2m[WebServer] [22m GET /api/admin/sections/by-page/home/home [32m200[39m in 649ms[2m (compile: 6ms, proxy.ts: 338ms, render: 305ms)[22m
[2m[WebServer] [22m[Middleware] User authenticated: e7f5ae65-376e-4d05-a18c-10a91295727a
[2m[WebServer] [22m[Middleware] User authenticated: e7f5ae65-376e-4d05-a18c-10a91295727a
[2m[WebServer] [22m[Middleware] Admin user data query result: { userData: { role: 'owner', status: 'active' }, userError: null }
[2m[WebServer] [22m[Middleware] Access granted for admin role: owner
[2m[WebServer] [22m[Middleware] Admin user data query result: { userData: { role: 'owner', status: 'active' }, userError: null }
[2m[WebServer] [22m[Middleware] Access granted for admin role: owner
  ✘   9 [chromium] › __tests__/e2e/admin/contentManagement.spec.ts:264:7 › Home Page Editing › should edit home page settings and save successfully (retry #1) (12.9s)
[2m[WebServer] [22m[verifyAuth] User authenticated: e7f5ae65-376e-4d05-a18c-10a91295727a
[2m[WebServer] [22m[verifyAuth] User authenticated: e7f5ae65-376e-4d05-a18c-10a91295727a
[2m[WebServer] [22m GET /api/admin/sections/by-page/home/home [32m200[39m in 1314ms[2m (compile: 602ms, proxy.ts: 364ms, render: 349ms)[22m
[dotenv@17.2.4] injecting env (0) from .env.e2e -- tip: 🔐 encrypt with Dotenvx: https://dotenvx.com
[2m[WebServer] [22m POST /api/admin/sections [32m201[39m in 1546ms[2m (compile: 674ms, proxy.ts: 360ms, render: 513ms)[22m
[2m[WebServer] [22m[Middleware] User authenticated: e7f5ae65-376e-4d05-a18c-10a91295727a
  ✓   8 [chromium] › __tests__/e2e/admin/contentManagement.spec.ts:444:7 › Inline Section Editor › should toggle inline section editor and add sections (16.8s)
[2m[WebServer] [22m[Middleware] Admin user data query result: { userData: { role: 'owner', status: 'active' }, userError: null }
[2m[WebServer] [22m[Middleware] Access granted for admin role: owner
[2m[WebServer] [22m[Middleware] User authenticated: e7f5ae65-376e-4d05-a18c-10a91295727a
[2m[WebServer] [22m GET /admin/home-page [32m200[39m in 422ms[2m (compile: 31ms, proxy.ts: 314ms, render: 77ms)[22m
[2m[WebServer] [22m[Middleware] User authenticated: e7f5ae65-376e-4d05-a18c-10a91295727a
[2m[WebServer] [22m[Middleware] Admin user data query result: { userData: { role: 'owner', status: 'active' }, userError: null }
[2m[WebServer] [22m[Middleware] Access granted for admin role: owner
[2m[WebServer] [22m[Middleware] Admin user data query result: { userData: { role: 'owner', status: 'active' }, userError: null }
[2m[WebServer] [22m[Middleware] Access granted for admin role: owner
[2m[WebServer] [22m[verifyAuth] User authenticated: e7f5ae65-376e-4d05-a18c-10a91295727a
[2m[WebServer] [22m GET /admin [32m200[39m in 473ms[2m (compile: 11ms, proxy.ts: 403ms, render: 59ms)[22m
[2m[WebServer] [22m[Middleware] User authenticated: e7f5ae65-376e-4d05-a18c-10a91295727a
[2m[WebServer] [22m[Middleware] User authenticated: e7f5ae65-376e-4d05-a18c-10a91295727a
[2m[WebServer] [22m[Middleware] User authenticated: e7f5ae65-376e-4d05-a18c-10a91295727a
[2m[WebServer] [22m POST /api/admin/sections [32m201[39m in 964ms[2m (compile: 1873µs, proxy.ts: 432ms, render: 530ms)[22m
[2m[WebServer] [22m[Middleware] Admin user data query result: { userData: { role: 'owner', status: 'active' }, userError: null }
[2m[WebServer] [22m[Middleware] Access granted for admin role: owner
[2m[WebServer] [22m[Middleware] Admin user data query result: { userData: { role: 'owner', status: 'active' }, userError: null }
[2m[WebServer] [22m[Middleware] Access granted for admin role: owner
[2m[WebServer] [22m[Middleware] Admin user data query result: { userData: { role: 'owner', status: 'active' }, userError: null }
[2m[WebServer] [22m[Middleware] Access granted for admin role: owner
[2m[WebServer] [22m GET /admin/home-page [32m200[39m in 502ms[2m (compile: 3ms, proxy.ts: 340ms, render: 159ms)[22m
[2m[WebServer] [22m GET /api/admin/home-page [32m200[39m in 520ms[2m (compile: 24ms, proxy.ts: 322ms, render: 174ms)[22m
[2m[WebServer] [22m GET /admin/home-page [32m200[39m in 583ms[2m (compile: 50ms, proxy.ts: 367ms, render: 165ms)[22m
[2m[WebServer] [22m[Middleware] User authenticated: e7f5ae65-376e-4d05-a18c-10a91295727a
[2m[WebServer] [22m[Middleware] User authenticated: e7f5ae65-376e-4d05-a18c-10a91295727a
[2m[WebServer] [22m[Middleware] User authenticated: e7f5ae65-376e-4d05-a18c-10a91295727a
[2m[WebServer] [22m[Middleware] Admin user data query result: { userData: { role: 'owner', status: 'active' }, userError: null }
[2m[WebServer] [22m[Middleware] Access granted for admin role: owner
[2m[WebServer] [22m[Middleware] Admin user data query result: { userData: { role: 'owner', status: 'active' }, userError: null }
[2m[WebServer] [22m[Middleware] Access granted for admin role: owner
[2m[WebServer] [22m[Middleware] Admin user data query result: { userData: { role: 'owner', status: 'active' }, userError: null }
[2m[WebServer] [22m[Middleware] Access granted for admin role: owner
[2m[WebServer] [22m[Middleware] User authenticated: e7f5ae65-376e-4d05-a18c-10a91295727a
[2m[WebServer] [22m[Middleware] Admin user data query result: { userData: { role: 'owner', status: 'active' }, userError: null }
[2m[WebServer] [22m[Middleware] Access granted for admin role: owner
[2m[WebServer] [22m[Middleware] User authenticated: e7f5ae65-376e-4d05-a18c-10a91295727a
[2m[WebServer] [22m[Middleware] Admin user data query result: { userData: { role: 'owner', status: 'active' }, userError: null }
[2m[WebServer] [22m[Middleware] Access granted for admin role: owner
[2m[WebServer] [22m[Middleware] User authenticated: e7f5ae65-376e-4d05-a18c-10a91295727a
[2m[WebServer] [22m[Middleware] Admin user data query result: { userData: { role: 'owner', status: 'active' }, userError: null }
[2m[WebServer] [22m[Middleware] Access granted for admin role: owner
[2m[WebServer] [22m GET /api/admin/alerts [32m200[39m in 2.8s[2m (compile: 2.2s, proxy.ts: 447ms, render: 160ms)[22m
[2m[WebServer] [22m GET /api/admin/metrics [32m200[39m in 2.8s[2m (compile: 2.2s, proxy.ts: 449ms, render: 159ms)[22m
[2m[WebServer] [22m GET /admin/events [32m200[39m in 2.9s[2m (compile: 2.3s, proxy.ts: 393ms, render: 201ms)[22m
[2m[WebServer] [22m GET /api/admin/home-page [32m200[39m in 2.3s[2m (compile: 1331ms, proxy.ts: 527ms, render: 462ms)[22m
[2m[WebServer] [22m GET /api/admin/home-page [32m200[39m in 2.1s[2m (compile: 1150ms, proxy.ts: 409ms, render: 493ms)[22m
[2m[WebServer] [22m[verifyAuth] User authenticated: e7f5ae65-376e-4d05-a18c-10a91295727a
[2m[WebServer] [22m GET /api/admin/sections/by-page/home/home [32m200[39m in 1959ms[2m (compile: 789ms, proxy.ts: 521ms, render: 649ms)[22m
[2m[WebServer] [22m[Middleware] User authenticated: e7f5ae65-376e-4d05-a18c-10a91295727a
[2m[WebServer] [22m[Middleware] Admin user data query result: { userData: { role: 'owner', status: 'active' }, userError: null }
[2m[WebServer] [22m[Middleware] Access granted for admin role: owner
[2m[WebServer] [22m[Middleware] User authenticated: e7f5ae65-376e-4d05-a18c-10a91295727a
[2m[WebServer] [22m[Middleware] User authenticated: e7f5ae65-376e-4d05-a18c-10a91295727a
[2m[WebServer] [22m[Middleware] User authenticated: e7f5ae65-376e-4d05-a18c-10a91295727a
[2m[WebServer] [22m[Middleware] User authenticated: e7f5ae65-376e-4d05-a18c-10a91295727a
[2m[WebServer] [22m[Middleware] Admin user data query result: { userData: { role: 'owner', status: 'active' }, userError: null }
[2m[WebServer] [22m[Middleware] Access granted for admin role: owner
[2m[WebServer] [22m[Middleware] Admin user data query result: { userData: { role: 'owner', status: 'active' }, userError: null }
[2m[WebServer] [22m[Middleware] Access granted for admin role: owner
[2m[WebServer] [22m[Middleware] Admin user data query result: { userData: { role: 'owner', status: 'active' }, userError: null }
[2m[WebServer] [22m[Middleware] Access granted for admin role: owner
[2m[WebServer] [22m GET /admin/home-page [32m200[39m in 748ms[2m (compile: 10ms, proxy.ts: 646ms, render: 92ms)[22m
[2m[WebServer] [22m[verifyAuth] User authenticated: e7f5ae65-376e-4d05-a18c-10a91295727a
[2m[WebServer] [22m[Middleware] User authenticated: e7f5ae65-376e-4d05-a18c-10a91295727a
[2m[WebServer] [22m GET /admin/home-page [32m200[39m in 797ms[2m (compile: 19ms, proxy.ts: 678ms, render: 99ms)[22m
[2m[WebServer] [22m[Middleware] Admin user data query result: { userData: { role: 'owner', status: 'active' }, userError: null }
[2m[WebServer] [22m[Middleware] Access granted for admin role: owner
[2m[WebServer] [22m GET /api/admin/sections/by-page/home/home [32m200[39m in 1022ms[2m (compile: 134ms, proxy.ts: 506ms, render: 381ms)[22m
[2m[WebServer] [22m[Middleware] Admin user data query result: { userData: { role: 'owner', status: 'active' }, userError: null }
[2m[WebServer] [22m[Middleware] Access granted for admin role: owner
[2m[WebServer] [22m[Middleware] User authenticated: e7f5ae65-376e-4d05-a18c-10a91295727a
[2m[WebServer] [22m[Middleware] User authenticated: e7f5ae65-376e-4d05-a18c-10a91295727a
[2m[WebServer] [22m[Middleware] Admin user data query result: { userData: { role: 'owner', status: 'active' }, userError: null }
[2m[WebServer] [22m[Middleware] Access granted for admin role: owner
[2m[WebServer] [22m[Middleware] Admin user data query result: { userData: { role: 'owner', status: 'active' }, userError: null }
[2m[WebServer] [22m[Middleware] Access granted for admin role: owner
  ✘  10 [chromium] › __tests__/e2e/admin/contentManagement.spec.ts:502:7 › Inline Section Editor › should edit section content and toggle layout (20.0s)
[2m[WebServer] [22m GET /admin/home-page [32m200[39m in 2.7s[2m (compile: 1674ms, proxy.ts: 815ms, render: 168ms)[22m
[2m[WebServer] [22m GET /api/admin/home-page [32m200[39m in 1377ms[2m (compile: 527ms, proxy.ts: 599ms, render: 252ms)[22m
[2m[WebServer] [22m GET /api/admin/locations [32m200[39m in 2.7s[2m (compile: 1565ms, proxy.ts: 848ms, render: 261ms)[22m
[2m[WebServer] [22m GET /api/admin/events [32m200[39m in 2.7s[2m (compile: 1753ms, proxy.ts: 661ms, render: 278ms)[22m
[dotenv@17.2.4] injecting env (0) from .env.e2e -- tip: ⚙️  enable debug logging with { debug: true }
[2m[WebServer] [22m[Middleware] User authenticated: e7f5ae65-376e-4d05-a18c-10a91295727a
[2m[WebServer] [22m[Middleware] User authenticated: e7f5ae65-376e-4d05-a18c-10a91295727a
[2m[WebServer] [22m[Middleware] User authenticated: e7f5ae65-376e-4d05-a18c-10a91295727a
[2m[WebServer] [22m[Middleware] Admin user data query result: { userData: { role: 'owner', status: 'active' }, userError: null }
[2m[WebServer] [22m[Middleware] Access granted for admin role: owner
[2m[WebServer] [22m[Middleware] Admin user data query result: { userData: { role: 'owner', status: 'active' }, userError: null }
[2m[WebServer] [22m[Middleware] Access granted for admin role: owner
[2m[WebServer] [22m[Middleware] Admin user data query result: { userData: { role: 'owner', status: 'active' }, userError: null }
[2m[WebServer] [22m[Middleware] Access granted for admin role: owner
[2m[WebServer] [22m GET /admin/events [32m200[39m in 875ms[2m (compile: 23ms, proxy.ts: 656ms, render: 196ms)[22m
[2m[WebServer] [22m GET /admin/home-page [32m200[39m in 876ms[2m (compile: 46ms, proxy.ts: 659ms, render: 172ms)[22m
[2m[WebServer] [22m[Middleware] User authenticated: e7f5ae65-376e-4d05-a18c-10a91295727a
[2m[WebServer] [22m GET /api/admin/home-page [32m200[39m in 1107ms[2m (compile: 4ms, proxy.ts: 606ms, render: 497ms)[22m
[2m[WebServer] [22m[Middleware] Admin user data query result: { userData: { role: 'owner', status: 'active' }, userError: null }
[2m[WebServer] [22m[Middleware] Access granted for admin role: owner
[2m[WebServer] [22m GET /admin/home-page [32m200[39m in 828ms[2m (compile: 3ms, proxy.ts: 782ms, render: 43ms)[22m
[2m[WebServer] [22m[Middleware] User authenticated: e7f5ae65-376e-4d05-a18c-10a91295727a
[2m[WebServer] [22m[Middleware] User authenticated: e7f5ae65-376e-4d05-a18c-10a91295727a
[2m[WebServer] [22m[Middleware] User authenticated: e7f5ae65-376e-4d05-a18c-10a91295727a
[2m[WebServer] [22m[Middleware] Admin user data query result: { userData: { role: 'owner', status: 'active' }, userError: null }
[2m[WebServer] [22m[Middleware] Access granted for admin role: owner
[2m[WebServer] [22m[Middleware] Admin user data query result: { userData: { role: 'owner', status: 'active' }, userError: null }
[2m[WebServer] [22m[Middleware] Access granted for admin role: owner
[2m[WebServer] [22m[Middleware] Admin user data query result: { userData: { role: 'owner', status: 'active' }, userError: null }
[2m[WebServer] [22m[Middleware] Access granted for admin role: owner
[2m[WebServer] [22m GET /api/admin/events [32m200[39m in 603ms[2m (compile: 1674µs, proxy.ts: 448ms, render: 153ms)[22m
[2m[WebServer] [22m GET /api/admin/locations [32m200[39m in 621ms[2m (compile: 3ms, proxy.ts: 458ms, render: 160ms)[22m
[2m[WebServer] [22m GET /api/admin/home-page [32m200[39m in 647ms[2m (compile: 3ms, proxy.ts: 479ms, render: 165ms)[22m
  ✘  12 [chromium] › __tests__/e2e/admin/contentManagement.spec.ts:571:7 › Inline Section Editor › should delete section with confirmation (15.4s)
[2m[WebServer] [22m[Middleware] User authenticated: e7f5ae65-376e-4d05-a18c-10a91295727a
[2m[WebServer] [22m[Middleware] Admin user data query result: { userData: { role: 'owner', status: 'active' }, userError: null }
[2m[WebServer] [22m[Middleware] Access granted for admin role: owner
[2m[WebServer] [22m GET /api/admin/home-page [32m200[39m in 516ms[2m (compile: 1419µs, proxy.ts: 350ms, render: 164ms)[22m
[dotenv@17.2.4] injecting env (0) from .env.e2e -- tip: ⚙️  suppress all logs with { quiet: true }
[2m[WebServer] [22m[Middleware] User authenticated: e7f5ae65-376e-4d05-a18c-10a91295727a
[2m[WebServer] [22m[Middleware] Admin user data query result: { userData: { role: 'owner', status: 'active' }, userError: null }
[2m[WebServer] [22m[Middleware] Access granted for admin role: owner
[2m[WebServer] [22m[Middleware] User authenticated: e7f5ae65-376e-4d05-a18c-10a91295727a
[2m[WebServer] [22m[Middleware] Admin user data query result: { userData: { role: 'owner', status: 'active' }, userError: null }
[2m[WebServer] [22m[Middleware] Access granted for admin role: owner
[2m[WebServer] [22m[verifyAuth] User authenticated: e7f5ae65-376e-4d05-a18c-10a91295727a
[2m[WebServer] [22m GET /admin/home-page [32m200[39m in 368ms[2m (compile: 1958µs, proxy.ts: 330ms, render: 36ms)[22m
[2m[WebServer] [22m GET /api/admin/sections/by-page/home/home [32m200[39m in 692ms[2m (compile: 18ms, proxy.ts: 326ms, render: 348ms)[22m
[2m[WebServer] [22m[Middleware] User authenticated: e7f5ae65-376e-4d05-a18c-10a91295727a
[2m[WebServer] [22m[Middleware] User authenticated: e7f5ae65-376e-4d05-a18c-10a91295727a
[2m[WebServer] [22m[Middleware] Admin user data query result: { userData: { role: 'owner', status: 'active' }, userError: null }
[2m[WebServer] [22m[Middleware] Access granted for admin role: owner
[2m[WebServer] [22m[Middleware] Admin user data query result: { userData: { role: 'owner', status: 'active' }, userError: null }
[2m[WebServer] [22m[Middleware] Access granted for admin role: owner
[2m[WebServer] [22m[verifyAuth] User authenticated: e7f5ae65-376e-4d05-a18c-10a91295727a
[2m[WebServer] [22m[verifyAuth] User authenticated: e7f5ae65-376e-4d05-a18c-10a91295727a
[2m[WebServer] [22m GET /api/admin/sections/by-page/home/home [32m200[39m in 681ms[2m (compile: 5ms, proxy.ts: 342ms, render: 334ms)[22m
[2m[WebServer] [22m[Middleware] User authenticated: e7f5ae65-376e-4d05-a18c-10a91295727a
[2m[WebServer] [22m POST /api/admin/sections [32m201[39m in 847ms[2m (compile: 7ms, proxy.ts: 341ms, render: 499ms)[22m
[2m[WebServer] [22m[Middleware] Admin user data query result: { userData: { role: 'owner', status: 'active' }, userError: null }
[2m[WebServer] [22m[Middleware] Access granted for admin role: owner
[2m[WebServer] [22m GET /api/admin/home-page [32m200[39m in 516ms[2m (compile: 3ms, proxy.ts: 317ms, render: 196ms)[22m
  ✓  15 [chromium] › __tests__/e2e/admin/contentManagement.spec.ts:502:7 › Inline Section Editor › should edit section content and toggle layout (retry #1) (5.3s)
[2m[WebServer] [22m[Middleware] User authenticated: e7f5ae65-376e-4d05-a18c-10a91295727a
[2m[WebServer] [22m[Middleware] User authenticated: e7f5ae65-376e-4d05-a18c-10a91295727a
[2m[WebServer] [22m[Middleware] Admin user data query result: { userData: { role: 'owner', status: 'active' }, userError: null }
[2m[WebServer] [22m[Middleware] Access granted for admin role: owner
[2m[WebServer] [22m[Middleware] Admin user data query result: { userData: { role: 'owner', status: 'active' }, userError: null }
[2m[WebServer] [22m[Middleware] Access granted for admin role: owner
[2m[WebServer] [22m GET /admin [32m200[39m in 372ms[2m (compile: 11ms, proxy.ts: 304ms, render: 57ms)[22m
[2m[WebServer] [22m[verifyAuth] User authenticated: e7f5ae65-376e-4d05-a18c-10a91295727a
[2m[WebServer] [22m GET /api/admin/sections/by-page/home/home [32m200[39m in 727ms[2m (compile: 6ms, proxy.ts: 353ms, render: 369ms)[22m
[2m[WebServer] [22m[Middleware] User authenticated: e7f5ae65-376e-4d05-a18c-10a91295727a
[2m[WebServer] [22m[Middleware] User authenticated: e7f5ae65-376e-4d05-a18c-10a91295727a
[2m[WebServer] [22m[Middleware] User authenticated: e7f5ae65-376e-4d05-a18c-10a91295727a
[2m[WebServer] [22m[Middleware] Admin user data query result: { userData: { role: 'owner', status: 'active' }, userError: null }
[2m[WebServer] [22m[Middleware] Access granted for admin role: owner
[2m[WebServer] [22m[Middleware] User authenticated: e7f5ae65-376e-4d05-a18c-10a91295727a
[2m[WebServer] [22m[Middleware] Admin user data query result: { userData: { role: 'owner', status: 'active' }, userError: null }
[2m[WebServer] [22m[Middleware] Access granted for admin role: owner
[2m[WebServer] [22m[Middleware] Admin user data query result: { userData: { role: 'owner', status: 'active' }, userError: null }
[2m[WebServer] [22m[Middleware] Access granted for admin role: owner
[2m[WebServer] [22m[Middleware] Admin user data query result: { userData: { role: 'owner', status: 'active' }, userError: null }
[2m[WebServer] [22m[Middleware] Access granted for admin role: owner
[2m[WebServer] [22m[verifyAuth] User authenticated: e7f5ae65-376e-4d05-a18c-10a91295727a
[2m[WebServer] [22m GET /api/admin/alerts [32m200[39m in 652ms[2m (compile: 3ms, proxy.ts: 586ms, render: 62ms)[22m
[2m[WebServer] [22m GET /admin/content-pages [32m200[39m in 703ms[2m (compile: 14ms, proxy.ts: 626ms, render: 64ms)[22m
[2m[WebServer] [22m GET /api/admin/sections/by-page/home/home [32m200[39m in 1010ms[2m (compile: 4ms, proxy.ts: 544ms, render: 462ms)[22m
[2m[WebServer] [22m[Middleware] User authenticated: e7f5ae65-376e-4d05-a18c-10a91295727a
[2m[WebServer] [22m[Middleware] Admin user data query result: { userData: { role: 'owner', status: 'active' }, userError: null }
[2m[WebServer] [22m[Middleware] Access granted for admin role: owner
  ✓  17 [chromium] › __tests__/e2e/admin/contentManagement.spec.ts:817:7 › Event References › should search and filter events in reference lookup (2.2s)
[2m[WebServer] [22m[verifyAuth] User authenticated: e7f5ae65-376e-4d05-a18c-10a91295727a
[2m[WebServer] [22m[Middleware] User authenticated: e7f5ae65-376e-4d05-a18c-10a91295727a
[2m[WebServer] [22m[Middleware] Admin user data query result: { userData: { role: 'owner', status: 'active' }, userError: null }
[2m[WebServer] [22m[Middleware] Access granted for admin role: owner
[2m[WebServer] [22m[Middleware] User authenticated: e7f5ae65-376e-4d05-a18c-10a91295727a
[2m[WebServer] [22m[Middleware] Admin user data query result: { userData: { role: 'owner', status: 'active' }, userError: null }
[2m[WebServer] [22m[Middleware] Access granted for admin role: owner
[2m[WebServer] [22m POST /api/admin/sections [32m201[39m in 1068ms[2m (compile: 1300µs, proxy.ts: 360ms, render: 707ms)[22m
[2m[WebServer] [22m GET /admin/content-pages [32m200[39m in 476ms[2m (compile: 3ms, proxy.ts: 429ms, render: 44ms)[22m
  ✓  16 [chromium] › __tests__/e2e/admin/contentManagement.spec.ts:571:7 › Inline Section Editor › should delete section with confirmation (retry #1) (5.5s)
[2m[WebServer] [22m[Middleware] User authenticated: e7f5ae65-376e-4d05-a18c-10a91295727a
  ✓  18 [chromium] › __tests__/e2e/admin/contentManagement.spec.ts:885:7 › Content Management Accessibility › should have proper keyboard navigation in content pages (1.2s)
[2m[WebServer] [22m[Middleware] Admin user data query result: { userData: { role: 'owner', status: 'active' }, userError: null }
[2m[WebServer] [22m[Middleware] Access granted for admin role: owner
[2m[WebServer] [22m[Middleware] User authenticated: e7f5ae65-376e-4d05-a18c-10a91295727a
[2m[WebServer] [22m[Middleware] User authenticated: e7f5ae65-376e-4d05-a18c-10a91295727a
[2m[WebServer] [22m[Middleware] User authenticated: e7f5ae65-376e-4d05-a18c-10a91295727a
[2m[WebServer] [22m[Middleware] Admin user data query result: { userData: { role: 'owner', status: 'active' }, userError: null }
[2m[WebServer] [22m[Middleware] Access granted for admin role: owner
[2m[WebServer] [22m[Middleware] Admin user data query result: { userData: { role: 'owner', status: 'active' }, userError: null }
[2m[WebServer] [22m[Middleware] Access granted for admin role: owner
[2m[WebServer] [22m GET /admin/content-pages [32m200[39m in 381ms[2m (compile: 6ms, proxy.ts: 326ms, render: 49ms)[22m
[2m[WebServer] [22m[Middleware] Admin user data query result: { userData: { role: 'owner', status: 'active' }, userError: null }
[2m[WebServer] [22m[Middleware] Access granted for admin role: owner
[2m[WebServer] [22m GET /admin/home-page [32m200[39m in 377ms[2m (compile: 7ms, proxy.ts: 328ms, render: 41ms)[22m
  ✓  19 [chromium] › __tests__/e2e/admin/contentManagement.spec.ts:898:7 › Content Management Accessibility › should have proper ARIA labels and form labels (1.3s)
[2m[WebServer] [22m[Middleware] User authenticated: e7f5ae65-376e-4d05-a18c-10a91295727a
[2m[WebServer] [22m[Middleware] User authenticated: e7f5ae65-376e-4d05-a18c-10a91295727a
[2m[WebServer] [22m[Middleware] Admin user data query result: { userData: { role: 'owner', status: 'active' }, userError: null }
[2m[WebServer] [22m[Middleware] Access granted for admin role: owner
[2m[WebServer] [22m[Middleware] Admin user data query result: { userData: { role: 'owner', status: 'active' }, userError: null }
[2m[WebServer] [22m[Middleware] Access granted for admin role: owner
[2m[WebServer] [22m[Middleware] User authenticated: e7f5ae65-376e-4d05-a18c-10a91295727a
[2m[WebServer] [22m[Middleware] Admin user data query result: { userData: { role: 'owner', status: 'active' }, userError: null }
[2m[WebServer] [22m[Middleware] Access granted for admin role: owner
[2m[WebServer] [22m GET /admin/content-pages [32m200[39m in 385ms[2m (compile: 2ms, proxy.ts: 348ms, render: 35ms)[22m
[2m[WebServer] [22m GET /api/admin/home-page [32m200[39m in 748ms[2m (compile: 1275µs, proxy.ts: 333ms, render: 413ms)[22m
  ✓  21 [chromium] › __tests__/e2e/admin/contentManagement.spec.ts:930:7 › Content Management Accessibility › should have keyboard navigation in reference lookup (1.1s)
[2m[WebServer] [22m[Middleware] User authenticated: e7f5ae65-376e-4d05-a18c-10a91295727a
[2m[WebServer] [22m[Middleware] Admin user data query result: { userData: { role: 'owner', status: 'active' }, userError: null }
[2m[WebServer] [22m[Middleware] Access granted for admin role: owner
  ✓  20 [chromium] › __tests__/e2e/admin/contentManagement.spec.ts:918:7 › Content Management Accessibility › should have proper keyboard navigation in home page editor (2.6s)
  ✘  13 [chromium] › __tests__/e2e/admin/contentManagement.spec.ts:611:7 › Inline Section Editor › should add photo gallery and reference blocks to sections (26.5s)
Event creation API response not detected, continuing...
[dotenv@17.2.4] injecting env (0) from .env.e2e -- tip: ⚙️  enable debug logging with { debug: true }
[2m[WebServer] [22m[Middleware] User authenticated: e7f5ae65-376e-4d05-a18c-10a91295727a
[2m[WebServer] [22m[Middleware] Admin user data query result: { userData: { role: 'owner', status: 'active' }, userError: null }
[2m[WebServer] [22m[Middleware] Access granted for admin role: owner
[2m[WebServer] [22m GET /admin/home-page [32m200[39m in 545ms[2m (compile: 3ms, proxy.ts: 505ms, render: 37ms)[22m
[2m[WebServer] [22m[Middleware] User authenticated: e7f5ae65-376e-4d05-a18c-10a91295727a
[2m[WebServer] [22m[Middleware] Admin user data query result: { userData: { role: 'owner', status: 'active' }, userError: null }
[2m[WebServer] [22m[Middleware] Access granted for admin role: owner
[2m[WebServer] [22m GET /api/admin/home-page [32m200[39m in 634ms[2m (compile: 1440µs, proxy.ts: 355ms, render: 277ms)[22m
Form did not close automatically, reloading page to refresh list...
[2m[WebServer] [22m[Middleware] User authenticated: e7f5ae65-376e-4d05-a18c-10a91295727a
[2m[WebServer] [22m[Middleware] Admin user data query result: { userData: { role: 'owner', status: 'active' }, userError: null }
[2m[WebServer] [22m[Middleware] Access granted for admin role: owner
[2m[WebServer] [22m GET /admin/events [32m200[39m in 378ms[2m (compile: 4ms, proxy.ts: 319ms, render: 55ms)[22m
[2m[WebServer] [22m[Middleware] User authenticated: e7f5ae65-376e-4d05-a18c-10a91295727a
[2m[WebServer] [22m[Middleware] Admin user data query result: { userData: { role: 'owner', status: 'active' }, userError: null }
[2m[WebServer] [22m[Middleware] Access granted for admin role: owner
[2m[WebServer] [22m[verifyAuth] User authenticated: e7f5ae65-376e-4d05-a18c-10a91295727a
[2m[WebServer] [22m[Middleware] User authenticated: e7f5ae65-376e-4d05-a18c-10a91295727a
[2m[WebServer] [22m[Middleware] User authenticated: e7f5ae65-376e-4d05-a18c-10a91295727a
[2m[WebServer] [22m GET /api/admin/sections/by-page/home/home [32m200[39m in 816ms[2m (compile: 7ms, proxy.ts: 322ms, render: 487ms)[22m
[2m[WebServer] [22m[Middleware] Admin user data query result: { userData: { role: 'owner', status: 'active' }, userError: null }
[2m[WebServer] [22m[Middleware] Access granted for admin role: owner
[2m[WebServer] [22m[Middleware] Admin user data query result: { userData: { role: 'owner', status: 'active' }, userError: null }
[2m[WebServer] [22m[Middleware] Access granted for admin role: owner
[2m[WebServer] [22m[Middleware] User authenticated: e7f5ae65-376e-4d05-a18c-10a91295727a
[2m[WebServer] [22m GET /api/admin/events [32m200[39m in 750ms[2m (compile: 6ms, proxy.ts: 574ms, render: 170ms)[22m
[2m[WebServer] [22m GET /api/admin/locations [32m200[39m in 759ms[2m (compile: 8ms, proxy.ts: 576ms, render: 174ms)[22m
[2m[WebServer] [22m[Middleware] Admin user data query result: { userData: { role: 'owner', status: 'active' }, userError: null }
[2m[WebServer] [22m[Middleware] Access granted for admin role: owner
[2m[WebServer] [22m[verifyAuth] User authenticated: e7f5ae65-376e-4d05-a18c-10a91295727a
[2m[WebServer] [22m GET /api/admin/sections/by-page/home/home [32m200[39m in 788ms[2m (compile: 8ms, proxy.ts: 427ms, render: 352ms)[22m
  ✘  14 [chromium] › __tests__/e2e/admin/contentManagement.spec.ts:679:7 › Event References › should create event and add as reference to content page (42.4s)
[2m[WebServer] [22m[Middleware] User authenticated: e7f5ae65-376e-4d05-a18c-10a91295727a
[2m[WebServer] [22m[Middleware] Admin user data query result: { userData: { role: 'owner', status: 'active' }, userError: null }
[2m[WebServer] [22m[Middleware] Access granted for admin role: owner
[2m[WebServer] [22m[verifyAuth] User authenticated: e7f5ae65-376e-4d05-a18c-10a91295727a
[dotenv@17.2.4] injecting env (0) from .env.e2e -- tip: 🔄 add secrets lifecycle management: https://dotenvx.com/ops
[2m[WebServer] [22m POST /api/admin/sections [32m201[39m in 873ms[2m (compile: 4ms, proxy.ts: 445ms, render: 424ms)[22m
[2m[WebServer] [22m[Middleware] User authenticated: e7f5ae65-376e-4d05-a18c-10a91295727a
[2m[WebServer] [22m[Middleware] Admin user data query result: { userData: { role: 'owner', status: 'active' }, userError: null }
[2m[WebServer] [22m[Middleware] Access granted for admin role: owner
[2m[WebServer] [22m GET /admin [32m200[39m in 354ms[2m (compile: 3ms, proxy.ts: 320ms, render: 31ms)[22m
[2m[WebServer] [22m[Middleware] User authenticated: e7f5ae65-376e-4d05-a18c-10a91295727a
  ✓  22 [chromium] › __tests__/e2e/admin/contentManagement.spec.ts:611:7 › Inline Section Editor › should add photo gallery and reference blocks to sections (retry #1) (17.5s)
[2m[WebServer] [22m[Middleware] Admin user data query result: { userData: { role: 'owner', status: 'active' }, userError: null }
[2m[WebServer] [22m[Middleware] Access granted for admin role: owner
[2m[WebServer] [22m[Middleware] User authenticated: e7f5ae65-376e-4d05-a18c-10a91295727a
[2m[WebServer] [22m[Middleware] User authenticated: e7f5ae65-376e-4d05-a18c-10a91295727a
[2m[WebServer] [22m[Middleware] User authenticated: e7f5ae65-376e-4d05-a18c-10a91295727a
[2m[WebServer] [22m[Middleware] User authenticated: e7f5ae65-376e-4d05-a18c-10a91295727a
[2m[WebServer] [22m[Middleware] Admin user data query result: { userData: { role: 'owner', status: 'active' }, userError: null }
[2m[WebServer] [22m[Middleware] Access granted for admin role: owner
[2m[WebServer] [22m[Middleware] Admin user data query result: { userData: { role: 'owner', status: 'active' }, userError: null }
[2m[WebServer] [22m[Middleware] Access granted for admin role: owner
[2m[WebServer] [22m[Middleware] Admin user data query result: { userData: { role: 'owner', status: 'active' }, userError: null }
[2m[WebServer] [22m[Middleware] Access granted for admin role: owner
[2m[WebServer] [22m[Middleware] Admin user data query result: { userData: { role: 'owner', status: 'active' }, userError: null }
[2m[WebServer] [22m[Middleware] Access granted for admin role: owner
[2m[WebServer] [22m GET /api/admin/metrics [32m200[39m in 517ms[2m (compile: 7ms, proxy.ts: 467ms, render: 42ms)[22m
[2m[WebServer] [22m GET /api/admin/alerts [32m200[39m in 517ms[2m (compile: 17ms, proxy.ts: 446ms, render: 54ms)[22m
[2m[WebServer] [22m GET /admin/events [32m200[39m in 444ms[2m (compile: 3ms, proxy.ts: 395ms, render: 46ms)[22m
[2m[WebServer] [22m[Middleware] User authenticated: e7f5ae65-376e-4d05-a18c-10a91295727a
[2m[WebServer] [22m[Middleware] User authenticated: e7f5ae65-376e-4d05-a18c-10a91295727a
[2m[WebServer] [22m[Middleware] Admin user data query result: { userData: { role: 'owner', status: 'active' }, userError: null }
[2m[WebServer] [22m[Middleware] Access granted for admin role: owner
[2m[WebServer] [22m GET /api/admin/locations [32m200[39m in 621ms[2m (compile: 1525µs, proxy.ts: 447ms, render: 173ms)[22m
[2m[WebServer] [22m[Middleware] Admin user data query result: { userData: { role: 'owner', status: 'active' }, userError: null }
[2m[WebServer] [22m[Middleware] Access granted for admin role: owner
[2m[WebServer] [22m GET /api/admin/events [32m200[39m in 821ms[2m (compile: 1501µs, proxy.ts: 634ms, render: 186ms)[22m
Event creation API response not detected, continuing...
Form did not close automatically, reloading page to refresh list...
[2m[WebServer] [22m[Middleware] User authenticated: e7f5ae65-376e-4d05-a18c-10a91295727a
[2m[WebServer] [22m[Middleware] Admin user data query result: { userData: { role: 'owner', status: 'active' }, userError: null }
[2m[WebServer] [22m[Middleware] Access granted for admin role: owner
[2m[WebServer] [22m GET /admin/events [32m200[39m in 517ms[2m (compile: 2ms, proxy.ts: 435ms, render: 80ms)[22m
[2m[WebServer] [22m[Middleware] User authenticated: e7f5ae65-376e-4d05-a18c-10a91295727a
[2m[WebServer] [22m[Middleware] User authenticated: e7f5ae65-376e-4d05-a18c-10a91295727a
[2m[WebServer] [22m[Middleware] Admin user data query result: { userData: { role: 'owner', status: 'active' }, userError: null }
[2m[WebServer] [22m[Middleware] Access granted for admin role: owner
[2m[WebServer] [22m[Middleware] Admin user data query result: { userData: { role: 'owner', status: 'active' }, userError: null }
[2m[WebServer] [22m[Middleware] Access granted for admin role: owner
[2m[WebServer] [22m GET /api/admin/events [32m200[39m in 566ms[2m (compile: 3ms, proxy.ts: 425ms, render: 137ms)[22m
[2m[WebServer] [22m GET /api/admin/locations [32m200[39m in 654ms[2m (compile: 1532µs, proxy.ts: 482ms, render: 170ms)[22m
  ✘  23 [chromium] › __tests__/e2e/admin/contentManagement.spec.ts:679:7 › Event References › should create event and add as reference to content page (retry #1) (35.1s)

🧹 E2E Global Teardown Starting...

🗑️  Cleaning up test data...
🧹 Running comprehensive test cleanup...
✅ Comprehensive cleanup complete
✅ Test data cleaned

🔓 Keeping authentication state for debugging...
   Auth files preserved in .auth/ directory
   Run "rm -rf .auth" to clean up manually

📊 Execution Summary:
   Duration: 2.11s
   Errors: 0
   Status: ✅ Clean teardown

✨ E2E Global Teardown Complete!



  1) [chromium] › __tests__/e2e/admin/contentManagement.spec.ts:264:7 › Home Page Editing › should edit home page settings and save successfully 

    Error: [2mexpect([22m[31mlocator[39m[2m).[22mtoBeVisible[2m([22m[2m)[22m failed

    Locator: locator('text=/success|saved|updated/i, [role="status"]').first()
    Expected: visible
    SyntaxError: Invalid flags supplied to RegExp constructor 'i, [role="status"]'
        at new RegExp (<anonymous>)
        at createTextMatcher (<anonymous>:7998:16)
        at Object.queryAll (<anonymous>:6874:33)
        at InjectedScript._queryEngineAll (<anonymous>:6847:49)
        at InjectedScript.querySelectorAll (<anonymous>:6834:30)
        at eval (eval at evaluate (:290:30), <anonymous>:2:42)
        at UtilityScript.evaluate (<anonymous>:292:16)
        at UtilityScript.<anonymous> (<anonymous>:1:44)

    Call log:
    [2m  - Expect "toBeVisible" with timeout 3000ms[22m
    [2m  - waiting for locator('text=/success|saved|updated/i, [role="status"]').first()[22m


    Call Log:
    - Timeout 10000ms exceeded while waiting on the predicate
        at createTextMatcher (<anonymous>:7998:16)
        at Object.queryAll (<anonymous>:6874:33)
        at InjectedScript._queryEngineAll (<anonymous>:6847:49)
        at InjectedScript.querySelectorAll (<anonymous>:6834:30)
        at eval (eval at evaluate (:290:30), <anonymous>:2:42)
        at UtilityScript.evaluate (<anonymous>:292:16)
        at UtilityScript.<anonymous> (<anonymous>:1:44)
        at /Users/jaron/Desktop/wedding-platform-v2/__tests__/e2e/admin/contentManagement.spec.ts:312:8

    attachment #1: screenshot (image/png) ──────────────────────────────────────────────────────────
    test-results/admin-contentManagement-Ho-60835-tings-and-save-successfully-chromium/test-failed-1.png
    ────────────────────────────────────────────────────────────────────────────────────────────────

    attachment #2: video (video/webm) ──────────────────────────────────────────────────────────────
    test-results/admin-contentManagement-Ho-60835-tings-and-save-successfully-chromium/video.webm
    ────────────────────────────────────────────────────────────────────────────────────────────────

    Error Context: test-results/admin-contentManagement-Ho-60835-tings-and-save-successfully-chromium/error-context.md

    Retry #1 ───────────────────────────────────────────────────────────────────────────────────────

    Error: [2mexpect([22m[31mlocator[39m[2m).[22mtoBeVisible[2m([22m[2m)[22m failed

    Locator: locator('text=/success|saved|updated/i, [role="status"]').first()
    Expected: visible
    SyntaxError: Invalid flags supplied to RegExp constructor 'i, [role="status"]'
        at new RegExp (<anonymous>)
        at createTextMatcher (<anonymous>:7998:16)
        at Object.queryAll (<anonymous>:6874:33)
        at InjectedScript._queryEngineAll (<anonymous>:6847:49)
        at InjectedScript.querySelectorAll (<anonymous>:6834:30)
        at eval (eval at evaluate (:290:30), <anonymous>:2:42)
        at UtilityScript.evaluate (<anonymous>:292:16)
        at UtilityScript.<anonymous> (<anonymous>:1:44)

    Call log:
    [2m  - Expect "toBeVisible" with timeout 3000ms[22m
    [2m  - waiting for locator('text=/success|saved|updated/i, [role="status"]').first()[22m


    Call Log:
    - Timeout 10000ms exceeded while waiting on the predicate
        at createTextMatcher (<anonymous>:7998:16)
        at Object.queryAll (<anonymous>:6874:33)
        at InjectedScript._queryEngineAll (<anonymous>:6847:49)
        at InjectedScript.querySelectorAll (<anonymous>:6834:30)
        at eval (eval at evaluate (:290:30), <anonymous>:2:42)
        at UtilityScript.evaluate (<anonymous>:292:16)
        at UtilityScript.<anonymous> (<anonymous>:1:44)
        at /Users/jaron/Desktop/wedding-platform-v2/__tests__/e2e/admin/contentManagement.spec.ts:312:8

    attachment #1: screenshot (image/png) ──────────────────────────────────────────────────────────
    test-results/admin-contentManagement-Ho-60835-tings-and-save-successfully-chromium-retry1/test-failed-1.png
    ────────────────────────────────────────────────────────────────────────────────────────────────

    attachment #2: video (video/webm) ──────────────────────────────────────────────────────────────
    test-results/admin-contentManagement-Ho-60835-tings-and-save-successfully-chromium-retry1/video.webm
    ────────────────────────────────────────────────────────────────────────────────────────────────

    Error Context: test-results/admin-contentManagement-Ho-60835-tings-and-save-successfully-chromium-retry1/error-context.md

    attachment #4: trace (application/zip) ─────────────────────────────────────────────────────────
    test-results/admin-contentManagement-Ho-60835-tings-and-save-successfully-chromium-retry1/trace.zip
    Usage:

        npx playwright show-trace test-results/admin-contentManagement-Ho-60835-tings-and-save-successfully-chromium-retry1/trace.zip

    ────────────────────────────────────────────────────────────────────────────────────────────────

  2) [chromium] › __tests__/e2e/admin/contentManagement.spec.ts:679:7 › Event References › should create event and add as reference to content page 

    Error: [2mexpect([22m[31mlocator[39m[2m).[22mtoBeVisible[2m([22m[2m)[22m failed

    Locator: locator('text=Test Event 1770937617768').first()
    Expected: visible
    Timeout: 3000ms
    Error: element(s) not found

    Call log:
    [2m  - Expect "toBeVisible" with timeout 3000ms[22m
    [2m  - waiting for locator('text=Test Event 1770937617768').first()[22m


    Call Log:
    - Timeout 10000ms exceeded while waiting on the predicate

      776 |     await expect(async () => {
      777 |       await expect(eventRow).toBeVisible({ timeout: 3000 });
    > 778 |     }).toPass({ timeout: 10000 });
          |        ^
      779 |     
      780 |     // Create content page
      781 |     await page.goto('http://localhost:3000/admin/content-pages');
        at /Users/jaron/Desktop/wedding-platform-v2/__tests__/e2e/admin/contentManagement.spec.ts:778:8

    attachment #1: screenshot (image/png) ──────────────────────────────────────────────────────────
    test-results/admin-contentManagement-Ev-e6ce0-s-reference-to-content-page-chromium/test-failed-1.png
    ────────────────────────────────────────────────────────────────────────────────────────────────

    attachment #2: video (video/webm) ──────────────────────────────────────────────────────────────
    test-results/admin-contentManagement-Ev-e6ce0-s-reference-to-content-page-chromium/video.webm
    ────────────────────────────────────────────────────────────────────────────────────────────────

    Error Context: test-results/admin-contentManagement-Ev-e6ce0-s-reference-to-content-page-chromium/error-context.md

    Retry #1 ───────────────────────────────────────────────────────────────────────────────────────

    Error: [2mexpect([22m[31mlocator[39m[2m).[22mtoBeVisible[2m([22m[2m)[22m failed

    Locator: locator('text=Test Event 1770937661113').first()
    Expected: visible
    Timeout: 3000ms
    Error: element(s) not found

    Call log:
    [2m  - Expect "toBeVisible" with timeout 3000ms[22m
    [2m  - waiting for locator('text=Test Event 1770937661113').first()[22m


    Call Log:
    - Timeout 10000ms exceeded while waiting on the predicate

      776 |     await expect(async () => {
      777 |       await expect(eventRow).toBeVisible({ timeout: 3000 });
    > 778 |     }).toPass({ timeout: 10000 });
          |        ^
      779 |     
      780 |     // Create content page
      781 |     await page.goto('http://localhost:3000/admin/content-pages');
        at /Users/jaron/Desktop/wedding-platform-v2/__tests__/e2e/admin/contentManagement.spec.ts:778:8

    attachment #1: screenshot (image/png) ──────────────────────────────────────────────────────────
    test-results/admin-contentManagement-Ev-e6ce0-s-reference-to-content-page-chromium-retry1/test-failed-1.png
    ────────────────────────────────────────────────────────────────────────────────────────────────

    attachment #2: video (video/webm) ──────────────────────────────────────────────────────────────
    test-results/admin-contentManagement-Ev-e6ce0-s-reference-to-content-page-chromium-retry1/video.webm
    ────────────────────────────────────────────────────────────────────────────────────────────────

    Error Context: test-results/admin-contentManagement-Ev-e6ce0-s-reference-to-content-page-chromium-retry1/error-context.md

    attachment #4: trace (application/zip) ─────────────────────────────────────────────────────────
    test-results/admin-contentManagement-Ev-e6ce0-s-reference-to-content-page-chromium-retry1/trace.zip
    Usage:

        npx playwright show-trace test-results/admin-contentManagement-Ev-e6ce0-s-reference-to-content-page-chromium-retry1/trace.zip

    ────────────────────────────────────────────────────────────────────────────────────────────────

  3) [chromium] › __tests__/e2e/admin/contentManagement.spec.ts:30:7 › Content Page Management › should complete full content page creation and publication flow 

    Error: [2mexpect([22m[31mlocator[39m[2m).[22mtoBeVisible[2m([22m[2m)[22m failed

    Locator: locator('text=Test Page 1770937587192').first()
    Expected: visible
    Timeout: 10000ms
    Error: element(s) not found

    Call log:
    [2m  - Expect "toBeVisible" with timeout 10000ms[22m
    [2m  - waiting for locator('text=Test Page 1770937587192').first()[22m


      122 |     // The page might use different heading levels or structure
      123 |     const guestPageTitle = newPage.locator(`text=${pageTitle}`).first();
    > 124 |     await expect(guestPageTitle).toBeVisible({ timeout: 10000 });
          |                                  ^
      125 |     
      126 |     // Close the new tab
      127 |     await newPage.close();
        at /Users/jaron/Desktop/wedding-platform-v2/__tests__/e2e/admin/contentManagement.spec.ts:124:34

    attachment #1: screenshot (image/png) ──────────────────────────────────────────────────────────
    test-results/admin-contentManagement-Co-30bad-eation-and-publication-flow-chromium/test-failed-1.png
    ────────────────────────────────────────────────────────────────────────────────────────────────

    attachment #2: screenshot (image/png) ──────────────────────────────────────────────────────────
    test-results/admin-contentManagement-Co-30bad-eation-and-publication-flow-chromium/test-failed-2.png
    ────────────────────────────────────────────────────────────────────────────────────────────────

    attachment #3: video (video/webm) ──────────────────────────────────────────────────────────────
    test-results/admin-contentManagement-Co-30bad-eation-and-publication-flow-chromium/video-1.webm
    ────────────────────────────────────────────────────────────────────────────────────────────────

    attachment #4: video (video/webm) ──────────────────────────────────────────────────────────────
    test-results/admin-contentManagement-Co-30bad-eation-and-publication-flow-chromium/video.webm
    ────────────────────────────────────────────────────────────────────────────────────────────────

    Error Context: test-results/admin-contentManagement-Co-30bad-eation-and-publication-flow-chromium/error-context.md

  4) [chromium] › __tests__/e2e/admin/contentManagement.spec.ts:502:7 › Inline Section Editor › should edit section content and toggle layout 

    Error: [2mexpect([22m[31mlocator[39m[2m).[22mtoBeVisible[2m([22m[2m)[22m failed

    Locator: locator('[data-testid="inline-section-editor"]')
    Expected: visible
    Timeout: 5000ms
    Error: element(s) not found

    Call log:
    [2m  - Expect "toBeVisible" with timeout 5000ms[22m
    [2m  - waiting for locator('[data-testid="inline-section-editor"]')[22m
    [2m    - waiting for" http://localhost:3000/admin/home-page" navigation to finish...[22m
    [2m    - navigated to "http://localhost:3000/admin/home-page"[22m


      523 |     
      524 |     // Now check for component
    > 525 |     await expect(page.locator('[data-testid="inline-section-editor"]')).toBeVisible({ timeout: 5000 });
          |                                                                         ^
      526 |     
      527 |     const addSectionButton = page.locator('[data-testid="inline-section-editor"] button:has-text("Add Section")');
      528 |     await expect(addSectionButton).toBeVisible({ timeout: 5000 });
        at /Users/jaron/Desktop/wedding-platform-v2/__tests__/e2e/admin/contentManagement.spec.ts:525:73

    attachment #1: screenshot (image/png) ──────────────────────────────────────────────────────────
    test-results/admin-contentManagement-In-4f880-n-content-and-toggle-layout-chromium/test-failed-1.png
    ────────────────────────────────────────────────────────────────────────────────────────────────

    attachment #2: video (video/webm) ──────────────────────────────────────────────────────────────
    test-results/admin-contentManagement-In-4f880-n-content-and-toggle-layout-chromium/video.webm
    ────────────────────────────────────────────────────────────────────────────────────────────────

    Error Context: test-results/admin-contentManagement-In-4f880-n-content-and-toggle-layout-chromium/error-context.md

  5) [chromium] › __tests__/e2e/admin/contentManagement.spec.ts:571:7 › Inline Section Editor › should delete section with confirmation 

    TimeoutError: page.waitForSelector: Timeout 10000ms exceeded.
    Call log:
    [2m  - waiting for locator('[data-testid="inline-section-editor"] [draggable="true"]') to be visible[22m
    [2m    3 × waiting for" http://localhost:3000/admin/home-page" navigation to finish...[22m
    [2m      - navigated to "http://localhost:3000/admin/home-page"[22m


      586 |     await addSectionButton.click();
      587 |     await page.waitForLoadState('networkidle'); // Wait for section to be added
    > 588 |     await page.waitForSelector('[data-testid="inline-section-editor"] [draggable="true"]', { 
          |                ^
      589 |       state: 'visible',
      590 |       timeout: 10000 
      591 |     });
        at /Users/jaron/Desktop/wedding-platform-v2/__tests__/e2e/admin/contentManagement.spec.ts:588:16

    attachment #1: screenshot (image/png) ──────────────────────────────────────────────────────────
    test-results/admin-contentManagement-In-57c82-e-section-with-confirmation-chromium/test-failed-1.png
    ────────────────────────────────────────────────────────────────────────────────────────────────

    attachment #2: video (video/webm) ──────────────────────────────────────────────────────────────
    test-results/admin-contentManagement-In-57c82-e-section-with-confirmation-chromium/video.webm
    ────────────────────────────────────────────────────────────────────────────────────────────────

    Error Context: test-results/admin-contentManagement-In-57c82-e-section-with-confirmation-chromium/error-context.md

  6) [chromium] › __tests__/e2e/admin/contentManagement.spec.ts:611:7 › Inline Section Editor › should add photo gallery and reference blocks to sections 

    Error: [2mexpect([22m[31mlocator[39m[2m).[22mtoBeVisible[2m([22m[2m)[22m failed

    Locator: locator('button:has-text("Hide Inline Section Editor")')
    Expected: visible
    Timeout: 3000ms
    Error: element(s) not found

    Call log:
    [2m  - Expect "toBeVisible" with timeout 3000ms[22m
    [2m  - waiting for locator('button:has-text("Hide Inline Section Editor")')[22m


    Call Log:
    - Timeout 15000ms exceeded while waiting on the predicate

      626 |     await expect(async () => {
      627 |       await expect(hideButtonIndicator).toBeVisible({ timeout: 3000 });
    > 628 |     }).toPass({ timeout: 15000 });
          |        ^
      629 |     
      630 |     // Also wait for API if it hasn't completed yet
      631 |     await sectionsApiPromise;
        at /Users/jaron/Desktop/wedding-platform-v2/__tests__/e2e/admin/contentManagement.spec.ts:628:8

    attachment #1: screenshot (image/png) ──────────────────────────────────────────────────────────
    test-results/admin-contentManagement-In-a7795-eference-blocks-to-sections-chromium/test-failed-1.png
    ────────────────────────────────────────────────────────────────────────────────────────────────

    attachment #2: video (video/webm) ──────────────────────────────────────────────────────────────
    test-results/admin-contentManagement-In-a7795-eference-blocks-to-sections-chromium/video.webm
    ────────────────────────────────────────────────────────────────────────────────────────────────

    Error Context: test-results/admin-contentManagement-In-a7795-eference-blocks-to-sections-chromium/error-context.md

  2 failed
    [chromium] › __tests__/e2e/admin/contentManagement.spec.ts:264:7 › Home Page Editing › should edit home page settings and save successfully 
    [chromium] › __tests__/e2e/admin/contentManagement.spec.ts:679:7 › Event References › should create event and add as reference to content page 
  4 flaky
    [chromium] › __tests__/e2e/admin/contentManagement.spec.ts:30:7 › Content Page Management › should complete full content page creation and publication flow 
    [chromium] › __tests__/e2e/admin/contentManagement.spec.ts:502:7 › Inline Section Editor › should edit section content and toggle layout 
    [chromium] › __tests__/e2e/admin/contentManagement.spec.ts:571:7 › Inline Section Editor › should delete section with confirmation 
    [chromium] › __tests__/e2e/admin/contentManagement.spec.ts:611:7 › Inline Section Editor › should add photo gallery and reference blocks to sections 
  11 passed (2.1m)
