
> destination-wedding-platform@0.1.0 test:e2e
> playwright test __tests__/e2e/auth/guestAuth.spec.ts

[dotenv@17.2.4] injecting env (24) from .env.e2e -- tip: ⚙️  override existing env vars with { override: true }
[2m[WebServer] [22m
[2m[WebServer] [22m> destination-wedding-platform@0.1.0 dev
[2m[WebServer] [22m> next dev --webpack
[2m[WebServer] [22m
[2m[WebServer] [22m[1m[38;2;173;127;168m▲ Next.js 16.1.1[39m[22m (webpack)
[2m[WebServer] [22m- Local:         http://localhost:3000
[2m[WebServer] [22m- Network:       http://192.168.7.238:3000
[2m[WebServer] [22m- Environments: .env.test
[2m[WebServer] [22m
[2m[WebServer] [22m[32m[1m✓[22m[39m Starting...
[2m[WebServer] [22m[33m[1m⚠[22m[39m The "middleware" file convention is deprecated. Please use "proxy" instead. Learn more: https://nextjs.org/docs/messages/middleware-to-proxy
[2m[WebServer] [22m🚀 Initializing application services...
[2m[WebServer] [22m✅ B2 client initialized successfully {
[2m[WebServer] [22m  endpoint: [32m'https://s3.us-west-004.backblazeb2.com'[39m,
[2m[WebServer] [22m  region: [32m'us-west-004'[39m,
[2m[WebServer] [22m  bucket: [32m'test-bucket'[39m,
[2m[WebServer] [22m  cdnDomain: [32m'https://test-cdn.example.com'[39m
[2m[WebServer] [22m}
[2m[WebServer] [22m✅ Application services initialized successfully
[2m[WebServer] [22m[32m[1m✓[22m[39m Ready in 2.5s

🚀 E2E Global Setup Starting...

📊 Verifying test database connection...
[2m[WebServer] [22m GET / [32m200[39m in 3.4s[2m (compile: 3.0s, proxy.ts: 165ms, render: 175ms)[22m
✅ Test database connected

🧹 Cleaning up test data...
   Cleaning up leftover test data...
   Test data cleanup complete
✅ Test data cleaned

👤 Creating test guest...
   Created warmup guest: warmup@example.com (ID: 67727f98-f2bf-42ac-b8ad-6471a0797c7a)
   Created test guest: test@example.com (ID: 8ae94d86-67ef-431c-a36d-c2143e286c6a)
✅ Test guest created

📦 Creating comprehensive test data...
   Creating location hierarchy...
   Location hierarchy already exists
   Creating events...
   Events already exist
   Creating activities...
   Warning: Could not create comprehensive test data: Failed to create ceremony activity: Could not find the 'cost_per_guest' column of 'activities' in the schema cache
   Some E2E tests may fail due to missing data
✅ Comprehensive test data created

🌐 Verifying Next.js server...
✅ Next.js server is running

🔥 Warming up API routes...
   Warming up 3 guest auth routes with retry logic...
[2m[WebServer] [22m GET / [32m200[39m in 41ms[2m (compile: 3ms, proxy.ts: 15ms, render: 23ms)[22m
[2m[WebServer] [22m[API] Looking for guest with email: warmup@example.com
[2m[WebServer] [22m[API] Guest query result: {
[2m[WebServer] [22m  found: [33mtrue[39m,
[2m[WebServer] [22m  email: [32m'warmup@example.com'[39m,
[2m[WebServer] [22m  authMethod: [32m'email_matching'[39m,
[2m[WebServer] [22m  error: [90mundefined[39m
[2m[WebServer] [22m}
[2m[WebServer] [22m[API] Setting guest session cookie: {
[2m[WebServer] [22m  tokenPrefix: [32m'967547f1'[39m,
[2m[WebServer] [22m  cookieOptions: {
[2m[WebServer] [22m    httpOnly: [33mtrue[39m,
[2m[WebServer] [22m    secure: [33mfalse[39m,
[2m[WebServer] [22m    sameSite: [32m'lax'[39m,
[2m[WebServer] [22m    maxAge: [33m86400[39m,
[2m[WebServer] [22m    path: [32m'/'[39m
[2m[WebServer] [22m  },
[2m[WebServer] [22m  guestId: [32m'67727f98-f2bf-42ac-b8ad-6471a0797c7a'[39m,
[2m[WebServer] [22m  sessionId: [32m'bf6a4df7-ff32-438a-90aa-f139fe0f3219'[39m
[2m[WebServer] [22m}
   ✅ Route ready: /api/guest-auth/email-match (attempt 1/5, status: 200)
[2m[WebServer] [22m POST /api/guest-auth/email-match [32m200[39m in 1484ms[2m (compile: 1036ms, proxy.ts: 6ms, render: 441ms)[22m
[2m[WebServer] [22m[Magic Link Request] Processing request for email: warmup@example.com
[2m[WebServer] [22m[Magic Link Request] Looking for guest by email...
[2m[WebServer] [22m[Magic Link Request] Guest query result: {
[2m[WebServer] [22m  found: [33mtrue[39m,
[2m[WebServer] [22m  guestId: [32m'67727f98-f2bf-42ac-b8ad-6471a0797c7a'[39m,
[2m[WebServer] [22m  authMethod: [32m'email_matching'[39m,
[2m[WebServer] [22m  error: [90mundefined[39m
[2m[WebServer] [22m}
[2m[WebServer] [22m[Magic Link Request] Guest has wrong auth method: email_matching
   ✅ Route ready: /api/guest-auth/magic-link/request (attempt 1/5, status: 400)
[2m[WebServer] [22m POST /api/guest-auth/magic-link/request [33m400[39m in 373ms[2m (compile: 194ms, proxy.ts: 12ms, render: 167ms)[22m
   ✅ Route ready: /api/guest-auth/magic-link/verify (attempt 1/5, status: 400)
[2m[WebServer] [22m POST /api/guest-auth/magic-link/verify [33m400[39m in 1520ms[2m (compile: 1188ms, proxy.ts: 12ms, render: 319ms)[22m
   ✅ Guest auth routes warmup complete
✅ API routes warmed up

🔐 Setting up admin authentication...
   Attempting browser-based admin login: admin@example.com
   Created .auth directory: /Users/jaron/Desktop/wedding-platform-v2/.auth
   Navigating to http://localhost:3000/auth/login...
[2m[WebServer] [22m GET /auth/login [32m200[39m in 1486ms[2m (compile: 1324ms, proxy.ts: 38ms, render: 124ms)[22m
   Page loaded, filling form...
   Form filled, submitting...
[2m[WebServer] [22m[Middleware] User authenticated: e7f5ae65-376e-4d05-a18c-10a91295727a
[2m[WebServer] [22m[Middleware] Admin user data query result: { userData: { role: 'owner', status: 'active' }, userError: null }
[2m[WebServer] [22m[Middleware] Access granted for admin role: owner
[2m[WebServer] [22m[33m[1m⚠[22m[39m Fast Refresh had to perform a full reload. Read more: https://nextjs.org/docs/messages/fast-refresh-reload
[2m[WebServer] [22m GET /admin [32m200[39m in 1312ms[2m (compile: 818ms, proxy.ts: 373ms, render: 121ms)[22m
   Current URL after submit: http://localhost:3000/admin
   ✅ Successfully logged in via browser
   ✅ Authentication state saved
✅ Admin authentication saved

✨ E2E Global Setup Complete!


Running 15 tests using 4 workers

[dotenv@17.2.4] injecting env (0) from .env.e2e -- tip: ⚙️  suppress all logs with { quiet: true }
[dotenv@17.2.4] injecting env (0) from .env.e2e -- tip: 🔐 prevent committing .env to code: https://dotenvx.com/precommit
[dotenv@17.2.4] injecting env (0) from .env.e2e -- tip: 📡 add observability to secrets: https://dotenvx.com/ops
[dotenv@17.2.4] injecting env (0) from .env.e2e -- tip: 🔐 prevent building .env in docker: https://dotenvx.com/prebuild
[Worker 1] Created test guest: {
  email: [32m'test-w1-1770443443989-pd5zng2w@example.com'[39m,
  id: [32m'010a3da4-dfc0-432b-a5c1-abfcda36b317'[39m,
  authMethod: [32m'email_matching'[39m,
  groupId: [32m'a63fe91c-cec8-4970-b2ca-cf70ce5c516f'[39m
}
[Worker 0] Created test guest: {
  email: [32m'test-w0-1770443443889-16tqvvcj@example.com'[39m,
  id: [32m'bf5a87ca-d11c-4244-acff-731433e59e2a'[39m,
  authMethod: [32m'email_matching'[39m,
  groupId: [32m'5b8e708d-ba1c-4332-932f-91a9cf6d8152'[39m
}
[Worker 2] Created test guest: {
  email: [32m'test-w2-1770443443897-cylkq2ed@example.com'[39m,
  id: [32m'4ce5c804-4fb8-463e-b8e7-078a8b9aa018'[39m,
  authMethod: [32m'email_matching'[39m,
  groupId: [32m'71270190-d450-48a9-8a32-4ed63e512db3'[39m
}
[Worker 3] Created test guest: {
  email: [32m'test-w3-1770443443987-a5lrx7xs@example.com'[39m,
  id: [32m'f5f7719e-237a-48b9-bb70-bdd75bbc6a3f'[39m,
  authMethod: [32m'email_matching'[39m,
  groupId: [32m'8acac23b-2627-4808-a51c-5ee1a5e91a65'[39m
}
[Worker 0] ✅ Verified guest exists: {
  email: [32m'test-w0-1770443443889-16tqvvcj@example.com'[39m,
  authMethod: [32m'email_matching'[39m
}
[Worker 1] ✅ Verified guest exists: {
  email: [32m'test-w1-1770443443989-pd5zng2w@example.com'[39m,
  authMethod: [32m'email_matching'[39m
}
[Worker 2] ✅ Verified guest exists: {
  email: [32m'test-w2-1770443443897-cylkq2ed@example.com'[39m,
  authMethod: [32m'email_matching'[39m
}
[Worker 3] ✅ Verified guest exists: {
  email: [32m'test-w3-1770443443987-a5lrx7xs@example.com'[39m,
  authMethod: [32m'email_matching'[39m
}
[2m[WebServer] [22m GET /auth/guest-login [32m200[39m in 1031ms[2m (compile: 835ms, proxy.ts: 27ms, render: 168ms)[22m
[2m[WebServer] [22m GET /auth/guest-login [32m200[39m in 1032ms[2m (compile: 835ms, proxy.ts: 27ms, render: 169ms)[22m
[2m[WebServer] [22m GET /auth/guest-login [32m200[39m in 1033ms[2m (compile: 835ms, proxy.ts: 28ms, render: 171ms)[22m
[2m[WebServer] [22m GET /auth/guest-login [32m200[39m in 1039ms[2m (compile: 835ms, proxy.ts: 28ms, render: 176ms)[22m
[2m[WebServer] [22m[API] Looking for guest with email: test-w3-1770443443987-a5lrx7xs@example.com
[2m[WebServer] [22m[API] Looking for guest with email: nonexistent@example.com
[2m[WebServer] [22m[API] Looking for guest with email: test-w0-1770443443889-16tqvvcj@example.com
[2m[WebServer] [22m[API] Guest query result: {
[2m[WebServer] [22m  found: [33mfalse[39m,
[2m[WebServer] [22m  email: [90mundefined[39m,
[2m[WebServer] [22m  authMethod: [90mundefined[39m,
[2m[WebServer] [22m  error: [32m'Cannot coerce the result to a single JSON object'[39m
[2m[WebServer] [22m}
[2m[WebServer] [22m POST /api/guest-auth/email-match [33m404[39m in 389ms[2m (compile: 99ms, proxy.ts: 27ms, render: 263ms)[22m
[2m[WebServer] [22m[API] Guest query result: {
[2m[WebServer] [22m  found: [33mtrue[39m,
[2m[WebServer] [22m  email: [32m'test-w3-1770443443987-a5lrx7xs@example.com'[39m,
[2m[WebServer] [22m  authMethod: [32m'email_matching'[39m,
[2m[WebServer] [22m  error: [90mundefined[39m
[2m[WebServer] [22m}
[2m[WebServer] [22m[API] Guest query result: {
[2m[WebServer] [22m  found: [33mtrue[39m,
[2m[WebServer] [22m  email: [32m'test-w0-1770443443889-16tqvvcj@example.com'[39m,
[2m[WebServer] [22m  authMethod: [32m'email_matching'[39m,
[2m[WebServer] [22m  error: [90mundefined[39m
[2m[WebServer] [22m}
[2m[WebServer] [22m[API] Setting guest session cookie: {
[2m[WebServer] [22m  tokenPrefix: [32m'a5bc822a'[39m,
[2m[WebServer] [22m  cookieOptions: {
[2m[WebServer] [22m    httpOnly: [33mtrue[39m,
[2m[WebServer] [22m    secure: [33mfalse[39m,
[2m[WebServer] [22m    sameSite: [32m'lax'[39m,
[2m[WebServer] [22m    maxAge: [33m86400[39m,
[2m[WebServer] [22m    path: [32m'/'[39m
[2m[WebServer] [22m  },
[2m[WebServer] [22m  guestId: [32m'bf5a87ca-d11c-4244-acff-731433e59e2a'[39m,
[2m[WebServer] [22m  sessionId: [32m'34a3551e-829f-4c5e-aa55-66d78d79aff6'[39m
[2m[WebServer] [22m}
[2m[WebServer] [22m POST /api/guest-auth/email-match [32m200[39m in 415ms[2m (compile: 1562µs, proxy.ts: 14ms, render: 399ms)[22m
[2m[WebServer] [22m[API] Setting guest session cookie: {
[2m[WebServer] [22m  tokenPrefix: [32m'ff8e4e01'[39m,
[2m[WebServer] [22m  cookieOptions: {
[2m[WebServer] [22m    httpOnly: [33mtrue[39m,
[2m[WebServer] [22m    secure: [33mfalse[39m,
[2m[WebServer] [22m    sameSite: [32m'lax'[39m,
[2m[WebServer] [22m    maxAge: [33m86400[39m,
[2m[WebServer] [22m    path: [32m'/'[39m
[2m[WebServer] [22m  },
[2m[WebServer] [22m  guestId: [32m'f5f7719e-237a-48b9-bb70-bdd75bbc6a3f'[39m,
[2m[WebServer] [22m  sessionId: [32m'a8c8bbba-ae12-4d99-a659-9aee88db2994'[39m
[2m[WebServer] [22m}
[2m[WebServer] [22m POST /api/guest-auth/email-match [32m200[39m in 593ms[2m (compile: 98ms, proxy.ts: 27ms, render: 468ms)[22m
  ✓   2 [chromium] › __tests__/e2e/auth/guestAuth.spec.ts:195:7 › Guest Authentication › should show error for invalid email format (4.4s)
[2m[WebServer] [22m[Middleware] Guest auth check: {
[2m[WebServer] [22m  path: '/guest/dashboard',
[2m[WebServer] [22m  hasCookie: true,
[2m[WebServer] [22m  cookieValue: 'a5bc822a...',
[2m[WebServer] [22m  allCookies: [ 'sb-olcqaawrpnanioaorfer-auth-token', 'guest_session' ]
[2m[WebServer] [22m}
[2m[WebServer] [22m[Middleware] Guest auth check: {
[2m[WebServer] [22m  path: '/guest/dashboard',
[2m[WebServer] [22m  hasCookie: true,
[2m[WebServer] [22m  cookieValue: 'ff8e4e01...',
[2m[WebServer] [22m  allCookies: [ 'sb-olcqaawrpnanioaorfer-auth-token', 'guest_session' ]
[2m[WebServer] [22m}
[2m[WebServer] [22m[Middleware] Session query result: {
[2m[WebServer] [22m  sessionsFound: 1,
[2m[WebServer] [22m  hasError: false,
[2m[WebServer] [22m  errorMessage: undefined,
[2m[WebServer] [22m  tokenPrefix: 'ff8e4e01'
[2m[WebServer] [22m}
[2m[WebServer] [22m[Middleware] Session query result: {
[2m[WebServer] [22m  sessionsFound: 1,
[2m[WebServer] [22m  hasError: false,
[2m[WebServer] [22m  errorMessage: undefined,
[2m[WebServer] [22m  tokenPrefix: 'a5bc822a'
[2m[WebServer] [22m}
[Worker 2] Created test guest: {
  email: [32m'test-w2-1770443448741-yx6y3nc7@example.com'[39m,
  id: [32m'19e89b1a-1ab6-4232-9a4b-b12b9e032a5b'[39m,
  authMethod: [32m'email_matching'[39m,
  groupId: [32m'63305da0-9a60-43d5-b320-53a6a179abf7'[39m
}
[Worker 2] ✅ Verified guest exists: {
  email: [32m'test-w2-1770443448741-yx6y3nc7@example.com'[39m,
  authMethod: [32m'email_matching'[39m
}
  ✓   4 [chromium] › __tests__/e2e/auth/guestAuth.spec.ts:180:7 › Guest Authentication › should show error for non-existent email (4.8s)
[Worker 1] Created test guest: {
  email: [32m'test-w1-1770443449169-s3y4206p@example.com'[39m,
  id: [32m'f9157f0f-faf0-4012-bc2b-65b2cbffa8cb'[39m,
  authMethod: [32m'email_matching'[39m,
  groupId: [32m'ccdda505-3fa6-4d52-b935-af39d2228071'[39m
}
[Worker 1] ✅ Verified guest exists: {
  email: [32m'test-w1-1770443449169-s3y4206p@example.com'[39m,
  authMethod: [32m'email_matching'[39m
}
[2m[WebServer] [22m[37m[1m○[22m[39m Compiling /guest/dashboard ...
[2m[WebServer] [22m[GuestDashboard] Session check: { hasToken: [33mtrue[39m, tokenPrefix: [32m'ff8e4e01'[39m }
[2m[WebServer] [22m[GuestDashboard] Session check: { hasToken: [33mtrue[39m, tokenPrefix: [32m'a5bc822a'[39m }
[2m[WebServer] [22m[GuestDashboard] Session query result: {
[2m[WebServer] [22m  found: [33mtrue[39m,
[2m[WebServer] [22m  error: [90mundefined[39m,
[2m[WebServer] [22m  guestId: [32m'f5f7719e-237a-48b9-bb70-bdd75bbc6a3f'[39m
[2m[WebServer] [22m}
[2m[WebServer] [22m[GuestDashboard] Session query result: {
[2m[WebServer] [22m  found: [33mtrue[39m,
[2m[WebServer] [22m  error: [90mundefined[39m,
[2m[WebServer] [22m  guestId: [32m'bf5a87ca-d11c-4244-acff-731433e59e2a'[39m
[2m[WebServer] [22m}
[2m[WebServer] [22m GET /auth/guest-login [32m200[39m in 4.9s[2m (compile: 786ms, proxy.ts: 2.4s, render: 1662ms)[22m
[2m[WebServer] [22m GET /auth/guest-login [32m200[39m in 6.0s[2m (compile: 4.3s, proxy.ts: 36ms, render: 1663ms)[22m
[2m[WebServer] [22m[GuestDashboard] Guest query result: {
[2m[WebServer] [22m  found: [33mtrue[39m,
[2m[WebServer] [22m  error: [90mundefined[39m,
[2m[WebServer] [22m  email: [32m'test-w0-1770443443889-16tqvvcj@example.com'[39m
[2m[WebServer] [22m}
[2m[WebServer] [22m[GuestDashboard] Rendering dashboard for guest: test-w0-1770443443889-16tqvvcj@example.com
[2m[WebServer] [22m[GuestDashboard] Guest query result: {
[2m[WebServer] [22m  found: [33mtrue[39m,
[2m[WebServer] [22m  error: [90mundefined[39m,
[2m[WebServer] [22m  email: [32m'test-w3-1770443443987-a5lrx7xs@example.com'[39m
[2m[WebServer] [22m}
[2m[WebServer] [22m[GuestDashboard] Rendering dashboard for guest: test-w3-1770443443987-a5lrx7xs@example.com
[2m[WebServer] [22m GET /guest/dashboard [32m200[39m in 7.2s[2m (compile: 4.8s, proxy.ts: 160ms, render: 2.2s)[22m
[2m[WebServer] [22m GET /guest/dashboard [32m200[39m in 7.2s[2m (compile: 4.9s, proxy.ts: 143ms, render: 2.2s)[22m
[2m[WebServer] [22m[Middleware] Guest auth check: {
[2m[WebServer] [22m  path: '/api/guest/events',
[2m[WebServer] [22m  hasCookie: true,
[2m[WebServer] [22m  cookieValue: 'a5bc822a...',
[2m[WebServer] [22m  allCookies: [ 'sb-olcqaawrpnanioaorfer-auth-token', 'guest_session' ]
[2m[WebServer] [22m}
[2m[WebServer] [22m[Middleware] Guest auth check: {
[2m[WebServer] [22m  path: '/api/guest/wedding-info',
[2m[WebServer] [22m  hasCookie: true,
[2m[WebServer] [22m  cookieValue: 'a5bc822a...',
[2m[WebServer] [22m  allCookies: [ 'sb-olcqaawrpnanioaorfer-auth-token', 'guest_session' ]
[2m[WebServer] [22m}
[2m[WebServer] [22m[Middleware] Guest auth check: {
[2m[WebServer] [22m  path: '/api/guest/announcements',
[2m[WebServer] [22m  hasCookie: true,
[2m[WebServer] [22m  cookieValue: 'a5bc822a...',
[2m[WebServer] [22m  allCookies: [ 'sb-olcqaawrpnanioaorfer-auth-token', 'guest_session' ]
[2m[WebServer] [22m}
[2m[WebServer] [22m[Middleware] Guest auth check: {
[2m[WebServer] [22m  path: '/api/guest/rsvps',
[2m[WebServer] [22m  hasCookie: true,
[2m[WebServer] [22m  cookieValue: 'a5bc822a...',
[2m[WebServer] [22m  allCookies: [ 'sb-olcqaawrpnanioaorfer-auth-token', 'guest_session' ]
[2m[WebServer] [22m}
[2m[WebServer] [22m[Middleware] Guest auth check: {
[2m[WebServer] [22m  path: '/api/guest/rsvps',
[2m[WebServer] [22m  hasCookie: true,
[2m[WebServer] [22m  cookieValue: 'ff8e4e01...',
[2m[WebServer] [22m  allCookies: [ 'sb-olcqaawrpnanioaorfer-auth-token', 'guest_session' ]
[2m[WebServer] [22m}
[2m[WebServer] [22m[Middleware] Guest auth check: {
[2m[WebServer] [22m  path: '/api/guest/events',
[2m[WebServer] [22m  hasCookie: true,
[2m[WebServer] [22m  cookieValue: 'ff8e4e01...',
[2m[WebServer] [22m  allCookies: [ 'sb-olcqaawrpnanioaorfer-auth-token', 'guest_session' ]
[2m[WebServer] [22m}
[2m[WebServer] [22m[Middleware] Guest auth check: {
[2m[WebServer] [22m  path: '/api/guest/announcements',
[2m[WebServer] [22m  hasCookie: true,
[2m[WebServer] [22m  cookieValue: 'ff8e4e01...',
[2m[WebServer] [22m  allCookies: [ 'sb-olcqaawrpnanioaorfer-auth-token', 'guest_session' ]
[2m[WebServer] [22m}
[2m[WebServer] [22m[Middleware] Guest auth check: {
[2m[WebServer] [22m  path: '/api/guest/wedding-info',
[2m[WebServer] [22m  hasCookie: true,
[2m[WebServer] [22m  cookieValue: 'ff8e4e01...',
[2m[WebServer] [22m  allCookies: [ 'sb-olcqaawrpnanioaorfer-auth-token', 'guest_session' ]
[2m[WebServer] [22m}
  ✓   1 [chromium] › __tests__/e2e/auth/guestAuth.spec.ts:158:7 › Guest Authentication › should successfully authenticate with email matching (13.0s)
[2m[WebServer] [22m[API] Looking for guest with email: test-w2-1770443448741-yx6y3nc7@example.com
[2m[WebServer] [22m[Middleware] Session query result: {
[2m[WebServer] [22m  sessionsFound: 0,
[2m[WebServer] [22m  hasError: false,
[2m[WebServer] [22m  errorMessage: undefined,
[2m[WebServer] [22m  tokenPrefix: 'a5bc822a'
[2m[WebServer] [22m}
[2m[WebServer] [22m[Middleware] No session found in database for token
[2m[WebServer] [22m[Middleware] Session query result: {
[2m[WebServer] [22m  sessionsFound: 0,
[2m[WebServer] [22m  hasError: false,
[2m[WebServer] [22m  errorMessage: undefined,
[2m[WebServer] [22m  tokenPrefix: 'a5bc822a'
[2m[WebServer] [22m}
[2m[WebServer] [22m[Middleware] No session found in database for token
[2m[WebServer] [22m[Middleware] Session query result: {
[2m[WebServer] [22m  sessionsFound: 0,
[2m[WebServer] [22m  hasError: false,
[2m[WebServer] [22m  errorMessage: undefined,
[2m[WebServer] [22m  tokenPrefix: 'a5bc822a'
[2m[WebServer] [22m}
[2m[WebServer] [22m[Middleware] No session found in database for token
[2m[WebServer] [22m[Middleware] Session query result: {
[2m[WebServer] [22m  sessionsFound: 0,
[2m[WebServer] [22m  hasError: false,
[2m[WebServer] [22m  errorMessage: undefined,
[2m[WebServer] [22m  tokenPrefix: 'a5bc822a'
[2m[WebServer] [22m}
[2m[WebServer] [22m[Middleware] No session found in database for token
[2m[WebServer] [22m[Magic Link Request] Processing request for email: test-w1-1770443449169-s3y4206p@example.com
[2m[WebServer] [22m[Magic Link Request] Looking for guest by email...
[2m[WebServer] [22m[Middleware] Session query result: {
[2m[WebServer] [22m  sessionsFound: 1,
[2m[WebServer] [22m  hasError: false,
[2m[WebServer] [22m  errorMessage: undefined,
[2m[WebServer] [22m  tokenPrefix: 'ff8e4e01'
[2m[WebServer] [22m}
[2m[WebServer] [22m[Middleware] Session query result: {
[2m[WebServer] [22m  sessionsFound: 1,
[2m[WebServer] [22m  hasError: false,
[2m[WebServer] [22m  errorMessage: undefined,
[2m[WebServer] [22m  tokenPrefix: 'ff8e4e01'
[2m[WebServer] [22m}
[2m[WebServer] [22m[Magic Link Request] Guest query result: {
[2m[WebServer] [22m  found: [33mtrue[39m,
[2m[WebServer] [22m  guestId: [32m'f9157f0f-faf0-4012-bc2b-65b2cbffa8cb'[39m,
[2m[WebServer] [22m  authMethod: [32m'email_matching'[39m,
[2m[WebServer] [22m  error: [90mundefined[39m
[2m[WebServer] [22m}
[2m[WebServer] [22m[Magic Link Request] Guest has wrong auth method: email_matching
[2m[WebServer] [22m POST /api/guest-auth/magic-link/request [33m400[39m in 219ms[2m (compile: 16ms, proxy.ts: 72ms, render: 132ms)[22m
[2m[WebServer] [22m[Middleware] Session query result: {
[2m[WebServer] [22m  sessionsFound: 1,
[2m[WebServer] [22m  hasError: false,
[2m[WebServer] [22m  errorMessage: undefined,
[2m[WebServer] [22m  tokenPrefix: 'ff8e4e01'
[2m[WebServer] [22m}
[2m[WebServer] [22m[Middleware] Session query result: {
[2m[WebServer] [22m  sessionsFound: 1,
[2m[WebServer] [22m  hasError: false,
[2m[WebServer] [22m  errorMessage: undefined,
[2m[WebServer] [22m  tokenPrefix: 'ff8e4e01'
[2m[WebServer] [22m}
[Worker 0] Created test guest: {
  email: [32m'test-w0-1770443457205-75wfhkhn@example.com'[39m,
  id: [32m'50b63b8f-3c56-4da4-897d-ad1f5a9df16b'[39m,
  authMethod: [32m'email_matching'[39m,
  groupId: [32m'02aa1542-a59c-4642-8f62-07125e7185d9'[39m
}
[2m[WebServer] [22m[API] Guest query result: {
[2m[WebServer] [22m  found: [33mtrue[39m,
[2m[WebServer] [22m  email: [32m'test-w2-1770443448741-yx6y3nc7@example.com'[39m,
[2m[WebServer] [22m  authMethod: [32m'email_matching'[39m,
[2m[WebServer] [22m  error: [90mundefined[39m
[2m[WebServer] [22m}
[Worker 0] ✅ Verified guest exists: {
  email: [32m'test-w0-1770443457205-75wfhkhn@example.com'[39m,
  authMethod: [32m'email_matching'[39m
}
[2m[WebServer] [22m[API] Setting guest session cookie: {
[2m[WebServer] [22m  tokenPrefix: [32m'6a348df5'[39m,
[2m[WebServer] [22m  cookieOptions: {
[2m[WebServer] [22m    httpOnly: [33mtrue[39m,
[2m[WebServer] [22m    secure: [33mfalse[39m,
[2m[WebServer] [22m    sameSite: [32m'lax'[39m,
[2m[WebServer] [22m    maxAge: [33m86400[39m,
[2m[WebServer] [22m    path: [32m'/'[39m
[2m[WebServer] [22m  },
[2m[WebServer] [22m  guestId: [32m'19e89b1a-1ab6-4232-9a4b-b12b9e032a5b'[39m,
[2m[WebServer] [22m  sessionId: [32m'4119aeab-e560-432e-83eb-ce3676e3db82'[39m
[2m[WebServer] [22m}
[2m[WebServer] [22m POST /api/guest-auth/email-match [32m200[39m in 627ms[2m (compile: 47ms, proxy.ts: 83ms, render: 496ms)[22m
[2m[WebServer] [22m[Middleware] Guest auth check: {
[2m[WebServer] [22m  path: '/guest/dashboard',
[2m[WebServer] [22m  hasCookie: true,
[2m[WebServer] [22m  cookieValue: '6a348df5...',
[2m[WebServer] [22m  allCookies: [ 'sb-olcqaawrpnanioaorfer-auth-token', 'guest_session' ]
[2m[WebServer] [22m}
[2m[WebServer] [22m[Middleware] Session query result: {
[2m[WebServer] [22m  sessionsFound: 1,
[2m[WebServer] [22m  hasError: false,
[2m[WebServer] [22m  errorMessage: undefined,
[2m[WebServer] [22m  tokenPrefix: '6a348df5'
[2m[WebServer] [22m}
  ✘   3 [chromium] › __tests__/e2e/auth/guestAuth.spec.ts:208:7 › Guest Authentication › should show loading state during authentication (14.5s)
[2m[WebServer] [22m[37m[1m○[22m[39m Compiling /api/guest/rsvps ...
[2m[WebServer] [22m[GuestDashboard] Session check: { hasToken: [33mtrue[39m, tokenPrefix: [32m'6a348df5'[39m }
[2m[WebServer] [22m[GuestDashboard] Session query result: {
[2m[WebServer] [22m  found: [33mtrue[39m,
[2m[WebServer] [22m  error: [90mundefined[39m,
[2m[WebServer] [22m  guestId: [32m'19e89b1a-1ab6-4232-9a4b-b12b9e032a5b'[39m
[2m[WebServer] [22m}
[dotenv@17.2.4] injecting env (0) from .env.e2e -- tip: 👥 sync secrets across teammates & machines: https://dotenvx.com/ops
[2m[WebServer] [22m GET /auth/guest-login [32m200[39m in 4.0s[2m (compile: 3.0s, proxy.ts: 100ms, render: 879ms)[22m
[2m[WebServer] [22m[GuestDashboard] Guest query result: {
[2m[WebServer] [22m  found: [33mtrue[39m,
[2m[WebServer] [22m  error: [90mundefined[39m,
[2m[WebServer] [22m  email: [32m'test-w2-1770443448741-yx6y3nc7@example.com'[39m
[2m[WebServer] [22m}
[2m[WebServer] [22m[GuestDashboard] Rendering dashboard for guest: test-w2-1770443448741-yx6y3nc7@example.com
[2m[WebServer] [22m GET /auth/guest-login [32m200[39m in 875ms[2m (compile: 34ms, proxy.ts: 330ms, render: 511ms)[22m
[2m[WebServer] [22m GET /auth/guest-login [32m200[39m in 883ms[2m (compile: 34ms, proxy.ts: 330ms, render: 519ms)[22m
[2m[WebServer] [22m GET /guest/dashboard [32m200[39m in 4.6s[2m (compile: 2.9s, proxy.ts: 267ms, render: 1507ms)[22m
[Worker 4] Created test guest: {
  email: [32m'test-w4-1770443462567-hy2yb12z@example.com'[39m,
  id: [32m'853ecda6-5d9c-4231-962a-0b84d05b0dab'[39m,
  authMethod: [32m'email_matching'[39m,
  groupId: [32m'64519082-8b97-4a8d-ba84-3608047bd938'[39m
}
[Worker 4] ✅ Verified guest exists: {
  email: [32m'test-w4-1770443462567-hy2yb12z@example.com'[39m,
  authMethod: [32m'email_matching'[39m
}
[2m[WebServer] [22m[Middleware] Guest auth check: {
[2m[WebServer] [22m  path: '/api/guest/events',
[2m[WebServer] [22m  hasCookie: true,
[2m[WebServer] [22m  cookieValue: '6a348df5...',
[2m[WebServer] [22m  allCookies: [
[2m[WebServer] [22m  'sb-olcqaawrpnanioaorfer-auth-token',
[2m[WebServer] [22m  'guest_session',
[2m[WebServer] [22m  '__next_hmr_refresh_hash__'
[2m[WebServer] [22m]
[2m[WebServer] [22m}
[2m[WebServer] [22m[Middleware] Guest auth check: {
[2m[WebServer] [22m  path: '/api/guest/announcements',
[2m[WebServer] [22m  hasCookie: true,
[2m[WebServer] [22m  cookieValue: '6a348df5...',
[2m[WebServer] [22m  allCookies: [
[2m[WebServer] [22m  'sb-olcqaawrpnanioaorfer-auth-token',
[2m[WebServer] [22m  'guest_session',
[2m[WebServer] [22m  '__next_hmr_refresh_hash__'
[2m[WebServer] [22m]
[2m[WebServer] [22m}
[2m[WebServer] [22m[Middleware] Guest auth check: {
[2m[WebServer] [22m  path: '/api/guest/rsvps',
[2m[WebServer] [22m  hasCookie: true,
[2m[WebServer] [22m  cookieValue: '6a348df5...',
[2m[WebServer] [22m  allCookies: [
[2m[WebServer] [22m  'sb-olcqaawrpnanioaorfer-auth-token',
[2m[WebServer] [22m  'guest_session',
[2m[WebServer] [22m  '__next_hmr_refresh_hash__'
[2m[WebServer] [22m]
[2m[WebServer] [22m}
[2m[WebServer] [22m[Middleware] Guest auth check: {
[2m[WebServer] [22m  path: '/api/guest/wedding-info',
[2m[WebServer] [22m  hasCookie: true,
[2m[WebServer] [22m  cookieValue: '6a348df5...',
[2m[WebServer] [22m  allCookies: [
[2m[WebServer] [22m  'sb-olcqaawrpnanioaorfer-auth-token',
[2m[WebServer] [22m  'guest_session',
[2m[WebServer] [22m  '__next_hmr_refresh_hash__'
[2m[WebServer] [22m]
[2m[WebServer] [22m}
[2m[WebServer] [22m[Middleware] Session query result: {
[2m[WebServer] [22m  sessionsFound: 0,
[2m[WebServer] [22m  hasError: false,
[2m[WebServer] [22m  errorMessage: undefined,
[2m[WebServer] [22m  tokenPrefix: '6a348df5'
[2m[WebServer] [22m}
[2m[WebServer] [22m[Middleware] No session found in database for token
[2m[WebServer] [22m[Middleware] Session query result: {
[2m[WebServer] [22m  sessionsFound: 0,
[2m[WebServer] [22m  hasError: false,
[2m[WebServer] [22m  errorMessage: undefined,
[2m[WebServer] [22m  tokenPrefix: '6a348df5'
[2m[WebServer] [22m}
[2m[WebServer] [22m[Middleware] No session found in database for token
[2m[WebServer] [22m[Middleware] Session query result: {
[2m[WebServer] [22m  sessionsFound: 0,
[2m[WebServer] [22m  hasError: false,
[2m[WebServer] [22m  errorMessage: undefined,
[2m[WebServer] [22m  tokenPrefix: '6a348df5'
[2m[WebServer] [22m}
[2m[WebServer] [22m[Middleware] No session found in database for token
[2m[WebServer] [22m[Middleware] Session query result: {
[2m[WebServer] [22m  sessionsFound: 0,
[2m[WebServer] [22m  hasError: false,
[2m[WebServer] [22m  errorMessage: undefined,
[2m[WebServer] [22m  tokenPrefix: '6a348df5'
[2m[WebServer] [22m}
[2m[WebServer] [22m[Middleware] No session found in database for token
  ✓   5 [chromium] › __tests__/e2e/auth/guestAuth.spec.ts:222:7 › Guest Authentication › should create session cookie on successful authentication (15.4s)
[2m[WebServer] [22m GET /auth/guest-login [32m200[39m in 385ms[2m (compile: 87ms, proxy.ts: 77ms, render: 221ms)[22m
[2m[WebServer] [22m[Magic Link Request] Processing request for email: test-w0-1770443457205-75wfhkhn@example.com
[2m[WebServer] [22m[Magic Link Request] Looking for guest by email...
[2m[WebServer] [22m[Magic Link Request] Guest query result: {
[2m[WebServer] [22m  found: [33mtrue[39m,
[2m[WebServer] [22m  guestId: [32m'50b63b8f-3c56-4da4-897d-ad1f5a9df16b'[39m,
[2m[WebServer] [22m  authMethod: [32m'email_matching'[39m,
[2m[WebServer] [22m  error: [90mundefined[39m
[2m[WebServer] [22m}
[2m[WebServer] [22m[Magic Link Request] Guest has wrong auth method: email_matching
[2m[WebServer] [22m POST /api/guest-auth/magic-link/request [33m400[39m in 304ms[2m (compile: 11ms, proxy.ts: 143ms, render: 149ms)[22m
[Worker 2] Created test guest: {
  email: [32m'test-w2-1770443464299-lp8sey9u@example.com'[39m,
  id: [32m'eb3e9b4d-ec66-48aa-93a2-e42c7fd11f4e'[39m,
  authMethod: [32m'email_matching'[39m,
  groupId: [32m'c45b9f50-625c-4769-a8c4-3b833a738276'[39m
}
[Worker 2] ✅ Verified guest exists: {
  email: [32m'test-w2-1770443464299-lp8sey9u@example.com'[39m,
  authMethod: [32m'email_matching'[39m
}
[2m[WebServer] [22m GET /auth/guest-login/verify?token=ef90880245e5cd40d3453b7fa9a0d943e31c7f4cf8ef6c26c2017f18af20661b [32m200[39m in 658ms[2m (compile: 541ms, proxy.ts: 6ms, render: 112ms)[22m
[2m[WebServer] [22m GET /auth/guest-login [32m200[39m in 186ms[2m (compile: 11ms, proxy.ts: 125ms, render: 51ms)[22m
[2m[WebServer] [22m GET /auth/guest-login [32m200[39m in 97ms[2m (compile: 6ms, proxy.ts: 13ms, render: 78ms)[22m
[2m[WebServer] [22m[Magic Link Request] Processing request for email: test-w2-1770443464299-lp8sey9u@example.com
[2m[WebServer] [22m[Magic Link Request] Looking for guest by email...
[2m[WebServer] [22m POST /api/guest-auth/magic-link/verify [34m307[39m in 225ms[2m (compile: 55ms, proxy.ts: 19ms, render: 151ms)[22m
[2m[WebServer] [22m[Magic Link Request] Guest query result: {
[2m[WebServer] [22m  found: [33mtrue[39m,
[2m[WebServer] [22m  guestId: [32m'eb3e9b4d-ec66-48aa-93a2-e42c7fd11f4e'[39m,
[2m[WebServer] [22m  authMethod: [32m'email_matching'[39m,
[2m[WebServer] [22m  error: [90mundefined[39m
[2m[WebServer] [22m}
[2m[WebServer] [22m[Magic Link Request] Guest has wrong auth method: email_matching
[2m[WebServer] [22m POST /api/guest-auth/magic-link/request [33m400[39m in 193ms[2m (compile: 8ms, proxy.ts: 23ms, render: 161ms)[22m
[2m[WebServer] [22m POST /auth/guest-login/verify?error=INVALID_TOKEN&message=Invalid+or+expired+magic+link [32m200[39m in 104ms[2m (compile: 3ms, proxy.ts: 20ms, render: 81ms)[22m
  ✘   6 [chromium] › __tests__/e2e/auth/guestAuth.spec.ts:248:7 › Guest Authentication › should successfully request and verify magic link (19.0s)
[dotenv@17.2.4] injecting env (0) from .env.e2e -- tip: ⚙️  suppress all logs with { quiet: true }
[Worker 5] Created test guest: {
  email: [32m'test-w5-1770443469062-f2idy39o@example.com'[39m,
  id: [32m'4c15076b-3b07-47c8-af83-e9f1ab42bbff'[39m,
  authMethod: [32m'email_matching'[39m,
  groupId: [32m'8399b7c7-cdc5-4ec7-a179-846368eb007e'[39m
}
[Worker 5] ✅ Verified guest exists: {
  email: [32m'test-w5-1770443469062-f2idy39o@example.com'[39m,
  authMethod: [32m'email_matching'[39m
}
[2m[WebServer] [22m GET /auth/guest-login/verify?token=invalid-token [32m200[39m in 83ms[2m (compile: 5ms, proxy.ts: 19ms, render: 60ms)[22m
[2m[WebServer] [22m GET /auth/guest-login/verify [32m200[39m in 40ms[2m (compile: 1806µs, proxy.ts: 6ms, render: 33ms)[22m
[2m[WebServer] [22m GET /auth/guest-login/verify?token=53db18eb1fcc294b8c6fa7c352c0f28c77385d82bd753508c7fd035b22c8add1 [32m200[39m in 44ms[2m (compile: 1811µs, proxy.ts: 6ms, render: 37ms)[22m
[2m[WebServer] [22m POST /api/guest-auth/magic-link/verify [34m307[39m in 243ms[2m (compile: 1241µs, proxy.ts: 5ms, render: 237ms)[22m
[2m[WebServer] [22m POST /auth/guest-login/verify?error=INVALID_TOKEN&message=Invalid+or+expired+magic+link [32m200[39m in 52ms[2m (compile: 2ms, proxy.ts: 5ms, render: 44ms)[22m
  ✓  10 [chromium] › __tests__/e2e/auth/guestAuth.spec.ts:404:7 › Guest Authentication › should show error for invalid or missing token (4.9s)
[Worker 5] Created test guest: {
  email: [32m'test-w5-1770443474146-c33jwtd6@example.com'[39m,
  id: [32m'ac5b58ef-19bd-4953-a037-c9f7f92de7d0'[39m,
  authMethod: [32m'email_matching'[39m,
  groupId: [32m'64b9738b-87cd-4353-ab9d-e717e66abd82'[39m
}
[Worker 5] ✅ Verified guest exists: {
  email: [32m'test-w5-1770443474146-c33jwtd6@example.com'[39m,
  authMethod: [32m'email_matching'[39m
}
[2m[WebServer] [22m GET /auth/guest-login [32m200[39m in 42ms[2m (compile: 3ms, proxy.ts: 6ms, render: 33ms)[22m
  ✘   7 [chromium] › __tests__/e2e/auth/guestAuth.spec.ts:298:7 › Guest Authentication › should show success message after requesting magic link (17.8s)
[2m[WebServer] [22m[API] Looking for guest with email: test-w5-1770443474146-c33jwtd6@example.com
[2m[WebServer] [22m[API] Guest query result: {
[2m[WebServer] [22m  found: [33mtrue[39m,
[2m[WebServer] [22m  email: [32m'test-w5-1770443474146-c33jwtd6@example.com'[39m,
[2m[WebServer] [22m  authMethod: [32m'email_matching'[39m,
[2m[WebServer] [22m  error: [90mundefined[39m
[2m[WebServer] [22m}
[2m[WebServer] [22m[API] Setting guest session cookie: {
[2m[WebServer] [22m  tokenPrefix: [32m'12e3074e'[39m,
[2m[WebServer] [22m  cookieOptions: {
[2m[WebServer] [22m    httpOnly: [33mtrue[39m,
[2m[WebServer] [22m    secure: [33mfalse[39m,
[2m[WebServer] [22m    sameSite: [32m'lax'[39m,
[2m[WebServer] [22m    maxAge: [33m86400[39m,
[2m[WebServer] [22m    path: [32m'/'[39m
[2m[WebServer] [22m  },
[2m[WebServer] [22m  guestId: [32m'ac5b58ef-19bd-4953-a037-c9f7f92de7d0'[39m,
[2m[WebServer] [22m  sessionId: [32m'39073e11-8eb0-4849-aec9-efc4ba336d46'[39m
[2m[WebServer] [22m}
[2m[WebServer] [22m POST /api/guest-auth/email-match [32m200[39m in 283ms[2m (compile: 4ms, proxy.ts: 9ms, render: 270ms)[22m
[dotenv@17.2.4] injecting env (0) from .env.e2e -- tip: 👥 sync secrets across teammates & machines: https://dotenvx.com/ops
[2m[WebServer] [22m[Middleware] Guest auth check: {
[2m[WebServer] [22m  path: '/guest/dashboard',
[2m[WebServer] [22m  hasCookie: true,
[2m[WebServer] [22m  cookieValue: '12e3074e...',
[2m[WebServer] [22m  allCookies: [ 'sb-olcqaawrpnanioaorfer-auth-token', 'guest_session' ]
[2m[WebServer] [22m}
[2m[WebServer] [22m[Middleware] Session query result: {
[2m[WebServer] [22m  sessionsFound: 1,
[2m[WebServer] [22m  hasError: false,
[2m[WebServer] [22m  errorMessage: undefined,
[2m[WebServer] [22m  tokenPrefix: '12e3074e'
[2m[WebServer] [22m}
[2m[WebServer] [22m[GuestDashboard] Session check: { hasToken: [33mtrue[39m, tokenPrefix: [32m'12e3074e'[39m }
[2m[WebServer] [22m[GuestDashboard] Session query result: {
[2m[WebServer] [22m  found: [33mtrue[39m,
[2m[WebServer] [22m  error: [90mundefined[39m,
[2m[WebServer] [22m  guestId: [32m'ac5b58ef-19bd-4953-a037-c9f7f92de7d0'[39m
[2m[WebServer] [22m}
[Worker 6] Created test guest: {
  email: [32m'test-w6-1770443475768-fcx02g2j@example.com'[39m,
  id: [32m'2c8516ab-0ec2-4ba9-8b43-ee6416ef6c73'[39m,
  authMethod: [32m'email_matching'[39m,
  groupId: [32m'7ba21112-43e7-43d7-afc2-57ac13c3af8f'[39m
}
[2m[WebServer] [22m[GuestDashboard] Guest query result: {
[2m[WebServer] [22m  found: [33mtrue[39m,
[2m[WebServer] [22m  error: [90mundefined[39m,
[2m[WebServer] [22m  email: [32m'test-w5-1770443474146-c33jwtd6@example.com'[39m
[2m[WebServer] [22m}
[2m[WebServer] [22m[GuestDashboard] Rendering dashboard for guest: test-w5-1770443474146-c33jwtd6@example.com
[Worker 6] ✅ Verified guest exists: {
  email: [32m'test-w6-1770443475768-fcx02g2j@example.com'[39m,
  authMethod: [32m'email_matching'[39m
}
[2m[WebServer] [22m GET /guest/dashboard [32m200[39m in 627ms[2m (compile: 10ms, proxy.ts: 139ms, render: 478ms)[22m
[2m[WebServer] [22m GET /auth/guest-login [32m200[39m in 70ms[2m (compile: 5ms, proxy.ts: 12ms, render: 52ms)[22m
  ✘   9 [chromium] › __tests__/e2e/auth/guestAuth.spec.ts:362:7 › Guest Authentication › should show error for already used magic link (12.5s)
  ✘   8 [chromium] › __tests__/e2e/auth/guestAuth.spec.ts:326:7 › Guest Authentication › should show error for expired magic link (13.7s)
[2m[WebServer] [22m[Middleware] Guest auth check: {
[2m[WebServer] [22m  path: '/api/guest/wedding-info',
[2m[WebServer] [22m  hasCookie: true,
[2m[WebServer] [22m  cookieValue: '12e3074e...',
[2m[WebServer] [22m  allCookies: [ 'sb-olcqaawrpnanioaorfer-auth-token', 'guest_session' ]
[2m[WebServer] [22m}
[2m[WebServer] [22m[Middleware] Guest auth check: {
[2m[WebServer] [22m  path: '/api/guest/events',
[2m[WebServer] [22m  hasCookie: true,
[2m[WebServer] [22m  cookieValue: '12e3074e...',
[2m[WebServer] [22m  allCookies: [ 'sb-olcqaawrpnanioaorfer-auth-token', 'guest_session' ]
[2m[WebServer] [22m}
[2m[WebServer] [22m[Middleware] Guest auth check: {
[2m[WebServer] [22m  path: '/api/guest/rsvps',
[2m[WebServer] [22m  hasCookie: true,
[2m[WebServer] [22m  cookieValue: '12e3074e...',
[2m[WebServer] [22m  allCookies: [ 'sb-olcqaawrpnanioaorfer-auth-token', 'guest_session' ]
[2m[WebServer] [22m}
[2m[WebServer] [22m[Middleware] Guest auth check: {
[2m[WebServer] [22m  path: '/api/guest/announcements',
[2m[WebServer] [22m  hasCookie: true,
[2m[WebServer] [22m  cookieValue: '12e3074e...',
[2m[WebServer] [22m  allCookies: [ 'sb-olcqaawrpnanioaorfer-auth-token', 'guest_session' ]
[2m[WebServer] [22m}
[2m[WebServer] [22m[Middleware] Session query result: {
[2m[WebServer] [22m  sessionsFound: 1,
[2m[WebServer] [22m  hasError: false,
[2m[WebServer] [22m  errorMessage: undefined,
[2m[WebServer] [22m  tokenPrefix: '12e3074e'
[2m[WebServer] [22m}
[2m[WebServer] [22m[Middleware] Session query result: {
[2m[WebServer] [22m  sessionsFound: 1,
[2m[WebServer] [22m  hasError: false,
[2m[WebServer] [22m  errorMessage: undefined,
[2m[WebServer] [22m  tokenPrefix: '12e3074e'
[2m[WebServer] [22m}
[2m[WebServer] [22m[Middleware] Session query result: {
[2m[WebServer] [22m  sessionsFound: 1,
[2m[WebServer] [22m  hasError: false,
[2m[WebServer] [22m  errorMessage: undefined,
[2m[WebServer] [22m  tokenPrefix: '12e3074e'
[2m[WebServer] [22m}
[2m[WebServer] [22m[Middleware] Session query result: {
[2m[WebServer] [22m  sessionsFound: 1,
[2m[WebServer] [22m  hasError: false,
[2m[WebServer] [22m  errorMessage: undefined,
[2m[WebServer] [22m  tokenPrefix: '12e3074e'
[2m[WebServer] [22m}
[2m[WebServer] [22m GET /api/guest/rsvps [32m200[39m in 616ms[2m (compile: 32ms, proxy.ts: 163ms, render: 421ms)[22m
[2m[WebServer] [22m GET /api/guest/wedding-info [32m200[39m in 618ms[2m (compile: 37ms, proxy.ts: 166ms, render: 415ms)[22m
[2m[WebServer] [22m[API] Looking for guest with email: test-w6-1770443475768-fcx02g2j@example.com
[2m[WebServer] [22m GET /api/guest/announcements [32m200[39m in 701ms[2m (compile: 6ms, proxy.ts: 270ms, render: 425ms)[22m
[dotenv@17.2.4] injecting env (0) from .env.e2e -- tip: 🛠️  run anywhere with `dotenvx run -- yourcommand`
[dotenv@17.2.4] injecting env (0) from .env.e2e -- tip: ⚙️  enable debug logging with { debug: true }
[2m[WebServer] [22m GET /api/guest/events [32m200[39m in 811ms[2m (compile: 19ms, proxy.ts: 164ms, render: 627ms)[22m
[2m[WebServer] [22m[API] Guest query result: {
[2m[WebServer] [22m  found: [33mtrue[39m,
[2m[WebServer] [22m  email: [32m'test-w6-1770443475768-fcx02g2j@example.com'[39m,
[2m[WebServer] [22m  authMethod: [32m'email_matching'[39m,
[2m[WebServer] [22m  error: [90mundefined[39m
[2m[WebServer] [22m}
[2m[WebServer] [22m[API] Setting guest session cookie: {
[2m[WebServer] [22m  tokenPrefix: [32m'8588f7bd'[39m,
[2m[WebServer] [22m  cookieOptions: {
[2m[WebServer] [22m    httpOnly: [33mtrue[39m,
[2m[WebServer] [22m    secure: [33mfalse[39m,
[2m[WebServer] [22m    sameSite: [32m'lax'[39m,
[2m[WebServer] [22m    maxAge: [33m86400[39m,
[2m[WebServer] [22m    path: [32m'/'[39m
[2m[WebServer] [22m  },
[2m[WebServer] [22m  guestId: [32m'2c8516ab-0ec2-4ba9-8b43-ee6416ef6c73'[39m,
[2m[WebServer] [22m  sessionId: [32m'2b75bd95-5f23-404f-b501-06f374f1349b'[39m
[2m[WebServer] [22m}
[2m[WebServer] [22m POST /api/guest-auth/email-match [32m200[39m in 324ms[2m (compile: 23ms, proxy.ts: 13ms, render: 289ms)[22m
[2m[WebServer] [22m[Middleware] Guest auth check: {
[2m[WebServer] [22m  path: '/guest/dashboard',
[2m[WebServer] [22m  hasCookie: true,
[2m[WebServer] [22m  cookieValue: '8588f7bd...',
[2m[WebServer] [22m  allCookies: [ 'sb-olcqaawrpnanioaorfer-auth-token', 'guest_session' ]
[2m[WebServer] [22m}
[Worker 7] Created test guest: {
  email: [32m'test-w7-1770443477844-wd4uvf9w@example.com'[39m,
  id: [32m'a651de8d-2f61-487f-a04d-684aae6b739b'[39m,
  authMethod: [32m'email_matching'[39m,
  groupId: [32m'98495216-ecd5-4792-aa7c-452a73fd4cfa'[39m
}
[Worker 8] Created test guest: {
  email: [32m'test-w8-1770443477854-6ix1mfmj@example.com'[39m,
  id: [32m'7174ca47-96c7-4e2b-9554-1b75e702e717'[39m,
  authMethod: [32m'email_matching'[39m,
  groupId: [32m'0b3cf706-4705-4047-bf13-451d63302994'[39m
}
[2m[WebServer] [22m[Middleware] Session query result: {
[2m[WebServer] [22m  sessionsFound: 1,
[2m[WebServer] [22m  hasError: false,
[2m[WebServer] [22m  errorMessage: undefined,
[2m[WebServer] [22m  tokenPrefix: '8588f7bd'
[2m[WebServer] [22m}
[2m[WebServer] [22m[GuestDashboard] Session check: { hasToken: [33mtrue[39m, tokenPrefix: [32m'8588f7bd'[39m }
[Worker 8] ✅ Verified guest exists: {
  email: [32m'test-w8-1770443477854-6ix1mfmj@example.com'[39m,
  authMethod: [32m'email_matching'[39m
}
[Worker 7] ✅ Verified guest exists: {
  email: [32m'test-w7-1770443477844-wd4uvf9w@example.com'[39m,
  authMethod: [32m'email_matching'[39m
}
[2m[WebServer] [22m[GuestDashboard] Session query result: {
[2m[WebServer] [22m  found: [33mtrue[39m,
[2m[WebServer] [22m  error: [90mundefined[39m,
[2m[WebServer] [22m  guestId: [32m'2c8516ab-0ec2-4ba9-8b43-ee6416ef6c73'[39m
[2m[WebServer] [22m}
[2m[WebServer] [22m[GuestDashboard] Guest query result: {
[2m[WebServer] [22m  found: [33mtrue[39m,
[2m[WebServer] [22m  error: [90mundefined[39m,
[2m[WebServer] [22m  email: [32m'test-w6-1770443475768-fcx02g2j@example.com'[39m
[2m[WebServer] [22m}
[2m[WebServer] [22m[GuestDashboard] Rendering dashboard for guest: test-w6-1770443475768-fcx02g2j@example.com
[2m[WebServer] [22m GET /guest/dashboard [32m200[39m in 618ms[2m (compile: 2ms, proxy.ts: 148ms, render: 467ms)[22m
[2m[WebServer] [22m[Middleware] Guest auth check: {
[2m[WebServer] [22m  path: '/guest/events',
[2m[WebServer] [22m  hasCookie: true,
[2m[WebServer] [22m  cookieValue: '8588f7bd...',
[2m[WebServer] [22m  allCookies: [ 'sb-olcqaawrpnanioaorfer-auth-token', 'guest_session' ]
[2m[WebServer] [22m}
[2m[WebServer] [22m[Middleware] Session query result: {
[2m[WebServer] [22m  sessionsFound: 1,
[2m[WebServer] [22m  hasError: false,
[2m[WebServer] [22m  errorMessage: undefined,
[2m[WebServer] [22m  tokenPrefix: '8588f7bd'
[2m[WebServer] [22m}
[2m[WebServer] [22m GET /auth/guest-login [32m200[39m in 381ms[2m (compile: 7ms, proxy.ts: 21ms, render: 354ms)[22m
[2m[WebServer] [22m GET /auth/guest-login [32m200[39m in 382ms[2m (compile: 1488µs, proxy.ts: 13ms, render: 367ms)[22m
[2m[WebServer] [22m GET /guest/events [32m200[39m in 2.0s[2m (compile: 1235ms, proxy.ts: 278ms, render: 521ms)[22m
[2m[WebServer] [22m[Middleware] Guest auth check: {
[2m[WebServer] [22m  path: '/guest/dashboard',
[2m[WebServer] [22m  hasCookie: true,
[2m[WebServer] [22m  cookieValue: '12e3074e...',
[2m[WebServer] [22m  allCookies: [ 'sb-olcqaawrpnanioaorfer-auth-token', 'guest_session' ]
[2m[WebServer] [22m}
[2m[WebServer] [22m[Middleware] Session query result: {
[2m[WebServer] [22m  sessionsFound: 1,
[2m[WebServer] [22m  hasError: false,
[2m[WebServer] [22m  errorMessage: undefined,
[2m[WebServer] [22m  tokenPrefix: '12e3074e'
[2m[WebServer] [22m}
[2m[WebServer] [22m[GuestDashboard] Session check: { hasToken: [33mtrue[39m, tokenPrefix: [32m'12e3074e'[39m }
[2m[WebServer] [22m[API] Looking for guest with email: nonexistent@example.com
[2m[WebServer] [22m[GuestDashboard] Session query result: {
[2m[WebServer] [22m  found: [33mtrue[39m,
[2m[WebServer] [22m  error: [90mundefined[39m,
[2m[WebServer] [22m  guestId: [32m'ac5b58ef-19bd-4953-a037-c9f7f92de7d0'[39m
[2m[WebServer] [22m}
[2m[WebServer] [22m[API] Guest query result: {
[2m[WebServer] [22m  found: [33mfalse[39m,
[2m[WebServer] [22m  email: [90mundefined[39m,
[2m[WebServer] [22m  authMethod: [90mundefined[39m,
[2m[WebServer] [22m  error: [32m'Cannot coerce the result to a single JSON object'[39m
[2m[WebServer] [22m}
[2m[WebServer] [22m POST /api/guest-auth/email-match [33m404[39m in 337ms[2m (compile: 64ms, proxy.ts: 126ms, render: 147ms)[22m
[2m[WebServer] [22m[GuestDashboard] Guest query result: {
[2m[WebServer] [22m  found: [33mtrue[39m,
[2m[WebServer] [22m  error: [90mundefined[39m,
[2m[WebServer] [22m  email: [32m'test-w5-1770443474146-c33jwtd6@example.com'[39m
[2m[WebServer] [22m}
[2m[WebServer] [22m[GuestDashboard] Rendering dashboard for guest: test-w5-1770443474146-c33jwtd6@example.com
[2m[WebServer] [22m GET /guest/dashboard [32m200[39m in 687ms[2m (compile: 12ms, proxy.ts: 228ms, render: 447ms)[22m
[2m[WebServer] [22m GET /auth/guest-login/verify?token=20299e3dd37406fa3c91bf7b4e629ccc21bb1fac08e9f4f08cf280007e8bbfc3 [32m200[39m in 162ms[2m (compile: 14ms, proxy.ts: 29ms, render: 118ms)[22m
[2m[WebServer] [22m[Middleware] Guest auth check: {
[2m[WebServer] [22m  path: '/guest/events',
[2m[WebServer] [22m  hasCookie: true,
[2m[WebServer] [22m  cookieValue: '8588f7bd...',
[2m[WebServer] [22m  allCookies: [ 'sb-olcqaawrpnanioaorfer-auth-token', 'guest_session' ]
[2m[WebServer] [22m}
[2m[WebServer] [22m[Middleware] Guest auth check: {
[2m[WebServer] [22m  path: '/api/guest/events',
[2m[WebServer] [22m  hasCookie: true,
[2m[WebServer] [22m  cookieValue: '8588f7bd...',
[2m[WebServer] [22m  allCookies: [ 'sb-olcqaawrpnanioaorfer-auth-token', 'guest_session' ]
[2m[WebServer] [22m}
  ✓  13 [chromium] › __tests__/e2e/auth/guestAuth.spec.ts:504:7 › Guest Authentication › should switch between authentication tabs (4.2s)
[2m[WebServer] [22m[Middleware] Session query result: {
[2m[WebServer] [22m  sessionsFound: 1,
[2m[WebServer] [22m  hasError: false,
[2m[WebServer] [22m  errorMessage: undefined,
[2m[WebServer] [22m  tokenPrefix: '8588f7bd'
[2m[WebServer] [22m}
[2m[WebServer] [22m[Middleware] Session query result: {
[2m[WebServer] [22m  sessionsFound: 1,
[2m[WebServer] [22m  hasError: false,
[2m[WebServer] [22m  errorMessage: undefined,
[2m[WebServer] [22m  tokenPrefix: '8588f7bd'
[2m[WebServer] [22m}
[2m[WebServer] [22m[Middleware] Guest auth check: {
[2m[WebServer] [22m  path: '/api/guest/rsvps',
[2m[WebServer] [22m  hasCookie: true,
[2m[WebServer] [22m  cookieValue: '12e3074e...',
[2m[WebServer] [22m  allCookies: [ 'sb-olcqaawrpnanioaorfer-auth-token', 'guest_session' ]
[2m[WebServer] [22m}
[2m[WebServer] [22m[Middleware] Guest auth check: {
[2m[WebServer] [22m  path: '/api/guest/wedding-info',
[2m[WebServer] [22m  hasCookie: true,
[2m[WebServer] [22m  cookieValue: '12e3074e...',
[2m[WebServer] [22m  allCookies: [ 'sb-olcqaawrpnanioaorfer-auth-token', 'guest_session' ]
[2m[WebServer] [22m}
[2m[WebServer] [22m[Middleware] Guest auth check: {
[2m[WebServer] [22m  path: '/api/guest/events',
[2m[WebServer] [22m  hasCookie: true,
[2m[WebServer] [22m  cookieValue: '12e3074e...',
[2m[WebServer] [22m  allCookies: [ 'sb-olcqaawrpnanioaorfer-auth-token', 'guest_session' ]
[2m[WebServer] [22m}
[2m[WebServer] [22m[Middleware] Guest auth check: {
[2m[WebServer] [22m  path: '/api/guest/announcements',
[2m[WebServer] [22m  hasCookie: true,
[2m[WebServer] [22m  cookieValue: '12e3074e...',
[2m[WebServer] [22m  allCookies: [ 'sb-olcqaawrpnanioaorfer-auth-token', 'guest_session' ]
[2m[WebServer] [22m}
[Worker 7] Created test guest: {
  email: [32m'test-w7-1770443482154-b0dwnxpt@example.com'[39m,
  id: [32m'621985e8-6ef5-4cfc-82b5-644e79efbc71'[39m,
  authMethod: [32m'email_matching'[39m,
  groupId: [32m'a1833dd0-a589-484e-a117-6e5e834f5b3b'[39m
}
[2m[WebServer] [22m GET /api/guest/events [32m200[39m in 550ms[2m (compile: 16ms, proxy.ts: 171ms, render: 363ms)[22m
[2m[WebServer] [22m[Middleware] Session query result: {
[2m[WebServer] [22m  sessionsFound: 1,
[2m[WebServer] [22m  hasError: false,
[2m[WebServer] [22m  errorMessage: undefined,
[2m[WebServer] [22m  tokenPrefix: '12e3074e'
[2m[WebServer] [22m}
[2m[WebServer] [22m[Middleware] Session query result: {
[2m[WebServer] [22m  sessionsFound: 1,
[2m[WebServer] [22m  hasError: false,
[2m[WebServer] [22m  errorMessage: undefined,
[2m[WebServer] [22m  tokenPrefix: '12e3074e'
[2m[WebServer] [22m}
[Worker 7] ✅ Verified guest exists: {
  email: [32m'test-w7-1770443482154-b0dwnxpt@example.com'[39m,
  authMethod: [32m'email_matching'[39m
}
[2m[WebServer] [22m[Middleware] Session query result: {
[2m[WebServer] [22m  sessionsFound: 1,
[2m[WebServer] [22m  hasError: false,
[2m[WebServer] [22m  errorMessage: undefined,
[2m[WebServer] [22m  tokenPrefix: '12e3074e'
[2m[WebServer] [22m}
[2m[WebServer] [22m[Middleware] Session query result: {
[2m[WebServer] [22m  sessionsFound: 1,
[2m[WebServer] [22m  hasError: false,
[2m[WebServer] [22m  errorMessage: undefined,
[2m[WebServer] [22m  tokenPrefix: '12e3074e'
[2m[WebServer] [22m}
[2m[WebServer] [22m GET /guest/events [32m200[39m in 642ms[2m (compile: 22ms, proxy.ts: 172ms, render: 448ms)[22m
[2m[WebServer] [22m GET /auth/guest-login [32m200[39m in 68ms[2m (compile: 7ms, proxy.ts: 18ms, render: 43ms)[22m
[2m[WebServer] [22m POST /api/guest-auth/magic-link/verify [34m307[39m in 156ms[2m (compile: 11ms, proxy.ts: 7ms, render: 138ms)[22m
[2m[WebServer] [22m POST /auth/guest-login/verify?error=INVALID_TOKEN&message=Invalid+or+expired+magic+link [32m200[39m in 86ms[2m (compile: 4ms, proxy.ts: 12ms, render: 70ms)[22m
[2m[WebServer] [22m GET /api/guest/wedding-info [32m200[39m in 646ms[2m (compile: 30ms, proxy.ts: 155ms, render: 461ms)[22m
[2m[WebServer] [22m GET /api/guest/rsvps [32m200[39m in 657ms[2m (compile: 46ms, proxy.ts: 157ms, render: 455ms)[22m
[2m[WebServer] [22m GET /api/guest/announcements [32m200[39m in 688ms[2m (compile: 14ms, proxy.ts: 224ms, render: 450ms)[22m
[2m[WebServer] [22m GET /api/guest/events [32m200[39m in 868ms[2m (compile: 20ms, proxy.ts: 228ms, render: 621ms)[22m
[2m[WebServer] [22m[Middleware] Guest auth check: {
[2m[WebServer] [22m  path: '/api/guest/events',
[2m[WebServer] [22m  hasCookie: true,
[2m[WebServer] [22m  cookieValue: '8588f7bd...',
[2m[WebServer] [22m  allCookies: [ 'sb-olcqaawrpnanioaorfer-auth-token', 'guest_session' ]
[2m[WebServer] [22m}
[2m[WebServer] [22m[Middleware] Session query result: {
[2m[WebServer] [22m  sessionsFound: 1,
[2m[WebServer] [22m  hasError: false,
[2m[WebServer] [22m  errorMessage: undefined,
[2m[WebServer] [22m  tokenPrefix: '8588f7bd'
[2m[WebServer] [22m}
[2m[WebServer] [22m[API] Looking for guest with email: test-w7-1770443482154-b0dwnxpt@example.com
[2m[WebServer] [22m[API] Guest query result: {
[2m[WebServer] [22m  found: [33mtrue[39m,
[2m[WebServer] [22m  email: [32m'test-w7-1770443482154-b0dwnxpt@example.com'[39m,
[2m[WebServer] [22m  authMethod: [32m'email_matching'[39m,
[2m[WebServer] [22m  error: [90mundefined[39m
[2m[WebServer] [22m}
[2m[WebServer] [22m[API] Setting guest session cookie: {
[2m[WebServer] [22m  tokenPrefix: [32m'a0d56535'[39m,
[2m[WebServer] [22m  cookieOptions: {
[2m[WebServer] [22m    httpOnly: [33mtrue[39m,
[2m[WebServer] [22m    secure: [33mfalse[39m,
[2m[WebServer] [22m    sameSite: [32m'lax'[39m,
[2m[WebServer] [22m    maxAge: [33m86400[39m,
[2m[WebServer] [22m    path: [32m'/'[39m
[2m[WebServer] [22m  },
[2m[WebServer] [22m  guestId: [32m'621985e8-6ef5-4cfc-82b5-644e79efbc71'[39m,
[2m[WebServer] [22m  sessionId: [32m'948ad0e3-4a61-4790-bdbd-cfe8a7ac06e9'[39m
[2m[WebServer] [22m}
[2m[WebServer] [22m POST /api/guest-auth/email-match [32m200[39m in 358ms[2m (compile: 2ms, proxy.ts: 58ms, render: 298ms)[22m
[2m[WebServer] [22m GET /api/guest/events [32m200[39m in 772ms[2m (compile: 5ms, proxy.ts: 176ms, render: 591ms)[22m
[2m[WebServer] [22m[Middleware] Guest auth check: {
[2m[WebServer] [22m  path: '/guest/dashboard',
[2m[WebServer] [22m  hasCookie: true,
[2m[WebServer] [22m  cookieValue: 'a0d56535...',
[2m[WebServer] [22m  allCookies: [ 'sb-olcqaawrpnanioaorfer-auth-token', 'guest_session' ]
[2m[WebServer] [22m}
[2m[WebServer] [22m[Middleware] Guest auth check: {
[2m[WebServer] [22m  path: '/guest/activities',
[2m[WebServer] [22m  hasCookie: true,
[2m[WebServer] [22m  cookieValue: '8588f7bd...',
[2m[WebServer] [22m  allCookies: [ 'sb-olcqaawrpnanioaorfer-auth-token', 'guest_session' ]
[2m[WebServer] [22m}
[2m[WebServer] [22m[Middleware] Session query result: {
[2m[WebServer] [22m  sessionsFound: 1,
[2m[WebServer] [22m  hasError: false,
[2m[WebServer] [22m  errorMessage: undefined,
[2m[WebServer] [22m  tokenPrefix: 'a0d56535'
[2m[WebServer] [22m}
[2m[WebServer] [22m[GuestDashboard] Session check: { hasToken: [33mtrue[39m, tokenPrefix: [32m'a0d56535'[39m }
[2m[WebServer] [22m[Middleware] Session query result: {
[2m[WebServer] [22m  sessionsFound: 1,
[2m[WebServer] [22m  hasError: false,
[2m[WebServer] [22m  errorMessage: undefined,
[2m[WebServer] [22m  tokenPrefix: '8588f7bd'
[2m[WebServer] [22m}
[2m[WebServer] [22m[GuestDashboard] Session query result: {
[2m[WebServer] [22m  found: [33mtrue[39m,
[2m[WebServer] [22m  error: [90mundefined[39m,
[2m[WebServer] [22m  guestId: [32m'621985e8-6ef5-4cfc-82b5-644e79efbc71'[39m
[2m[WebServer] [22m}
[2m[WebServer] [22m[GuestDashboard] Guest query result: {
[2m[WebServer] [22m  found: [33mtrue[39m,
[2m[WebServer] [22m  error: [90mundefined[39m,
[2m[WebServer] [22m  email: [32m'test-w7-1770443482154-b0dwnxpt@example.com'[39m
[2m[WebServer] [22m}
[2m[WebServer] [22m[GuestDashboard] Rendering dashboard for guest: test-w7-1770443482154-b0dwnxpt@example.com
[2m[WebServer] [22m GET /guest/dashboard [32m200[39m in 811ms[2m (compile: 1984µs, proxy.ts: 150ms, render: 659ms)[22m
[2m[WebServer] [22m GET /guest/activities [32m200[39m in 1842ms[2m (compile: 1113ms, proxy.ts: 147ms, render: 582ms)[22m
[2m[WebServer] [22m[Middleware] Guest auth check: {
[2m[WebServer] [22m  path: '/guest/dashboard',
[2m[WebServer] [22m  hasCookie: true,
[2m[WebServer] [22m  cookieValue: '12e3074e...',
[2m[WebServer] [22m  allCookies: [ 'sb-olcqaawrpnanioaorfer-auth-token', 'guest_session' ]
[2m[WebServer] [22m}
[2m[WebServer] [22m[Middleware] Guest auth check: {
[2m[WebServer] [22m  path: '/api/guest/rsvps',
[2m[WebServer] [22m  hasCookie: true,
[2m[WebServer] [22m  cookieValue: 'a0d56535...',
[2m[WebServer] [22m  allCookies: [ 'sb-olcqaawrpnanioaorfer-auth-token', 'guest_session' ]
[2m[WebServer] [22m}
[2m[WebServer] [22m[Middleware] Guest auth check: {
[2m[WebServer] [22m  path: '/api/guest/events',
[2m[WebServer] [22m  hasCookie: true,
[2m[WebServer] [22m  cookieValue: 'a0d56535...',
[2m[WebServer] [22m  allCookies: [ 'sb-olcqaawrpnanioaorfer-auth-token', 'guest_session' ]
[2m[WebServer] [22m}
[2m[WebServer] [22m[Middleware] Guest auth check: {
[2m[WebServer] [22m  path: '/api/guest/announcements',
[2m[WebServer] [22m  hasCookie: true,
[2m[WebServer] [22m  cookieValue: 'a0d56535...',
[2m[WebServer] [22m  allCookies: [ 'sb-olcqaawrpnanioaorfer-auth-token', 'guest_session' ]
[2m[WebServer] [22m}
[2m[WebServer] [22m[Middleware] Guest auth check: {
[2m[WebServer] [22m  path: '/api/guest/wedding-info',
[2m[WebServer] [22m  hasCookie: true,
[2m[WebServer] [22m  cookieValue: 'a0d56535...',
[2m[WebServer] [22m  allCookies: [ 'sb-olcqaawrpnanioaorfer-auth-token', 'guest_session' ]
[2m[WebServer] [22m}
[2m[WebServer] [22m GET /auth/guest-login/verify?error=INVALID_TOKEN&message=Invalid+or+expired+magic+link [32m200[39m in 135ms[2m (compile: 19ms, proxy.ts: 11ms, render: 105ms)[22m
[2m[WebServer] [22m[Middleware] Session query result: {
[2m[WebServer] [22m  sessionsFound: 1,
[2m[WebServer] [22m  hasError: false,
[2m[WebServer] [22m  errorMessage: undefined,
[2m[WebServer] [22m  tokenPrefix: '12e3074e'
[2m[WebServer] [22m}
[2m[WebServer] [22m[GuestDashboard] Session check: { hasToken: [33mtrue[39m, tokenPrefix: [32m'12e3074e'[39m }
[2m[WebServer] [22m[Middleware] Session query result: {
[2m[WebServer] [22m  sessionsFound: 1,
[2m[WebServer] [22m  hasError: false,
[2m[WebServer] [22m  errorMessage: undefined,
[2m[WebServer] [22m  tokenPrefix: 'a0d56535'
[2m[WebServer] [22m}
[2m[WebServer] [22m[Middleware] Session query result: {
[2m[WebServer] [22m  sessionsFound: 1,
[2m[WebServer] [22m  hasError: false,
[2m[WebServer] [22m  errorMessage: undefined,
[2m[WebServer] [22m  tokenPrefix: 'a0d56535'
[2m[WebServer] [22m}
[2m[WebServer] [22m[Middleware] Session query result: {
[2m[WebServer] [22m  sessionsFound: 1,
[2m[WebServer] [22m  hasError: false,
[2m[WebServer] [22m  errorMessage: undefined,
[2m[WebServer] [22m  tokenPrefix: 'a0d56535'
[2m[WebServer] [22m}
[2m[WebServer] [22m[Middleware] Session query result: {
[2m[WebServer] [22m  sessionsFound: 1,
[2m[WebServer] [22m  hasError: false,
[2m[WebServer] [22m  errorMessage: undefined,
[2m[WebServer] [22m  tokenPrefix: 'a0d56535'
[2m[WebServer] [22m}
[2m[WebServer] [22m[GuestDashboard] Session query result: {
[2m[WebServer] [22m  found: [33mtrue[39m,
[2m[WebServer] [22m  error: [90mundefined[39m,
[2m[WebServer] [22m  guestId: [32m'ac5b58ef-19bd-4953-a037-c9f7f92de7d0'[39m
[2m[WebServer] [22m}
[2m[WebServer] [22m GET /api/guest/rsvps [33m401[39m in 368ms[2m (compile: 36ms, proxy.ts: 179ms, render: 153ms)[22m
[2m[WebServer] [22m GET /api/guest/announcements [33m401[39m in 372ms[2m (compile: 40ms, proxy.ts: 186ms, render: 146ms)[22m
[2m[WebServer] [22m GET /api/guest/wedding-info [33m401[39m in 387ms[2m (compile: 15ms, proxy.ts: 224ms, render: 148ms)[22m
[2m[WebServer] [22m GET /api/guest/events [33m401[39m in 391ms[2m (compile: 14ms, proxy.ts: 234ms, render: 143ms)[22m
[2m[WebServer] [22m[GuestDashboard] Guest query result: {
[2m[WebServer] [22m  found: [33mtrue[39m,
[2m[WebServer] [22m  error: [90mundefined[39m,
[2m[WebServer] [22m  email: [32m'test-w5-1770443474146-c33jwtd6@example.com'[39m
[2m[WebServer] [22m}
[2m[WebServer] [22m[GuestDashboard] Rendering dashboard for guest: test-w5-1770443474146-c33jwtd6@example.com
[2m[WebServer] [22m GET /guest/dashboard [32m200[39m in 666ms[2m (compile: 25ms, proxy.ts: 148ms, render: 493ms)[22m
[2m[WebServer] [22m[Middleware] Guest auth check: {
[2m[WebServer] [22m  path: '/api/guest/activities',
[2m[WebServer] [22m  hasCookie: true,
[2m[WebServer] [22m  cookieValue: '8588f7bd...',
[2m[WebServer] [22m  allCookies: [ 'sb-olcqaawrpnanioaorfer-auth-token', 'guest_session' ]
[2m[WebServer] [22m}
  ✘  15 [chromium] › __tests__/e2e/auth/guestAuth.spec.ts:591:7 › Guest Authentication › should log authentication events in audit log (5.1s)
[2m[WebServer] [22m[Middleware] Session query result: {
[2m[WebServer] [22m  sessionsFound: 1,
[2m[WebServer] [22m  hasError: false,
[2m[WebServer] [22m  errorMessage: undefined,
[2m[WebServer] [22m  tokenPrefix: '8588f7bd'
[2m[WebServer] [22m}
  ✘  11 [chromium] › __tests__/e2e/auth/guestAuth.spec.ts:433:7 › Guest Authentication › should complete logout flow (13.6s)
[2m[WebServer] [22m GET /api/guest/activities [32m200[39m in 1061ms[2m (compile: 494ms, proxy.ts: 153ms, render: 414ms)[22m
  ✓  12 [chromium] › __tests__/e2e/auth/guestAuth.spec.ts:476:7 › Guest Authentication › should persist authentication across page refreshes (14.0s)
  ✘  14 [chromium] › __tests__/e2e/auth/guestAuth.spec.ts:547:7 › Guest Authentication › should handle authentication errors gracefully (15.4s)

🧹 E2E Global Teardown Starting...

🗑️  Cleaning up test data...
🧹 Running comprehensive test cleanup...
✅ Comprehensive cleanup complete
✅ Test data cleaned

🔓 Removing authentication state...
   Removed: .auth/user.json
   Removed empty .auth directory
✅ Authentication state removed

📊 Execution Summary:
   Duration: 2.39s
   Errors: 0
   Status: ✅ Clean teardown

✨ E2E Global Teardown Complete!



  1) [chromium] › __tests__/e2e/auth/guestAuth.spec.ts:208:7 › Guest Authentication › should show loading state during authentication 

    Error: [2mexpect([22m[31mlocator[39m[2m).[22mtoBeDisabled[2m([22m[2m)[22m failed

    Locator: locator('button[type="submit"]:has-text("Log In")')
    Expected: disabled
    Timeout: 10000ms
    Error: element(s) not found

    Call log:
    [2m  - Expect "toBeDisabled" with timeout 10000ms[22m
    [2m  - waiting for locator('button[type="submit"]:has-text("Log In")')[22m
    [2m    - waiting for" http://localhost:3000/guest/dashboard" navigation to finish...[22m
    [2m    - navigated to "http://localhost:3000/guest/dashboard"[22m


      217 |
      218 |     // Verify button is disabled during loading
    > 219 |     await expect(submitButton).toBeDisabled();
          |                                ^
      220 |   });
      221 |
      222 |   test('should create session cookie on successful authentication', async ({ page, context }) => {
        at /Users/jaron/Desktop/wedding-platform-v2/__tests__/e2e/auth/guestAuth.spec.ts:219:32

    attachment #1: screenshot (image/png) ──────────────────────────────────────────────────────────
    test-results/auth-guestAuth-Guest-Authe-79b6f-state-during-authentication-chromium/test-failed-1.png
    ────────────────────────────────────────────────────────────────────────────────────────────────

    attachment #2: video (video/webm) ──────────────────────────────────────────────────────────────
    test-results/auth-guestAuth-Guest-Authe-79b6f-state-during-authentication-chromium/video.webm
    ────────────────────────────────────────────────────────────────────────────────────────────────

    Error Context: test-results/auth-guestAuth-Guest-Authe-79b6f-state-during-authentication-chromium/error-context.md

  2) [chromium] › __tests__/e2e/auth/guestAuth.spec.ts:248:7 › Guest Authentication › should successfully request and verify magic link 

    Error: [2mexpect([22m[31mlocator[39m[2m).[22mtoBeVisible[2m([22m[2m)[22m failed

    Locator: locator('.bg-green-50')
    Expected: visible
    Timeout: 10000ms
    Error: element(s) not found

    Call log:
    [2m  - Expect "toBeVisible" with timeout 10000ms[22m
    [2m  - waiting for locator('.bg-green-50')[22m
    [2m    - waiting for" http://localhost:3000/auth/guest-login" navigation to finish...[22m
    [2m    - navigated to "http://localhost:3000/auth/guest-login"[22m


      267 |
      268 |     // Wait for success message
    > 269 |     await expect(page.locator('.bg-green-50')).toBeVisible();
          |                                                ^
      270 |     await expect(page.locator('.text-green-800')).toContainText(/check your email/i);
      271 |     await expect(page.locator('.text-green-800')).toContainText('15 minutes');
      272 |
        at /Users/jaron/Desktop/wedding-platform-v2/__tests__/e2e/auth/guestAuth.spec.ts:269:48

    attachment #1: screenshot (image/png) ──────────────────────────────────────────────────────────
    test-results/auth-guestAuth-Guest-Authe-1c592-quest-and-verify-magic-link-chromium/test-failed-1.png
    ────────────────────────────────────────────────────────────────────────────────────────────────

    attachment #2: video (video/webm) ──────────────────────────────────────────────────────────────
    test-results/auth-guestAuth-Guest-Authe-1c592-quest-and-verify-magic-link-chromium/video.webm
    ────────────────────────────────────────────────────────────────────────────────────────────────

    Error Context: test-results/auth-guestAuth-Guest-Authe-1c592-quest-and-verify-magic-link-chromium/error-context.md

  3) [chromium] › __tests__/e2e/auth/guestAuth.spec.ts:298:7 › Guest Authentication › should show success message after requesting magic link 

    Error: [2mexpect([22m[31mlocator[39m[2m).[22mtoBeVisible[2m([22m[2m)[22m failed

    Locator: locator('.bg-green-50')
    Expected: visible
    Timeout: 10000ms
    Error: element(s) not found

    Call log:
    [2m  - Expect "toBeVisible" with timeout 10000ms[22m
    [2m  - waiting for locator('.bg-green-50')[22m


      315 |
      316 |     // Verify success message
    > 317 |     await expect(page.locator('.bg-green-50')).toBeVisible();
          |                                                ^
      318 |     await expect(page.locator('.text-green-800')).toContainText('Check your email for a login link');
      319 |     await expect(page.locator('.text-green-800')).toContainText('15 minutes');
      320 |
        at /Users/jaron/Desktop/wedding-platform-v2/__tests__/e2e/auth/guestAuth.spec.ts:317:48

    attachment #1: screenshot (image/png) ──────────────────────────────────────────────────────────
    test-results/auth-guestAuth-Guest-Authe-71b1d-after-requesting-magic-link-chromium/test-failed-1.png
    ────────────────────────────────────────────────────────────────────────────────────────────────

    attachment #2: video (video/webm) ──────────────────────────────────────────────────────────────
    test-results/auth-guestAuth-Guest-Authe-71b1d-after-requesting-magic-link-chromium/video.webm
    ────────────────────────────────────────────────────────────────────────────────────────────────

    Error Context: test-results/auth-guestAuth-Guest-Authe-71b1d-after-requesting-magic-link-chromium/error-context.md

  4) [chromium] › __tests__/e2e/auth/guestAuth.spec.ts:326:7 › Guest Authentication › should show error for expired magic link 

    Error: [2mexpect([22m[31mlocator[39m[2m).[22mtoContainText[2m([22m[32mexpected[39m[2m)[22m failed

    Locator: locator('h1')
    Expected substring: [32m"Link Expired"[39m
    Received string:    [31m"Invalid Link"[39m
    Timeout: 10000ms

    Call log:
    [2m  - Expect "toContainText" with timeout 10000ms[22m
    [2m  - waiting for locator('h1')[22m
    [2m    - waiting for" http://localhost:3000/auth/guest-login/verify?error=INVALID_TOKEN&message=Invalid+or+expired+magic+link" navigation to finish...[22m
    [2m    - navigated to "http://localhost:3000/auth/guest-login/verify?error=INVALID_TOKEN&message=Invalid+or+expired+magic+link"[22m
    [2m    3 × locator resolved to <h1 class="text-2xl font-bold text-jungle-800 mb-2">Verifying Your Link</h1>[22m
    [2m      - unexpected value "Verifying Your Link"[22m
    [2m    9 × locator resolved to <h1 class="text-2xl font-bold text-red-800 mb-2">Invalid Link</h1>[22m
    [2m      - unexpected value "Invalid Link"[22m


      349 |
      350 |     // Verify error message with more specific selectors
    > 351 |     await expect(page.locator('h1')).toContainText('Link Expired');
          |                                      ^
      352 |     const errorDescription = page.locator('p.text-gray-600').first();
      353 |     await expect(errorDescription).toContainText('This magic link has expired');
      354 |     const securityNote = page.locator('p.text-sm.text-gray-500');
        at /Users/jaron/Desktop/wedding-platform-v2/__tests__/e2e/auth/guestAuth.spec.ts:351:38

    attachment #1: screenshot (image/png) ──────────────────────────────────────────────────────────
    test-results/auth-guestAuth-Guest-Authe-fc3b3-rror-for-expired-magic-link-chromium/test-failed-1.png
    ────────────────────────────────────────────────────────────────────────────────────────────────

    attachment #2: video (video/webm) ──────────────────────────────────────────────────────────────
    test-results/auth-guestAuth-Guest-Authe-fc3b3-rror-for-expired-magic-link-chromium/video.webm
    ────────────────────────────────────────────────────────────────────────────────────────────────

    Error Context: test-results/auth-guestAuth-Guest-Authe-fc3b3-rror-for-expired-magic-link-chromium/error-context.md

  5) [chromium] › __tests__/e2e/auth/guestAuth.spec.ts:362:7 › Guest Authentication › should show error for already used magic link 

    Error: [2mexpect([22m[31mlocator[39m[2m).[22mtoBeVisible[2m([22m[2m)[22m failed

    Locator: locator('.bg-green-50')
    Expected: visible
    Timeout: 10000ms
    Error: element(s) not found

    Call log:
    [2m  - Expect "toBeVisible" with timeout 10000ms[22m
    [2m  - waiting for locator('.bg-green-50')[22m


      374 |     await page.fill('#magic-link-input', testGuestEmail);
      375 |     await page.click('button[type="submit"]:has-text("Send Magic Link")');
    > 376 |     await expect(page.locator('.bg-green-50')).toBeVisible();
          |                                                ^
      377 |
      378 |     // Get token from database
      379 |     const { data: tokens } = await supabase
        at /Users/jaron/Desktop/wedding-platform-v2/__tests__/e2e/auth/guestAuth.spec.ts:376:48

    attachment #1: screenshot (image/png) ──────────────────────────────────────────────────────────
    test-results/auth-guestAuth-Guest-Authe-fb7a8-for-already-used-magic-link-chromium/test-failed-1.png
    ────────────────────────────────────────────────────────────────────────────────────────────────

    attachment #2: video (video/webm) ──────────────────────────────────────────────────────────────
    test-results/auth-guestAuth-Guest-Authe-fb7a8-for-already-used-magic-link-chromium/video.webm
    ────────────────────────────────────────────────────────────────────────────────────────────────

    Error Context: test-results/auth-guestAuth-Guest-Authe-fb7a8-for-already-used-magic-link-chromium/error-context.md

  6) [chromium] › __tests__/e2e/auth/guestAuth.spec.ts:433:7 › Guest Authentication › should complete logout flow 

    TimeoutError: page.waitForURL: Timeout 10000ms exceeded.
    =========================== logs ===========================
    waiting for navigation to "/auth/guest-login" until "domcontentloaded"
      navigated to "http://localhost:3000/guest/dashboard"
      navigated to "http://localhost:3000/guest/dashboard"
      navigated to "http://localhost:3000/guest/dashboard"
    ============================================================

      453 |
      454 |     // Step 4: Wait for redirect to login page
    > 455 |     await page.waitForURL('/auth/guest-login', { 
          |                ^
      456 |       timeout: 10000,
      457 |       waitUntil: 'domcontentloaded'
      458 |     });
        at /Users/jaron/Desktop/wedding-platform-v2/__tests__/e2e/auth/guestAuth.spec.ts:455:16

    attachment #1: screenshot (image/png) ──────────────────────────────────────────────────────────
    test-results/auth-guestAuth-Guest-Authe-b7d01-should-complete-logout-flow-chromium/test-failed-1.png
    ────────────────────────────────────────────────────────────────────────────────────────────────

    attachment #2: video (video/webm) ──────────────────────────────────────────────────────────────
    test-results/auth-guestAuth-Guest-Authe-b7d01-should-complete-logout-flow-chromium/video.webm
    ────────────────────────────────────────────────────────────────────────────────────────────────

    Error Context: test-results/auth-guestAuth-Guest-Authe-b7d01-should-complete-logout-flow-chromium/error-context.md

  7) [chromium] › __tests__/e2e/auth/guestAuth.spec.ts:547:7 › Guest Authentication › should handle authentication errors gracefully 

    Error: [2mexpect([22m[31mlocator[39m[2m).[22mtoContainText[2m([22m[32mexpected[39m[2m)[22m failed

    Locator: locator('h1')
    Expected substring: [32m"Link Expired"[39m
    Received string:    [31m"Invalid Link"[39m
    Timeout: 10000ms

    Call log:
    [2m  - Expect "toContainText" with timeout 10000ms[22m
    [2m  - waiting for locator('h1')[22m
    [2m    2 × locator resolved to <h1 class="text-2xl font-bold text-jungle-800 mb-2">Verifying Your Link</h1>[22m
    [2m      - unexpected value "Verifying Your Link"[22m
    [2m    - waiting for" http://localhost:3000/api/guest-auth/magic-link/verify" navigation to finish...[22m
    [2m    - navigated to "http://localhost:3000/auth/guest-login/verify?error=INVALID_TOKEN&message=Invalid+or+expired+magic+link"[22m
    [2m    3 × locator resolved to <h1 class="text-2xl font-bold text-jungle-800 mb-2">Verifying Your Link</h1>[22m
    [2m      - unexpected value "Verifying Your Link"[22m
    [2m    2 × locator resolved to <h1 class="text-2xl font-bold text-red-800 mb-2">Invalid Link</h1>[22m
    [2m      - unexpected value "Invalid Link"[22m
    [2m    - locator resolved to <h1 class="text-2xl font-bold text-jungle-800 mb-2">Verifying Your Link</h1>[22m
    [2m    - unexpected value "Verifying Your Link"[22m
    [2m    5 × locator resolved to <h1 class="text-2xl font-bold text-red-800 mb-2">Invalid Link</h1>[22m
    [2m      - unexpected value "Invalid Link"[22m


      584 |
      585 |     await page.goto(`/auth/guest-login/verify?token=${token}`);
    > 586 |     await expect(page.locator('h1')).toContainText('Link Expired');
          |                                      ^
      587 |     const expiredDescription = page.locator('p.text-gray-600').first();
      588 |     await expect(expiredDescription).toContainText('This magic link has expired');
      589 |   });
        at /Users/jaron/Desktop/wedding-platform-v2/__tests__/e2e/auth/guestAuth.spec.ts:586:38

    attachment #1: screenshot (image/png) ──────────────────────────────────────────────────────────
    test-results/auth-guestAuth-Guest-Authe-90796-ntication-errors-gracefully-chromium/test-failed-1.png
    ────────────────────────────────────────────────────────────────────────────────────────────────

    attachment #2: video (video/webm) ──────────────────────────────────────────────────────────────
    test-results/auth-guestAuth-Guest-Authe-90796-ntication-errors-gracefully-chromium/video.webm
    ────────────────────────────────────────────────────────────────────────────────────────────────

    Error Context: test-results/auth-guestAuth-Guest-Authe-90796-ntication-errors-gracefully-chromium/error-context.md

  8) [chromium] › __tests__/e2e/auth/guestAuth.spec.ts:591:7 › Guest Authentication › should log authentication events in audit log 

    Error: [2mexpect([22m[31mreceived[39m[2m).[22mtoHaveLength[2m([22m[32mexpected[39m[2m)[22m

    Expected length: [32m1[39m
    Received length: [31m0[39m
    Received array:  [31m[][39m

      610 |
      611 |     expect(loginError).toBeNull();
    > 612 |     expect(loginLogs).toHaveLength(1);
          |                       ^
      613 |     expect(loginLogs![0].details.auth_method).toBe('email_matching');
      614 |     expect(loginLogs![0].details.email).toBe(testGuestEmail);
      615 |
        at /Users/jaron/Desktop/wedding-platform-v2/__tests__/e2e/auth/guestAuth.spec.ts:612:23

    attachment #1: screenshot (image/png) ──────────────────────────────────────────────────────────
    test-results/auth-guestAuth-Guest-Authe-c413d-ication-events-in-audit-log-chromium/test-failed-1.png
    ────────────────────────────────────────────────────────────────────────────────────────────────

    attachment #2: video (video/webm) ──────────────────────────────────────────────────────────────
    test-results/auth-guestAuth-Guest-Authe-c413d-ication-events-in-audit-log-chromium/video.webm
    ────────────────────────────────────────────────────────────────────────────────────────────────

    Error Context: test-results/auth-guestAuth-Guest-Authe-c413d-ication-events-in-audit-log-chromium/error-context.md

  8 failed
    [chromium] › __tests__/e2e/auth/guestAuth.spec.ts:208:7 › Guest Authentication › should show loading state during authentication 
    [chromium] › __tests__/e2e/auth/guestAuth.spec.ts:248:7 › Guest Authentication › should successfully request and verify magic link 
    [chromium] › __tests__/e2e/auth/guestAuth.spec.ts:298:7 › Guest Authentication › should show success message after requesting magic link 
    [chromium] › __tests__/e2e/auth/guestAuth.spec.ts:326:7 › Guest Authentication › should show error for expired magic link 
    [chromium] › __tests__/e2e/auth/guestAuth.spec.ts:362:7 › Guest Authentication › should show error for already used magic link 
    [chromium] › __tests__/e2e/auth/guestAuth.spec.ts:433:7 › Guest Authentication › should complete logout flow 
    [chromium] › __tests__/e2e/auth/guestAuth.spec.ts:547:7 › Guest Authentication › should handle authentication errors gracefully 
    [chromium] › __tests__/e2e/auth/guestAuth.spec.ts:591:7 › Guest Authentication › should log authentication events in audit log 
  7 passed (1.3m)

[36m  Serving HTML report at http://localhost:57200. Press Ctrl+C to quit.[39m
