
> destination-wedding-platform@0.1.0 test:e2e
> playwright test __tests__/e2e/auth/guestAuth.spec.ts

[dotenv@17.2.4] injecting env (24) from .env.e2e -- tip: âš™ï¸  write to custom object with { processEnv: myObject }
[2m[WebServer] [22m
[2m[WebServer] [22m> destination-wedding-platform@0.1.0 dev
[2m[WebServer] [22m> next dev
[2m[WebServer] [22m
[2m[WebServer] [22m[33m[1mâš [22m[39m Port 3000 is in use by process 69579, using available port 3001 instead.
[2m[WebServer] [22m[1m[38;2;173;127;168mâ–² Next.js 16.1.1[39m[22m (Turbopack)
[2m[WebServer] [22m- Local:         http://localhost:3001
[2m[WebServer] [22m- Network:       http://172.24.67.144:3001
[2m[WebServer] [22m- Environments: .env.test
[2m[WebServer] [22m
[2m[WebServer] [22m[32m[1mâœ“[22m[39m Starting...
[2m[WebServer] [22m[33m[1mâš [22m[39m The "middleware" file convention is deprecated. Please use "proxy" instead. Learn more: https://nextjs.org/docs/messages/middleware-to-proxy
[2m[WebServer] [22mðŸš€ Initializing application services...
[2m[WebServer] [22mâœ… B2 client initialized successfully {
[2m[WebServer] [22m  endpoint: [32m'https://s3.us-west-004.backblazeb2.com'[39m,
[2m[WebServer] [22m  region: [32m'us-west-004'[39m,
[2m[WebServer] [22m  bucket: [32m'test-bucket'[39m,
[2m[WebServer] [22m  cdnDomain: [32m'https://test-cdn.example.com'[39m
[2m[WebServer] [22m}
[2m[WebServer] [22mâœ… Application services initialized successfully
[2m[WebServer] [22m[32m[1mâœ“[22m[39m Ready in 1545ms
Error: Timed out waiting 120000ms from config.webServer.


To open last HTML report run:
[36m[39m
[36m  npx playwright show-report[39m
[36m[39m
