
> destination-wedding-platform@0.1.0 test:e2e
> playwright test __tests__/e2e/admin/contentManagement.spec.ts

[dotenv@17.2.4] injecting env (29) from .env.e2e -- tip: ✅ audit secrets and track compliance: https://dotenvx.com/ops
[2m[WebServer] [22m
[2m[WebServer] [22m> destination-wedding-platform@0.1.0 dev
[2m[WebServer] [22m> next dev --webpack
[2m[WebServer] [22m
[2m[WebServer] [22m[1m[38;2;173;127;168m▲ Next.js 16.1.1[39m[22m (webpack)
[2m[WebServer] [22m- Local:         http://localhost:3000
[2m[WebServer] [22m- Network:       http://192.168.7.243:3000
[2m[WebServer] [22m- Environments: .env.test
[2m[WebServer] [22m
[2m[WebServer] [22m[32m[1m✓[22m[39m Starting...
[2m[WebServer] [22m[33m[1m⚠[22m[39m The "middleware" file convention is deprecated. Please use "proxy" instead. Learn more: https://nextjs.org/docs/messages/middleware-to-proxy
[2m[WebServer] [22m[32m[1m✓[22m[39m Ready in 1633ms
[2m[WebServer] [22m[37m[1m○[22m[39m Compiling /_not-found ...
[2m[WebServer] [22m GET / [33m404[39m in 3.3s[2m (compile: 3.2s, render: 92ms)[22m
[2m[WebServer] [22m GET /index.html [33m404[39m in 131ms[2m (compile: 8ms, proxy.ts: 106ms, render: 17ms)[22m

🚀 E2E Global Setup Starting...

📊 Verifying test database connection...
[2m[WebServer] [22m GET / [32m200[39m in 250ms[2m (compile: 179ms, proxy.ts: 8ms, render: 63ms)[22m
✅ Test database connected

🧹 Cleaning up test data...
🧹 Running comprehensive test cleanup...
✅ Comprehensive cleanup complete
✅ Test data cleaned

🌐 Verifying Next.js server...
✅ Next.js server is running

🔐 Setting up admin authentication...
[2m[WebServer] [22m GET / [32m200[39m in 49ms[2m (compile: 3ms, proxy.ts: 22ms, render: 23ms)[22m
   Admin user already exists: admin@example.com
   Authenticating via Supabase API...
   ✅ API authentication successful (User ID: e7f5ae65-376e-4d05-a18c-10a91295727a)
   Creating storage state from API session...
   ✅ Storage state created from API session
   Auth state saved to: .auth/admin.json
   Verifying authentication...
[2m[WebServer] [22m[Middleware] User authenticated: e7f5ae65-376e-4d05-a18c-10a91295727a
[2m[WebServer] [22m[Middleware] Admin user data query result: { userData: { role: 'owner', status: 'active' }, userError: null }
[2m[WebServer] [22m[Middleware] Access granted for admin role: owner
[2m[WebServer] [22m GET /admin [32m200[39m in 1149ms[2m (compile: 517ms, proxy.ts: 525ms, render: 107ms)[22m
[2m[WebServer] [22m[Middleware] User authenticated: e7f5ae65-376e-4d05-a18c-10a91295727a
[2m[WebServer] [22m[Middleware] Admin user data query result: { userData: { role: 'owner', status: 'active' }, userError: null }
[2m[WebServer] [22m[Middleware] Access granted for admin role: owner
[2m[WebServer] [22m[Middleware] User authenticated: e7f5ae65-376e-4d05-a18c-10a91295727a
   Current URL: http://localhost:3000/admin
   ✅ Admin UI is visible
   ✅ Authentication verified
   Logged in as: admin@example.com
✅ Admin authentication saved

✨ E2E Global Setup Complete!

[2m[WebServer] [22m[Middleware] Admin user data query result: { userData: { role: 'owner', status: 'active' }, userError: null }
[2m[WebServer] [22m[Middleware] Access granted for admin role: owner

Running 17 tests using 4 workers

[dotenv@17.2.4] injecting env (0) from .env.e2e -- tip: ⚙️  specify custom .env file path with { path: '/custom/path/.env' }
[dotenv@17.2.4] injecting env (0) from .env.e2e -- tip: ⚙️  specify custom .env file path with { path: '/custom/path/.env' }
[dotenv@17.2.4] injecting env (0) from .env.e2e -- tip: 🔐 prevent committing .env to code: https://dotenvx.com/precommit
[dotenv@17.2.4] injecting env (0) from .env.e2e -- tip: 🗂️ backup and recover secrets: https://dotenvx.com/ops
[2m[WebServer] [22m[Middleware] User authenticated: e7f5ae65-376e-4d05-a18c-10a91295727a
[2m[WebServer] [22m[Middleware] User authenticated: e7f5ae65-376e-4d05-a18c-10a91295727a
[2m[WebServer] [22m[Middleware] Admin user data query result: { userData: { role: 'owner', status: 'active' }, userError: null }
[2m[WebServer] [22m[Middleware] Access granted for admin role: owner
[2m[WebServer] [22m[Middleware] User authenticated: e7f5ae65-376e-4d05-a18c-10a91295727a
[2m[WebServer] [22m[Middleware] User authenticated: e7f5ae65-376e-4d05-a18c-10a91295727a
[2m[WebServer] [22m[Middleware] Admin user data query result: { userData: { role: 'owner', status: 'active' }, userError: null }
[2m[WebServer] [22m[Middleware] Access granted for admin role: owner
[2m[WebServer] [22m[Middleware] Admin user data query result: { userData: { role: 'owner', status: 'active' }, userError: null }
[2m[WebServer] [22m[Middleware] Access granted for admin role: owner
[2m[WebServer] [22m[Middleware] Admin user data query result: { userData: { role: 'owner', status: 'active' }, userError: null }
[2m[WebServer] [22m[Middleware] Access granted for admin role: owner
[2m[WebServer] [22m GET /admin/content-pages [32m200[39m in 1591ms[2m (compile: 744ms, proxy.ts: 624ms, render: 223ms)[22m
[2m[WebServer] [22m GET /admin/home-page [32m200[39m in 1593ms[2m (compile: 935ms, proxy.ts: 434ms, render: 225ms)[22m
[2m[WebServer] [22m GET /admin/content-pages [32m200[39m in 1589ms[2m (compile: 788ms, proxy.ts: 545ms, render: 256ms)[22m
[2m[WebServer] [22m GET /admin/content-pages [32m200[39m in 1592ms[2m (compile: 740ms, proxy.ts: 593ms, render: 259ms)[22m
[2m[WebServer] [22m[Middleware] User authenticated: e7f5ae65-376e-4d05-a18c-10a91295727a
[2m[WebServer] [22m[Middleware] User authenticated: e7f5ae65-376e-4d05-a18c-10a91295727a
[2m[WebServer] [22m[Middleware] User authenticated: e7f5ae65-376e-4d05-a18c-10a91295727a
[2m[WebServer] [22m[Middleware] Admin user data query result: { userData: { role: 'owner', status: 'active' }, userError: null }
[2m[WebServer] [22m[Middleware] Access granted for admin role: owner
[2m[WebServer] [22m[Middleware] Admin user data query result: { userData: { role: 'owner', status: 'active' }, userError: null }
[2m[WebServer] [22m[Middleware] Access granted for admin role: owner
[2m[WebServer] [22m[Middleware] Admin user data query result: { userData: { role: 'owner', status: 'active' }, userError: null }
[2m[WebServer] [22m[Middleware] Access granted for admin role: owner
[2m[WebServer] [22m[Middleware] User authenticated: e7f5ae65-376e-4d05-a18c-10a91295727a
[2m[WebServer] [22m[Middleware] Admin user data query result: { userData: { role: 'owner', status: 'active' }, userError: null }
[2m[WebServer] [22m[Middleware] Access granted for admin role: owner
[2m[WebServer] [22m[verifyAuth] User authenticated: e7f5ae65-376e-4d05-a18c-10a91295727a
[2m[WebServer] [22m[verifyAuth] User authenticated: e7f5ae65-376e-4d05-a18c-10a91295727a
[2m[WebServer] [22m[verifyAuth] User authenticated: e7f5ae65-376e-4d05-a18c-10a91295727a
[2m[WebServer] [22m GET /api/admin/home-page [32m200[39m in 3.2s[2m (compile: 2.3s, proxy.ts: 386ms, render: 424ms)[22m
[2m[WebServer] [22m GET /api/admin/content-pages [32m200[39m in 2.9s[2m (compile: 2.1s, proxy.ts: 337ms, render: 474ms)[22m
[2m[WebServer] [22m GET /api/admin/content-pages [32m200[39m in 3.3s[2m (compile: 2.4s, proxy.ts: 352ms, render: 556ms)[22m
[2m[WebServer] [22m GET /api/admin/content-pages [32m200[39m in 3.4s[2m (compile: 2.4s, proxy.ts: 368ms, render: 633ms)[22m
  ✓   1 [chromium] › __tests__/e2e/admin/contentManagement.spec.ts:261:7 › Content Page Management › should validate required fields and handle slug conflicts (9.4s)
[2m[WebServer] [22m[Middleware] User authenticated: e7f5ae65-376e-4d05-a18c-10a91295727a
[2m[WebServer] [22m[Middleware] User authenticated: e7f5ae65-376e-4d05-a18c-10a91295727a
[2m[WebServer] [22m[Middleware] Admin user data query result: { userData: { role: 'owner', status: 'active' }, userError: null }
[2m[WebServer] [22m[Middleware] Access granted for admin role: owner
[2m[WebServer] [22m[Middleware] Admin user data query result: { userData: { role: 'owner', status: 'active' }, userError: null }
[2m[WebServer] [22m[Middleware] Access granted for admin role: owner
[2m[WebServer] [22m[verifyAuth] User authenticated: e7f5ae65-376e-4d05-a18c-10a91295727a
[2m[WebServer] [22m[verifyAuth] User authenticated: e7f5ae65-376e-4d05-a18c-10a91295727a
[2m[WebServer] [22m POST /api/admin/content-pages [32m201[39m in 784ms[2m (compile: 3ms, proxy.ts: 300ms, render: 481ms)[22m
[2m[WebServer] [22m POST /api/admin/content-pages [32m201[39m in 866ms[2m (compile: 2ms, proxy.ts: 388ms, render: 475ms)[22m
[2m[WebServer] [22m[Middleware] User authenticated: e7f5ae65-376e-4d05-a18c-10a91295727a
[2m[WebServer] [22m[Middleware] User authenticated: e7f5ae65-376e-4d05-a18c-10a91295727a
[2m[WebServer] [22m[Middleware] Admin user data query result: { userData: { role: 'owner', status: 'active' }, userError: null }
[2m[WebServer] [22m[Middleware] Access granted for admin role: owner
[2m[WebServer] [22m[Middleware] Admin user data query result: { userData: { role: 'owner', status: 'active' }, userError: null }
[2m[WebServer] [22m[Middleware] Access granted for admin role: owner
[2m[WebServer] [22m[Middleware] User authenticated: e7f5ae65-376e-4d05-a18c-10a91295727a
[2m[WebServer] [22m[verifyAuth] User authenticated: e7f5ae65-376e-4d05-a18c-10a91295727a
[2m[WebServer] [22m[Middleware] Admin user data query result: { userData: { role: 'owner', status: 'active' }, userError: null }
[2m[WebServer] [22m[Middleware] Access granted for admin role: owner
[2m[WebServer] [22m[verifyAuth] User authenticated: e7f5ae65-376e-4d05-a18c-10a91295727a
[2m[WebServer] [22m[Middleware] User authenticated: e7f5ae65-376e-4d05-a18c-10a91295727a
[2m[WebServer] [22m GET /api/admin/content-pages [32m200[39m in 599ms[2m (compile: 4ms, proxy.ts: 285ms, render: 310ms)[22m
[2m[WebServer] [22m GET /api/admin/content-pages [32m200[39m in 674ms[2m (compile: 1362µs, proxy.ts: 329ms, render: 344ms)[22m
[2m[WebServer] [22m[Middleware] Admin user data query result: { userData: { role: 'owner', status: 'active' }, userError: null }
[2m[WebServer] [22m[Middleware] Access granted for admin role: owner
[2m[WebServer] [22m PUT /api/admin/home-page [32m200[39m in 612ms[2m (compile: 5ms, proxy.ts: 295ms, render: 312ms)[22m
[2m[WebServer] [22m GET /admin/home-page [32m200[39m in 504ms[2m (compile: 45ms, proxy.ts: 330ms, render: 130ms)[22m
  ✓   2 [chromium] › __tests__/e2e/admin/contentManagement.spec.ts:308:7 › Content Page Management › should add and reorder sections with layout options (11.5s)
[2m[WebServer] [22m[Middleware] User authenticated: e7f5ae65-376e-4d05-a18c-10a91295727a
[2m[WebServer] [22m[Middleware] User authenticated: e7f5ae65-376e-4d05-a18c-10a91295727a
[2m[WebServer] [22m[Middleware] Admin user data query result: { userData: { role: 'owner', status: 'active' }, userError: null }
[2m[WebServer] [22m[Middleware] Access granted for admin role: owner
[2m[WebServer] [22m[Middleware] Admin user data query result: { userData: { role: 'owner', status: 'active' }, userError: null }
[2m[WebServer] [22m[Middleware] Access granted for admin role: owner
[2m[WebServer] [22m[Middleware] User authenticated: e7f5ae65-376e-4d05-a18c-10a91295727a
[2m[WebServer] [22m[Middleware] Admin user data query result: { userData: { role: 'owner', status: 'active' }, userError: null }
[2m[WebServer] [22m[Middleware] Access granted for admin role: owner
[2m[WebServer] [22m GET /admin/home-page [32m200[39m in 906ms[2m (compile: 389ms, proxy.ts: 394ms, render: 124ms)[22m
[2m[WebServer] [22m[Middleware] User authenticated: e7f5ae65-376e-4d05-a18c-10a91295727a
[2m[WebServer] [22m[Middleware] Admin user data query result: { userData: { role: 'owner', status: 'active' }, userError: null }
[2m[WebServer] [22m[Middleware] Access granted for admin role: owner
[2m[WebServer] [22m[Middleware] User authenticated: e7f5ae65-376e-4d05-a18c-10a91295727a
[2m[WebServer] [22m GET /admin/home-page [32m200[39m in 510ms[2m (compile: 8ms, proxy.ts: 329ms, render: 174ms)[22m
[2m[WebServer] [22m[Middleware] User authenticated: e7f5ae65-376e-4d05-a18c-10a91295727a
[2m[WebServer] [22m[Middleware] Admin user data query result: { userData: { role: 'owner', status: 'active' }, userError: null }
[2m[WebServer] [22m[Middleware] Access granted for admin role: owner
[2m[WebServer] [22m[Middleware] Admin user data query result: { userData: { role: 'owner', status: 'active' }, userError: null }
[2m[WebServer] [22m[Middleware] Access granted for admin role: owner
[2m[WebServer] [22m[Middleware] User authenticated: e7f5ae65-376e-4d05-a18c-10a91295727a
[2m[WebServer] [22m GET /custom/section-test-1770960179616 [33m404[39m in 2.3s[2m (compile: 1757ms, proxy.ts: 191ms, render: 358ms)[22m
[2m[WebServer] [22m GET /admin/content-pages [32m200[39m in 591ms[2m (compile: 41ms, proxy.ts: 395ms, render: 155ms)[22m
[2m[WebServer] [22m[Middleware] Admin user data query result: { userData: { role: 'owner', status: 'active' }, userError: null }
[2m[WebServer] [22m[Middleware] Access granted for admin role: owner
[2m[WebServer] [22m GET /api/admin/home-page [32m200[39m in 665ms[2m (compile: 52ms, proxy.ts: 423ms, render: 190ms)[22m
[2m[WebServer] [22m GET /api/admin/home-page [32m200[39m in 552ms[2m (compile: 26ms, proxy.ts: 367ms, render: 160ms)[22m
[2m[WebServer] [22m[Middleware] User authenticated: e7f5ae65-376e-4d05-a18c-10a91295727a
[2m[WebServer] [22m[Middleware] Admin user data query result: { userData: { role: 'owner', status: 'active' }, userError: null }
[2m[WebServer] [22m[Middleware] Access granted for admin role: owner
  ✓   4 [chromium] › __tests__/e2e/admin/contentManagement.spec.ts:427:7 › Home Page Editing › should edit home page settings and save successfully (14.7s)
[2m[WebServer] [22m[Middleware] User authenticated: e7f5ae65-376e-4d05-a18c-10a91295727a
[2m[WebServer] [22m GET /api/admin/home-page [32m200[39m in 486ms[2m (compile: 6ms, proxy.ts: 321ms, render: 159ms)[22m
[2m[WebServer] [22m[Middleware] Admin user data query result: { userData: { role: 'owner', status: 'active' }, userError: null }
[2m[WebServer] [22m[Middleware] Access granted for admin role: owner
[2m[WebServer] [22m[verifyAuth] User authenticated: e7f5ae65-376e-4d05-a18c-10a91295727a
[2m[WebServer] [22m GET /api/admin/content-pages [32m200[39m in 634ms[2m (compile: 5ms, proxy.ts: 285ms, render: 344ms)[22m
[2m[WebServer] [22m[Middleware] User authenticated: e7f5ae65-376e-4d05-a18c-10a91295727a
[2m[WebServer] [22m[Middleware] User authenticated: e7f5ae65-376e-4d05-a18c-10a91295727a
  ✓   6 [chromium] › __tests__/e2e/admin/contentManagement.spec.ts:540:7 › Home Page Editing › should handle API errors gracefully and disable fields while saving (4.5s)
[2m[WebServer] [22m[Middleware] Admin user data query result: { userData: { role: 'owner', status: 'active' }, userError: null }
[2m[WebServer] [22m[Middleware] Access granted for admin role: owner
[2m[WebServer] [22m[Middleware] Admin user data query result: { userData: { role: 'owner', status: 'active' }, userError: null }
[2m[WebServer] [22m[Middleware] Access granted for admin role: owner
[2m[WebServer] [22m GET /admin/home-page [32m200[39m in 341ms[2m (compile: 17ms, proxy.ts: 287ms, render: 36ms)[22m
[2m[WebServer] [22m PUT /api/admin/home-page [32m200[39m in 536ms[2m (compile: 1744µs, proxy.ts: 346ms, render: 188ms)[22m
  ✓   5 [chromium] › __tests__/e2e/admin/contentManagement.spec.ts:495:7 › Home Page Editing › should edit welcome message with rich text editor (7.0s)
[2m[WebServer] [22m[Middleware] User authenticated: e7f5ae65-376e-4d05-a18c-10a91295727a
[2m[WebServer] [22m[Middleware] Admin user data query result: { userData: { role: 'owner', status: 'active' }, userError: null }
[2m[WebServer] [22m[Middleware] Access granted for admin role: owner
[2m[WebServer] [22m GET /api/admin/home-page [32m200[39m in 470ms[2m (compile: 1442µs, proxy.ts: 296ms, render: 173ms)[22m
[2m[WebServer] [22m[Middleware] User authenticated: e7f5ae65-376e-4d05-a18c-10a91295727a
[2m[WebServer] [22m[Middleware] Admin user data query result: { userData: { role: 'owner', status: 'active' }, userError: null }
[2m[WebServer] [22m[Middleware] Access granted for admin role: owner
[2m[WebServer] [22m GET /admin/home-page [32m200[39m in 500ms[2m (compile: 2ms, proxy.ts: 467ms, render: 31ms)[22m
[2m[WebServer] [22m[Middleware] User authenticated: e7f5ae65-376e-4d05-a18c-10a91295727a
[2m[WebServer] [22m[Middleware] Admin user data query result: { userData: { role: 'owner', status: 'active' }, userError: null }
[2m[WebServer] [22m[Middleware] Access granted for admin role: owner
[2m[WebServer] [22m GET /admin/home-page [32m200[39m in 370ms[2m (compile: 3ms, proxy.ts: 326ms, render: 40ms)[22m
[2m[WebServer] [22m[Middleware] User authenticated: e7f5ae65-376e-4d05-a18c-10a91295727a
[2m[WebServer] [22m GET / [32m200[39m in 102ms[2m (compile: 20ms, proxy.ts: 33ms, render: 50ms)[22m
[2m[WebServer] [22m[Middleware] Admin user data query result: { userData: { role: 'owner', status: 'active' }, userError: null }
[2m[WebServer] [22m[Middleware] Access granted for admin role: owner
[2m[WebServer] [22m GET /api/admin/home-page [32m200[39m in 513ms[2m (compile: 6ms, proxy.ts: 334ms, render: 173ms)[22m
[2m[WebServer] [22m[Middleware] User authenticated: e7f5ae65-376e-4d05-a18c-10a91295727a
[2m[WebServer] [22m[Middleware] Admin user data query result: { userData: { role: 'owner', status: 'active' }, userError: null }
[2m[WebServer] [22m[Middleware] Access granted for admin role: owner
[2m[WebServer] [22m GET /api/admin/home-page [32m200[39m in 562ms[2m (compile: 1300µs, proxy.ts: 332ms, render: 229ms)[22m
  ✓   7 [chromium] › __tests__/e2e/admin/contentManagement.spec.ts:579:7 › Home Page Editing › should preview home page in new tab (4.7s)
[Test] Clicking "Show Inline Section Editor" button...
[waitForInlineSectionEditor] Starting wait sequence...
[waitForInlineSectionEditor] Step 1: Waiting for button text to change to "Hide"...
[waitForInlineSectionEditor] Button text changed to "Hide" - state updated successfully
[waitForInlineSectionEditor] Step 2: Checking for loading indicator...
[waitForInlineSectionEditor] Loading indicator found - dynamic import in progress
[2m[WebServer] [22m[Middleware] User authenticated: e7f5ae65-376e-4d05-a18c-10a91295727a
[2m[WebServer] [22m[Middleware] Admin user data query result: { userData: { role: 'owner', status: 'active' }, userError: null }
[2m[WebServer] [22m[Middleware] Access granted for admin role: owner
[2m[WebServer] [22m GET /admin/home-page [32m200[39m in 355ms[2m (compile: 2ms, proxy.ts: 326ms, render: 27ms)[22m
[2m[WebServer] [22m[Middleware] User authenticated: e7f5ae65-376e-4d05-a18c-10a91295727a
[Test] Clicking "Show Inline Section Editor" button...
[2m[WebServer] [22m[Middleware] User authenticated: e7f5ae65-376e-4d05-a18c-10a91295727a
[waitForInlineSectionEditor] Starting wait sequence...
[waitForInlineSectionEditor] Step 1: Waiting for button text to change to "Hide"...
[waitForInlineSectionEditor] Button text changed to "Hide" - state updated successfully
[waitForInlineSectionEditor] Step 2: Checking for loading indicator...
[waitForInlineSectionEditor] Loading indicator found - dynamic import in progress
[2m[WebServer] [22m[Middleware] Admin user data query result: { userData: { role: 'owner', status: 'active' }, userError: null }
[2m[WebServer] [22m[Middleware] Access granted for admin role: owner
[2m[WebServer] [22m[Middleware] Admin user data query result: { userData: { role: 'owner', status: 'active' }, userError: null }
[2m[WebServer] [22m[Middleware] Access granted for admin role: owner
[2m[WebServer] [22m[Middleware] User authenticated: e7f5ae65-376e-4d05-a18c-10a91295727a
[2m[WebServer] [22m[Middleware] User authenticated: e7f5ae65-376e-4d05-a18c-10a91295727a
[2m[WebServer] [22m[Middleware] User authenticated: e7f5ae65-376e-4d05-a18c-10a91295727a
[2m[WebServer] [22m[Middleware] Admin user data query result: { userData: { role: 'owner', status: 'active' }, userError: null }
[2m[WebServer] [22m[Middleware] Access granted for admin role: owner
[2m[WebServer] [22m[Middleware] Admin user data query result: { userData: { role: 'owner', status: 'active' }, userError: null }
[2m[WebServer] [22m[Middleware] Access granted for admin role: owner
[2m[WebServer] [22m[Middleware] Admin user data query result: { userData: { role: 'owner', status: 'active' }, userError: null }
[2m[WebServer] [22m[Middleware] Access granted for admin role: owner
[2m[WebServer] [22m GET /api/admin/home-page [32m200[39m in 514ms[2m (compile: 9ms, proxy.ts: 356ms, render: 149ms)[22m
[2m[WebServer] [22m[verifyAuth] User authenticated: e7f5ae65-376e-4d05-a18c-10a91295727a
[2m[WebServer] [22m[verifyAuth] User authenticated: e7f5ae65-376e-4d05-a18c-10a91295727a
[2m[WebServer] [22m[verifyAuth] User authenticated: e7f5ae65-376e-4d05-a18c-10a91295727a
[2m[WebServer] [22m[verifyAuth] User authenticated: e7f5ae65-376e-4d05-a18c-10a91295727a
[2m[WebServer] [22m GET /api/admin/sections/by-page/home/home [32m200[39m in 1006ms[2m (compile: 359ms, proxy.ts: 375ms, render: 272ms)[22m
[2m[WebServer] [22m GET /api/admin/sections/by-page/home/home [32m200[39m in 1699ms[2m (compile: 1132ms, proxy.ts: 290ms, render: 277ms)[22m
[2m[WebServer] [22m GET /api/admin/sections/by-page/home/home [32m200[39m in 1014ms[2m (compile: 377ms, proxy.ts: 357ms, render: 281ms)[22m
[2m[WebServer] [22m GET /api/admin/sections/by-page/home/home [32m200[39m in 1734ms[2m (compile: 1101ms, proxy.ts: 321ms, render: 312ms)[22m
[waitForInlineSectionEditor] Loading indicator hidden - component loaded
[waitForInlineSectionEditor] Step 3: Waiting for component in DOM...
[waitForInlineSectionEditor] Component is visible in DOM
[waitForInlineSectionEditor] Step 4: Waiting for sections API...
[waitForInlineSectionEditor] Loading indicator hidden - component loaded
[waitForInlineSectionEditor] Step 3: Waiting for component in DOM...
[waitForInlineSectionEditor] Component is visible in DOM
[waitForInlineSectionEditor] Step 4: Waiting for sections API...
[waitForInlineSectionEditor] Starting wait sequence...
[waitForInlineSectionEditor] Step 1: Waiting for button text to change to "Hide"...
[waitForInlineSectionEditor] Button text changed to "Hide" - state updated successfully
[waitForInlineSectionEditor] Step 2: Checking for loading indicator...
[waitForInlineSectionEditor] Loading indicator found - dynamic import in progress
  ✘   3 [chromium] › __tests__/e2e/admin/contentManagement.spec.ts:161:7 › Content Page Management › should complete full content page creation and publication flow (23.7s)
[2m[WebServer] [22m[Middleware] User authenticated: e7f5ae65-376e-4d05-a18c-10a91295727a
[2m[WebServer] [22m[Middleware] User authenticated: e7f5ae65-376e-4d05-a18c-10a91295727a
[2m[WebServer] [22m[Middleware] Admin user data query result: { userData: { role: 'owner', status: 'active' }, userError: null }
[2m[WebServer] [22m[Middleware] Access granted for admin role: owner
[2m[WebServer] [22m[Middleware] Admin user data query result: { userData: { role: 'owner', status: 'active' }, userError: null }
[2m[WebServer] [22m[Middleware] Access granted for admin role: owner
[2m[WebServer] [22m[verifyAuth] User authenticated: e7f5ae65-376e-4d05-a18c-10a91295727a
[dotenv@17.2.4] injecting env (0) from .env.e2e -- tip: 🔄 add secrets lifecycle management: https://dotenvx.com/ops
[2m[WebServer] [22m[verifyAuth] User authenticated: e7f5ae65-376e-4d05-a18c-10a91295727a
[2m[WebServer] [22m GET /api/admin/sections/by-page/home/home [32m200[39m in 537ms[2m (compile: 4ms, proxy.ts: 274ms, render: 259ms)[22m
[2m[WebServer] [22m GET /api/admin/sections/by-page/home/home [32m200[39m in 622ms[2m (compile: 4ms, proxy.ts: 308ms, render: 310ms)[22m
[waitForInlineSectionEditor] Loading indicator hidden - component loaded
[waitForInlineSectionEditor] Step 3: Waiting for component in DOM...
[waitForInlineSectionEditor] Component is visible in DOM
[waitForInlineSectionEditor] Step 4: Waiting for sections API...
[2m[WebServer] [22m[Middleware] User authenticated: e7f5ae65-376e-4d05-a18c-10a91295727a
[2m[WebServer] [22m[Middleware] Admin user data query result: { userData: { role: 'owner', status: 'active' }, userError: null }
[2m[WebServer] [22m[Middleware] Access granted for admin role: owner
[2m[WebServer] [22m GET /admin/content-pages [32m200[39m in 454ms[2m (compile: 37ms, proxy.ts: 320ms, render: 98ms)[22m
[2m[WebServer] [22m[Middleware] User authenticated: e7f5ae65-376e-4d05-a18c-10a91295727a
[2m[WebServer] [22m[Middleware] User authenticated: e7f5ae65-376e-4d05-a18c-10a91295727a
[2m[WebServer] [22m[Middleware] User authenticated: e7f5ae65-376e-4d05-a18c-10a91295727a
[2m[WebServer] [22m[Middleware] Admin user data query result: { userData: { role: 'owner', status: 'active' }, userError: null }
[2m[WebServer] [22m[Middleware] Access granted for admin role: owner
[2m[WebServer] [22m[Middleware] Admin user data query result: { userData: { role: 'owner', status: 'active' }, userError: null }
[2m[WebServer] [22m[Middleware] Access granted for admin role: owner
[2m[WebServer] [22m[Middleware] Admin user data query result: { userData: { role: 'owner', status: 'active' }, userError: null }
[2m[WebServer] [22m[Middleware] Access granted for admin role: owner
[2m[WebServer] [22m GET /admin/home-page [32m200[39m in 561ms[2m (compile: 12ms, proxy.ts: 290ms, render: 259ms)[22m
[2m[WebServer] [22m GET /admin/home-page [32m200[39m in 615ms[2m (compile: 11ms, proxy.ts: 291ms, render: 313ms)[22m
[2m[WebServer] [22m[Middleware] User authenticated: e7f5ae65-376e-4d05-a18c-10a91295727a
[2m[WebServer] [22m GET /admin/home-page [32m200[39m in 795ms[2m (compile: 64ms, proxy.ts: 363ms, render: 368ms)[22m
[2m[WebServer] [22m[Middleware] Admin user data query result: { userData: { role: 'owner', status: 'active' }, userError: null }
[2m[WebServer] [22m[Middleware] Access granted for admin role: owner
[2m[WebServer] [22m[verifyAuth] User authenticated: e7f5ae65-376e-4d05-a18c-10a91295727a
[2m[WebServer] [22m GET /api/admin/content-pages [32m200[39m in 931ms[2m (compile: 61ms, proxy.ts: 486ms, render: 385ms)[22m
[2m[WebServer] [22m[Middleware] User authenticated: e7f5ae65-376e-4d05-a18c-10a91295727a
[2m[WebServer] [22m[Middleware] User authenticated: e7f5ae65-376e-4d05-a18c-10a91295727a
[2m[WebServer] [22m[Middleware] User authenticated: e7f5ae65-376e-4d05-a18c-10a91295727a
[2m[WebServer] [22m[Middleware] Admin user data query result: { userData: { role: 'owner', status: 'active' }, userError: null }
[2m[WebServer] [22m[Middleware] Access granted for admin role: owner
[2m[WebServer] [22m[Middleware] Admin user data query result: { userData: { role: 'owner', status: 'active' }, userError: null }
[2m[WebServer] [22m[Middleware] Access granted for admin role: owner
[2m[WebServer] [22m[Middleware] Admin user data query result: { userData: { role: 'owner', status: 'active' }, userError: null }
[2m[WebServer] [22m[Middleware] Access granted for admin role: owner
[2m[WebServer] [22m GET /api/admin/home-page [32m200[39m in 758ms[2m (compile: 17ms, proxy.ts: 340ms, render: 401ms)[22m
[2m[WebServer] [22m GET /api/admin/home-page [32m200[39m in 849ms[2m (compile: 18ms, proxy.ts: 339ms, render: 492ms)[22m
[2m[WebServer] [22m GET /api/admin/home-page [32m200[39m in 884ms[2m (compile: 15ms, proxy.ts: 342ms, render: 526ms)[22m
[2m[WebServer] [22m[Middleware] User authenticated: e7f5ae65-376e-4d05-a18c-10a91295727a
[2m[WebServer] [22m[Middleware] Admin user data query result: { userData: { role: 'owner', status: 'active' }, userError: null }
[2m[WebServer] [22m[Middleware] Access granted for admin role: owner
[2m[WebServer] [22m[verifyAuth] User authenticated: e7f5ae65-376e-4d05-a18c-10a91295727a
[2m[WebServer] [22m POST /api/admin/content-pages [32m201[39m in 783ms[2m (compile: 6ms, proxy.ts: 298ms, render: 478ms)[22m
[2m[WebServer] [22m[Middleware] User authenticated: e7f5ae65-376e-4d05-a18c-10a91295727a
[2m[WebServer] [22m[Middleware] Admin user data query result: { userData: { role: 'owner', status: 'active' }, userError: null }
[2m[WebServer] [22m[Middleware] Access granted for admin role: owner
[2m[WebServer] [22m[verifyAuth] User authenticated: e7f5ae65-376e-4d05-a18c-10a91295727a
[2m[WebServer] [22m GET /api/admin/content-pages [32m200[39m in 642ms[2m (compile: 2ms, proxy.ts: 302ms, render: 338ms)[22m
[2m[WebServer] [22m GET /custom/test-page-1770960197809 [32m200[39m in 419ms[2m (compile: 25ms, proxy.ts: 14ms, render: 380ms)[22m
  ✓  11 [chromium] › __tests__/e2e/admin/contentManagement.spec.ts:161:7 › Content Page Management › should complete full content page creation and publication flow (retry #1) (7.9s)
[waitForInlineSectionEditor] Sections API timeout (might have already completed)
[waitForInlineSectionEditor] Step 5: Waiting for network idle...
[waitForInlineSectionEditor] Step 6: Final verification...
[waitForInlineSectionEditor] Sections API timeout (might have already completed)
[waitForInlineSectionEditor] Step 5: Waiting for network idle...
[waitForInlineSectionEditor] Step 6: Final verification...
[2m[WebServer] [22m[Middleware] User authenticated: e7f5ae65-376e-4d05-a18c-10a91295727a
[2m[WebServer] [22m[Middleware] Admin user data query result: { userData: { role: 'owner', status: 'active' }, userError: null }
[2m[WebServer] [22m[Middleware] Access granted for admin role: owner
[2m[WebServer] [22m GET /admin/home-page [32m200[39m in 364ms[2m (compile: 2ms, proxy.ts: 333ms, render: 29ms)[22m
[2m[WebServer] [22m[Middleware] User authenticated: e7f5ae65-376e-4d05-a18c-10a91295727a
[2m[WebServer] [22m[Middleware] Admin user data query result: { userData: { role: 'owner', status: 'active' }, userError: null }
[2m[WebServer] [22m[Middleware] Access granted for admin role: owner
[waitForInlineSectionEditor] Sections API timeout (might have already completed)
[waitForInlineSectionEditor] Step 5: Waiting for network idle...
[waitForInlineSectionEditor] Step 6: Final verification...
[2m[WebServer] [22m GET /api/admin/home-page [32m200[39m in 549ms[2m (compile: 1392µs, proxy.ts: 301ms, render: 247ms)[22m
[2m[WebServer] [22m[Middleware] User authenticated: e7f5ae65-376e-4d05-a18c-10a91295727a
[2m[WebServer] [22m[Middleware] User authenticated: e7f5ae65-376e-4d05-a18c-10a91295727a
[2m[WebServer] [22m[Middleware] Admin user data query result: { userData: { role: 'owner', status: 'active' }, userError: null }
[2m[WebServer] [22m[Middleware] Access granted for admin role: owner
[2m[WebServer] [22m[Middleware] Admin user data query result: { userData: { role: 'owner', status: 'active' }, userError: null }
[2m[WebServer] [22m[Middleware] Access granted for admin role: owner
[2m[WebServer] [22m[verifyAuth] User authenticated: e7f5ae65-376e-4d05-a18c-10a91295727a
[2m[WebServer] [22m[verifyAuth] User authenticated: e7f5ae65-376e-4d05-a18c-10a91295727a
[2m[WebServer] [22m GET /api/admin/sections/by-page/home/home [32m200[39m in 525ms[2m (compile: 8ms, proxy.ts: 259ms, render: 257ms)[22m
[2m[WebServer] [22m GET /api/admin/sections/by-page/home/home [32m200[39m in 626ms[2m (compile: 3ms, proxy.ts: 311ms, render: 312ms)[22m
[2m[WebServer] [22m[Middleware] User authenticated: e7f5ae65-376e-4d05-a18c-10a91295727a
[2m[WebServer] [22m[Middleware] Admin user data query result: { userData: { role: 'owner', status: 'active' }, userError: null }
[2m[WebServer] [22m[Middleware] Access granted for admin role: owner
  ✘   9 [chromium] › __tests__/e2e/admin/contentManagement.spec.ts:692:7 › Inline Section Editor › should edit section content and toggle layout (21.7s)
  ✘   8 [chromium] › __tests__/e2e/admin/contentManagement.spec.ts:639:7 › Inline Section Editor › should toggle inline section editor and add sections (22.1s)
[2m[WebServer] [22m[verifyAuth] User authenticated: e7f5ae65-376e-4d05-a18c-10a91295727a
[2m[WebServer] [22m POST /api/admin/sections [32m201[39m in 1291ms[2m (compile: 359ms, proxy.ts: 425ms, render: 507ms)[22m
[dotenv@17.2.4] injecting env (0) from .env.e2e -- tip: 🔐 prevent committing .env to code: https://dotenvx.com/precommit
[dotenv@17.2.4] injecting env (0) from .env.e2e -- tip: 👥 sync secrets across teammates & machines: https://dotenvx.com/ops
  ✓  12 [chromium] › __tests__/e2e/admin/contentManagement.spec.ts:791:7 › Inline Section Editor › should add photo gallery and reference blocks to sections (6.7s)
[2m[WebServer] [22m[Middleware] User authenticated: e7f5ae65-376e-4d05-a18c-10a91295727a
[2m[WebServer] [22m[Middleware] User authenticated: e7f5ae65-376e-4d05-a18c-10a91295727a
[2m[WebServer] [22m[Middleware] Admin user data query result: { userData: { role: 'owner', status: 'active' }, userError: null }
[2m[WebServer] [22m[Middleware] Access granted for admin role: owner
[2m[WebServer] [22m[Middleware] Admin user data query result: { userData: { role: 'owner', status: 'active' }, userError: null }
[2m[WebServer] [22m[Middleware] Access granted for admin role: owner
  ✘  10 [chromium] › __tests__/e2e/admin/contentManagement.spec.ts:758:7 › Inline Section Editor › should delete section with confirmation (20.8s)
[2m[WebServer] [22m[Middleware] User authenticated: e7f5ae65-376e-4d05-a18c-10a91295727a
[2m[WebServer] [22m[Middleware] User authenticated: e7f5ae65-376e-4d05-a18c-10a91295727a
[2m[WebServer] [22m[Middleware] Admin user data query result: { userData: { role: 'owner', status: 'active' }, userError: null }
[2m[WebServer] [22m[Middleware] Access granted for admin role: owner
[2m[WebServer] [22m[Middleware] Admin user data query result: { userData: { role: 'owner', status: 'active' }, userError: null }
[2m[WebServer] [22m[Middleware] Access granted for admin role: owner
[2m[WebServer] [22m[Middleware] User authenticated: e7f5ae65-376e-4d05-a18c-10a91295727a
[2m[WebServer] [22m GET /admin/home-page [32m200[39m in 400ms[2m (compile: 22ms, proxy.ts: 256ms, render: 122ms)[22m
[2m[WebServer] [22m GET /admin/home-page [32m200[39m in 455ms[2m (compile: 22ms, proxy.ts: 350ms, render: 82ms)[22m
[2m[WebServer] [22m[Middleware] Admin user data query result: { userData: { role: 'owner', status: 'active' }, userError: null }
[2m[WebServer] [22m[Middleware] Access granted for admin role: owner
[2m[WebServer] [22m GET /admin [32m200[39m in 499ms[2m (compile: 20ms, proxy.ts: 391ms, render: 88ms)[22m
[dotenv@17.2.4] injecting env (0) from .env.e2e -- tip: ⚙️  enable debug logging with { debug: true }
[2m[WebServer] [22m[Middleware] User authenticated: e7f5ae65-376e-4d05-a18c-10a91295727a
[2m[WebServer] [22m[Middleware] User authenticated: e7f5ae65-376e-4d05-a18c-10a91295727a
[2m[WebServer] [22m[Middleware] Admin user data query result: { userData: { role: 'owner', status: 'active' }, userError: null }
[2m[WebServer] [22m[Middleware] Access granted for admin role: owner
[2m[WebServer] [22m[Middleware] User authenticated: e7f5ae65-376e-4d05-a18c-10a91295727a
[2m[WebServer] [22m[Middleware] Admin user data query result: { userData: { role: 'owner', status: 'active' }, userError: null }
[2m[WebServer] [22m[Middleware] Access granted for admin role: owner
[2m[WebServer] [22m[Middleware] User authenticated: e7f5ae65-376e-4d05-a18c-10a91295727a
[2m[WebServer] [22m[Middleware] Admin user data query result: { userData: { role: 'owner', status: 'active' }, userError: null }
[2m[WebServer] [22m[Middleware] Access granted for admin role: owner
[2m[WebServer] [22m[Middleware] Admin user data query result: { userData: { role: 'owner', status: 'active' }, userError: null }
[2m[WebServer] [22m[Middleware] Access granted for admin role: owner
[2m[WebServer] [22m[Middleware] User authenticated: e7f5ae65-376e-4d05-a18c-10a91295727a
[2m[WebServer] [22m[Middleware] Admin user data query result: { userData: { role: 'owner', status: 'active' }, userError: null }
[2m[WebServer] [22m[Middleware] Access granted for admin role: owner
[2m[WebServer] [22m[Middleware] User authenticated: e7f5ae65-376e-4d05-a18c-10a91295727a
[2m[WebServer] [22m GET /admin/home-page [32m200[39m in 625ms[2m (compile: 24ms, proxy.ts: 532ms, render: 69ms)[22m
[2m[WebServer] [22m GET /api/admin/home-page [32m200[39m in 1337ms[2m (compile: 522ms, proxy.ts: 407ms, render: 408ms)[22m
[2m[WebServer] [22m GET /api/admin/home-page [32m200[39m in 1425ms[2m (compile: 655ms, proxy.ts: 293ms, render: 478ms)[22m
[2m[WebServer] [22m[Middleware] Admin user data query result: { userData: { role: 'owner', status: 'active' }, userError: null }
[2m[WebServer] [22m[Middleware] Access granted for admin role: owner
[2m[WebServer] [22m GET /api/admin/metrics [32m200[39m in 2.2s[2m (compile: 5ms, proxy.ts: 310ms, render: 1863ms)[22m
[Test] Clicking "Show Inline Section Editor" button...
[2m[WebServer] [22m GET /api/admin/alerts [32m200[39m in 2.8s[2m (compile: 740ms, proxy.ts: 365ms, render: 1653ms)[22m
[2m[WebServer] [22m[33m[1m⚠[22m[39m Fast Refresh had to perform a full reload. Read more: https://nextjs.org/docs/messages/fast-refresh-reload
[waitForInlineSectionEditor] Starting wait sequence...
[waitForInlineSectionEditor] Step 1: Waiting for button text to change to "Hide"...
[waitForInlineSectionEditor] Button text changed to "Hide" - state updated successfully
[waitForInlineSectionEditor] Step 2: Checking for loading indicator...
[waitForInlineSectionEditor] Loading indicator found - dynamic import in progress
[2m[WebServer] [22m GET /admin/events [32m200[39m in 1962ms[2m (compile: 1051ms, proxy.ts: 625ms, render: 286ms)[22m
[Test] Clicking "Show Inline Section Editor" button...
[waitForInlineSectionEditor] Starting wait sequence...
[waitForInlineSectionEditor] Step 1: Waiting for button text to change to "Hide"...
[2m[WebServer] [22m[Middleware] User authenticated: e7f5ae65-376e-4d05-a18c-10a91295727a
[2m[WebServer] [22m[Middleware] User authenticated: e7f5ae65-376e-4d05-a18c-10a91295727a
[2m[WebServer] [22m[Middleware] User authenticated: e7f5ae65-376e-4d05-a18c-10a91295727a
[2m[WebServer] [22m[Middleware] User authenticated: e7f5ae65-376e-4d05-a18c-10a91295727a
[2m[WebServer] [22m[Middleware] Admin user data query result: { userData: { role: 'owner', status: 'active' }, userError: null }
[2m[WebServer] [22m[Middleware] Access granted for admin role: owner
[2m[WebServer] [22m[Middleware] Admin user data query result: { userData: { role: 'owner', status: 'active' }, userError: null }
[2m[WebServer] [22m[Middleware] Access granted for admin role: owner
[2m[WebServer] [22m[Middleware] Admin user data query result: { userData: { role: 'owner', status: 'active' }, userError: null }
[2m[WebServer] [22m[Middleware] Access granted for admin role: owner
[2m[WebServer] [22m[Middleware] Admin user data query result: { userData: { role: 'owner', status: 'active' }, userError: null }
[2m[WebServer] [22m[Middleware] Access granted for admin role: owner
[2m[WebServer] [22m[verifyAuth] User authenticated: e7f5ae65-376e-4d05-a18c-10a91295727a
[2m[WebServer] [22m[verifyAuth] User authenticated: e7f5ae65-376e-4d05-a18c-10a91295727a
[2m[WebServer] [22m[Middleware] User authenticated: e7f5ae65-376e-4d05-a18c-10a91295727a
[2m[WebServer] [22m[Middleware] User authenticated: e7f5ae65-376e-4d05-a18c-10a91295727a
[2m[WebServer] [22m GET /api/admin/sections/by-page/home/home [32m200[39m in 984ms[2m (compile: 78ms, proxy.ts: 344ms, render: 562ms)[22m
[2m[WebServer] [22m[Middleware] Admin user data query result: { userData: { role: 'owner', status: 'active' }, userError: null }
[2m[WebServer] [22m[Middleware] Access granted for admin role: owner
[2m[WebServer] [22m[Middleware] Admin user data query result: { userData: { role: 'owner', status: 'active' }, userError: null }
[2m[WebServer] [22m[Middleware] Access granted for admin role: owner
[2m[WebServer] [22m GET /api/admin/sections/by-page/home/home [32m200[39m in 1048ms[2m (compile: 25ms, proxy.ts: 434ms, render: 589ms)[22m
[2m[WebServer] [22m GET /admin/home-page [32m200[39m in 904ms[2m (compile: 26ms, proxy.ts: 321ms, render: 557ms)[22m
[waitForInlineSectionEditor] Loading indicator hidden - component loaded
[waitForInlineSectionEditor] Step 3: Waiting for component in DOM...
[2m[WebServer] [22m GET /admin/home-page [32m200[39m in 998ms[2m (compile: 168ms, proxy.ts: 674ms, render: 157ms)[22m
[2m[WebServer] [22m[Middleware] User authenticated: e7f5ae65-376e-4d05-a18c-10a91295727a
[2m[WebServer] [22m[Middleware] User authenticated: e7f5ae65-376e-4d05-a18c-10a91295727a
[2m[WebServer] [22m[Middleware] User authenticated: e7f5ae65-376e-4d05-a18c-10a91295727a
[2m[WebServer] [22m[Middleware] Admin user data query result: { userData: { role: 'owner', status: 'active' }, userError: null }
[2m[WebServer] [22m[Middleware] Access granted for admin role: owner
[2m[WebServer] [22m[Middleware] Admin user data query result: { userData: { role: 'owner', status: 'active' }, userError: null }
[2m[WebServer] [22m[Middleware] Access granted for admin role: owner
[2m[WebServer] [22m[Middleware] Admin user data query result: { userData: { role: 'owner', status: 'active' }, userError: null }
[2m[WebServer] [22m[Middleware] Access granted for admin role: owner
[2m[WebServer] [22m GET /api/admin/home-page [32m200[39m in 897ms[2m (compile: 9ms, proxy.ts: 463ms, render: 426ms)[22m
[waitForInlineSectionEditor] Starting wait sequence...
[waitForInlineSectionEditor] Step 1: Waiting for button text to change to "Hide"...
[waitForInlineSectionEditor] Button text changed to "Hide" - state updated successfully
[waitForInlineSectionEditor] Step 2: Checking for loading indicator...
[waitForInlineSectionEditor] Loading indicator found - dynamic import in progress
[2m[WebServer] [22m GET /api/admin/events [32m200[39m in 2.1s[2m (compile: 1434ms, proxy.ts: 475ms, render: 213ms)[22m
[2m[WebServer] [22m GET /api/admin/locations [32m200[39m in 2.1s[2m (compile: 1408ms, proxy.ts: 500ms, render: 237ms)[22m
[2m[WebServer] [22m[Middleware] User authenticated: e7f5ae65-376e-4d05-a18c-10a91295727a
[2m[WebServer] [22m[Middleware] User authenticated: e7f5ae65-376e-4d05-a18c-10a91295727a
[2m[WebServer] [22m[Middleware] Admin user data query result: { userData: { role: 'owner', status: 'active' }, userError: null }
[2m[WebServer] [22m[Middleware] Access granted for admin role: owner
[2m[WebServer] [22m[Middleware] Admin user data query result: { userData: { role: 'owner', status: 'active' }, userError: null }
[2m[WebServer] [22m[Middleware] Access granted for admin role: owner
[2m[WebServer] [22m[Middleware] User authenticated: e7f5ae65-376e-4d05-a18c-10a91295727a
[2m[WebServer] [22m[verifyAuth] User authenticated: e7f5ae65-376e-4d05-a18c-10a91295727a
[2m[WebServer] [22m[Middleware] User authenticated: e7f5ae65-376e-4d05-a18c-10a91295727a
[2m[WebServer] [22m[Middleware] Admin user data query result: { userData: { role: 'owner', status: 'active' }, userError: null }
[2m[WebServer] [22m[Middleware] Access granted for admin role: owner
[2m[WebServer] [22m GET /api/admin/sections/by-page/home/home [32m200[39m in 694ms[2m (compile: 85ms, proxy.ts: 308ms, render: 301ms)[22m
[2m[WebServer] [22m[verifyAuth] User authenticated: e7f5ae65-376e-4d05-a18c-10a91295727a
[2m[WebServer] [22m GET /api/admin/sections/by-page/home/home [32m200[39m in 720ms[2m (compile: 108ms, proxy.ts: 350ms, render: 262ms)[22m
[2m[WebServer] [22m[Middleware] User authenticated: e7f5ae65-376e-4d05-a18c-10a91295727a
[2m[WebServer] [22m[Middleware] Admin user data query result: { userData: { role: 'owner', status: 'active' }, userError: null }
[2m[WebServer] [22m[Middleware] Access granted for admin role: owner
[waitForInlineSectionEditor] Loading indicator hidden - component loaded
[waitForInlineSectionEditor] Step 3: Waiting for component in DOM...
[2m[WebServer] [22m[Middleware] Admin user data query result: { userData: { role: 'owner', status: 'active' }, userError: null }
[2m[WebServer] [22m[Middleware] Access granted for admin role: owner
[2m[WebServer] [22m[Middleware] User authenticated: e7f5ae65-376e-4d05-a18c-10a91295727a
[2m[WebServer] [22m GET /admin/home-page [32m200[39m in 821ms[2m (compile: 26ms, proxy.ts: 448ms, render: 347ms)[22m
[2m[WebServer] [22m GET /admin/events [32m200[39m in 789ms[2m (compile: 66ms, proxy.ts: 460ms, render: 263ms)[22m
[2m[WebServer] [22m[Middleware] Admin user data query result: { userData: { role: 'owner', status: 'active' }, userError: null }
[2m[WebServer] [22m[Middleware] Access granted for admin role: owner
[2m[WebServer] [22m GET /api/admin/home-page [32m200[39m in 605ms[2m (compile: 97ms, proxy.ts: 333ms, render: 175ms)[22m
[2m[WebServer] [22m GET /api/admin/home-page [32m200[39m in 800ms[2m (compile: 14ms, proxy.ts: 558ms, render: 229ms)[22m
[2m[WebServer] [22m[Middleware] User authenticated: e7f5ae65-376e-4d05-a18c-10a91295727a
[2m[WebServer] [22m[Middleware] User authenticated: e7f5ae65-376e-4d05-a18c-10a91295727a
[2m[WebServer] [22m[Middleware] Admin user data query result: { userData: { role: 'owner', status: 'active' }, userError: null }
[2m[WebServer] [22m[Middleware] Access granted for admin role: owner
[2m[WebServer] [22m[Middleware] Admin user data query result: { userData: { role: 'owner', status: 'active' }, userError: null }
[2m[WebServer] [22m[Middleware] Access granted for admin role: owner
[2m[WebServer] [22m[Middleware] User authenticated: e7f5ae65-376e-4d05-a18c-10a91295727a
[2m[WebServer] [22m[Middleware] Admin user data query result: { userData: { role: 'owner', status: 'active' }, userError: null }
[2m[WebServer] [22m[Middleware] Access granted for admin role: owner
[2m[WebServer] [22m GET /api/admin/events [32m200[39m in 499ms[2m (compile: 4ms, proxy.ts: 330ms, render: 165ms)[22m
[2m[WebServer] [22m GET /api/admin/locations [32m200[39m in 503ms[2m (compile: 3ms, proxy.ts: 329ms, render: 171ms)[22m
[2m[WebServer] [22m GET /api/admin/home-page [32m200[39m in 585ms[2m (compile: 1169µs, proxy.ts: 300ms, render: 284ms)[22m
[waitForInlineSectionEditor] Button text did NOT change - state update failed!
[waitForInlineSectionEditor] Show button still visible: [33mtrue[39m
[waitForInlineSectionEditor] Button disabled attribute: [1mnull[22m
  ✘  13 [chromium] › __tests__/e2e/admin/contentManagement.spec.ts:639:7 › Inline Section Editor › should toggle inline section editor and add sections (retry #1) (16.3s)
[waitForInlineSectionEditor] Component not visible in DOM!
[waitForInlineSectionEditor] Component count in DOM: [33m0[39m
[dotenv@17.2.4] injecting env (0) from .env.e2e -- tip: ⚙️  write to custom object with { processEnv: myObject }
  ✘  14 [chromium] › __tests__/e2e/admin/contentManagement.spec.ts:692:7 › Inline Section Editor › should edit section content and toggle layout (retry #1) (17.3s)
[dotenv@17.2.4] injecting env (0) from .env.e2e -- tip: ✅ audit secrets and track compliance: https://dotenvx.com/ops
[2m[WebServer] [22m[Middleware] User authenticated: e7f5ae65-376e-4d05-a18c-10a91295727a
[2m[WebServer] [22m[Middleware] User authenticated: e7f5ae65-376e-4d05-a18c-10a91295727a
[2m[WebServer] [22m[Middleware] Admin user data query result: { userData: { role: 'owner', status: 'active' }, userError: null }
[2m[WebServer] [22m[Middleware] Access granted for admin role: owner
[2m[WebServer] [22m GET /admin/content-pages [32m200[39m in 396ms[2m (compile: 13ms, proxy.ts: 345ms, render: 37ms)[22m
[2m[WebServer] [22m[Middleware] Admin user data query result: { userData: { role: 'owner', status: 'active' }, userError: null }
[2m[WebServer] [22m[Middleware] Access granted for admin role: owner
[2m[WebServer] [22m GET /admin [32m200[39m in 453ms[2m (compile: 10ms, proxy.ts: 385ms, render: 59ms)[22m
[2m[WebServer] [22m[Middleware] User authenticated: e7f5ae65-376e-4d05-a18c-10a91295727a
  ✓  18 [chromium] › __tests__/e2e/admin/contentManagement.spec.ts:1116:7 › Content Management Accessibility › should have proper keyboard navigation in content pages (1.3s)
[2m[WebServer] [22m[Middleware] User authenticated: e7f5ae65-376e-4d05-a18c-10a91295727a
[waitForInlineSectionEditor] Component not visible in DOM!
[waitForInlineSectionEditor] Component count in DOM: [33m0[39m
[2m[WebServer] [22m[Middleware] Admin user data query result: { userData: { role: 'owner', status: 'active' }, userError: null }
[2m[WebServer] [22m[Middleware] Access granted for admin role: owner
[2m[WebServer] [22m[Middleware] User authenticated: e7f5ae65-376e-4d05-a18c-10a91295727a
[2m[WebServer] [22m[Middleware] Admin user data query result: { userData: { role: 'owner', status: 'active' }, userError: null }
[2m[WebServer] [22m[Middleware] Access granted for admin role: owner
[2m[WebServer] [22m GET /admin/content-pages [32m200[39m in 360ms[2m (compile: 6ms, proxy.ts: 317ms, render: 37ms)[22m
[2m[WebServer] [22m[Middleware] Admin user data query result: { userData: { role: 'owner', status: 'active' }, userError: null }
[2m[WebServer] [22m[Middleware] Access granted for admin role: owner
[2m[WebServer] [22m[Middleware] User authenticated: e7f5ae65-376e-4d05-a18c-10a91295727a
[2m[WebServer] [22m[Middleware] User authenticated: e7f5ae65-376e-4d05-a18c-10a91295727a
[2m[WebServer] [22m[Middleware] Admin user data query result: { userData: { role: 'owner', status: 'active' }, userError: null }
[2m[WebServer] [22m[Middleware] Access granted for admin role: owner
[2m[WebServer] [22m[Middleware] Admin user data query result: { userData: { role: 'owner', status: 'active' }, userError: null }
[2m[WebServer] [22m[Middleware] Access granted for admin role: owner
[2m[WebServer] [22m GET /admin/content-pages [32m200[39m in 403ms[2m (compile: 8ms, proxy.ts: 357ms, render: 39ms)[22m
  ✘  16 [chromium] › __tests__/e2e/admin/contentManagement.spec.ts:758:7 › Inline Section Editor › should delete section with confirmation (retry #1) (17.8s)
  ✓  17 [chromium] › __tests__/e2e/admin/contentManagement.spec.ts:1048:7 › Event References › should search and filter events in reference lookup (3.2s)
[2m[WebServer] [22m[Middleware] User authenticated: e7f5ae65-376e-4d05-a18c-10a91295727a
[2m[WebServer] [22m[Middleware] Admin user data query result: { userData: { role: 'owner', status: 'active' }, userError: null }
[2m[WebServer] [22m[Middleware] Access granted for admin role: owner
[2m[WebServer] [22m[Middleware] User authenticated: e7f5ae65-376e-4d05-a18c-10a91295727a
[2m[WebServer] [22m[Middleware] User authenticated: e7f5ae65-376e-4d05-a18c-10a91295727a
  ✓  19 [chromium] › __tests__/e2e/admin/contentManagement.spec.ts:1129:7 › Content Management Accessibility › should have proper ARIA labels and form labels (1.4s)
[2m[WebServer] [22m[Middleware] Admin user data query result: { userData: { role: 'owner', status: 'active' }, userError: null }
[2m[WebServer] [22m[Middleware] Access granted for admin role: owner
[2m[WebServer] [22m[Middleware] Admin user data query result: { userData: { role: 'owner', status: 'active' }, userError: null }
[2m[WebServer] [22m[Middleware] Access granted for admin role: owner
[2m[WebServer] [22m GET /admin/content-pages [32m200[39m in 408ms[2m (compile: 1946µs, proxy.ts: 375ms, render: 30ms)[22m
[dotenv@17.2.4] injecting env (0) from .env.e2e -- tip: 🔄 add secrets lifecycle management: https://dotenvx.com/ops
[2m[WebServer] [22m[Middleware] User authenticated: e7f5ae65-376e-4d05-a18c-10a91295727a
[2m[WebServer] [22m[Middleware] Admin user data query result: { userData: { role: 'owner', status: 'active' }, userError: null }
[2m[WebServer] [22m[Middleware] Access granted for admin role: owner
[2m[WebServer] [22m GET /admin/home-page [32m200[39m in 306ms[2m (compile: 2ms, proxy.ts: 261ms, render: 43ms)[22m
  ✓  20 [chromium] › __tests__/e2e/admin/contentManagement.spec.ts:1161:7 › Content Management Accessibility › should have keyboard navigation in reference lookup (1.2s)
[2m[WebServer] [22m[Middleware] User authenticated: e7f5ae65-376e-4d05-a18c-10a91295727a
[2m[WebServer] [22m[Middleware] Admin user data query result: { userData: { role: 'owner', status: 'active' }, userError: null }
[2m[WebServer] [22m[Middleware] Access granted for admin role: owner
[2m[WebServer] [22m[Middleware] User authenticated: e7f5ae65-376e-4d05-a18c-10a91295727a
[2m[WebServer] [22m[Middleware] Admin user data query result: { userData: { role: 'owner', status: 'active' }, userError: null }
[2m[WebServer] [22m[Middleware] Access granted for admin role: owner
[2m[WebServer] [22m GET /api/admin/home-page [32m200[39m in 436ms[2m (compile: 1486µs, proxy.ts: 283ms, render: 152ms)[22m
  ✓  21 [chromium] › __tests__/e2e/admin/contentManagement.spec.ts:1149:7 › Content Management Accessibility › should have proper keyboard navigation in home page editor (1.5s)
Event creation API response not detected, continuing...
Reloading page to refresh event list...
[2m[WebServer] [22m[Middleware] User authenticated: e7f5ae65-376e-4d05-a18c-10a91295727a
[2m[WebServer] [22m[Middleware] Admin user data query result: { userData: { role: 'owner', status: 'active' }, userError: null }
[2m[WebServer] [22m[Middleware] Access granted for admin role: owner
[2m[WebServer] [22m GET /admin/events [32m200[39m in 562ms[2m (compile: 7ms, proxy.ts: 485ms, render: 69ms)[22m
[2m[WebServer] [22m[Middleware] User authenticated: e7f5ae65-376e-4d05-a18c-10a91295727a
[2m[WebServer] [22m[Middleware] Admin user data query result: { userData: { role: 'owner', status: 'active' }, userError: null }
[2m[WebServer] [22m[Middleware] Access granted for admin role: owner
[2m[WebServer] [22m[Middleware] User authenticated: e7f5ae65-376e-4d05-a18c-10a91295727a
[2m[WebServer] [22m[Middleware] Admin user data query result: { userData: { role: 'owner', status: 'active' }, userError: null }
[2m[WebServer] [22m[Middleware] Access granted for admin role: owner
[2m[WebServer] [22m GET /api/admin/locations [32m200[39m in 545ms[2m (compile: 46ms, proxy.ts: 312ms, render: 187ms)[22m
[2m[WebServer] [22m GET /api/admin/events [32m200[39m in 632ms[2m (compile: 1612µs, proxy.ts: 474ms, render: 157ms)[22m
  ✘  15 [chromium] › __tests__/e2e/admin/contentManagement.spec.ts:890:7 › Event References › should create event and add as reference to content page (1.0m)
[dotenv@17.2.4] injecting env (0) from .env.e2e -- tip: 👥 sync secrets across teammates & machines: https://dotenvx.com/ops
[2m[WebServer] [22m[Middleware] User authenticated: e7f5ae65-376e-4d05-a18c-10a91295727a
[2m[WebServer] [22m[Middleware] Admin user data query result: { userData: { role: 'owner', status: 'active' }, userError: null }
[2m[WebServer] [22m[Middleware] Access granted for admin role: owner
[2m[WebServer] [22m GET /admin [32m200[39m in 516ms[2m (compile: 4ms, proxy.ts: 468ms, render: 44ms)[22m
[2m[WebServer] [22m[Middleware] User authenticated: e7f5ae65-376e-4d05-a18c-10a91295727a
[2m[WebServer] [22m[Middleware] User authenticated: e7f5ae65-376e-4d05-a18c-10a91295727a
[2m[WebServer] [22m[Middleware] Admin user data query result: { userData: { role: 'owner', status: 'active' }, userError: null }
[2m[WebServer] [22m[Middleware] Access granted for admin role: owner
[2m[WebServer] [22m[Middleware] Admin user data query result: { userData: { role: 'owner', status: 'active' }, userError: null }
[2m[WebServer] [22m[Middleware] Access granted for admin role: owner
[2m[WebServer] [22m[Middleware] User authenticated: e7f5ae65-376e-4d05-a18c-10a91295727a
[2m[WebServer] [22m GET /api/admin/alerts [32m200[39m in 1402ms[2m (compile: 8ms, proxy.ts: 391ms, render: 1003ms)[22m
[2m[WebServer] [22m[Middleware] Admin user data query result: { userData: { role: 'owner', status: 'active' }, userError: null }
[2m[WebServer] [22m[Middleware] Access granted for admin role: owner
[2m[WebServer] [22m GET /api/admin/metrics [32m200[39m in 1599ms[2m (compile: 10ms, proxy.ts: 360ms, render: 1229ms)[22m
[2m[WebServer] [22m GET /admin/events [32m200[39m in 580ms[2m (compile: 5ms, proxy.ts: 505ms, render: 70ms)[22m
[2m[WebServer] [22m[Middleware] User authenticated: e7f5ae65-376e-4d05-a18c-10a91295727a
[2m[WebServer] [22m[Middleware] User authenticated: e7f5ae65-376e-4d05-a18c-10a91295727a
[2m[WebServer] [22m[Middleware] Admin user data query result: { userData: { role: 'owner', status: 'active' }, userError: null }
[2m[WebServer] [22m[Middleware] Access granted for admin role: owner
[2m[WebServer] [22m[Middleware] Admin user data query result: { userData: { role: 'owner', status: 'active' }, userError: null }
[2m[WebServer] [22m[Middleware] Access granted for admin role: owner
[2m[WebServer] [22m GET /api/admin/locations [32m200[39m in 465ms[2m (compile: 1172µs, proxy.ts: 271ms, render: 193ms)[22m
[2m[WebServer] [22m GET /api/admin/events [32m200[39m in 554ms[2m (compile: 2ms, proxy.ts: 390ms, render: 162ms)[22m
Event creation API response not detected, continuing...
Reloading page to refresh event list...
[2m[WebServer] [22m[Middleware] User authenticated: e7f5ae65-376e-4d05-a18c-10a91295727a
[2m[WebServer] [22m[Middleware] Admin user data query result: { userData: { role: 'owner', status: 'active' }, userError: null }
[2m[WebServer] [22m[Middleware] Access granted for admin role: owner
[2m[WebServer] [22m GET /admin/events [32m200[39m in 432ms[2m (compile: 2ms, proxy.ts: 385ms, render: 44ms)[22m
[2m[WebServer] [22m[Middleware] User authenticated: e7f5ae65-376e-4d05-a18c-10a91295727a
[2m[WebServer] [22m[Middleware] User authenticated: e7f5ae65-376e-4d05-a18c-10a91295727a
[2m[WebServer] [22m[Middleware] Admin user data query result: { userData: { role: 'owner', status: 'active' }, userError: null }
[2m[WebServer] [22m[Middleware] Access granted for admin role: owner
[2m[WebServer] [22m[Middleware] Admin user data query result: { userData: { role: 'owner', status: 'active' }, userError: null }
[2m[WebServer] [22m[Middleware] Access granted for admin role: owner
[2m[WebServer] [22m GET /api/admin/events [32m200[39m in 435ms[2m (compile: 1753µs, proxy.ts: 276ms, render: 157ms)[22m
[2m[WebServer] [22m GET /api/admin/locations [32m200[39m in 573ms[2m (compile: 1966µs, proxy.ts: 411ms, render: 160ms)[22m
  ✘  22 [chromium] › __tests__/e2e/admin/contentManagement.spec.ts:890:7 › Event References › should create event and add as reference to content page (retry #1) (56.4s)

🧹 E2E Global Teardown Starting...

🗑️  Cleaning up test data...
🧹 Running comprehensive test cleanup...
✅ Comprehensive cleanup complete
✅ Test data cleaned

🔓 Keeping authentication state for debugging...
   Auth files preserved in .auth/ directory
   Run "rm -rf .auth" to clean up manually

📊 Execution Summary:
   Duration: 2.18s
   Errors: 0
   Status: ✅ Clean teardown

✨ E2E Global Teardown Complete!



  1) [chromium] › __tests__/e2e/admin/contentManagement.spec.ts:639:7 › Inline Section Editor › should toggle inline section editor and add sections 

    Error: [2mexpect([22m[31mlocator[39m[2m).[22mtoBeVisible[2m([22m[2m)[22m failed

    Locator: locator('[data-testid="inline-section-editor"]')
    Expected: visible
    Timeout: 5000ms
    Error: element(s) not found

    Call log:
    [2m  - Expect "toBeVisible" with timeout 5000ms[22m
    [2m  - waiting for locator('[data-testid="inline-section-editor"]')[22m


      116 |   // Step 6: Final verification
      117 |   console.log('[waitForInlineSectionEditor] Step 6: Final verification...');
    > 118 |   await expect(inlineEditor).toBeVisible({ timeout: 5000 });
          |                              ^
      119 |   console.log('[waitForInlineSectionEditor] Component fully loaded and visible!');
      120 |   
      121 |   return inlineEditor;
        at waitForInlineSectionEditor (/Users/jaron/Desktop/wedding-platform-v2/__tests__/e2e/admin/contentManagement.spec.ts:118:30)
        at /Users/jaron/Desktop/wedding-platform-v2/__tests__/e2e/admin/contentManagement.spec.ts:659:26

    attachment #1: screenshot (image/png) ──────────────────────────────────────────────────────────
    test-results/admin-contentManagement-In-fd3f3-ion-editor-and-add-sections-chromium/test-failed-1.png
    ────────────────────────────────────────────────────────────────────────────────────────────────

    attachment #2: video (video/webm) ──────────────────────────────────────────────────────────────
    test-results/admin-contentManagement-In-fd3f3-ion-editor-and-add-sections-chromium/video.webm
    ────────────────────────────────────────────────────────────────────────────────────────────────

    Error Context: test-results/admin-contentManagement-In-fd3f3-ion-editor-and-add-sections-chromium/error-context.md

    Retry #1 ───────────────────────────────────────────────────────────────────────────────────────

    Error: Button text did not change - state update failed. Component will not render.

      58 |     console.log('[waitForInlineSectionEditor] Button disabled attribute:', isDisabled);
      59 |     
    > 60 |     throw new Error('Button text did not change - state update failed. Component will not render.');
         |           ^
      61 |   }
      62 |
      63 |   // Step 2: Wait for loading indicator (dynamic import)
        at waitForInlineSectionEditor (/Users/jaron/Desktop/wedding-platform-v2/__tests__/e2e/admin/contentManagement.spec.ts:60:11)
        at /Users/jaron/Desktop/wedding-platform-v2/__tests__/e2e/admin/contentManagement.spec.ts:659:26

    attachment #1: screenshot (image/png) ──────────────────────────────────────────────────────────
    test-results/admin-contentManagement-In-fd3f3-ion-editor-and-add-sections-chromium-retry1/test-failed-1.png
    ────────────────────────────────────────────────────────────────────────────────────────────────

    attachment #2: video (video/webm) ──────────────────────────────────────────────────────────────
    test-results/admin-contentManagement-In-fd3f3-ion-editor-and-add-sections-chromium-retry1/video.webm
    ────────────────────────────────────────────────────────────────────────────────────────────────

    Error Context: test-results/admin-contentManagement-In-fd3f3-ion-editor-and-add-sections-chromium-retry1/error-context.md

    attachment #4: trace (application/zip) ─────────────────────────────────────────────────────────
    test-results/admin-contentManagement-In-fd3f3-ion-editor-and-add-sections-chromium-retry1/trace.zip
    Usage:

        npx playwright show-trace test-results/admin-contentManagement-In-fd3f3-ion-editor-and-add-sections-chromium-retry1/trace.zip

    ────────────────────────────────────────────────────────────────────────────────────────────────

  2) [chromium] › __tests__/e2e/admin/contentManagement.spec.ts:692:7 › Inline Section Editor › should edit section content and toggle layout 

    Error: [2mexpect([22m[31mlocator[39m[2m).[22mtoBeVisible[2m([22m[2m)[22m failed

    Locator: locator('[data-testid="inline-section-editor"]')
    Expected: visible
    Timeout: 5000ms
    Error: element(s) not found

    Call log:
    [2m  - Expect "toBeVisible" with timeout 5000ms[22m
    [2m  - waiting for locator('[data-testid="inline-section-editor"]')[22m


      116 |   // Step 6: Final verification
      117 |   console.log('[waitForInlineSectionEditor] Step 6: Final verification...');
    > 118 |   await expect(inlineEditor).toBeVisible({ timeout: 5000 });
          |                              ^
      119 |   console.log('[waitForInlineSectionEditor] Component fully loaded and visible!');
      120 |   
      121 |   return inlineEditor;
        at waitForInlineSectionEditor (/Users/jaron/Desktop/wedding-platform-v2/__tests__/e2e/admin/contentManagement.spec.ts:118:30)
        at /Users/jaron/Desktop/wedding-platform-v2/__tests__/e2e/admin/contentManagement.spec.ts:711:5

    attachment #1: screenshot (image/png) ──────────────────────────────────────────────────────────
    test-results/admin-contentManagement-In-4f880-n-content-and-toggle-layout-chromium/test-failed-1.png
    ────────────────────────────────────────────────────────────────────────────────────────────────

    attachment #2: video (video/webm) ──────────────────────────────────────────────────────────────
    test-results/admin-contentManagement-In-4f880-n-content-and-toggle-layout-chromium/video.webm
    ────────────────────────────────────────────────────────────────────────────────────────────────

    Error Context: test-results/admin-contentManagement-In-4f880-n-content-and-toggle-layout-chromium/error-context.md

    Retry #1 ───────────────────────────────────────────────────────────────────────────────────────

    Error: InlineSectionEditor component not visible in DOM

      88 |     console.log('[waitForInlineSectionEditor] Component count in DOM:', count);
      89 |     
    > 90 |     throw new Error('InlineSectionEditor component not visible in DOM');
         |           ^
      91 |   }
      92 |
      93 |   // Step 4: Wait for sections API to complete (component is fetching data)
        at waitForInlineSectionEditor (/Users/jaron/Desktop/wedding-platform-v2/__tests__/e2e/admin/contentManagement.spec.ts:90:11)
        at /Users/jaron/Desktop/wedding-platform-v2/__tests__/e2e/admin/contentManagement.spec.ts:711:5

    attachment #1: screenshot (image/png) ──────────────────────────────────────────────────────────
    test-results/admin-contentManagement-In-4f880-n-content-and-toggle-layout-chromium-retry1/test-failed-1.png
    ────────────────────────────────────────────────────────────────────────────────────────────────

    attachment #2: video (video/webm) ──────────────────────────────────────────────────────────────
    test-results/admin-contentManagement-In-4f880-n-content-and-toggle-layout-chromium-retry1/video.webm
    ────────────────────────────────────────────────────────────────────────────────────────────────

    Error Context: test-results/admin-contentManagement-In-4f880-n-content-and-toggle-layout-chromium-retry1/error-context.md

    attachment #4: trace (application/zip) ─────────────────────────────────────────────────────────
    test-results/admin-contentManagement-In-4f880-n-content-and-toggle-layout-chromium-retry1/trace.zip
    Usage:

        npx playwright show-trace test-results/admin-contentManagement-In-4f880-n-content-and-toggle-layout-chromium-retry1/trace.zip

    ────────────────────────────────────────────────────────────────────────────────────────────────

  3) [chromium] › __tests__/e2e/admin/contentManagement.spec.ts:758:7 › Inline Section Editor › should delete section with confirmation 

    Error: [2mexpect([22m[31mlocator[39m[2m).[22mtoBeVisible[2m([22m[2m)[22m failed

    Locator: locator('[data-testid="inline-section-editor"]')
    Expected: visible
    Timeout: 5000ms
    Error: element(s) not found

    Call log:
    [2m  - Expect "toBeVisible" with timeout 5000ms[22m
    [2m  - waiting for locator('[data-testid="inline-section-editor"]')[22m


      116 |   // Step 6: Final verification
      117 |   console.log('[waitForInlineSectionEditor] Step 6: Final verification...');
    > 118 |   await expect(inlineEditor).toBeVisible({ timeout: 5000 });
          |                              ^
      119 |   console.log('[waitForInlineSectionEditor] Component fully loaded and visible!');
      120 |   
      121 |   return inlineEditor;
        at waitForInlineSectionEditor (/Users/jaron/Desktop/wedding-platform-v2/__tests__/e2e/admin/contentManagement.spec.ts:118:30)
        at /Users/jaron/Desktop/wedding-platform-v2/__tests__/e2e/admin/contentManagement.spec.ts:763:5

    attachment #1: screenshot (image/png) ──────────────────────────────────────────────────────────
    test-results/admin-contentManagement-In-57c82-e-section-with-confirmation-chromium/test-failed-1.png
    ────────────────────────────────────────────────────────────────────────────────────────────────

    attachment #2: video (video/webm) ──────────────────────────────────────────────────────────────
    test-results/admin-contentManagement-In-57c82-e-section-with-confirmation-chromium/video.webm
    ────────────────────────────────────────────────────────────────────────────────────────────────

    Error Context: test-results/admin-contentManagement-In-57c82-e-section-with-confirmation-chromium/error-context.md

    Retry #1 ───────────────────────────────────────────────────────────────────────────────────────

    Error: InlineSectionEditor component not visible in DOM

      88 |     console.log('[waitForInlineSectionEditor] Component count in DOM:', count);
      89 |     
    > 90 |     throw new Error('InlineSectionEditor component not visible in DOM');
         |           ^
      91 |   }
      92 |
      93 |   // Step 4: Wait for sections API to complete (component is fetching data)
        at waitForInlineSectionEditor (/Users/jaron/Desktop/wedding-platform-v2/__tests__/e2e/admin/contentManagement.spec.ts:90:11)
        at /Users/jaron/Desktop/wedding-platform-v2/__tests__/e2e/admin/contentManagement.spec.ts:763:5

    attachment #1: screenshot (image/png) ──────────────────────────────────────────────────────────
    test-results/admin-contentManagement-In-57c82-e-section-with-confirmation-chromium-retry1/test-failed-1.png
    ────────────────────────────────────────────────────────────────────────────────────────────────

    attachment #2: video (video/webm) ──────────────────────────────────────────────────────────────
    test-results/admin-contentManagement-In-57c82-e-section-with-confirmation-chromium-retry1/video.webm
    ────────────────────────────────────────────────────────────────────────────────────────────────

    Error Context: test-results/admin-contentManagement-In-57c82-e-section-with-confirmation-chromium-retry1/error-context.md

    attachment #4: trace (application/zip) ─────────────────────────────────────────────────────────
    test-results/admin-contentManagement-In-57c82-e-section-with-confirmation-chromium-retry1/trace.zip
    Usage:

        npx playwright show-trace test-results/admin-contentManagement-In-57c82-e-section-with-confirmation-chromium-retry1/trace.zip

    ────────────────────────────────────────────────────────────────────────────────────────────────

  4) [chromium] › __tests__/e2e/admin/contentManagement.spec.ts:890:7 › Event References › should create event and add as reference to content page 

    Error: [2mexpect([22m[31mlocator[39m[2m).[22mtoBeVisible[2m([22m[2m)[22m failed

    Locator: locator('text=Test Event 1770960212601').first()
    Expected: visible
    Timeout: 5000ms
    Error: element(s) not found

    Call log:
    [2m  - Expect "toBeVisible" with timeout 5000ms[22m
    [2m  - waiting for locator('text=Test Event 1770960212601').first()[22m


    Call Log:
    - Test timeout of 60000ms exceeded

      1003 |     await expect(async () => {
      1004 |       await expect(eventRow).toBeVisible({ timeout: 5000 });
    > 1005 |     }).toPass({ timeout: 20000 }); // Increased from 15s to 20s
           |        ^
      1006 |     
      1007 |     // PHASE 2 ROUND 8 BUG #3 FAILED TEST FIX: Wait for list to refresh and all network requests to complete
      1008 |     await page.waitForTimeout(2000); // Wait for list to refresh
        at /Users/jaron/Desktop/wedding-platform-v2/__tests__/e2e/admin/contentManagement.spec.ts:1005:8

    attachment #1: screenshot (image/png) ──────────────────────────────────────────────────────────
    test-results/admin-contentManagement-Ev-e6ce0-s-reference-to-content-page-chromium/test-failed-1.png
    ────────────────────────────────────────────────────────────────────────────────────────────────

    attachment #2: video (video/webm) ──────────────────────────────────────────────────────────────
    test-results/admin-contentManagement-Ev-e6ce0-s-reference-to-content-page-chromium/video.webm
    ────────────────────────────────────────────────────────────────────────────────────────────────

    Error Context: test-results/admin-contentManagement-Ev-e6ce0-s-reference-to-content-page-chromium/error-context.md

    Retry #1 ───────────────────────────────────────────────────────────────────────────────────────

    Error: [2mexpect([22m[31mlocator[39m[2m).[22mtoBeVisible[2m([22m[2m)[22m failed

    Locator: locator('text=Test Event 1770960273762').first()
    Expected: visible
    Timeout: 5000ms
    Error: element(s) not found

    Call log:
    [2m  - Expect "toBeVisible" with timeout 5000ms[22m
    [2m  - waiting for locator('text=Test Event 1770960273762').first()[22m


    Call Log:
    - Timeout 20000ms exceeded while waiting on the predicate

      1003 |     await expect(async () => {
      1004 |       await expect(eventRow).toBeVisible({ timeout: 5000 });
    > 1005 |     }).toPass({ timeout: 20000 }); // Increased from 15s to 20s
           |        ^
      1006 |     
      1007 |     // PHASE 2 ROUND 8 BUG #3 FAILED TEST FIX: Wait for list to refresh and all network requests to complete
      1008 |     await page.waitForTimeout(2000); // Wait for list to refresh
        at /Users/jaron/Desktop/wedding-platform-v2/__tests__/e2e/admin/contentManagement.spec.ts:1005:8

    attachment #1: screenshot (image/png) ──────────────────────────────────────────────────────────
    test-results/admin-contentManagement-Ev-e6ce0-s-reference-to-content-page-chromium-retry1/test-failed-1.png
    ────────────────────────────────────────────────────────────────────────────────────────────────

    attachment #2: video (video/webm) ──────────────────────────────────────────────────────────────
    test-results/admin-contentManagement-Ev-e6ce0-s-reference-to-content-page-chromium-retry1/video.webm
    ────────────────────────────────────────────────────────────────────────────────────────────────

    Error Context: test-results/admin-contentManagement-Ev-e6ce0-s-reference-to-content-page-chromium-retry1/error-context.md

    attachment #4: trace (application/zip) ─────────────────────────────────────────────────────────
    test-results/admin-contentManagement-Ev-e6ce0-s-reference-to-content-page-chromium-retry1/trace.zip
    Usage:

        npx playwright show-trace test-results/admin-contentManagement-Ev-e6ce0-s-reference-to-content-page-chromium-retry1/trace.zip

    ────────────────────────────────────────────────────────────────────────────────────────────────

  5) [chromium] › __tests__/e2e/admin/contentManagement.spec.ts:161:7 › Content Page Management › should complete full content page creation and publication flow 

    Error: [2mexpect([22m[31mlocator[39m[2m).[22mtoBeVisible[2m([22m[2m)[22m failed

    Locator: locator('text=Test Page 1770960179558').first()
    Expected: visible
    Timeout: 10000ms
    Error: element(s) not found

    Call log:
    [2m  - Expect "toBeVisible" with timeout 10000ms[22m
    [2m  - waiting for locator('text=Test Page 1770960179558').first()[22m


      253 |     // The page might use different heading levels or structure
      254 |     const guestPageTitle = newPage.locator(`text=${pageTitle}`).first();
    > 255 |     await expect(guestPageTitle).toBeVisible({ timeout: 10000 });
          |                                  ^
      256 |     
      257 |     // Close the new tab
      258 |     await newPage.close();
        at /Users/jaron/Desktop/wedding-platform-v2/__tests__/e2e/admin/contentManagement.spec.ts:255:34

    attachment #1: screenshot (image/png) ──────────────────────────────────────────────────────────
    test-results/admin-contentManagement-Co-30bad-eation-and-publication-flow-chromium/test-failed-2.png
    ────────────────────────────────────────────────────────────────────────────────────────────────

    attachment #2: screenshot (image/png) ──────────────────────────────────────────────────────────
    test-results/admin-contentManagement-Co-30bad-eation-and-publication-flow-chromium/test-failed-1.png
    ────────────────────────────────────────────────────────────────────────────────────────────────

    attachment #3: video (video/webm) ──────────────────────────────────────────────────────────────
    test-results/admin-contentManagement-Co-30bad-eation-and-publication-flow-chromium/video-1.webm
    ────────────────────────────────────────────────────────────────────────────────────────────────

    attachment #4: video (video/webm) ──────────────────────────────────────────────────────────────
    test-results/admin-contentManagement-Co-30bad-eation-and-publication-flow-chromium/video.webm
    ────────────────────────────────────────────────────────────────────────────────────────────────

    Error Context: test-results/admin-contentManagement-Co-30bad-eation-and-publication-flow-chromium/error-context.md

  4 failed
    [chromium] › __tests__/e2e/admin/contentManagement.spec.ts:639:7 › Inline Section Editor › should toggle inline section editor and add sections 
    [chromium] › __tests__/e2e/admin/contentManagement.spec.ts:692:7 › Inline Section Editor › should edit section content and toggle layout 
    [chromium] › __tests__/e2e/admin/contentManagement.spec.ts:758:7 › Inline Section Editor › should delete section with confirmation 
    [chromium] › __tests__/e2e/admin/contentManagement.spec.ts:890:7 › Event References › should create event and add as reference to content page 
  1 flaky
    [chromium] › __tests__/e2e/admin/contentManagement.spec.ts:161:7 › Content Page Management › should complete full content page creation and publication flow 
  12 passed (2.9m)

[36m  Serving HTML report at http://localhost:9323. Press Ctrl+C to quit.[39m
