
> destination-wedding-platform@0.1.0 test:e2e
> playwright test contentManagement.spec.ts

[dotenv@17.2.4] injecting env (27) from .env.e2e -- tip: ✅ audit secrets and track compliance: https://dotenvx.com/ops
[2m[WebServer] [22m
[2m[WebServer] [22m> destination-wedding-platform@0.1.0 dev
[2m[WebServer] [22m> next dev --webpack
[2m[WebServer] [22m
[2m[WebServer] [22m[1m[38;2;173;127;168m▲ Next.js 16.1.1[39m[22m (webpack)
[2m[WebServer] [22m- Local:         http://localhost:3000
[2m[WebServer] [22m- Network:       http://192.168.7.243:3000
[2m[WebServer] [22m- Environments: .env.test
[2m[WebServer] [22m
[2m[WebServer] [22m[32m[1m✓[22m[39m Starting...
[2m[WebServer] [22m[33m[1m⚠[22m[39m The "middleware" file convention is deprecated. Please use "proxy" instead. Learn more: https://nextjs.org/docs/messages/middleware-to-proxy
[2m[WebServer] [22m🚀 Initializing application services...
[2m[WebServer] [22m✅ B2 client initialized successfully {
[2m[WebServer] [22m  endpoint: [32m'https://s3.us-west-004.backblazeb2.com'[39m,
[2m[WebServer] [22m  region: [32m'us-west-004'[39m,
[2m[WebServer] [22m  bucket: [32m'test-bucket'[39m,
[2m[WebServer] [22m  cdnDomain: [32m'https://test-cdn.example.com'[39m
[2m[WebServer] [22m}
[2m[WebServer] [22m✅ Application services initialized successfully
[2m[WebServer] [22m[32m[1m✓[22m[39m Ready in 2.4s

🚀 E2E Global Setup Starting...

📊 Verifying test database connection...
[2m[WebServer] [22m GET / [32m200[39m in 1290ms[2m (compile: 856ms, proxy.ts: 165ms, render: 269ms)[22m
✅ Test database connected

🧹 Cleaning up test data...
🧹 Running comprehensive test cleanup...
✅ Comprehensive cleanup complete
✅ Test data cleaned

🌐 Verifying Next.js server...
✅ Next.js server is running

🔐 Setting up admin authentication...
[2m[WebServer] [22m GET / [32m200[39m in 54ms[2m (compile: 4ms, proxy.ts: 25ms, render: 25ms)[22m
   Admin user already exists: admin@example.com
   Authenticating via Supabase API...
   ✅ API authentication successful (User ID: e7f5ae65-376e-4d05-a18c-10a91295727a)
   Creating storage state from API session...
   ✅ Storage state created from API session
   Auth state saved to: .auth/admin.json
   Verifying authentication...
[2m[WebServer] [22m[Middleware] User authenticated: e7f5ae65-376e-4d05-a18c-10a91295727a
[2m[WebServer] [22m[Middleware] Admin user data query result: { userData: { role: 'owner', status: 'active' }, userError: null }
[2m[WebServer] [22m[Middleware] Access granted for admin role: owner
[2m[WebServer] [22m GET /admin [32m200[39m in 1852ms[2m (compile: 848ms, proxy.ts: 890ms, render: 114ms)[22m
[2m[WebServer] [22m[Middleware] User authenticated: e7f5ae65-376e-4d05-a18c-10a91295727a
[2m[WebServer] [22m[Middleware] Admin user data query result: { userData: { role: 'owner', status: 'active' }, userError: null }
[2m[WebServer] [22m[Middleware] Access granted for admin role: owner
   Current URL: http://localhost:3000/admin
   ✅ Admin UI is visible
   ✅ Authentication verified
   Logged in as: admin@example.com
✅ Admin authentication saved

✨ E2E Global Setup Complete!


Running 17 tests using 4 workers

[2m[WebServer] [22m[Middleware] User authenticated: e7f5ae65-376e-4d05-a18c-10a91295727a
[2m[WebServer] [22m[Middleware] Admin user data query result: { userData: { role: 'owner', status: 'active' }, userError: null }
[2m[WebServer] [22m[Middleware] Access granted for admin role: owner
[dotenv@17.2.4] injecting env (0) from .env.e2e -- tip: ⚙️  specify custom .env file path with { path: '/custom/path/.env' }
[dotenv@17.2.4] injecting env (0) from .env.e2e -- tip: 🔐 prevent building .env in docker: https://dotenvx.com/prebuild
[dotenv@17.2.4] injecting env (0) from .env.e2e -- tip: 🛠️  run anywhere with `dotenvx run -- yourcommand`
[dotenv@17.2.4] injecting env (0) from .env.e2e -- tip: ⚙️  specify custom .env file path with { path: '/custom/path/.env' }
[2m[WebServer] [22m[Middleware] User authenticated: e7f5ae65-376e-4d05-a18c-10a91295727a
[2m[WebServer] [22m[Middleware] User authenticated: e7f5ae65-376e-4d05-a18c-10a91295727a
[2m[WebServer] [22m[Middleware] User authenticated: e7f5ae65-376e-4d05-a18c-10a91295727a
[2m[WebServer] [22m[Middleware] Admin user data query result: { userData: { role: 'owner', status: 'active' }, userError: null }
[2m[WebServer] [22m[Middleware] Access granted for admin role: owner
[2m[WebServer] [22m[Middleware] Admin user data query result: { userData: { role: 'owner', status: 'active' }, userError: null }
[2m[WebServer] [22m[Middleware] Access granted for admin role: owner
[2m[WebServer] [22m[Middleware] User authenticated: e7f5ae65-376e-4d05-a18c-10a91295727a
[2m[WebServer] [22m[Middleware] Admin user data query result: { userData: { role: 'owner', status: 'active' }, userError: null }
[2m[WebServer] [22m[Middleware] Access granted for admin role: owner
[2m[WebServer] [22m[Middleware] Admin user data query result: { userData: { role: 'owner', status: 'active' }, userError: null }
[2m[WebServer] [22m[Middleware] Access granted for admin role: owner
[2m[WebServer] [22m GET /admin/content-pages [32m200[39m in 1813ms[2m (compile: 999ms, proxy.ts: 603ms, render: 211ms)[22m
[2m[WebServer] [22m GET /admin/home-page [32m200[39m in 1859ms[2m (compile: 783ms, proxy.ts: 820ms, render: 256ms)[22m
[2m[WebServer] [22m GET /admin/content-pages [32m200[39m in 1889ms[2m (compile: 1001ms, proxy.ts: 601ms, render: 287ms)[22m
[2m[WebServer] [22m GET /admin/content-pages [32m200[39m in 1893ms[2m (compile: 958ms, proxy.ts: 644ms, render: 291ms)[22m
[2m[WebServer] [22m[Middleware] User authenticated: e7f5ae65-376e-4d05-a18c-10a91295727a
[2m[WebServer] [22m[Middleware] User authenticated: e7f5ae65-376e-4d05-a18c-10a91295727a
[2m[WebServer] [22m[Middleware] User authenticated: e7f5ae65-376e-4d05-a18c-10a91295727a
[2m[WebServer] [22m[Middleware] Admin user data query result: { userData: { role: 'owner', status: 'active' }, userError: null }
[2m[WebServer] [22m[Middleware] Access granted for admin role: owner
[2m[WebServer] [22m[Middleware] Admin user data query result: { userData: { role: 'owner', status: 'active' }, userError: null }
[2m[WebServer] [22m[Middleware] Access granted for admin role: owner
[2m[WebServer] [22m[Middleware] User authenticated: e7f5ae65-376e-4d05-a18c-10a91295727a
[2m[WebServer] [22m[Middleware] Admin user data query result: { userData: { role: 'owner', status: 'active' }, userError: null }
[2m[WebServer] [22m[Middleware] Access granted for admin role: owner
[2m[WebServer] [22m[Middleware] Admin user data query result: { userData: { role: 'owner', status: 'active' }, userError: null }
[2m[WebServer] [22m[Middleware] Access granted for admin role: owner
[2m[WebServer] [22m[verifyAuth] User authenticated: e7f5ae65-376e-4d05-a18c-10a91295727a
[2m[WebServer] [22m[verifyAuth] User authenticated: e7f5ae65-376e-4d05-a18c-10a91295727a
[2m[WebServer] [22m[verifyAuth] User authenticated: e7f5ae65-376e-4d05-a18c-10a91295727a
[2m[WebServer] [22m GET /api/admin/content-pages [32m200[39m in 3.8s[2m (compile: 2.7s, proxy.ts: 496ms, render: 573ms)[22m
[2m[WebServer] [22m GET /api/admin/content-pages [32m200[39m in 4.1s[2m (compile: 2.9s, proxy.ts: 650ms, render: 578ms)[22m
[2m[WebServer] [22m GET /api/admin/home-page [32m200[39m in 4.2s[2m (compile: 2.8s, proxy.ts: 785ms, render: 610ms)[22m
[2m[WebServer] [22m GET /api/admin/content-pages [32m200[39m in 4.2s[2m (compile: 2.9s, proxy.ts: 523ms, render: 790ms)[22m
  ✓   4 [chromium] › __tests__/e2e/admin/contentManagement.spec.ts:130:7 › Content Page Management › should validate required fields and handle slug conflicts (9.2s)
[2m[WebServer] [22m[Middleware] User authenticated: e7f5ae65-376e-4d05-a18c-10a91295727a
[2m[WebServer] [22m[Middleware] Admin user data query result: { userData: { role: 'owner', status: 'active' }, userError: null }
[2m[WebServer] [22m[Middleware] Access granted for admin role: owner
[2m[WebServer] [22m[Middleware] User authenticated: e7f5ae65-376e-4d05-a18c-10a91295727a
[2m[WebServer] [22m[Middleware] User authenticated: e7f5ae65-376e-4d05-a18c-10a91295727a
[2m[WebServer] [22m[Middleware] Admin user data query result: { userData: { role: 'owner', status: 'active' }, userError: null }
[2m[WebServer] [22m[Middleware] Access granted for admin role: owner
[2m[WebServer] [22m[Middleware] Admin user data query result: { userData: { role: 'owner', status: 'active' }, userError: null }
[2m[WebServer] [22m[Middleware] Access granted for admin role: owner
[2m[WebServer] [22m GET /admin/home-page [32m200[39m in 574ms[2m (compile: 102ms, proxy.ts: 369ms, render: 102ms)[22m
[2m[WebServer] [22m[verifyAuth] User authenticated: e7f5ae65-376e-4d05-a18c-10a91295727a
[2m[WebServer] [22m[verifyAuth] User authenticated: e7f5ae65-376e-4d05-a18c-10a91295727a
[2m[WebServer] [22m[Middleware] User authenticated: e7f5ae65-376e-4d05-a18c-10a91295727a
[2m[WebServer] [22m[Middleware] Admin user data query result: { userData: { role: 'owner', status: 'active' }, userError: null }
[2m[WebServer] [22m[Middleware] Access granted for admin role: owner
[2m[WebServer] [22m POST /api/admin/content-pages [32m201[39m in 859ms[2m (compile: 11ms, proxy.ts: 337ms, render: 511ms)[22m
[2m[WebServer] [22m POST /api/admin/content-pages [32m201[39m in 878ms[2m (compile: 10ms, proxy.ts: 353ms, render: 516ms)[22m
[2m[WebServer] [22m[Middleware] User authenticated: e7f5ae65-376e-4d05-a18c-10a91295727a
[2m[WebServer] [22m[Middleware] User authenticated: e7f5ae65-376e-4d05-a18c-10a91295727a
[2m[WebServer] [22m[Middleware] User authenticated: e7f5ae65-376e-4d05-a18c-10a91295727a
[2m[WebServer] [22m[Middleware] User authenticated: e7f5ae65-376e-4d05-a18c-10a91295727a
[2m[WebServer] [22m PUT /api/admin/home-page [32m200[39m in 720ms[2m (compile: 1600µs, proxy.ts: 394ms, render: 324ms)[22m
[2m[WebServer] [22m[Middleware] Admin user data query result: { userData: { role: 'owner', status: 'active' }, userError: null }
[2m[WebServer] [22m[Middleware] Access granted for admin role: owner
[2m[WebServer] [22m[Middleware] Admin user data query result: { userData: { role: 'owner', status: 'active' }, userError: null }
[2m[WebServer] [22m[Middleware] Access granted for admin role: owner
[2m[WebServer] [22m[Middleware] Admin user data query result: { userData: { role: 'owner', status: 'active' }, userError: null }
[2m[WebServer] [22m[Middleware] Access granted for admin role: owner
[2m[WebServer] [22m[Middleware] User authenticated: e7f5ae65-376e-4d05-a18c-10a91295727a
[2m[WebServer] [22m GET /api/admin/content-pages [32m200[39m in 450ms[2m (compile: 3ms, proxy.ts: 329ms, render: 118ms)[22m
[2m[WebServer] [22m GET /admin/content-pages [32m200[39m in 510ms[2m (compile: 28ms, proxy.ts: 407ms, render: 75ms)[22m
[2m[WebServer] [22m[Middleware] Admin user data query result: { userData: { role: 'owner', status: 'active' }, userError: null }
[2m[WebServer] [22m[Middleware] Access granted for admin role: owner
[2m[WebServer] [22m[Middleware] User authenticated: e7f5ae65-376e-4d05-a18c-10a91295727a
[2m[WebServer] [22m[verifyAuth] User authenticated: e7f5ae65-376e-4d05-a18c-10a91295727a
[2m[WebServer] [22m[verifyAuth] User authenticated: e7f5ae65-376e-4d05-a18c-10a91295727a
[2m[WebServer] [22m[Middleware] Admin user data query result: { userData: { role: 'owner', status: 'active' }, userError: null }
[2m[WebServer] [22m[Middleware] Access granted for admin role: owner
[2m[WebServer] [22m[Middleware] Admin user data query result: { userData: { role: 'owner', status: 'active' }, userError: null }
[2m[WebServer] [22m[Middleware] Access granted for admin role: owner
[2m[WebServer] [22m GET /api/admin/home-page [32m200[39m in 735ms[2m (compile: 8ms, proxy.ts: 498ms, render: 228ms)[22m
[2m[WebServer] [22m GET /api/admin/content-pages [32m200[39m in 791ms[2m (compile: 2ms, proxy.ts: 314ms, render: 474ms)[22m
[2m[WebServer] [22m GET /admin/home-page [32m200[39m in 929ms[2m (compile: 3ms, proxy.ts: 750ms, render: 176ms)[22m
[2m[WebServer] [22m GET /admin/content-pages [32m200[39m in 947ms[2m (compile: 66ms, proxy.ts: 786ms, render: 94ms)[22m
[2m[WebServer] [22m[Middleware] User authenticated: e7f5ae65-376e-4d05-a18c-10a91295727a
[2m[WebServer] [22m[Middleware] Admin user data query result: { userData: { role: 'owner', status: 'active' }, userError: null }
[2m[WebServer] [22m[Middleware] Access granted for admin role: owner
[2m[WebServer] [22m[verifyAuth] User authenticated: e7f5ae65-376e-4d05-a18c-10a91295727a
[2m[WebServer] [22m[Middleware] User authenticated: e7f5ae65-376e-4d05-a18c-10a91295727a
[2m[WebServer] [22m[Middleware] User authenticated: e7f5ae65-376e-4d05-a18c-10a91295727a
[2m[WebServer] [22m[Middleware] Admin user data query result: { userData: { role: 'owner', status: 'active' }, userError: null }
[2m[WebServer] [22m[Middleware] Access granted for admin role: owner
[2m[WebServer] [22m[Middleware] Admin user data query result: { userData: { role: 'owner', status: 'active' }, userError: null }
[2m[WebServer] [22m[Middleware] Access granted for admin role: owner
[2m[WebServer] [22m GET /api/admin/content-pages [32m200[39m in 987ms[2m (compile: 93ms, proxy.ts: 454ms, render: 440ms)[22m
[2m[WebServer] [22m[verifyAuth] User authenticated: e7f5ae65-376e-4d05-a18c-10a91295727a
[2m[WebServer] [22m GET /api/admin/home-page [32m200[39m in 715ms[2m (compile: 3ms, proxy.ts: 522ms, render: 189ms)[22m
[2m[WebServer] [22m GET /api/admin/content-pages [32m200[39m in 786ms[2m (compile: 5ms, proxy.ts: 457ms, render: 324ms)[22m
[2m[WebServer] [22m[Middleware] User authenticated: e7f5ae65-376e-4d05-a18c-10a91295727a
[2m[WebServer] [22m[Middleware] Admin user data query result: { userData: { role: 'owner', status: 'active' }, userError: null }
[2m[WebServer] [22m[Middleware] Access granted for admin role: owner
[2m[WebServer] [22m[Middleware] User authenticated: e7f5ae65-376e-4d05-a18c-10a91295727a
[2m[WebServer] [22m[Middleware] Admin user data query result: { userData: { role: 'owner', status: 'active' }, userError: null }
[2m[WebServer] [22m[Middleware] Access granted for admin role: owner
[2m[WebServer] [22m PUT /api/admin/home-page [32m200[39m in 1469ms[2m (compile: 783ms, proxy.ts: 412ms, render: 274ms)[22m
  ✓   5 [chromium] › __tests__/e2e/admin/contentManagement.spec.ts:330:7 › Home Page Editing › should edit welcome message with rich text editor (6.0s)
[2m[WebServer] [22m[verifyAuth] User authenticated: e7f5ae65-376e-4d05-a18c-10a91295727a
[2m[WebServer] [22m[Middleware] User authenticated: e7f5ae65-376e-4d05-a18c-10a91295727a
[2m[WebServer] [22m GET /api/admin/sections/by-page/custom/5fca2542-f79b-4d93-ae05-27b292ea3eca [32m200[39m in 2.7s[2m (compile: 1912ms, proxy.ts: 404ms, render: 400ms)[22m
[2m[WebServer] [22m GET /custom/test-page-1770936141830 [32m200[39m in 1987ms[2m (compile: 1529ms, proxy.ts: 32ms, render: 426ms)[22m
[2m[WebServer] [22m[Middleware] Admin user data query result: { userData: { role: 'owner', status: 'active' }, userError: null }
[2m[WebServer] [22m[Middleware] Access granted for admin role: owner
  ✓   2 [chromium] › __tests__/e2e/admin/contentManagement.spec.ts:30:7 › Content Page Management › should complete full content page creation and publication flow (15.9s)
[2m[WebServer] [22m[Middleware] User authenticated: e7f5ae65-376e-4d05-a18c-10a91295727a
[2m[WebServer] [22m GET /admin/home-page [32m200[39m in 522ms[2m (compile: 9ms, proxy.ts: 440ms, render: 73ms)[22m
[2m[WebServer] [22m[Middleware] Admin user data query result: { userData: { role: 'owner', status: 'active' }, userError: null }
[2m[WebServer] [22m[Middleware] Access granted for admin role: owner
[2m[WebServer] [22m[Middleware] User authenticated: e7f5ae65-376e-4d05-a18c-10a91295727a
[2m[WebServer] [22m[verifyAuth] User authenticated: e7f5ae65-376e-4d05-a18c-10a91295727a
[2m[WebServer] [22m[Middleware] Admin user data query result: { userData: { role: 'owner', status: 'active' }, userError: null }
[2m[WebServer] [22m[Middleware] Access granted for admin role: owner
[2m[WebServer] [22m GET /api/admin/sections/by-page/custom/5fca2542-f79b-4d93-ae05-27b292ea3eca [32m200[39m in 661ms[2m (compile: 6ms, proxy.ts: 334ms, render: 320ms)[22m
[2m[WebServer] [22m GET /admin/home-page [32m200[39m in 419ms[2m (compile: 6ms, proxy.ts: 377ms, render: 36ms)[22m
[2m[WebServer] [22m[Middleware] User authenticated: e7f5ae65-376e-4d05-a18c-10a91295727a
[2m[WebServer] [22m[Middleware] User authenticated: e7f5ae65-376e-4d05-a18c-10a91295727a
[2m[WebServer] [22m[Middleware] User authenticated: e7f5ae65-376e-4d05-a18c-10a91295727a
[2m[WebServer] [22m[Middleware] Admin user data query result: { userData: { role: 'owner', status: 'active' }, userError: null }
[2m[WebServer] [22m[Middleware] Access granted for admin role: owner
[2m[WebServer] [22m[Middleware] Admin user data query result: { userData: { role: 'owner', status: 'active' }, userError: null }
[2m[WebServer] [22m[Middleware] Access granted for admin role: owner
[2m[WebServer] [22m[Middleware] Admin user data query result: { userData: { role: 'owner', status: 'active' }, userError: null }
[2m[WebServer] [22m[Middleware] Access granted for admin role: owner
[2m[WebServer] [22m GET /api/admin/home-page [32m200[39m in 595ms[2m (compile: 3ms, proxy.ts: 401ms, render: 191ms)[22m
[2m[WebServer] [22m GET /admin/home-page [32m200[39m in 739ms[2m (compile: 14ms, proxy.ts: 452ms, render: 273ms)[22m
[2m[WebServer] [22m GET /admin/content-pages [32m200[39m in 751ms[2m (compile: 59ms, proxy.ts: 450ms, render: 242ms)[22m
[2m[WebServer] [22m[Middleware] User authenticated: e7f5ae65-376e-4d05-a18c-10a91295727a
[2m[WebServer] [22m[Middleware] Admin user data query result: { userData: { role: 'owner', status: 'active' }, userError: null }
[2m[WebServer] [22m[Middleware] Access granted for admin role: owner
[2m[WebServer] [22m GET /api/admin/home-page [32m200[39m in 731ms[2m (compile: 2ms, proxy.ts: 562ms, render: 166ms)[22m
[2m[WebServer] [22m[Middleware] User authenticated: e7f5ae65-376e-4d05-a18c-10a91295727a
[2m[WebServer] [22m[Middleware] User authenticated: e7f5ae65-376e-4d05-a18c-10a91295727a
[2m[WebServer] [22m[Middleware] Admin user data query result: { userData: { role: 'owner', status: 'active' }, userError: null }
[2m[WebServer] [22m[Middleware] Access granted for admin role: owner
[2m[WebServer] [22m[Middleware] Admin user data query result: { userData: { role: 'owner', status: 'active' }, userError: null }
[2m[WebServer] [22m[Middleware] Access granted for admin role: owner
[2m[WebServer] [22m[verifyAuth] User authenticated: e7f5ae65-376e-4d05-a18c-10a91295727a
  ✓   6 [chromium] › __tests__/e2e/admin/contentManagement.spec.ts:375:7 › Home Page Editing › should handle API errors gracefully and disable fields while saving (3.2s)
[2m[WebServer] [22m GET /api/admin/home-page [32m200[39m in 606ms[2m (compile: 3ms, proxy.ts: 287ms, render: 317ms)[22m
[2m[WebServer] [22m GET /api/admin/content-pages [32m200[39m in 615ms[2m (compile: 8ms, proxy.ts: 289ms, render: 319ms)[22m
[2m[WebServer] [22m[Middleware] User authenticated: e7f5ae65-376e-4d05-a18c-10a91295727a
[2m[WebServer] [22m[Middleware] Admin user data query result: { userData: { role: 'owner', status: 'active' }, userError: null }
[2m[WebServer] [22m[Middleware] Access granted for admin role: owner
[2m[WebServer] [22m GET /admin/home-page [32m200[39m in 453ms[2m (compile: 3ms, proxy.ts: 408ms, render: 42ms)[22m
[2m[WebServer] [22m GET / [32m200[39m in 83ms[2m (compile: 17ms, proxy.ts: 16ms, render: 50ms)[22m
  ✓   3 [chromium] › __tests__/e2e/admin/contentManagement.spec.ts:177:7 › Content Page Management › should add and reorder sections with layout options (19.3s)
[2m[WebServer] [22m[Middleware] User authenticated: e7f5ae65-376e-4d05-a18c-10a91295727a
[2m[WebServer] [22m[Middleware] Admin user data query result: { userData: { role: 'owner', status: 'active' }, userError: null }
[2m[WebServer] [22m[Middleware] Access granted for admin role: owner
[2m[WebServer] [22m GET /admin/home-page [32m200[39m in 450ms[2m (compile: 2ms, proxy.ts: 413ms, render: 35ms)[22m
[2m[WebServer] [22m[Middleware] User authenticated: e7f5ae65-376e-4d05-a18c-10a91295727a
  ✓   7 [chromium] › __tests__/e2e/admin/contentManagement.spec.ts:414:7 › Home Page Editing › should preview home page in new tab (4.3s)
[2m[WebServer] [22m[Middleware] Admin user data query result: { userData: { role: 'owner', status: 'active' }, userError: null }
[2m[WebServer] [22m[Middleware] Access granted for admin role: owner
[2m[WebServer] [22m[Middleware] User authenticated: e7f5ae65-376e-4d05-a18c-10a91295727a
[2m[WebServer] [22m[Middleware] Admin user data query result: { userData: { role: 'owner', status: 'active' }, userError: null }
[2m[WebServer] [22m[Middleware] Access granted for admin role: owner
[2m[WebServer] [22m GET /api/admin/home-page [32m200[39m in 1004ms[2m (compile: 4ms, proxy.ts: 523ms, render: 477ms)[22m
[2m[WebServer] [22m GET /admin/home-page [32m200[39m in 474ms[2m (compile: 5ms, proxy.ts: 416ms, render: 54ms)[22m
  ✘   1 [chromium] › __tests__/e2e/admin/contentManagement.spec.ts:264:7 › Home Page Editing › should edit home page settings and save successfully (20.8s)
[2m[WebServer] [22m[Middleware] User authenticated: e7f5ae65-376e-4d05-a18c-10a91295727a
[2m[WebServer] [22m[Middleware] Admin user data query result: { userData: { role: 'owner', status: 'active' }, userError: null }
[2m[WebServer] [22m[Middleware] Access granted for admin role: owner
[2m[WebServer] [22m GET /api/admin/home-page [32m200[39m in 768ms[2m (compile: 4ms, proxy.ts: 609ms, render: 155ms)[22m
[2m[WebServer] [22m[Middleware] User authenticated: e7f5ae65-376e-4d05-a18c-10a91295727a
[2m[WebServer] [22m[Middleware] Admin user data query result: { userData: { role: 'owner', status: 'active' }, userError: null }
[2m[WebServer] [22m[Middleware] Access granted for admin role: owner
[2m[WebServer] [22m[Middleware] User authenticated: e7f5ae65-376e-4d05-a18c-10a91295727a
[dotenv@17.2.4] injecting env (0) from .env.e2e -- tip: 🔑 add access controls to secrets: https://dotenvx.com/ops
[2m[WebServer] [22m[Middleware] Admin user data query result: { userData: { role: 'owner', status: 'active' }, userError: null }
[2m[WebServer] [22m[Middleware] Access granted for admin role: owner
[2m[WebServer] [22m[verifyAuth] User authenticated: e7f5ae65-376e-4d05-a18c-10a91295727a
[2m[WebServer] [22m GET /api/admin/home-page [32m200[39m in 548ms[2m (compile: 2ms, proxy.ts: 366ms, render: 180ms)[22m
[2m[WebServer] [22m GET /api/admin/sections/by-page/home/home [32m200[39m in 700ms[2m (compile: 11ms, proxy.ts: 306ms, render: 383ms)[22m
[2m[WebServer] [22m[Middleware] User authenticated: e7f5ae65-376e-4d05-a18c-10a91295727a
[2m[WebServer] [22m[Middleware] User authenticated: e7f5ae65-376e-4d05-a18c-10a91295727a
[2m[WebServer] [22m[Middleware] Admin user data query result: { userData: { role: 'owner', status: 'active' }, userError: null }
[2m[WebServer] [22m[Middleware] Access granted for admin role: owner
[2m[WebServer] [22m[Middleware] User authenticated: e7f5ae65-376e-4d05-a18c-10a91295727a
[2m[WebServer] [22m[Middleware] Admin user data query result: { userData: { role: 'owner', status: 'active' }, userError: null }
[2m[WebServer] [22m[Middleware] Access granted for admin role: owner
[2m[WebServer] [22m GET /admin/home-page [32m200[39m in 412ms[2m (compile: 5ms, proxy.ts: 325ms, render: 81ms)[22m
[2m[WebServer] [22m[verifyAuth] User authenticated: e7f5ae65-376e-4d05-a18c-10a91295727a
[2m[WebServer] [22m[Middleware] Admin user data query result: { userData: { role: 'owner', status: 'active' }, userError: null }
[2m[WebServer] [22m[Middleware] Access granted for admin role: owner
[2m[WebServer] [22m GET /api/admin/sections/by-page/home/home [32m200[39m in 785ms[2m (compile: 6ms, proxy.ts: 450ms, render: 329ms)[22m
[2m[WebServer] [22m[verifyAuth] User authenticated: e7f5ae65-376e-4d05-a18c-10a91295727a
[2m[WebServer] [22m GET /api/admin/sections/by-page/home/home [32m200[39m in 708ms[2m (compile: 12ms, proxy.ts: 365ms, render: 331ms)[22m
[2m[WebServer] [22m[Middleware] User authenticated: e7f5ae65-376e-4d05-a18c-10a91295727a
[2m[WebServer] [22m[Middleware] User authenticated: e7f5ae65-376e-4d05-a18c-10a91295727a
[2m[WebServer] [22m[Middleware] Admin user data query result: { userData: { role: 'owner', status: 'active' }, userError: null }
[2m[WebServer] [22m[Middleware] Access granted for admin role: owner
[2m[WebServer] [22m[Middleware] Admin user data query result: { userData: { role: 'owner', status: 'active' }, userError: null }
[2m[WebServer] [22m[Middleware] Access granted for admin role: owner
[2m[WebServer] [22m[Middleware] User authenticated: e7f5ae65-376e-4d05-a18c-10a91295727a
[2m[WebServer] [22m[verifyAuth] User authenticated: e7f5ae65-376e-4d05-a18c-10a91295727a
[2m[WebServer] [22m[verifyAuth] User authenticated: e7f5ae65-376e-4d05-a18c-10a91295727a
[2m[WebServer] [22m[Middleware] Admin user data query result: { userData: { role: 'owner', status: 'active' }, userError: null }
[2m[WebServer] [22m[Middleware] Access granted for admin role: owner
[2m[WebServer] [22m GET /api/admin/sections/by-page/home/home [32m200[39m in 696ms[2m (compile: 19ms, proxy.ts: 364ms, render: 314ms)[22m
[2m[WebServer] [22m GET /api/admin/sections/by-page/home/home [32m200[39m in 650ms[2m (compile: 4ms, proxy.ts: 318ms, render: 328ms)[22m
[2m[WebServer] [22m GET /api/admin/home-page [32m200[39m in 481ms[2m (compile: 1429µs, proxy.ts: 304ms, render: 176ms)[22m
[2m[WebServer] [22m[Middleware] User authenticated: e7f5ae65-376e-4d05-a18c-10a91295727a
[2m[WebServer] [22m[Middleware] Admin user data query result: { userData: { role: 'owner', status: 'active' }, userError: null }
[2m[WebServer] [22m[Middleware] Access granted for admin role: owner
[2m[WebServer] [22m[Middleware] User authenticated: e7f5ae65-376e-4d05-a18c-10a91295727a
[2m[WebServer] [22m[verifyAuth] User authenticated: e7f5ae65-376e-4d05-a18c-10a91295727a
[2m[WebServer] [22m[Middleware] Admin user data query result: { userData: { role: 'owner', status: 'active' }, userError: null }
[2m[WebServer] [22m[Middleware] Access granted for admin role: owner
[2m[WebServer] [22m GET /api/admin/sections/by-page/home/home [32m200[39m in 706ms[2m (compile: 8ms, proxy.ts: 389ms, render: 309ms)[22m
[2m[WebServer] [22m PUT /api/admin/home-page [32m200[39m in 544ms[2m (compile: 1496µs, proxy.ts: 344ms, render: 198ms)[22m
[2m[WebServer] [22m[Middleware] User authenticated: e7f5ae65-376e-4d05-a18c-10a91295727a
[2m[WebServer] [22m[Middleware] Admin user data query result: { userData: { role: 'owner', status: 'active' }, userError: null }
[2m[WebServer] [22m[Middleware] Access granted for admin role: owner
[2m[WebServer] [22m GET /admin/home-page [32m200[39m in 551ms[2m (compile: 4ms, proxy.ts: 457ms, render: 89ms)[22m
[2m[WebServer] [22m[Middleware] User authenticated: e7f5ae65-376e-4d05-a18c-10a91295727a
[2m[WebServer] [22m[Middleware] Admin user data query result: { userData: { role: 'owner', status: 'active' }, userError: null }
[2m[WebServer] [22m[Middleware] Access granted for admin role: owner
[2m[WebServer] [22m[Middleware] User authenticated: e7f5ae65-376e-4d05-a18c-10a91295727a
[2m[WebServer] [22m[Middleware] Admin user data query result: { userData: { role: 'owner', status: 'active' }, userError: null }
[2m[WebServer] [22m[Middleware] Access granted for admin role: owner
[2m[WebServer] [22m[verifyAuth] User authenticated: e7f5ae65-376e-4d05-a18c-10a91295727a
[2m[WebServer] [22m GET /api/admin/home-page [32m200[39m in 537ms[2m (compile: 6ms, proxy.ts: 380ms, render: 151ms)[22m
[2m[WebServer] [22m POST /api/admin/sections [32m201[39m in 1515ms[2m (compile: 418ms, proxy.ts: 579ms, render: 517ms)[22m
  ✓  10 [chromium] › __tests__/e2e/admin/contentManagement.spec.ts:545:7 › Inline Section Editor › should delete section with confirmation (6.8s)
[2m[WebServer] [22m[Middleware] User authenticated: e7f5ae65-376e-4d05-a18c-10a91295727a
[2m[WebServer] [22m[Middleware] Admin user data query result: { userData: { role: 'owner', status: 'active' }, userError: null }
[2m[WebServer] [22m[Middleware] Access granted for admin role: owner
[2m[WebServer] [22m[Middleware] User authenticated: e7f5ae65-376e-4d05-a18c-10a91295727a
[2m[WebServer] [22m[Middleware] Admin user data query result: { userData: { role: 'owner', status: 'active' }, userError: null }
[2m[WebServer] [22m[Middleware] Access granted for admin role: owner
  ✓  11 [chromium] › __tests__/e2e/admin/contentManagement.spec.ts:264:7 › Home Page Editing › should edit home page settings and save successfully (retry #1) (5.4s)
[2m[WebServer] [22m[Middleware] User authenticated: e7f5ae65-376e-4d05-a18c-10a91295727a
[2m[WebServer] [22m GET /admin/home-page [32m200[39m in 455ms[2m (compile: 31ms, proxy.ts: 311ms, render: 112ms)[22m
[2m[WebServer] [22m[Middleware] Admin user data query result: { userData: { role: 'owner', status: 'active' }, userError: null }
[2m[WebServer] [22m[Middleware] Access granted for admin role: owner
[2m[WebServer] [22m[Middleware] User authenticated: e7f5ae65-376e-4d05-a18c-10a91295727a
[2m[WebServer] [22m[verifyAuth] User authenticated: e7f5ae65-376e-4d05-a18c-10a91295727a
[2m[WebServer] [22m[Middleware] Admin user data query result: { userData: { role: 'owner', status: 'active' }, userError: null }
[2m[WebServer] [22m[Middleware] Access granted for admin role: owner
[2m[WebServer] [22m GET /admin [32m200[39m in 492ms[2m (compile: 15ms, proxy.ts: 352ms, render: 124ms)[22m
[2m[WebServer] [22m POST /api/admin/sections [32m201[39m in 846ms[2m (compile: 1363µs, proxy.ts: 356ms, render: 488ms)[22m
[2m[WebServer] [22m[Middleware] User authenticated: e7f5ae65-376e-4d05-a18c-10a91295727a
[2m[WebServer] [22m[Middleware] User authenticated: e7f5ae65-376e-4d05-a18c-10a91295727a
[2m[WebServer] [22m[Middleware] User authenticated: e7f5ae65-376e-4d05-a18c-10a91295727a
[2m[WebServer] [22m[Middleware] Admin user data query result: { userData: { role: 'owner', status: 'active' }, userError: null }
[2m[WebServer] [22m[Middleware] Access granted for admin role: owner
[2m[WebServer] [22m[Middleware] Admin user data query result: { userData: { role: 'owner', status: 'active' }, userError: null }
[2m[WebServer] [22m[Middleware] Access granted for admin role: owner
[2m[WebServer] [22m[Middleware] Admin user data query result: { userData: { role: 'owner', status: 'active' }, userError: null }
[2m[WebServer] [22m[Middleware] Access granted for admin role: owner
[2m[WebServer] [22m GET /admin/home-page [32m200[39m in 532ms[2m (compile: 14ms, proxy.ts: 387ms, render: 132ms)[22m
[2m[WebServer] [22m GET /admin/home-page [32m200[39m in 534ms[2m (compile: 14ms, proxy.ts: 386ms, render: 134ms)[22m
[2m[WebServer] [22m GET /api/admin/home-page [32m200[39m in 689ms[2m (compile: 3ms, proxy.ts: 369ms, render: 318ms)[22m
[2m[WebServer] [22m[Middleware] User authenticated: e7f5ae65-376e-4d05-a18c-10a91295727a
[2m[WebServer] [22m[Middleware] User authenticated: e7f5ae65-376e-4d05-a18c-10a91295727a
[2m[WebServer] [22m[Middleware] User authenticated: e7f5ae65-376e-4d05-a18c-10a91295727a
[2m[WebServer] [22m[Middleware] Admin user data query result: { userData: { role: 'owner', status: 'active' }, userError: null }
[2m[WebServer] [22m[Middleware] Access granted for admin role: owner
[2m[WebServer] [22m[Middleware] Admin user data query result: { userData: { role: 'owner', status: 'active' }, userError: null }
[2m[WebServer] [22m[Middleware] Access granted for admin role: owner
[2m[WebServer] [22m[Middleware] Admin user data query result: { userData: { role: 'owner', status: 'active' }, userError: null }
[2m[WebServer] [22m[Middleware] Access granted for admin role: owner
[2m[WebServer] [22m[Middleware] User authenticated: e7f5ae65-376e-4d05-a18c-10a91295727a
[2m[WebServer] [22m[Middleware] User authenticated: e7f5ae65-376e-4d05-a18c-10a91295727a
[2m[WebServer] [22m[Middleware] Admin user data query result: { userData: { role: 'owner', status: 'active' }, userError: null }
[2m[WebServer] [22m[Middleware] Access granted for admin role: owner
[2m[WebServer] [22m[Middleware] Admin user data query result: { userData: { role: 'owner', status: 'active' }, userError: null }
[2m[WebServer] [22m[Middleware] Access granted for admin role: owner
[2m[WebServer] [22m GET /api/admin/metrics [32m200[39m in 2.6s[2m (compile: 9ms, proxy.ts: 362ms, render: 2.2s)[22m
[2m[WebServer] [22m GET /api/admin/alerts [32m200[39m in 2.6s[2m (compile: 2.0s, proxy.ts: 358ms, render: 220ms)[22m
[2m[WebServer] [22m[33m[1m⚠[22m[39m Fast Refresh had to perform a full reload. Read more: https://nextjs.org/docs/messages/fast-refresh-reload
[2m[WebServer] [22m GET /admin/events [32m200[39m in 2.7s[2m (compile: 2.0s, proxy.ts: 400ms, render: 254ms)[22m
[2m[WebServer] [22m[Middleware] User authenticated: e7f5ae65-376e-4d05-a18c-10a91295727a
[2m[WebServer] [22m GET /api/admin/home-page [32m200[39m in 2.5s[2m (compile: 1570ms, proxy.ts: 492ms, render: 486ms)[22m
[2m[WebServer] [22m GET /api/admin/home-page [32m200[39m in 2.6s[2m (compile: 1572ms, proxy.ts: 494ms, render: 496ms)[22m
[2m[WebServer] [22m[Middleware] Admin user data query result: { userData: { role: 'owner', status: 'active' }, userError: null }
[2m[WebServer] [22m[Middleware] Access granted for admin role: owner
[2m[WebServer] [22m[verifyAuth] User authenticated: e7f5ae65-376e-4d05-a18c-10a91295727a
[2m[WebServer] [22m[Middleware] User authenticated: e7f5ae65-376e-4d05-a18c-10a91295727a
[2m[WebServer] [22m GET /api/admin/sections/by-page/home/home [32m200[39m in 1288ms[2m (compile: 13ms, proxy.ts: 952ms, render: 324ms)[22m
[2m[WebServer] [22m[Middleware] User authenticated: e7f5ae65-376e-4d05-a18c-10a91295727a
[2m[WebServer] [22m[Middleware] User authenticated: e7f5ae65-376e-4d05-a18c-10a91295727a
[2m[WebServer] [22m[Middleware] Admin user data query result: { userData: { role: 'owner', status: 'active' }, userError: null }
[2m[WebServer] [22m[Middleware] Access granted for admin role: owner
[2m[WebServer] [22m GET /admin/home-page [32m200[39m in 496ms[2m (compile: 43ms, proxy.ts: 400ms, render: 53ms)[22m
[2m[WebServer] [22m[Middleware] Admin user data query result: { userData: { role: 'owner', status: 'active' }, userError: null }
[2m[WebServer] [22m[Middleware] Access granted for admin role: owner
[2m[WebServer] [22m[Middleware] Admin user data query result: { userData: { role: 'owner', status: 'active' }, userError: null }
[2m[WebServer] [22m[Middleware] Access granted for admin role: owner
[2m[WebServer] [22m[Middleware] User authenticated: e7f5ae65-376e-4d05-a18c-10a91295727a
[2m[WebServer] [22m[Middleware] User authenticated: e7f5ae65-376e-4d05-a18c-10a91295727a
[2m[WebServer] [22m[Middleware] User authenticated: e7f5ae65-376e-4d05-a18c-10a91295727a
[2m[WebServer] [22m GET /admin/home-page [32m200[39m in 650ms[2m (compile: 3ms, proxy.ts: 540ms, render: 108ms)[22m
[2m[WebServer] [22m GET /admin/home-page [32m200[39m in 699ms[2m (compile: 25ms, proxy.ts: 565ms, render: 108ms)[22m
[2m[WebServer] [22m[Middleware] Admin user data query result: { userData: { role: 'owner', status: 'active' }, userError: null }
[2m[WebServer] [22m[Middleware] Access granted for admin role: owner
[2m[WebServer] [22m[Middleware] Admin user data query result: { userData: { role: 'owner', status: 'active' }, userError: null }
[2m[WebServer] [22m[Middleware] Access granted for admin role: owner
[2m[WebServer] [22m[Middleware] Admin user data query result: { userData: { role: 'owner', status: 'active' }, userError: null }
[2m[WebServer] [22m[Middleware] Access granted for admin role: owner
[2m[WebServer] [22m GET /api/admin/events [32m200[39m in 2.1s[2m (compile: 1426ms, proxy.ts: 501ms, render: 221ms)[22m
[2m[WebServer] [22m GET /api/admin/locations [32m200[39m in 2.2s[2m (compile: 1428ms, proxy.ts: 500ms, render: 241ms)[22m
[2m[WebServer] [22m[Middleware] User authenticated: e7f5ae65-376e-4d05-a18c-10a91295727a
[2m[WebServer] [22m[Middleware] User authenticated: e7f5ae65-376e-4d05-a18c-10a91295727a
[2m[WebServer] [22m[Middleware] Admin user data query result: { userData: { role: 'owner', status: 'active' }, userError: null }
[2m[WebServer] [22m[Middleware] Access granted for admin role: owner
[2m[WebServer] [22m[Middleware] Admin user data query result: { userData: { role: 'owner', status: 'active' }, userError: null }
[2m[WebServer] [22m[Middleware] Access granted for admin role: owner
[2m[WebServer] [22m[Middleware] User authenticated: e7f5ae65-376e-4d05-a18c-10a91295727a
[2m[WebServer] [22m[Middleware] User authenticated: e7f5ae65-376e-4d05-a18c-10a91295727a
[2m[WebServer] [22m[Middleware] Admin user data query result: { userData: { role: 'owner', status: 'active' }, userError: null }
[2m[WebServer] [22m[Middleware] Access granted for admin role: owner
[2m[WebServer] [22m GET /api/admin/home-page [32m200[39m in 570ms[2m (compile: 5ms, proxy.ts: 378ms, render: 187ms)[22m
[2m[WebServer] [22m GET /admin/events [32m200[39m in 546ms[2m (compile: 34ms, proxy.ts: 322ms, render: 191ms)[22m
[2m[WebServer] [22m[Middleware] Admin user data query result: { userData: { role: 'owner', status: 'active' }, userError: null }
[2m[WebServer] [22m[Middleware] Access granted for admin role: owner
[2m[WebServer] [22m GET /api/admin/home-page [32m200[39m in 660ms[2m (compile: 23ms, proxy.ts: 472ms, render: 165ms)[22m
[2m[WebServer] [22m GET /api/admin/home-page [32m200[39m in 554ms[2m (compile: 4ms, proxy.ts: 400ms, render: 151ms)[22m
[2m[WebServer] [22m[Middleware] User authenticated: e7f5ae65-376e-4d05-a18c-10a91295727a
[2m[WebServer] [22m[Middleware] User authenticated: e7f5ae65-376e-4d05-a18c-10a91295727a
[2m[WebServer] [22m[Middleware] Admin user data query result: { userData: { role: 'owner', status: 'active' }, userError: null }
[2m[WebServer] [22m[Middleware] Access granted for admin role: owner
[2m[WebServer] [22m[Middleware] Admin user data query result: { userData: { role: 'owner', status: 'active' }, userError: null }
[2m[WebServer] [22m[Middleware] Access granted for admin role: owner
[2m[WebServer] [22m GET /api/admin/events [32m200[39m in 553ms[2m (compile: 2ms, proxy.ts: 371ms, render: 180ms)[22m
[2m[WebServer] [22m GET /api/admin/locations [32m200[39m in 559ms[2m (compile: 6ms, proxy.ts: 381ms, render: 172ms)[22m
  ✘   8 [chromium] › __tests__/e2e/admin/contentManagement.spec.ts:442:7 › Inline Section Editor › should toggle inline section editor and add sections (19.0s)
[dotenv@17.2.4] injecting env (0) from .env.e2e -- tip: ⚙️  load multiple .env files with { path: ['.env.local', '.env'] }
  ✘   9 [chromium] › __tests__/e2e/admin/contentManagement.spec.ts:488:7 › Inline Section Editor › should edit section content and toggle layout (19.0s)
[2m[WebServer] [22m[Middleware] User authenticated: e7f5ae65-376e-4d05-a18c-10a91295727a
[2m[WebServer] [22m[Middleware] Admin user data query result: { userData: { role: 'owner', status: 'active' }, userError: null }
[2m[WebServer] [22m[Middleware] Access granted for admin role: owner
[dotenv@17.2.4] injecting env (0) from .env.e2e -- tip: ⚙️  write to custom object with { processEnv: myObject }
[2m[WebServer] [22m GET /admin/home-page [32m200[39m in 399ms[2m (compile: 10ms, proxy.ts: 351ms, render: 39ms)[22m
[2m[WebServer] [22m[Middleware] User authenticated: e7f5ae65-376e-4d05-a18c-10a91295727a
[2m[WebServer] [22m[Middleware] Admin user data query result: { userData: { role: 'owner', status: 'active' }, userError: null }
[2m[WebServer] [22m[Middleware] Access granted for admin role: owner
[2m[WebServer] [22m GET /admin/home-page [32m200[39m in 529ms[2m (compile: 2ms, proxy.ts: 499ms, render: 29ms)[22m
[2m[WebServer] [22m[Middleware] User authenticated: e7f5ae65-376e-4d05-a18c-10a91295727a
[2m[WebServer] [22m[Middleware] Admin user data query result: { userData: { role: 'owner', status: 'active' }, userError: null }
[2m[WebServer] [22m[Middleware] Access granted for admin role: owner
[2m[WebServer] [22m GET /api/admin/home-page [32m200[39m in 624ms[2m (compile: 1514µs, proxy.ts: 350ms, render: 273ms)[22m
[2m[WebServer] [22m[Middleware] User authenticated: e7f5ae65-376e-4d05-a18c-10a91295727a
[2m[WebServer] [22m[Middleware] Admin user data query result: { userData: { role: 'owner', status: 'active' }, userError: null }
[2m[WebServer] [22m[Middleware] Access granted for admin role: owner
[2m[WebServer] [22m GET /api/admin/home-page [32m200[39m in 481ms[2m (compile: 1372µs, proxy.ts: 285ms, render: 195ms)[22m
[2m[WebServer] [22m[Middleware] User authenticated: e7f5ae65-376e-4d05-a18c-10a91295727a
[2m[WebServer] [22m[Middleware] User authenticated: e7f5ae65-376e-4d05-a18c-10a91295727a
[2m[WebServer] [22m[Middleware] Admin user data query result: { userData: { role: 'owner', status: 'active' }, userError: null }
[2m[WebServer] [22m[Middleware] Access granted for admin role: owner
[2m[WebServer] [22m[Middleware] Admin user data query result: { userData: { role: 'owner', status: 'active' }, userError: null }
[2m[WebServer] [22m[Middleware] Access granted for admin role: owner
[2m[WebServer] [22m[verifyAuth] User authenticated: e7f5ae65-376e-4d05-a18c-10a91295727a
[2m[WebServer] [22m[verifyAuth] User authenticated: e7f5ae65-376e-4d05-a18c-10a91295727a
[2m[WebServer] [22m GET /api/admin/sections/by-page/home/home [32m200[39m in 698ms[2m (compile: 12ms, proxy.ts: 390ms, render: 296ms)[22m
[2m[WebServer] [22m GET /api/admin/sections/by-page/home/home [32m200[39m in 616ms[2m (compile: 2ms, proxy.ts: 311ms, render: 302ms)[22m
[2m[WebServer] [22m[Middleware] User authenticated: e7f5ae65-376e-4d05-a18c-10a91295727a
[2m[WebServer] [22m[Middleware] User authenticated: e7f5ae65-376e-4d05-a18c-10a91295727a
[2m[WebServer] [22m[Middleware] Admin user data query result: { userData: { role: 'owner', status: 'active' }, userError: null }
[2m[WebServer] [22m[Middleware] Access granted for admin role: owner
[2m[WebServer] [22m[Middleware] Admin user data query result: { userData: { role: 'owner', status: 'active' }, userError: null }
[2m[WebServer] [22m[Middleware] Access granted for admin role: owner
[2m[WebServer] [22m[verifyAuth] User authenticated: e7f5ae65-376e-4d05-a18c-10a91295727a
[2m[WebServer] [22m[verifyAuth] User authenticated: e7f5ae65-376e-4d05-a18c-10a91295727a
[2m[WebServer] [22m GET /api/admin/sections/by-page/home/home [32m200[39m in 650ms[2m (compile: 8ms, proxy.ts: 302ms, render: 339ms)[22m
[2m[WebServer] [22m GET /api/admin/sections/by-page/home/home [32m200[39m in 660ms[2m (compile: 3ms, proxy.ts: 347ms, render: 310ms)[22m
[2m[WebServer] [22m[Middleware] User authenticated: e7f5ae65-376e-4d05-a18c-10a91295727a
[2m[WebServer] [22m[Middleware] Admin user data query result: { userData: { role: 'owner', status: 'active' }, userError: null }
[2m[WebServer] [22m[Middleware] Access granted for admin role: owner
[2m[WebServer] [22m[verifyAuth] User authenticated: e7f5ae65-376e-4d05-a18c-10a91295727a
[2m[WebServer] [22m POST /api/admin/sections [32m201[39m in 832ms[2m (compile: 5ms, proxy.ts: 362ms, render: 466ms)[22m
  ✓  15 [chromium] › __tests__/e2e/admin/contentManagement.spec.ts:488:7 › Inline Section Editor › should edit section content and toggle layout (retry #1) (7.6s)
[2m[WebServer] [22m[Middleware] User authenticated: e7f5ae65-376e-4d05-a18c-10a91295727a
[2m[WebServer] [22m[Middleware] Admin user data query result: { userData: { role: 'owner', status: 'active' }, userError: null }
[2m[WebServer] [22m[Middleware] Access granted for admin role: owner
[2m[WebServer] [22m GET /admin [32m200[39m in 432ms[2m (compile: 21ms, proxy.ts: 346ms, render: 65ms)[22m
[2m[WebServer] [22m[Middleware] User authenticated: e7f5ae65-376e-4d05-a18c-10a91295727a
[2m[WebServer] [22m[Middleware] Admin user data query result: { userData: { role: 'owner', status: 'active' }, userError: null }
[2m[WebServer] [22m[Middleware] Access granted for admin role: owner
[2m[WebServer] [22m[verifyAuth] User authenticated: e7f5ae65-376e-4d05-a18c-10a91295727a
[2m[WebServer] [22m[Middleware] User authenticated: e7f5ae65-376e-4d05-a18c-10a91295727a
[2m[WebServer] [22m[Middleware] User authenticated: e7f5ae65-376e-4d05-a18c-10a91295727a
[2m[WebServer] [22m[Middleware] User authenticated: e7f5ae65-376e-4d05-a18c-10a91295727a
[2m[WebServer] [22m[Middleware] Admin user data query result: { userData: { role: 'owner', status: 'active' }, userError: null }
[2m[WebServer] [22m[Middleware] Access granted for admin role: owner
[2m[WebServer] [22m[Middleware] Admin user data query result: { userData: { role: 'owner', status: 'active' }, userError: null }
[2m[WebServer] [22m[Middleware] Access granted for admin role: owner
[2m[WebServer] [22m[Middleware] Admin user data query result: { userData: { role: 'owner', status: 'active' }, userError: null }
[2m[WebServer] [22m[Middleware] Access granted for admin role: owner
[2m[WebServer] [22m POST /api/admin/sections [32m201[39m in 838ms[2m (compile: 1415µs, proxy.ts: 281ms, render: 555ms)[22m
[2m[WebServer] [22m GET /api/admin/metrics [32m200[39m in 486ms[2m (compile: 6ms, proxy.ts: 427ms, render: 53ms)[22m
[2m[WebServer] [22m GET /admin/content-pages [32m200[39m in 560ms[2m (compile: 23ms, proxy.ts: 456ms, render: 82ms)[22m
  ✓  14 [chromium] › __tests__/e2e/admin/contentManagement.spec.ts:442:7 › Inline Section Editor › should toggle inline section editor and add sections (retry #1) (10.2s)
[2m[WebServer] [22m[Middleware] User authenticated: e7f5ae65-376e-4d05-a18c-10a91295727a
  ✓  16 [chromium] › __tests__/e2e/admin/contentManagement.spec.ts:780:7 › Event References › should search and filter events in reference lookup (2.2s)
[2m[WebServer] [22m[Middleware] Admin user data query result: { userData: { role: 'owner', status: 'active' }, userError: null }
[2m[WebServer] [22m[Middleware] Access granted for admin role: owner
[2m[WebServer] [22m GET /admin/content-pages [32m200[39m in 376ms[2m (compile: 2ms, proxy.ts: 341ms, render: 32ms)[22m
[2m[WebServer] [22m[Middleware] User authenticated: e7f5ae65-376e-4d05-a18c-10a91295727a
[2m[WebServer] [22m[Middleware] User authenticated: e7f5ae65-376e-4d05-a18c-10a91295727a
[2m[WebServer] [22m[Middleware] Admin user data query result: { userData: { role: 'owner', status: 'active' }, userError: null }
[2m[WebServer] [22m[Middleware] Access granted for admin role: owner
[2m[WebServer] [22m[Middleware] Admin user data query result: { userData: { role: 'owner', status: 'active' }, userError: null }
[2m[WebServer] [22m[Middleware] Access granted for admin role: owner
[2m[WebServer] [22m GET /admin/content-pages [32m200[39m in 515ms[2m (compile: 2ms, proxy.ts: 464ms, render: 49ms)[22m
  ✓  17 [chromium] › __tests__/e2e/admin/contentManagement.spec.ts:848:7 › Content Management Accessibility › should have proper keyboard navigation in content pages (1.1s)
[2m[WebServer] [22m[Middleware] User authenticated: e7f5ae65-376e-4d05-a18c-10a91295727a
[2m[WebServer] [22m[Middleware] User authenticated: e7f5ae65-376e-4d05-a18c-10a91295727a
[2m[WebServer] [22m[Middleware] Admin user data query result: { userData: { role: 'owner', status: 'active' }, userError: null }
[2m[WebServer] [22m[Middleware] Access granted for admin role: owner
[2m[WebServer] [22m[Middleware] Admin user data query result: { userData: { role: 'owner', status: 'active' }, userError: null }
[2m[WebServer] [22m[Middleware] Access granted for admin role: owner
[2m[WebServer] [22m GET /admin/home-page [32m200[39m in 372ms[2m (compile: 1902µs, proxy.ts: 320ms, render: 50ms)[22m
  ✓  18 [chromium] › __tests__/e2e/admin/contentManagement.spec.ts:861:7 › Content Management Accessibility › should have proper ARIA labels and form labels (1.3s)
[2m[WebServer] [22m[Middleware] User authenticated: e7f5ae65-376e-4d05-a18c-10a91295727a
[2m[WebServer] [22m[Middleware] Admin user data query result: { userData: { role: 'owner', status: 'active' }, userError: null }
[2m[WebServer] [22m[Middleware] Access granted for admin role: owner
[2m[WebServer] [22m[Middleware] User authenticated: e7f5ae65-376e-4d05-a18c-10a91295727a
  ✘  12 [chromium] › __tests__/e2e/admin/contentManagement.spec.ts:585:7 › Inline Section Editor › should add photo gallery and reference blocks to sections (23.7s)
[2m[WebServer] [22m[Middleware] Admin user data query result: { userData: { role: 'owner', status: 'active' }, userError: null }
[2m[WebServer] [22m[Middleware] Access granted for admin role: owner
[2m[WebServer] [22m GET /admin/content-pages [32m200[39m in 522ms[2m (compile: 9ms, proxy.ts: 420ms, render: 93ms)[22m
[2m[WebServer] [22m[Middleware] User authenticated: e7f5ae65-376e-4d05-a18c-10a91295727a
[2m[WebServer] [22m[Middleware] Admin user data query result: { userData: { role: 'owner', status: 'active' }, userError: null }
[2m[WebServer] [22m[Middleware] Access granted for admin role: owner
[2m[WebServer] [22m GET /api/admin/home-page [32m200[39m in 664ms[2m (compile: 2ms, proxy.ts: 359ms, render: 302ms)[22m
[dotenv@17.2.4] injecting env (0) from .env.e2e -- tip: ⚙️  override existing env vars with { override: true }
  ✓  20 [chromium] › __tests__/e2e/admin/contentManagement.spec.ts:893:7 › Content Management Accessibility › should have keyboard navigation in reference lookup (1.4s)
[2m[WebServer] [22m[Middleware] User authenticated: e7f5ae65-376e-4d05-a18c-10a91295727a
[2m[WebServer] [22m[Middleware] Admin user data query result: { userData: { role: 'owner', status: 'active' }, userError: null }
[2m[WebServer] [22m[Middleware] Access granted for admin role: owner
[2m[WebServer] [22m[Middleware] User authenticated: e7f5ae65-376e-4d05-a18c-10a91295727a
  ✓  19 [chromium] › __tests__/e2e/admin/contentManagement.spec.ts:881:7 › Content Management Accessibility › should have proper keyboard navigation in home page editor (2.5s)
[2m[WebServer] [22m[Middleware] Admin user data query result: { userData: { role: 'owner', status: 'active' }, userError: null }
[2m[WebServer] [22m[Middleware] Access granted for admin role: owner
[2m[WebServer] [22m GET /admin/home-page [32m200[39m in 574ms[2m (compile: 5ms, proxy.ts: 527ms, render: 42ms)[22m
Event creation API response not detected, continuing...
[2m[WebServer] [22m[Middleware] User authenticated: e7f5ae65-376e-4d05-a18c-10a91295727a
[2m[WebServer] [22m[Middleware] Admin user data query result: { userData: { role: 'owner', status: 'active' }, userError: null }
[2m[WebServer] [22m[Middleware] Access granted for admin role: owner
[2m[WebServer] [22m GET /api/admin/home-page [32m200[39m in 585ms[2m (compile: 1513µs, proxy.ts: 438ms, render: 146ms)[22m
[2m[WebServer] [22m[Middleware] User authenticated: e7f5ae65-376e-4d05-a18c-10a91295727a
[2m[WebServer] [22m[Middleware] Admin user data query result: { userData: { role: 'owner', status: 'active' }, userError: null }
[2m[WebServer] [22m[Middleware] Access granted for admin role: owner
[2m[WebServer] [22m[verifyAuth] User authenticated: e7f5ae65-376e-4d05-a18c-10a91295727a
[2m[WebServer] [22m GET /api/admin/sections/by-page/home/home [32m200[39m in 793ms[2m (compile: 10ms, proxy.ts: 331ms, render: 452ms)[22m
[2m[WebServer] [22m[Middleware] User authenticated: e7f5ae65-376e-4d05-a18c-10a91295727a
[2m[WebServer] [22m[Middleware] Admin user data query result: { userData: { role: 'owner', status: 'active' }, userError: null }
[2m[WebServer] [22m[Middleware] Access granted for admin role: owner
[2m[WebServer] [22m[verifyAuth] User authenticated: e7f5ae65-376e-4d05-a18c-10a91295727a
[2m[WebServer] [22m GET /api/admin/sections/by-page/home/home [32m200[39m in 639ms[2m (compile: 12ms, proxy.ts: 316ms, render: 310ms)[22m
[2m[WebServer] [22m[Middleware] User authenticated: e7f5ae65-376e-4d05-a18c-10a91295727a
[2m[WebServer] [22m[Middleware] Admin user data query result: { userData: { role: 'owner', status: 'active' }, userError: null }
[2m[WebServer] [22m[Middleware] Access granted for admin role: owner
[2m[WebServer] [22m[verifyAuth] User authenticated: e7f5ae65-376e-4d05-a18c-10a91295727a
[2m[WebServer] [22m POST /api/admin/sections [32m201[39m in 856ms[2m (compile: 4ms, proxy.ts: 416ms, render: 435ms)[22m
[2m[WebServer] [22m[Middleware] User authenticated: e7f5ae65-376e-4d05-a18c-10a91295727a
  ✓  21 [chromium] › __tests__/e2e/admin/contentManagement.spec.ts:585:7 › Inline Section Editor › should add photo gallery and reference blocks to sections (retry #1) (10.4s)
[2m[WebServer] [22m[Middleware] User authenticated: e7f5ae65-376e-4d05-a18c-10a91295727a
[2m[WebServer] [22m[Middleware] Admin user data query result: { userData: { role: 'owner', status: 'active' }, userError: null }
[2m[WebServer] [22m[Middleware] Access granted for admin role: owner
[2m[WebServer] [22m[Middleware] Admin user data query result: { userData: { role: 'owner', status: 'active' }, userError: null }
[2m[WebServer] [22m[Middleware] Access granted for admin role: owner
  ✘  13 [chromium] › __tests__/e2e/admin/contentManagement.spec.ts:640:7 › Event References › should create event and add as reference to content page (36.7s)
[dotenv@17.2.4] injecting env (0) from .env.e2e -- tip: 🛠️  run anywhere with `dotenvx run -- yourcommand`
[2m[WebServer] [22m[Middleware] User authenticated: e7f5ae65-376e-4d05-a18c-10a91295727a
[2m[WebServer] [22m[Middleware] Admin user data query result: { userData: { role: 'owner', status: 'active' }, userError: null }
[2m[WebServer] [22m[Middleware] Access granted for admin role: owner
[2m[WebServer] [22m GET /admin [32m200[39m in 355ms[2m (compile: 7ms, proxy.ts: 293ms, render: 55ms)[22m
[2m[WebServer] [22m[Middleware] User authenticated: e7f5ae65-376e-4d05-a18c-10a91295727a
[2m[WebServer] [22m[Middleware] User authenticated: e7f5ae65-376e-4d05-a18c-10a91295727a
[2m[WebServer] [22m[Middleware] Admin user data query result: { userData: { role: 'owner', status: 'active' }, userError: null }
[2m[WebServer] [22m[Middleware] Access granted for admin role: owner
[2m[WebServer] [22m[Middleware] Admin user data query result: { userData: { role: 'owner', status: 'active' }, userError: null }
[2m[WebServer] [22m[Middleware] Access granted for admin role: owner
[2m[WebServer] [22m[Middleware] User authenticated: e7f5ae65-376e-4d05-a18c-10a91295727a
[2m[WebServer] [22m[Middleware] Admin user data query result: { userData: { role: 'owner', status: 'active' }, userError: null }
[2m[WebServer] [22m[Middleware] Access granted for admin role: owner
[2m[WebServer] [22m GET /api/admin/metrics [32m200[39m in 708ms[2m (compile: 9ms, proxy.ts: 413ms, render: 286ms)[22m
[2m[WebServer] [22m GET /api/admin/alerts [32m200[39m in 709ms[2m (compile: 15ms, proxy.ts: 419ms, render: 275ms)[22m
[2m[WebServer] [22m GET /admin/events [32m200[39m in 684ms[2m (compile: 5ms, proxy.ts: 597ms, render: 82ms)[22m
[2m[WebServer] [22m[Middleware] User authenticated: e7f5ae65-376e-4d05-a18c-10a91295727a
[2m[WebServer] [22m[Middleware] User authenticated: e7f5ae65-376e-4d05-a18c-10a91295727a
[2m[WebServer] [22m[Middleware] Admin user data query result: { userData: { role: 'owner', status: 'active' }, userError: null }
[2m[WebServer] [22m[Middleware] Access granted for admin role: owner
[2m[WebServer] [22m[Middleware] Admin user data query result: { userData: { role: 'owner', status: 'active' }, userError: null }
[2m[WebServer] [22m[Middleware] Access granted for admin role: owner
[2m[WebServer] [22m GET /api/admin/locations [32m200[39m in 527ms[2m (compile: 1333µs, proxy.ts: 383ms, render: 143ms)[22m
[2m[WebServer] [22m GET /api/admin/events [32m200[39m in 647ms[2m (compile: 1312µs, proxy.ts: 399ms, render: 247ms)[22m
Event creation API response not detected, continuing...
  ✘  22 [chromium] › __tests__/e2e/admin/contentManagement.spec.ts:640:7 › Event References › should create event and add as reference to content page (retry #1) (30.0s)

🧹 E2E Global Teardown Starting...

🗑️  Cleaning up test data...
🧹 Running comprehensive test cleanup...
✅ Comprehensive cleanup complete
✅ Test data cleaned

🔓 Keeping authentication state for debugging...
   Auth files preserved in .auth/ directory
   Run "rm -rf .auth" to clean up manually

📊 Execution Summary:
   Duration: 2.73s
   Errors: 0
   Status: ✅ Clean teardown

✨ E2E Global Teardown Complete!



  1) [chromium] › __tests__/e2e/admin/contentManagement.spec.ts:640:7 › Event References › should create event and add as reference to content page 

    Error: [2mexpect([22m[31mlocator[39m[2m).not.[22mtoBeVisible[2m([22m[2m)[22m failed

    Locator:  locator('input[name="name"], input[placeholder*="name" i], input#name').first()
    Expected: not visible
    Received: visible
    Timeout:  10000ms

    Call log:
    [2m  - Expect "not toBeVisible" with timeout 10000ms[22m
    [2m  - waiting for locator('input[name="name"], input[placeholder*="name" i], input#name').first()[22m
    [2m    14 × locator resolved to <input value="" type="text" required="" name="name" id="field-name" aria-required="true" aria-invalid="false" placeholder="Enter event name" class="w-full px-3 py-2 border rounded-lg transition-colors focus:outline-none focus:ring-2 focus:ring-green-500 border-gray-300"/>[22m
    [2m       - unexpected value "visible"[22m


      722 |     
      723 |     // Wait for form to close (indicates successful creation)
    > 724 |     await expect(nameInput).not.toBeVisible({ timeout: 10000 });
          |                                 ^
      725 |     
      726 |     // Wait for page to refresh and list to update
      727 |     await page.waitForLoadState('networkidle');
        at /Users/jaron/Desktop/wedding-platform-v2/__tests__/e2e/admin/contentManagement.spec.ts:724:33

    attachment #1: screenshot (image/png) ──────────────────────────────────────────────────────────
    test-results/admin-contentManagement-Ev-e6ce0-s-reference-to-content-page-chromium/test-failed-1.png
    ────────────────────────────────────────────────────────────────────────────────────────────────

    attachment #2: video (video/webm) ──────────────────────────────────────────────────────────────
    test-results/admin-contentManagement-Ev-e6ce0-s-reference-to-content-page-chromium/video.webm
    ────────────────────────────────────────────────────────────────────────────────────────────────

    Error Context: test-results/admin-contentManagement-Ev-e6ce0-s-reference-to-content-page-chromium/error-context.md

    Retry #1 ───────────────────────────────────────────────────────────────────────────────────────

    Error: [2mexpect([22m[31mlocator[39m[2m).not.[22mtoBeVisible[2m([22m[2m)[22m failed

    Locator:  locator('input[name="name"], input[placeholder*="name" i], input#name').first()
    Expected: not visible
    Received: visible
    Timeout:  10000ms

    Call log:
    [2m  - Expect "not toBeVisible" with timeout 10000ms[22m
    [2m  - waiting for locator('input[name="name"], input[placeholder*="name" i], input#name').first()[22m
    [2m    14 × locator resolved to <input type="text" required="" name="name" id="field-name" aria-required="true" aria-invalid="false" placeholder="Enter event name" value="Test Event 1770936203742" class="w-full px-3 py-2 border rounded-lg transition-colors focus:outline-none focus:ring-2 focus:ring-green-500 border-gray-300"/>[22m
    [2m       - unexpected value "visible"[22m


      722 |     
      723 |     // Wait for form to close (indicates successful creation)
    > 724 |     await expect(nameInput).not.toBeVisible({ timeout: 10000 });
          |                                 ^
      725 |     
      726 |     // Wait for page to refresh and list to update
      727 |     await page.waitForLoadState('networkidle');
        at /Users/jaron/Desktop/wedding-platform-v2/__tests__/e2e/admin/contentManagement.spec.ts:724:33

    attachment #1: screenshot (image/png) ──────────────────────────────────────────────────────────
    test-results/admin-contentManagement-Ev-e6ce0-s-reference-to-content-page-chromium-retry1/test-failed-1.png
    ────────────────────────────────────────────────────────────────────────────────────────────────

    attachment #2: video (video/webm) ──────────────────────────────────────────────────────────────
    test-results/admin-contentManagement-Ev-e6ce0-s-reference-to-content-page-chromium-retry1/video.webm
    ────────────────────────────────────────────────────────────────────────────────────────────────

    Error Context: test-results/admin-contentManagement-Ev-e6ce0-s-reference-to-content-page-chromium-retry1/error-context.md

    attachment #4: trace (application/zip) ─────────────────────────────────────────────────────────
    test-results/admin-contentManagement-Ev-e6ce0-s-reference-to-content-page-chromium-retry1/trace.zip
    Usage:

        npx playwright show-trace test-results/admin-contentManagement-Ev-e6ce0-s-reference-to-content-page-chromium-retry1/trace.zip

    ────────────────────────────────────────────────────────────────────────────────────────────────

  2) [chromium] › __tests__/e2e/admin/contentManagement.spec.ts:264:7 › Home Page Editing › should edit home page settings and save successfully 

    Error: [2mexpect([22m[31mlocator[39m[2m).[22mtoBeVisible[2m([22m[2m)[22m failed

    Locator: locator('text=/Last saved:/i').first()
    Expected: visible
    Timeout: 10000ms
    Error: element(s) not found

    Call log:
    [2m  - Expect "toBeVisible" with timeout 10000ms[22m
    [2m  - waiting for locator('text=/Last saved:/i').first()[22m
    [2m    - waiting for" http://localhost:3000/admin/home-page" navigation to finish...[22m
    [2m    - navigated to "http://localhost:3000/admin/home-page"[22m


      308 |     // Wait for "Last saved:" text to appear (indicates successful save)
      309 |     const lastSavedText = page.locator('text=/Last saved:/i').first();
    > 310 |     await expect(lastSavedText).toBeVisible({ timeout: 10000 });
          |                                 ^
      311 |     
      312 |     // Verify persistence by reloading
      313 |     await page.reload({ waitUntil: 'networkidle' });
        at /Users/jaron/Desktop/wedding-platform-v2/__tests__/e2e/admin/contentManagement.spec.ts:310:33

    attachment #1: screenshot (image/png) ──────────────────────────────────────────────────────────
    test-results/admin-contentManagement-Ho-60835-tings-and-save-successfully-chromium/test-failed-1.png
    ────────────────────────────────────────────────────────────────────────────────────────────────

    attachment #2: video (video/webm) ──────────────────────────────────────────────────────────────
    test-results/admin-contentManagement-Ho-60835-tings-and-save-successfully-chromium/video.webm
    ────────────────────────────────────────────────────────────────────────────────────────────────

    Error Context: test-results/admin-contentManagement-Ho-60835-tings-and-save-successfully-chromium/error-context.md

  3) [chromium] › __tests__/e2e/admin/contentManagement.spec.ts:442:7 › Inline Section Editor › should toggle inline section editor and add sections 

    Error: [2mexpect([22m[31mlocator[39m[2m).[22mtoBeVisible[2m([22m[2m)[22m failed

    Locator: locator('[data-testid="inline-section-editor"] [draggable="true"]').first()
    Expected: visible
    Timeout: 5000ms
    Error: element(s) not found

    Call log:
    [2m  - Expect "toBeVisible" with timeout 5000ms[22m
    [2m  - waiting for locator('[data-testid="inline-section-editor"] [draggable="true"]').first()[22m
    [2m    - waiting for" http://localhost:3000/admin/home-page" navigation to finish...[22m
    [2m    - navigated to "http://localhost:3000/admin/home-page"[22m


    Call Log:
    - Timeout 10000ms exceeded while waiting on the predicate

      472 |         page.locator('[data-testid="inline-section-editor"] [draggable="true"]').nth(sectionsBefore)
      473 |       ).toBeVisible({ timeout: 5000 });
    > 474 |     }).toPass({ timeout: 10000 });
          |        ^
      475 |     
      476 |     const sectionsAfter = await page.locator('[data-testid="inline-section-editor"] [draggable="true"]').count();
      477 |     expect(sectionsAfter).toBe(sectionsBefore + 1);
        at /Users/jaron/Desktop/wedding-platform-v2/__tests__/e2e/admin/contentManagement.spec.ts:474:8

    attachment #1: screenshot (image/png) ──────────────────────────────────────────────────────────
    test-results/admin-contentManagement-In-fd3f3-ion-editor-and-add-sections-chromium/test-failed-1.png
    ────────────────────────────────────────────────────────────────────────────────────────────────

    attachment #2: video (video/webm) ──────────────────────────────────────────────────────────────
    test-results/admin-contentManagement-In-fd3f3-ion-editor-and-add-sections-chromium/video.webm
    ────────────────────────────────────────────────────────────────────────────────────────────────

    Error Context: test-results/admin-contentManagement-In-fd3f3-ion-editor-and-add-sections-chromium/error-context.md

  4) [chromium] › __tests__/e2e/admin/contentManagement.spec.ts:488:7 › Inline Section Editor › should edit section content and toggle layout 

    Error: [2mexpect([22m[31mlocator[39m[2m).[22mtoBeVisible[2m([22m[2m)[22m failed

    Locator: locator('[data-testid="inline-section-editor"]')
    Expected: visible
    Timeout: 3000ms
    Error: element(s) not found

    Call log:
    [2m  - Expect "toBeVisible" with timeout 3000ms[22m
    [2m  - waiting for locator('[data-testid="inline-section-editor"]')[22m


    Call Log:
    - Timeout 10000ms exceeded while waiting on the predicate

      497 |     await expect(async () => {
      498 |       await expect(page.locator('[data-testid="inline-section-editor"]')).toBeVisible({ timeout: 3000 });
    > 499 |     }).toPass({ timeout: 10000 }); // Increased from 8s to 10s for safety
          |        ^
      500 |     
      501 |     const addSectionButton = page.locator('[data-testid="inline-section-editor"] button:has-text("Add Section")');
      502 |     await expect(addSectionButton).toBeVisible({ timeout: 5000 });
        at /Users/jaron/Desktop/wedding-platform-v2/__tests__/e2e/admin/contentManagement.spec.ts:499:8

    attachment #1: screenshot (image/png) ──────────────────────────────────────────────────────────
    test-results/admin-contentManagement-In-4f880-n-content-and-toggle-layout-chromium/test-failed-1.png
    ────────────────────────────────────────────────────────────────────────────────────────────────

    attachment #2: video (video/webm) ──────────────────────────────────────────────────────────────
    test-results/admin-contentManagement-In-4f880-n-content-and-toggle-layout-chromium/video.webm
    ────────────────────────────────────────────────────────────────────────────────────────────────

    Error Context: test-results/admin-contentManagement-In-4f880-n-content-and-toggle-layout-chromium/error-context.md

  5) [chromium] › __tests__/e2e/admin/contentManagement.spec.ts:585:7 › Inline Section Editor › should add photo gallery and reference blocks to sections 

    Error: [2mexpect([22m[31mlocator[39m[2m).[22mtoBeVisible[2m([22m[2m)[22m failed

    Locator: locator('[data-testid="inline-section-editor"]')
    Expected: visible
    Timeout: 3000ms
    Error: element(s) not found

    Call log:
    [2m  - Expect "toBeVisible" with timeout 3000ms[22m
    [2m  - waiting for locator('[data-testid="inline-section-editor"]')[22m


    Call Log:
    - Timeout 10000ms exceeded while waiting on the predicate

      593 |     await expect(async () => {
      594 |       await expect(page.locator('[data-testid="inline-section-editor"]')).toBeVisible({ timeout: 3000 });
    > 595 |     }).toPass({ timeout: 10000 });
          |        ^
      596 |     
      597 |     const addSectionButton = page.locator('[data-testid="inline-section-editor"] button:has-text("Add Section")');
      598 |     await expect(addSectionButton).toBeVisible({ timeout: 5000 });
        at /Users/jaron/Desktop/wedding-platform-v2/__tests__/e2e/admin/contentManagement.spec.ts:595:8

    attachment #1: screenshot (image/png) ──────────────────────────────────────────────────────────
    test-results/admin-contentManagement-In-a7795-eference-blocks-to-sections-chromium/test-failed-1.png
    ────────────────────────────────────────────────────────────────────────────────────────────────

    attachment #2: video (video/webm) ──────────────────────────────────────────────────────────────
    test-results/admin-contentManagement-In-a7795-eference-blocks-to-sections-chromium/video.webm
    ────────────────────────────────────────────────────────────────────────────────────────────────

    Error Context: test-results/admin-contentManagement-In-a7795-eference-blocks-to-sections-chromium/error-context.md

  1 failed
    [chromium] › __tests__/e2e/admin/contentManagement.spec.ts:640:7 › Event References › should create event and add as reference to content page 
  4 flaky
    [chromium] › __tests__/e2e/admin/contentManagement.spec.ts:264:7 › Home Page Editing › should edit home page settings and save successfully 
    [chromium] › __tests__/e2e/admin/contentManagement.spec.ts:442:7 › Inline Section Editor › should toggle inline section editor and add sections 
    [chromium] › __tests__/e2e/admin/contentManagement.spec.ts:488:7 › Inline Section Editor › should edit section content and toggle layout 
    [chromium] › __tests__/e2e/admin/contentManagement.spec.ts:585:7 › Inline Section Editor › should add photo gallery and reference blocks to sections 
  12 passed (1.9m)

[36m  Serving HTML report at http://localhost:9323. Press Ctrl+C to quit.[39m
