
> destination-wedding-platform@0.1.0 test:e2e
> playwright test __tests__/e2e/auth/guestAuth.spec.ts

[dotenv@17.2.4] injecting env (24) from .env.e2e -- tip: ⚙️  load multiple .env files with { path: ['.env.local', '.env'] }
[2m[WebServer] [22m
[2m[WebServer] [22m> destination-wedding-platform@0.1.0 dev
[2m[WebServer] [22m> next dev --webpack
[2m[WebServer] [22m
[2m[WebServer] [22m[1m[38;2;173;127;168m▲ Next.js 16.1.1[39m[22m (webpack)
[2m[WebServer] [22m- Local:         http://localhost:3000
[2m[WebServer] [22m- Network:       http://192.168.7.238:3000
[2m[WebServer] [22m- Environments: .env.test
[2m[WebServer] [22m
[2m[WebServer] [22m[32m[1m✓[22m[39m Starting...
[2m[WebServer] [22m[33m[1m⚠[22m[39m The "middleware" file convention is deprecated. Please use "proxy" instead. Learn more: https://nextjs.org/docs/messages/middleware-to-proxy
[2m[WebServer] [22m[32m[1m✓[22m[39m Ready in 3s
[2m[WebServer] [22m[37m[1m○[22m[39m Compiling /_not-found ...
[2m[WebServer] [22m GET / [33m404[39m in 4.1s[2m (compile: 4.0s, render: 78ms)[22m
[2m[WebServer] [22m GET /index.html [33m404[39m in 136ms[2m (compile: 10ms, proxy.ts: 111ms, render: 16ms)[22m

🚀 E2E Global Setup Starting...

📊 Verifying test database connection...
[2m[WebServer] [22m GET / [32m200[39m in 699ms[2m (compile: 626ms, proxy.ts: 16ms, render: 57ms)[22m
✅ Test database connected

🧹 Cleaning up test data...
   Cleaning up leftover test data...
   Test data cleanup complete
✅ Test data cleaned

👤 Creating test guest...
   Created warmup guest: warmup@example.com (ID: 2853fb9d-892a-4734-9ccb-78a4d6f1fe81)
   Created test guest: test@example.com (ID: c1cb8d26-ebbd-43cd-add1-dce3ec318308)
✅ Test guest created

📦 Creating comprehensive test data...
   Creating location hierarchy...
   Location hierarchy already exists
   Creating events...
   Events already exist
   Creating activities...
   Warning: Could not create comprehensive test data: Failed to create ceremony activity: Could not find the 'cost_per_guest' column of 'activities' in the schema cache
   Some E2E tests may fail due to missing data
✅ Comprehensive test data created

🌐 Verifying Next.js server...
✅ Next.js server is running

🔥 Warming up API routes...
   Warming up 3 guest auth routes with retry logic...
[2m[WebServer] [22m GET / [32m200[39m in 37ms[2m (compile: 3ms, proxy.ts: 13ms, render: 21ms)[22m
[2m[WebServer] [22m[API] Looking for guest with email: warmup@example.com
[2m[WebServer] [22m[API] Guest query result: {
[2m[WebServer] [22m  found: [33mtrue[39m,
[2m[WebServer] [22m  email: [32m'warmup@example.com'[39m,
[2m[WebServer] [22m  authMethod: [32m'email_matching'[39m,
[2m[WebServer] [22m  error: [90mundefined[39m
[2m[WebServer] [22m}
[2m[WebServer] [22m[API] Setting guest session cookie: {
[2m[WebServer] [22m  tokenPrefix: [32m'8f1997e7'[39m,
[2m[WebServer] [22m  cookieOptions: {
[2m[WebServer] [22m    httpOnly: [33mtrue[39m,
[2m[WebServer] [22m    secure: [33mfalse[39m,
[2m[WebServer] [22m    sameSite: [32m'lax'[39m,
[2m[WebServer] [22m    maxAge: [33m86400[39m,
[2m[WebServer] [22m    path: [32m'/'[39m
[2m[WebServer] [22m  },
[2m[WebServer] [22m  guestId: [32m'2853fb9d-892a-4734-9ccb-78a4d6f1fe81'[39m,
[2m[WebServer] [22m  sessionId: [32m'd84535fb-0dcb-4d07-bd06-31876575f649'[39m
[2m[WebServer] [22m}
   ✅ Route ready: /api/guest-auth/email-match (attempt 1/5, status: 200)
[2m[WebServer] [22m POST /api/guest-auth/email-match [32m200[39m in 846ms[2m (compile: 373ms, proxy.ts: 9ms, render: 465ms)[22m
[2m[WebServer] [22m[Magic Link Request] Processing request for email: warmup@example.com
[2m[WebServer] [22m[Magic Link Request] Looking for guest by email...
[2m[WebServer] [22m[Magic Link Request] Guest query result: {
[2m[WebServer] [22m  found: [33mtrue[39m,
[2m[WebServer] [22m  guestId: [32m'2853fb9d-892a-4734-9ccb-78a4d6f1fe81'[39m,
[2m[WebServer] [22m  authMethod: [32m'email_matching'[39m,
[2m[WebServer] [22m  error: [90mundefined[39m
[2m[WebServer] [22m}
[2m[WebServer] [22m[Magic Link Request] Guest has wrong auth method: email_matching
   ✅ Route ready: /api/guest-auth/magic-link/request (attempt 1/5, status: 400)
[2m[WebServer] [22m POST /api/guest-auth/magic-link/request [33m400[39m in 706ms[2m (compile: 519ms, proxy.ts: 8ms, render: 179ms)[22m
   ✅ Route ready: /api/guest-auth/magic-link/verify (attempt 1/5, status: 400)
[2m[WebServer] [22m POST /api/guest-auth/magic-link/verify [33m400[39m in 1352ms[2m (compile: 1177ms, proxy.ts: 13ms, render: 162ms)[22m
   ✅ Guest auth routes warmup complete
✅ API routes warmed up

🔐 Setting up admin authentication...
   Attempting browser-based admin login: admin@example.com
   Created .auth directory: /Users/jaron/Desktop/wedding-platform-v2/.auth
   Navigating to http://localhost:3000/auth/login...
[2m[WebServer] [22m GET /auth/login [32m200[39m in 958ms[2m (compile: 842ms, proxy.ts: 11ms, render: 104ms)[22m
   Page loaded, filling form...
   Form filled, submitting...
[2m[WebServer] [22m[Middleware] User authenticated: e7f5ae65-376e-4d05-a18c-10a91295727a
[2m[WebServer] [22m[Middleware] Admin user data query result: { userData: { role: 'owner', status: 'active' }, userError: null }
[2m[WebServer] [22m[Middleware] Access granted for admin role: owner
[2m[WebServer] [22m[33m[1m⚠[22m[39m Fast Refresh had to perform a full reload. Read more: https://nextjs.org/docs/messages/fast-refresh-reload
[2m[WebServer] [22m GET /admin [32m200[39m in 980ms[2m (compile: 507ms, proxy.ts: 366ms, render: 108ms)[22m
   Current URL after submit: http://localhost:3000/admin
   ✅ Successfully logged in via browser
   ✅ Authentication state saved
✅ Admin authentication saved

✨ E2E Global Setup Complete!


Running 15 tests using 4 workers

[dotenv@17.2.4] injecting env (0) from .env.e2e -- tip: ⚙️  write to custom object with { processEnv: myObject }
[dotenv@17.2.4] injecting env (0) from .env.e2e -- tip: 🛠️  run anywhere with `dotenvx run -- yourcommand`
[dotenv@17.2.4] injecting env (0) from .env.e2e -- tip: ⚙️  load multiple .env files with { path: ['.env.local', '.env'] }
[dotenv@17.2.4] injecting env (0) from .env.e2e -- tip: 🔐 prevent building .env in docker: https://dotenvx.com/prebuild
[Worker 3] Created test guest: {
  email: [32m'test-w3-1770444933229-qqfgf7t9@example.com'[39m,
  id: [32m'b31abec4-f586-4d39-a72e-40dad572f4d8'[39m,
  authMethod: [32m'email_matching'[39m,
  groupId: [32m'1ab5124b-a714-4a71-b64d-bfbc5c79b327'[39m
}
[Worker 2] Created test guest: {
  email: [32m'test-w2-1770444933236-948uogtn@example.com'[39m,
  id: [32m'342d5296-c514-4ad9-a50b-f01d4636cc03'[39m,
  authMethod: [32m'email_matching'[39m,
  groupId: [32m'e621b86c-3f10-4b48-8500-f883c88931be'[39m
}
[Worker 0] Created test guest: {
  email: [32m'test-w0-1770444933233-217mgxp0@example.com'[39m,
  id: [32m'c3646143-4575-43f3-8057-7a35613aa046'[39m,
  authMethod: [32m'email_matching'[39m,
  groupId: [32m'21aeef24-f25b-490d-8908-3ebd7cf4e1d2'[39m
}
[Worker 1] Created test guest: {
  email: [32m'test-w1-1770444933229-m0cbrwe9@example.com'[39m,
  id: [32m'cc39f692-d2dc-4010-8353-cc238ff9a29a'[39m,
  authMethod: [32m'email_matching'[39m,
  groupId: [32m'df52262e-f9ec-4e4a-97b0-b9fd018a3d7e'[39m
}
[Worker 3] ✅ Verified guest exists: {
  email: [32m'test-w3-1770444933229-qqfgf7t9@example.com'[39m,
  authMethod: [32m'email_matching'[39m
}
[Worker 2] ✅ Verified guest exists: {
  email: [32m'test-w2-1770444933236-948uogtn@example.com'[39m,
  authMethod: [32m'email_matching'[39m
}
[Worker 0] ✅ Verified guest exists: {
  email: [32m'test-w0-1770444933233-217mgxp0@example.com'[39m,
  authMethod: [32m'email_matching'[39m
}
[Worker 1] ✅ Verified guest exists: {
  email: [32m'test-w1-1770444933229-m0cbrwe9@example.com'[39m,
  authMethod: [32m'email_matching'[39m
}
[2m[WebServer] [22m GET /auth/guest-login [32m200[39m in 648ms[2m (compile: 426ms, proxy.ts: 28ms, render: 193ms)[22m
[2m[WebServer] [22m GET /auth/guest-login [32m200[39m in 654ms[2m (compile: 426ms, proxy.ts: 28ms, render: 200ms)[22m
[2m[WebServer] [22m GET /auth/guest-login [32m200[39m in 657ms[2m (compile: 426ms, proxy.ts: 28ms, render: 203ms)[22m
[2m[WebServer] [22m GET /auth/guest-login [32m200[39m in 660ms[2m (compile: 426ms, proxy.ts: 28ms, render: 206ms)[22m
[2m[WebServer] [22m[API] Looking for guest with email: test-w3-1770444933229-qqfgf7t9@example.com
[2m[WebServer] [22m[API] Looking for guest with email: nonexistent@example.com
[2m[WebServer] [22m[API] Looking for guest with email: test-w0-1770444933233-217mgxp0@example.com
[2m[WebServer] [22m[API] Guest query result: {
[2m[WebServer] [22m  found: [33mtrue[39m,
[2m[WebServer] [22m  email: [32m'test-w3-1770444933229-qqfgf7t9@example.com'[39m,
[2m[WebServer] [22m  authMethod: [32m'email_matching'[39m,
[2m[WebServer] [22m  error: [90mundefined[39m
[2m[WebServer] [22m}
[2m[WebServer] [22m[API] Guest query result: {
[2m[WebServer] [22m  found: [33mfalse[39m,
[2m[WebServer] [22m  email: [90mundefined[39m,
[2m[WebServer] [22m  authMethod: [90mundefined[39m,
[2m[WebServer] [22m  error: [32m'Cannot coerce the result to a single JSON object'[39m
[2m[WebServer] [22m}
[2m[WebServer] [22m POST /api/guest-auth/email-match [33m404[39m in 2.8s[2m (compile: 543ms, proxy.ts: 584ms, render: 1710ms)[22m
[2m[WebServer] [22m[API] Guest query result: {
[2m[WebServer] [22m  found: [33mtrue[39m,
[2m[WebServer] [22m  email: [32m'test-w0-1770444933233-217mgxp0@example.com'[39m,
[2m[WebServer] [22m  authMethod: [32m'email_matching'[39m,
[2m[WebServer] [22m  error: [90mundefined[39m
[2m[WebServer] [22m}
[2m[WebServer] [22m[API] Setting guest session cookie: {
[2m[WebServer] [22m  tokenPrefix: [32m'2b31354d'[39m,
[2m[WebServer] [22m  cookieOptions: {
[2m[WebServer] [22m    httpOnly: [33mtrue[39m,
[2m[WebServer] [22m    secure: [33mfalse[39m,
[2m[WebServer] [22m    sameSite: [32m'lax'[39m,
[2m[WebServer] [22m    maxAge: [33m86400[39m,
[2m[WebServer] [22m    path: [32m'/'[39m
[2m[WebServer] [22m  },
[2m[WebServer] [22m  guestId: [32m'b31abec4-f586-4d39-a72e-40dad572f4d8'[39m,
[2m[WebServer] [22m  sessionId: [32m'fba78ef2-5fac-431f-ac72-49d2ed41e35d'[39m
[2m[WebServer] [22m}
[2m[WebServer] [22m POST /api/guest-auth/email-match [32m200[39m in 2.9s[2m (compile: 542ms, proxy.ts: 584ms, render: 1752ms)[22m
[2m[WebServer] [22m[API] Setting guest session cookie: {
[2m[WebServer] [22m  tokenPrefix: [32m'5512cb6f'[39m,
[2m[WebServer] [22m  cookieOptions: {
[2m[WebServer] [22m    httpOnly: [33mtrue[39m,
[2m[WebServer] [22m    secure: [33mfalse[39m,
[2m[WebServer] [22m    sameSite: [32m'lax'[39m,
[2m[WebServer] [22m    maxAge: [33m86400[39m,
[2m[WebServer] [22m    path: [32m'/'[39m
[2m[WebServer] [22m  },
[2m[WebServer] [22m  guestId: [32m'c3646143-4575-43f3-8057-7a35613aa046'[39m,
[2m[WebServer] [22m  sessionId: [32m'feabdd36-5191-4fa3-a8d5-55e682eee44b'[39m
[2m[WebServer] [22m}
[2m[WebServer] [22m POST /api/guest-auth/email-match [32m200[39m in 3.0s[2m (compile: 544ms, proxy.ts: 584ms, render: 1900ms)[22m
[2m[WebServer] [22m[Middleware] Guest auth check: {
[2m[WebServer] [22m  path: '/guest/dashboard',
[2m[WebServer] [22m  hasCookie: true,
[2m[WebServer] [22m  cookieValue: '2b31354d...',
[2m[WebServer] [22m  allCookies: [ 'sb-olcqaawrpnanioaorfer-auth-token', 'guest_session' ]
[2m[WebServer] [22m}
[2m[WebServer] [22m[Middleware] Guest auth check: {
[2m[WebServer] [22m  path: '/guest/dashboard',
[2m[WebServer] [22m  hasCookie: true,
[2m[WebServer] [22m  cookieValue: '5512cb6f...',
[2m[WebServer] [22m  allCookies: [ 'sb-olcqaawrpnanioaorfer-auth-token', 'guest_session' ]
[2m[WebServer] [22m}
  ✓   3 [chromium] › __tests__/e2e/auth/guestAuth.spec.ts:195:7 › Guest Authentication › should show error for invalid email format (7.4s)
[2m[WebServer] [22m[Middleware] Session query result: {
[2m[WebServer] [22m  sessionsFound: 1,
[2m[WebServer] [22m  hasError: false,
[2m[WebServer] [22m  errorMessage: undefined,
[2m[WebServer] [22m  tokenPrefix: '5512cb6f'
[2m[WebServer] [22m}
[2m[WebServer] [22m[Middleware] Session query result: {
[2m[WebServer] [22m  sessionsFound: 1,
[2m[WebServer] [22m  hasError: false,
[2m[WebServer] [22m  errorMessage: undefined,
[2m[WebServer] [22m  tokenPrefix: '2b31354d'
[2m[WebServer] [22m}
[Worker 2] Created test guest: {
  email: [32m'test-w2-1770444940851-n39yhf5p@example.com'[39m,
  id: [32m'b6fd2c8d-02fa-473e-92f0-1be029abd7a5'[39m,
  authMethod: [32m'email_matching'[39m,
  groupId: [32m'cde38638-9421-4fb9-8381-ba721683690c'[39m
}
[Worker 2] ✅ Verified guest exists: {
  email: [32m'test-w2-1770444940851-n39yhf5p@example.com'[39m,
  authMethod: [32m'email_matching'[39m
}
  ✓   1 [chromium] › __tests__/e2e/auth/guestAuth.spec.ts:180:7 › Guest Authentication › should show error for non-existent email (9.5s)
[Worker 1] Created test guest: {
  email: [32m'test-w1-1770444942928-34kjys1m@example.com'[39m,
  id: [32m'16cf90ab-a6a5-4c08-88d8-07bfb326c702'[39m,
  authMethod: [32m'email_matching'[39m,
  groupId: [32m'2dbc0af9-734f-4103-9fc3-9251bd81710d'[39m
}
[Worker 1] ✅ Verified guest exists: {
  email: [32m'test-w1-1770444942928-34kjys1m@example.com'[39m,
  authMethod: [32m'email_matching'[39m
}
[2m[WebServer] [22m[37m[1m○[22m[39m Compiling /guest/dashboard ...
[2m[WebServer] [22m[GuestDashboard] Session check: { hasToken: [33mtrue[39m, tokenPrefix: [32m'5512cb6f'[39m }
[2m[WebServer] [22m[GuestDashboard] Session check: { hasToken: [33mtrue[39m, tokenPrefix: [32m'2b31354d'[39m }
[2m[WebServer] [22m GET /auth/guest-login [32m200[39m in 1415ms[2m (compile: 945ms, proxy.ts: 276ms, render: 193ms)[22m
[2m[WebServer] [22m GET /auth/guest-login [32m200[39m in 4.3s[2m (compile: 4.1s, proxy.ts: 20ms, render: 196ms)[22m
[2m[WebServer] [22m[GuestDashboard] Session query result: {
[2m[WebServer] [22m  found: [33mtrue[39m,
[2m[WebServer] [22m  error: [90mundefined[39m,
[2m[WebServer] [22m  guestId: [32m'b31abec4-f586-4d39-a72e-40dad572f4d8'[39m
[2m[WebServer] [22m}
[2m[WebServer] [22m[GuestDashboard] Session query result: {
[2m[WebServer] [22m  found: [33mtrue[39m,
[2m[WebServer] [22m  error: [90mundefined[39m,
[2m[WebServer] [22m  guestId: [32m'c3646143-4575-43f3-8057-7a35613aa046'[39m
[2m[WebServer] [22m}
[2m[WebServer] [22m[GuestDashboard] Guest query result: {
[2m[WebServer] [22m  found: [33mtrue[39m,
[2m[WebServer] [22m  error: [90mundefined[39m,
[2m[WebServer] [22m  email: [32m'test-w0-1770444933233-217mgxp0@example.com'[39m
[2m[WebServer] [22m}
[2m[WebServer] [22m[GuestDashboard] Rendering dashboard for guest: test-w0-1770444933233-217mgxp0@example.com
[2m[WebServer] [22m[GuestDashboard] Guest query result: {
[2m[WebServer] [22m  found: [33mtrue[39m,
[2m[WebServer] [22m  error: [90mundefined[39m,
[2m[WebServer] [22m  email: [32m'test-w3-1770444933229-qqfgf7t9@example.com'[39m
[2m[WebServer] [22m}
[2m[WebServer] [22m[GuestDashboard] Rendering dashboard for guest: test-w3-1770444933229-qqfgf7t9@example.com
[2m[WebServer] [22m GET /guest/dashboard [32m200[39m in 6.8s[2m (compile: 5.8s, proxy.ts: 219ms, render: 781ms)[22m
[2m[WebServer] [22m GET /guest/dashboard [32m200[39m in 7.1s[2m (compile: 5.8s, proxy.ts: 457ms, render: 794ms)[22m
[2m[WebServer] [22m[API] Looking for guest with email: test-w2-1770444940851-n39yhf5p@example.com
[2m[WebServer] [22m[Magic Link Request] Processing request for email: test-w1-1770444942928-34kjys1m@example.com
[2m[WebServer] [22m[Magic Link Request] Looking for guest by email...
[2m[WebServer] [22m[API] Guest query result: {
[2m[WebServer] [22m  found: [33mtrue[39m,
[2m[WebServer] [22m  email: [32m'test-w2-1770444940851-n39yhf5p@example.com'[39m,
[2m[WebServer] [22m  authMethod: [32m'email_matching'[39m,
[2m[WebServer] [22m  error: [90mundefined[39m
[2m[WebServer] [22m}
[2m[WebServer] [22m[Magic Link Request] Guest query result: {
[2m[WebServer] [22m  found: [33mtrue[39m,
[2m[WebServer] [22m  guestId: [32m'16cf90ab-a6a5-4c08-88d8-07bfb326c702'[39m,
[2m[WebServer] [22m  authMethod: [32m'email_matching'[39m,
[2m[WebServer] [22m  error: [90mundefined[39m
[2m[WebServer] [22m}
[2m[WebServer] [22m[Magic Link Request] Guest has wrong auth method: email_matching
[2m[WebServer] [22m POST /api/guest-auth/magic-link/request [33m400[39m in 253ms[2m (compile: 8ms, proxy.ts: 99ms, render: 146ms)[22m
  ✘   2 [chromium] › __tests__/e2e/auth/guestAuth.spec.ts:208:7 › Guest Authentication › should show loading state during authentication (14.9s)
[2m[WebServer] [22m[API] Setting guest session cookie: {
[2m[WebServer] [22m  tokenPrefix: [32m'ebc94026'[39m,
[2m[WebServer] [22m  cookieOptions: {
[2m[WebServer] [22m    httpOnly: [33mtrue[39m,
[2m[WebServer] [22m    secure: [33mfalse[39m,
[2m[WebServer] [22m    sameSite: [32m'lax'[39m,
[2m[WebServer] [22m    maxAge: [33m86400[39m,
[2m[WebServer] [22m    path: [32m'/'[39m
[2m[WebServer] [22m  },
[2m[WebServer] [22m  guestId: [32m'b6fd2c8d-02fa-473e-92f0-1be029abd7a5'[39m,
[2m[WebServer] [22m  sessionId: [32m'cd826e26-ed6a-4499-877c-84cdb544f31f'[39m
[2m[WebServer] [22m}
[2m[WebServer] [22m POST /api/guest-auth/email-match [32m200[39m in 420ms[2m (compile: 34ms, proxy.ts: 82ms, render: 304ms)[22m
[2m[WebServer] [22m[Middleware] Guest auth check: {
[2m[WebServer] [22m  path: '/guest/dashboard',
[2m[WebServer] [22m  hasCookie: true,
[2m[WebServer] [22m  cookieValue: 'ebc94026...',
[2m[WebServer] [22m  allCookies: [ 'sb-olcqaawrpnanioaorfer-auth-token', 'guest_session' ]
[2m[WebServer] [22m}
[2m[WebServer] [22m[Middleware] Guest auth check: {
[2m[WebServer] [22m  path: '/api/guest/events',
[2m[WebServer] [22m  hasCookie: true,
[2m[WebServer] [22m  cookieValue: '5512cb6f...',
[2m[WebServer] [22m  allCookies: [ 'sb-olcqaawrpnanioaorfer-auth-token', 'guest_session' ]
[2m[WebServer] [22m}
[2m[WebServer] [22m[Middleware] Guest auth check: {
[2m[WebServer] [22m  path: '/api/guest/rsvps',
[2m[WebServer] [22m  hasCookie: true,
[2m[WebServer] [22m  cookieValue: '5512cb6f...',
[2m[WebServer] [22m  allCookies: [ 'sb-olcqaawrpnanioaorfer-auth-token', 'guest_session' ]
[2m[WebServer] [22m}
[2m[WebServer] [22m[Middleware] Guest auth check: {
[2m[WebServer] [22m  path: '/api/guest/announcements',
[2m[WebServer] [22m  hasCookie: true,
[2m[WebServer] [22m  cookieValue: '5512cb6f...',
[2m[WebServer] [22m  allCookies: [ 'sb-olcqaawrpnanioaorfer-auth-token', 'guest_session' ]
[2m[WebServer] [22m}
[2m[WebServer] [22m[Middleware] Guest auth check: {
[2m[WebServer] [22m  path: '/api/guest/wedding-info',
[2m[WebServer] [22m  hasCookie: true,
[2m[WebServer] [22m  cookieValue: '5512cb6f...',
[2m[WebServer] [22m  allCookies: [ 'sb-olcqaawrpnanioaorfer-auth-token', 'guest_session' ]
[2m[WebServer] [22m}
[2m[WebServer] [22m[Middleware] Session query result: {
[2m[WebServer] [22m  sessionsFound: 1,
[2m[WebServer] [22m  hasError: false,
[2m[WebServer] [22m  errorMessage: undefined,
[2m[WebServer] [22m  tokenPrefix: 'ebc94026'
[2m[WebServer] [22m}
[2m[WebServer] [22m[GuestDashboard] Session check: { hasToken: [33mtrue[39m, tokenPrefix: [32m'ebc94026'[39m }
[2m[WebServer] [22m[Middleware] Session query result: {
[2m[WebServer] [22m  sessionsFound: 1,
[2m[WebServer] [22m  hasError: false,
[2m[WebServer] [22m  errorMessage: undefined,
[2m[WebServer] [22m  tokenPrefix: '5512cb6f'
[2m[WebServer] [22m}
[2m[WebServer] [22m[Middleware] Session query result: {
[2m[WebServer] [22m  sessionsFound: 1,
[2m[WebServer] [22m  hasError: false,
[2m[WebServer] [22m  errorMessage: undefined,
[2m[WebServer] [22m  tokenPrefix: '5512cb6f'
[2m[WebServer] [22m}
[2m[WebServer] [22m[Middleware] Session query result: {
[2m[WebServer] [22m  sessionsFound: 1,
[2m[WebServer] [22m  hasError: false,
[2m[WebServer] [22m  errorMessage: undefined,
[2m[WebServer] [22m  tokenPrefix: '5512cb6f'
[2m[WebServer] [22m}
[2m[WebServer] [22m[GuestDashboard] Session query result: {
[2m[WebServer] [22m  found: [33mtrue[39m,
[2m[WebServer] [22m  error: [90mundefined[39m,
[2m[WebServer] [22m  guestId: [32m'b6fd2c8d-02fa-473e-92f0-1be029abd7a5'[39m
[2m[WebServer] [22m}
[2m[WebServer] [22m[Middleware] Session query result: {
[2m[WebServer] [22m  sessionsFound: 1,
[2m[WebServer] [22m  hasError: false,
[2m[WebServer] [22m  errorMessage: undefined,
[2m[WebServer] [22m  tokenPrefix: '5512cb6f'
[2m[WebServer] [22m}
[2m[WebServer] [22m[GuestDashboard] Guest query result: {
[2m[WebServer] [22m  found: [33mtrue[39m,
[2m[WebServer] [22m  error: [90mundefined[39m,
[2m[WebServer] [22m  email: [32m'test-w2-1770444940851-n39yhf5p@example.com'[39m
[2m[WebServer] [22m}
[2m[WebServer] [22m[GuestDashboard] Rendering dashboard for guest: test-w2-1770444940851-n39yhf5p@example.com
[2m[WebServer] [22m GET /guest/dashboard [32m200[39m in 772ms[2m (compile: 1898µs, proxy.ts: 154ms, render: 615ms)[22m
[dotenv@17.2.4] injecting env (0) from .env.e2e -- tip: ⚙️  load multiple .env files with { path: ['.env.local', '.env'] }
  ✘   4 [chromium] › __tests__/e2e/auth/guestAuth.spec.ts:158:7 › Guest Authentication › should successfully authenticate with email matching (16.3s)
[Worker 4] Created test guest: {
  email: [32m'test-w4-1770444950163-vu8ugecu@example.com'[39m,
  id: [32m'a85d2861-1dfd-4c1b-99ba-04d0a3342226'[39m,
  authMethod: [32m'email_matching'[39m,
  groupId: [32m'c0fee211-8eae-4af8-94e0-bef8f7d6a18d'[39m
}
[Worker 4] ✅ Verified guest exists: {
  email: [32m'test-w4-1770444950163-vu8ugecu@example.com'[39m,
  authMethod: [32m'email_matching'[39m
}
[dotenv@17.2.4] injecting env (0) from .env.e2e -- tip: 🔑 add access controls to secrets: https://dotenvx.com/ops
[2m[WebServer] [22m GET /auth/guest-login [32m200[39m in 129ms[2m (compile: 33ms, proxy.ts: 10ms, render: 86ms)[22m
[2m[WebServer] [22m GET /auth/guest-login [32m200[39m in 154ms[2m (compile: 33ms, proxy.ts: 10ms, render: 111ms)[22m
[Worker 5] Created test guest: {
  email: [32m'test-w5-1770444951437-fdktyh5l@example.com'[39m,
  id: [32m'a7520018-7324-47b3-9f8a-e41b9e9cd562'[39m,
  authMethod: [32m'email_matching'[39m,
  groupId: [32m'0ec3a4c7-85e6-49c9-bb3b-61a6c7022d3c'[39m
}
[Worker 5] ✅ Verified guest exists: {
  email: [32m'test-w5-1770444951437-fdktyh5l@example.com'[39m,
  authMethod: [32m'email_matching'[39m
}
[2m[WebServer] [22m[Middleware] Guest auth check: {
[2m[WebServer] [22m  path: '/api/guest/wedding-info',
[2m[WebServer] [22m  hasCookie: true,
[2m[WebServer] [22m  cookieValue: 'ebc94026...',
[2m[WebServer] [22m  allCookies: [ 'sb-olcqaawrpnanioaorfer-auth-token', 'guest_session' ]
[2m[WebServer] [22m}
[2m[WebServer] [22m[Middleware] Guest auth check: {
[2m[WebServer] [22m  path: '/api/guest/announcements',
[2m[WebServer] [22m  hasCookie: true,
[2m[WebServer] [22m  cookieValue: 'ebc94026...',
[2m[WebServer] [22m  allCookies: [ 'sb-olcqaawrpnanioaorfer-auth-token', 'guest_session' ]
[2m[WebServer] [22m}
[2m[WebServer] [22m[Middleware] Guest auth check: {
[2m[WebServer] [22m  path: '/api/guest/events',
[2m[WebServer] [22m  hasCookie: true,
[2m[WebServer] [22m  cookieValue: 'ebc94026...',
[2m[WebServer] [22m  allCookies: [ 'sb-olcqaawrpnanioaorfer-auth-token', 'guest_session' ]
[2m[WebServer] [22m}
[2m[WebServer] [22m[Middleware] Guest auth check: {
[2m[WebServer] [22m  path: '/api/guest/rsvps',
[2m[WebServer] [22m  hasCookie: true,
[2m[WebServer] [22m  cookieValue: 'ebc94026...',
[2m[WebServer] [22m  allCookies: [ 'sb-olcqaawrpnanioaorfer-auth-token', 'guest_session' ]
[2m[WebServer] [22m}
[2m[WebServer] [22m[Middleware] Session query result: {
[2m[WebServer] [22m  sessionsFound: 0,
[2m[WebServer] [22m  hasError: false,
[2m[WebServer] [22m  errorMessage: undefined,
[2m[WebServer] [22m  tokenPrefix: 'ebc94026'
[2m[WebServer] [22m}
[2m[WebServer] [22m[Middleware] No session found in database for token
  ✓   5 [chromium] › __tests__/e2e/auth/guestAuth.spec.ts:222:7 › Guest Authentication › should create session cookie on successful authentication (12.2s)
[2m[WebServer] [22m GET /auth/guest-login [32m200[39m in 595ms[2m (compile: 93ms, proxy.ts: 202ms, render: 301ms)[22m
[2m[WebServer] [22m[Middleware] Session query result: {
[2m[WebServer] [22m  sessionsFound: 0,
[2m[WebServer] [22m  hasError: false,
[2m[WebServer] [22m  errorMessage: undefined,
[2m[WebServer] [22m  tokenPrefix: 'ebc94026'
[2m[WebServer] [22m}
[2m[WebServer] [22m[Middleware] No session found in database for token
[2m[WebServer] [22m[Middleware] Session query result: {
[2m[WebServer] [22m  sessionsFound: 0,
[2m[WebServer] [22m  hasError: false,
[2m[WebServer] [22m  errorMessage: undefined,
[2m[WebServer] [22m  tokenPrefix: 'ebc94026'
[2m[WebServer] [22m}
[2m[WebServer] [22m[Middleware] No session found in database for token
[2m[WebServer] [22m[Middleware] Session query result: {
[2m[WebServer] [22m  sessionsFound: 0,
[2m[WebServer] [22m  hasError: false,
[2m[WebServer] [22m  errorMessage: undefined,
[2m[WebServer] [22m  tokenPrefix: 'ebc94026'
[2m[WebServer] [22m}
[2m[WebServer] [22m[Middleware] No session found in database for token
[Worker 2] Created test guest: {
  email: [32m'test-w2-1770444953303-qie4bxbo@example.com'[39m,
  id: [32m'e9ed5cee-8b94-48d0-9e1f-e72fcacec45d'[39m,
  authMethod: [32m'email_matching'[39m,
  groupId: [32m'93658b3d-ca4f-46d8-8681-7b712da57714'[39m
}
[Worker 2] ✅ Verified guest exists: {
  email: [32m'test-w2-1770444953303-qie4bxbo@example.com'[39m,
  authMethod: [32m'email_matching'[39m
}
[2m[WebServer] [22m[Magic Link Request] Processing request for email: test-w4-1770444950163-vu8ugecu@example.com
[2m[WebServer] [22m[Magic Link Request] Looking for guest by email...
[2m[WebServer] [22m GET /auth/guest-login/verify?token=5647c795c5eb2cd14bcc2e209404cc8aa12871ba1387f9a1f2b481270da61b92 [32m200[39m in 2.9s[2m (compile: 2.7s, proxy.ts: 74ms, render: 151ms)[22m
[2m[WebServer] [22m GET /auth/guest-login [32m200[39m in 1372ms[2m (compile: 1155ms, proxy.ts: 60ms, render: 157ms)[22m
[2m[WebServer] [22m[Magic Link Request] Guest query result: {
[2m[WebServer] [22m  found: [33mtrue[39m,
[2m[WebServer] [22m  guestId: [32m'a85d2861-1dfd-4c1b-99ba-04d0a3342226'[39m,
[2m[WebServer] [22m  authMethod: [32m'email_matching'[39m,
[2m[WebServer] [22m  error: [90mundefined[39m
[2m[WebServer] [22m}
[2m[WebServer] [22m[Magic Link Request] Guest has wrong auth method: email_matching
[2m[WebServer] [22m POST /api/guest-auth/magic-link/request [33m400[39m in 1409ms[2m (compile: 1153ms, proxy.ts: 63ms, render: 193ms)[22m
[2m[WebServer] [22m GET /auth/guest-login [32m200[39m in 90ms[2m (compile: 10ms, proxy.ts: 14ms, render: 66ms)[22m
[2m[WebServer] [22m[Magic Link Request] Processing request for email: test-w2-1770444953303-qie4bxbo@example.com
[2m[WebServer] [22m[Magic Link Request] Looking for guest by email...
[2m[WebServer] [22m POST /api/guest-auth/magic-link/verify [34m307[39m in 248ms[2m (compile: 73ms, proxy.ts: 35ms, render: 140ms)[22m
[2m[WebServer] [22m POST /auth/guest-login/verify?error=INVALID_TOKEN&message=Invalid+or+expired+magic+link [32m200[39m in 61ms[2m (compile: 10ms, proxy.ts: 8ms, render: 43ms)[22m
[2m[WebServer] [22m[Magic Link Request] Guest query result: {
[2m[WebServer] [22m  found: [33mtrue[39m,
[2m[WebServer] [22m  guestId: [32m'e9ed5cee-8b94-48d0-9e1f-e72fcacec45d'[39m,
[2m[WebServer] [22m  authMethod: [32m'email_matching'[39m,
[2m[WebServer] [22m  error: [90mundefined[39m
[2m[WebServer] [22m}
[2m[WebServer] [22m[Magic Link Request] Guest has wrong auth method: email_matching
[2m[WebServer] [22m POST /api/guest-auth/magic-link/request [33m400[39m in 207ms[2m (compile: 12ms, proxy.ts: 38ms, render: 158ms)[22m
  ✘   6 [chromium] › __tests__/e2e/auth/guestAuth.spec.ts:248:7 › Guest Authentication › should successfully request and verify magic link (16.1s)
[dotenv@17.2.4] injecting env (0) from .env.e2e -- tip: 🛠️  run anywhere with `dotenvx run -- yourcommand`
[Worker 6] Created test guest: {
  email: [32m'test-w6-1770444959881-tuuf3kqs@example.com'[39m,
  id: [32m'c4955d96-ac67-4b5a-9ae6-c3d2b90a4e67'[39m,
  authMethod: [32m'email_matching'[39m,
  groupId: [32m'9162cee8-c044-4849-9c08-9a514fc61760'[39m
}
[Worker 6] ✅ Verified guest exists: {
  email: [32m'test-w6-1770444959881-tuuf3kqs@example.com'[39m,
  authMethod: [32m'email_matching'[39m
}
[2m[WebServer] [22m GET /auth/guest-login/verify?token=invalid-token [32m200[39m in 47ms[2m (compile: 3ms, proxy.ts: 13ms, render: 31ms)[22m
[2m[WebServer] [22m GET /auth/guest-login/verify [32m200[39m in 159ms[2m (compile: 10ms, proxy.ts: 20ms, render: 129ms)[22m
[2m[WebServer] [22m GET /auth/guest-login/verify?token=ea02314e01b6dec1ac2f77a4499713a6395471fb87a17cc6349780f472eb7dd0 [32m200[39m in 160ms[2m (compile: 23ms, proxy.ts: 85ms, render: 51ms)[22m
[2m[WebServer] [22m POST /api/guest-auth/magic-link/verify [34m307[39m in 257ms[2m (compile: 1834µs, proxy.ts: 12ms, render: 243ms)[22m
[2m[WebServer] [22m POST /auth/guest-login/verify?error=INVALID_TOKEN&message=Invalid+or+expired+magic+link [32m200[39m in 73ms[2m (compile: 1837µs, proxy.ts: 5ms, render: 66ms)[22m
[2m[WebServer] [22m GET / [32m200[39m in 36ms[2m (compile: 8ms, proxy.ts: 6ms, render: 21ms)[22m
[2m[WebServer] [22m GET / [32m200[39m in 33ms[2m (compile: 1829µs, proxy.ts: 5ms, render: 25ms)[22m
  ✓  10 [chromium] › __tests__/e2e/auth/guestAuth.spec.ts:404:7 › Guest Authentication › should show error for invalid or missing token (5.7s)
  ✘   7 [chromium] › __tests__/e2e/auth/guestAuth.spec.ts:298:7 › Guest Authentication › should show success message after requesting magic link (15.6s)
[Worker 6] Created test guest: {
  email: [32m'test-w6-1770444965745-ql6wp7qp@example.com'[39m,
  id: [32m'1913b36b-d7e4-44a2-9ddc-385b393e412b'[39m,
  authMethod: [32m'email_matching'[39m,
  groupId: [32m'456e6a79-b1de-4705-9389-feee2b1c06c6'[39m
}
[Worker 6] ✅ Verified guest exists: {
  email: [32m'test-w6-1770444965745-ql6wp7qp@example.com'[39m,
  authMethod: [32m'email_matching'[39m
}
[2m[WebServer] [22m GET /auth/guest-login [32m200[39m in 46ms[2m (compile: 5ms, proxy.ts: 11ms, render: 31ms)[22m
[dotenv@17.2.4] injecting env (0) from .env.e2e -- tip: 🗂️ backup and recover secrets: https://dotenvx.com/ops
[2m[WebServer] [22m[API] Looking for guest with email: test-w6-1770444965745-ql6wp7qp@example.com
[2m[WebServer] [22m[API] Guest query result: {
[2m[WebServer] [22m  found: [33mtrue[39m,
[2m[WebServer] [22m  email: [32m'test-w6-1770444965745-ql6wp7qp@example.com'[39m,
[2m[WebServer] [22m  authMethod: [32m'email_matching'[39m,
[2m[WebServer] [22m  error: [90mundefined[39m
[2m[WebServer] [22m}
[Worker 7] Created test guest: {
  email: [32m'test-w7-1770444966760-jzf7q5sr@example.com'[39m,
  id: [32m'10ed7ecb-a3f9-4f69-b0a9-167c023a826c'[39m,
  authMethod: [32m'email_matching'[39m,
  groupId: [32m'aca3f893-cd5b-4861-aafc-3e5baf811ec2'[39m
}
[2m[WebServer] [22m[API] Setting guest session cookie: {
[2m[WebServer] [22m  tokenPrefix: [32m'e34e15e2'[39m,
[2m[WebServer] [22m  cookieOptions: {
[2m[WebServer] [22m    httpOnly: [33mtrue[39m,
[2m[WebServer] [22m    secure: [33mfalse[39m,
[2m[WebServer] [22m    sameSite: [32m'lax'[39m,
[2m[WebServer] [22m    maxAge: [33m86400[39m,
[2m[WebServer] [22m    path: [32m'/'[39m
[2m[WebServer] [22m  },
[2m[WebServer] [22m  guestId: [32m'1913b36b-d7e4-44a2-9ddc-385b393e412b'[39m,
[2m[WebServer] [22m  sessionId: [32m'9a1d0cc8-232b-44f4-b5e0-6fba7e649eee'[39m
[2m[WebServer] [22m}
[2m[WebServer] [22m POST /api/guest-auth/email-match [32m200[39m in 298ms[2m (compile: 8ms, proxy.ts: 14ms, render: 276ms)[22m
[2m[WebServer] [22m GET / [32m200[39m in 30ms[2m (compile: 3ms, proxy.ts: 4ms, render: 22ms)[22m
[2m[WebServer] [22m[API] Looking for guest with email: warmup@example.com
[Worker 7] ✅ Verified guest exists: {
  email: [32m'test-w7-1770444966760-jzf7q5sr@example.com'[39m,
  authMethod: [32m'email_matching'[39m
}
[2m[WebServer] [22m[Middleware] Guest auth check: {
[2m[WebServer] [22m  path: '/guest/dashboard',
[2m[WebServer] [22m  hasCookie: true,
[2m[WebServer] [22m  cookieValue: 'e34e15e2...',
[2m[WebServer] [22m  allCookies: [ 'sb-olcqaawrpnanioaorfer-auth-token', 'guest_session' ]
[2m[WebServer] [22m}
[2m[WebServer] [22m[API] Guest query result: {
[2m[WebServer] [22m  found: [33mtrue[39m,
[2m[WebServer] [22m  email: [32m'warmup@example.com'[39m,
[2m[WebServer] [22m  authMethod: [32m'email_matching'[39m,
[2m[WebServer] [22m  error: [90mundefined[39m
[2m[WebServer] [22m}
[2m[WebServer] [22m[Middleware] Session query result: {
[2m[WebServer] [22m  sessionsFound: 1,
[2m[WebServer] [22m  hasError: false,
[2m[WebServer] [22m  errorMessage: undefined,
[2m[WebServer] [22m  tokenPrefix: 'e34e15e2'
[2m[WebServer] [22m}
[2m[WebServer] [22m[GuestDashboard] Session check: { hasToken: [33mtrue[39m, tokenPrefix: [32m'e34e15e2'[39m }
[2m[WebServer] [22m[API] Setting guest session cookie: {
[2m[WebServer] [22m  tokenPrefix: [32m'3c110402'[39m,
[2m[WebServer] [22m  cookieOptions: {
[2m[WebServer] [22m    httpOnly: [33mtrue[39m,
[2m[WebServer] [22m    secure: [33mfalse[39m,
[2m[WebServer] [22m    sameSite: [32m'lax'[39m,
[2m[WebServer] [22m    maxAge: [33m86400[39m,
[2m[WebServer] [22m    path: [32m'/'[39m
[2m[WebServer] [22m  },
[2m[WebServer] [22m  guestId: [32m'2853fb9d-892a-4734-9ccb-78a4d6f1fe81'[39m,
[2m[WebServer] [22m  sessionId: [32m'98704ed8-ab8a-450e-9d0a-28ba2f75d8a7'[39m
[2m[WebServer] [22m}
[2m[WebServer] [22m POST /api/guest-auth/email-match [32m200[39m in 419ms[2m (compile: 3ms, proxy.ts: 15ms, render: 400ms)[22m
[2m[WebServer] [22m GET /auth/guest-login [32m200[39m in 89ms[2m (compile: 3ms, proxy.ts: 10ms, render: 76ms)[22m
[2m[WebServer] [22m[GuestDashboard] Session query result: {
[2m[WebServer] [22m  found: [33mtrue[39m,
[2m[WebServer] [22m  error: [90mundefined[39m,
[2m[WebServer] [22m  guestId: [32m'1913b36b-d7e4-44a2-9ddc-385b393e412b'[39m
[2m[WebServer] [22m}
[2m[WebServer] [22m[Magic Link Request] Processing request for email: warmup@example.com
[2m[WebServer] [22m[Magic Link Request] Looking for guest by email...
[2m[WebServer] [22m[GuestDashboard] Guest query result: {
[2m[WebServer] [22m  found: [33mtrue[39m,
[2m[WebServer] [22m  error: [90mundefined[39m,
[2m[WebServer] [22m  email: [32m'test-w6-1770444965745-ql6wp7qp@example.com'[39m
[2m[WebServer] [22m}
[2m[WebServer] [22m[GuestDashboard] Rendering dashboard for guest: test-w6-1770444965745-ql6wp7qp@example.com
[2m[WebServer] [22m[Magic Link Request] Guest query result: {
[2m[WebServer] [22m  found: [33mtrue[39m,
[2m[WebServer] [22m  guestId: [32m'2853fb9d-892a-4734-9ccb-78a4d6f1fe81'[39m,
[2m[WebServer] [22m  authMethod: [32m'email_matching'[39m,
[2m[WebServer] [22m  error: [90mundefined[39m
[2m[WebServer] [22m}
[2m[WebServer] [22m[Magic Link Request] Guest has wrong auth method: email_matching
[2m[WebServer] [22m POST /api/guest-auth/magic-link/request [33m400[39m in 191ms[2m (compile: 19ms, proxy.ts: 21ms, render: 152ms)[22m
[2m[WebServer] [22m GET /guest/dashboard [32m200[39m in 705ms[2m (compile: 19ms, proxy.ts: 141ms, render: 545ms)[22m
[2m[WebServer] [22m POST /api/guest-auth/magic-link/verify [33m400[39m in 157ms[2m (compile: 2ms, proxy.ts: 8ms, render: 146ms)[22m
  ✘   8 [chromium] › __tests__/e2e/auth/guestAuth.spec.ts:326:7 › Guest Authentication › should show error for expired magic link (16.2s)
[2m[WebServer] [22m[API] Looking for guest with email: test-w7-1770444966760-jzf7q5sr@example.com
[2m[WebServer] [22m[Middleware] Guest auth check: {
[2m[WebServer] [22m  path: '/api/guest/events',
[2m[WebServer] [22m  hasCookie: true,
[2m[WebServer] [22m  cookieValue: 'e34e15e2...',
[2m[WebServer] [22m  allCookies: [ 'sb-olcqaawrpnanioaorfer-auth-token', 'guest_session' ]
[2m[WebServer] [22m}
[2m[WebServer] [22m[Middleware] Guest auth check: {
[2m[WebServer] [22m  path: '/api/guest/rsvps',
[2m[WebServer] [22m  hasCookie: true,
[2m[WebServer] [22m  cookieValue: 'e34e15e2...',
[2m[WebServer] [22m  allCookies: [ 'sb-olcqaawrpnanioaorfer-auth-token', 'guest_session' ]
[2m[WebServer] [22m}
[2m[WebServer] [22m[Middleware] Guest auth check: {
[2m[WebServer] [22m  path: '/api/guest/wedding-info',
[2m[WebServer] [22m  hasCookie: true,
[2m[WebServer] [22m  cookieValue: 'e34e15e2...',
[2m[WebServer] [22m  allCookies: [ 'sb-olcqaawrpnanioaorfer-auth-token', 'guest_session' ]
[2m[WebServer] [22m}
[2m[WebServer] [22m[Middleware] Guest auth check: {
[2m[WebServer] [22m  path: '/api/guest/announcements',
[2m[WebServer] [22m  hasCookie: true,
[2m[WebServer] [22m  cookieValue: 'e34e15e2...',
[2m[WebServer] [22m  allCookies: [ 'sb-olcqaawrpnanioaorfer-auth-token', 'guest_session' ]
[2m[WebServer] [22m}
[2m[WebServer] [22m[Middleware] Session query result: {
[2m[WebServer] [22m  sessionsFound: 1,
[2m[WebServer] [22m  hasError: false,
[2m[WebServer] [22m  errorMessage: undefined,
[2m[WebServer] [22m  tokenPrefix: 'e34e15e2'
[2m[WebServer] [22m}
[2m[WebServer] [22m[API] Guest query result: {
[2m[WebServer] [22m  found: [33mtrue[39m,
[2m[WebServer] [22m  email: [32m'test-w7-1770444966760-jzf7q5sr@example.com'[39m,
[2m[WebServer] [22m  authMethod: [32m'email_matching'[39m,
[2m[WebServer] [22m  error: [90mundefined[39m
[2m[WebServer] [22m}
[2m[WebServer] [22m[Middleware] Session query result: {
[2m[WebServer] [22m  sessionsFound: 1,
[2m[WebServer] [22m  hasError: false,
[2m[WebServer] [22m  errorMessage: undefined,
[2m[WebServer] [22m  tokenPrefix: 'e34e15e2'
[2m[WebServer] [22m}
[2m[WebServer] [22m[Middleware] Session query result: {
[2m[WebServer] [22m  sessionsFound: 1,
[2m[WebServer] [22m  hasError: false,
[2m[WebServer] [22m  errorMessage: undefined,
[2m[WebServer] [22m  tokenPrefix: 'e34e15e2'
[2m[WebServer] [22m}
  ✘   9 [chromium] › __tests__/e2e/auth/guestAuth.spec.ts:362:7 › Guest Authentication › should show error for already used magic link (15.7s)
[2m[WebServer] [22m[Middleware] Session query result: {
[2m[WebServer] [22m  sessionsFound: 1,
[2m[WebServer] [22m  hasError: false,
[2m[WebServer] [22m  errorMessage: undefined,
[2m[WebServer] [22m  tokenPrefix: 'e34e15e2'
[2m[WebServer] [22m}
[2m[WebServer] [22m[API] Setting guest session cookie: {
[2m[WebServer] [22m  tokenPrefix: [32m'b548b584'[39m,
[2m[WebServer] [22m  cookieOptions: {
[2m[WebServer] [22m    httpOnly: [33mtrue[39m,
[2m[WebServer] [22m    secure: [33mfalse[39m,
[2m[WebServer] [22m    sameSite: [32m'lax'[39m,
[2m[WebServer] [22m    maxAge: [33m86400[39m,
[2m[WebServer] [22m    path: [32m'/'[39m
[2m[WebServer] [22m  },
[2m[WebServer] [22m  guestId: [32m'10ed7ecb-a3f9-4f69-b0a9-167c023a826c'[39m,
[2m[WebServer] [22m  sessionId: [32m'6d691f17-6cbf-4a23-a1d2-69b35ca50682'[39m
[2m[WebServer] [22m}
[2m[WebServer] [22m POST /api/guest-auth/email-match [32m200[39m in 456ms[2m (compile: 8ms, proxy.ts: 55ms, render: 393ms)[22m
[2m[WebServer] [22m GET /auth/login [32m200[39m in 125ms[2m (compile: 10ms, proxy.ts: 11ms, render: 104ms)[22m
[2m[WebServer] [22m[Middleware] Guest auth check: {
[2m[WebServer] [22m  path: '/guest/dashboard',
[2m[WebServer] [22m  hasCookie: true,
[2m[WebServer] [22m  cookieValue: 'b548b584...',
[2m[WebServer] [22m  allCookies: [ 'sb-olcqaawrpnanioaorfer-auth-token', 'guest_session' ]
[2m[WebServer] [22m}
[2m[WebServer] [22m GET /api/guest/wedding-info [32m200[39m in 714ms[2m (compile: 58ms, proxy.ts: 232ms, render: 424ms)[22m
[2m[WebServer] [22m GET /api/guest/rsvps [32m200[39m in 742ms[2m (compile: 47ms, proxy.ts: 231ms, render: 463ms)[22m
[2m[WebServer] [22m[Middleware] Session query result: {
[2m[WebServer] [22m  sessionsFound: 1,
[2m[WebServer] [22m  hasError: false,
[2m[WebServer] [22m  errorMessage: undefined,
[2m[WebServer] [22m  tokenPrefix: 'b548b584'
[2m[WebServer] [22m}
[2m[WebServer] [22m[GuestDashboard] Session check: { hasToken: [33mtrue[39m, tokenPrefix: [32m'b548b584'[39m }
[2m[WebServer] [22m GET /api/guest/announcements [32m200[39m in 845ms[2m (compile: 13ms, proxy.ts: 390ms, render: 442ms)[22m
[2m[WebServer] [22m GET /api/guest/events [32m200[39m in 852ms[2m (compile: 37ms, proxy.ts: 226ms, render: 589ms)[22m
[2m[WebServer] [22m[GuestDashboard] Session query result: {
[2m[WebServer] [22m  found: [33mtrue[39m,
[2m[WebServer] [22m  error: [90mundefined[39m,
[2m[WebServer] [22m  guestId: [32m'10ed7ecb-a3f9-4f69-b0a9-167c023a826c'[39m
[2m[WebServer] [22m}
[2m[WebServer] [22m[GuestDashboard] Guest query result: {
[2m[WebServer] [22m  found: [33mtrue[39m,
[2m[WebServer] [22m  error: [90mundefined[39m,
[2m[WebServer] [22m  email: [32m'test-w7-1770444966760-jzf7q5sr@example.com'[39m
[2m[WebServer] [22m}
[2m[WebServer] [22m[GuestDashboard] Rendering dashboard for guest: test-w7-1770444966760-jzf7q5sr@example.com
[dotenv@17.2.4] injecting env (0) from .env.e2e -- tip: ⚙️  suppress all logs with { quiet: true }
[2m[WebServer] [22m GET /guest/dashboard [32m200[39m in 626ms[2m (compile: 4ms, proxy.ts: 151ms, render: 471ms)[22m
[2m[WebServer] [22m[Middleware] Guest auth check: {
[2m[WebServer] [22m  path: '/guest/events',
[2m[WebServer] [22m  hasCookie: true,
[2m[WebServer] [22m  cookieValue: 'b548b584...',
[2m[WebServer] [22m  allCookies: [ 'sb-olcqaawrpnanioaorfer-auth-token', 'guest_session' ]
[2m[WebServer] [22m}
[2m[WebServer] [22m[Middleware] Session query result: {
[2m[WebServer] [22m  sessionsFound: 1,
[2m[WebServer] [22m  hasError: false,
[2m[WebServer] [22m  errorMessage: undefined,
[2m[WebServer] [22m  tokenPrefix: 'b548b584'
[2m[WebServer] [22m}
[dotenv@17.2.4] injecting env (0) from .env.e2e -- tip: 🔐 prevent committing .env to code: https://dotenvx.com/precommit
[Worker 8] Created test guest: {
  email: [32m'test-w8-1770444970013-0143e0fd@example.com'[39m,
  id: [32m'1ef71091-1f7e-4164-acde-89c6f58dcffb'[39m,
  authMethod: [32m'email_matching'[39m,
  groupId: [32m'ac5dc214-81cf-4884-a50e-a6f18fbdd804'[39m
}
[Worker 8] ✅ Verified guest exists: {
  email: [32m'test-w8-1770444970013-0143e0fd@example.com'[39m,
  authMethod: [32m'email_matching'[39m
}
[Worker 9] Created test guest: {
  email: [32m'test-w9-1770444970266-kpb3h7is@example.com'[39m,
  id: [32m'48efabb4-c69b-4bbc-84e6-e06db4975ae5'[39m,
  authMethod: [32m'email_matching'[39m,
  groupId: [32m'39b1a6a0-b2a3-4525-9916-65f3eb632b70'[39m
}
[Worker 9] ✅ Verified guest exists: {
  email: [32m'test-w9-1770444970266-kpb3h7is@example.com'[39m,
  authMethod: [32m'email_matching'[39m
}
[2m[WebServer] [22m[Middleware] User authenticated: e7f5ae65-376e-4d05-a18c-10a91295727a
[2m[WebServer] [22m[Middleware] Admin user data query result: { userData: { role: 'owner', status: 'active' }, userError: null }
[2m[WebServer] [22m[Middleware] Access granted for admin role: owner
[2m[WebServer] [22m[Middleware] Guest auth check: {
[2m[WebServer] [22m  path: '/api/guest/events',
[2m[WebServer] [22m  hasCookie: true,
[2m[WebServer] [22m  cookieValue: 'b548b584...',
[2m[WebServer] [22m  allCookies: [ 'sb-olcqaawrpnanioaorfer-auth-token', 'guest_session' ]
[2m[WebServer] [22m}
[2m[WebServer] [22m[Middleware] Guest auth check: {
[2m[WebServer] [22m  path: '/api/guest/rsvps',
[2m[WebServer] [22m  hasCookie: true,
[2m[WebServer] [22m  cookieValue: 'b548b584...',
[2m[WebServer] [22m  allCookies: [ 'sb-olcqaawrpnanioaorfer-auth-token', 'guest_session' ]
[2m[WebServer] [22m}
[2m[WebServer] [22m[Middleware] Guest auth check: {
[2m[WebServer] [22m  path: '/api/guest/announcements',
[2m[WebServer] [22m  hasCookie: true,
[2m[WebServer] [22m  cookieValue: 'b548b584...',
[2m[WebServer] [22m  allCookies: [ 'sb-olcqaawrpnanioaorfer-auth-token', 'guest_session' ]
[2m[WebServer] [22m}
[2m[WebServer] [22m[Middleware] Guest auth check: {
[2m[WebServer] [22m  path: '/api/guest/wedding-info',
[2m[WebServer] [22m  hasCookie: true,
[2m[WebServer] [22m  cookieValue: 'b548b584...',
[2m[WebServer] [22m  allCookies: [ 'sb-olcqaawrpnanioaorfer-auth-token', 'guest_session' ]
[2m[WebServer] [22m}
[2m[WebServer] [22m[Middleware] Guest auth check: {
[2m[WebServer] [22m  path: '/guest/dashboard',
[2m[WebServer] [22m  hasCookie: true,
[2m[WebServer] [22m  cookieValue: 'e34e15e2...',
[2m[WebServer] [22m  allCookies: [ 'sb-olcqaawrpnanioaorfer-auth-token', 'guest_session' ]
[2m[WebServer] [22m}
[2m[WebServer] [22m[Middleware] Session query result: {
[2m[WebServer] [22m  sessionsFound: 1,
[2m[WebServer] [22m  hasError: false,
[2m[WebServer] [22m  errorMessage: undefined,
[2m[WebServer] [22m  tokenPrefix: 'b548b584'
[2m[WebServer] [22m}
[2m[WebServer] [22m[Middleware] Session query result: {
[2m[WebServer] [22m  sessionsFound: 1,
[2m[WebServer] [22m  hasError: false,
[2m[WebServer] [22m  errorMessage: undefined,
[2m[WebServer] [22m  tokenPrefix: 'b548b584'
[2m[WebServer] [22m}
[2m[WebServer] [22m[Middleware] Session query result: {
[2m[WebServer] [22m  sessionsFound: 1,
[2m[WebServer] [22m  hasError: false,
[2m[WebServer] [22m  errorMessage: undefined,
[2m[WebServer] [22m  tokenPrefix: 'b548b584'
[2m[WebServer] [22m}
[2m[WebServer] [22m[Middleware] Session query result: {
[2m[WebServer] [22m  sessionsFound: 1,
[2m[WebServer] [22m  hasError: false,
[2m[WebServer] [22m  errorMessage: undefined,
[2m[WebServer] [22m  tokenPrefix: 'b548b584'
[2m[WebServer] [22m}
[2m[WebServer] [22m[Middleware] Session query result: {
[2m[WebServer] [22m  sessionsFound: 1,
[2m[WebServer] [22m  hasError: false,
[2m[WebServer] [22m  errorMessage: undefined,
[2m[WebServer] [22m  tokenPrefix: 'e34e15e2'
[2m[WebServer] [22m}
[2m[WebServer] [22m[GuestDashboard] Session check: { hasToken: [33mtrue[39m, tokenPrefix: [32m'e34e15e2'[39m }
[2m[WebServer] [22m GET /auth/login [32m200[39m in 1620ms[2m (compile: 1071ms, proxy.ts: 127ms, render: 422ms)[22m
[2m[WebServer] [22m GET /auth/guest-login [32m200[39m in 2.4s[2m (compile: 1835ms, proxy.ts: 109ms, render: 424ms)[22m
[2m[WebServer] [22m GET /auth/guest-login [32m200[39m in 2.1s[2m (compile: 1675ms, proxy.ts: 32ms, render: 426ms)[22m
[2m[WebServer] [22m[GuestDashboard] Session query result: {
[2m[WebServer] [22m  found: [33mtrue[39m,
[2m[WebServer] [22m  error: [90mundefined[39m,
[2m[WebServer] [22m  guestId: [32m'1913b36b-d7e4-44a2-9ddc-385b393e412b'[39m
[2m[WebServer] [22m}
[2m[WebServer] [22m GET /api/guest/wedding-info [32m200[39m in 1914ms[2m (compile: 813ms, proxy.ts: 384ms, render: 717ms)[22m
[2m[WebServer] [22m GET /api/guest/rsvps [32m200[39m in 1949ms[2m (compile: 813ms, proxy.ts: 385ms, render: 752ms)[22m
[2m[WebServer] [22m GET /api/guest/events [32m200[39m in 1949ms[2m (compile: 815ms, proxy.ts: 385ms, render: 749ms)[22m
[2m[WebServer] [22m GET /api/guest/announcements [32m200[39m in 1949ms[2m (compile: 814ms, proxy.ts: 384ms, render: 752ms)[22m
[2m[WebServer] [22m GET /guest/events [32m200[39m in 3.8s[2m (compile: 2.9s, proxy.ts: 158ms, render: 808ms)[22m
[2m[WebServer] [22m[GuestDashboard] Guest query result: {
[2m[WebServer] [22m  found: [33mtrue[39m,
[2m[WebServer] [22m  error: [90mundefined[39m,
[2m[WebServer] [22m  email: [32m'test-w6-1770444965745-ql6wp7qp@example.com'[39m
[2m[WebServer] [22m}
[2m[WebServer] [22m[GuestDashboard] Rendering dashboard for guest: test-w6-1770444965745-ql6wp7qp@example.com
[2m[WebServer] [22m GET /guest/dashboard [32m200[39m in 2.1s[2m (compile: 754ms, proxy.ts: 446ms, render: 888ms)[22m
[2m[WebServer] [22m[Middleware] Guest auth check: {
[2m[WebServer] [22m  path: '/api/guest/events',
[2m[WebServer] [22m  hasCookie: true,
[2m[WebServer] [22m  cookieValue: 'b548b584...',
[2m[WebServer] [22m  allCookies: [ 'sb-olcqaawrpnanioaorfer-auth-token', 'guest_session' ]
[2m[WebServer] [22m}
[2m[WebServer] [22m[API] Looking for guest with email: nonexistent@example.com
[2m[WebServer] [22m[Middleware] Session query result: {
[2m[WebServer] [22m  sessionsFound: 1,
[2m[WebServer] [22m  hasError: false,
[2m[WebServer] [22m  errorMessage: undefined,
[2m[WebServer] [22m  tokenPrefix: 'b548b584'
[2m[WebServer] [22m}
[2m[WebServer] [22m[Middleware] Guest auth check: {
[2m[WebServer] [22m  path: '/api/guest/events',
[2m[WebServer] [22m  hasCookie: true,
[2m[WebServer] [22m  cookieValue: 'e34e15e2...',
[2m[WebServer] [22m  allCookies: [ 'sb-olcqaawrpnanioaorfer-auth-token', 'guest_session' ]
[2m[WebServer] [22m}
[2m[WebServer] [22m[Middleware] Guest auth check: {
[2m[WebServer] [22m  path: '/api/guest/wedding-info',
[2m[WebServer] [22m  hasCookie: true,
[2m[WebServer] [22m  cookieValue: 'e34e15e2...',
[2m[WebServer] [22m  allCookies: [ 'sb-olcqaawrpnanioaorfer-auth-token', 'guest_session' ]
[2m[WebServer] [22m}
[2m[WebServer] [22m[Middleware] Guest auth check: {
[2m[WebServer] [22m  path: '/api/guest/rsvps',
[2m[WebServer] [22m  hasCookie: true,
[2m[WebServer] [22m  cookieValue: 'e34e15e2...',
[2m[WebServer] [22m  allCookies: [ 'sb-olcqaawrpnanioaorfer-auth-token', 'guest_session' ]
[2m[WebServer] [22m}
[2m[WebServer] [22m[Middleware] Guest auth check: {
[2m[WebServer] [22m  path: '/api/guest/announcements',
[2m[WebServer] [22m  hasCookie: true,
[2m[WebServer] [22m  cookieValue: 'e34e15e2...',
[2m[WebServer] [22m  allCookies: [ 'sb-olcqaawrpnanioaorfer-auth-token', 'guest_session' ]
[2m[WebServer] [22m}
[2m[WebServer] [22m[Middleware] Guest auth check: {
[2m[WebServer] [22m  path: '/guest/events',
[2m[WebServer] [22m  hasCookie: true,
[2m[WebServer] [22m  cookieValue: 'b548b584...',
[2m[WebServer] [22m  allCookies: [ 'sb-olcqaawrpnanioaorfer-auth-token', 'guest_session' ]
[2m[WebServer] [22m}
[2m[WebServer] [22m[API] Guest query result: {
[2m[WebServer] [22m  found: [33mfalse[39m,
[2m[WebServer] [22m  email: [90mundefined[39m,
[2m[WebServer] [22m  authMethod: [90mundefined[39m,
[2m[WebServer] [22m  error: [32m'Cannot coerce the result to a single JSON object'[39m
[2m[WebServer] [22m}
[2m[WebServer] [22m POST /api/guest-auth/email-match [33m404[39m in 309ms[2m (compile: 35ms, proxy.ts: 69ms, render: 205ms)[22m
[2m[WebServer] [22m[Middleware] Session query result: {
[2m[WebServer] [22m  sessionsFound: 1,
[2m[WebServer] [22m  hasError: false,
[2m[WebServer] [22m  errorMessage: undefined,
[2m[WebServer] [22m  tokenPrefix: 'b548b584'
[2m[WebServer] [22m}
[2m[WebServer] [22m[Middleware] Session query result: {
[2m[WebServer] [22m  sessionsFound: 1,
[2m[WebServer] [22m  hasError: false,
[2m[WebServer] [22m  errorMessage: undefined,
[2m[WebServer] [22m  tokenPrefix: 'e34e15e2'
[2m[WebServer] [22m}
[2m[WebServer] [22m[Middleware] Session query result: {
[2m[WebServer] [22m  sessionsFound: 1,
[2m[WebServer] [22m  hasError: false,
[2m[WebServer] [22m  errorMessage: undefined,
[2m[WebServer] [22m  tokenPrefix: 'e34e15e2'
[2m[WebServer] [22m}
[2m[WebServer] [22m[Middleware] Session query result: {
[2m[WebServer] [22m  sessionsFound: 1,
[2m[WebServer] [22m  hasError: false,
[2m[WebServer] [22m  errorMessage: undefined,
[2m[WebServer] [22m  tokenPrefix: 'e34e15e2'
[2m[WebServer] [22m}
[2m[WebServer] [22m[Middleware] Session query result: {
[2m[WebServer] [22m  sessionsFound: 1,
[2m[WebServer] [22m  hasError: false,
[2m[WebServer] [22m  errorMessage: undefined,
[2m[WebServer] [22m  tokenPrefix: 'e34e15e2'
[2m[WebServer] [22m}
[2m[WebServer] [22m GET /api/guest/events [32m200[39m in 877ms[2m (compile: 41ms, proxy.ts: 220ms, render: 617ms)[22m
[2m[WebServer] [22m GET /api/guest/wedding-info [32m200[39m in 698ms[2m (compile: 27ms, proxy.ts: 189ms, render: 482ms)[22m
[2m[WebServer] [22m GET /api/guest/announcements [32m200[39m in 707ms[2m (compile: 33ms, proxy.ts: 202ms, render: 472ms)[22m
[2m[WebServer] [22m GET /guest/events [32m200[39m in 747ms[2m (compile: 73ms, proxy.ts: 183ms, render: 491ms)[22m
[2m[WebServer] [22m GET /api/guest/rsvps [32m200[39m in 767ms[2m (compile: 34ms, proxy.ts: 215ms, render: 519ms)[22m
[2m[WebServer] [22m GET /api/guest/events [32m200[39m in 847ms[2m (compile: 32ms, proxy.ts: 201ms, render: 614ms)[22m
[2m[WebServer] [22m GET /auth/guest-login/verify?token=daac6d889bad5c52f7b281b05bb295e8e10b20a02d4903f7cc66b4a42e08cbf9 [32m200[39m in 167ms[2m (compile: 25ms, proxy.ts: 37ms, render: 105ms)[22m
  ✓  13 [chromium] › __tests__/e2e/auth/guestAuth.spec.ts:504:7 › Guest Authentication › should switch between authentication tabs (6.3s)
[Worker 8] Created test guest: {
  email: [32m'test-w8-1770444976468-0tguivb4@example.com'[39m,
  id: [32m'e985f76e-c0c3-4fe8-9a03-eb5cedbe74cb'[39m,
  authMethod: [32m'email_matching'[39m,
  groupId: [32m'b35fb995-4c02-406a-975f-fd52f220a070'[39m
}
[Worker 8] ✅ Verified guest exists: {
  email: [32m'test-w8-1770444976468-0tguivb4@example.com'[39m,
  authMethod: [32m'email_matching'[39m
}
[2m[WebServer] [22m[Middleware] Guest auth check: {
[2m[WebServer] [22m  path: '/api/guest/events',
[2m[WebServer] [22m  hasCookie: true,
[2m[WebServer] [22m  cookieValue: 'b548b584...',
[2m[WebServer] [22m  allCookies: [ 'sb-olcqaawrpnanioaorfer-auth-token', 'guest_session' ]
[2m[WebServer] [22m}
[2m[WebServer] [22m[Middleware] Session query result: {
[2m[WebServer] [22m  sessionsFound: 1,
[2m[WebServer] [22m  hasError: false,
[2m[WebServer] [22m  errorMessage: undefined,
[2m[WebServer] [22m  tokenPrefix: 'b548b584'
[2m[WebServer] [22m}
[2m[WebServer] [22m GET /auth/guest-login [32m200[39m in 212ms[2m (compile: 3ms, proxy.ts: 33ms, render: 176ms)[22m
[2m[WebServer] [22m POST /api/guest-auth/magic-link/verify [34m307[39m in 320ms[2m (compile: 69ms, proxy.ts: 73ms, render: 178ms)[22m
[2m[WebServer] [22m POST /auth/guest-login/verify?error=INVALID_TOKEN&message=Invalid+or+expired+magic+link [32m200[39m in 89ms[2m (compile: 9ms, proxy.ts: 9ms, render: 71ms)[22m
[2m[WebServer] [22m GET /api/guest/events [32m200[39m in 886ms[2m (compile: 16ms, proxy.ts: 224ms, render: 647ms)[22m
[2m[WebServer] [22m[API] Looking for guest with email: test-w8-1770444976468-0tguivb4@example.com
[2m[WebServer] [22m[API] Guest query result: {
[2m[WebServer] [22m  found: [33mtrue[39m,
[2m[WebServer] [22m  email: [32m'test-w8-1770444976468-0tguivb4@example.com'[39m,
[2m[WebServer] [22m  authMethod: [32m'email_matching'[39m,
[2m[WebServer] [22m  error: [90mundefined[39m
[2m[WebServer] [22m}
[2m[WebServer] [22m[API] Setting guest session cookie: {
[2m[WebServer] [22m  tokenPrefix: [32m'60774393'[39m,
[2m[WebServer] [22m  cookieOptions: {
[2m[WebServer] [22m    httpOnly: [33mtrue[39m,
[2m[WebServer] [22m    secure: [33mfalse[39m,
[2m[WebServer] [22m    sameSite: [32m'lax'[39m,
[2m[WebServer] [22m    maxAge: [33m86400[39m,
[2m[WebServer] [22m    path: [32m'/'[39m
[2m[WebServer] [22m  },
[2m[WebServer] [22m  guestId: [32m'e985f76e-c0c3-4fe8-9a03-eb5cedbe74cb'[39m,
[2m[WebServer] [22m  sessionId: [32m'cce88e4c-b746-42a1-ade9-08b17938fd20'[39m
[2m[WebServer] [22m}
[2m[WebServer] [22m POST /api/guest-auth/email-match [32m200[39m in 415ms[2m (compile: 9ms, proxy.ts: 28ms, render: 378ms)[22m
[2m[WebServer] [22m[Middleware] Guest auth check: {
[2m[WebServer] [22m  path: '/guest/activities',
[2m[WebServer] [22m  hasCookie: true,
[2m[WebServer] [22m  cookieValue: 'b548b584...',
[2m[WebServer] [22m  allCookies: [ 'sb-olcqaawrpnanioaorfer-auth-token', 'guest_session' ]
[2m[WebServer] [22m}
  ✘  11 [chromium] › __tests__/e2e/auth/guestAuth.spec.ts:433:7 › Guest Authentication › should complete logout flow (13.4s)
[2m[WebServer] [22m[Middleware] Session query result: {
[2m[WebServer] [22m  sessionsFound: 1,
[2m[WebServer] [22m  hasError: false,
[2m[WebServer] [22m  errorMessage: undefined,
[2m[WebServer] [22m  tokenPrefix: 'b548b584'
[2m[WebServer] [22m}
[2m[WebServer] [22m[Middleware] Guest auth check: {
[2m[WebServer] [22m  path: '/guest/dashboard',
[2m[WebServer] [22m  hasCookie: true,
[2m[WebServer] [22m  cookieValue: '60774393...',
[2m[WebServer] [22m  allCookies: [ 'guest_session' ]
[2m[WebServer] [22m}
[2m[WebServer] [22m GET /auth/guest-login [32m200[39m in 258ms[2m (compile: 31ms, proxy.ts: 43ms, render: 184ms)[22m
[2m[WebServer] [22m GET /auth/guest-login [32m200[39m in 260ms[2m (compile: 31ms, proxy.ts: 43ms, render: 187ms)[22m
[2m[WebServer] [22m GET /auth/guest-login [32m200[39m in 263ms[2m (compile: 31ms, proxy.ts: 43ms, render: 189ms)[22m
[2m[WebServer] [22m GET /auth/guest-login [32m200[39m in 239ms[2m (compile: 6ms, proxy.ts: 39ms, render: 193ms)[22m
[2m[WebServer] [22m[Middleware] Session query result: {
[2m[WebServer] [22m  sessionsFound: 1,
[2m[WebServer] [22m  hasError: false,
[2m[WebServer] [22m  errorMessage: undefined,
[2m[WebServer] [22m  tokenPrefix: '60774393'
[2m[WebServer] [22m}
[2m[WebServer] [22m[GuestDashboard] Session check: { hasToken: [33mtrue[39m, tokenPrefix: [32m'60774393'[39m }
[2m[WebServer] [22m[GuestDashboard] Session query result: {
[2m[WebServer] [22m  found: [33mtrue[39m,
[2m[WebServer] [22m  error: [90mundefined[39m,
[2m[WebServer] [22m  guestId: [32m'e985f76e-c0c3-4fe8-9a03-eb5cedbe74cb'[39m
[2m[WebServer] [22m}
[2m[WebServer] [22m[GuestDashboard] Guest query result: {
[2m[WebServer] [22m  found: [33mtrue[39m,
[2m[WebServer] [22m  error: [90mundefined[39m,
[2m[WebServer] [22m  email: [32m'test-w8-1770444976468-0tguivb4@example.com'[39m
[2m[WebServer] [22m}
[2m[WebServer] [22m[GuestDashboard] Rendering dashboard for guest: test-w8-1770444976468-0tguivb4@example.com
[2m[WebServer] [22m GET /guest/dashboard [32m200[39m in 2.6s[2m (compile: 1716ms, proxy.ts: 213ms, render: 672ms)[22m
[2m[WebServer] [22m GET /guest/activities [32m200[39m in 2.8s[2m (compile: 1921ms, proxy.ts: 179ms, render: 673ms)[22m
[2m[WebServer] [22m[Middleware] Guest auth check: {
[2m[WebServer] [22m  path: '/guest/events',
[2m[WebServer] [22m  hasCookie: true,
[2m[WebServer] [22m  cookieValue: 'b548b584...',
[2m[WebServer] [22m  allCookies: [ 'sb-olcqaawrpnanioaorfer-auth-token', 'guest_session' ]
[2m[WebServer] [22m}
[2m[WebServer] [22m[Middleware] Session query result: {
[2m[WebServer] [22m  sessionsFound: 1,
[2m[WebServer] [22m  hasError: false,
[2m[WebServer] [22m  errorMessage: undefined,
[2m[WebServer] [22m  tokenPrefix: 'b548b584'
[2m[WebServer] [22m}
[2m[WebServer] [22m[API] Looking for guest with email: nonexistent@example.com
[2m[WebServer] [22m[API] Looking for guest with email: test-w3-1770444977554-7uzk4fz2@example.com
[2m[WebServer] [22m GET /auth/guest-login [32m200[39m in 1188ms[2m (compile: 25ms, proxy.ts: 110ms, render: 1053ms)[22m
[2m[WebServer] [22m GET /auth/guest-login/verify?error=INVALID_TOKEN&message=Invalid+or+expired+magic+link [32m200[39m in 1191ms[2m (compile: 214ms, proxy.ts: 110ms, render: 867ms)[22m
[2m[WebServer] [22m[API] Looking for guest with email: test-w0-1770444977659-6g8stvz6@example.com
[2m[WebServer] [22m[API] Guest query result: {
[2m[WebServer] [22m  found: [33mtrue[39m,
[2m[WebServer] [22m  email: [32m'test-w3-1770444977554-7uzk4fz2@example.com'[39m,
[2m[WebServer] [22m  authMethod: [32m'email_matching'[39m,
[2m[WebServer] [22m  error: [90mundefined[39m
[2m[WebServer] [22m}
[2m[WebServer] [22m[API] Guest query result: {
[2m[WebServer] [22m  found: [33mfalse[39m,
[2m[WebServer] [22m  email: [90mundefined[39m,
[2m[WebServer] [22m  authMethod: [90mundefined[39m,
[2m[WebServer] [22m  error: [32m'Cannot coerce the result to a single JSON object'[39m
[2m[WebServer] [22m}
[2m[WebServer] [22m POST /api/guest-auth/email-match [33m404[39m in 801ms[2m (compile: 443ms, proxy.ts: 172ms, render: 186ms)[22m
[2m[WebServer] [22m[API] Guest query result: {
[2m[WebServer] [22m  found: [33mtrue[39m,
[2m[WebServer] [22m  email: [32m'test-w0-1770444977659-6g8stvz6@example.com'[39m,
[2m[WebServer] [22m  authMethod: [32m'email_matching'[39m,
[2m[WebServer] [22m  error: [90mundefined[39m
[2m[WebServer] [22m}
[2m[WebServer] [22m[API] Setting guest session cookie: {
[2m[WebServer] [22m  tokenPrefix: [32m'51cb62a1'[39m,
[2m[WebServer] [22m  cookieOptions: {
[2m[WebServer] [22m    httpOnly: [33mtrue[39m,
[2m[WebServer] [22m    secure: [33mfalse[39m,
[2m[WebServer] [22m    sameSite: [32m'lax'[39m,
[2m[WebServer] [22m    maxAge: [33m86400[39m,
[2m[WebServer] [22m    path: [32m'/'[39m
[2m[WebServer] [22m  },
[2m[WebServer] [22m  guestId: [32m'06c0c5d3-93be-49a2-9f4f-8243336507c9'[39m,
[2m[WebServer] [22m  sessionId: [32m'19b76fc7-b241-46c4-9113-abfcaf6635d9'[39m
[2m[WebServer] [22m}
[2m[WebServer] [22m POST /api/guest-auth/email-match [32m200[39m in 939ms[2m (compile: 443ms, proxy.ts: 172ms, render: 324ms)[22m
[2m[WebServer] [22m[API] Setting guest session cookie: {
[2m[WebServer] [22m  tokenPrefix: [32m'ef9bb579'[39m,
[2m[WebServer] [22m  cookieOptions: {
[2m[WebServer] [22m    httpOnly: [33mtrue[39m,
[2m[WebServer] [22m    secure: [33mfalse[39m,
[2m[WebServer] [22m    sameSite: [32m'lax'[39m,
[2m[WebServer] [22m    maxAge: [33m86400[39m,
[2m[WebServer] [22m    path: [32m'/'[39m
[2m[WebServer] [22m  },
[2m[WebServer] [22m  guestId: [32m'b1f183a2-1863-49a8-a190-e3217cd03870'[39m,
[2m[WebServer] [22m  sessionId: [32m'43f6b26f-8d86-42f3-a109-f7f77fcff591'[39m
[2m[WebServer] [22m}
[2m[WebServer] [22m POST /api/guest-auth/email-match [32m200[39m in 909ms[2m (compile: 36ms, proxy.ts: 533ms, render: 340ms)[22m
[2m[WebServer] [22m GET /guest/events [32m200[39m in 1623ms[2m (compile: 430ms, proxy.ts: 587ms, render: 605ms)[22m
[2m[WebServer] [22m[Middleware] Guest auth check: {
[2m[WebServer] [22m  path: '/guest/dashboard',
[2m[WebServer] [22m  hasCookie: true,
[2m[WebServer] [22m  cookieValue: '51cb62a1...',
[2m[WebServer] [22m  allCookies: [ 'guest_session' ]
[2m[WebServer] [22m}
[2m[WebServer] [22m[Middleware] Guest auth check: {
[2m[WebServer] [22m  path: '/guest/dashboard',
[2m[WebServer] [22m  hasCookie: true,
[2m[WebServer] [22m  cookieValue: 'ef9bb579...',
[2m[WebServer] [22m  allCookies: [ 'guest_session' ]
[2m[WebServer] [22m}
[2m[WebServer] [22m[Middleware] Session query result: {
[2m[WebServer] [22m  sessionsFound: 1,
[2m[WebServer] [22m  hasError: false,
[2m[WebServer] [22m  errorMessage: undefined,
[2m[WebServer] [22m  tokenPrefix: '51cb62a1'
[2m[WebServer] [22m}
[2m[WebServer] [22m[GuestDashboard] Session check: { hasToken: [33mtrue[39m, tokenPrefix: [32m'51cb62a1'[39m }
[2m[WebServer] [22m[Middleware] Session query result: {
[2m[WebServer] [22m  sessionsFound: 1,
[2m[WebServer] [22m  hasError: false,
[2m[WebServer] [22m  errorMessage: undefined,
[2m[WebServer] [22m  tokenPrefix: 'ef9bb579'
[2m[WebServer] [22m}
[2m[WebServer] [22m[GuestDashboard] Session check: { hasToken: [33mtrue[39m, tokenPrefix: [32m'ef9bb579'[39m }
[2m[WebServer] [22m[GuestDashboard] Session query result: {
[2m[WebServer] [22m  found: [33mtrue[39m,
[2m[WebServer] [22m  error: [90mundefined[39m,
[2m[WebServer] [22m  guestId: [32m'06c0c5d3-93be-49a2-9f4f-8243336507c9'[39m
[2m[WebServer] [22m}
[2m[WebServer] [22m GET /auth/guest-login [32m200[39m in 204ms[2m (compile: 20ms, proxy.ts: 19ms, render: 165ms)[22m
[2m[WebServer] [22m[GuestDashboard] Session query result: {
[2m[WebServer] [22m  found: [33mtrue[39m,
[2m[WebServer] [22m  error: [90mundefined[39m,
[2m[WebServer] [22m  guestId: [32m'b1f183a2-1863-49a8-a190-e3217cd03870'[39m
[2m[WebServer] [22m}
[2m[WebServer] [22m[GuestDashboard] Guest query result: {
[2m[WebServer] [22m  found: [33mtrue[39m,
[2m[WebServer] [22m  error: [90mundefined[39m,
[2m[WebServer] [22m  email: [32m'test-w3-1770444977554-7uzk4fz2@example.com'[39m
[2m[WebServer] [22m}
[2m[WebServer] [22m[GuestDashboard] Rendering dashboard for guest: test-w3-1770444977554-7uzk4fz2@example.com
[2m[WebServer] [22m[GuestDashboard] Guest query result: {
[2m[WebServer] [22m  found: [33mtrue[39m,
[2m[WebServer] [22m  error: [90mundefined[39m,
[2m[WebServer] [22m  email: [32m'test-w0-1770444977659-6g8stvz6@example.com'[39m
[2m[WebServer] [22m}
[2m[WebServer] [22m[GuestDashboard] Rendering dashboard for guest: test-w0-1770444977659-6g8stvz6@example.com
  ✘  12 [chromium] › __tests__/e2e/auth/guestAuth.spec.ts:476:7 › Guest Authentication › should persist authentication across page refreshes (17.6s)
[2m[WebServer] [22m GET /guest/dashboard [32m200[39m in 1202ms[2m (compile: 44ms, proxy.ts: 189ms, render: 969ms)[22m
[2m[WebServer] [22m GET /guest/dashboard [32m200[39m in 1167ms[2m (compile: 71ms, proxy.ts: 280ms, render: 816ms)[22m
[2m[WebServer] [22m[Middleware] Guest auth check: {
[2m[WebServer] [22m  path: '/api/guest/events',
[2m[WebServer] [22m  hasCookie: true,
[2m[WebServer] [22m  cookieValue: 'ef9bb579...',
[2m[WebServer] [22m  allCookies: [ 'guest_session' ]
[2m[WebServer] [22m}
[2m[WebServer] [22m[Middleware] Guest auth check: {
[2m[WebServer] [22m  path: '/api/guest/rsvps',
[2m[WebServer] [22m  hasCookie: true,
[2m[WebServer] [22m  cookieValue: 'ef9bb579...',
[2m[WebServer] [22m  allCookies: [ 'guest_session' ]
[2m[WebServer] [22m}
[2m[WebServer] [22m[Middleware] Guest auth check: {
[2m[WebServer] [22m  path: '/api/guest/events',
[2m[WebServer] [22m  hasCookie: true,
[2m[WebServer] [22m  cookieValue: '51cb62a1...',
[2m[WebServer] [22m  allCookies: [ 'guest_session' ]
[2m[WebServer] [22m}
[2m[WebServer] [22m[Middleware] Guest auth check: {
[2m[WebServer] [22m  path: '/api/guest/announcements',
[2m[WebServer] [22m  hasCookie: true,
[2m[WebServer] [22m  cookieValue: 'ef9bb579...',
[2m[WebServer] [22m  allCookies: [ 'guest_session' ]
[2m[WebServer] [22m}
[2m[WebServer] [22m[Middleware] Guest auth check: {
[2m[WebServer] [22m  path: '/api/guest/wedding-info',
[2m[WebServer] [22m  hasCookie: true,
[2m[WebServer] [22m  cookieValue: '51cb62a1...',
[2m[WebServer] [22m  allCookies: [ 'guest_session' ]
[2m[WebServer] [22m}
[2m[WebServer] [22m[Middleware] Guest auth check: {
[2m[WebServer] [22m  path: '/api/guest/rsvps',
[2m[WebServer] [22m  hasCookie: true,
[2m[WebServer] [22m  cookieValue: '51cb62a1...',
[2m[WebServer] [22m  allCookies: [ 'guest_session' ]
[2m[WebServer] [22m}
[2m[WebServer] [22m[Middleware] Guest auth check: {
[2m[WebServer] [22m  path: '/api/guest/wedding-info',
[2m[WebServer] [22m  hasCookie: true,
[2m[WebServer] [22m  cookieValue: 'ef9bb579...',
[2m[WebServer] [22m  allCookies: [ 'guest_session' ]
[2m[WebServer] [22m}
[2m[WebServer] [22m[Middleware] Guest auth check: {
[2m[WebServer] [22m  path: '/api/guest/announcements',
[2m[WebServer] [22m  hasCookie: true,
[2m[WebServer] [22m  cookieValue: '51cb62a1...',
[2m[WebServer] [22m  allCookies: [ 'guest_session' ]
[2m[WebServer] [22m}
[2m[WebServer] [22m[API] Looking for guest with email: test-w2-1770444983198-uqemtio8@example.com
[2m[WebServer] [22m[Middleware] Session query result: {
[2m[WebServer] [22m  sessionsFound: 0,
[2m[WebServer] [22m  hasError: false,
[2m[WebServer] [22m  errorMessage: undefined,
[2m[WebServer] [22m  tokenPrefix: 'ef9bb579'
[2m[WebServer] [22m}
[2m[WebServer] [22m[Middleware] No session found in database for token
[2m[WebServer] [22m[Middleware] Session query result: {
[2m[WebServer] [22m  sessionsFound: 0,
[2m[WebServer] [22m  hasError: false,
[2m[WebServer] [22m  errorMessage: undefined,
[2m[WebServer] [22m  tokenPrefix: 'ef9bb579'
[2m[WebServer] [22m}
[2m[WebServer] [22m[Middleware] No session found in database for token
[2m[WebServer] [22m[Middleware] Session query result: {
[2m[WebServer] [22m  sessionsFound: 0,
[2m[WebServer] [22m  hasError: false,
[2m[WebServer] [22m  errorMessage: undefined,
[2m[WebServer] [22m  tokenPrefix: 'ef9bb579'
[2m[WebServer] [22m}
[2m[WebServer] [22m[Middleware] No session found in database for token
[2m[WebServer] [22m[Middleware] Session query result: {
[2m[WebServer] [22m  sessionsFound: 1,
[2m[WebServer] [22m  hasError: false,
[2m[WebServer] [22m  errorMessage: undefined,
[2m[WebServer] [22m  tokenPrefix: '51cb62a1'
[2m[WebServer] [22m}
[2m[WebServer] [22m[Middleware] Session query result: {
[2m[WebServer] [22m  sessionsFound: 1,
[2m[WebServer] [22m  hasError: false,
[2m[WebServer] [22m  errorMessage: undefined,
[2m[WebServer] [22m  tokenPrefix: '51cb62a1'
[2m[WebServer] [22m}
[2m[WebServer] [22m[Middleware] Session query result: {
[2m[WebServer] [22m  sessionsFound: 1,
[2m[WebServer] [22m  hasError: false,
[2m[WebServer] [22m  errorMessage: undefined,
[2m[WebServer] [22m  tokenPrefix: '51cb62a1'
[2m[WebServer] [22m}
[2m[WebServer] [22m[Middleware] Session query result: {
[2m[WebServer] [22m  sessionsFound: 0,
[2m[WebServer] [22m  hasError: false,
[2m[WebServer] [22m  errorMessage: undefined,
[2m[WebServer] [22m  tokenPrefix: 'ef9bb579'
[2m[WebServer] [22m}
[2m[WebServer] [22m[Middleware] No session found in database for token
[2m[WebServer] [22m[Middleware] Session query result: {
[2m[WebServer] [22m  sessionsFound: 1,
[2m[WebServer] [22m  hasError: false,
[2m[WebServer] [22m  errorMessage: undefined,
[2m[WebServer] [22m  tokenPrefix: '51cb62a1'
[2m[WebServer] [22m}
[2m[WebServer] [22m GET /auth/guest-login [32m200[39m in 50ms[2m (compile: 1481µs, proxy.ts: 7ms, render: 41ms)[22m
[2m[WebServer] [22m[API] Guest query result: {
[2m[WebServer] [22m  found: [33mtrue[39m,
[2m[WebServer] [22m  email: [32m'test-w2-1770444983198-uqemtio8@example.com'[39m,
[2m[WebServer] [22m  authMethod: [32m'email_matching'[39m,
[2m[WebServer] [22m  error: [90mundefined[39m
[2m[WebServer] [22m}
[2m[WebServer] [22m[API] Setting guest session cookie: {
[2m[WebServer] [22m  tokenPrefix: [32m'df116def'[39m,
[2m[WebServer] [22m  cookieOptions: {
[2m[WebServer] [22m    httpOnly: [33mtrue[39m,
[2m[WebServer] [22m    secure: [33mfalse[39m,
[2m[WebServer] [22m    sameSite: [32m'lax'[39m,
[2m[WebServer] [22m    maxAge: [33m86400[39m,
[2m[WebServer] [22m    path: [32m'/'[39m
[2m[WebServer] [22m  },
[2m[WebServer] [22m  guestId: [32m'da7ab03a-d1cc-4cbd-af02-3cbe5ee76f8c'[39m,
[2m[WebServer] [22m  sessionId: [32m'cbaf4dc4-0a95-4456-b94b-e887ae94258f'[39m
[2m[WebServer] [22m}
[2m[WebServer] [22m POST /api/guest-auth/email-match [32m200[39m in 540ms[2m (compile: 3ms, proxy.ts: 166ms, render: 371ms)[22m
[2m[WebServer] [22m GET /api/guest/wedding-info [32m200[39m in 678ms[2m (compile: 38ms, proxy.ts: 236ms, render: 403ms)[22m
[2m[WebServer] [22m GET /api/guest/rsvps [32m200[39m in 698ms[2m (compile: 33ms, proxy.ts: 234ms, render: 431ms)[22m
[2m[WebServer] [22m[Middleware] Guest auth check: {
[2m[WebServer] [22m  path: '/guest/dashboard',
[2m[WebServer] [22m  hasCookie: true,
[2m[WebServer] [22m  cookieValue: 'df116def...',
[2m[WebServer] [22m  allCookies: [ 'guest_session' ]
[2m[WebServer] [22m}
[2m[WebServer] [22m GET /api/guest/announcements [32m200[39m in 809ms[2m (compile: 10ms, proxy.ts: 377ms, render: 423ms)[22m
[2m[WebServer] [22m GET /api/guest/events [32m200[39m in 853ms[2m (compile: 22ms, proxy.ts: 232ms, render: 599ms)[22m
[2m[WebServer] [22m[Middleware] Session query result: {
[2m[WebServer] [22m  sessionsFound: 1,
[2m[WebServer] [22m  hasError: false,
[2m[WebServer] [22m  errorMessage: undefined,
[2m[WebServer] [22m  tokenPrefix: 'df116def'
[2m[WebServer] [22m}
[2m[WebServer] [22m[GuestDashboard] Session check: { hasToken: [33mtrue[39m, tokenPrefix: [32m'df116def'[39m }
[2m[WebServer] [22m GET /auth/guest-login [32m200[39m in 67ms[2m (compile: 2ms, proxy.ts: 12ms, render: 53ms)[22m
[2m[WebServer] [22m[Magic Link Request] Processing request for email: test-w1-1770444985262-157k9fng@example.com
[2m[WebServer] [22m[Magic Link Request] Looking for guest by email...
[2m[WebServer] [22m[GuestDashboard] Session query result: {
[2m[WebServer] [22m  found: [33mtrue[39m,
[2m[WebServer] [22m  error: [90mundefined[39m,
[2m[WebServer] [22m  guestId: [32m'da7ab03a-d1cc-4cbd-af02-3cbe5ee76f8c'[39m
[2m[WebServer] [22m}
[2m[WebServer] [22m[Magic Link Request] Guest query result: {
[2m[WebServer] [22m  found: [33mtrue[39m,
[2m[WebServer] [22m  guestId: [32m'48b97441-43b7-4a13-8d54-57d47370e508'[39m,
[2m[WebServer] [22m  authMethod: [32m'email_matching'[39m,
[2m[WebServer] [22m  error: [90mundefined[39m
[2m[WebServer] [22m}
[2m[WebServer] [22m[Magic Link Request] Guest has wrong auth method: email_matching
[2m[WebServer] [22m POST /api/guest-auth/magic-link/request [33m400[39m in 182ms[2m (compile: 13ms, proxy.ts: 22ms, render: 146ms)[22m
[2m[WebServer] [22m[GuestDashboard] Guest query result: {
[2m[WebServer] [22m  found: [33mtrue[39m,
[2m[WebServer] [22m  error: [90mundefined[39m,
[2m[WebServer] [22m  email: [32m'test-w2-1770444983198-uqemtio8@example.com'[39m
[2m[WebServer] [22m}
[2m[WebServer] [22m[GuestDashboard] Rendering dashboard for guest: test-w2-1770444983198-uqemtio8@example.com
[2m[WebServer] [22m GET /guest/dashboard [32m200[39m in 569ms[2m (compile: 6ms, proxy.ts: 165ms, render: 398ms)[22m
[2m[WebServer] [22m[Magic Link Request] Processing request for email: test-w0-1770444985981-3pchr7x5@example.com
[2m[WebServer] [22m[Magic Link Request] Looking for guest by email...
[2m[WebServer] [22m[Middleware] Guest auth check: {
[2m[WebServer] [22m  path: '/api/guest/events',
[2m[WebServer] [22m  hasCookie: true,
[2m[WebServer] [22m  cookieValue: 'df116def...',
[2m[WebServer] [22m  allCookies: [ 'guest_session' ]
[2m[WebServer] [22m}
[2m[WebServer] [22m[Middleware] Guest auth check: {
[2m[WebServer] [22m  path: '/api/guest/rsvps',
[2m[WebServer] [22m  hasCookie: true,
[2m[WebServer] [22m  cookieValue: 'df116def...',
[2m[WebServer] [22m  allCookies: [ 'guest_session' ]
[2m[WebServer] [22m}
[2m[WebServer] [22m[Middleware] Guest auth check: {
[2m[WebServer] [22m  path: '/api/guest/wedding-info',
[2m[WebServer] [22m  hasCookie: true,
[2m[WebServer] [22m  cookieValue: 'df116def...',
[2m[WebServer] [22m  allCookies: [ 'guest_session' ]
[2m[WebServer] [22m}
[2m[WebServer] [22m[Middleware] Guest auth check: {
[2m[WebServer] [22m  path: '/api/guest/announcements',
[2m[WebServer] [22m  hasCookie: true,
[2m[WebServer] [22m  cookieValue: 'df116def...',
[2m[WebServer] [22m  allCookies: [ 'guest_session' ]
[2m[WebServer] [22m}
[2m[WebServer] [22m[Magic Link Request] Guest query result: {
[2m[WebServer] [22m  found: [33mtrue[39m,
[2m[WebServer] [22m  guestId: [32m'33c3a6d1-2bfc-4a7b-a1f8-252b17958199'[39m,
[2m[WebServer] [22m  authMethod: [32m'email_matching'[39m,
[2m[WebServer] [22m  error: [90mundefined[39m
[2m[WebServer] [22m}
[2m[WebServer] [22m[Magic Link Request] Guest has wrong auth method: email_matching
[2m[WebServer] [22m POST /api/guest-auth/magic-link/request [33m400[39m in 233ms[2m (compile: 6ms, proxy.ts: 11ms, render: 217ms)[22m
[2m[WebServer] [22m[Middleware] Session query result: {
[2m[WebServer] [22m  sessionsFound: 0,
[2m[WebServer] [22m  hasError: false,
[2m[WebServer] [22m  errorMessage: undefined,
[2m[WebServer] [22m  tokenPrefix: 'df116def'
[2m[WebServer] [22m}
[2m[WebServer] [22m[Middleware] No session found in database for token
[2m[WebServer] [22m[Middleware] Session query result: {
[2m[WebServer] [22m  sessionsFound: 0,
[2m[WebServer] [22m  hasError: false,
[2m[WebServer] [22m  errorMessage: undefined,
[2m[WebServer] [22m  tokenPrefix: 'df116def'
[2m[WebServer] [22m}
[2m[WebServer] [22m[Middleware] No session found in database for token
[2m[WebServer] [22m[Middleware] Session query result: {
[2m[WebServer] [22m  sessionsFound: 0,
[2m[WebServer] [22m  hasError: false,
[2m[WebServer] [22m  errorMessage: undefined,
[2m[WebServer] [22m  tokenPrefix: 'df116def'
[2m[WebServer] [22m}
[2m[WebServer] [22m[Middleware] No session found in database for token
[2m[WebServer] [22m[Middleware] Session query result: {
[2m[WebServer] [22m  sessionsFound: 0,
[2m[WebServer] [22m  hasError: false,
[2m[WebServer] [22m  errorMessage: undefined,
[2m[WebServer] [22m  tokenPrefix: 'df116def'
[2m[WebServer] [22m}
[2m[WebServer] [22m[Middleware] No session found in database for token
  ✘  14 [chromium] › __tests__/e2e/auth/guestAuth.spec.ts:547:7 › Guest Authentication › should handle authentication errors gracefully (17.7s)
[2m[WebServer] [22m GET /auth/guest-login/verify?token=201421634fed46c31651d93ba9b915d510383626c01ea08fe9ccef59499d4f85 [32m200[39m in 39ms[2m (compile: 1573µs, proxy.ts: 5ms, render: 32ms)[22m
  ✘  15 [chromium] › __tests__/e2e/auth/guestAuth.spec.ts:591:7 › Guest Authentication › should log authentication events in audit log (12.7s)

🧹 E2E Global Teardown Starting...

🗑️  Cleaning up test data...
🧹 Running comprehensive test cleanup...
[2m[WebServer] [22m POST /api/guest-auth/magic-link/verify [34m307[39m in 167ms[2m (compile: 6ms, proxy.ts: 6ms, render: 156ms)[22m
[2m[WebServer] [22m POST /auth/guest-login/verify?error=INVALID_TOKEN&message=Invalid+or+expired+magic+link [32m200[39m in 82ms[2m (compile: 6ms, proxy.ts: 8ms, render: 68ms)[22m
✅ Comprehensive cleanup complete
✅ Test data cleaned

🔓 Removing authentication state...
   Removed: .auth/user.json
   Removed empty .auth directory
✅ Authentication state removed

📊 Execution Summary:
   Duration: 2.28s
   Errors: 0
   Status: ✅ Clean teardown

✨ E2E Global Teardown Complete!



  1) [chromium] › __tests__/e2e/auth/guestAuth.spec.ts:158:7 › Guest Authentication › should successfully authenticate with email matching 

    TimeoutError: page.waitForURL: Timeout 10000ms exceeded.
    =========================== logs ===========================
    waiting for navigation to "/guest/dashboard" until "domcontentloaded"
      navigated to "http://localhost:3000/guest/dashboard"
    ============================================================

      170 |
      171 |     // Wait for redirect to dashboard (use domcontentloaded instead of load)
    > 172 |     await page.waitForURL('/guest/dashboard', { 
          |                ^
      173 |       timeout: 10000,
      174 |       waitUntil: 'domcontentloaded'
      175 |     });
        at /Users/jaron/Desktop/wedding-platform-v2/__tests__/e2e/auth/guestAuth.spec.ts:172:16

    attachment #1: screenshot (image/png) ──────────────────────────────────────────────────────────
    test-results/auth-guestAuth-Guest-Authe-1ea91-nticate-with-email-matching-chromium/test-failed-1.png
    ────────────────────────────────────────────────────────────────────────────────────────────────

    attachment #2: video (video/webm) ──────────────────────────────────────────────────────────────
    test-results/auth-guestAuth-Guest-Authe-1ea91-nticate-with-email-matching-chromium/video.webm
    ────────────────────────────────────────────────────────────────────────────────────────────────

    Error Context: test-results/auth-guestAuth-Guest-Authe-1ea91-nticate-with-email-matching-chromium/error-context.md

  2) [chromium] › __tests__/e2e/auth/guestAuth.spec.ts:208:7 › Guest Authentication › should show loading state during authentication 

    Error: [2mexpect([22m[31mlocator[39m[2m).[22mtoBeDisabled[2m([22m[2m)[22m failed

    Locator: locator('button[type="submit"]:has-text("Log In")')
    Expected: disabled
    Timeout: 10000ms
    Error: element(s) not found

    Call log:
    [2m  - Expect "toBeDisabled" with timeout 10000ms[22m
    [2m  - waiting for locator('button[type="submit"]:has-text("Log In")')[22m
    [2m    - waiting for" http://localhost:3000/guest/dashboard" navigation to finish...[22m


      217 |
      218 |     // Verify button is disabled during loading
    > 219 |     await expect(submitButton).toBeDisabled();
          |                                ^
      220 |   });
      221 |
      222 |   test('should create session cookie on successful authentication', async ({ page, context }) => {
        at /Users/jaron/Desktop/wedding-platform-v2/__tests__/e2e/auth/guestAuth.spec.ts:219:32

    attachment #1: screenshot (image/png) ──────────────────────────────────────────────────────────
    test-results/auth-guestAuth-Guest-Authe-79b6f-state-during-authentication-chromium/test-failed-1.png
    ────────────────────────────────────────────────────────────────────────────────────────────────

    attachment #2: video (video/webm) ──────────────────────────────────────────────────────────────
    test-results/auth-guestAuth-Guest-Authe-79b6f-state-during-authentication-chromium/video.webm
    ────────────────────────────────────────────────────────────────────────────────────────────────

    Error Context: test-results/auth-guestAuth-Guest-Authe-79b6f-state-during-authentication-chromium/error-context.md

  3) [chromium] › __tests__/e2e/auth/guestAuth.spec.ts:248:7 › Guest Authentication › should successfully request and verify magic link 

    Error: [2mexpect([22m[31mlocator[39m[2m).[22mtoBeVisible[2m([22m[2m)[22m failed

    Locator: locator('.bg-green-50')
    Expected: visible
    Timeout: 10000ms
    Error: element(s) not found

    Call log:
    [2m  - Expect "toBeVisible" with timeout 10000ms[22m
    [2m  - waiting for locator('.bg-green-50')[22m
    [2m    - waiting for" http://localhost:3000/auth/guest-login" navigation to finish...[22m
    [2m    - navigated to "http://localhost:3000/auth/guest-login"[22m


      267 |
      268 |     // Wait for success message
    > 269 |     await expect(page.locator('.bg-green-50')).toBeVisible();
          |                                                ^
      270 |     await expect(page.locator('.text-green-800')).toContainText(/check your email/i);
      271 |     await expect(page.locator('.text-green-800')).toContainText('15 minutes');
      272 |
        at /Users/jaron/Desktop/wedding-platform-v2/__tests__/e2e/auth/guestAuth.spec.ts:269:48

    attachment #1: screenshot (image/png) ──────────────────────────────────────────────────────────
    test-results/auth-guestAuth-Guest-Authe-1c592-quest-and-verify-magic-link-chromium/test-failed-1.png
    ────────────────────────────────────────────────────────────────────────────────────────────────

    attachment #2: video (video/webm) ──────────────────────────────────────────────────────────────
    test-results/auth-guestAuth-Guest-Authe-1c592-quest-and-verify-magic-link-chromium/video.webm
    ────────────────────────────────────────────────────────────────────────────────────────────────

    Error Context: test-results/auth-guestAuth-Guest-Authe-1c592-quest-and-verify-magic-link-chromium/error-context.md

  4) [chromium] › __tests__/e2e/auth/guestAuth.spec.ts:298:7 › Guest Authentication › should show success message after requesting magic link 

    Error: [2mexpect([22m[31mlocator[39m[2m).[22mtoBeVisible[2m([22m[2m)[22m failed

    Locator: locator('.bg-green-50')
    Expected: visible
    Timeout: 10000ms
    Error: element(s) not found

    Call log:
    [2m  - Expect "toBeVisible" with timeout 10000ms[22m
    [2m  - waiting for locator('.bg-green-50')[22m


      315 |
      316 |     // Verify success message
    > 317 |     await expect(page.locator('.bg-green-50')).toBeVisible();
          |                                                ^
      318 |     await expect(page.locator('.text-green-800')).toContainText('Check your email for a login link');
      319 |     await expect(page.locator('.text-green-800')).toContainText('15 minutes');
      320 |
        at /Users/jaron/Desktop/wedding-platform-v2/__tests__/e2e/auth/guestAuth.spec.ts:317:48

    attachment #1: screenshot (image/png) ──────────────────────────────────────────────────────────
    test-results/auth-guestAuth-Guest-Authe-71b1d-after-requesting-magic-link-chromium/test-failed-1.png
    ────────────────────────────────────────────────────────────────────────────────────────────────

    Error Context: test-results/auth-guestAuth-Guest-Authe-71b1d-after-requesting-magic-link-chromium/error-context.md

  5) [chromium] › __tests__/e2e/auth/guestAuth.spec.ts:326:7 › Guest Authentication › should show error for expired magic link 

    Error: [2mexpect([22m[31mlocator[39m[2m).[22mtoContainText[2m([22m[32mexpected[39m[2m)[22m failed

    Locator: locator('h1')
    Expected substring: [32m"Link Expired"[39m
    Received string:    [31m"Invalid Link"[39m
    Timeout: 10000ms

    Call log:
    [2m  - Expect "toContainText" with timeout 10000ms[22m
    [2m  - waiting for locator('h1')[22m
    [2m    - waiting for" http://localhost:3000/auth/guest-login/verify?error=INVALID_TOKEN&message=Invalid+or+expired+magic+link" navigation to finish...[22m
    [2m    - navigated to "http://localhost:3000/auth/guest-login/verify?error=INVALID_TOKEN&message=Invalid+or+expired+magic+link"[22m
    [2m    3 × locator resolved to <h1 class="text-2xl font-bold text-jungle-800 mb-2">Verifying Your Link</h1>[22m
    [2m      - unexpected value "Verifying Your Link"[22m
    [2m    9 × locator resolved to <h1 class="text-2xl font-bold text-red-800 mb-2">Invalid Link</h1>[22m
    [2m      - unexpected value "Invalid Link"[22m


      349 |
      350 |     // Verify error message with more specific selectors
    > 351 |     await expect(page.locator('h1')).toContainText('Link Expired');
          |                                      ^
      352 |     const errorDescription = page.locator('p.text-gray-600').first();
      353 |     await expect(errorDescription).toContainText('This magic link has expired');
      354 |     const securityNote = page.locator('p.text-sm.text-gray-500');
        at /Users/jaron/Desktop/wedding-platform-v2/__tests__/e2e/auth/guestAuth.spec.ts:351:38

    attachment #1: screenshot (image/png) ──────────────────────────────────────────────────────────
    test-results/auth-guestAuth-Guest-Authe-fc3b3-rror-for-expired-magic-link-chromium/test-failed-1.png
    ────────────────────────────────────────────────────────────────────────────────────────────────

    Error Context: test-results/auth-guestAuth-Guest-Authe-fc3b3-rror-for-expired-magic-link-chromium/error-context.md

  6) [chromium] › __tests__/e2e/auth/guestAuth.spec.ts:362:7 › Guest Authentication › should show error for already used magic link 

    Error: [2mexpect([22m[31mlocator[39m[2m).[22mtoBeVisible[2m([22m[2m)[22m failed

    Locator: locator('.bg-green-50')
    Expected: visible
    Timeout: 10000ms
    Error: element(s) not found

    Call log:
    [2m  - Expect "toBeVisible" with timeout 10000ms[22m
    [2m  - waiting for locator('.bg-green-50')[22m


      374 |     await page.fill('#magic-link-input', testGuestEmail);
      375 |     await page.click('button[type="submit"]:has-text("Send Magic Link")');
    > 376 |     await expect(page.locator('.bg-green-50')).toBeVisible();
          |                                                ^
      377 |
      378 |     // Get token from database
      379 |     const { data: tokens } = await supabase
        at /Users/jaron/Desktop/wedding-platform-v2/__tests__/e2e/auth/guestAuth.spec.ts:376:48

    attachment #1: screenshot (image/png) ──────────────────────────────────────────────────────────
    test-results/auth-guestAuth-Guest-Authe-fb7a8-for-already-used-magic-link-chromium/test-failed-1.png
    ────────────────────────────────────────────────────────────────────────────────────────────────

    Error Context: test-results/auth-guestAuth-Guest-Authe-fb7a8-for-already-used-magic-link-chromium/error-context.md

  7) [chromium] › __tests__/e2e/auth/guestAuth.spec.ts:433:7 › Guest Authentication › should complete logout flow 

    TimeoutError: page.waitForURL: Timeout 10000ms exceeded.
    =========================== logs ===========================
    waiting for navigation to "/auth/guest-login" until "domcontentloaded"
      navigated to "http://localhost:3000/guest/dashboard"
      navigated to "http://localhost:3000/guest/dashboard"
      navigated to "http://localhost:3000/guest/dashboard"
    ============================================================

      453 |
      454 |     // Step 4: Wait for redirect to login page
    > 455 |     await page.waitForURL('/auth/guest-login', { 
          |                ^
      456 |       timeout: 10000,
      457 |       waitUntil: 'domcontentloaded'
      458 |     });
        at /Users/jaron/Desktop/wedding-platform-v2/__tests__/e2e/auth/guestAuth.spec.ts:455:16

    attachment #1: screenshot (image/png) ──────────────────────────────────────────────────────────
    test-results/auth-guestAuth-Guest-Authe-b7d01-should-complete-logout-flow-chromium/test-failed-1.png
    ────────────────────────────────────────────────────────────────────────────────────────────────

    attachment #2: video (video/webm) ──────────────────────────────────────────────────────────────
    test-results/auth-guestAuth-Guest-Authe-b7d01-should-complete-logout-flow-chromium/video.webm
    ────────────────────────────────────────────────────────────────────────────────────────────────

    Error Context: test-results/auth-guestAuth-Guest-Authe-b7d01-should-complete-logout-flow-chromium/error-context.md

  8) [chromium] › __tests__/e2e/auth/guestAuth.spec.ts:476:7 › Guest Authentication › should persist authentication across page refreshes 

    Error: page.goto: net::ERR_ABORTED at http://localhost:3000/guest/activities
    Call log:
    [2m  - navigating to "http://localhost:3000/guest/activities", waiting until "load"[22m


      497 |
      498 |     // Step 5: Navigate to another page
    > 499 |     await page.goto('/guest/activities');
          |                ^
      500 |     await expect(page).toHaveURL('/guest/activities');
      501 |     await expect(page.locator('h1')).toBeVisible();
      502 |   });
        at /Users/jaron/Desktop/wedding-platform-v2/__tests__/e2e/auth/guestAuth.spec.ts:499:16

    attachment #1: screenshot (image/png) ──────────────────────────────────────────────────────────
    test-results/auth-guestAuth-Guest-Authe-2d8a3-ation-across-page-refreshes-chromium/test-failed-1.png
    ────────────────────────────────────────────────────────────────────────────────────────────────

    attachment #2: video (video/webm) ──────────────────────────────────────────────────────────────
    test-results/auth-guestAuth-Guest-Authe-2d8a3-ation-across-page-refreshes-chromium/video.webm
    ────────────────────────────────────────────────────────────────────────────────────────────────

    Error Context: test-results/auth-guestAuth-Guest-Authe-2d8a3-ation-across-page-refreshes-chromium/error-context.md

  9) [chromium] › __tests__/e2e/auth/guestAuth.spec.ts:547:7 › Guest Authentication › should handle authentication errors gracefully 

    Error: [2mexpect([22m[31mlocator[39m[2m).[22mtoContainText[2m([22m[32mexpected[39m[2m)[22m failed

    Locator: locator('h1')
    Expected substring: [32m"Link Expired"[39m
    Received string:    [31m"Invalid Link"[39m
    Timeout: 10000ms

    Call log:
    [2m  - Expect "toContainText" with timeout 10000ms[22m
    [2m  - waiting for locator('h1')[22m
    [2m    2 × locator resolved to <h1 class="text-2xl font-bold text-jungle-800 mb-2">Verifying Your Link</h1>[22m
    [2m      - unexpected value "Verifying Your Link"[22m
    [2m    - waiting for" http://localhost:3000/api/guest-auth/magic-link/verify" navigation to finish...[22m
    [2m    - navigated to "http://localhost:3000/auth/guest-login/verify?error=INVALID_TOKEN&message=Invalid+or+expired+magic+link"[22m
    [2m    2 × locator resolved to <h1 class="text-2xl font-bold text-jungle-800 mb-2">Verifying Your Link</h1>[22m
    [2m      - unexpected value "Verifying Your Link"[22m
    [2m    4 × locator resolved to <h1 class="text-2xl font-bold text-red-800 mb-2">Invalid Link</h1>[22m
    [2m      - unexpected value "Invalid Link"[22m
    [2m    - waiting for" http://localhost:3000/auth/guest-login/verify?error=INVALID_TOKEN&message=Invalid+or+expired+magic+link" navigation to finish...[22m
    [2m    - navigated to "http://localhost:3000/auth/guest-login/verify?error=INVALID_TOKEN&message=Invalid+or+expired+magic+link"[22m
    [2m    2 × locator resolved to <h1 class="text-2xl font-bold text-jungle-800 mb-2">Verifying Your Link</h1>[22m
    [2m      - unexpected value "Verifying Your Link"[22m
    [2m    3 × locator resolved to <h1 class="text-2xl font-bold text-red-800 mb-2">Invalid Link</h1>[22m
    [2m      - unexpected value "Invalid Link"[22m


      584 |
      585 |     await page.goto(`/auth/guest-login/verify?token=${token}`);
    > 586 |     await expect(page.locator('h1')).toContainText('Link Expired');
          |                                      ^
      587 |     const expiredDescription = page.locator('p.text-gray-600').first();
      588 |     await expect(expiredDescription).toContainText('This magic link has expired');
      589 |   });
        at /Users/jaron/Desktop/wedding-platform-v2/__tests__/e2e/auth/guestAuth.spec.ts:586:38

    attachment #1: screenshot (image/png) ──────────────────────────────────────────────────────────
    test-results/auth-guestAuth-Guest-Authe-90796-ntication-errors-gracefully-chromium/test-failed-1.png
    ────────────────────────────────────────────────────────────────────────────────────────────────

    attachment #2: video (video/webm) ──────────────────────────────────────────────────────────────
    test-results/auth-guestAuth-Guest-Authe-90796-ntication-errors-gracefully-chromium/video.webm
    ────────────────────────────────────────────────────────────────────────────────────────────────

    Error Context: test-results/auth-guestAuth-Guest-Authe-90796-ntication-errors-gracefully-chromium/error-context.md

  10) [chromium] › __tests__/e2e/auth/guestAuth.spec.ts:591:7 › Guest Authentication › should log authentication events in audit log 

    TimeoutError: page.waitForURL: Timeout 10000ms exceeded.
    =========================== logs ===========================
    waiting for navigation to "/guest/dashboard" until "domcontentloaded"
      navigated to "http://localhost:3000/auth/guest-login"
      navigated to "http://localhost:3000/auth/guest-login"
    ============================================================

      594 |     await page.fill('#email-matching-input', testGuestEmail);
      595 |     await page.click('button[type="submit"]:has-text("Log In")');
    > 596 |     await page.waitForURL('/guest/dashboard', { 
          |                ^
      597 |       timeout: 10000,
      598 |       waitUntil: 'domcontentloaded'
      599 |     });
        at /Users/jaron/Desktop/wedding-platform-v2/__tests__/e2e/auth/guestAuth.spec.ts:596:16

    attachment #1: screenshot (image/png) ──────────────────────────────────────────────────────────
    test-results/auth-guestAuth-Guest-Authe-c413d-ication-events-in-audit-log-chromium/test-failed-1.png
    ────────────────────────────────────────────────────────────────────────────────────────────────

    attachment #2: video (video/webm) ──────────────────────────────────────────────────────────────
    test-results/auth-guestAuth-Guest-Authe-c413d-ication-events-in-audit-log-chromium/video.webm
    ────────────────────────────────────────────────────────────────────────────────────────────────

    Error Context: test-results/auth-guestAuth-Guest-Authe-c413d-ication-events-in-audit-log-chromium/error-context.md

  10 failed
    [chromium] › __tests__/e2e/auth/guestAuth.spec.ts:158:7 › Guest Authentication › should successfully authenticate with email matching 
    [chromium] › __tests__/e2e/auth/guestAuth.spec.ts:208:7 › Guest Authentication › should show loading state during authentication 
    [chromium] › __tests__/e2e/auth/guestAuth.spec.ts:248:7 › Guest Authentication › should successfully request and verify magic link 
    [chromium] › __tests__/e2e/auth/guestAuth.spec.ts:298:7 › Guest Authentication › should show success message after requesting magic link 
    [chromium] › __tests__/e2e/auth/guestAuth.spec.ts:326:7 › Guest Authentication › should show error for expired magic link 
    [chromium] › __tests__/e2e/auth/guestAuth.spec.ts:362:7 › Guest Authentication › should show error for already used magic link 
    [chromium] › __tests__/e2e/auth/guestAuth.spec.ts:433:7 › Guest Authentication › should complete logout flow 
    [chromium] › __tests__/e2e/auth/guestAuth.spec.ts:476:7 › Guest Authentication › should persist authentication across page refreshes 
    [chromium] › __tests__/e2e/auth/guestAuth.spec.ts:547:7 › Guest Authentication › should handle authentication errors gracefully 
    [chromium] › __tests__/e2e/auth/guestAuth.spec.ts:591:7 › Guest Authentication › should log authentication events in audit log 
  5 passed (1.4m)

[36m  Serving HTML report at http://localhost:59563. Press Ctrl+C to quit.[39m
