
> destination-wedding-platform@0.1.0 test:e2e
> playwright test sectionManagement.spec.ts

[dotenv@17.2.4] injecting env (27) from .env.e2e -- tip: ⚙️  write to custom object with { processEnv: myObject }
[2m[WebServer] [22m
[2m[WebServer] [22m> destination-wedding-platform@0.1.0 dev
[2m[WebServer] [22m> next dev --webpack
[2m[WebServer] [22m
[2m[WebServer] [22m[1m[38;2;173;127;168m▲ Next.js 16.1.1[39m[22m (webpack)
[2m[WebServer] [22m- Local:         http://localhost:3000
[2m[WebServer] [22m- Network:       http://192.168.7.243:3000
[2m[WebServer] [22m- Environments: .env.test
[2m[WebServer] [22m
[2m[WebServer] [22m[32m[1m✓[22m[39m Starting...
[2m[WebServer] [22m[33m[1m⚠[22m[39m The "middleware" file convention is deprecated. Please use "proxy" instead. Learn more: https://nextjs.org/docs/messages/middleware-to-proxy
[2m[WebServer] [22m[32m[1m✓[22m[39m Ready in 1372ms
[2m[WebServer] [22m GET / [33m404[39m in 3.1s[2m (compile: 3.0s, render: 83ms)[22m
[2m[WebServer] [22m GET /index.html [33m404[39m in 122ms[2m (compile: 8ms, proxy.ts: 98ms, render: 16ms)[22m

🚀 E2E Global Setup Starting...

📊 Verifying test database connection...
[2m[WebServer] [22m GET / [32m200[39m in 267ms[2m (compile: 191ms, proxy.ts: 13ms, render: 63ms)[22m
✅ Test database connected

🧹 Cleaning up test data...
🧹 Running comprehensive test cleanup...
✅ Comprehensive cleanup complete
✅ Test data cleaned

🌐 Verifying Next.js server...
✅ Next.js server is running

🔐 Setting up admin authentication...
[2m[WebServer] [22m GET / [32m200[39m in 29ms[2m (compile: 2ms, proxy.ts: 10ms, render: 17ms)[22m
   Warning: Could not ensure admin user exists: Failed to create auth user: A user with this email address has already been registered
   Continuing with setup - login may fail if user does not exist
   Authenticating via Supabase API...
   ✅ API authentication successful (User ID: e7f5ae65-376e-4d05-a18c-10a91295727a)
   Creating storage state from API session...
   ✅ Storage state created from API session
   Auth state saved to: .auth/admin.json
   Verifying authentication...
[2m[WebServer] [22m[Middleware] User authenticated: e7f5ae65-376e-4d05-a18c-10a91295727a
[2m[WebServer] [22m[Middleware] Admin user data query result: { userData: { role: 'owner', status: 'active' }, userError: null }
[2m[WebServer] [22m[Middleware] Access granted for admin role: owner
[2m[WebServer] [22m GET /admin [32m200[39m in 1290ms[2m (compile: 598ms, proxy.ts: 579ms, render: 112ms)[22m
[2m[WebServer] [22m[Middleware] User authenticated: e7f5ae65-376e-4d05-a18c-10a91295727a
[2m[WebServer] [22m[Middleware] User authenticated: e7f5ae65-376e-4d05-a18c-10a91295727a
[2m[WebServer] [22m[Middleware] Admin user data query result: { userData: { role: 'owner', status: 'active' }, userError: null }
[2m[WebServer] [22m[Middleware] Access granted for admin role: owner
   Current URL: http://localhost:3000/admin
   ✅ Admin UI is visible
   ✅ Authentication verified
   Logged in as: admin@example.com
✅ Admin authentication saved

✨ E2E Global Setup Complete!

[2m[WebServer] [22m[Middleware] Admin user data query result: { userData: { role: 'owner', status: 'active' }, userError: null }
[2m[WebServer] [22m[Middleware] Access granted for admin role: owner

Running 12 tests using 4 workers

[dotenv@17.2.4] injecting env (0) from .env.e2e -- tip: 🔐 prevent committing .env to code: https://dotenvx.com/precommit
[dotenv@17.2.4] injecting env (0) from .env.e2e -- tip: ⚙️  specify custom .env file path with { path: '/custom/path/.env' }
[dotenv@17.2.4] injecting env (0) from .env.e2e -- tip: 👥 sync secrets across teammates & machines: https://dotenvx.com/ops
[dotenv@17.2.4] injecting env (0) from .env.e2e -- tip: 📡 add observability to secrets: https://dotenvx.com/ops
[2m[WebServer] [22m[Middleware] User authenticated: e7f5ae65-376e-4d05-a18c-10a91295727a
[2m[WebServer] [22m[Middleware] User authenticated: e7f5ae65-376e-4d05-a18c-10a91295727a
[2m[WebServer] [22m[Middleware] User authenticated: e7f5ae65-376e-4d05-a18c-10a91295727a
[2m[WebServer] [22m[Middleware] User authenticated: e7f5ae65-376e-4d05-a18c-10a91295727a
[2m[WebServer] [22m[Middleware] Admin user data query result: { userData: { role: 'owner', status: 'active' }, userError: null }
[2m[WebServer] [22m[Middleware] Access granted for admin role: owner
[2m[WebServer] [22m[Middleware] Admin user data query result: { userData: { role: 'owner', status: 'active' }, userError: null }
[2m[WebServer] [22m[Middleware] Access granted for admin role: owner
[2m[WebServer] [22m[Middleware] Admin user data query result: { userData: { role: 'owner', status: 'active' }, userError: null }
[2m[WebServer] [22m[Middleware] Access granted for admin role: owner
[2m[WebServer] [22m[Middleware] Admin user data query result: { userData: { role: 'owner', status: 'active' }, userError: null }
[2m[WebServer] [22m[Middleware] Access granted for admin role: owner
[2m[WebServer] [22m GET /admin [32m200[39m in 535ms[2m (compile: 35ms, proxy.ts: 325ms, render: 175ms)[22m
[2m[WebServer] [22m GET /admin [32m200[39m in 579ms[2m (compile: 21ms, proxy.ts: 435ms, render: 123ms)[22m
[2m[WebServer] [22m GET /admin [32m200[39m in 622ms[2m (compile: 20ms, proxy.ts: 476ms, render: 125ms)[22m
[2m[WebServer] [22m GET /admin [32m200[39m in 572ms[2m (compile: 8ms, proxy.ts: 436ms, render: 128ms)[22m
[2m[WebServer] [22m[Middleware] User authenticated: e7f5ae65-376e-4d05-a18c-10a91295727a
[2m[WebServer] [22m[Middleware] User authenticated: e7f5ae65-376e-4d05-a18c-10a91295727a
[2m[WebServer] [22m[Middleware] User authenticated: e7f5ae65-376e-4d05-a18c-10a91295727a
[2m[WebServer] [22m[Middleware] User authenticated: e7f5ae65-376e-4d05-a18c-10a91295727a
[2m[WebServer] [22m[Middleware] User authenticated: e7f5ae65-376e-4d05-a18c-10a91295727a
[2m[WebServer] [22m[Middleware] User authenticated: e7f5ae65-376e-4d05-a18c-10a91295727a
[2m[WebServer] [22m[Middleware] User authenticated: e7f5ae65-376e-4d05-a18c-10a91295727a
[2m[WebServer] [22m[Middleware] User authenticated: e7f5ae65-376e-4d05-a18c-10a91295727a
[2m[WebServer] [22m[Middleware] User authenticated: e7f5ae65-376e-4d05-a18c-10a91295727a
[2m[WebServer] [22m[Middleware] User authenticated: e7f5ae65-376e-4d05-a18c-10a91295727a
[2m[WebServer] [22m[Middleware] User authenticated: e7f5ae65-376e-4d05-a18c-10a91295727a
[2m[WebServer] [22m[Middleware] User authenticated: e7f5ae65-376e-4d05-a18c-10a91295727a
[2m[WebServer] [22m[Middleware] Admin user data query result: { userData: { role: 'owner', status: 'active' }, userError: null }
[2m[WebServer] [22m[Middleware] Access granted for admin role: owner
[2m[WebServer] [22m[Middleware] Admin user data query result: { userData: { role: 'owner', status: 'active' }, userError: null }
[2m[WebServer] [22m[Middleware] Access granted for admin role: owner
[2m[WebServer] [22m[Middleware] Admin user data query result: { userData: { role: 'owner', status: 'active' }, userError: null }
[2m[WebServer] [22m[Middleware] Access granted for admin role: owner
[2m[WebServer] [22m[Middleware] Admin user data query result: { userData: { role: 'owner', status: 'active' }, userError: null }
[2m[WebServer] [22m[Middleware] Access granted for admin role: owner
[2m[WebServer] [22m[Middleware] Admin user data query result: { userData: { role: 'owner', status: 'active' }, userError: null }
[2m[WebServer] [22m[Middleware] Access granted for admin role: owner
[2m[WebServer] [22m[Middleware] Admin user data query result: { userData: { role: 'owner', status: 'active' }, userError: null }
[2m[WebServer] [22m[Middleware] Access granted for admin role: owner
[2m[WebServer] [22m[Middleware] Admin user data query result: { userData: { role: 'owner', status: 'active' }, userError: null }
[2m[WebServer] [22m[Middleware] Access granted for admin role: owner
[2m[WebServer] [22m[Middleware] Admin user data query result: { userData: { role: 'owner', status: 'active' }, userError: null }
[2m[WebServer] [22m[Middleware] Access granted for admin role: owner
[2m[WebServer] [22m[Middleware] Admin user data query result: { userData: { role: 'owner', status: 'active' }, userError: null }
[2m[WebServer] [22m[Middleware] Access granted for admin role: owner
[2m[WebServer] [22m[Middleware] Admin user data query result: { userData: { role: 'owner', status: 'active' }, userError: null }
[2m[WebServer] [22m[Middleware] Access granted for admin role: owner
[2m[WebServer] [22m[Middleware] Admin user data query result: { userData: { role: 'owner', status: 'active' }, userError: null }
[2m[WebServer] [22m[Middleware] Access granted for admin role: owner
[2m[WebServer] [22m[Middleware] Admin user data query result: { userData: { role: 'owner', status: 'active' }, userError: null }
[2m[WebServer] [22m[Middleware] Access granted for admin role: owner
[2m[WebServer] [22m[33m[1m⚠[22m[39m Fast Refresh had to perform a full reload. Read more: https://nextjs.org/docs/messages/fast-refresh-reload
[2m[WebServer] [22m[33m[1m⚠[22m[39m Fast Refresh had to perform a full reload. Read more: https://nextjs.org/docs/messages/fast-refresh-reload
[2m[WebServer] [22m[33m[1m⚠[22m[39m Fast Refresh had to perform a full reload. Read more: https://nextjs.org/docs/messages/fast-refresh-reload
[2m[WebServer] [22m GET /api/admin/alerts [32m200[39m in 2.3s[2m (compile: 1539ms, proxy.ts: 409ms, render: 313ms)[22m
[2m[WebServer] [22m GET /api/admin/metrics [32m200[39m in 2.3s[2m (compile: 1527ms, proxy.ts: 420ms, render: 314ms)[22m
[2m[WebServer] [22m GET /api/admin/alerts [32m200[39m in 2.2s[2m (compile: 1250ms, proxy.ts: 667ms, render: 318ms)[22m
[2m[WebServer] [22m GET /api/admin/metrics [32m200[39m in 2.2s[2m (compile: 1252ms, proxy.ts: 666ms, render: 322ms)[22m
[2m[WebServer] [22m GET /api/admin/alerts [32m200[39m in 2.3s[2m (compile: 1242ms, proxy.ts: 704ms, render: 323ms)[22m
[2m[WebServer] [22m GET /api/admin/metrics [32m200[39m in 2.3s[2m (compile: 1547ms, proxy.ts: 400ms, render: 323ms)[22m
[2m[WebServer] [22m[33m[1m⚠[22m[39m Fast Refresh had to perform a full reload. Read more: https://nextjs.org/docs/messages/fast-refresh-reload
[2m[WebServer] [22m GET /api/admin/metrics [32m200[39m in 2.3s[2m (compile: 1256ms, proxy.ts: 692ms, render: 332ms)[22m
[2m[WebServer] [22m GET /api/admin/alerts [32m200[39m in 2.3s[2m (compile: 1253ms, proxy.ts: 693ms, render: 334ms)[22m
[2m[WebServer] [22m GET /admin/events [32m200[39m in 2.3s[2m (compile: 1246ms, proxy.ts: 635ms, render: 449ms)[22m
[2m[WebServer] [22m GET /admin/events [32m200[39m in 2.3s[2m (compile: 1250ms, proxy.ts: 632ms, render: 451ms)[22m
[2m[WebServer] [22m GET /admin/events [32m200[39m in 2.3s[2m (compile: 1253ms, proxy.ts: 628ms, render: 451ms)[22m
[2m[WebServer] [22m GET /admin/events [32m200[39m in 2.3s[2m (compile: 1242ms, proxy.ts: 639ms, render: 461ms)[22m
[2m[WebServer] [22m[Middleware] User authenticated: e7f5ae65-376e-4d05-a18c-10a91295727a
[2m[WebServer] [22m[Middleware] User authenticated: e7f5ae65-376e-4d05-a18c-10a91295727a
[2m[WebServer] [22m[Middleware] User authenticated: e7f5ae65-376e-4d05-a18c-10a91295727a
[2m[WebServer] [22m[Middleware] User authenticated: e7f5ae65-376e-4d05-a18c-10a91295727a
[2m[WebServer] [22m[Middleware] User authenticated: e7f5ae65-376e-4d05-a18c-10a91295727a
[2m[WebServer] [22m[Middleware] User authenticated: e7f5ae65-376e-4d05-a18c-10a91295727a
[2m[WebServer] [22m[Middleware] User authenticated: e7f5ae65-376e-4d05-a18c-10a91295727a
[2m[WebServer] [22m[Middleware] User authenticated: e7f5ae65-376e-4d05-a18c-10a91295727a
[2m[WebServer] [22m[Middleware] Admin user data query result: { userData: { role: 'owner', status: 'active' }, userError: null }
[2m[WebServer] [22m[Middleware] Access granted for admin role: owner
[2m[WebServer] [22m[Middleware] Admin user data query result: { userData: { role: 'owner', status: 'active' }, userError: null }
[2m[WebServer] [22m[Middleware] Access granted for admin role: owner
[2m[WebServer] [22m[Middleware] Admin user data query result: { userData: { role: 'owner', status: 'active' }, userError: null }
[2m[WebServer] [22m[Middleware] Access granted for admin role: owner
[2m[WebServer] [22m[Middleware] Admin user data query result: { userData: { role: 'owner', status: 'active' }, userError: null }
[2m[WebServer] [22m[Middleware] Access granted for admin role: owner
[2m[WebServer] [22m[Middleware] Admin user data query result: { userData: { role: 'owner', status: 'active' }, userError: null }
[2m[WebServer] [22m[Middleware] Access granted for admin role: owner
[2m[WebServer] [22m[Middleware] Admin user data query result: { userData: { role: 'owner', status: 'active' }, userError: null }
[2m[WebServer] [22m[Middleware] Access granted for admin role: owner
[2m[WebServer] [22m[Middleware] Admin user data query result: { userData: { role: 'owner', status: 'active' }, userError: null }
[2m[WebServer] [22m[Middleware] Access granted for admin role: owner
[2m[WebServer] [22m[Middleware] Admin user data query result: { userData: { role: 'owner', status: 'active' }, userError: null }
[2m[WebServer] [22m[Middleware] Access granted for admin role: owner
[2m[WebServer] [22m GET /api/admin/events [32m200[39m in 1650ms[2m (compile: 1019ms, proxy.ts: 411ms, render: 221ms)[22m
[2m[WebServer] [22m GET /api/admin/events [32m200[39m in 1659ms[2m (compile: 1013ms, proxy.ts: 417ms, render: 230ms)[22m
[2m[WebServer] [22m GET /api/admin/events [32m200[39m in 1661ms[2m (compile: 1024ms, proxy.ts: 405ms, render: 232ms)[22m
[2m[WebServer] [22m GET /api/admin/locations [32m200[39m in 1668ms[2m (compile: 847ms, proxy.ts: 582ms, render: 239ms)[22m
[2m[WebServer] [22m GET /api/admin/locations [32m200[39m in 1691ms[2m (compile: 1025ms, proxy.ts: 404ms, render: 262ms)[22m
[2m[WebServer] [22m GET /api/admin/events [32m200[39m in 1711ms[2m (compile: 935ms, proxy.ts: 494ms, render: 282ms)[22m
[2m[WebServer] [22m GET /api/admin/locations [32m200[39m in 1725ms[2m (compile: 969ms, proxy.ts: 460ms, render: 296ms)[22m
[2m[WebServer] [22m GET /api/admin/locations [32m200[39m in 1787ms[2m (compile: 955ms, proxy.ts: 474ms, render: 358ms)[22m
[2m[WebServer] [22m[Middleware] User authenticated: e7f5ae65-376e-4d05-a18c-10a91295727a
[2m[WebServer] [22m[Middleware] User authenticated: e7f5ae65-376e-4d05-a18c-10a91295727a
[2m[WebServer] [22m[Middleware] Admin user data query result: { userData: { role: 'owner', status: 'active' }, userError: null }
[2m[WebServer] [22m[Middleware] Access granted for admin role: owner
[2m[WebServer] [22m[Middleware] User authenticated: e7f5ae65-376e-4d05-a18c-10a91295727a
[2m[WebServer] [22m[Middleware] Admin user data query result: { userData: { role: 'owner', status: 'active' }, userError: null }
[2m[WebServer] [22m[Middleware] Access granted for admin role: owner
[2m[WebServer] [22m[Middleware] User authenticated: e7f5ae65-376e-4d05-a18c-10a91295727a
⚠️  No section editor detected yet, waiting...
[2m[WebServer] [22m[Middleware] Admin user data query result: { userData: { role: 'owner', status: 'active' }, userError: null }
[2m[WebServer] [22m[Middleware] Access granted for admin role: owner
⚠️  No section editor detected yet, waiting...
[2m[WebServer] [22m[Middleware] Admin user data query result: { userData: { role: 'owner', status: 'active' }, userError: null }
[2m[WebServer] [22m[Middleware] Access granted for admin role: owner
⚠️  No section editor detected yet, waiting...
⚠️  No section editor detected yet, waiting...
[2m[WebServer] [22m[verifyAuth] User authenticated: e7f5ae65-376e-4d05-a18c-10a91295727a
[2m[WebServer] [22m[verifyAuth] User authenticated: e7f5ae65-376e-4d05-a18c-10a91295727a
[2m[WebServer] [22m[verifyAuth] User authenticated: e7f5ae65-376e-4d05-a18c-10a91295727a
[2m[WebServer] [22m[verifyAuth] User authenticated: e7f5ae65-376e-4d05-a18c-10a91295727a
[2m[WebServer] [22m GET /api/admin/sections/by-page/event/af1b3647-f38c-42ba-af43-9120cb8e5676 [32m200[39m in 1720ms[2m (compile: 841ms, proxy.ts: 405ms, render: 474ms)[22m
[2m[WebServer] [22m GET /api/admin/sections/by-page/event/af1b3647-f38c-42ba-af43-9120cb8e5676 [32m200[39m in 1655ms[2m (compile: 558ms, proxy.ts: 617ms, render: 480ms)[22m
[2m[WebServer] [22m GET /api/admin/sections/by-page/event/af1b3647-f38c-42ba-af43-9120cb8e5676 [32m200[39m in 1741ms[2m (compile: 820ms, proxy.ts: 434ms, render: 487ms)[22m
[2m[WebServer] [22m GET /api/admin/sections/by-page/event/af1b3647-f38c-42ba-af43-9120cb8e5676 [32m200[39m in 1711ms[2m (compile: 645ms, proxy.ts: 575ms, render: 491ms)[22m
[2m[WebServer] [22m[Middleware] User authenticated: e7f5ae65-376e-4d05-a18c-10a91295727a
[2m[WebServer] [22m[Middleware] User authenticated: e7f5ae65-376e-4d05-a18c-10a91295727a
[2m[WebServer] [22m[Middleware] User authenticated: e7f5ae65-376e-4d05-a18c-10a91295727a
[2m[WebServer] [22m[Middleware] User authenticated: e7f5ae65-376e-4d05-a18c-10a91295727a
[2m[WebServer] [22m[Middleware] Admin user data query result: { userData: { role: 'owner', status: 'active' }, userError: null }
[2m[WebServer] [22m[Middleware] Access granted for admin role: owner
[2m[WebServer] [22m[Middleware] Admin user data query result: { userData: { role: 'owner', status: 'active' }, userError: null }
[2m[WebServer] [22m[Middleware] Access granted for admin role: owner
[2m[WebServer] [22m[Middleware] Admin user data query result: { userData: { role: 'owner', status: 'active' }, userError: null }
[2m[WebServer] [22m[Middleware] Access granted for admin role: owner
[2m[WebServer] [22m[Middleware] Admin user data query result: { userData: { role: 'owner', status: 'active' }, userError: null }
[2m[WebServer] [22m[Middleware] Access granted for admin role: owner
[2m[WebServer] [22m[verifyAuth] User authenticated: e7f5ae65-376e-4d05-a18c-10a91295727a
[2m[WebServer] [22m[verifyAuth] User authenticated: e7f5ae65-376e-4d05-a18c-10a91295727a
[2m[WebServer] [22m[verifyAuth] User authenticated: e7f5ae65-376e-4d05-a18c-10a91295727a
[2m[WebServer] [22m[verifyAuth] User authenticated: e7f5ae65-376e-4d05-a18c-10a91295727a
[2m[WebServer] [22m GET /api/admin/sections/by-page/event/af1b3647-f38c-42ba-af43-9120cb8e5676 [32m200[39m in 805ms[2m (compile: 12ms, proxy.ts: 330ms, render: 463ms)[22m
[2m[WebServer] [22m GET /api/admin/sections/by-page/event/af1b3647-f38c-42ba-af43-9120cb8e5676 [32m200[39m in 815ms[2m (compile: 7ms, proxy.ts: 346ms, render: 461ms)[22m
[2m[WebServer] [22m GET /api/admin/sections/by-page/event/af1b3647-f38c-42ba-af43-9120cb8e5676 [32m200[39m in 823ms[2m (compile: 11ms, proxy.ts: 331ms, render: 481ms)[22m
[2m[WebServer] [22m GET /api/admin/sections/by-page/event/af1b3647-f38c-42ba-af43-9120cb8e5676 [32m200[39m in 808ms[2m (compile: 7ms, proxy.ts: 325ms, render: 476ms)[22m
📝 Detected InlineSectionEditor - waiting for form expansion...
✅ Section editor wait complete - all checks passed
⏭️  Skipping: No sections to edit
📝 Detected InlineSectionEditor - waiting for form expansion...
✅ Section editor wait complete - all checks passed
📝 Detected InlineSectionEditor - waiting for form expansion...
✅ Section editor wait complete - all checks passed
⏭️  Skipping: No sections to delete
  ✓   1 [chromium] › __tests__/e2e/admin/sectionManagement.spec.ts:229:9 › Section Management › Section CRUD Operations › should edit existing section (10.6s)
  ✓   3 [chromium] › __tests__/e2e/admin/sectionManagement.spec.ts:308:9 › Section Management › Section CRUD Operations › should save all sections and show preview (10.6s)
  ✓   2 [chromium] › __tests__/e2e/admin/sectionManagement.spec.ts:270:9 › Section Management › Section CRUD Operations › should delete section with confirmation (10.7s)
📝 Detected InlineSectionEditor - waiting for form expansion...
[2m[WebServer] [22m[Middleware] User authenticated: e7f5ae65-376e-4d05-a18c-10a91295727a
[2m[WebServer] [22m[Middleware] User authenticated: e7f5ae65-376e-4d05-a18c-10a91295727a
✅ Section editor wait complete - all checks passed
[2m[WebServer] [22m[Middleware] User authenticated: e7f5ae65-376e-4d05-a18c-10a91295727a
[2m[WebServer] [22m[Middleware] Admin user data query result: { userData: { role: 'owner', status: 'active' }, userError: null }
[2m[WebServer] [22m[Middleware] Access granted for admin role: owner
[2m[WebServer] [22m[Middleware] Admin user data query result: { userData: { role: 'owner', status: 'active' }, userError: null }
[2m[WebServer] [22m[Middleware] Access granted for admin role: owner
[2m[WebServer] [22m[Middleware] Admin user data query result: { userData: { role: 'owner', status: 'active' }, userError: null }
[2m[WebServer] [22m[Middleware] Access granted for admin role: owner
[2m[WebServer] [22m[Middleware] User authenticated: e7f5ae65-376e-4d05-a18c-10a91295727a
[2m[WebServer] [22m GET /admin [32m200[39m in 540ms[2m (compile: 35ms, proxy.ts: 348ms, render: 157ms)[22m
[2m[WebServer] [22m GET /admin [32m200[39m in 484ms[2m (compile: 35ms, proxy.ts: 289ms, render: 161ms)[22m
[2m[WebServer] [22m GET /admin [32m200[39m in 490ms[2m (compile: 20ms, proxy.ts: 393ms, render: 78ms)[22m
[2m[WebServer] [22m[Middleware] Admin user data query result: { userData: { role: 'owner', status: 'active' }, userError: null }
[2m[WebServer] [22m[Middleware] Access granted for admin role: owner
[2m[WebServer] [22m[verifyAuth] User authenticated: e7f5ae65-376e-4d05-a18c-10a91295727a
[2m[WebServer] [22m POST /api/admin/sections [32m201[39m in 1182ms[2m (compile: 285ms, proxy.ts: 416ms, render: 482ms)[22m
[2m[WebServer] [22m[Middleware] User authenticated: e7f5ae65-376e-4d05-a18c-10a91295727a
[2m[WebServer] [22m[Middleware] User authenticated: e7f5ae65-376e-4d05-a18c-10a91295727a
[2m[WebServer] [22m[Middleware] User authenticated: e7f5ae65-376e-4d05-a18c-10a91295727a
[2m[WebServer] [22m[Middleware] User authenticated: e7f5ae65-376e-4d05-a18c-10a91295727a
[2m[WebServer] [22m[Middleware] Admin user data query result: { userData: { role: 'owner', status: 'active' }, userError: null }
[2m[WebServer] [22m[Middleware] Access granted for admin role: owner
[2m[WebServer] [22m[Middleware] Admin user data query result: { userData: { role: 'owner', status: 'active' }, userError: null }
[2m[WebServer] [22m[Middleware] Access granted for admin role: owner
[2m[WebServer] [22m[Middleware] User authenticated: e7f5ae65-376e-4d05-a18c-10a91295727a
[2m[WebServer] [22m[Middleware] Admin user data query result: { userData: { role: 'owner', status: 'active' }, userError: null }
[2m[WebServer] [22m[Middleware] Access granted for admin role: owner
[2m[WebServer] [22m[Middleware] Admin user data query result: { userData: { role: 'owner', status: 'active' }, userError: null }
[2m[WebServer] [22m[Middleware] Access granted for admin role: owner
[2m[WebServer] [22m[Middleware] User authenticated: e7f5ae65-376e-4d05-a18c-10a91295727a
[2m[WebServer] [22m[Middleware] User authenticated: e7f5ae65-376e-4d05-a18c-10a91295727a
[2m[WebServer] [22m[Middleware] User authenticated: e7f5ae65-376e-4d05-a18c-10a91295727a
[2m[WebServer] [22m[Middleware] User authenticated: e7f5ae65-376e-4d05-a18c-10a91295727a
[2m[WebServer] [22m[Middleware] User authenticated: e7f5ae65-376e-4d05-a18c-10a91295727a
[2m[WebServer] [22m[Middleware] Admin user data query result: { userData: { role: 'owner', status: 'active' }, userError: null }
[2m[WebServer] [22m[Middleware] Access granted for admin role: owner
[2m[WebServer] [22m GET /admin/events [32m200[39m in 602ms[2m (compile: 36ms, proxy.ts: 436ms, render: 129ms)[22m
[2m[WebServer] [22m[Middleware] Admin user data query result: { userData: { role: 'owner', status: 'active' }, userError: null }
[2m[WebServer] [22m[Middleware] Access granted for admin role: owner
[2m[WebServer] [22m[Middleware] Admin user data query result: { userData: { role: 'owner', status: 'active' }, userError: null }
[2m[WebServer] [22m[Middleware] Access granted for admin role: owner
[2m[WebServer] [22m[Middleware] Admin user data query result: { userData: { role: 'owner', status: 'active' }, userError: null }
[2m[WebServer] [22m[Middleware] Access granted for admin role: owner
[2m[WebServer] [22m[Middleware] Admin user data query result: { userData: { role: 'owner', status: 'active' }, userError: null }
[2m[WebServer] [22m[Middleware] Access granted for admin role: owner
[2m[WebServer] [22m[Middleware] Admin user data query result: { userData: { role: 'owner', status: 'active' }, userError: null }
[2m[WebServer] [22m[Middleware] Access granted for admin role: owner
[2m[WebServer] [22m GET /api/admin/alerts [32m200[39m in 734ms[2m (compile: 4ms, proxy.ts: 313ms, render: 417ms)[22m
[2m[WebServer] [22m GET /api/admin/metrics [32m200[39m in 734ms[2m (compile: 3ms, proxy.ts: 594ms, render: 137ms)[22m
[2m[WebServer] [22m GET /api/admin/alerts [32m200[39m in 734ms[2m (compile: 20ms, proxy.ts: 451ms, render: 263ms)[22m
[2m[WebServer] [22m GET /api/admin/metrics [32m200[39m in 734ms[2m (compile: 893µs, proxy.ts: 326ms, render: 407ms)[22m
[2m[WebServer] [22m GET /api/admin/metrics [32m200[39m in 739ms[2m (compile: 4ms, proxy.ts: 601ms, render: 133ms)[22m
[2m[WebServer] [22m GET /api/admin/alerts [32m200[39m in 739ms[2m (compile: 3ms, proxy.ts: 467ms, render: 268ms)[22m
[2m[WebServer] [22m GET /admin/events [32m200[39m in 811ms[2m (compile: 15ms, proxy.ts: 566ms, render: 229ms)[22m
[2m[WebServer] [22m GET /admin/events [32m200[39m in 812ms[2m (compile: 13ms, proxy.ts: 569ms, render: 230ms)[22m
[2m[WebServer] [22m GET /admin/events [32m200[39m in 813ms[2m (compile: 7ms, proxy.ts: 575ms, render: 232ms)[22m
[2m[WebServer] [22m[Middleware] User authenticated: e7f5ae65-376e-4d05-a18c-10a91295727a
[2m[WebServer] [22m[Middleware] User authenticated: e7f5ae65-376e-4d05-a18c-10a91295727a
[2m[WebServer] [22m[Middleware] Admin user data query result: { userData: { role: 'owner', status: 'active' }, userError: null }
[2m[WebServer] [22m[Middleware] Access granted for admin role: owner
[2m[WebServer] [22m[Middleware] User authenticated: e7f5ae65-376e-4d05-a18c-10a91295727a
[2m[WebServer] [22m[Middleware] User authenticated: e7f5ae65-376e-4d05-a18c-10a91295727a
[2m[WebServer] [22m[Middleware] Admin user data query result: { userData: { role: 'owner', status: 'active' }, userError: null }
[2m[WebServer] [22m[Middleware] Access granted for admin role: owner
[2m[WebServer] [22m[Middleware] User authenticated: e7f5ae65-376e-4d05-a18c-10a91295727a
[2m[WebServer] [22m[Middleware] User authenticated: e7f5ae65-376e-4d05-a18c-10a91295727a
[2m[WebServer] [22m[Middleware] User authenticated: e7f5ae65-376e-4d05-a18c-10a91295727a
[2m[WebServer] [22m[Middleware] User authenticated: e7f5ae65-376e-4d05-a18c-10a91295727a
[2m[WebServer] [22m GET /api/admin/locations [32m200[39m in 836ms[2m (compile: 21ms, proxy.ts: 560ms, render: 255ms)[22m
[2m[WebServer] [22m[Middleware] Admin user data query result: { userData: { role: 'owner', status: 'active' }, userError: null }
[2m[WebServer] [22m[Middleware] Access granted for admin role: owner
[2m[WebServer] [22m[Middleware] Admin user data query result: { userData: { role: 'owner', status: 'active' }, userError: null }
[2m[WebServer] [22m[Middleware] Access granted for admin role: owner
[2m[WebServer] [22m GET /api/admin/events [32m200[39m in 906ms[2m (compile: 11ms, proxy.ts: 739ms, render: 155ms)[22m
[2m[WebServer] [22m[Middleware] Admin user data query result: { userData: { role: 'owner', status: 'active' }, userError: null }
[2m[WebServer] [22m[Middleware] Access granted for admin role: owner
[2m[WebServer] [22m[Middleware] Admin user data query result: { userData: { role: 'owner', status: 'active' }, userError: null }
[2m[WebServer] [22m[Middleware] Access granted for admin role: owner
[2m[WebServer] [22m[Middleware] Admin user data query result: { userData: { role: 'owner', status: 'active' }, userError: null }
[2m[WebServer] [22m[Middleware] Access granted for admin role: owner
[2m[WebServer] [22m[Middleware] Admin user data query result: { userData: { role: 'owner', status: 'active' }, userError: null }
[2m[WebServer] [22m[Middleware] Access granted for admin role: owner
[2m[WebServer] [22m GET /api/admin/locations [32m200[39m in 459ms[2m (compile: 1327µs, proxy.ts: 310ms, render: 147ms)[22m
[2m[WebServer] [22m GET /api/admin/events [32m200[39m in 464ms[2m (compile: 1532µs, proxy.ts: 331ms, render: 131ms)[22m
[2m[WebServer] [22m GET /api/admin/events [32m200[39m in 507ms[2m (compile: 1576µs, proxy.ts: 348ms, render: 157ms)[22m
[2m[WebServer] [22m GET /api/admin/locations [32m200[39m in 558ms[2m (compile: 4ms, proxy.ts: 386ms, render: 169ms)[22m
[2m[WebServer] [22m GET /api/admin/events [32m200[39m in 579ms[2m (compile: 1362µs, proxy.ts: 341ms, render: 236ms)[22m
[2m[WebServer] [22m GET /api/admin/locations [32m200[39m in 622ms[2m (compile: 1559µs, proxy.ts: 448ms, render: 173ms)[22m
[2m[WebServer] [22m[Middleware] User authenticated: e7f5ae65-376e-4d05-a18c-10a91295727a
[2m[WebServer] [22m[Middleware] User authenticated: e7f5ae65-376e-4d05-a18c-10a91295727a
[2m[WebServer] [22m[Middleware] Admin user data query result: { userData: { role: 'owner', status: 'active' }, userError: null }
[2m[WebServer] [22m[Middleware] Access granted for admin role: owner
[2m[WebServer] [22m[Middleware] Admin user data query result: { userData: { role: 'owner', status: 'active' }, userError: null }
[2m[WebServer] [22m[Middleware] Access granted for admin role: owner
[2m[WebServer] [22m[verifyAuth] User authenticated: e7f5ae65-376e-4d05-a18c-10a91295727a
[2m[WebServer] [22m[verifyAuth] User authenticated: e7f5ae65-376e-4d05-a18c-10a91295727a
⚠️  No section editor detected yet, waiting...
⚠️  No section editor detected yet, waiting...
[2m[WebServer] [22m GET /api/admin/sections/by-page/event/af1b3647-f38c-42ba-af43-9120cb8e5676 [32m200[39m in 753ms[2m (compile: 11ms, proxy.ts: 299ms, render: 443ms)[22m
[2m[WebServer] [22m GET /api/admin/sections/by-page/event/af1b3647-f38c-42ba-af43-9120cb8e5676 [32m200[39m in 796ms[2m (compile: 4ms, proxy.ts: 329ms, render: 463ms)[22m
[2m[WebServer] [22m[Middleware] User authenticated: e7f5ae65-376e-4d05-a18c-10a91295727a
[2m[WebServer] [22m[Middleware] User authenticated: e7f5ae65-376e-4d05-a18c-10a91295727a
[2m[WebServer] [22m[Middleware] Admin user data query result: { userData: { role: 'owner', status: 'active' }, userError: null }
[2m[WebServer] [22m[Middleware] Access granted for admin role: owner
[2m[WebServer] [22m[Middleware] Admin user data query result: { userData: { role: 'owner', status: 'active' }, userError: null }
[2m[WebServer] [22m[Middleware] Access granted for admin role: owner
[2m[WebServer] [22m[verifyAuth] User authenticated: e7f5ae65-376e-4d05-a18c-10a91295727a
[2m[WebServer] [22m[verifyAuth] User authenticated: e7f5ae65-376e-4d05-a18c-10a91295727a
[2m[WebServer] [22m[Middleware] User authenticated: e7f5ae65-376e-4d05-a18c-10a91295727a
[2m[WebServer] [22m[Middleware] Admin user data query result: { userData: { role: 'owner', status: 'active' }, userError: null }
[2m[WebServer] [22m[Middleware] Access granted for admin role: owner
[2m[WebServer] [22m GET /api/admin/sections/by-page/event/af1b3647-f38c-42ba-af43-9120cb8e5676 [32m200[39m in 763ms[2m (compile: 4ms, proxy.ts: 315ms, render: 444ms)[22m
[2m[WebServer] [22m GET /api/admin/sections/by-page/event/af1b3647-f38c-42ba-af43-9120cb8e5676 [32m200[39m in 834ms[2m (compile: 9ms, proxy.ts: 324ms, render: 500ms)[22m
[2m[WebServer] [22m[verifyAuth] User authenticated: e7f5ae65-376e-4d05-a18c-10a91295727a
⚠️  No section editor detected yet, waiting...
[2m[WebServer] [22m GET /api/admin/sections/by-page/event/af1b3647-f38c-42ba-af43-9120cb8e5676 [32m200[39m in 780ms[2m (compile: 31ms, proxy.ts: 333ms, render: 416ms)[22m
[2m[WebServer] [22m[Middleware] User authenticated: e7f5ae65-376e-4d05-a18c-10a91295727a
[2m[WebServer] [22m[Middleware] Admin user data query result: { userData: { role: 'owner', status: 'active' }, userError: null }
[2m[WebServer] [22m[Middleware] Access granted for admin role: owner
[2m[WebServer] [22m[verifyAuth] User authenticated: e7f5ae65-376e-4d05-a18c-10a91295727a
[2m[WebServer] [22m GET /api/admin/sections/by-page/event/af1b3647-f38c-42ba-af43-9120cb8e5676 [32m200[39m in 784ms[2m (compile: 7ms, proxy.ts: 353ms, render: 424ms)[22m
📝 Detected InlineSectionEditor - waiting for form expansion...
📝 Detected InlineSectionEditor - waiting for form expansion...
✅ Section editor wait complete - all checks passed
✅ Section editor wait complete - all checks passed
⏭️  Skipping: Photo picker not available
[2m[WebServer] [22m[Middleware] User authenticated: e7f5ae65-376e-4d05-a18c-10a91295727a
  ✓   6 [chromium] › __tests__/e2e/admin/sectionManagement.spec.ts:386:9 › Section Management › Section Reordering & Photo Integration › should integrate photo picker and select photos (8.7s)
  ✓   5 [chromium] › __tests__/e2e/admin/sectionManagement.spec.ts:348:9 › Section Management › Section Reordering & Photo Integration › should reorder sections with drag and drop (8.8s)
[2m[WebServer] [22m[Middleware] Admin user data query result: { userData: { role: 'owner', status: 'active' }, userError: null }
[2m[WebServer] [22m[Middleware] Access granted for admin role: owner
[2m[WebServer] [22m[Middleware] User authenticated: e7f5ae65-376e-4d05-a18c-10a91295727a
[2m[WebServer] [22m[Middleware] Admin user data query result: { userData: { role: 'owner', status: 'active' }, userError: null }
[2m[WebServer] [22m[Middleware] Access granted for admin role: owner
[2m[WebServer] [22m[Middleware] User authenticated: e7f5ae65-376e-4d05-a18c-10a91295727a
[2m[WebServer] [22m[Middleware] User authenticated: e7f5ae65-376e-4d05-a18c-10a91295727a
[2m[WebServer] [22m[Middleware] Admin user data query result: { userData: { role: 'owner', status: 'active' }, userError: null }
[2m[WebServer] [22m[Middleware] Access granted for admin role: owner
[2m[WebServer] [22m[Middleware] Admin user data query result: { userData: { role: 'owner', status: 'active' }, userError: null }
[2m[WebServer] [22m[Middleware] Access granted for admin role: owner
[2m[WebServer] [22m GET /admin [32m200[39m in 429ms[2m (compile: 23ms, proxy.ts: 317ms, render: 90ms)[22m
[2m[WebServer] [22m GET /admin [32m200[39m in 400ms[2m (compile: 19ms, proxy.ts: 290ms, render: 90ms)[22m
📝 Detected InlineSectionEditor - waiting for form expansion...
✅ Section editor wait complete - all checks passed
[2m[WebServer] [22m[Middleware] User authenticated: e7f5ae65-376e-4d05-a18c-10a91295727a
[2m[WebServer] [22m[Middleware] User authenticated: e7f5ae65-376e-4d05-a18c-10a91295727a
[2m[WebServer] [22m[Middleware] User authenticated: e7f5ae65-376e-4d05-a18c-10a91295727a
[2m[WebServer] [22m[Middleware] Admin user data query result: { userData: { role: 'owner', status: 'active' }, userError: null }
[2m[WebServer] [22m[Middleware] Access granted for admin role: owner
[2m[WebServer] [22m[Middleware] User authenticated: e7f5ae65-376e-4d05-a18c-10a91295727a
[2m[WebServer] [22m[Middleware] User authenticated: e7f5ae65-376e-4d05-a18c-10a91295727a
[2m[WebServer] [22m[Middleware] User authenticated: e7f5ae65-376e-4d05-a18c-10a91295727a
[2m[WebServer] [22m[Middleware] Admin user data query result: { userData: { role: 'owner', status: 'active' }, userError: null }
[2m[WebServer] [22m[Middleware] Access granted for admin role: owner
[2m[WebServer] [22m[Middleware] User authenticated: e7f5ae65-376e-4d05-a18c-10a91295727a
[2m[WebServer] [22m[Middleware] Admin user data query result: { userData: { role: 'owner', status: 'active' }, userError: null }
[2m[WebServer] [22m[Middleware] Access granted for admin role: owner
[2m[WebServer] [22m[Middleware] Admin user data query result: { userData: { role: 'owner', status: 'active' }, userError: null }
[2m[WebServer] [22m[Middleware] Access granted for admin role: owner
[2m[WebServer] [22m[Middleware] Admin user data query result: { userData: { role: 'owner', status: 'active' }, userError: null }
[2m[WebServer] [22m[Middleware] Access granted for admin role: owner
[2m[WebServer] [22m[Middleware] Admin user data query result: { userData: { role: 'owner', status: 'active' }, userError: null }
[2m[WebServer] [22m[Middleware] Access granted for admin role: owner
[2m[WebServer] [22m[Middleware] Admin user data query result: { userData: { role: 'owner', status: 'active' }, userError: null }
[2m[WebServer] [22m[Middleware] Access granted for admin role: owner
[2m[WebServer] [22m GET /api/admin/metrics [32m200[39m in 1422ms[2m (compile: 830ms, proxy.ts: 382ms, render: 210ms)[22m
[2m[WebServer] [22m GET /api/admin/alerts [32m200[39m in 1423ms[2m (compile: 756ms, proxy.ts: 457ms, render: 210ms)[22m
[2m[WebServer] [22m GET /api/admin/metrics [32m200[39m in 1423ms[2m (compile: 944ms, proxy.ts: 269ms, render: 210ms)[22m
[2m[WebServer] [22m GET /api/admin/alerts [32m200[39m in 1423ms[2m (compile: 829ms, proxy.ts: 385ms, render: 209ms)[22m
[2m[WebServer] [22m GET /admin/events [32m200[39m in 1579ms[2m (compile: 925ms, proxy.ts: 288ms, render: 365ms)[22m
[2m[WebServer] [22m GET /admin/events [32m200[39m in 1579ms[2m (compile: 832ms, proxy.ts: 381ms, render: 366ms)[22m
[2m[WebServer] [22m GET /admin/activities [32m200[39m in 1658ms[2m (compile: 987ms, proxy.ts: 304ms, render: 367ms)[22m
  ✘   4 [chromium] › __tests__/e2e/admin/sectionManagement.spec.ts:173:9 › Section Management › Section CRUD Operations › should create new section with rich text content (22.2s)
[2m[WebServer] [22m[Middleware] User authenticated: e7f5ae65-376e-4d05-a18c-10a91295727a
[2m[WebServer] [22m[Middleware] User authenticated: e7f5ae65-376e-4d05-a18c-10a91295727a
[2m[WebServer] [22m[Middleware] User authenticated: e7f5ae65-376e-4d05-a18c-10a91295727a
[2m[WebServer] [22m[Middleware] User authenticated: e7f5ae65-376e-4d05-a18c-10a91295727a
[2m[WebServer] [22m[Middleware] User authenticated: e7f5ae65-376e-4d05-a18c-10a91295727a
[2m[WebServer] [22m[Middleware] User authenticated: e7f5ae65-376e-4d05-a18c-10a91295727a
[2m[WebServer] [22m[Middleware] User authenticated: e7f5ae65-376e-4d05-a18c-10a91295727a
[dotenv@17.2.4] injecting env (0) from .env.e2e -- tip: 🛠️  run anywhere with `dotenvx run -- yourcommand`
[2m[WebServer] [22m[Middleware] Admin user data query result: { userData: { role: 'owner', status: 'active' }, userError: null }
[2m[WebServer] [22m[Middleware] Access granted for admin role: owner
[2m[WebServer] [22m[Middleware] Admin user data query result: { userData: { role: 'owner', status: 'active' }, userError: null }
[2m[WebServer] [22m[Middleware] Access granted for admin role: owner
[2m[WebServer] [22m[Middleware] Admin user data query result: { userData: { role: 'owner', status: 'active' }, userError: null }
[2m[WebServer] [22m[Middleware] Access granted for admin role: owner
[2m[WebServer] [22m[Middleware] Admin user data query result: { userData: { role: 'owner', status: 'active' }, userError: null }
[2m[WebServer] [22m[Middleware] Access granted for admin role: owner
[2m[WebServer] [22m[Middleware] Admin user data query result: { userData: { role: 'owner', status: 'active' }, userError: null }
[2m[WebServer] [22m[Middleware] Access granted for admin role: owner
[2m[WebServer] [22m[Middleware] Admin user data query result: { userData: { role: 'owner', status: 'active' }, userError: null }
[2m[WebServer] [22m[Middleware] Access granted for admin role: owner
[2m[WebServer] [22m GET /api/admin/events [32m200[39m in 533ms[2m (compile: 16ms, proxy.ts: 362ms, render: 154ms)[22m
[2m[WebServer] [22m[Middleware] Admin user data query result: { userData: { role: 'owner', status: 'active' }, userError: null }
[2m[WebServer] [22m[Middleware] Access granted for admin role: owner
[2m[WebServer] [22m GET /api/admin/locations [32m200[39m in 588ms[2m (compile: 5ms, proxy.ts: 438ms, render: 145ms)[22m
[2m[WebServer] [22m GET /api/admin/events [32m200[39m in 611ms[2m (compile: 3ms, proxy.ts: 447ms, render: 161ms)[22m
[2m[WebServer] [22m GET /api/admin/events [32m200[39m in 614ms[2m (compile: 1811µs, proxy.ts: 447ms, render: 165ms)[22m
[2m[WebServer] [22m GET /api/admin/locations [32m200[39m in 633ms[2m (compile: 1658µs, proxy.ts: 467ms, render: 164ms)[22m
[2m[WebServer] [22m[Middleware] User authenticated: e7f5ae65-376e-4d05-a18c-10a91295727a
[2m[WebServer] [22m[Middleware] Admin user data query result: { userData: { role: 'owner', status: 'active' }, userError: null }
[2m[WebServer] [22m[Middleware] Access granted for admin role: owner
[2m[WebServer] [22m GET /admin [32m200[39m in 1184ms[2m (compile: 712ms, proxy.ts: 331ms, render: 141ms)[22m
[2m[WebServer] [22m[Middleware] User authenticated: e7f5ae65-376e-4d05-a18c-10a91295727a
[2m[WebServer] [22m GET /api/admin/activities [32m200[39m in 2.0s[2m (compile: 1283ms, proxy.ts: 468ms, render: 282ms)[22m
[2m[WebServer] [22m GET /api/admin/locations [32m200[39m in 2.0s[2m (compile: 1190ms, proxy.ts: 561ms, render: 288ms)[22m
[2m[WebServer] [22m[Middleware] Admin user data query result: { userData: { role: 'owner', status: 'active' }, userError: null }
[2m[WebServer] [22m[Middleware] Access granted for admin role: owner
[2m[WebServer] [22m[Middleware] User authenticated: e7f5ae65-376e-4d05-a18c-10a91295727a
⚠️  No section editor detected yet, waiting...
[2m[WebServer] [22m[verifyAuth] User authenticated: e7f5ae65-376e-4d05-a18c-10a91295727a
[2m[WebServer] [22m[Middleware] Admin user data query result: { userData: { role: 'owner', status: 'active' }, userError: null }
[2m[WebServer] [22m[Middleware] Access granted for admin role: owner
[2m[WebServer] [22m GET /api/admin/sections/by-page/event/af1b3647-f38c-42ba-af43-9120cb8e5676 [32m200[39m in 1102ms[2m (compile: 13ms, proxy.ts: 492ms, render: 598ms)[22m
[2m[WebServer] [22m[Middleware] User authenticated: e7f5ae65-376e-4d05-a18c-10a91295727a
[2m[WebServer] [22m[Middleware] User authenticated: e7f5ae65-376e-4d05-a18c-10a91295727a
[2m[WebServer] [22m[Middleware] User authenticated: e7f5ae65-376e-4d05-a18c-10a91295727a
[2m[WebServer] [22m[Middleware] Admin user data query result: { userData: { role: 'owner', status: 'active' }, userError: null }
[2m[WebServer] [22m[Middleware] Access granted for admin role: owner
[2m[WebServer] [22m[Middleware] Admin user data query result: { userData: { role: 'owner', status: 'active' }, userError: null }
[2m[WebServer] [22m[Middleware] Access granted for admin role: owner
[2m[WebServer] [22m[Middleware] Admin user data query result: { userData: { role: 'owner', status: 'active' }, userError: null }
[2m[WebServer] [22m[Middleware] Access granted for admin role: owner
[2m[WebServer] [22m[Middleware] User authenticated: e7f5ae65-376e-4d05-a18c-10a91295727a
[2m[WebServer] [22m[Middleware] User authenticated: e7f5ae65-376e-4d05-a18c-10a91295727a
[2m[WebServer] [22m GET /api/admin/activities/96420c4b-cdfe-47b9-b813-fae9dd50a1c3/capacity [32m200[39m in 1150ms[2m (proxy.ts: 277ms)[22m
[2m[WebServer] [22m GET /admin/events [32m200[39m in 759ms[2m (compile: 33ms, proxy.ts: 468ms, render: 258ms)[22m
[2m[WebServer] [22m GET /admin/activities [32m200[39m in 765ms[2m (compile: 138ms, proxy.ts: 469ms, render: 158ms)[22m
[2m[WebServer] [22m[Middleware] User authenticated: e7f5ae65-376e-4d05-a18c-10a91295727a
[2m[WebServer] [22m[Middleware] Admin user data query result: { userData: { role: 'owner', status: 'active' }, userError: null }
[2m[WebServer] [22m[Middleware] Access granted for admin role: owner
[2m[WebServer] [22m[Middleware] Admin user data query result: { userData: { role: 'owner', status: 'active' }, userError: null }
[2m[WebServer] [22m[Middleware] Access granted for admin role: owner
[2m[WebServer] [22m GET /admin/events [32m200[39m in 801ms[2m (compile: 76ms, proxy.ts: 617ms, render: 109ms)[22m
[2m[WebServer] [22m[Middleware] User authenticated: e7f5ae65-376e-4d05-a18c-10a91295727a
[2m[WebServer] [22m[Middleware] Admin user data query result: { userData: { role: 'owner', status: 'active' }, userError: null }
[2m[WebServer] [22m[Middleware] Access granted for admin role: owner
[2m[WebServer] [22m[Middleware] Admin user data query result: { userData: { role: 'owner', status: 'active' }, userError: null }
[2m[WebServer] [22m[Middleware] Access granted for admin role: owner
[2m[WebServer] [22m GET /api/admin/metrics [32m200[39m in 779ms[2m (compile: 4ms, proxy.ts: 674ms, render: 101ms)[22m
[2m[WebServer] [22m GET /api/admin/alerts [32m200[39m in 780ms[2m (compile: 13ms, proxy.ts: 556ms, render: 211ms)[22m
[2m[WebServer] [22m GET /admin/events [32m200[39m in 686ms[2m (compile: 4ms, proxy.ts: 612ms, render: 70ms)[22m
❌ No section editor found after waiting
  ✘   9 [chromium] › __tests__/e2e/admin/sectionManagement.spec.ts:575:9 › Section Management › Cross-Entity Section Management › should handle entity-specific section features (8.3s)
[2m[WebServer] [22m[Middleware] User authenticated: e7f5ae65-376e-4d05-a18c-10a91295727a
[2m[WebServer] [22m[Middleware] User authenticated: e7f5ae65-376e-4d05-a18c-10a91295727a
[2m[WebServer] [22m[Middleware] User authenticated: e7f5ae65-376e-4d05-a18c-10a91295727a
[2m[WebServer] [22m[Middleware] User authenticated: e7f5ae65-376e-4d05-a18c-10a91295727a
[2m[WebServer] [22m[Middleware] User authenticated: e7f5ae65-376e-4d05-a18c-10a91295727a
[2m[WebServer] [22m[Middleware] User authenticated: e7f5ae65-376e-4d05-a18c-10a91295727a
[2m[WebServer] [22m[Middleware] User authenticated: e7f5ae65-376e-4d05-a18c-10a91295727a
[2m[WebServer] [22m[Middleware] User authenticated: e7f5ae65-376e-4d05-a18c-10a91295727a
[2m[WebServer] [22m[Middleware] Admin user data query result: { userData: { role: 'owner', status: 'active' }, userError: null }
[2m[WebServer] [22m[Middleware] Access granted for admin role: owner
[2m[WebServer] [22m[Middleware] Admin user data query result: { userData: { role: 'owner', status: 'active' }, userError: null }
[2m[WebServer] [22m[Middleware] Access granted for admin role: owner
[2m[WebServer] [22m[Middleware] Admin user data query result: { userData: { role: 'owner', status: 'active' }, userError: null }
[2m[WebServer] [22m[Middleware] Access granted for admin role: owner
[2m[WebServer] [22m[Middleware] Admin user data query result: { userData: { role: 'owner', status: 'active' }, userError: null }
[2m[WebServer] [22m[Middleware] Access granted for admin role: owner
[2m[WebServer] [22m[Middleware] Admin user data query result: { userData: { role: 'owner', status: 'active' }, userError: null }
[2m[WebServer] [22m[Middleware] Access granted for admin role: owner
[2m[WebServer] [22m[Middleware] Admin user data query result: { userData: { role: 'owner', status: 'active' }, userError: null }
[2m[WebServer] [22m[Middleware] Access granted for admin role: owner
[2m[WebServer] [22m[Middleware] User authenticated: e7f5ae65-376e-4d05-a18c-10a91295727a
[2m[WebServer] [22m[Middleware] Admin user data query result: { userData: { role: 'owner', status: 'active' }, userError: null }
[2m[WebServer] [22m[Middleware] Access granted for admin role: owner
[2m[WebServer] [22m GET /api/admin/events [32m200[39m in 508ms[2m (compile: 6ms, proxy.ts: 339ms, render: 163ms)[22m
[2m[WebServer] [22m GET /api/admin/activities [32m200[39m in 514ms[2m (compile: 9ms, proxy.ts: 354ms, render: 151ms)[22m
[2m[WebServer] [22m[Middleware] Admin user data query result: { userData: { role: 'owner', status: 'active' }, userError: null }
[2m[WebServer] [22m[Middleware] Access granted for admin role: owner
[2m[WebServer] [22m[Middleware] Admin user data query result: { userData: { role: 'owner', status: 'active' }, userError: null }
[2m[WebServer] [22m[Middleware] Access granted for admin role: owner
[2m[WebServer] [22m GET /api/admin/locations [32m200[39m in 549ms[2m (compile: 12ms, proxy.ts: 359ms, render: 178ms)[22m
[2m[WebServer] [22m GET /api/admin/locations [32m200[39m in 557ms[2m (compile: 13ms, proxy.ts: 358ms, render: 186ms)[22m
[2m[WebServer] [22m GET /api/admin/locations [32m200[39m in 458ms[2m (compile: 3ms, proxy.ts: 304ms, render: 151ms)[22m
[2m[WebServer] [22m GET /api/admin/events [32m200[39m in 505ms[2m (compile: 1833µs, proxy.ts: 367ms, render: 136ms)[22m
[2m[WebServer] [22m[Middleware] User authenticated: e7f5ae65-376e-4d05-a18c-10a91295727a
[2m[WebServer] [22m GET /api/admin/events [32m200[39m in 700ms[2m (compile: 14ms, proxy.ts: 531ms, render: 155ms)[22m
[dotenv@17.2.4] injecting env (0) from .env.e2e -- tip: 📡 add observability to secrets: https://dotenvx.com/ops
[2m[WebServer] [22m[Middleware] Admin user data query result: { userData: { role: 'owner', status: 'active' }, userError: null }
[2m[WebServer] [22m[Middleware] Access granted for admin role: owner
[2m[WebServer] [22m GET /api/admin/activities/96420c4b-cdfe-47b9-b813-fae9dd50a1c3/capacity [32m200[39m in 596ms[2m (compile: 6ms, proxy.ts: 323ms, render: 267ms)[22m
[2m[WebServer] [22m[Middleware] User authenticated: e7f5ae65-376e-4d05-a18c-10a91295727a
[2m[WebServer] [22m[Middleware] Admin user data query result: { userData: { role: 'owner', status: 'active' }, userError: null }
[2m[WebServer] [22m[Middleware] Access granted for admin role: owner
[2m[WebServer] [22m GET /admin [32m200[39m in 386ms[2m (compile: 10ms, proxy.ts: 327ms, render: 49ms)[22m
[2m[WebServer] [22m[Middleware] User authenticated: e7f5ae65-376e-4d05-a18c-10a91295727a
[2m[WebServer] [22m[Middleware] User authenticated: e7f5ae65-376e-4d05-a18c-10a91295727a
[2m[WebServer] [22m[Middleware] User authenticated: e7f5ae65-376e-4d05-a18c-10a91295727a
[2m[WebServer] [22m[Middleware] User authenticated: e7f5ae65-376e-4d05-a18c-10a91295727a
[2m[WebServer] [22m[Middleware] Admin user data query result: { userData: { role: 'owner', status: 'active' }, userError: null }
[2m[WebServer] [22m[Middleware] Access granted for admin role: owner
[2m[WebServer] [22m[Middleware] Admin user data query result: { userData: { role: 'owner', status: 'active' }, userError: null }
[2m[WebServer] [22m[Middleware] Access granted for admin role: owner
[2m[WebServer] [22m[Middleware] Admin user data query result: { userData: { role: 'owner', status: 'active' }, userError: null }
[2m[WebServer] [22m[Middleware] Access granted for admin role: owner
[2m[WebServer] [22m GET /api/admin/metrics [32m200[39m in 404ms[2m (compile: 1313µs, proxy.ts: 297ms, render: 105ms)[22m
[2m[WebServer] [22m GET /api/admin/alerts [32m200[39m in 404ms[2m (compile: 4ms, proxy.ts: 357ms, render: 43ms)[22m
[2m[WebServer] [22m GET /admin/events [32m200[39m in 345ms[2m (compile: 5ms, proxy.ts: 286ms, render: 54ms)[22m
[2m[WebServer] [22m[Middleware] Admin user data query result: { userData: { role: 'owner', status: 'active' }, userError: null }
[2m[WebServer] [22m[Middleware] Access granted for admin role: owner
[2m[WebServer] [22m[verifyAuth] User authenticated: e7f5ae65-376e-4d05-a18c-10a91295727a
[2m[WebServer] [22m GET /api/admin/sections/by-page/event/af1b3647-f38c-42ba-af43-9120cb8e5676 [32m200[39m in 787ms[2m (compile: 23ms, proxy.ts: 322ms, render: 442ms)[22m
[2m[WebServer] [22m[Middleware] User authenticated: e7f5ae65-376e-4d05-a18c-10a91295727a
[2m[WebServer] [22m[Middleware] User authenticated: e7f5ae65-376e-4d05-a18c-10a91295727a
📝 Detected InlineSectionEditor - waiting for form expansion...
✅ Section editor wait complete - all checks passed
[2m[WebServer] [22m[Middleware] Admin user data query result: { userData: { role: 'owner', status: 'active' }, userError: null }
[2m[WebServer] [22m[Middleware] Access granted for admin role: owner
[2m[WebServer] [22m[Middleware] Admin user data query result: { userData: { role: 'owner', status: 'active' }, userError: null }
[2m[WebServer] [22m[Middleware] Access granted for admin role: owner
[2m[WebServer] [22m[Middleware] User authenticated: e7f5ae65-376e-4d05-a18c-10a91295727a
[2m[WebServer] [22m[verifyAuth] User authenticated: e7f5ae65-376e-4d05-a18c-10a91295727a
[2m[WebServer] [22m[verifyAuth] User authenticated: e7f5ae65-376e-4d05-a18c-10a91295727a
[2m[WebServer] [22m[Middleware] User authenticated: e7f5ae65-376e-4d05-a18c-10a91295727a
[2m[WebServer] [22m[Middleware] User authenticated: e7f5ae65-376e-4d05-a18c-10a91295727a
⚠️  No section editor detected yet, waiting...
[2m[WebServer] [22m[Middleware] Admin user data query result: { userData: { role: 'owner', status: 'active' }, userError: null }
[2m[WebServer] [22m[Middleware] Access granted for admin role: owner
[2m[WebServer] [22m[Middleware] Admin user data query result: { userData: { role: 'owner', status: 'active' }, userError: null }
[2m[WebServer] [22m[Middleware] Access granted for admin role: owner
[2m[WebServer] [22m[Middleware] User authenticated: e7f5ae65-376e-4d05-a18c-10a91295727a
[2m[WebServer] [22m[Middleware] Admin user data query result: { userData: { role: 'owner', status: 'active' }, userError: null }
[2m[WebServer] [22m[Middleware] Access granted for admin role: owner
[2m[WebServer] [22m GET /api/admin/events [32m200[39m in 537ms[2m (compile: 1344µs, proxy.ts: 379ms, render: 157ms)[22m
[2m[WebServer] [22m[Middleware] Admin user data query result: { userData: { role: 'owner', status: 'active' }, userError: null }
[2m[WebServer] [22m[Middleware] Access granted for admin role: owner
[2m[WebServer] [22m[verifyAuth] User authenticated: e7f5ae65-376e-4d05-a18c-10a91295727a
[2m[WebServer] [22m GET /api/admin/sections/by-page/event/af1b3647-f38c-42ba-af43-9120cb8e5676 [32m200[39m in 903ms[2m (compile: 35ms, proxy.ts: 392ms, render: 476ms)[22m
[2m[WebServer] [22m GET /api/admin/locations [32m200[39m in 608ms[2m (compile: 1576µs, proxy.ts: 413ms, render: 193ms)[22m
[2m[WebServer] [22m GET /api/admin/sections/by-page/event/af1b3647-f38c-42ba-af43-9120cb8e5676 [32m200[39m in 915ms[2m (compile: 37ms, proxy.ts: 362ms, render: 516ms)[22m
[2m[WebServer] [22m[Middleware] User authenticated: e7f5ae65-376e-4d05-a18c-10a91295727a
[2m[WebServer] [22m POST /api/admin/sections [32m201[39m in 799ms[2m (compile: 5ms, proxy.ts: 301ms, render: 493ms)[22m
[2m[WebServer] [22m[Middleware] Admin user data query result: { userData: { role: 'owner', status: 'active' }, userError: null }
[2m[WebServer] [22m[Middleware] Access granted for admin role: owner
[2m[WebServer] [22m GET /admin/content-pages [32m200[39m in 1434ms[2m (compile: 1039ms, proxy.ts: 296ms, render: 99ms)[22m
[2m[WebServer] [22m[verifyAuth] User authenticated: e7f5ae65-376e-4d05-a18c-10a91295727a
[2m[WebServer] [22m GET /api/admin/sections/by-page/event/af1b3647-f38c-42ba-af43-9120cb8e5676 [32m200[39m in 1420ms[2m (compile: 570ms, proxy.ts: 355ms, render: 495ms)[22m
[2m[WebServer] [22m[Middleware] User authenticated: e7f5ae65-376e-4d05-a18c-10a91295727a
[2m[WebServer] [22m[Middleware] User authenticated: e7f5ae65-376e-4d05-a18c-10a91295727a
[2m[WebServer] [22m[Middleware] User authenticated: e7f5ae65-376e-4d05-a18c-10a91295727a
[2m[WebServer] [22m[Middleware] User authenticated: e7f5ae65-376e-4d05-a18c-10a91295727a
[2m[WebServer] [22m[Middleware] User authenticated: e7f5ae65-376e-4d05-a18c-10a91295727a
[2m[WebServer] [22m[Middleware] Admin user data query result: { userData: { role: 'owner', status: 'active' }, userError: null }
[2m[WebServer] [22m[Middleware] Access granted for admin role: owner
[2m[WebServer] [22m[Middleware] Admin user data query result: { userData: { role: 'owner', status: 'active' }, userError: null }
[2m[WebServer] [22m[Middleware] Access granted for admin role: owner
[2m[WebServer] [22m[Middleware] Admin user data query result: { userData: { role: 'owner', status: 'active' }, userError: null }
[2m[WebServer] [22m[Middleware] Access granted for admin role: owner
[2m[WebServer] [22m[Middleware] Admin user data query result: { userData: { role: 'owner', status: 'active' }, userError: null }
[2m[WebServer] [22m[Middleware] Access granted for admin role: owner
[2m[WebServer] [22m[Middleware] Admin user data query result: { userData: { role: 'owner', status: 'active' }, userError: null }
[2m[WebServer] [22m[Middleware] Access granted for admin role: owner
[2m[WebServer] [22m[verifyAuth] User authenticated: e7f5ae65-376e-4d05-a18c-10a91295727a
[2m[WebServer] [22m GET /api/admin/sections/by-page/event/af1b3647-f38c-42ba-af43-9120cb8e5676 [32m200[39m in 516ms[2m (compile: 5ms, proxy.ts: 324ms, render: 187ms)[22m
❌ No section editor found after waiting
[2m[WebServer] [22m GET /admin/events [32m200[39m in 592ms[2m (compile: 16ms, proxy.ts: 302ms, render: 274ms)[22m
[2m[WebServer] [22m GET /admin/events [32m200[39m in 594ms[2m (compile: 14ms, proxy.ts: 304ms, render: 276ms)[22m
[2m[WebServer] [22m GET /admin/events [32m200[39m in 587ms[2m (compile: 14ms, proxy.ts: 291ms, render: 282ms)[22m
⚠️  No section editor detected yet, waiting...
[2m[WebServer] [22m[verifyAuth] User authenticated: e7f5ae65-376e-4d05-a18c-10a91295727a
[2m[WebServer] [22m GET /api/admin/content-pages [32m200[39m in 1641ms[2m (compile: 897ms, proxy.ts: 399ms, render: 345ms)[22m
[2m[WebServer] [22m[Middleware] User authenticated: e7f5ae65-376e-4d05-a18c-10a91295727a
  ✘   8 [chromium] › __tests__/e2e/admin/sectionManagement.spec.ts:492:9 › Section Management › Cross-Entity Section Management › should maintain consistent UI across entity types (16.0s)
[2m[WebServer] [22m[Middleware] Admin user data query result: { userData: { role: 'owner', status: 'active' }, userError: null }
[2m[WebServer] [22m[Middleware] Access granted for admin role: owner
[2m[WebServer] [22m[Middleware] User authenticated: e7f5ae65-376e-4d05-a18c-10a91295727a
[2m[WebServer] [22m[Middleware] User authenticated: e7f5ae65-376e-4d05-a18c-10a91295727a
[2m[WebServer] [22m[Middleware] Admin user data query result: { userData: { role: 'owner', status: 'active' }, userError: null }
[2m[WebServer] [22m[Middleware] Access granted for admin role: owner
[2m[WebServer] [22m[Middleware] Admin user data query result: { userData: { role: 'owner', status: 'active' }, userError: null }
[2m[WebServer] [22m[Middleware] Access granted for admin role: owner
[2m[WebServer] [22m GET /admin/content-pages [32m200[39m in 796ms[2m (compile: 221ms, proxy.ts: 446ms, render: 129ms)[22m
[2m[WebServer] [22m[Middleware] User authenticated: e7f5ae65-376e-4d05-a18c-10a91295727a
[2m[WebServer] [22m[Middleware] User authenticated: e7f5ae65-376e-4d05-a18c-10a91295727a
[2m[WebServer] [22m[Middleware] User authenticated: e7f5ae65-376e-4d05-a18c-10a91295727a
[2m[WebServer] [22m[Middleware] User authenticated: e7f5ae65-376e-4d05-a18c-10a91295727a
[2m[WebServer] [22m[Middleware] Admin user data query result: { userData: { role: 'owner', status: 'active' }, userError: null }
[2m[WebServer] [22m[Middleware] Access granted for admin role: owner
[2m[WebServer] [22m[Middleware] Admin user data query result: { userData: { role: 'owner', status: 'active' }, userError: null }
[2m[WebServer] [22m[Middleware] Access granted for admin role: owner
[2m[WebServer] [22m[Middleware] Admin user data query result: { userData: { role: 'owner', status: 'active' }, userError: null }
[2m[WebServer] [22m[Middleware] Access granted for admin role: owner
[2m[WebServer] [22m[Middleware] Admin user data query result: { userData: { role: 'owner', status: 'active' }, userError: null }
[2m[WebServer] [22m[Middleware] Access granted for admin role: owner
[2m[WebServer] [22m GET /api/admin/events [32m200[39m in 725ms[2m (compile: 9ms, proxy.ts: 580ms, render: 137ms)[22m
[2m[WebServer] [22m GET /api/admin/events [32m200[39m in 731ms[2m (compile: 3ms, proxy.ts: 592ms, render: 136ms)[22m
[2m[WebServer] [22m GET /api/admin/locations [32m200[39m in 738ms[2m (compile: 7ms, proxy.ts: 568ms, render: 163ms)[22m
[2m[WebServer] [22m GET /api/admin/locations [32m200[39m in 763ms[2m (compile: 2ms, proxy.ts: 597ms, render: 163ms)[22m
❌ No section editor found after waiting
[dotenv@17.2.4] injecting env (0) from .env.e2e -- tip: ⚙️  specify custom .env file path with { path: '/custom/path/.env' }
[2m[WebServer] [22m[Middleware] User authenticated: e7f5ae65-376e-4d05-a18c-10a91295727a
[2m[WebServer] [22m[Middleware] Admin user data query result: { userData: { role: 'owner', status: 'active' }, userError: null }
[2m[WebServer] [22m[Middleware] Access granted for admin role: owner
  ✘  11 [chromium] › __tests__/e2e/admin/sectionManagement.spec.ts:575:9 › Section Management › Cross-Entity Section Management › should handle entity-specific section features (retry #1) (8.0s)
[2m[WebServer] [22m[verifyAuth] User authenticated: e7f5ae65-376e-4d05-a18c-10a91295727a
[2m[WebServer] [22m[Middleware] User authenticated: e7f5ae65-376e-4d05-a18c-10a91295727a
[2m[WebServer] [22m GET /api/admin/content-pages [32m200[39m in 602ms[2m (compile: 4ms, proxy.ts: 302ms, render: 297ms)[22m
[2m[WebServer] [22m[Middleware] Admin user data query result: { userData: { role: 'owner', status: 'active' }, userError: null }
[2m[WebServer] [22m[Middleware] Access granted for admin role: owner
[2m[WebServer] [22m GET /admin [32m200[39m in 336ms[2m (compile: 10ms, proxy.ts: 259ms, render: 67ms)[22m
[dotenv@17.2.4] injecting env (0) from .env.e2e -- tip: 🔑 add access controls to secrets: https://dotenvx.com/ops
[2m[WebServer] [22m[Middleware] User authenticated: e7f5ae65-376e-4d05-a18c-10a91295727a
[2m[WebServer] [22m[Middleware] User authenticated: e7f5ae65-376e-4d05-a18c-10a91295727a
[2m[WebServer] [22m[Middleware] User authenticated: e7f5ae65-376e-4d05-a18c-10a91295727a
[2m[WebServer] [22m[Middleware] Admin user data query result: { userData: { role: 'owner', status: 'active' }, userError: null }
[2m[WebServer] [22m[Middleware] Access granted for admin role: owner
[2m[WebServer] [22m[Middleware] User authenticated: e7f5ae65-376e-4d05-a18c-10a91295727a
[2m[WebServer] [22m GET /admin [32m200[39m in 367ms[2m (compile: 2ms, proxy.ts: 331ms, render: 35ms)[22m
[2m[WebServer] [22m[Middleware] Admin user data query result: { userData: { role: 'owner', status: 'active' }, userError: null }
[2m[WebServer] [22m[Middleware] Access granted for admin role: owner
[2m[WebServer] [22m[Middleware] Admin user data query result: { userData: { role: 'owner', status: 'active' }, userError: null }
[2m[WebServer] [22m[Middleware] Access granted for admin role: owner
[2m[WebServer] [22m[Middleware] Admin user data query result: { userData: { role: 'owner', status: 'active' }, userError: null }
[2m[WebServer] [22m[Middleware] Access granted for admin role: owner
[2m[WebServer] [22m GET /api/admin/alerts [32m200[39m in 448ms[2m (compile: 9ms, proxy.ts: 284ms, render: 155ms)[22m
[2m[WebServer] [22m GET /api/admin/metrics [32m200[39m in 448ms[2m (compile: 6ms, proxy.ts: 282ms, render: 160ms)[22m
[2m[WebServer] [22m GET /admin/events [32m200[39m in 390ms[2m (compile: 12ms, proxy.ts: 315ms, render: 64ms)[22m
[2m[WebServer] [22m[Middleware] User authenticated: e7f5ae65-376e-4d05-a18c-10a91295727a
[2m[WebServer] [22m[Middleware] User authenticated: e7f5ae65-376e-4d05-a18c-10a91295727a
[2m[WebServer] [22m[Middleware] User authenticated: e7f5ae65-376e-4d05-a18c-10a91295727a
[2m[WebServer] [22m[Middleware] Admin user data query result: { userData: { role: 'owner', status: 'active' }, userError: null }
[2m[WebServer] [22m[Middleware] Access granted for admin role: owner
[2m[WebServer] [22m[Middleware] Admin user data query result: { userData: { role: 'owner', status: 'active' }, userError: null }
[2m[WebServer] [22m[Middleware] Access granted for admin role: owner
[2m[WebServer] [22m GET /api/admin/alerts [32m200[39m in 447ms[2m (compile: 1382µs, proxy.ts: 388ms, render: 57ms)[22m
[2m[WebServer] [22m[Middleware] Admin user data query result: { userData: { role: 'owner', status: 'active' }, userError: null }
[2m[WebServer] [22m[Middleware] Access granted for admin role: owner
[2m[WebServer] [22m GET /admin/events [32m200[39m in 478ms[2m (compile: 3ms, proxy.ts: 403ms, render: 72ms)[22m
[2m[WebServer] [22m[Middleware] User authenticated: e7f5ae65-376e-4d05-a18c-10a91295727a
[2m[WebServer] [22m[Middleware] User authenticated: e7f5ae65-376e-4d05-a18c-10a91295727a
[2m[WebServer] [22m[Middleware] Admin user data query result: { userData: { role: 'owner', status: 'active' }, userError: null }
[2m[WebServer] [22m[Middleware] Access granted for admin role: owner
[2m[WebServer] [22m[Middleware] Admin user data query result: { userData: { role: 'owner', status: 'active' }, userError: null }
[2m[WebServer] [22m[Middleware] Access granted for admin role: owner
[2m[WebServer] [22m GET /api/admin/locations [32m200[39m in 474ms[2m (compile: 1919µs, proxy.ts: 329ms, render: 143ms)[22m
[2m[WebServer] [22m GET /api/admin/events [32m200[39m in 581ms[2m (compile: 2ms, proxy.ts: 439ms, render: 139ms)[22m
[2m[WebServer] [22m[Middleware] User authenticated: e7f5ae65-376e-4d05-a18c-10a91295727a
[2m[WebServer] [22m[Middleware] User authenticated: e7f5ae65-376e-4d05-a18c-10a91295727a
[2m[WebServer] [22m[Middleware] User authenticated: e7f5ae65-376e-4d05-a18c-10a91295727a
[2m[WebServer] [22m[Middleware] Admin user data query result: { userData: { role: 'owner', status: 'active' }, userError: null }
[2m[WebServer] [22m[Middleware] Access granted for admin role: owner
⚠️  No section editor detected yet, waiting...
[2m[WebServer] [22m[Middleware] Admin user data query result: { userData: { role: 'owner', status: 'active' }, userError: null }
[2m[WebServer] [22m[Middleware] Access granted for admin role: owner
[2m[WebServer] [22m[Middleware] Admin user data query result: { userData: { role: 'owner', status: 'active' }, userError: null }
[2m[WebServer] [22m[Middleware] Access granted for admin role: owner
[2m[WebServer] [22m[verifyAuth] User authenticated: e7f5ae65-376e-4d05-a18c-10a91295727a
[2m[WebServer] [22m GET /api/admin/events [32m200[39m in 449ms[2m (compile: 1317µs, proxy.ts: 284ms, render: 164ms)[22m
[2m[WebServer] [22m GET /api/admin/locations [32m200[39m in 451ms[2m (compile: 1270µs, proxy.ts: 303ms, render: 147ms)[22m
[2m[WebServer] [22m GET /api/admin/sections/by-page/custom/ab3cba67-7c1a-498b-995d-fcc3f58d4d49 [32m200[39m in 809ms[2m (compile: 9ms, proxy.ts: 487ms, render: 313ms)[22m
[2m[WebServer] [22m[Middleware] User authenticated: e7f5ae65-376e-4d05-a18c-10a91295727a
[2m[WebServer] [22m[Middleware] Admin user data query result: { userData: { role: 'owner', status: 'active' }, userError: null }
[2m[WebServer] [22m[Middleware] Access granted for admin role: owner
[2m[WebServer] [22m[verifyAuth] User authenticated: e7f5ae65-376e-4d05-a18c-10a91295727a
[2m[WebServer] [22m GET /api/admin/sections/by-page/custom/ab3cba67-7c1a-498b-995d-fcc3f58d4d49 [32m200[39m in 586ms[2m (compile: 12ms, proxy.ts: 297ms, render: 278ms)[22m
[2m[WebServer] [22m[Middleware] User authenticated: e7f5ae65-376e-4d05-a18c-10a91295727a
[2m[WebServer] [22m[Middleware] Admin user data query result: { userData: { role: 'owner', status: 'active' }, userError: null }
[2m[WebServer] [22m[Middleware] Access granted for admin role: owner
[2m[WebServer] [22m[verifyAuth] User authenticated: e7f5ae65-376e-4d05-a18c-10a91295727a
⚠️  No section editor detected yet, waiting...
[2m[WebServer] [22m GET /api/admin/sections/by-page/event/af1b3647-f38c-42ba-af43-9120cb8e5676 [32m200[39m in 762ms[2m (compile: 11ms, proxy.ts: 292ms, render: 459ms)[22m
[2m[WebServer] [22m[Middleware] User authenticated: e7f5ae65-376e-4d05-a18c-10a91295727a
[2m[WebServer] [22m[Middleware] User authenticated: e7f5ae65-376e-4d05-a18c-10a91295727a
[2m[WebServer] [22m[Middleware] Admin user data query result: { userData: { role: 'owner', status: 'active' }, userError: null }
[2m[WebServer] [22m[Middleware] Access granted for admin role: owner
[2m[WebServer] [22m[Middleware] Admin user data query result: { userData: { role: 'owner', status: 'active' }, userError: null }
[2m[WebServer] [22m[Middleware] Access granted for admin role: owner
[2m[WebServer] [22m[verifyAuth] User authenticated: e7f5ae65-376e-4d05-a18c-10a91295727a
[2m[WebServer] [22m[verifyAuth] User authenticated: e7f5ae65-376e-4d05-a18c-10a91295727a
⚠️  No section editor detected yet, waiting...
[2m[WebServer] [22m GET /api/admin/sections/by-page/event/af1b3647-f38c-42ba-af43-9120cb8e5676 [32m200[39m in 715ms[2m (compile: 5ms, proxy.ts: 286ms, render: 423ms)[22m
📝 Detected SectionEditor - waiting for inline editor...
✅ Section editor wait complete - all checks passed
[2m[WebServer] [22m GET /api/admin/sections/by-page/event/af1b3647-f38c-42ba-af43-9120cb8e5676 [32m200[39m in 693ms[2m (compile: 4ms, proxy.ts: 277ms, render: 411ms)[22m
[2m[WebServer] [22m[Middleware] User authenticated: e7f5ae65-376e-4d05-a18c-10a91295727a
  ✓   7 [chromium] › __tests__/e2e/admin/sectionManagement.spec.ts:438:9 › Section Management › Cross-Entity Section Management › should access section editor from all entity types (32.1s)
[2m[WebServer] [22m[Middleware] Admin user data query result: { userData: { role: 'owner', status: 'active' }, userError: null }
[2m[WebServer] [22m[Middleware] Access granted for admin role: owner
[2m[WebServer] [22m[Middleware] User authenticated: e7f5ae65-376e-4d05-a18c-10a91295727a
[2m[WebServer] [22m[verifyAuth] User authenticated: e7f5ae65-376e-4d05-a18c-10a91295727a
[2m[WebServer] [22m[Middleware] Admin user data query result: { userData: { role: 'owner', status: 'active' }, userError: null }
[2m[WebServer] [22m[Middleware] Access granted for admin role: owner
[2m[WebServer] [22m GET /admin [32m200[39m in 333ms[2m (compile: 2ms, proxy.ts: 305ms, render: 26ms)[22m
[2m[WebServer] [22m GET /api/admin/sections/by-page/event/af1b3647-f38c-42ba-af43-9120cb8e5676 [32m200[39m in 772ms[2m (compile: 4ms, proxy.ts: 300ms, render: 467ms)[22m
[2m[WebServer] [22m[Middleware] User authenticated: e7f5ae65-376e-4d05-a18c-10a91295727a
[2m[WebServer] [22m[Middleware] User authenticated: e7f5ae65-376e-4d05-a18c-10a91295727a
[2m[WebServer] [22m[Middleware] User authenticated: e7f5ae65-376e-4d05-a18c-10a91295727a
[2m[WebServer] [22m[Middleware] Admin user data query result: { userData: { role: 'owner', status: 'active' }, userError: null }
[2m[WebServer] [22m[Middleware] Access granted for admin role: owner
[2m[WebServer] [22m[Middleware] Admin user data query result: { userData: { role: 'owner', status: 'active' }, userError: null }
[2m[WebServer] [22m[Middleware] Access granted for admin role: owner
[2m[WebServer] [22m[Middleware] Admin user data query result: { userData: { role: 'owner', status: 'active' }, userError: null }
[2m[WebServer] [22m[Middleware] Access granted for admin role: owner
[2m[WebServer] [22m GET /api/admin/alerts [32m200[39m in 386ms[2m (compile: 5ms, proxy.ts: 285ms, render: 96ms)[22m
[2m[WebServer] [22m GET /api/admin/metrics [32m200[39m in 387ms[2m (compile: 2ms, proxy.ts: 298ms, render: 87ms)[22m
[2m[WebServer] [22m GET /admin/events [32m200[39m in 398ms[2m (compile: 16ms, proxy.ts: 287ms, render: 95ms)[22m
📝 Detected InlineSectionEditor - waiting for form expansion...
✅ Section editor wait complete - all checks passed
✅ Events: hasEditor=true, hasAddButton=true
[2m[WebServer] [22m[Middleware] User authenticated: e7f5ae65-376e-4d05-a18c-10a91295727a
[2m[WebServer] [22m[Middleware] Admin user data query result: { userData: { role: 'owner', status: 'active' }, userError: null }
[2m[WebServer] [22m[Middleware] Access granted for admin role: owner
[2m[WebServer] [22m[Middleware] User authenticated: e7f5ae65-376e-4d05-a18c-10a91295727a
[2m[WebServer] [22m[Middleware] User authenticated: e7f5ae65-376e-4d05-a18c-10a91295727a
[2m[WebServer] [22m GET /admin/activities [32m200[39m in 453ms[2m (compile: 24ms, proxy.ts: 333ms, render: 96ms)[22m
[2m[WebServer] [22m[Middleware] Admin user data query result: { userData: { role: 'owner', status: 'active' }, userError: null }
[2m[WebServer] [22m[Middleware] Access granted for admin role: owner
📝 Detected InlineSectionEditor - waiting for form expansion...
✅ Section editor wait complete - all checks passed
⏭️  Skipping: Reference field not available
[2m[WebServer] [22m[Middleware] Admin user data query result: { userData: { role: 'owner', status: 'active' }, userError: null }
[2m[WebServer] [22m[Middleware] Access granted for admin role: owner
[2m[WebServer] [22m GET /api/admin/events [32m200[39m in 591ms[2m (compile: 2ms, proxy.ts: 434ms, render: 155ms)[22m
  ✓  13 [chromium] › __tests__/e2e/admin/sectionManagement.spec.ts:605:9 › Section Management › Validation & Error Handling › should validate references in sections (7.5s)
[2m[WebServer] [22m[Middleware] User authenticated: e7f5ae65-376e-4d05-a18c-10a91295727a
[2m[WebServer] [22m GET /api/admin/locations [32m200[39m in 688ms[2m (compile: 7ms, proxy.ts: 528ms, render: 153ms)[22m
[2m[WebServer] [22m[Middleware] Admin user data query result: { userData: { role: 'owner', status: 'active' }, userError: null }
[2m[WebServer] [22m[Middleware] Access granted for admin role: owner
[2m[WebServer] [22m[Middleware] User authenticated: e7f5ae65-376e-4d05-a18c-10a91295727a
[2m[WebServer] [22m[Middleware] Admin user data query result: { userData: { role: 'owner', status: 'active' }, userError: null }
[2m[WebServer] [22m[Middleware] Access granted for admin role: owner
[2m[WebServer] [22m GET /admin [32m200[39m in 423ms[2m (compile: 3ms, proxy.ts: 319ms, render: 101ms)[22m
[2m[WebServer] [22m[Middleware] User authenticated: e7f5ae65-376e-4d05-a18c-10a91295727a
[2m[WebServer] [22m[Middleware] User authenticated: e7f5ae65-376e-4d05-a18c-10a91295727a
[2m[WebServer] [22m[Middleware] User authenticated: e7f5ae65-376e-4d05-a18c-10a91295727a
[2m[WebServer] [22m[Middleware] Admin user data query result: { userData: { role: 'owner', status: 'active' }, userError: null }
[2m[WebServer] [22m[Middleware] Access granted for admin role: owner
[2m[WebServer] [22m[Middleware] Admin user data query result: { userData: { role: 'owner', status: 'active' }, userError: null }
[2m[WebServer] [22m[Middleware] Access granted for admin role: owner
[2m[WebServer] [22m[Middleware] Admin user data query result: { userData: { role: 'owner', status: 'active' }, userError: null }
[2m[WebServer] [22m[Middleware] Access granted for admin role: owner
[2m[WebServer] [22m GET /api/admin/activities [32m200[39m in 478ms[2m (compile: 9ms, proxy.ts: 326ms, render: 143ms)[22m
[2m[WebServer] [22m GET /api/admin/locations [32m200[39m in 488ms[2m (compile: 1115µs, proxy.ts: 347ms, render: 139ms)[22m
[2m[WebServer] [22m GET /api/admin/events [32m200[39m in 583ms[2m (compile: 1262µs, proxy.ts: 414ms, render: 168ms)[22m
[2m[WebServer] [22m[Middleware] User authenticated: e7f5ae65-376e-4d05-a18c-10a91295727a
[2m[WebServer] [22m[Middleware] User authenticated: e7f5ae65-376e-4d05-a18c-10a91295727a
[2m[WebServer] [22m[Middleware] User authenticated: e7f5ae65-376e-4d05-a18c-10a91295727a
[2m[WebServer] [22m[Middleware] User authenticated: e7f5ae65-376e-4d05-a18c-10a91295727a
[2m[WebServer] [22m[Middleware] Admin user data query result: { userData: { role: 'owner', status: 'active' }, userError: null }
[2m[WebServer] [22m[Middleware] Access granted for admin role: owner
[2m[WebServer] [22m[Middleware] Admin user data query result: { userData: { role: 'owner', status: 'active' }, userError: null }
[2m[WebServer] [22m[Middleware] Access granted for admin role: owner
[2m[WebServer] [22m[Middleware] Admin user data query result: { userData: { role: 'owner', status: 'active' }, userError: null }
[2m[WebServer] [22m[Middleware] Access granted for admin role: owner
[2m[WebServer] [22m GET /api/admin/metrics [32m200[39m in 394ms[2m (compile: 1888µs, proxy.ts: 286ms, render: 106ms)[22m
[2m[WebServer] [22m[Middleware] Admin user data query result: { userData: { role: 'owner', status: 'active' }, userError: null }
[2m[WebServer] [22m[Middleware] Access granted for admin role: owner
[2m[WebServer] [22m GET /admin/events [32m200[39m in 431ms[2m (compile: 5ms, proxy.ts: 317ms, render: 110ms)[22m
[2m[WebServer] [22m GET /api/admin/activities/96420c4b-cdfe-47b9-b813-fae9dd50a1c3/capacity [32m200[39m in 614ms[2m (compile: 14ms, proxy.ts: 302ms, render: 299ms)[22m
[2m[WebServer] [22m[Middleware] User authenticated: e7f5ae65-376e-4d05-a18c-10a91295727a
[2m[WebServer] [22m[Middleware] Admin user data query result: { userData: { role: 'owner', status: 'active' }, userError: null }
[2m[WebServer] [22m[Middleware] Access granted for admin role: owner
[2m[WebServer] [22m[verifyAuth] User authenticated: e7f5ae65-376e-4d05-a18c-10a91295727a
⚠️  No section editor detected yet, waiting...
[2m[WebServer] [22m[Middleware] User authenticated: e7f5ae65-376e-4d05-a18c-10a91295727a
[2m[WebServer] [22m[Middleware] User authenticated: e7f5ae65-376e-4d05-a18c-10a91295727a
[2m[WebServer] [22m GET /api/admin/sections/by-page/event/af1b3647-f38c-42ba-af43-9120cb8e5676 [32m200[39m in 829ms[2m (compile: 4ms, proxy.ts: 334ms, render: 491ms)[22m
[2m[WebServer] [22m[Middleware] Admin user data query result: { userData: { role: 'owner', status: 'active' }, userError: null }
[2m[WebServer] [22m[Middleware] Access granted for admin role: owner
[2m[WebServer] [22m[Middleware] User authenticated: e7f5ae65-376e-4d05-a18c-10a91295727a
[2m[WebServer] [22m[Middleware] Admin user data query result: { userData: { role: 'owner', status: 'active' }, userError: null }
[2m[WebServer] [22m[Middleware] Access granted for admin role: owner
[2m[WebServer] [22m[Middleware] Admin user data query result: { userData: { role: 'owner', status: 'active' }, userError: null }
[2m[WebServer] [22m[Middleware] Access granted for admin role: owner
[2m[WebServer] [22m GET /api/admin/locations [32m200[39m in 607ms[2m (compile: 1490µs, proxy.ts: 407ms, render: 198ms)[22m
[2m[WebServer] [22m GET /api/admin/events [32m200[39m in 635ms[2m (compile: 1680µs, proxy.ts: 461ms, render: 173ms)[22m
[2m[WebServer] [22m[verifyAuth] User authenticated: e7f5ae65-376e-4d05-a18c-10a91295727a
[2m[WebServer] [22m GET /api/admin/sections/by-page/event/af1b3647-f38c-42ba-af43-9120cb8e5676 [32m200[39m in 769ms[2m (compile: 7ms, proxy.ts: 288ms, render: 475ms)[22m
  ✘  10 [chromium] › __tests__/e2e/admin/sectionManagement.spec.ts:173:9 › Section Management › Section CRUD Operations › should create new section with rich text content (retry #1) (24.4s)
[2m[WebServer] [22m[Middleware] User authenticated: e7f5ae65-376e-4d05-a18c-10a91295727a
[2m[WebServer] [22m[Middleware] Admin user data query result: { userData: { role: 'owner', status: 'active' }, userError: null }
[2m[WebServer] [22m[Middleware] Access granted for admin role: owner
📝 Detected InlineSectionEditor - waiting for form expansion...
✅ Section editor wait complete - all checks passed
[2m[WebServer] [22m[verifyAuth] User authenticated: e7f5ae65-376e-4d05-a18c-10a91295727a
⚠️  No section editor detected yet, waiting...
  ✓  14 [chromium] › __tests__/e2e/admin/sectionManagement.spec.ts:643:9 › Section Management › Validation & Error Handling › should handle loading states during save operations (7.0s)
[2m[WebServer] [22m GET /api/admin/sections/by-page/event/af1b3647-f38c-42ba-af43-9120cb8e5676 [32m200[39m in 873ms[2m (compile: 5ms, proxy.ts: 305ms, render: 562ms)[22m
[2m[WebServer] [22m[Middleware] User authenticated: e7f5ae65-376e-4d05-a18c-10a91295727a
[2m[WebServer] [22m[Middleware] Admin user data query result: { userData: { role: 'owner', status: 'active' }, userError: null }
[2m[WebServer] [22m[Middleware] Access granted for admin role: owner
[2m[WebServer] [22m[verifyAuth] User authenticated: e7f5ae65-376e-4d05-a18c-10a91295727a
[2m[WebServer] [22m GET /api/admin/sections/by-page/event/af1b3647-f38c-42ba-af43-9120cb8e5676 [32m200[39m in 776ms[2m (compile: 17ms, proxy.ts: 316ms, render: 444ms)[22m
📝 Detected InlineSectionEditor - waiting for form expansion...
✅ Section editor wait complete - all checks passed
  ✓  15 [chromium] › __tests__/e2e/admin/sectionManagement.spec.ts:684:9 › Section Management › Validation & Error Handling › should handle errors during section operations (7.3s)
⚠️  Activities: Data table did not load
[2m[WebServer] [22m[Middleware] User authenticated: e7f5ae65-376e-4d05-a18c-10a91295727a
[2m[WebServer] [22m[Middleware] Admin user data query result: { userData: { role: 'owner', status: 'active' }, userError: null }
[2m[WebServer] [22m[Middleware] Access granted for admin role: owner
[2m[WebServer] [22m GET /admin/content-pages [32m200[39m in 546ms[2m (compile: 1728µs, proxy.ts: 441ms, render: 103ms)[22m
[2m[WebServer] [22m[Middleware] User authenticated: e7f5ae65-376e-4d05-a18c-10a91295727a
[2m[WebServer] [22m[Middleware] Admin user data query result: { userData: { role: 'owner', status: 'active' }, userError: null }
[2m[WebServer] [22m[Middleware] Access granted for admin role: owner
[2m[WebServer] [22m[verifyAuth] User authenticated: e7f5ae65-376e-4d05-a18c-10a91295727a
[2m[WebServer] [22m GET /api/admin/content-pages [32m200[39m in 713ms[2m (compile: 1742µs, proxy.ts: 328ms, render: 383ms)[22m
[2m[WebServer] [22m[Middleware] User authenticated: e7f5ae65-376e-4d05-a18c-10a91295727a
[2m[WebServer] [22m[Middleware] Admin user data query result: { userData: { role: 'owner', status: 'active' }, userError: null }
[2m[WebServer] [22m[Middleware] Access granted for admin role: owner
[2m[WebServer] [22m[verifyAuth] User authenticated: e7f5ae65-376e-4d05-a18c-10a91295727a
⚠️  No section editor detected yet, waiting...
[2m[WebServer] [22m GET /api/admin/sections/by-page/custom/ab3cba67-7c1a-498b-995d-fcc3f58d4d49 [32m200[39m in 651ms[2m (compile: 5ms, proxy.ts: 321ms, render: 325ms)[22m
[2m[WebServer] [22m[Middleware] User authenticated: e7f5ae65-376e-4d05-a18c-10a91295727a
[2m[WebServer] [22m[Middleware] Admin user data query result: { userData: { role: 'owner', status: 'active' }, userError: null }
[2m[WebServer] [22m[Middleware] Access granted for admin role: owner
[2m[WebServer] [22m[verifyAuth] User authenticated: e7f5ae65-376e-4d05-a18c-10a91295727a
[2m[WebServer] [22m GET /api/admin/sections/by-page/custom/ab3cba67-7c1a-498b-995d-fcc3f58d4d49 [32m200[39m in 610ms[2m (compile: 4ms, proxy.ts: 299ms, render: 306ms)[22m
📝 Detected SectionEditor - waiting for inline editor...
✅ Section editor wait complete - all checks passed
⚠️  Content Pages: Section editor did not appear
Test results: [
  {
    "entity": "Events",
    "hasEditor": true,
    "hasAddButton": true
  },
  {
    "entity": "Activities",
    "hasEditor": false,
    "hasAddButton": false
  },
  {
    "entity": "Content Pages",
    "hasEditor": false,
    "hasAddButton": false
  }
]
  ✓  12 [chromium] › __tests__/e2e/admin/sectionManagement.spec.ts:492:9 › Section Management › Cross-Entity Section Management › should maintain consistent UI across entity types (retry #1) (33.3s)

🧹 E2E Global Teardown Starting...

🗑️  Cleaning up test data...
🧹 Running comprehensive test cleanup...
✅ Comprehensive cleanup complete
✅ Test data cleaned

🔓 Keeping authentication state for debugging...
   Auth files preserved in .auth/ directory
   Run "rm -rf .auth" to clean up manually

📊 Execution Summary:
   Duration: 2.49s
   Errors: 0
   Status: ✅ Clean teardown

✨ E2E Global Teardown Complete!



  1) [chromium] › __tests__/e2e/admin/sectionManagement.spec.ts:173:9 › Section Management › Section CRUD Operations › should create new section with rich text content 

    Error: [2mexpect([22m[31mlocator[39m[2m).[22mtoBeVisible[2m([22m[2m)[22m failed

    Locator: locator('[contenteditable="true"]').first()
    Expected: visible
    Timeout: 10000ms
    Error: element(s) not found

    Call log:
    [2m  - Expect "toBeVisible" with timeout 10000ms[22m
    [2m  - waiting for locator('[contenteditable="true"]').first()[22m
    [2m    - waiting for" http://localhost:3000/admin/events" navigation to finish...[22m
    [2m    - navigated to "http://localhost:3000/admin/events"[22m


      204 |       // Wait for rich text editor to be visible and enabled
      205 |       const richTextEditor = page.locator('[contenteditable="true"]').first();
    > 206 |       await expect(richTextEditor).toBeVisible({ timeout: 10000 });
          |                                    ^
      207 |       
      208 |       // Wait for editor to be fully interactive by checking it's not disabled
      209 |       await page.waitForFunction(() => {
        at /Users/jaron/Desktop/wedding-platform-v2/__tests__/e2e/admin/sectionManagement.spec.ts:206:36

    attachment #1: screenshot (image/png) ──────────────────────────────────────────────────────────
    test-results/admin-sectionManagement-Se-6688b-tion-with-rich-text-content-chromium/test-failed-1.png
    ────────────────────────────────────────────────────────────────────────────────────────────────

    attachment #2: video (video/webm) ──────────────────────────────────────────────────────────────
    test-results/admin-sectionManagement-Se-6688b-tion-with-rich-text-content-chromium/video.webm
    ────────────────────────────────────────────────────────────────────────────────────────────────

    Error Context: test-results/admin-sectionManagement-Se-6688b-tion-with-rich-text-content-chromium/error-context.md

    Retry #1 ───────────────────────────────────────────────────────────────────────────────────────

    TimeoutError: page.click: Timeout 15000ms exceeded.
    Call log:
    [2m  - waiting for locator('button:has-text("Save Section")')[22m
    [2m    - waiting for" http://localhost:3000/admin/events" navigation to finish...[22m
    [2m    - navigated to "http://localhost:3000/admin/events"[22m


      221 |       
      222 |       // Save section
    > 223 |       await page.click('button:has-text("Save Section")');
          |                  ^
      224 |       
      225 |       // Verify success
      226 |       await expect(page.locator('text=Section created successfully')).toBeVisible({ timeout: 5000 });
        at /Users/jaron/Desktop/wedding-platform-v2/__tests__/e2e/admin/sectionManagement.spec.ts:223:18

    attachment #1: screenshot (image/png) ──────────────────────────────────────────────────────────
    test-results/admin-sectionManagement-Se-6688b-tion-with-rich-text-content-chromium-retry1/test-failed-1.png
    ────────────────────────────────────────────────────────────────────────────────────────────────

    attachment #2: video (video/webm) ──────────────────────────────────────────────────────────────
    test-results/admin-sectionManagement-Se-6688b-tion-with-rich-text-content-chromium-retry1/video.webm
    ────────────────────────────────────────────────────────────────────────────────────────────────

    Error Context: test-results/admin-sectionManagement-Se-6688b-tion-with-rich-text-content-chromium-retry1/error-context.md

    attachment #4: trace (application/zip) ─────────────────────────────────────────────────────────
    test-results/admin-sectionManagement-Se-6688b-tion-with-rich-text-content-chromium-retry1/trace.zip
    Usage:

        npx playwright show-trace test-results/admin-sectionManagement-Se-6688b-tion-with-rich-text-content-chromium-retry1/trace.zip

    ────────────────────────────────────────────────────────────────────────────────────────────────

  2) [chromium] › __tests__/e2e/admin/sectionManagement.spec.ts:575:9 › Section Management › Cross-Entity Section Management › should handle entity-specific section features 

    Error: Section editor did not appear

      154 |     if (!hasInlineEditorNow && !hasSectionEditorNow) {
      155 |       console.log('❌ No section editor found after waiting');
    > 156 |       throw new Error('Section editor did not appear');
          |             ^
      157 |     }
      158 |     
      159 |     // Recursively call with remaining timeout
        at waitForSectionEditor (/Users/jaron/Desktop/wedding-platform-v2/__tests__/e2e/admin/sectionManagement.spec.ts:156:13)
        at /Users/jaron/Desktop/wedding-platform-v2/__tests__/e2e/admin/sectionManagement.spec.ts:588:9

    attachment #1: screenshot (image/png) ──────────────────────────────────────────────────────────
    test-results/admin-sectionManagement-Se-1325b-y-specific-section-features-chromium/test-failed-1.png
    ────────────────────────────────────────────────────────────────────────────────────────────────

    attachment #2: video (video/webm) ──────────────────────────────────────────────────────────────
    test-results/admin-sectionManagement-Se-1325b-y-specific-section-features-chromium/video.webm
    ────────────────────────────────────────────────────────────────────────────────────────────────

    Error Context: test-results/admin-sectionManagement-Se-1325b-y-specific-section-features-chromium/error-context.md

    Retry #1 ───────────────────────────────────────────────────────────────────────────────────────

    Error: Section editor did not appear

      154 |     if (!hasInlineEditorNow && !hasSectionEditorNow) {
      155 |       console.log('❌ No section editor found after waiting');
    > 156 |       throw new Error('Section editor did not appear');
          |             ^
      157 |     }
      158 |     
      159 |     // Recursively call with remaining timeout
        at waitForSectionEditor (/Users/jaron/Desktop/wedding-platform-v2/__tests__/e2e/admin/sectionManagement.spec.ts:156:13)
        at /Users/jaron/Desktop/wedding-platform-v2/__tests__/e2e/admin/sectionManagement.spec.ts:588:9

    attachment #1: screenshot (image/png) ──────────────────────────────────────────────────────────
    test-results/admin-sectionManagement-Se-1325b-y-specific-section-features-chromium-retry1/test-failed-1.png
    ────────────────────────────────────────────────────────────────────────────────────────────────

    attachment #2: video (video/webm) ──────────────────────────────────────────────────────────────
    test-results/admin-sectionManagement-Se-1325b-y-specific-section-features-chromium-retry1/video.webm
    ────────────────────────────────────────────────────────────────────────────────────────────────

    Error Context: test-results/admin-sectionManagement-Se-1325b-y-specific-section-features-chromium-retry1/error-context.md

    attachment #4: trace (application/zip) ─────────────────────────────────────────────────────────
    test-results/admin-sectionManagement-Se-1325b-y-specific-section-features-chromium-retry1/trace.zip
    Usage:

        npx playwright show-trace test-results/admin-sectionManagement-Se-1325b-y-specific-section-features-chromium-retry1/trace.zip

    ────────────────────────────────────────────────────────────────────────────────────────────────

  3) [chromium] › __tests__/e2e/admin/sectionManagement.spec.ts:492:9 › Section Management › Cross-Entity Section Management › should maintain consistent UI across entity types 

    Error: Section editor did not appear

      154 |     if (!hasInlineEditorNow && !hasSectionEditorNow) {
      155 |       console.log('❌ No section editor found after waiting');
    > 156 |       throw new Error('Section editor did not appear');
          |             ^
      157 |     }
      158 |     
      159 |     // Recursively call with remaining timeout
        at waitForSectionEditor (/Users/jaron/Desktop/wedding-platform-v2/__tests__/e2e/admin/sectionManagement.spec.ts:156:13)
        at /Users/jaron/Desktop/wedding-platform-v2/__tests__/e2e/admin/sectionManagement.spec.ts:548:9

    attachment #1: screenshot (image/png) ──────────────────────────────────────────────────────────
    test-results/admin-sectionManagement-Se-bc0a8-tent-UI-across-entity-types-chromium/test-failed-1.png
    ────────────────────────────────────────────────────────────────────────────────────────────────

    attachment #2: video (video/webm) ──────────────────────────────────────────────────────────────
    test-results/admin-sectionManagement-Se-bc0a8-tent-UI-across-entity-types-chromium/video.webm
    ────────────────────────────────────────────────────────────────────────────────────────────────

    Error Context: test-results/admin-sectionManagement-Se-bc0a8-tent-UI-across-entity-types-chromium/error-context.md

  2 failed
    [chromium] › __tests__/e2e/admin/sectionManagement.spec.ts:173:9 › Section Management › Section CRUD Operations › should create new section with rich text content 
    [chromium] › __tests__/e2e/admin/sectionManagement.spec.ts:575:9 › Section Management › Cross-Entity Section Management › should handle entity-specific section features 
  1 flaky
    [chromium] › __tests__/e2e/admin/sectionManagement.spec.ts:492:9 › Section Management › Cross-Entity Section Management › should maintain consistent UI across entity types 
  9 passed (1.5m)

[36m  Serving HTML report at http://localhost:60845. Press Ctrl+C to quit.[39m
