
> destination-wedding-platform@0.1.0 test:e2e
> playwright test __tests__/e2e/admin/contentManagement.spec.ts

[dotenv@17.2.4] injecting env (29) from .env.e2e -- tip: 🔐 prevent building .env in docker: https://dotenvx.com/prebuild
[2m[WebServer] [22m
[2m[WebServer] [22m> destination-wedding-platform@0.1.0 dev
[2m[WebServer] [22m> next dev --webpack
[2m[WebServer] [22m
[2m[WebServer] [22m[1m[38;2;173;127;168m▲ Next.js 16.1.1[39m[22m (webpack)
[2m[WebServer] [22m- Local:         http://localhost:3000
[2m[WebServer] [22m- Network:       http://192.168.7.243:3000
[2m[WebServer] [22m- Environments: .env.test
[2m[WebServer] [22m
[2m[WebServer] [22m[32m[1m✓[22m[39m Starting...
[2m[WebServer] [22m[33m[1m⚠[22m[39m The "middleware" file convention is deprecated. Please use "proxy" instead. Learn more: https://nextjs.org/docs/messages/middleware-to-proxy
[2m[WebServer] [22m🚀 Initializing application services...
[2m[WebServer] [22m✅ B2 client initialized successfully {
[2m[WebServer] [22m  endpoint: [32m'https://s3.us-west-004.backblazeb2.com'[39m,
[2m[WebServer] [22m  region: [32m'us-west-004'[39m,
[2m[WebServer] [22m  bucket: [32m'test-bucket'[39m,
[2m[WebServer] [22m  cdnDomain: [32m'test-cdn.example.com'[39m
[2m[WebServer] [22m}
[2m[WebServer] [22m✅ Application services initialized successfully
[2m[WebServer] [22m[32m[1m✓[22m[39m Ready in 2.1s

🚀 E2E Global Setup Starting...

📊 Verifying test database connection...
[2m[WebServer] [22m GET / [32m200[39m in 2.8s[2m (compile: 2.4s, proxy.ts: 166ms, render: 246ms)[22m
✅ Test database connected

🧹 Cleaning up test data...
🧹 Running comprehensive test cleanup...
✅ Comprehensive cleanup complete
✅ Test data cleaned

🌐 Verifying Next.js server...
✅ Next.js server is running

🔐 Setting up admin authentication...
[2m[WebServer] [22m GET / [32m200[39m in 41ms[2m (compile: 4ms, proxy.ts: 17ms, render: 21ms)[22m
   Admin user already exists: admin@example.com
   Authenticating via Supabase API...
   ✅ API authentication successful (User ID: e7f5ae65-376e-4d05-a18c-10a91295727a)
   Creating storage state from API session...
   ✅ Storage state created from API session
   Auth state saved to: .auth/admin.json
   Verifying authentication...
[2m[WebServer] [22m[Middleware] User authenticated: e7f5ae65-376e-4d05-a18c-10a91295727a
[2m[WebServer] [22m[Middleware] Admin user data query result: { userData: { role: 'owner', status: 'active' }, userError: null }
[2m[WebServer] [22m[Middleware] Access granted for admin role: owner
[2m[WebServer] [22m GET /admin [32m200[39m in 1607ms[2m (compile: 1039ms, proxy.ts: 444ms, render: 124ms)[22m
[2m[WebServer] [22m[Middleware] User authenticated: e7f5ae65-376e-4d05-a18c-10a91295727a
[2m[WebServer] [22m[Middleware] User authenticated: e7f5ae65-376e-4d05-a18c-10a91295727a
[2m[WebServer] [22m[Middleware] Admin user data query result: { userData: { role: 'owner', status: 'active' }, userError: null }
[2m[WebServer] [22m[Middleware] Access granted for admin role: owner
[2m[WebServer] [22m[Middleware] Admin user data query result: { userData: { role: 'owner', status: 'active' }, userError: null }
[2m[WebServer] [22m[Middleware] Access granted for admin role: owner
   Current URL: http://localhost:3000/admin
   ✅ Admin UI is visible
   ✅ Authentication verified
   Logged in as: admin@example.com
✅ Admin authentication saved

✨ E2E Global Setup Complete!


Running 17 tests using 4 workers

[dotenv@17.2.4] injecting env (0) from .env.e2e -- tip: 🔄 add secrets lifecycle management: https://dotenvx.com/ops
[dotenv@17.2.4] injecting env (0) from .env.e2e -- tip: 👥 sync secrets across teammates & machines: https://dotenvx.com/ops
[dotenv@17.2.4] injecting env (0) from .env.e2e -- tip: 🔐 prevent building .env in docker: https://dotenvx.com/prebuild
[dotenv@17.2.4] injecting env (0) from .env.e2e -- tip: ⚙️  enable debug logging with { debug: true }
[2m[WebServer] [22m[Middleware] User authenticated: e7f5ae65-376e-4d05-a18c-10a91295727a
[2m[WebServer] [22m[Middleware] User authenticated: e7f5ae65-376e-4d05-a18c-10a91295727a
[2m[WebServer] [22m[Middleware] User authenticated: e7f5ae65-376e-4d05-a18c-10a91295727a
[2m[WebServer] [22m[Middleware] User authenticated: e7f5ae65-376e-4d05-a18c-10a91295727a
[2m[WebServer] [22m[Middleware] Admin user data query result: { userData: { role: 'owner', status: 'active' }, userError: null }
[2m[WebServer] [22m[Middleware] Access granted for admin role: owner
[2m[WebServer] [22m[Middleware] Admin user data query result: { userData: { role: 'owner', status: 'active' }, userError: null }
[2m[WebServer] [22m[Middleware] Access granted for admin role: owner
[2m[WebServer] [22m[Middleware] Admin user data query result: { userData: { role: 'owner', status: 'active' }, userError: null }
[2m[WebServer] [22m[Middleware] Access granted for admin role: owner
[2m[WebServer] [22m[Middleware] Admin user data query result: { userData: { role: 'owner', status: 'active' }, userError: null }
[2m[WebServer] [22m[Middleware] Access granted for admin role: owner
[2m[WebServer] [22m GET /admin/content-pages [32m200[39m in 1264ms[2m (compile: 679ms, proxy.ts: 377ms, render: 208ms)[22m
[2m[WebServer] [22m GET /admin/content-pages [32m200[39m in 1314ms[2m (compile: 715ms, proxy.ts: 389ms, render: 210ms)[22m
[2m[WebServer] [22m GET /admin/content-pages [32m200[39m in 1314ms[2m (compile: 763ms, proxy.ts: 342ms, render: 210ms)[22m
[2m[WebServer] [22m GET /admin/home-page [32m200[39m in 1267ms[2m (compile: 640ms, proxy.ts: 417ms, render: 211ms)[22m
[2m[WebServer] [22m[Middleware] User authenticated: e7f5ae65-376e-4d05-a18c-10a91295727a
[2m[WebServer] [22m[Middleware] User authenticated: e7f5ae65-376e-4d05-a18c-10a91295727a
[2m[WebServer] [22m[Middleware] User authenticated: e7f5ae65-376e-4d05-a18c-10a91295727a
[2m[WebServer] [22m[Middleware] User authenticated: e7f5ae65-376e-4d05-a18c-10a91295727a
[2m[WebServer] [22m[Middleware] Admin user data query result: { userData: { role: 'owner', status: 'active' }, userError: null }
[2m[WebServer] [22m[Middleware] Access granted for admin role: owner
[2m[WebServer] [22m[Middleware] Admin user data query result: { userData: { role: 'owner', status: 'active' }, userError: null }
[2m[WebServer] [22m[Middleware] Access granted for admin role: owner
[2m[WebServer] [22m[Middleware] Admin user data query result: { userData: { role: 'owner', status: 'active' }, userError: null }
[2m[WebServer] [22m[Middleware] Access granted for admin role: owner
[2m[WebServer] [22m[Middleware] Admin user data query result: { userData: { role: 'owner', status: 'active' }, userError: null }
[2m[WebServer] [22m[Middleware] Access granted for admin role: owner
[2m[WebServer] [22m[verifyAuth] User authenticated: e7f5ae65-376e-4d05-a18c-10a91295727a
[2m[WebServer] [22m[verifyAuth] User authenticated: e7f5ae65-376e-4d05-a18c-10a91295727a
[2m[WebServer] [22m[verifyAuth] User authenticated: e7f5ae65-376e-4d05-a18c-10a91295727a
[2m[WebServer] [22m GET /api/admin/home-page [32m200[39m in 2.9s[2m (compile: 2.1s, proxy.ts: 381ms, render: 446ms)[22m
[2m[WebServer] [22m GET /api/admin/content-pages [32m200[39m in 2.9s[2m (compile: 2.1s, proxy.ts: 330ms, render: 483ms)[22m
[2m[WebServer] [22m GET /api/admin/content-pages [32m200[39m in 2.9s[2m (compile: 2.1s, proxy.ts: 296ms, render: 493ms)[22m
[2m[WebServer] [22m GET /api/admin/content-pages [32m200[39m in 3.5s[2m (compile: 2.1s, proxy.ts: 358ms, render: 967ms)[22m
  ✓   4 [chromium] › __tests__/e2e/admin/contentManagement.spec.ts:198:7 › Content Page Management › should validate required fields and handle slug conflicts (9.3s)
[2m[WebServer] [22m[Middleware] User authenticated: e7f5ae65-376e-4d05-a18c-10a91295727a
[2m[WebServer] [22m[Middleware] Admin user data query result: { userData: { role: 'owner', status: 'active' }, userError: null }
[2m[WebServer] [22m[Middleware] Access granted for admin role: owner
[2m[WebServer] [22m[Middleware] User authenticated: e7f5ae65-376e-4d05-a18c-10a91295727a
[2m[WebServer] [22m[verifyAuth] User authenticated: e7f5ae65-376e-4d05-a18c-10a91295727a
[2m[WebServer] [22m[Middleware] Admin user data query result: { userData: { role: 'owner', status: 'active' }, userError: null }
[2m[WebServer] [22m[Middleware] Access granted for admin role: owner
[2m[WebServer] [22m[verifyAuth] User authenticated: e7f5ae65-376e-4d05-a18c-10a91295727a
[2m[WebServer] [22m POST /api/admin/content-pages [32m201[39m in 778ms[2m (compile: 1949µs, proxy.ts: 319ms, render: 457ms)[22m
[2m[WebServer] [22m[Middleware] User authenticated: e7f5ae65-376e-4d05-a18c-10a91295727a
[2m[WebServer] [22m POST /api/admin/content-pages [32m201[39m in 720ms[2m (compile: 1932µs, proxy.ts: 298ms, render: 421ms)[22m
[2m[WebServer] [22m[Middleware] Admin user data query result: { userData: { role: 'owner', status: 'active' }, userError: null }
[2m[WebServer] [22m[Middleware] Access granted for admin role: owner
[2m[WebServer] [22m[Middleware] User authenticated: e7f5ae65-376e-4d05-a18c-10a91295727a
[2m[WebServer] [22m[Middleware] Admin user data query result: { userData: { role: 'owner', status: 'active' }, userError: null }
[2m[WebServer] [22m[Middleware] Access granted for admin role: owner
[2m[WebServer] [22m PUT /api/admin/home-page [32m200[39m in 456ms[2m (compile: 4ms, proxy.ts: 289ms, render: 163ms)[22m
[2m[WebServer] [22m[Middleware] User authenticated: e7f5ae65-376e-4d05-a18c-10a91295727a
[2m[WebServer] [22m[verifyAuth] User authenticated: e7f5ae65-376e-4d05-a18c-10a91295727a
[2m[WebServer] [22m[Middleware] Admin user data query result: { userData: { role: 'owner', status: 'active' }, userError: null }
[2m[WebServer] [22m[Middleware] Access granted for admin role: owner
[2m[WebServer] [22m GET /api/admin/content-pages [32m200[39m in 587ms[2m (compile: 7ms, proxy.ts: 291ms, render: 288ms)[22m
[2m[WebServer] [22m[Middleware] User authenticated: e7f5ae65-376e-4d05-a18c-10a91295727a
[2m[WebServer] [22m[verifyAuth] User authenticated: e7f5ae65-376e-4d05-a18c-10a91295727a
[2m[WebServer] [22m[Middleware] Admin user data query result: { userData: { role: 'owner', status: 'active' }, userError: null }
[2m[WebServer] [22m[Middleware] Access granted for admin role: owner
[2m[WebServer] [22m GET /api/admin/content-pages [32m200[39m in 715ms[2m (compile: 1917µs, proxy.ts: 345ms, render: 367ms)[22m
[2m[WebServer] [22m GET /admin/home-page [32m200[39m in 477ms[2m (compile: 28ms, proxy.ts: 285ms, render: 164ms)[22m
[2m[WebServer] [22m[Middleware] User authenticated: e7f5ae65-376e-4d05-a18c-10a91295727a
  ✓   1 [chromium] › __tests__/e2e/admin/contentManagement.spec.ts:245:7 › Content Page Management › should add and reorder sections with layout options (11.5s)
[2m[WebServer] [22m[Middleware] Admin user data query result: { userData: { role: 'owner', status: 'active' }, userError: null }
[2m[WebServer] [22m[Middleware] Access granted for admin role: owner
[2m[WebServer] [22m[Middleware] User authenticated: e7f5ae65-376e-4d05-a18c-10a91295727a
[2m[WebServer] [22m[Middleware] User authenticated: e7f5ae65-376e-4d05-a18c-10a91295727a
[2m[WebServer] [22m[Middleware] Admin user data query result: { userData: { role: 'owner', status: 'active' }, userError: null }
[2m[WebServer] [22m[Middleware] Access granted for admin role: owner
[2m[WebServer] [22m[Middleware] Admin user data query result: { userData: { role: 'owner', status: 'active' }, userError: null }
[2m[WebServer] [22m[Middleware] Access granted for admin role: owner
[2m[WebServer] [22m GET /admin/home-page [32m200[39m in 1716ms[2m (compile: 935ms, proxy.ts: 657ms, render: 124ms)[22m
[2m[WebServer] [22m[Middleware] User authenticated: e7f5ae65-376e-4d05-a18c-10a91295727a
[2m[WebServer] [22m[Middleware] Admin user data query result: { userData: { role: 'owner', status: 'active' }, userError: null }
[2m[WebServer] [22m[Middleware] Access granted for admin role: owner
[2m[WebServer] [22m GET /admin/home-page [32m200[39m in 379ms[2m (compile: 7ms, proxy.ts: 309ms, render: 62ms)[22m
[2m[WebServer] [22m[Middleware] User authenticated: e7f5ae65-376e-4d05-a18c-10a91295727a
[2m[WebServer] [22m[Middleware] User authenticated: e7f5ae65-376e-4d05-a18c-10a91295727a
[2m[WebServer] [22m[Middleware] Admin user data query result: { userData: { role: 'owner', status: 'active' }, userError: null }
[2m[WebServer] [22m[Middleware] Access granted for admin role: owner
[2m[WebServer] [22m[Middleware] Admin user data query result: { userData: { role: 'owner', status: 'active' }, userError: null }
[2m[WebServer] [22m[Middleware] Access granted for admin role: owner
[2m[WebServer] [22m GET /api/admin/home-page [32m200[39m in 555ms[2m (compile: 27ms, proxy.ts: 354ms, render: 174ms)[22m
[2m[WebServer] [22m GET /admin/content-pages [32m200[39m in 669ms[2m (compile: 72ms, proxy.ts: 410ms, render: 187ms)[22m
[2m[WebServer] [22m GET /custom/section-test-1770957589124 [33m404[39m in 2.7s[2m (compile: 2.2s, proxy.ts: 37ms, render: 431ms)[22m
[2m[WebServer] [22m[Middleware] User authenticated: e7f5ae65-376e-4d05-a18c-10a91295727a
[2m[WebServer] [22m[Middleware] Admin user data query result: { userData: { role: 'owner', status: 'active' }, userError: null }
[2m[WebServer] [22m[Middleware] Access granted for admin role: owner
[2m[WebServer] [22m GET /api/admin/home-page [32m200[39m in 617ms[2m (compile: 6ms, proxy.ts: 364ms, render: 247ms)[22m
[2m[WebServer] [22m[Middleware] User authenticated: e7f5ae65-376e-4d05-a18c-10a91295727a
[2m[WebServer] [22m[Middleware] Admin user data query result: { userData: { role: 'owner', status: 'active' }, userError: null }
[2m[WebServer] [22m[Middleware] Access granted for admin role: owner
[2m[WebServer] [22m GET /api/admin/home-page [32m200[39m in 479ms[2m (compile: 4ms, proxy.ts: 298ms, render: 177ms)[22m
[2m[WebServer] [22m[Middleware] User authenticated: e7f5ae65-376e-4d05-a18c-10a91295727a
  ✓   2 [chromium] › __tests__/e2e/admin/contentManagement.spec.ts:364:7 › Home Page Editing › should edit home page settings and save successfully (15.0s)
[2m[WebServer] [22m[Middleware] Admin user data query result: { userData: { role: 'owner', status: 'active' }, userError: null }
[2m[WebServer] [22m[Middleware] Access granted for admin role: owner
[2m[WebServer] [22m[verifyAuth] User authenticated: e7f5ae65-376e-4d05-a18c-10a91295727a
[2m[WebServer] [22m GET /api/admin/content-pages [32m200[39m in 661ms[2m (compile: 12ms, proxy.ts: 334ms, render: 315ms)[22m
[2m[WebServer] [22m[Middleware] User authenticated: e7f5ae65-376e-4d05-a18c-10a91295727a
[2m[WebServer] [22m[Middleware] Admin user data query result: { userData: { role: 'owner', status: 'active' }, userError: null }
[2m[WebServer] [22m[Middleware] Access granted for admin role: owner
  ✓   6 [chromium] › __tests__/e2e/admin/contentManagement.spec.ts:477:7 › Home Page Editing › should handle API errors gracefully and disable fields while saving (4.8s)
[2m[WebServer] [22m PUT /api/admin/home-page [32m200[39m in 535ms[2m (compile: 24ms, proxy.ts: 324ms, render: 186ms)[22m
[2m[WebServer] [22m[Middleware] User authenticated: e7f5ae65-376e-4d05-a18c-10a91295727a
  ✓   5 [chromium] › __tests__/e2e/admin/contentManagement.spec.ts:432:7 › Home Page Editing › should edit welcome message with rich text editor (7.1s)
[2m[WebServer] [22m[Middleware] Admin user data query result: { userData: { role: 'owner', status: 'active' }, userError: null }
[2m[WebServer] [22m[Middleware] Access granted for admin role: owner
[2m[WebServer] [22m GET /admin/home-page [32m200[39m in 332ms[2m (compile: 1884µs, proxy.ts: 306ms, render: 24ms)[22m
[2m[WebServer] [22m[Middleware] User authenticated: e7f5ae65-376e-4d05-a18c-10a91295727a
[2m[WebServer] [22m[Middleware] Admin user data query result: { userData: { role: 'owner', status: 'active' }, userError: null }
[2m[WebServer] [22m[Middleware] Access granted for admin role: owner
[2m[WebServer] [22m[Middleware] User authenticated: e7f5ae65-376e-4d05-a18c-10a91295727a
[2m[WebServer] [22m GET /api/admin/home-page [32m200[39m in 451ms[2m (compile: 1475µs, proxy.ts: 285ms, render: 164ms)[22m
[2m[WebServer] [22m[Middleware] Admin user data query result: { userData: { role: 'owner', status: 'active' }, userError: null }
[2m[WebServer] [22m[Middleware] Access granted for admin role: owner
[2m[WebServer] [22m GET /admin/home-page [32m200[39m in 333ms[2m (compile: 2ms, proxy.ts: 293ms, render: 37ms)[22m
[2m[WebServer] [22m[Middleware] User authenticated: e7f5ae65-376e-4d05-a18c-10a91295727a
[2m[WebServer] [22m[Middleware] Admin user data query result: { userData: { role: 'owner', status: 'active' }, userError: null }
[2m[WebServer] [22m[Middleware] Access granted for admin role: owner
[2m[WebServer] [22m GET /admin/home-page [32m200[39m in 351ms[2m (compile: 2ms, proxy.ts: 311ms, render: 38ms)[22m
[2m[WebServer] [22m[Middleware] User authenticated: e7f5ae65-376e-4d05-a18c-10a91295727a
[2m[WebServer] [22m[Middleware] Admin user data query result: { userData: { role: 'owner', status: 'active' }, userError: null }
[2m[WebServer] [22m[Middleware] Access granted for admin role: owner
[2m[WebServer] [22m GET / [32m200[39m in 65ms[2m (compile: 9ms, proxy.ts: 15ms, render: 40ms)[22m
[2m[WebServer] [22m[Middleware] User authenticated: e7f5ae65-376e-4d05-a18c-10a91295727a
[2m[WebServer] [22m GET /api/admin/home-page [32m200[39m in 464ms[2m (compile: 8ms, proxy.ts: 265ms, render: 191ms)[22m
[2m[WebServer] [22m[Middleware] Admin user data query result: { userData: { role: 'owner', status: 'active' }, userError: null }
[2m[WebServer] [22m[Middleware] Access granted for admin role: owner
[2m[WebServer] [22m GET /api/admin/home-page [32m200[39m in 589ms[2m (compile: 3ms, proxy.ts: 337ms, render: 250ms)[22m
  ✓   7 [chromium] › __tests__/e2e/admin/contentManagement.spec.ts:516:7 › Home Page Editing › should preview home page in new tab (4.4s)
[2m[WebServer] [22m[Middleware] User authenticated: e7f5ae65-376e-4d05-a18c-10a91295727a
[2m[WebServer] [22m[Middleware] User authenticated: e7f5ae65-376e-4d05-a18c-10a91295727a
[2m[WebServer] [22m[Middleware] Admin user data query result: { userData: { role: 'owner', status: 'active' }, userError: null }
[2m[WebServer] [22m[Middleware] Access granted for admin role: owner
[2m[WebServer] [22m[Middleware] Admin user data query result: { userData: { role: 'owner', status: 'active' }, userError: null }
[2m[WebServer] [22m[Middleware] Access granted for admin role: owner
[2m[WebServer] [22m[Middleware] User authenticated: e7f5ae65-376e-4d05-a18c-10a91295727a
[2m[WebServer] [22m[Middleware] User authenticated: e7f5ae65-376e-4d05-a18c-10a91295727a
[2m[WebServer] [22m[Middleware] Admin user data query result: { userData: { role: 'owner', status: 'active' }, userError: null }
[2m[WebServer] [22m[Middleware] Access granted for admin role: owner
[2m[WebServer] [22m[Middleware] Admin user data query result: { userData: { role: 'owner', status: 'active' }, userError: null }
[2m[WebServer] [22m[Middleware] Access granted for admin role: owner
[2m[WebServer] [22m[Middleware] User authenticated: e7f5ae65-376e-4d05-a18c-10a91295727a
[2m[WebServer] [22m[Middleware] Admin user data query result: { userData: { role: 'owner', status: 'active' }, userError: null }
[2m[WebServer] [22m[Middleware] Access granted for admin role: owner
[2m[WebServer] [22m GET /admin/home-page [32m200[39m in 435ms[2m (compile: 36ms, proxy.ts: 309ms, render: 91ms)[22m
[2m[WebServer] [22m[verifyAuth] User authenticated: e7f5ae65-376e-4d05-a18c-10a91295727a
[2m[WebServer] [22m[verifyAuth] User authenticated: e7f5ae65-376e-4d05-a18c-10a91295727a
[2m[WebServer] [22m[verifyAuth] User authenticated: e7f5ae65-376e-4d05-a18c-10a91295727a
[2m[WebServer] [22m[verifyAuth] User authenticated: e7f5ae65-376e-4d05-a18c-10a91295727a
[2m[WebServer] [22m GET /api/admin/sections/by-page/home/home [32m200[39m in 1143ms[2m (compile: 486ms, proxy.ts: 362ms, render: 295ms)[22m
[2m[WebServer] [22m GET /api/admin/sections/by-page/home/home [32m200[39m in 1526ms[2m (compile: 944ms, proxy.ts: 281ms, render: 301ms)[22m
[2m[WebServer] [22m GET /api/admin/sections/by-page/home/home [32m200[39m in 1157ms[2m (compile: 485ms, proxy.ts: 363ms, render: 309ms)[22m
[2m[WebServer] [22m GET /api/admin/sections/by-page/home/home [32m200[39m in 1541ms[2m (compile: 935ms, proxy.ts: 289ms, render: 317ms)[22m
[2m[WebServer] [22m[Middleware] User authenticated: e7f5ae65-376e-4d05-a18c-10a91295727a
[2m[WebServer] [22m[Middleware] User authenticated: e7f5ae65-376e-4d05-a18c-10a91295727a
[2m[WebServer] [22m[Middleware] User authenticated: e7f5ae65-376e-4d05-a18c-10a91295727a
[2m[WebServer] [22m[Middleware] User authenticated: e7f5ae65-376e-4d05-a18c-10a91295727a
[2m[WebServer] [22m GET /custom/section-test-1770957589124 [33m404[39m in 271ms[2m (compile: 19ms, proxy.ts: 12ms, render: 239ms)[22m
[2m[WebServer] [22m[Middleware] Admin user data query result: { userData: { role: 'owner', status: 'active' }, userError: null }
[2m[WebServer] [22m[Middleware] Access granted for admin role: owner
[2m[WebServer] [22m[Middleware] Admin user data query result: { userData: { role: 'owner', status: 'active' }, userError: null }
[2m[WebServer] [22m[Middleware] Access granted for admin role: owner
[2m[WebServer] [22m[Middleware] Admin user data query result: { userData: { role: 'owner', status: 'active' }, userError: null }
[2m[WebServer] [22m[Middleware] Access granted for admin role: owner
[2m[WebServer] [22m[Middleware] Admin user data query result: { userData: { role: 'owner', status: 'active' }, userError: null }
[2m[WebServer] [22m[Middleware] Access granted for admin role: owner
[2m[WebServer] [22m GET /admin/home-page [32m200[39m in 587ms[2m (compile: 9ms, proxy.ts: 281ms, render: 297ms)[22m
[2m[WebServer] [22m GET /admin/home-page [32m200[39m in 591ms[2m (compile: 11ms, proxy.ts: 279ms, render: 301ms)[22m
[2m[WebServer] [22m GET /api/admin/home-page [32m200[39m in 585ms[2m (compile: 99ms, proxy.ts: 297ms, render: 188ms)[22m
[2m[WebServer] [22m GET /admin/content-pages [32m200[39m in 660ms[2m (compile: 131ms, proxy.ts: 284ms, render: 244ms)[22m
[2m[WebServer] [22m[Middleware] User authenticated: e7f5ae65-376e-4d05-a18c-10a91295727a
[2m[WebServer] [22m[Middleware] User authenticated: e7f5ae65-376e-4d05-a18c-10a91295727a
[2m[WebServer] [22m[Middleware] User authenticated: e7f5ae65-376e-4d05-a18c-10a91295727a
[2m[WebServer] [22m[Middleware] Admin user data query result: { userData: { role: 'owner', status: 'active' }, userError: null }
[2m[WebServer] [22m[Middleware] Access granted for admin role: owner
[2m[WebServer] [22m[Middleware] Admin user data query result: { userData: { role: 'owner', status: 'active' }, userError: null }
[2m[WebServer] [22m[Middleware] Access granted for admin role: owner
[2m[WebServer] [22m[Middleware] Admin user data query result: { userData: { role: 'owner', status: 'active' }, userError: null }
[2m[WebServer] [22m[Middleware] Access granted for admin role: owner
[2m[WebServer] [22m GET /api/admin/content-pages [32m200[39m in 417ms[2m (compile: 12ms, proxy.ts: 329ms, render: 75ms)[22m
[2m[WebServer] [22m[verifyAuth] User authenticated: e7f5ae65-376e-4d05-a18c-10a91295727a
[2m[WebServer] [22m GET /api/admin/home-page [32m200[39m in 518ms[2m (compile: 19ms, proxy.ts: 331ms, render: 167ms)[22m
  ✘   3 [chromium] › __tests__/e2e/admin/contentManagement.spec.ts:98:7 › Content Page Management › should complete full content page creation and publication flow (23.9s)
[2m[WebServer] [22m[Middleware] User authenticated: e7f5ae65-376e-4d05-a18c-10a91295727a
[2m[WebServer] [22m[Middleware] User authenticated: e7f5ae65-376e-4d05-a18c-10a91295727a
[2m[WebServer] [22m[Middleware] Admin user data query result: { userData: { role: 'owner', status: 'active' }, userError: null }
[2m[WebServer] [22m[Middleware] Access granted for admin role: owner
[2m[WebServer] [22m[Middleware] Admin user data query result: { userData: { role: 'owner', status: 'active' }, userError: null }
[2m[WebServer] [22m[Middleware] Access granted for admin role: owner
[2m[WebServer] [22m GET /api/admin/home-page [32m200[39m in 789ms[2m (compile: 4ms, proxy.ts: 297ms, render: 488ms)[22m
[2m[WebServer] [22m[verifyAuth] User authenticated: e7f5ae65-376e-4d05-a18c-10a91295727a
[2m[WebServer] [22m[verifyAuth] User authenticated: e7f5ae65-376e-4d05-a18c-10a91295727a
[2m[WebServer] [22m GET /api/admin/sections/by-page/home/home [32m200[39m in 708ms[2m (compile: 12ms, proxy.ts: 415ms, render: 280ms)[22m
[2m[WebServer] [22m GET /api/admin/sections/by-page/home/home [32m200[39m in 719ms[2m (compile: 11ms, proxy.ts: 416ms, render: 291ms)[22m
[dotenv@17.2.4] injecting env (0) from .env.e2e -- tip: 🗂️ backup and recover secrets: https://dotenvx.com/ops
[2m[WebServer] [22m[Middleware] User authenticated: e7f5ae65-376e-4d05-a18c-10a91295727a
[2m[WebServer] [22m[Middleware] Admin user data query result: { userData: { role: 'owner', status: 'active' }, userError: null }
[2m[WebServer] [22m[Middleware] Access granted for admin role: owner
[2m[WebServer] [22m[Middleware] User authenticated: e7f5ae65-376e-4d05-a18c-10a91295727a
[2m[WebServer] [22m[verifyAuth] User authenticated: e7f5ae65-376e-4d05-a18c-10a91295727a
[2m[WebServer] [22m[Middleware] Admin user data query result: { userData: { role: 'owner', status: 'active' }, userError: null }
[2m[WebServer] [22m[Middleware] Access granted for admin role: owner
[2m[WebServer] [22m GET /admin/content-pages [32m200[39m in 402ms[2m (compile: 21ms, proxy.ts: 323ms, render: 59ms)[22m
[2m[WebServer] [22m POST /api/admin/sections [32m201[39m in 1108ms[2m (compile: 297ms, proxy.ts: 339ms, render: 472ms)[22m
  ✓  10 [chromium] › __tests__/e2e/admin/contentManagement.spec.ts:675:7 › Inline Section Editor › should delete section with confirmation (7.3s)
[2m[WebServer] [22m[Middleware] User authenticated: e7f5ae65-376e-4d05-a18c-10a91295727a
[2m[WebServer] [22m[Middleware] Admin user data query result: { userData: { role: 'owner', status: 'active' }, userError: null }
[2m[WebServer] [22m[Middleware] Access granted for admin role: owner
[2m[WebServer] [22m[Middleware] User authenticated: e7f5ae65-376e-4d05-a18c-10a91295727a
[2m[WebServer] [22m[Middleware] User authenticated: e7f5ae65-376e-4d05-a18c-10a91295727a
[2m[WebServer] [22m[Middleware] Admin user data query result: { userData: { role: 'owner', status: 'active' }, userError: null }
[2m[WebServer] [22m[Middleware] Access granted for admin role: owner
[2m[WebServer] [22m[Middleware] Admin user data query result: { userData: { role: 'owner', status: 'active' }, userError: null }
[2m[WebServer] [22m[Middleware] Access granted for admin role: owner
[2m[WebServer] [22m GET /admin/home-page [32m200[39m in 468ms[2m (compile: 10ms, proxy.ts: 279ms, render: 179ms)[22m
[2m[WebServer] [22m GET /admin/home-page [32m200[39m in 476ms[2m (compile: 9ms, proxy.ts: 280ms, render: 187ms)[22m
[2m[WebServer] [22m[Middleware] User authenticated: e7f5ae65-376e-4d05-a18c-10a91295727a
[2m[WebServer] [22m[Middleware] Admin user data query result: { userData: { role: 'owner', status: 'active' }, userError: null }
[2m[WebServer] [22m[Middleware] Access granted for admin role: owner
[2m[WebServer] [22m[verifyAuth] User authenticated: e7f5ae65-376e-4d05-a18c-10a91295727a
[2m[WebServer] [22m GET /api/admin/content-pages [32m200[39m in 650ms[2m (compile: 12ms, proxy.ts: 354ms, render: 283ms)[22m
[2m[WebServer] [22m[Middleware] User authenticated: e7f5ae65-376e-4d05-a18c-10a91295727a
[2m[WebServer] [22m[Middleware] Admin user data query result: { userData: { role: 'owner', status: 'active' }, userError: null }
[2m[WebServer] [22m[Middleware] Access granted for admin role: owner
[2m[WebServer] [22m GET /admin/home-page [32m200[39m in 459ms[2m (compile: 33ms, proxy.ts: 349ms, render: 76ms)[22m
[2m[WebServer] [22m[Middleware] User authenticated: e7f5ae65-376e-4d05-a18c-10a91295727a
[2m[WebServer] [22m[Middleware] User authenticated: e7f5ae65-376e-4d05-a18c-10a91295727a
[2m[WebServer] [22m[Middleware] Admin user data query result: { userData: { role: 'owner', status: 'active' }, userError: null }
[2m[WebServer] [22m[Middleware] Access granted for admin role: owner
[2m[WebServer] [22m[Middleware] Admin user data query result: { userData: { role: 'owner', status: 'active' }, userError: null }
[2m[WebServer] [22m[Middleware] Access granted for admin role: owner
  ✘   8 [chromium] › __tests__/e2e/admin/contentManagement.spec.ts:576:7 › Inline Section Editor › should toggle inline section editor and add sections (12.2s)
[2m[WebServer] [22m[Middleware] User authenticated: e7f5ae65-376e-4d05-a18c-10a91295727a
  ✘   9 [chromium] › __tests__/e2e/admin/contentManagement.spec.ts:619:7 › Inline Section Editor › should edit section content and toggle layout (12.0s)
[2m[WebServer] [22m[Middleware] Admin user data query result: { userData: { role: 'owner', status: 'active' }, userError: null }
[2m[WebServer] [22m[Middleware] Access granted for admin role: owner
[2m[WebServer] [22m[verifyAuth] User authenticated: e7f5ae65-376e-4d05-a18c-10a91295727a
[2m[WebServer] [22m[Middleware] User authenticated: e7f5ae65-376e-4d05-a18c-10a91295727a
[2m[WebServer] [22m POST /api/admin/content-pages [32m201[39m in 761ms[2m (compile: 4ms, proxy.ts: 294ms, render: 462ms)[22m
[2m[WebServer] [22m[Middleware] Admin user data query result: { userData: { role: 'owner', status: 'active' }, userError: null }
[2m[WebServer] [22m[Middleware] Access granted for admin role: owner
[dotenv@17.2.4] injecting env (0) from .env.e2e -- tip: ⚙️  override existing env vars with { override: true }
[2m[WebServer] [22m GET /api/admin/home-page [32m200[39m in 579ms[2m (compile: 45ms, proxy.ts: 301ms, render: 232ms)[22m
[2m[WebServer] [22m[Middleware] User authenticated: e7f5ae65-376e-4d05-a18c-10a91295727a
[dotenv@17.2.4] injecting env (0) from .env.e2e -- tip: ⚙️  override existing env vars with { override: true }
[2m[WebServer] [22m[Middleware] Admin user data query result: { userData: { role: 'owner', status: 'active' }, userError: null }
[2m[WebServer] [22m[Middleware] Access granted for admin role: owner
[2m[WebServer] [22m[verifyAuth] User authenticated: e7f5ae65-376e-4d05-a18c-10a91295727a
[2m[WebServer] [22m GET /api/admin/content-pages [32m200[39m in 740ms[2m (compile: 5ms, proxy.ts: 394ms, render: 341ms)[22m
[2m[WebServer] [22m GET /custom/test-page-1770957607689 [32m200[39m in 376ms[2m (compile: 14ms, proxy.ts: 10ms, render: 352ms)[22m
  ✓  11 [chromium] › __tests__/e2e/admin/contentManagement.spec.ts:98:7 › Content Page Management › should complete full content page creation and publication flow (retry #1) (6.4s)
[2m[WebServer] [22m[Middleware] User authenticated: e7f5ae65-376e-4d05-a18c-10a91295727a
[2m[WebServer] [22m[Middleware] User authenticated: e7f5ae65-376e-4d05-a18c-10a91295727a
[2m[WebServer] [22m[Middleware] User authenticated: e7f5ae65-376e-4d05-a18c-10a91295727a
[2m[WebServer] [22m[Middleware] Admin user data query result: { userData: { role: 'owner', status: 'active' }, userError: null }
[2m[WebServer] [22m[Middleware] Access granted for admin role: owner
[2m[WebServer] [22m[Middleware] Admin user data query result: { userData: { role: 'owner', status: 'active' }, userError: null }
[2m[WebServer] [22m[Middleware] Access granted for admin role: owner
[2m[WebServer] [22m[Middleware] Admin user data query result: { userData: { role: 'owner', status: 'active' }, userError: null }
[2m[WebServer] [22m[Middleware] Access granted for admin role: owner
[2m[WebServer] [22m GET /admin/home-page [32m200[39m in 373ms[2m (compile: 5ms, proxy.ts: 304ms, render: 64ms)[22m
[2m[WebServer] [22m[Middleware] User authenticated: e7f5ae65-376e-4d05-a18c-10a91295727a
[2m[WebServer] [22m[verifyAuth] User authenticated: e7f5ae65-376e-4d05-a18c-10a91295727a
[2m[WebServer] [22m[verifyAuth] User authenticated: e7f5ae65-376e-4d05-a18c-10a91295727a
[2m[WebServer] [22m[Middleware] Admin user data query result: { userData: { role: 'owner', status: 'active' }, userError: null }
[2m[WebServer] [22m[Middleware] Access granted for admin role: owner
[2m[WebServer] [22m GET /admin/home-page [32m200[39m in 336ms[2m (compile: 2ms, proxy.ts: 290ms, render: 43ms)[22m
[2m[WebServer] [22m GET /api/admin/sections/by-page/home/home [32m200[39m in 613ms[2m (compile: 20ms, proxy.ts: 299ms, render: 294ms)[22m
[2m[WebServer] [22m GET /api/admin/sections/by-page/home/home [32m200[39m in 619ms[2m (compile: 15ms, proxy.ts: 324ms, render: 280ms)[22m
[2m[WebServer] [22m[Middleware] User authenticated: e7f5ae65-376e-4d05-a18c-10a91295727a
[2m[WebServer] [22m[Middleware] Admin user data query result: { userData: { role: 'owner', status: 'active' }, userError: null }
[2m[WebServer] [22m[Middleware] Access granted for admin role: owner
[2m[WebServer] [22m[verifyAuth] User authenticated: e7f5ae65-376e-4d05-a18c-10a91295727a
[2m[WebServer] [22m[Middleware] User authenticated: e7f5ae65-376e-4d05-a18c-10a91295727a
[2m[WebServer] [22m POST /api/admin/sections [32m201[39m in 768ms[2m (compile: 4ms, proxy.ts: 299ms, render: 465ms)[22m
[2m[WebServer] [22m[Middleware] Admin user data query result: { userData: { role: 'owner', status: 'active' }, userError: null }
[2m[WebServer] [22m[Middleware] Access granted for admin role: owner
  ✓  12 [chromium] › __tests__/e2e/admin/contentManagement.spec.ts:708:7 › Inline Section Editor › should add photo gallery and reference blocks to sections (6.2s)
[2m[WebServer] [22m GET /admin [32m200[39m in 666ms[2m (compile: 110ms, proxy.ts: 309ms, render: 247ms)[22m
[2m[WebServer] [22m[Middleware] User authenticated: e7f5ae65-376e-4d05-a18c-10a91295727a
[2m[WebServer] [22m[Middleware] User authenticated: e7f5ae65-376e-4d05-a18c-10a91295727a
[2m[WebServer] [22m[Middleware] User authenticated: e7f5ae65-376e-4d05-a18c-10a91295727a
[2m[WebServer] [22m[Middleware] User authenticated: e7f5ae65-376e-4d05-a18c-10a91295727a
[2m[WebServer] [22m[Middleware] Admin user data query result: { userData: { role: 'owner', status: 'active' }, userError: null }
[2m[WebServer] [22m[Middleware] Access granted for admin role: owner
[2m[WebServer] [22m[Middleware] Admin user data query result: { userData: { role: 'owner', status: 'active' }, userError: null }
[2m[WebServer] [22m[Middleware] Access granted for admin role: owner
[2m[WebServer] [22m[Middleware] Admin user data query result: { userData: { role: 'owner', status: 'active' }, userError: null }
[2m[WebServer] [22m[Middleware] Access granted for admin role: owner
[2m[WebServer] [22m[Middleware] Admin user data query result: { userData: { role: 'owner', status: 'active' }, userError: null }
[2m[WebServer] [22m[Middleware] Access granted for admin role: owner
[2m[WebServer] [22m GET /api/admin/home-page [32m200[39m in 504ms[2m (compile: 8ms, proxy.ts: 361ms, render: 136ms)[22m
[2m[WebServer] [22m GET /api/admin/home-page [32m200[39m in 588ms[2m (compile: 2ms, proxy.ts: 322ms, render: 264ms)[22m
[2m[WebServer] [22m[Middleware] User authenticated: e7f5ae65-376e-4d05-a18c-10a91295727a
[2m[WebServer] [22m[Middleware] User authenticated: e7f5ae65-376e-4d05-a18c-10a91295727a
[2m[WebServer] [22m[Middleware] Admin user data query result: { userData: { role: 'owner', status: 'active' }, userError: null }
[2m[WebServer] [22m[Middleware] Access granted for admin role: owner
[2m[WebServer] [22m[Middleware] Admin user data query result: { userData: { role: 'owner', status: 'active' }, userError: null }
[2m[WebServer] [22m[Middleware] Access granted for admin role: owner
[2m[WebServer] [22m[Middleware] User authenticated: e7f5ae65-376e-4d05-a18c-10a91295727a
[2m[WebServer] [22m[Middleware] User authenticated: e7f5ae65-376e-4d05-a18c-10a91295727a
[2m[WebServer] [22m[Middleware] Admin user data query result: { userData: { role: 'owner', status: 'active' }, userError: null }
[2m[WebServer] [22m[Middleware] Access granted for admin role: owner
[2m[WebServer] [22m[Middleware] Admin user data query result: { userData: { role: 'owner', status: 'active' }, userError: null }
[2m[WebServer] [22m[Middleware] Access granted for admin role: owner
[2m[WebServer] [22m[Middleware] User authenticated: e7f5ae65-376e-4d05-a18c-10a91295727a
[2m[WebServer] [22m[verifyAuth] User authenticated: e7f5ae65-376e-4d05-a18c-10a91295727a
[2m[WebServer] [22m[Middleware] Admin user data query result: { userData: { role: 'owner', status: 'active' }, userError: null }
[2m[WebServer] [22m[Middleware] Access granted for admin role: owner
[2m[WebServer] [22m[verifyAuth] User authenticated: e7f5ae65-376e-4d05-a18c-10a91295727a
[2m[WebServer] [22m[Middleware] User authenticated: e7f5ae65-376e-4d05-a18c-10a91295727a
[2m[WebServer] [22m[Middleware] User authenticated: e7f5ae65-376e-4d05-a18c-10a91295727a
[2m[WebServer] [22m GET /admin [32m200[39m in 316ms[2m (compile: 5ms, proxy.ts: 287ms, render: 25ms)[22m
[2m[WebServer] [22m GET /api/admin/sections/by-page/home/home [32m200[39m in 572ms[2m (compile: 7ms, proxy.ts: 299ms, render: 266ms)[22m
[2m[WebServer] [22m[Middleware] Admin user data query result: { userData: { role: 'owner', status: 'active' }, userError: null }
[2m[WebServer] [22m[Middleware] Access granted for admin role: owner
[2m[WebServer] [22m[Middleware] Admin user data query result: { userData: { role: 'owner', status: 'active' }, userError: null }
[2m[WebServer] [22m[Middleware] Access granted for admin role: owner
[2m[WebServer] [22m GET /api/admin/sections/by-page/home/home [32m200[39m in 632ms[2m (compile: 3ms, proxy.ts: 316ms, render: 313ms)[22m
[2m[WebServer] [22m[verifyAuth] User authenticated: e7f5ae65-376e-4d05-a18c-10a91295727a
[2m[WebServer] [22m[verifyAuth] User authenticated: e7f5ae65-376e-4d05-a18c-10a91295727a
[2m[WebServer] [22m[Middleware] User authenticated: e7f5ae65-376e-4d05-a18c-10a91295727a
[2m[WebServer] [22m[Middleware] Admin user data query result: { userData: { role: 'owner', status: 'active' }, userError: null }
[2m[WebServer] [22m[Middleware] Access granted for admin role: owner
[2m[WebServer] [22m GET /api/admin/alerts [32m200[39m in 1296ms[2m (compile: 7ms, proxy.ts: 301ms, render: 989ms)[22m
[2m[WebServer] [22m GET /api/admin/sections/by-page/home/home [32m200[39m in 778ms[2m (compile: 13ms, proxy.ts: 292ms, render: 473ms)[22m
[2m[WebServer] [22m GET /api/admin/sections/by-page/home/home [32m200[39m in 786ms[2m (compile: 12ms, proxy.ts: 293ms, render: 481ms)[22m
[2m[WebServer] [22m[Middleware] User authenticated: e7f5ae65-376e-4d05-a18c-10a91295727a
[2m[WebServer] [22m[Middleware] User authenticated: e7f5ae65-376e-4d05-a18c-10a91295727a
[2m[WebServer] [22m GET /api/admin/metrics [32m200[39m in 1782ms[2m (compile: 6ms, proxy.ts: 284ms, render: 1492ms)[22m
[2m[WebServer] [22m[Middleware] Admin user data query result: { userData: { role: 'owner', status: 'active' }, userError: null }
[2m[WebServer] [22m[Middleware] Access granted for admin role: owner
[2m[WebServer] [22m[Middleware] Admin user data query result: { userData: { role: 'owner', status: 'active' }, userError: null }
[2m[WebServer] [22m[Middleware] Access granted for admin role: owner
[2m[WebServer] [22m[Middleware] User authenticated: e7f5ae65-376e-4d05-a18c-10a91295727a
[2m[WebServer] [22m[Middleware] Admin user data query result: { userData: { role: 'owner', status: 'active' }, userError: null }
[2m[WebServer] [22m[Middleware] Access granted for admin role: owner
[2m[WebServer] [22m[Middleware] User authenticated: e7f5ae65-376e-4d05-a18c-10a91295727a
[2m[WebServer] [22m[Middleware] Admin user data query result: { userData: { role: 'owner', status: 'active' }, userError: null }
[2m[WebServer] [22m[Middleware] Access granted for admin role: owner
[2m[WebServer] [22m[Middleware] User authenticated: e7f5ae65-376e-4d05-a18c-10a91295727a
[2m[WebServer] [22m[Middleware] Admin user data query result: { userData: { role: 'owner', status: 'active' }, userError: null }
[2m[WebServer] [22m[Middleware] Access granted for admin role: owner
[2m[WebServer] [22m GET /api/admin/metrics [32m200[39m in 2.1s[2m (compile: 1246ms, proxy.ts: 653ms, render: 168ms)[22m
[2m[WebServer] [22m GET /api/admin/alerts [32m200[39m in 2.1s[2m (compile: 1241ms, proxy.ts: 656ms, render: 173ms)[22m
[2m[WebServer] [22m GET /admin/content-pages [32m200[39m in 2.1s[2m (compile: 1058ms, proxy.ts: 840ms, render: 228ms)[22m
[2m[WebServer] [22m GET /admin/events [32m200[39m in 2.7s[2m (compile: 2.1s, proxy.ts: 290ms, render: 233ms)[22m
[2m[WebServer] [22m[verifyAuth] User authenticated: e7f5ae65-376e-4d05-a18c-10a91295727a
[2m[WebServer] [22m[verifyAuth] User authenticated: e7f5ae65-376e-4d05-a18c-10a91295727a
[2m[WebServer] [22m POST /api/admin/sections [32m201[39m in 1910ms[2m (compile: 658ms, proxy.ts: 515ms, render: 736ms)[22m
[2m[WebServer] [22m POST /api/admin/sections [32m201[39m in 1515ms[2m (compile: 314ms, proxy.ts: 441ms, render: 759ms)[22m
  ✓  16 [chromium] › __tests__/e2e/admin/contentManagement.spec.ts:965:7 › Event References › should search and filter events in reference lookup (5.2s)
[2m[WebServer] [22m[Middleware] User authenticated: e7f5ae65-376e-4d05-a18c-10a91295727a
[2m[WebServer] [22m[Middleware] User authenticated: e7f5ae65-376e-4d05-a18c-10a91295727a
[2m[WebServer] [22m[Middleware] User authenticated: e7f5ae65-376e-4d05-a18c-10a91295727a
[2m[WebServer] [22m[Middleware] User authenticated: e7f5ae65-376e-4d05-a18c-10a91295727a
[2m[WebServer] [22m[Middleware] User authenticated: e7f5ae65-376e-4d05-a18c-10a91295727a
[2m[WebServer] [22m[Middleware] Admin user data query result: { userData: { role: 'owner', status: 'active' }, userError: null }
[2m[WebServer] [22m[Middleware] Access granted for admin role: owner
[2m[WebServer] [22m[Middleware] Admin user data query result: { userData: { role: 'owner', status: 'active' }, userError: null }
[2m[WebServer] [22m[Middleware] Access granted for admin role: owner
[2m[WebServer] [22m[Middleware] Admin user data query result: { userData: { role: 'owner', status: 'active' }, userError: null }
[2m[WebServer] [22m[Middleware] Access granted for admin role: owner
[2m[WebServer] [22m[Middleware] Admin user data query result: { userData: { role: 'owner', status: 'active' }, userError: null }
[2m[WebServer] [22m[Middleware] Access granted for admin role: owner
[2m[WebServer] [22m[Middleware] Admin user data query result: { userData: { role: 'owner', status: 'active' }, userError: null }
[2m[WebServer] [22m[Middleware] Access granted for admin role: owner
[2m[WebServer] [22m[Middleware] User authenticated: e7f5ae65-376e-4d05-a18c-10a91295727a
[2m[WebServer] [22m GET /admin/home-page [32m200[39m in 605ms[2m (compile: 11ms, proxy.ts: 459ms, render: 135ms)[22m
[2m[WebServer] [22m GET /admin/content-pages [32m200[39m in 608ms[2m (compile: 36ms, proxy.ts: 460ms, render: 112ms)[22m
[2m[WebServer] [22m[Middleware] Admin user data query result: { userData: { role: 'owner', status: 'active' }, userError: null }
[2m[WebServer] [22m[Middleware] Access granted for admin role: owner
[2m[WebServer] [22m GET /admin/home-page [32m200[39m in 2.5s[2m (compile: 1784ms, proxy.ts: 558ms, render: 186ms)[22m
[2m[WebServer] [22m GET /api/admin/events [32m200[39m in 2.7s[2m (compile: 1622ms, proxy.ts: 719ms, render: 317ms)[22m
[2m[WebServer] [22m GET /api/admin/locations [32m200[39m in 2.9s[2m (compile: 1848ms, proxy.ts: 494ms, render: 575ms)[22m
[2m[WebServer] [22m[Middleware] User authenticated: e7f5ae65-376e-4d05-a18c-10a91295727a
[2m[WebServer] [22m[Middleware] Admin user data query result: { userData: { role: 'owner', status: 'active' }, userError: null }
[2m[WebServer] [22m[Middleware] Access granted for admin role: owner
  ✓  17 [chromium] › __tests__/e2e/admin/contentManagement.spec.ts:1033:7 › Content Management Accessibility › should have proper keyboard navigation in content pages (3.8s)
[2m[WebServer] [22m GET /admin/events [32m200[39m in 600ms[2m (compile: 37ms, proxy.ts: 375ms, render: 188ms)[22m
[2m[WebServer] [22m[Middleware] User authenticated: e7f5ae65-376e-4d05-a18c-10a91295727a
[2m[WebServer] [22m[Middleware] User authenticated: e7f5ae65-376e-4d05-a18c-10a91295727a
[2m[WebServer] [22m[Middleware] Admin user data query result: { userData: { role: 'owner', status: 'active' }, userError: null }
[2m[WebServer] [22m[Middleware] Access granted for admin role: owner
[2m[WebServer] [22m[Middleware] User authenticated: e7f5ae65-376e-4d05-a18c-10a91295727a
[2m[WebServer] [22m[Middleware] Admin user data query result: { userData: { role: 'owner', status: 'active' }, userError: null }
[2m[WebServer] [22m[Middleware] Access granted for admin role: owner
[2m[WebServer] [22m[Middleware] Admin user data query result: { userData: { role: 'owner', status: 'active' }, userError: null }
[2m[WebServer] [22m[Middleware] Access granted for admin role: owner
[2m[WebServer] [22m GET /admin/content-pages [32m200[39m in 386ms[2m (compile: 17ms, proxy.ts: 291ms, render: 79ms)[22m
[2m[WebServer] [22m GET /api/admin/home-page [32m200[39m in 515ms[2m (compile: 12ms, proxy.ts: 323ms, render: 180ms)[22m
[2m[WebServer] [22m[Middleware] User authenticated: e7f5ae65-376e-4d05-a18c-10a91295727a
[2m[WebServer] [22m[Middleware] User authenticated: e7f5ae65-376e-4d05-a18c-10a91295727a
[2m[WebServer] [22m[Middleware] Admin user data query result: { userData: { role: 'owner', status: 'active' }, userError: null }
[2m[WebServer] [22m[Middleware] Access granted for admin role: owner
[2m[WebServer] [22m[Middleware] Admin user data query result: { userData: { role: 'owner', status: 'active' }, userError: null }
[2m[WebServer] [22m[Middleware] Access granted for admin role: owner
[2m[WebServer] [22m[Middleware] User authenticated: e7f5ae65-376e-4d05-a18c-10a91295727a
[2m[WebServer] [22m GET /api/admin/events [32m200[39m in 468ms[2m (compile: 1448µs, proxy.ts: 302ms, render: 165ms)[22m
[2m[WebServer] [22m GET /api/admin/home-page [32m200[39m in 480ms[2m (compile: 1358µs, proxy.ts: 317ms, render: 162ms)[22m
[2m[WebServer] [22m[Middleware] Admin user data query result: { userData: { role: 'owner', status: 'active' }, userError: null }
[2m[WebServer] [22m[Middleware] Access granted for admin role: owner
  ✓  18 [chromium] › __tests__/e2e/admin/contentManagement.spec.ts:1046:7 › Content Management Accessibility › should have proper ARIA labels and form labels (1.7s)
[2m[WebServer] [22m[Middleware] User authenticated: e7f5ae65-376e-4d05-a18c-10a91295727a
[2m[WebServer] [22m GET /api/admin/locations [32m200[39m in 670ms[2m (compile: 2ms, proxy.ts: 506ms, render: 162ms)[22m
[2m[WebServer] [22m[Middleware] Admin user data query result: { userData: { role: 'owner', status: 'active' }, userError: null }
[2m[WebServer] [22m[Middleware] Access granted for admin role: owner
[2m[WebServer] [22m[Middleware] User authenticated: e7f5ae65-376e-4d05-a18c-10a91295727a
[2m[WebServer] [22m[Middleware] Admin user data query result: { userData: { role: 'owner', status: 'active' }, userError: null }
[2m[WebServer] [22m[Middleware] Access granted for admin role: owner
[2m[WebServer] [22m GET /admin/home-page [32m200[39m in 356ms[2m (compile: 2ms, proxy.ts: 323ms, render: 30ms)[22m
[2m[WebServer] [22m[Middleware] User authenticated: e7f5ae65-376e-4d05-a18c-10a91295727a
[2m[WebServer] [22m[Middleware] Admin user data query result: { userData: { role: 'owner', status: 'active' }, userError: null }
[2m[WebServer] [22m[Middleware] Access granted for admin role: owner
[2m[WebServer] [22m GET /api/admin/home-page [32m200[39m in 602ms[2m (compile: 6ms, proxy.ts: 275ms, render: 320ms)[22m
  ✓  19 [chromium] › __tests__/e2e/admin/contentManagement.spec.ts:1066:7 › Content Management Accessibility › should have proper keyboard navigation in home page editor (2.5s)
[2m[WebServer] [22m[Middleware] User authenticated: e7f5ae65-376e-4d05-a18c-10a91295727a
[2m[WebServer] [22m[Middleware] Admin user data query result: { userData: { role: 'owner', status: 'active' }, userError: null }
[2m[WebServer] [22m[Middleware] Access granted for admin role: owner
[2m[WebServer] [22m GET /admin/content-pages [32m200[39m in 332ms[2m (compile: 2ms, proxy.ts: 296ms, render: 34ms)[22m
  ✓  20 [chromium] › __tests__/e2e/admin/contentManagement.spec.ts:1078:7 › Content Management Accessibility › should have keyboard navigation in reference lookup (1.1s)
[2m[WebServer] [22m[Middleware] User authenticated: e7f5ae65-376e-4d05-a18c-10a91295727a
[2m[WebServer] [22m[Middleware] Admin user data query result: { userData: { role: 'owner', status: 'active' }, userError: null }
[2m[WebServer] [22m[Middleware] Access granted for admin role: owner
  ✘  14 [chromium] › __tests__/e2e/admin/contentManagement.spec.ts:619:7 › Inline Section Editor › should edit section content and toggle layout (retry #1) (18.4s)
  ✘  13 [chromium] › __tests__/e2e/admin/contentManagement.spec.ts:576:7 › Inline Section Editor › should toggle inline section editor and add sections (retry #1) (23.3s)
Event creation API response not detected, continuing...
Reloading page to refresh event list...
[2m[WebServer] [22m[Middleware] User authenticated: e7f5ae65-376e-4d05-a18c-10a91295727a
[2m[WebServer] [22m[Middleware] Admin user data query result: { userData: { role: 'owner', status: 'active' }, userError: null }
[2m[WebServer] [22m[Middleware] Access granted for admin role: owner
[2m[WebServer] [22m GET /admin/events [32m200[39m in 452ms[2m (compile: 9ms, proxy.ts: 367ms, render: 76ms)[22m
[2m[WebServer] [22m[Middleware] User authenticated: e7f5ae65-376e-4d05-a18c-10a91295727a
[2m[WebServer] [22m[Middleware] User authenticated: e7f5ae65-376e-4d05-a18c-10a91295727a
[2m[WebServer] [22m[Middleware] Admin user data query result: { userData: { role: 'owner', status: 'active' }, userError: null }
[2m[WebServer] [22m[Middleware] Access granted for admin role: owner
[2m[WebServer] [22m[Middleware] Admin user data query result: { userData: { role: 'owner', status: 'active' }, userError: null }
[2m[WebServer] [22m[Middleware] Access granted for admin role: owner
[2m[WebServer] [22m GET /api/admin/events [32m200[39m in 500ms[2m (compile: 1365µs, proxy.ts: 335ms, render: 164ms)[22m
[2m[WebServer] [22m GET /api/admin/locations [32m200[39m in 609ms[2m (compile: 2ms, proxy.ts: 445ms, render: 161ms)[22m
  ✘  15 [chromium] › __tests__/e2e/admin/contentManagement.spec.ts:807:7 › Event References › should create event and add as reference to content page (1.0m)
[dotenv@17.2.4] injecting env (0) from .env.e2e -- tip: ⚙️  write to custom object with { processEnv: myObject }
[2m[WebServer] [22m[Middleware] User authenticated: e7f5ae65-376e-4d05-a18c-10a91295727a
[2m[WebServer] [22m[Middleware] Admin user data query result: { userData: { role: 'owner', status: 'active' }, userError: null }
[2m[WebServer] [22m[Middleware] Access granted for admin role: owner
[2m[WebServer] [22m GET /admin [32m200[39m in 691ms[2m (compile: 21ms, proxy.ts: 599ms, render: 71ms)[22m
[2m[WebServer] [22m[Middleware] User authenticated: e7f5ae65-376e-4d05-a18c-10a91295727a
[2m[WebServer] [22m[Middleware] User authenticated: e7f5ae65-376e-4d05-a18c-10a91295727a
[2m[WebServer] [22m[Middleware] Admin user data query result: { userData: { role: 'owner', status: 'active' }, userError: null }
[2m[WebServer] [22m[Middleware] Access granted for admin role: owner
[2m[WebServer] [22m[Middleware] Admin user data query result: { userData: { role: 'owner', status: 'active' }, userError: null }
[2m[WebServer] [22m[Middleware] Access granted for admin role: owner
[2m[WebServer] [22m[Middleware] User authenticated: e7f5ae65-376e-4d05-a18c-10a91295727a
[2m[WebServer] [22m GET /api/admin/alerts [32m200[39m in 1428ms[2m (compile: 8ms, proxy.ts: 415ms, render: 1005ms)[22m
[2m[WebServer] [22m[Middleware] Admin user data query result: { userData: { role: 'owner', status: 'active' }, userError: null }
[2m[WebServer] [22m[Middleware] Access granted for admin role: owner
[2m[WebServer] [22m GET /api/admin/metrics [32m200[39m in 1565ms[2m (compile: 11ms, proxy.ts: 361ms, render: 1193ms)[22m
[2m[WebServer] [22m GET /admin/events [32m200[39m in 551ms[2m (compile: 1932µs, proxy.ts: 455ms, render: 94ms)[22m
[2m[WebServer] [22m[Middleware] User authenticated: e7f5ae65-376e-4d05-a18c-10a91295727a
[2m[WebServer] [22m[Middleware] User authenticated: e7f5ae65-376e-4d05-a18c-10a91295727a
[2m[WebServer] [22m[Middleware] Admin user data query result: { userData: { role: 'owner', status: 'active' }, userError: null }
[2m[WebServer] [22m[Middleware] Access granted for admin role: owner
[2m[WebServer] [22m[Middleware] Admin user data query result: { userData: { role: 'owner', status: 'active' }, userError: null }
[2m[WebServer] [22m[Middleware] Access granted for admin role: owner
[2m[WebServer] [22m GET /api/admin/locations [32m200[39m in 425ms[2m (compile: 1355µs, proxy.ts: 283ms, render: 141ms)[22m
[2m[WebServer] [22m GET /api/admin/events [32m200[39m in 529ms[2m (compile: 1495µs, proxy.ts: 364ms, render: 164ms)[22m
Event creation API response not detected, continuing...
Reloading page to refresh event list...
[2m[WebServer] [22m[Middleware] User authenticated: e7f5ae65-376e-4d05-a18c-10a91295727a
[2m[WebServer] [22m[Middleware] Admin user data query result: { userData: { role: 'owner', status: 'active' }, userError: null }
[2m[WebServer] [22m[Middleware] Access granted for admin role: owner
[2m[WebServer] [22m GET /admin/events [32m200[39m in 492ms[2m (compile: 7ms, proxy.ts: 418ms, render: 67ms)[22m
[2m[WebServer] [22m[Middleware] User authenticated: e7f5ae65-376e-4d05-a18c-10a91295727a
[2m[WebServer] [22m[Middleware] User authenticated: e7f5ae65-376e-4d05-a18c-10a91295727a
[2m[WebServer] [22m[Middleware] Admin user data query result: { userData: { role: 'owner', status: 'active' }, userError: null }
[2m[WebServer] [22m[Middleware] Access granted for admin role: owner
[2m[WebServer] [22m[Middleware] Admin user data query result: { userData: { role: 'owner', status: 'active' }, userError: null }
[2m[WebServer] [22m[Middleware] Access granted for admin role: owner
[2m[WebServer] [22m GET /api/admin/locations [32m200[39m in 547ms[2m (compile: 1611µs, proxy.ts: 396ms, render: 149ms)[22m
[2m[WebServer] [22m GET /api/admin/events [32m200[39m in 565ms[2m (compile: 1557µs, proxy.ts: 378ms, render: 185ms)[22m
  ✘  21 [chromium] › __tests__/e2e/admin/contentManagement.spec.ts:807:7 › Event References › should create event and add as reference to content page (retry #1) (56.6s)

🧹 E2E Global Teardown Starting...

🗑️  Cleaning up test data...
🧹 Running comprehensive test cleanup...
✅ Comprehensive cleanup complete
✅ Test data cleaned

🔓 Keeping authentication state for debugging...
   Auth files preserved in .auth/ directory
   Run "rm -rf .auth" to clean up manually

📊 Execution Summary:
   Duration: 2.33s
   Errors: 0
   Status: ✅ Clean teardown

✨ E2E Global Teardown Complete!



  1) [chromium] › __tests__/e2e/admin/contentManagement.spec.ts:576:7 › Inline Section Editor › should toggle inline section editor and add sections 

    Error: [2mexpect([22m[31mlocator[39m[2m).[22mtoBeVisible[2m([22m[2m)[22m failed

    Locator: locator('[data-testid="inline-section-editor"]')
    Expected: visible
    Timeout: 5000ms
    Error: element(s) not found

    Call log:
    [2m  - Expect "toBeVisible" with timeout 5000ms[22m
    [2m  - waiting for locator('[data-testid="inline-section-editor"]')[22m


      54 |   // Verify component is visible
      55 |   const inlineEditor = page.locator('[data-testid="inline-section-editor"]');
    > 56 |   await expect(inlineEditor).toBeVisible({ timeout: 5000 });
         |                              ^
      57 |   
      58 |   return inlineEditor;
      59 | }
        at waitForInlineSectionEditor (/Users/jaron/Desktop/wedding-platform-v2/__tests__/e2e/admin/contentManagement.spec.ts:56:30)
        at /Users/jaron/Desktop/wedding-platform-v2/__tests__/e2e/admin/contentManagement.spec.ts:586:26

    attachment #1: screenshot (image/png) ──────────────────────────────────────────────────────────
    test-results/admin-contentManagement-In-fd3f3-ion-editor-and-add-sections-chromium/test-failed-1.png
    ────────────────────────────────────────────────────────────────────────────────────────────────

    attachment #2: video (video/webm) ──────────────────────────────────────────────────────────────
    test-results/admin-contentManagement-In-fd3f3-ion-editor-and-add-sections-chromium/video.webm
    ────────────────────────────────────────────────────────────────────────────────────────────────

    Error Context: test-results/admin-contentManagement-In-fd3f3-ion-editor-and-add-sections-chromium/error-context.md

    Retry #1 ───────────────────────────────────────────────────────────────────────────────────────

    TimeoutError: locator.click: Timeout 15000ms exceeded.
    Call log:
    [2m  - waiting for locator('button:has-text("Hide Inline Section Editor")')[22m
    [2m    - locator resolved to <button type="button" aria-busy="false" aria-disabled="false" class="font-medium rounded-lg transition-all duration-200 flex items-center justify-center gap-2 focus:outline-none focus:ring-2 focus:ring-offset-2 hover:shadow-md active:scale-95 px-4 py-2 text-base min-h-[44px] min-w-[44px]   cursor-pointer">Hide Inline Section Editor</button>[22m
    [2m  - attempting click action[22m
    [2m    - waiting for element to be visible, enabled and stable[22m
    [2m  - element was detached from the DOM, retrying[22m
    [2m    - waiting for" http://localhost:3000/admin/home-page" navigation to finish...[22m
    [2m    - navigated to "http://localhost:3000/admin/home-page"[22m


      611 |     const hideButton = page.locator('button:has-text("Hide Inline Section Editor")');
      612 |     if (await hideButton.isVisible()) {
    > 613 |       await hideButton.click();
          |                        ^
      614 |       await page.waitForLoadState('networkidle');
      615 |       await expect(inlineEditor).not.toBeVisible({ timeout: 5000 });
      616 |     }
        at /Users/jaron/Desktop/wedding-platform-v2/__tests__/e2e/admin/contentManagement.spec.ts:613:24

    attachment #1: screenshot (image/png) ──────────────────────────────────────────────────────────
    test-results/admin-contentManagement-In-fd3f3-ion-editor-and-add-sections-chromium-retry1/test-failed-1.png
    ────────────────────────────────────────────────────────────────────────────────────────────────

    attachment #2: video (video/webm) ──────────────────────────────────────────────────────────────
    test-results/admin-contentManagement-In-fd3f3-ion-editor-and-add-sections-chromium-retry1/video.webm
    ────────────────────────────────────────────────────────────────────────────────────────────────

    Error Context: test-results/admin-contentManagement-In-fd3f3-ion-editor-and-add-sections-chromium-retry1/error-context.md

    attachment #4: trace (application/zip) ─────────────────────────────────────────────────────────
    test-results/admin-contentManagement-In-fd3f3-ion-editor-and-add-sections-chromium-retry1/trace.zip
    Usage:

        npx playwright show-trace test-results/admin-contentManagement-In-fd3f3-ion-editor-and-add-sections-chromium-retry1/trace.zip

    ────────────────────────────────────────────────────────────────────────────────────────────────

  2) [chromium] › __tests__/e2e/admin/contentManagement.spec.ts:619:7 › Inline Section Editor › should edit section content and toggle layout 

    Error: [2mexpect([22m[31mlocator[39m[2m).[22mtoBeVisible[2m([22m[2m)[22m failed

    Locator: locator('[data-testid="inline-section-editor"]')
    Expected: visible
    Timeout: 5000ms
    Error: element(s) not found

    Call log:
    [2m  - Expect "toBeVisible" with timeout 5000ms[22m
    [2m  - waiting for locator('[data-testid="inline-section-editor"]')[22m


      54 |   // Verify component is visible
      55 |   const inlineEditor = page.locator('[data-testid="inline-section-editor"]');
    > 56 |   await expect(inlineEditor).toBeVisible({ timeout: 5000 });
         |                              ^
      57 |   
      58 |   return inlineEditor;
      59 | }
        at waitForInlineSectionEditor (/Users/jaron/Desktop/wedding-platform-v2/__tests__/e2e/admin/contentManagement.spec.ts:56:30)
        at /Users/jaron/Desktop/wedding-platform-v2/__tests__/e2e/admin/contentManagement.spec.ts:628:5

    attachment #1: screenshot (image/png) ──────────────────────────────────────────────────────────
    test-results/admin-contentManagement-In-4f880-n-content-and-toggle-layout-chromium/test-failed-1.png
    ────────────────────────────────────────────────────────────────────────────────────────────────

    attachment #2: video (video/webm) ──────────────────────────────────────────────────────────────
    test-results/admin-contentManagement-In-4f880-n-content-and-toggle-layout-chromium/video.webm
    ────────────────────────────────────────────────────────────────────────────────────────────────

    Error Context: test-results/admin-contentManagement-In-4f880-n-content-and-toggle-layout-chromium/error-context.md

    Retry #1 ───────────────────────────────────────────────────────────────────────────────────────

    TimeoutError: page.waitForSelector: Timeout 10000ms exceeded.
    Call log:
    [2m  - waiting for locator('[data-testid="inline-section-editor"] [draggable="true"]') to be visible[22m
    [2m    - waiting for" http://localhost:3000/admin/home-page" navigation to finish...[22m
    [2m    - navigated to "http://localhost:3000/admin/home-page"[22m


      635 |     await page.waitForLoadState('networkidle');
      636 |     await page.waitForTimeout(2000);
    > 637 |     await page.waitForSelector('[data-testid="inline-section-editor"] [draggable="true"]', { timeout: 10000 });
          |                ^
      638 |     
      639 |     // Edit section title
      640 |     const titleInput = page.locator('input[placeholder*="title" i]').last();
        at /Users/jaron/Desktop/wedding-platform-v2/__tests__/e2e/admin/contentManagement.spec.ts:637:16

    attachment #1: screenshot (image/png) ──────────────────────────────────────────────────────────
    test-results/admin-contentManagement-In-4f880-n-content-and-toggle-layout-chromium-retry1/test-failed-1.png
    ────────────────────────────────────────────────────────────────────────────────────────────────

    attachment #2: video (video/webm) ──────────────────────────────────────────────────────────────
    test-results/admin-contentManagement-In-4f880-n-content-and-toggle-layout-chromium-retry1/video.webm
    ────────────────────────────────────────────────────────────────────────────────────────────────

    Error Context: test-results/admin-contentManagement-In-4f880-n-content-and-toggle-layout-chromium-retry1/error-context.md

    attachment #4: trace (application/zip) ─────────────────────────────────────────────────────────
    test-results/admin-contentManagement-In-4f880-n-content-and-toggle-layout-chromium-retry1/trace.zip
    Usage:

        npx playwright show-trace test-results/admin-contentManagement-In-4f880-n-content-and-toggle-layout-chromium-retry1/trace.zip

    ────────────────────────────────────────────────────────────────────────────────────────────────

  3) [chromium] › __tests__/e2e/admin/contentManagement.spec.ts:807:7 › Event References › should create event and add as reference to content page 

    Error: [2mexpect([22m[31mlocator[39m[2m).[22mtoBeVisible[2m([22m[2m)[22m failed

    Locator: locator('text=Test Event 1770957614121').first()
    Expected: visible
    Timeout: 5000ms
    Error: element(s) not found

    Call log:
    [2m  - Expect "toBeVisible" with timeout 5000ms[22m
    [2m  - waiting for locator('text=Test Event 1770957614121').first()[22m


    Call Log:
    - Test timeout of 60000ms exceeded

      920 |     await expect(async () => {
      921 |       await expect(eventRow).toBeVisible({ timeout: 5000 });
    > 922 |     }).toPass({ timeout: 20000 }); // Increased from 15s to 20s
          |        ^
      923 |     
      924 |     // PHASE 2 ROUND 8 BUG #3 FAILED TEST FIX: Wait for list to refresh and all network requests to complete
      925 |     await page.waitForTimeout(2000); // Wait for list to refresh
        at /Users/jaron/Desktop/wedding-platform-v2/__tests__/e2e/admin/contentManagement.spec.ts:922:8

    attachment #1: screenshot (image/png) ──────────────────────────────────────────────────────────
    test-results/admin-contentManagement-Ev-e6ce0-s-reference-to-content-page-chromium/test-failed-1.png
    ────────────────────────────────────────────────────────────────────────────────────────────────

    attachment #2: video (video/webm) ──────────────────────────────────────────────────────────────
    test-results/admin-contentManagement-Ev-e6ce0-s-reference-to-content-page-chromium/video.webm
    ────────────────────────────────────────────────────────────────────────────────────────────────

    Error Context: test-results/admin-contentManagement-Ev-e6ce0-s-reference-to-content-page-chromium/error-context.md

    Retry #1 ───────────────────────────────────────────────────────────────────────────────────────

    Error: [2mexpect([22m[31mlocator[39m[2m).[22mtoBeVisible[2m([22m[2m)[22m failed

    Locator: locator('text=Test Event 1770957675580').first()
    Expected: visible
    Timeout: 5000ms
    Error: element(s) not found

    Call log:
    [2m  - Expect "toBeVisible" with timeout 5000ms[22m
    [2m  - waiting for locator('text=Test Event 1770957675580').first()[22m


    Call Log:
    - Timeout 20000ms exceeded while waiting on the predicate

      920 |     await expect(async () => {
      921 |       await expect(eventRow).toBeVisible({ timeout: 5000 });
    > 922 |     }).toPass({ timeout: 20000 }); // Increased from 15s to 20s
          |        ^
      923 |     
      924 |     // PHASE 2 ROUND 8 BUG #3 FAILED TEST FIX: Wait for list to refresh and all network requests to complete
      925 |     await page.waitForTimeout(2000); // Wait for list to refresh
        at /Users/jaron/Desktop/wedding-platform-v2/__tests__/e2e/admin/contentManagement.spec.ts:922:8

    attachment #1: screenshot (image/png) ──────────────────────────────────────────────────────────
    test-results/admin-contentManagement-Ev-e6ce0-s-reference-to-content-page-chromium-retry1/test-failed-1.png
    ────────────────────────────────────────────────────────────────────────────────────────────────

    attachment #2: video (video/webm) ──────────────────────────────────────────────────────────────
    test-results/admin-contentManagement-Ev-e6ce0-s-reference-to-content-page-chromium-retry1/video.webm
    ────────────────────────────────────────────────────────────────────────────────────────────────

    Error Context: test-results/admin-contentManagement-Ev-e6ce0-s-reference-to-content-page-chromium-retry1/error-context.md

    attachment #4: trace (application/zip) ─────────────────────────────────────────────────────────
    test-results/admin-contentManagement-Ev-e6ce0-s-reference-to-content-page-chromium-retry1/trace.zip
    Usage:

        npx playwright show-trace test-results/admin-contentManagement-Ev-e6ce0-s-reference-to-content-page-chromium-retry1/trace.zip

    ────────────────────────────────────────────────────────────────────────────────────────────────

  4) [chromium] › __tests__/e2e/admin/contentManagement.spec.ts:98:7 › Content Page Management › should complete full content page creation and publication flow 

    Error: [2mexpect([22m[31mlocator[39m[2m).[22mtoBeVisible[2m([22m[2m)[22m failed

    Locator: locator('text=Test Page 1770957584945').first()
    Expected: visible
    Timeout: 10000ms
    Error: element(s) not found

    Call log:
    [2m  - Expect "toBeVisible" with timeout 10000ms[22m
    [2m  - waiting for locator('text=Test Page 1770957584945').first()[22m


      190 |     // The page might use different heading levels or structure
      191 |     const guestPageTitle = newPage.locator(`text=${pageTitle}`).first();
    > 192 |     await expect(guestPageTitle).toBeVisible({ timeout: 10000 });
          |                                  ^
      193 |     
      194 |     // Close the new tab
      195 |     await newPage.close();
        at /Users/jaron/Desktop/wedding-platform-v2/__tests__/e2e/admin/contentManagement.spec.ts:192:34

    attachment #1: screenshot (image/png) ──────────────────────────────────────────────────────────
    test-results/admin-contentManagement-Co-30bad-eation-and-publication-flow-chromium/test-failed-2.png
    ────────────────────────────────────────────────────────────────────────────────────────────────

    attachment #2: screenshot (image/png) ──────────────────────────────────────────────────────────
    test-results/admin-contentManagement-Co-30bad-eation-and-publication-flow-chromium/test-failed-1.png
    ────────────────────────────────────────────────────────────────────────────────────────────────

    attachment #3: video (video/webm) ──────────────────────────────────────────────────────────────
    test-results/admin-contentManagement-Co-30bad-eation-and-publication-flow-chromium/video-1.webm
    ────────────────────────────────────────────────────────────────────────────────────────────────

    attachment #4: video (video/webm) ──────────────────────────────────────────────────────────────
    test-results/admin-contentManagement-Co-30bad-eation-and-publication-flow-chromium/video.webm
    ────────────────────────────────────────────────────────────────────────────────────────────────

    Error Context: test-results/admin-contentManagement-Co-30bad-eation-and-publication-flow-chromium/error-context.md

  3 failed
    [chromium] › __tests__/e2e/admin/contentManagement.spec.ts:576:7 › Inline Section Editor › should toggle inline section editor and add sections 
    [chromium] › __tests__/e2e/admin/contentManagement.spec.ts:619:7 › Inline Section Editor › should edit section content and toggle layout 
    [chromium] › __tests__/e2e/admin/contentManagement.spec.ts:807:7 › Event References › should create event and add as reference to content page 
  1 flaky
    [chromium] › __tests__/e2e/admin/contentManagement.spec.ts:98:7 › Content Page Management › should complete full content page creation and publication flow 
  13 passed (2.8m)

[36m  Serving HTML report at http://localhost:9323. Press Ctrl+C to quit.[39m
