
> destination-wedding-platform@0.1.0 test:e2e
> playwright test __tests__/e2e/admin/contentManagement.spec.ts

[dotenv@17.2.4] injecting env (25) from .env.e2e -- tip: ✅ audit secrets and track compliance: https://dotenvx.com/ops
[2m[WebServer] [22m
[2m[WebServer] [22m> destination-wedding-platform@0.1.0 dev
[2m[WebServer] [22m> next dev --webpack
[2m[WebServer] [22m
[2m[WebServer] [22m[1m[38;2;173;127;168m▲ Next.js 16.1.1[39m[22m (webpack)
[2m[WebServer] [22m- Local:         http://localhost:3000
[2m[WebServer] [22m- Network:       http://172.24.67.208:3000
[2m[WebServer] [22m- Environments: .env.test
[2m[WebServer] [22m
[2m[WebServer] [22m[32m[1m✓[22m[39m Starting...
[2m[WebServer] [22m[33m[1m⚠[22m[39m The "middleware" file convention is deprecated. Please use "proxy" instead. Learn more: https://nextjs.org/docs/messages/middleware-to-proxy
[2m[WebServer] [22m🚀 Initializing application services...
[2m[WebServer] [22m✅ B2 client initialized successfully {
[2m[WebServer] [22m  endpoint: [32m'https://s3.us-west-004.backblazeb2.com'[39m,
[2m[WebServer] [22m  region: [32m'us-west-004'[39m,
[2m[WebServer] [22m  bucket: [32m'test-bucket'[39m,
[2m[WebServer] [22m  cdnDomain: [32m'https://test-cdn.example.com'[39m
[2m[WebServer] [22m}
[2m[WebServer] [22m✅ Application services initialized successfully
[2m[WebServer] [22m[32m[1m✓[22m[39m Ready in 3s

🚀 E2E Global Setup Starting...

📊 Verifying test database connection...
[2m[WebServer] [22m GET / [32m200[39m in 2.9s[2m (compile: 2.3s, proxy.ts: 352ms, render: 165ms)[22m
✅ Test database connected

🧹 Cleaning up test data...
🧹 Running comprehensive test cleanup...
✅ Comprehensive cleanup complete
✅ Test data cleaned

🌐 Verifying Next.js server...
✅ Next.js server is running

🔐 Setting up admin authentication...
[2m[WebServer] [22m GET / [32m200[39m in 35ms[2m (compile: 3ms, proxy.ts: 13ms, render: 20ms)[22m
   Warning: Could not ensure admin user exists: Failed to create auth user: A user with this email address has already been registered
   Continuing with setup - login may fail if user does not exist
   Authenticating via Supabase API...
   ✅ API authentication successful (User ID: e7f5ae65-376e-4d05-a18c-10a91295727a)
   Injecting session cookies...
   ✅ Session cookies set (3 cookies)
   Navigating to http://localhost:3000/admin...
[2m[WebServer] [22m[Middleware] User authenticated: e7f5ae65-376e-4d05-a18c-10a91295727a
[2m[WebServer] [22m[Middleware] Admin user data query result: { userData: { role: 'owner', status: 'active' }, userError: null }
[2m[WebServer] [22m[Middleware] Access granted for admin role: owner
[2m[WebServer] [22m GET /admin [32m200[39m in 2.1s[2m (compile: 1419ms, proxy.ts: 509ms, render: 184ms)[22m
   ✅ Page loaded successfully
[2m[WebServer] [22m[Middleware] User authenticated: e7f5ae65-376e-4d05-a18c-10a91295727a
[2m[WebServer] [22m[Middleware] User authenticated: e7f5ae65-376e-4d05-a18c-10a91295727a
[2m[WebServer] [22m[Middleware] Admin user data query result: { userData: { role: 'owner', status: 'active' }, userError: null }
[2m[WebServer] [22m[Middleware] Access granted for admin role: owner
[2m[WebServer] [22m[Middleware] Admin user data query result: { userData: { role: 'owner', status: 'active' }, userError: null }
[2m[WebServer] [22m[Middleware] Access granted for admin role: owner
   Current URL: http://localhost:3000/admin
   ✅ Admin UI is visible
   Logged in as: admin@example.com
   Auth state saved to: .auth/admin.json
✅ Admin authentication saved

✨ E2E Global Setup Complete!


Running 17 tests using 4 workers

[dotenv@17.2.4] injecting env (0) from .env.e2e -- tip: 📡 add observability to secrets: https://dotenvx.com/ops
[dotenv@17.2.4] injecting env (0) from .env.e2e -- tip: ⚙️  enable debug logging with { debug: true }
[dotenv@17.2.4] injecting env (0) from .env.e2e -- tip: ✅ audit secrets and track compliance: https://dotenvx.com/ops
[dotenv@17.2.4] injecting env (0) from .env.e2e -- tip: 🛠️  run anywhere with `dotenvx run -- yourcommand`
[2m[WebServer] [22m[Middleware] User authenticated: e7f5ae65-376e-4d05-a18c-10a91295727a
[2m[WebServer] [22m[Middleware] Admin user data query result: { userData: { role: 'owner', status: 'active' }, userError: null }
[2m[WebServer] [22m[Middleware] Access granted for admin role: owner
[2m[WebServer] [22m[Middleware] User authenticated: e7f5ae65-376e-4d05-a18c-10a91295727a
[2m[WebServer] [22m[Middleware] Admin user data query result: { userData: { role: 'owner', status: 'active' }, userError: null }
[2m[WebServer] [22m[Middleware] Access granted for admin role: owner
[2m[WebServer] [22m[Middleware] User authenticated: e7f5ae65-376e-4d05-a18c-10a91295727a
[2m[WebServer] [22m[Middleware] User authenticated: e7f5ae65-376e-4d05-a18c-10a91295727a
[2m[WebServer] [22m[Middleware] Admin user data query result: { userData: { role: 'owner', status: 'active' }, userError: null }
[2m[WebServer] [22m[Middleware] Access granted for admin role: owner
[2m[WebServer] [22m[Middleware] Admin user data query result: { userData: { role: 'owner', status: 'active' }, userError: null }
[2m[WebServer] [22m[Middleware] Access granted for admin role: owner
[2m[WebServer] [22m GET /admin/content-pages [32m200[39m in 3.8s[2m (compile: 2.3s, proxy.ts: 509ms, render: 968ms)[22m
[2m[WebServer] [22m GET /admin/content-pages [32m200[39m in 3.6s[2m (compile: 1889ms, proxy.ts: 710ms, render: 969ms)[22m
[2m[WebServer] [22m GET /admin/home-page [32m200[39m in 3.8s[2m (compile: 2.2s, proxy.ts: 631ms, render: 973ms)[22m
[2m[WebServer] [22m GET /admin/content-pages [32m200[39m in 3.9s[2m (compile: 2.4s, proxy.ts: 459ms, render: 993ms)[22m
[2m[WebServer] [22m[Middleware] User authenticated: e7f5ae65-376e-4d05-a18c-10a91295727a
[2m[WebServer] [22m[Middleware] User authenticated: e7f5ae65-376e-4d05-a18c-10a91295727a
[2m[WebServer] [22m[Middleware] User authenticated: e7f5ae65-376e-4d05-a18c-10a91295727a
[2m[WebServer] [22m[Middleware] User authenticated: e7f5ae65-376e-4d05-a18c-10a91295727a
[2m[WebServer] [22m[Middleware] Admin user data query result: { userData: { role: 'owner', status: 'active' }, userError: null }
[2m[WebServer] [22m[Middleware] Access granted for admin role: owner
[2m[WebServer] [22m[Middleware] Admin user data query result: { userData: { role: 'owner', status: 'active' }, userError: null }
[2m[WebServer] [22m[Middleware] Access granted for admin role: owner
[2m[WebServer] [22m[Middleware] Admin user data query result: { userData: { role: 'owner', status: 'active' }, userError: null }
[2m[WebServer] [22m[Middleware] Access granted for admin role: owner
[2m[WebServer] [22m[Middleware] Admin user data query result: { userData: { role: 'owner', status: 'active' }, userError: null }
[2m[WebServer] [22m[Middleware] Access granted for admin role: owner
[2m[WebServer] [22m[37m[1m○[22m[39m Compiling /api/admin/home-page ...
  ✘   2 [chromium] › __tests__/e2e/admin/contentManagement.spec.ts:164:7 › Content Page Management › should add and reorder sections with layout options (14.3s)
  ✘   4 [chromium] › __tests__/e2e/admin/contentManagement.spec.ts:253:7 › Home Page Editing › should edit home page settings and save successfully (15.1s)
[dotenv@17.2.4] injecting env (0) from .env.e2e -- tip: 🔄 add secrets lifecycle management: https://dotenvx.com/ops
[2m[WebServer] [22m[verifyAuth] User authenticated: e7f5ae65-376e-4d05-a18c-10a91295727a
[2m[WebServer] [22m[verifyAuth] User authenticated: e7f5ae65-376e-4d05-a18c-10a91295727a
[2m[WebServer] [22m[verifyAuth] User authenticated: e7f5ae65-376e-4d05-a18c-10a91295727a
[dotenv@17.2.4] injecting env (0) from .env.e2e -- tip: 🔐 prevent building .env in docker: https://dotenvx.com/prebuild
[2m[WebServer] [22m GET /api/admin/content-pages [32m200[39m in 10.9s[2m (compile: 9.8s, proxy.ts: 465ms, render: 701ms)[22m
[2m[WebServer] [22m[Middleware] User authenticated: e7f5ae65-376e-4d05-a18c-10a91295727a
[2m[WebServer] [22m[Middleware] User authenticated: e7f5ae65-376e-4d05-a18c-10a91295727a
[2m[WebServer] [22m GET /api/admin/content-pages [32m200[39m in 11.1s[2m (compile: 9.8s, proxy.ts: 469ms, render: 853ms)[22m
[2m[WebServer] [22m[Middleware] Admin user data query result: { userData: { role: 'owner', status: 'active' }, userError: null }
[2m[WebServer] [22m[Middleware] Access granted for admin role: owner
[2m[WebServer] [22m[Middleware] Admin user data query result: { userData: { role: 'owner', status: 'active' }, userError: null }
[2m[WebServer] [22m[Middleware] Access granted for admin role: owner
[2m[WebServer] [22m GET /admin/content-pages [32m200[39m in 940ms[2m (compile: 100ms, proxy.ts: 695ms, render: 145ms)[22m
[2m[WebServer] [22m GET /admin/content-pages [32m200[39m in 957ms[2m (compile: 40ms, proxy.ts: 872ms, render: 44ms)[22m
[2m[WebServer] [22m[Middleware] User authenticated: e7f5ae65-376e-4d05-a18c-10a91295727a
[2m[WebServer] [22m[Middleware] User authenticated: e7f5ae65-376e-4d05-a18c-10a91295727a
[2m[WebServer] [22m[Middleware] User authenticated: e7f5ae65-376e-4d05-a18c-10a91295727a
[2m[WebServer] [22m[Middleware] User authenticated: e7f5ae65-376e-4d05-a18c-10a91295727a
[2m[WebServer] [22m[Middleware] Admin user data query result: { userData: { role: 'owner', status: 'active' }, userError: null }
[2m[WebServer] [22m[Middleware] Access granted for admin role: owner
[2m[WebServer] [22m[Middleware] Admin user data query result: { userData: { role: 'owner', status: 'active' }, userError: null }
[2m[WebServer] [22m[Middleware] Access granted for admin role: owner
[2m[WebServer] [22m[Middleware] Admin user data query result: { userData: { role: 'owner', status: 'active' }, userError: null }
[2m[WebServer] [22m[Middleware] Access granted for admin role: owner
[2m[WebServer] [22m[Middleware] Admin user data query result: { userData: { role: 'owner', status: 'active' }, userError: null }
[2m[WebServer] [22m[Middleware] Access granted for admin role: owner
[2m[WebServer] [22m GET /admin/content-pages [32m200[39m in 457ms[2m (compile: 2ms, proxy.ts: 270ms, render: 185ms)[22m
[2m[WebServer] [22m GET /admin/content-pages [32m200[39m in 637ms[2m (compile: 59ms, proxy.ts: 297ms, render: 281ms)[22m
[2m[WebServer] [22m GET /admin/content-pages [32m200[39m in 688ms[2m (compile: 59ms, proxy.ts: 346ms, render: 282ms)[22m
[2m[WebServer] [22m GET /admin/home-page [32m200[39m in 836ms[2m (compile: 26ms, proxy.ts: 249ms, render: 562ms)[22m
[2m[WebServer] [22m[Middleware] User authenticated: e7f5ae65-376e-4d05-a18c-10a91295727a
[2m[WebServer] [22m[Middleware] User authenticated: e7f5ae65-376e-4d05-a18c-10a91295727a
[2m[WebServer] [22m[Middleware] User authenticated: e7f5ae65-376e-4d05-a18c-10a91295727a
[2m[WebServer] [22m[Middleware] User authenticated: e7f5ae65-376e-4d05-a18c-10a91295727a
[2m[WebServer] [22m[Middleware] Admin user data query result: { userData: { role: 'owner', status: 'active' }, userError: null }
[2m[WebServer] [22m[Middleware] Access granted for admin role: owner
[2m[WebServer] [22m[Middleware] Admin user data query result: { userData: { role: 'owner', status: 'active' }, userError: null }
[2m[WebServer] [22m[Middleware] Access granted for admin role: owner
[2m[WebServer] [22m[Middleware] Admin user data query result: { userData: { role: 'owner', status: 'active' }, userError: null }
[2m[WebServer] [22m[Middleware] Access granted for admin role: owner
[2m[WebServer] [22m[Middleware] Admin user data query result: { userData: { role: 'owner', status: 'active' }, userError: null }
[2m[WebServer] [22m[Middleware] Access granted for admin role: owner
[2m[WebServer] [22m GET /api/admin/home-page [32m200[39m in 3.1s[2m (compile: 157ms, proxy.ts: 316ms, render: 2.6s)[22m
[2m[WebServer] [22m[verifyAuth] User authenticated: e7f5ae65-376e-4d05-a18c-10a91295727a
[2m[WebServer] [22m GET /admin/content-pages [32m200[39m in 3.7s[2m (compile: 15ms, proxy.ts: 612ms, render: 3.0s)[22m
[2m[WebServer] [22m GET /api/admin/content-pages [32m200[39m in 3.4s[2m (compile: 127ms, proxy.ts: 318ms, render: 3.0s)[22m
[2m[WebServer] [22m GET /admin/content-pages [32m200[39m in 3.8s[2m (compile: 302ms, proxy.ts: 703ms, render: 2.8s)[22m
[2m[WebServer] [22m[Middleware] User authenticated: e7f5ae65-376e-4d05-a18c-10a91295727a
[2m[WebServer] [22m[Middleware] User authenticated: e7f5ae65-376e-4d05-a18c-10a91295727a
[2m[WebServer] [22m[Middleware] Admin user data query result: { userData: { role: 'owner', status: 'active' }, userError: null }
[2m[WebServer] [22m[Middleware] Access granted for admin role: owner
[2m[WebServer] [22m[Middleware] Admin user data query result: { userData: { role: 'owner', status: 'active' }, userError: null }
[2m[WebServer] [22m[Middleware] Access granted for admin role: owner
[2m[WebServer] [22m[verifyAuth] User authenticated: e7f5ae65-376e-4d05-a18c-10a91295727a
[2m[WebServer] [22m PUT /api/admin/home-page [32m200[39m in 592ms[2m (compile: 8ms, proxy.ts: 370ms, render: 215ms)[22m
[2m[WebServer] [22m[Middleware] User authenticated: e7f5ae65-376e-4d05-a18c-10a91295727a
[2m[WebServer] [22m[Middleware] User authenticated: e7f5ae65-376e-4d05-a18c-10a91295727a
[2m[WebServer] [22m[Middleware] Admin user data query result: { userData: { role: 'owner', status: 'active' }, userError: null }
[2m[WebServer] [22m[Middleware] Access granted for admin role: owner
[2m[WebServer] [22m POST /api/admin/content-pages [32m201[39m in 680ms[2m (compile: 17ms, proxy.ts: 316ms, render: 347ms)[22m
[2m[WebServer] [22m[Middleware] Admin user data query result: { userData: { role: 'owner', status: 'active' }, userError: null }
[2m[WebServer] [22m[Middleware] Access granted for admin role: owner
[2m[WebServer] [22m[verifyAuth] User authenticated: e7f5ae65-376e-4d05-a18c-10a91295727a
[2m[WebServer] [22m[verifyAuth] User authenticated: e7f5ae65-376e-4d05-a18c-10a91295727a
[2m[WebServer] [22m[Middleware] User authenticated: e7f5ae65-376e-4d05-a18c-10a91295727a
[2m[WebServer] [22m GET /api/admin/content-pages [32m200[39m in 507ms[2m (compile: 23ms, proxy.ts: 240ms, render: 244ms)[22m
[2m[WebServer] [22m GET /api/admin/content-pages [32m200[39m in 506ms[2m (compile: 13ms, proxy.ts: 246ms, render: 248ms)[22m
[2m[WebServer] [22m[Middleware] Admin user data query result: { userData: { role: 'owner', status: 'active' }, userError: null }
[2m[WebServer] [22m[Middleware] Access granted for admin role: owner
[2m[WebServer] [22m[verifyAuth] User authenticated: e7f5ae65-376e-4d05-a18c-10a91295727a
[2m[WebServer] [22m GET /api/admin/content-pages [32m200[39m in 536ms[2m (compile: 3ms, proxy.ts: 297ms, render: 236ms)[22m
  ✓   1 [chromium] › __tests__/e2e/admin/contentManagement.spec.ts:123:7 › Content Page Management › should validate required fields and handle slug conflicts (26.7s)
[2m[WebServer] [22m[Middleware] User authenticated: e7f5ae65-376e-4d05-a18c-10a91295727a
[2m[WebServer] [22m[Middleware] Admin user data query result: { userData: { role: 'owner', status: 'active' }, userError: null }
[2m[WebServer] [22m[Middleware] Access granted for admin role: owner
[2m[WebServer] [22m[Middleware] User authenticated: e7f5ae65-376e-4d05-a18c-10a91295727a
[2m[WebServer] [22m[Middleware] Admin user data query result: { userData: { role: 'owner', status: 'active' }, userError: null }
[2m[WebServer] [22m[Middleware] Access granted for admin role: owner
  ✓   5 [chromium] › __tests__/e2e/admin/contentManagement.spec.ts:164:7 › Content Page Management › should add and reorder sections with layout options (retry #1) (9.7s)
[2m[WebServer] [22m[Middleware] User authenticated: e7f5ae65-376e-4d05-a18c-10a91295727a
[2m[WebServer] [22m[Middleware] Admin user data query result: { userData: { role: 'owner', status: 'active' }, userError: null }
[2m[WebServer] [22m[Middleware] Access granted for admin role: owner
[2m[WebServer] [22m[37m[1m○[22m[39m Compiling /api/admin/sections/by-page/[pageType]/[pageId] ...
[2m[WebServer] [22m GET /admin/home-page [32m200[39m in 4.0s[2m (compile: 2.8s, proxy.ts: 540ms, render: 580ms)[22m
[2m[WebServer] [22m GET /admin/home-page [32m200[39m in 2.5s[2m (compile: 1070ms, proxy.ts: 797ms, render: 604ms)[22m
[2m[WebServer] [22m[verifyAuth] User authenticated: e7f5ae65-376e-4d05-a18c-10a91295727a
[2m[WebServer] [22m[Middleware] User authenticated: e7f5ae65-376e-4d05-a18c-10a91295727a
[2m[WebServer] [22m[Middleware] User authenticated: e7f5ae65-376e-4d05-a18c-10a91295727a
[2m[WebServer] [22m[Middleware] User authenticated: e7f5ae65-376e-4d05-a18c-10a91295727a
[2m[WebServer] [22m[Middleware] Admin user data query result: { userData: { role: 'owner', status: 'active' }, userError: null }
[2m[WebServer] [22m[Middleware] Access granted for admin role: owner
[2m[WebServer] [22m[Middleware] Admin user data query result: { userData: { role: 'owner', status: 'active' }, userError: null }
[2m[WebServer] [22m[Middleware] Access granted for admin role: owner
[2m[WebServer] [22m[Middleware] Admin user data query result: { userData: { role: 'owner', status: 'active' }, userError: null }
[2m[WebServer] [22m[Middleware] Access granted for admin role: owner
[2m[WebServer] [22m GET /admin/content-pages [32m200[39m in 568ms[2m (compile: 23ms, proxy.ts: 266ms, render: 279ms)[22m
[2m[WebServer] [22m GET /api/admin/home-page [32m200[39m in 1028ms[2m (compile: 52ms, proxy.ts: 369ms, render: 607ms)[22m
[2m[WebServer] [22m GET /api/admin/home-page [32m200[39m in 1043ms[2m (compile: 50ms, proxy.ts: 371ms, render: 621ms)[22m
[2m[WebServer] [22m[Middleware] User authenticated: e7f5ae65-376e-4d05-a18c-10a91295727a
[2m[WebServer] [22m[Middleware] Admin user data query result: { userData: { role: 'owner', status: 'active' }, userError: null }
[2m[WebServer] [22m[Middleware] Access granted for admin role: owner
  ✓   8 [chromium] › __tests__/e2e/admin/contentManagement.spec.ts:334:7 › Home Page Editing › should handle API errors gracefully and disable fields while saving (6.2s)
[2m[WebServer] [22m[Middleware] User authenticated: e7f5ae65-376e-4d05-a18c-10a91295727a
[2m[WebServer] [22m[verifyAuth] User authenticated: e7f5ae65-376e-4d05-a18c-10a91295727a
[2m[WebServer] [22m[Middleware] Admin user data query result: { userData: { role: 'owner', status: 'active' }, userError: null }
[2m[WebServer] [22m[Middleware] Access granted for admin role: owner
[2m[WebServer] [22m GET /api/admin/content-pages [32m200[39m in 501ms[2m (compile: 7ms, proxy.ts: 261ms, render: 234ms)[22m
[2m[WebServer] [22m[Middleware] User authenticated: e7f5ae65-376e-4d05-a18c-10a91295727a
[2m[WebServer] [22m PUT /api/admin/home-page [32m200[39m in 405ms[2m (compile: 4ms, proxy.ts: 268ms, render: 133ms)[22m
[2m[WebServer] [22m[Middleware] Admin user data query result: { userData: { role: 'owner', status: 'active' }, userError: null }
[2m[WebServer] [22m[Middleware] Access granted for admin role: owner
[2m[WebServer] [22m GET /admin/home-page [32m200[39m in 288ms[2m (compile: 7ms, proxy.ts: 229ms, render: 52ms)[22m
  ✘   6 [chromium] › __tests__/e2e/admin/contentManagement.spec.ts:253:7 › Home Page Editing › should edit home page settings and save successfully (retry #1) (13.2s)
[2m[WebServer] [22m[Middleware] User authenticated: e7f5ae65-376e-4d05-a18c-10a91295727a
[2m[WebServer] [22m[Middleware] Admin user data query result: { userData: { role: 'owner', status: 'active' }, userError: null }
[2m[WebServer] [22m[Middleware] Access granted for admin role: owner
[2m[WebServer] [22m GET /api/admin/home-page [32m200[39m in 406ms[2m (compile: 17ms, proxy.ts: 270ms, render: 119ms)[22m
[dotenv@17.2.4] injecting env (0) from .env.e2e -- tip: ⚙️  load multiple .env files with { path: ['.env.local', '.env'] }
[2m[WebServer] [22m GET / [32m200[39m in 75ms[2m (compile: 13ms, proxy.ts: 9ms, render: 53ms)[22m
  ✓   9 [chromium] › __tests__/e2e/admin/contentManagement.spec.ts:358:7 › Home Page Editing › should preview home page in new tab (2.6s)
[2m[WebServer] [22m[Middleware] User authenticated: e7f5ae65-376e-4d05-a18c-10a91295727a
[2m[WebServer] [22m[Middleware] User authenticated: e7f5ae65-376e-4d05-a18c-10a91295727a
[2m[WebServer] [22m[Middleware] Admin user data query result: { userData: { role: 'owner', status: 'active' }, userError: null }
[2m[WebServer] [22m[Middleware] Access granted for admin role: owner
[2m[WebServer] [22m[Middleware] Admin user data query result: { userData: { role: 'owner', status: 'active' }, userError: null }
[2m[WebServer] [22m[Middleware] Access granted for admin role: owner
[2m[WebServer] [22m GET /admin/home-page [32m200[39m in 510ms[2m (compile: 6ms, proxy.ts: 250ms, render: 254ms)[22m
[2m[WebServer] [22m GET /admin/home-page [32m200[39m in 697ms[2m (compile: 54ms, proxy.ts: 236ms, render: 407ms)[22m
[2m[WebServer] [22m[Middleware] User authenticated: e7f5ae65-376e-4d05-a18c-10a91295727a
[2m[WebServer] [22m[Middleware] User authenticated: e7f5ae65-376e-4d05-a18c-10a91295727a
[2m[WebServer] [22m[Middleware] Admin user data query result: { userData: { role: 'owner', status: 'active' }, userError: null }
[2m[WebServer] [22m[Middleware] Access granted for admin role: owner
[2m[WebServer] [22m[Middleware] Admin user data query result: { userData: { role: 'owner', status: 'active' }, userError: null }
[2m[WebServer] [22m[Middleware] Access granted for admin role: owner
[2m[WebServer] [22m GET /api/admin/home-page [32m200[39m in 498ms[2m (compile: 17ms, proxy.ts: 307ms, render: 174ms)[22m
[2m[WebServer] [22m GET /api/admin/home-page [32m200[39m in 515ms[2m (compile: 5ms, proxy.ts: 326ms, render: 184ms)[22m
[2m[WebServer] [22m[Middleware] User authenticated: e7f5ae65-376e-4d05-a18c-10a91295727a
[2m[WebServer] [22m[Middleware] Admin user data query result: { userData: { role: 'owner', status: 'active' }, userError: null }
[2m[WebServer] [22m[Middleware] Access granted for admin role: owner
[2m[WebServer] [22m[verifyAuth] User authenticated: e7f5ae65-376e-4d05-a18c-10a91295727a
[2m[WebServer] [22m GET /api/admin/sections/by-page/home/home [32m200[39m in 503ms[2m (compile: 25ms, proxy.ts: 233ms, render: 245ms)[22m
[2m[WebServer] [22m[Middleware] User authenticated: e7f5ae65-376e-4d05-a18c-10a91295727a
[2m[WebServer] [22m[Middleware] Admin user data query result: { userData: { role: 'owner', status: 'active' }, userError: null }
[2m[WebServer] [22m[Middleware] Access granted for admin role: owner
[2m[WebServer] [22m[Middleware] User authenticated: e7f5ae65-376e-4d05-a18c-10a91295727a
[2m[WebServer] [22m[Middleware] User authenticated: e7f5ae65-376e-4d05-a18c-10a91295727a
[2m[WebServer] [22m[Middleware] Admin user data query result: { userData: { role: 'owner', status: 'active' }, userError: null }
[2m[WebServer] [22m[Middleware] Access granted for admin role: owner
[2m[WebServer] [22m[verifyAuth] User authenticated: e7f5ae65-376e-4d05-a18c-10a91295727a
[2m[WebServer] [22m[Middleware] Admin user data query result: { userData: { role: 'owner', status: 'active' }, userError: null }
[2m[WebServer] [22m[Middleware] Access granted for admin role: owner
[2m[WebServer] [22m GET /api/admin/sections/by-page/home/home [32m200[39m in 526ms[2m (compile: 16ms, proxy.ts: 278ms, render: 232ms)[22m
[2m[WebServer] [22m[verifyAuth] User authenticated: e7f5ae65-376e-4d05-a18c-10a91295727a
[2m[WebServer] [22m[verifyAuth] User authenticated: e7f5ae65-376e-4d05-a18c-10a91295727a
  ✘   7 [chromium] › __tests__/e2e/admin/contentManagement.spec.ts:297:7 › Home Page Editing › should edit welcome message with rich text editor (13.2s)
[2m[WebServer] [22m GET /api/admin/sections/by-page/home/home [32m200[39m in 1114ms[2m (compile: 616ms, proxy.ts: 260ms, render: 238ms)[22m
[2m[WebServer] [22m[Middleware] User authenticated: e7f5ae65-376e-4d05-a18c-10a91295727a
[2m[WebServer] [22m POST /api/admin/sections [32m201[39m in 1409ms[2m (compile: 726ms, proxy.ts: 291ms, render: 391ms)[22m
[2m[WebServer] [22m[Middleware] User authenticated: e7f5ae65-376e-4d05-a18c-10a91295727a
[2m[WebServer] [22m[Middleware] Admin user data query result: { userData: { role: 'owner', status: 'active' }, userError: null }
[2m[WebServer] [22m[Middleware] Access granted for admin role: owner
  ✓  10 [chromium] › __tests__/e2e/admin/contentManagement.spec.ts:382:7 › Inline Section Editor › should toggle inline section editor and add sections (5.9s)
[2m[WebServer] [22m[verifyAuth] User authenticated: e7f5ae65-376e-4d05-a18c-10a91295727a
[2m[WebServer] [22m[Middleware] Admin user data query result: { userData: { role: 'owner', status: 'active' }, userError: null }
[2m[WebServer] [22m[Middleware] Access granted for admin role: owner
[2m[WebServer] [22m[Middleware] User authenticated: e7f5ae65-376e-4d05-a18c-10a91295727a
[dotenv@17.2.4] injecting env (0) from .env.e2e -- tip: 🔐 prevent building .env in docker: https://dotenvx.com/prebuild
[2m[WebServer] [22m[verifyAuth] User authenticated: e7f5ae65-376e-4d05-a18c-10a91295727a
[2m[WebServer] [22m POST /api/admin/sections [32m201[39m in 734ms[2m (compile: 5ms, proxy.ts: 369ms, render: 360ms)[22m
[2m[WebServer] [22m[Middleware] Admin user data query result: { userData: { role: 'owner', status: 'active' }, userError: null }
[2m[WebServer] [22m[Middleware] Access granted for admin role: owner
  ✘   3 [chromium] › __tests__/e2e/admin/contentManagement.spec.ts:30:7 › Content Page Management › should complete full content page creation and publication flow (42.9s)
[2m[WebServer] [22m GET /api/admin/sections/by-page/home/home [32m200[39m in 1489ms[2m (compile: 6ms, proxy.ts: 1013ms, render: 469ms)[22m
[2m[WebServer] [22m GET /admin/home-page [32m200[39m in 650ms[2m (compile: 55ms, proxy.ts: 253ms, render: 342ms)[22m
  ✓  11 [chromium] › __tests__/e2e/admin/contentManagement.spec.ts:413:7 › Inline Section Editor › should edit section content and toggle layout (6.7s)
[2m[WebServer] [22m[Middleware] User authenticated: e7f5ae65-376e-4d05-a18c-10a91295727a
[2m[WebServer] [22m[Middleware] User authenticated: e7f5ae65-376e-4d05-a18c-10a91295727a
[2m[WebServer] [22m[Middleware] Admin user data query result: { userData: { role: 'owner', status: 'active' }, userError: null }
[2m[WebServer] [22m[Middleware] Access granted for admin role: owner
[2m[WebServer] [22m GET /admin/home-page [32m200[39m in 372ms[2m (compile: 18ms, proxy.ts: 278ms, render: 76ms)[22m
[2m[WebServer] [22m[Middleware] Admin user data query result: { userData: { role: 'owner', status: 'active' }, userError: null }
[2m[WebServer] [22m[Middleware] Access granted for admin role: owner
[2m[WebServer] [22m GET /admin/home-page [32m200[39m in 523ms[2m (compile: 37ms, proxy.ts: 282ms, render: 204ms)[22m
[2m[WebServer] [22m[Middleware] User authenticated: e7f5ae65-376e-4d05-a18c-10a91295727a
[2m[WebServer] [22m[Middleware] Admin user data query result: { userData: { role: 'owner', status: 'active' }, userError: null }
[2m[WebServer] [22m[Middleware] Access granted for admin role: owner
[2m[WebServer] [22m GET /api/admin/home-page [32m200[39m in 628ms[2m (compile: 23ms, proxy.ts: 329ms, render: 276ms)[22m
[2m[WebServer] [22m[Middleware] User authenticated: e7f5ae65-376e-4d05-a18c-10a91295727a
[dotenv@17.2.4] injecting env (0) from .env.e2e -- tip: ⚙️  load multiple .env files with { path: ['.env.local', '.env'] }
[2m[WebServer] [22m[Middleware] Admin user data query result: { userData: { role: 'owner', status: 'active' }, userError: null }
[2m[WebServer] [22m[Middleware] Access granted for admin role: owner
[2m[WebServer] [22m[Middleware] User authenticated: e7f5ae65-376e-4d05-a18c-10a91295727a
[2m[WebServer] [22m GET /api/admin/home-page [32m200[39m in 413ms[2m (compile: 8ms, proxy.ts: 247ms, render: 158ms)[22m
[2m[WebServer] [22m[Middleware] Admin user data query result: { userData: { role: 'owner', status: 'active' }, userError: null }
[2m[WebServer] [22m[Middleware] Access granted for admin role: owner
[2m[WebServer] [22m GET /api/admin/home-page [32m200[39m in 612ms[2m (compile: 5ms, proxy.ts: 426ms, render: 182ms)[22m
[2m[WebServer] [22m[Middleware] User authenticated: e7f5ae65-376e-4d05-a18c-10a91295727a
[2m[WebServer] [22m[Middleware] Admin user data query result: { userData: { role: 'owner', status: 'active' }, userError: null }
[2m[WebServer] [22m[Middleware] Access granted for admin role: owner
[2m[WebServer] [22m[Middleware] User authenticated: e7f5ae65-376e-4d05-a18c-10a91295727a
[2m[WebServer] [22m GET /admin/content-pages [32m200[39m in 327ms[2m (compile: 17ms, proxy.ts: 241ms, render: 70ms)[22m
[2m[WebServer] [22m[Middleware] Admin user data query result: { userData: { role: 'owner', status: 'active' }, userError: null }
[2m[WebServer] [22m[Middleware] Access granted for admin role: owner
[2m[WebServer] [22m[verifyAuth] User authenticated: e7f5ae65-376e-4d05-a18c-10a91295727a
[2m[WebServer] [22m[Middleware] User authenticated: e7f5ae65-376e-4d05-a18c-10a91295727a
[2m[WebServer] [22m GET /api/admin/sections/by-page/home/home [32m200[39m in 537ms[2m (compile: 31ms, proxy.ts: 261ms, render: 244ms)[22m
[2m[WebServer] [22m[Middleware] Admin user data query result: { userData: { role: 'owner', status: 'active' }, userError: null }
[2m[WebServer] [22m[Middleware] Access granted for admin role: owner
[2m[WebServer] [22m[verifyAuth] User authenticated: e7f5ae65-376e-4d05-a18c-10a91295727a
[2m[WebServer] [22m[Middleware] User authenticated: e7f5ae65-376e-4d05-a18c-10a91295727a
[2m[WebServer] [22m[Middleware] User authenticated: e7f5ae65-376e-4d05-a18c-10a91295727a
[2m[WebServer] [22m[Middleware] User authenticated: e7f5ae65-376e-4d05-a18c-10a91295727a
[2m[WebServer] [22m GET /api/admin/sections/by-page/home/home [32m200[39m in 526ms[2m (compile: 31ms, proxy.ts: 256ms, render: 239ms)[22m
[2m[WebServer] [22m[Middleware] Admin user data query result: { userData: { role: 'owner', status: 'active' }, userError: null }
[2m[WebServer] [22m[Middleware] Access granted for admin role: owner
[2m[WebServer] [22m[Middleware] Admin user data query result: { userData: { role: 'owner', status: 'active' }, userError: null }
[2m[WebServer] [22m[Middleware] Access granted for admin role: owner
[2m[WebServer] [22m[Middleware] Admin user data query result: { userData: { role: 'owner', status: 'active' }, userError: null }
[2m[WebServer] [22m[Middleware] Access granted for admin role: owner
[2m[WebServer] [22m[Middleware] User authenticated: e7f5ae65-376e-4d05-a18c-10a91295727a
[2m[WebServer] [22m[verifyAuth] User authenticated: e7f5ae65-376e-4d05-a18c-10a91295727a
[2m[WebServer] [22m[verifyAuth] User authenticated: e7f5ae65-376e-4d05-a18c-10a91295727a
[2m[WebServer] [22m[Middleware] Admin user data query result: { userData: { role: 'owner', status: 'active' }, userError: null }
[2m[WebServer] [22m[Middleware] Access granted for admin role: owner
[2m[WebServer] [22m PUT /api/admin/home-page [32m200[39m in 469ms[2m (compile: 12ms, proxy.ts: 252ms, render: 204ms)[22m
[2m[WebServer] [22m[Middleware] User authenticated: e7f5ae65-376e-4d05-a18c-10a91295727a
[2m[WebServer] [22m GET /api/admin/sections/by-page/home/home [32m200[39m in 589ms[2m (compile: 18ms, proxy.ts: 293ms, render: 278ms)[22m
[2m[WebServer] [22m[Middleware] Admin user data query result: { userData: { role: 'owner', status: 'active' }, userError: null }
[2m[WebServer] [22m[Middleware] Access granted for admin role: owner
[2m[WebServer] [22m[verifyAuth] User authenticated: e7f5ae65-376e-4d05-a18c-10a91295727a
[2m[WebServer] [22m POST /api/admin/sections [32m201[39m in 667ms[2m (compile: 11ms, proxy.ts: 250ms, render: 407ms)[22m
[2m[WebServer] [22m GET /api/admin/sections/by-page/home/home [32m200[39m in 512ms[2m (compile: 24ms, proxy.ts: 255ms, render: 233ms)[22m
[2m[WebServer] [22m[verifyAuth] User authenticated: e7f5ae65-376e-4d05-a18c-10a91295727a
[2m[WebServer] [22m[Middleware] User authenticated: e7f5ae65-376e-4d05-a18c-10a91295727a
[2m[WebServer] [22m POST /api/admin/sections [32m201[39m in 649ms[2m (compile: 9ms, proxy.ts: 269ms, render: 372ms)[22m
[2m[WebServer] [22m[Middleware] User authenticated: e7f5ae65-376e-4d05-a18c-10a91295727a
[2m[WebServer] [22m[Middleware] User authenticated: e7f5ae65-376e-4d05-a18c-10a91295727a
  ✓  14 [chromium] › __tests__/e2e/admin/contentManagement.spec.ts:478:7 › Inline Section Editor › should add photo gallery and reference blocks to sections (4.6s)
[2m[WebServer] [22m[Middleware] Admin user data query result: { userData: { role: 'owner', status: 'active' }, userError: null }
[2m[WebServer] [22m[Middleware] Access granted for admin role: owner
[2m[WebServer] [22m[Middleware] Admin user data query result: { userData: { role: 'owner', status: 'active' }, userError: null }
[2m[WebServer] [22m[Middleware] Access granted for admin role: owner
[2m[WebServer] [22m[Middleware] Admin user data query result: { userData: { role: 'owner', status: 'active' }, userError: null }
[2m[WebServer] [22m[Middleware] Access granted for admin role: owner
[2m[WebServer] [22m[verifyAuth] User authenticated: e7f5ae65-376e-4d05-a18c-10a91295727a
[2m[WebServer] [22m[Middleware] User authenticated: e7f5ae65-376e-4d05-a18c-10a91295727a
[2m[WebServer] [22m GET /api/admin/content-pages [32m200[39m in 482ms[2m (compile: 20ms, proxy.ts: 235ms, render: 227ms)[22m
[2m[WebServer] [22m[Middleware] User authenticated: e7f5ae65-376e-4d05-a18c-10a91295727a
  ✓  12 [chromium] › __tests__/e2e/admin/contentManagement.spec.ts:444:7 › Inline Section Editor › should delete section with confirmation (5.7s)
[2m[WebServer] [22m[Middleware] Admin user data query result: { userData: { role: 'owner', status: 'active' }, userError: null }
[2m[WebServer] [22m[Middleware] Access granted for admin role: owner
[2m[WebServer] [22m[Middleware] Admin user data query result: { userData: { role: 'owner', status: 'active' }, userError: null }
[2m[WebServer] [22m[Middleware] Access granted for admin role: owner
[2m[WebServer] [22m GET /admin [32m200[39m in 400ms[2m (compile: 36ms, proxy.ts: 242ms, render: 121ms)[22m
[2m[WebServer] [22m[Middleware] User authenticated: e7f5ae65-376e-4d05-a18c-10a91295727a
[2m[WebServer] [22m[Middleware] Admin user data query result: { userData: { role: 'owner', status: 'active' }, userError: null }
[2m[WebServer] [22m[Middleware] Access granted for admin role: owner
[2m[WebServer] [22m GET /admin [32m200[39m in 298ms[2m (compile: 4ms, proxy.ts: 255ms, render: 39ms)[22m
[2m[WebServer] [22m[Middleware] User authenticated: e7f5ae65-376e-4d05-a18c-10a91295727a
[2m[WebServer] [22m[Middleware] User authenticated: e7f5ae65-376e-4d05-a18c-10a91295727a
[2m[WebServer] [22m[Middleware] Admin user data query result: { userData: { role: 'owner', status: 'active' }, userError: null }
[2m[WebServer] [22m[Middleware] Access granted for admin role: owner
[2m[WebServer] [22m[Middleware] Admin user data query result: { userData: { role: 'owner', status: 'active' }, userError: null }
[2m[WebServer] [22m[Middleware] Access granted for admin role: owner
[2m[WebServer] [22m[Middleware] User authenticated: e7f5ae65-376e-4d05-a18c-10a91295727a
[2m[WebServer] [22m[Middleware] User authenticated: e7f5ae65-376e-4d05-a18c-10a91295727a
[2m[WebServer] [22m[Middleware] Admin user data query result: { userData: { role: 'owner', status: 'active' }, userError: null }
[2m[WebServer] [22m[Middleware] Access granted for admin role: owner
[2m[WebServer] [22m[Middleware] Admin user data query result: { userData: { role: 'owner', status: 'active' }, userError: null }
[2m[WebServer] [22m[Middleware] Access granted for admin role: owner
[2m[WebServer] [22m[Middleware] User authenticated: e7f5ae65-376e-4d05-a18c-10a91295727a
[2m[WebServer] [22m GET /api/admin/alerts [32m200[39m in 1023ms[2m (compile: 18ms, proxy.ts: 255ms, render: 750ms)[22m
[2m[WebServer] [22m[Middleware] Admin user data query result: { userData: { role: 'owner', status: 'active' }, userError: null }
[2m[WebServer] [22m[Middleware] Access granted for admin role: owner
[2m[WebServer] [22m GET /api/admin/alerts [32m200[39m in 1007ms[2m (compile: 5ms, proxy.ts: 251ms, render: 751ms)[22m
[2m[WebServer] [22m[verifyAuth] User authenticated: e7f5ae65-376e-4d05-a18c-10a91295727a
[2m[WebServer] [22m GET /api/admin/metrics [32m200[39m in 1426ms[2m (compile: 15ms, proxy.ts: 250ms, render: 1162ms)[22m
[2m[WebServer] [22m POST /api/admin/content-pages [32m201[39m in 756ms[2m (compile: 1529µs, proxy.ts: 303ms, render: 451ms)[22m
[2m[WebServer] [22m GET /api/admin/metrics [32m200[39m in 1458ms[2m (compile: 4ms, proxy.ts: 267ms, render: 1188ms)[22m
[2m[WebServer] [22m[Middleware] User authenticated: e7f5ae65-376e-4d05-a18c-10a91295727a
[2m[WebServer] [22m[Middleware] Admin user data query result: { userData: { role: 'owner', status: 'active' }, userError: null }
[2m[WebServer] [22m[Middleware] Access granted for admin role: owner
[2m[WebServer] [22m[verifyAuth] User authenticated: e7f5ae65-376e-4d05-a18c-10a91295727a
[2m[WebServer] [22m[Middleware] User authenticated: e7f5ae65-376e-4d05-a18c-10a91295727a
[2m[WebServer] [22m GET /api/admin/content-pages [32m200[39m in 512ms[2m (compile: 4ms, proxy.ts: 262ms, render: 246ms)[22m
[2m[WebServer] [22m[Middleware] Admin user data query result: { userData: { role: 'owner', status: 'active' }, userError: null }
[2m[WebServer] [22m[Middleware] Access granted for admin role: owner
[2m[WebServer] [22m[Middleware] User authenticated: e7f5ae65-376e-4d05-a18c-10a91295727a
[2m[WebServer] [22m[Middleware] Admin user data query result: { userData: { role: 'owner', status: 'active' }, userError: null }
[2m[WebServer] [22m[Middleware] Access granted for admin role: owner
  ✘  13 [chromium] › __tests__/e2e/admin/contentManagement.spec.ts:297:7 › Home Page Editing › should edit welcome message with rich text editor (retry #1) (10.5s)
[2m[WebServer] [22m GET /admin/events [32m200[39m in 3.4s[2m (compile: 2.8s, proxy.ts: 297ms, render: 261ms)[22m
[2m[WebServer] [22m GET /admin/content-pages [32m200[39m in 3.1s[2m (compile: 2.4s, proxy.ts: 392ms, render: 262ms)[22m
[dotenv@17.2.4] injecting env (0) from .env.e2e -- tip: 👥 sync secrets across teammates & machines: https://dotenvx.com/ops
[2m[WebServer] [22m[Middleware] User authenticated: e7f5ae65-376e-4d05-a18c-10a91295727a
[2m[WebServer] [22m[Middleware] Admin user data query result: { userData: { role: 'owner', status: 'active' }, userError: null }
[2m[WebServer] [22m[Middleware] Access granted for admin role: owner
[2m[WebServer] [22m[Middleware] User authenticated: e7f5ae65-376e-4d05-a18c-10a91295727a
[2m[WebServer] [22m[Middleware] User authenticated: e7f5ae65-376e-4d05-a18c-10a91295727a
[2m[WebServer] [22m[Middleware] User authenticated: e7f5ae65-376e-4d05-a18c-10a91295727a
[2m[WebServer] [22m[Middleware] Admin user data query result: { userData: { role: 'owner', status: 'active' }, userError: null }
[2m[WebServer] [22m[Middleware] Access granted for admin role: owner
[2m[WebServer] [22m[Middleware] Admin user data query result: { userData: { role: 'owner', status: 'active' }, userError: null }
[2m[WebServer] [22m[Middleware] Access granted for admin role: owner
[2m[WebServer] [22m[Middleware] Admin user data query result: { userData: { role: 'owner', status: 'active' }, userError: null }
[2m[WebServer] [22m[Middleware] Access granted for admin role: owner
[2m[WebServer] [22m GET /admin/content-pages [32m200[39m in 1273ms[2m (compile: 9ms, proxy.ts: 984ms, render: 280ms)[22m
[2m[WebServer] [22m[verifyAuth] User authenticated: e7f5ae65-376e-4d05-a18c-10a91295727a
[2m[WebServer] [22m[Middleware] User authenticated: e7f5ae65-376e-4d05-a18c-10a91295727a
[2m[WebServer] [22m[Middleware] Admin user data query result: { userData: { role: 'owner', status: 'active' }, userError: null }
[2m[WebServer] [22m[Middleware] Access granted for admin role: owner
[2m[WebServer] [22m GET /api/admin/content-pages [32m200[39m in 1092ms[2m (compile: 111ms, proxy.ts: 638ms, render: 342ms)[22m
[2m[WebServer] [22m[Middleware] User authenticated: e7f5ae65-376e-4d05-a18c-10a91295727a
[2m[WebServer] [22m[Middleware] Admin user data query result: { userData: { role: 'owner', status: 'active' }, userError: null }
[2m[WebServer] [22m[Middleware] Access granted for admin role: owner
[2m[WebServer] [22m GET /admin/content-pages [32m200[39m in 2.6s[2m (compile: 1925ms, proxy.ts: 450ms, render: 224ms)[22m
[2m[WebServer] [22m GET /api/admin/events [32m200[39m in 3.3s[2m (compile: 2.2s, proxy.ts: 774ms, render: 294ms)[22m
[2m[WebServer] [22m GET /api/admin/locations [32m200[39m in 3.3s[2m (compile: 2.2s, proxy.ts: 773ms, render: 300ms)[22m
[2m[WebServer] [22m[verifyAuth] User authenticated: e7f5ae65-376e-4d05-a18c-10a91295727a
[2m[WebServer] [22m POST /api/admin/content-pages [32m201[39m in 1191ms[2m (compile: 30ms, proxy.ts: 598ms, render: 562ms)[22m
[2m[WebServer] [22m[Middleware] User authenticated: e7f5ae65-376e-4d05-a18c-10a91295727a
[2m[WebServer] [22m[Middleware] User authenticated: e7f5ae65-376e-4d05-a18c-10a91295727a
[2m[WebServer] [22m[Middleware] Admin user data query result: { userData: { role: 'owner', status: 'active' }, userError: null }
[2m[WebServer] [22m[Middleware] Access granted for admin role: owner
[2m[WebServer] [22m[Middleware] Admin user data query result: { userData: { role: 'owner', status: 'active' }, userError: null }
[2m[WebServer] [22m[Middleware] Access granted for admin role: owner
[2m[WebServer] [22m[Middleware] User authenticated: e7f5ae65-376e-4d05-a18c-10a91295727a
[2m[WebServer] [22m[Middleware] User authenticated: e7f5ae65-376e-4d05-a18c-10a91295727a
[2m[WebServer] [22m[Middleware] Admin user data query result: { userData: { role: 'owner', status: 'active' }, userError: null }
[2m[WebServer] [22m[Middleware] Access granted for admin role: owner
[2m[WebServer] [22m[Middleware] Admin user data query result: { userData: { role: 'owner', status: 'active' }, userError: null }
[2m[WebServer] [22m[Middleware] Access granted for admin role: owner
[2m[WebServer] [22m GET /admin/content-pages [32m200[39m in 834ms[2m (compile: 50ms, proxy.ts: 305ms, render: 479ms)[22m
[2m[WebServer] [22m GET /admin/events [32m200[39m in 851ms[2m (compile: 165ms, proxy.ts: 319ms, render: 368ms)[22m
[2m[WebServer] [22m[verifyAuth] User authenticated: e7f5ae65-376e-4d05-a18c-10a91295727a
[2m[WebServer] [22m[Middleware] User authenticated: e7f5ae65-376e-4d05-a18c-10a91295727a
[2m[WebServer] [22m GET /api/admin/content-pages [32m200[39m in 808ms[2m (compile: 59ms, proxy.ts: 464ms, render: 285ms)[22m
[2m[WebServer] [22m[Middleware] Admin user data query result: { userData: { role: 'owner', status: 'active' }, userError: null }
[2m[WebServer] [22m[Middleware] Access granted for admin role: owner
[2m[WebServer] [22m[verifyAuth] User authenticated: e7f5ae65-376e-4d05-a18c-10a91295727a
[2m[WebServer] [22m GET /api/admin/content-pages [32m200[39m in 610ms[2m (compile: 13ms, proxy.ts: 320ms, render: 276ms)[22m
  ✓  17 [chromium] › __tests__/e2e/admin/contentManagement.spec.ts:624:7 › Event References › should search and filter events in reference lookup (13.3s)
  ✓  18 [chromium] › __tests__/e2e/admin/contentManagement.spec.ts:690:7 › Content Management Accessibility › should have proper keyboard navigation in content pages (5.7s)
  ✘  15 [chromium] › __tests__/e2e/admin/contentManagement.spec.ts:30:7 › Content Page Management › should complete full content page creation and publication flow (retry #1) (15.0s)
[2m[WebServer] [22m[Middleware] User authenticated: e7f5ae65-376e-4d05-a18c-10a91295727a
[2m[WebServer] [22m[Middleware] User authenticated: e7f5ae65-376e-4d05-a18c-10a91295727a
[2m[WebServer] [22m[Middleware] User authenticated: e7f5ae65-376e-4d05-a18c-10a91295727a
[2m[WebServer] [22m[Middleware] User authenticated: e7f5ae65-376e-4d05-a18c-10a91295727a
[2m[WebServer] [22m[Middleware] Admin user data query result: { userData: { role: 'owner', status: 'active' }, userError: null }
[2m[WebServer] [22m[Middleware] Access granted for admin role: owner
[2m[WebServer] [22m[Middleware] Admin user data query result: { userData: { role: 'owner', status: 'active' }, userError: null }
[2m[WebServer] [22m[Middleware] Access granted for admin role: owner
[2m[WebServer] [22m[Middleware] Admin user data query result: { userData: { role: 'owner', status: 'active' }, userError: null }
[2m[WebServer] [22m[Middleware] Access granted for admin role: owner
[2m[WebServer] [22m[Middleware] Admin user data query result: { userData: { role: 'owner', status: 'active' }, userError: null }
[2m[WebServer] [22m[Middleware] Access granted for admin role: owner
[2m[WebServer] [22m[Middleware] User authenticated: e7f5ae65-376e-4d05-a18c-10a91295727a
[2m[WebServer] [22m GET /admin/content-pages [32m200[39m in 267ms[2m (compile: 2ms, proxy.ts: 225ms, render: 40ms)[22m
[2m[WebServer] [22m GET /api/admin/events [32m200[39m in 682ms[2m (compile: 3ms, proxy.ts: 545ms, render: 133ms)[22m
[2m[WebServer] [22m GET /api/admin/locations [32m200[39m in 696ms[2m (compile: 1447µs, proxy.ts: 560ms, render: 134ms)[22m
[2m[WebServer] [22m[Middleware] Admin user data query result: { userData: { role: 'owner', status: 'active' }, userError: null }
[2m[WebServer] [22m[Middleware] Access granted for admin role: owner
[2m[WebServer] [22m GET /admin/home-page [32m200[39m in 381ms[2m (compile: 13ms, proxy.ts: 313ms, render: 56ms)[22m
[2m[WebServer] [22m[Middleware] User authenticated: e7f5ae65-376e-4d05-a18c-10a91295727a
[2m[WebServer] [22m[Middleware] Admin user data query result: { userData: { role: 'owner', status: 'active' }, userError: null }
[2m[WebServer] [22m[Middleware] Access granted for admin role: owner
[2m[WebServer] [22m[verifyAuth] User authenticated: e7f5ae65-376e-4d05-a18c-10a91295727a
[2m[WebServer] [22m[Middleware] User authenticated: e7f5ae65-376e-4d05-a18c-10a91295727a
[dotenv@17.2.4] injecting env (0) from .env.e2e -- tip: 🔐 prevent committing .env to code: https://dotenvx.com/precommit
[2m[WebServer] [22m GET /api/admin/content-pages [32m200[39m in 547ms[2m (compile: 10ms, proxy.ts: 286ms, render: 252ms)[22m
[2m[WebServer] [22m[Middleware] Admin user data query result: { userData: { role: 'owner', status: 'active' }, userError: null }
[2m[WebServer] [22m[Middleware] Access granted for admin role: owner
[2m[WebServer] [22m GET /api/admin/home-page [32m200[39m in 498ms[2m (compile: 10ms, proxy.ts: 350ms, render: 139ms)[22m
[2m[WebServer] [22m[Middleware] User authenticated: e7f5ae65-376e-4d05-a18c-10a91295727a
[2m[WebServer] [22m[Middleware] Admin user data query result: { userData: { role: 'owner', status: 'active' }, userError: null }
[2m[WebServer] [22m[Middleware] Access granted for admin role: owner
[2m[WebServer] [22m GET /admin/content-pages [32m200[39m in 311ms[2m (compile: 4ms, proxy.ts: 254ms, render: 54ms)[22m
  ✓  20 [chromium] › __tests__/e2e/admin/contentManagement.spec.ts:723:7 › Content Management Accessibility › should have proper keyboard navigation in home page editor (2.6s)
  ✓  19 [chromium] › __tests__/e2e/admin/contentManagement.spec.ts:703:7 › Content Management Accessibility › should have proper ARIA labels and form labels (3.1s)
[2m[WebServer] [22m[Middleware] User authenticated: e7f5ae65-376e-4d05-a18c-10a91295727a
[2m[WebServer] [22m[Middleware] Admin user data query result: { userData: { role: 'owner', status: 'active' }, userError: null }
[2m[WebServer] [22m[Middleware] Access granted for admin role: owner
[2m[WebServer] [22m[verifyAuth] User authenticated: e7f5ae65-376e-4d05-a18c-10a91295727a
[2m[WebServer] [22m GET /api/admin/content-pages [32m200[39m in 484ms[2m (compile: 1492µs, proxy.ts: 244ms, render: 239ms)[22m
[2m[WebServer] [22m[Middleware] User authenticated: e7f5ae65-376e-4d05-a18c-10a91295727a
[2m[WebServer] [22m[Middleware] Admin user data query result: { userData: { role: 'owner', status: 'active' }, userError: null }
[2m[WebServer] [22m[Middleware] Access granted for admin role: owner
[2m[WebServer] [22m[verifyAuth] User authenticated: e7f5ae65-376e-4d05-a18c-10a91295727a
[2m[WebServer] [22m POST /api/admin/content-pages [32m201[39m in 638ms[2m (compile: 3ms, proxy.ts: 269ms, render: 366ms)[22m
[2m[WebServer] [22m[Middleware] User authenticated: e7f5ae65-376e-4d05-a18c-10a91295727a
[2m[WebServer] [22m[Middleware] Admin user data query result: { userData: { role: 'owner', status: 'active' }, userError: null }
[2m[WebServer] [22m[Middleware] Access granted for admin role: owner
[2m[WebServer] [22m[verifyAuth] User authenticated: e7f5ae65-376e-4d05-a18c-10a91295727a
[2m[WebServer] [22m GET /api/admin/content-pages [32m200[39m in 508ms[2m (compile: 5ms, proxy.ts: 254ms, render: 249ms)[22m
[2m[WebServer] [22m[Middleware] User authenticated: e7f5ae65-376e-4d05-a18c-10a91295727a
[2m[WebServer] [22m[Middleware] Admin user data query result: { userData: { role: 'owner', status: 'active' }, userError: null }
[2m[WebServer] [22m[Middleware] Access granted for admin role: owner
[2m[WebServer] [22m[verifyAuth] User authenticated: e7f5ae65-376e-4d05-a18c-10a91295727a
[2m[WebServer] [22m GET /api/admin/sections/by-page/custom/858ce4e3-1655-44c1-9dfe-35eac7743bf0 [32m200[39m in 528ms[2m (compile: 16ms, proxy.ts: 261ms, render: 252ms)[22m
  ✓  21 [chromium] › __tests__/e2e/admin/contentManagement.spec.ts:735:7 › Content Management Accessibility › should have keyboard navigation in reference lookup (5.3s)
[2m[WebServer] [22m[Middleware] User authenticated: e7f5ae65-376e-4d05-a18c-10a91295727a
[2m[WebServer] [22m[Middleware] Admin user data query result: { userData: { role: 'owner', status: 'active' }, userError: null }
[2m[WebServer] [22m[Middleware] Access granted for admin role: owner
  ✘  16 [chromium] › __tests__/e2e/admin/contentManagement.spec.ts:520:7 › Event References › should create event and add as reference to content page (31.2s)
[dotenv@17.2.4] injecting env (0) from .env.e2e -- tip: ⚙️  write to custom object with { processEnv: myObject }
[2m[WebServer] [22m[Middleware] User authenticated: e7f5ae65-376e-4d05-a18c-10a91295727a
[2m[WebServer] [22m[Middleware] Admin user data query result: { userData: { role: 'owner', status: 'active' }, userError: null }
[2m[WebServer] [22m[Middleware] Access granted for admin role: owner
[2m[WebServer] [22m GET /admin [32m200[39m in 398ms[2m (compile: 12ms, proxy.ts: 324ms, render: 61ms)[22m
[2m[WebServer] [22m[Middleware] User authenticated: e7f5ae65-376e-4d05-a18c-10a91295727a
[2m[WebServer] [22m[Middleware] Admin user data query result: { userData: { role: 'owner', status: 'active' }, userError: null }
[2m[WebServer] [22m[Middleware] Access granted for admin role: owner
[2m[WebServer] [22m[Middleware] User authenticated: e7f5ae65-376e-4d05-a18c-10a91295727a
[2m[WebServer] [22m[Middleware] Admin user data query result: { userData: { role: 'owner', status: 'active' }, userError: null }
[2m[WebServer] [22m[Middleware] Access granted for admin role: owner
[2m[WebServer] [22m[Middleware] User authenticated: e7f5ae65-376e-4d05-a18c-10a91295727a
[2m[WebServer] [22m[Middleware] Admin user data query result: { userData: { role: 'owner', status: 'active' }, userError: null }
[2m[WebServer] [22m[Middleware] Access granted for admin role: owner
[2m[WebServer] [22m GET /api/admin/metrics [32m200[39m in 621ms[2m (compile: 4ms, proxy.ts: 367ms, render: 249ms)[22m
[2m[WebServer] [22m GET /api/admin/alerts [32m200[39m in 621ms[2m (compile: 9ms, proxy.ts: 265ms, render: 346ms)[22m
[2m[WebServer] [22m GET /admin/events [32m200[39m in 431ms[2m (compile: 4ms, proxy.ts: 287ms, render: 140ms)[22m
[2m[WebServer] [22m[Middleware] User authenticated: e7f5ae65-376e-4d05-a18c-10a91295727a
[2m[WebServer] [22m[Middleware] User authenticated: e7f5ae65-376e-4d05-a18c-10a91295727a
[2m[WebServer] [22m[Middleware] Admin user data query result: { userData: { role: 'owner', status: 'active' }, userError: null }
[2m[WebServer] [22m[Middleware] Access granted for admin role: owner
[2m[WebServer] [22m[Middleware] Admin user data query result: { userData: { role: 'owner', status: 'active' }, userError: null }
[2m[WebServer] [22m[Middleware] Access granted for admin role: owner
[2m[WebServer] [22m GET /api/admin/locations [32m200[39m in 489ms[2m (compile: 8ms, proxy.ts: 347ms, render: 133ms)[22m
[2m[WebServer] [22m GET /api/admin/events [32m200[39m in 549ms[2m (compile: 8ms, proxy.ts: 373ms, render: 167ms)[22m
  ✘  22 [chromium] › __tests__/e2e/admin/contentManagement.spec.ts:520:7 › Event References › should create event and add as reference to content page (retry #1) (20.0s)

🧹 E2E Global Teardown Starting...

🗑️  Cleaning up test data...
🧹 Running comprehensive test cleanup...
✅ Comprehensive cleanup complete
✅ Test data cleaned

🔓 Removing authentication state...
   Removed: .auth/admin.json
   Removed empty .auth directory
✅ Authentication state removed

📊 Execution Summary:
   Duration: 1.60s
   Errors: 0
   Status: ✅ Clean teardown

✨ E2E Global Teardown Complete!



  1) [chromium] › __tests__/e2e/admin/contentManagement.spec.ts:30:7 › Content Page Management › should complete full content page creation and publication flow 

    TimeoutError: locator.click: Timeout 15000ms exceeded.
    Call log:
    [2m  - waiting for locator('button[type="submit"]:has-text("Create")').first()[22m
    [2m    - locator resolved to <button type="submit" class="px-4 py-2 bg-green-600 text-white rounded-lg hover:bg-green-700 disabled:opacity-50 disabled:cursor-not-allowed transition-colors font-medium">Create</button>[22m
    [2m  - attempting click action[22m
    [2m    - waiting for element to be visible, enabled and stable[22m
    [2m    - element is visible, enabled and stable[22m
    [2m    - scrolling into view if needed[22m
    [2m    - done scrolling[22m
    [2m    - <div class="border border-sage-200 rounded-lg overflow-hidden bg-white shadow-sm">…</div> intercepts pointer events[22m
    [2m  - retrying click action[22m
    [2m    - waiting for element to be visible, enabled and stable[22m
    [2m    - element is visible, enabled and stable[22m
    [2m    - scrolling into view if needed[22m
    [2m    - done scrolling[22m
    [2m    - <span class="font-medium text-sage-900">Add Content Page</span> from <button aria-expanded="false" aria-controls="content-page-form-content" class="w-full flex items-center justify-between px-4 py-3 bg-sage-50 hover:bg-sage-100 transition-colors">…</button> subtree intercepts pointer events[22m
    [2m  - retrying click action[22m
    [2m    - waiting 20ms[22m
    [2m    - waiting for element to be visible, enabled and stable[22m
    [2m    - element is visible, enabled and stable[22m
    [2m    - scrolling into view if needed[22m
    [2m    - done scrolling[22m
    [2m    - <div class="border border-sage-200 rounded-lg overflow-hidden bg-white shadow-sm">…</div> intercepts pointer events[22m
    [2m  2 × retrying click action[22m
    [2m      - waiting 100ms[22m
    [2m      - waiting for element to be visible, enabled and stable[22m
    [2m      - element is visible, enabled and stable[22m
    [2m      - scrolling into view if needed[22m
    [2m      - done scrolling[22m
    [2m      - <div class="p-6">…</div> intercepts pointer events[22m
    [2m  - retrying click action[22m
    [2m    - waiting 500ms[22m
    [2m    - waiting for element to be visible, enabled and stable[22m
    [2m    - element is visible, enabled and stable[22m
    [2m    - scrolling into view if needed[22m
    [2m    - done scrolling[22m
    [2m    - <span class="font-medium text-sage-900">Add Content Page</span> from <button aria-expanded="false" aria-controls="content-page-form-content" class="w-full flex items-center justify-between px-4 py-3 bg-sage-50 hover:bg-sage-100 transition-colors">…</button> subtree intercepts pointer events[22m
    [2m  - retrying click action[22m
    [2m    - waiting 500ms[22m
    [2m    - waiting for element to be visible, enabled and stable[22m
    [2m    - element is visible, enabled and stable[22m
    [2m    - scrolling into view if needed[22m
    [2m    - done scrolling[22m
    [2m    - <div class="border border-sage-200 rounded-lg overflow-hidden bg-white shadow-sm">…</div> intercepts pointer events[22m
    [2m  2 × retrying click action[22m
    [2m      - waiting 500ms[22m
    [2m      - waiting for element to be visible, enabled and stable[22m
    [2m      - element is visible, enabled and stable[22m
    [2m      - scrolling into view if needed[22m
    [2m      - done scrolling[22m
    [2m      - <div class="p-6">…</div> intercepts pointer events[22m
    [2m  - retrying click action[22m
    [2m    - waiting 500ms[22m
    [2m    - waiting for element to be visible, enabled and stable[22m
    [2m    - element is visible, enabled and stable[22m
    [2m    - scrolling into view if needed[22m
    [2m    - done scrolling[22m
    [2m    - <span class="font-medium text-sage-900">Add Content Page</span> from <button aria-expanded="false" aria-controls="content-page-form-content" class="w-full flex items-center justify-between px-4 py-3 bg-sage-50 hover:bg-sage-100 transition-colors">…</button> subtree intercepts pointer events[22m
    [2m  - retrying click action[22m
    [2m    - waiting 500ms[22m
    [2m    - waiting for element to be visible, enabled and stable[22m
    [2m    - element is visible, enabled and stable[22m
    [2m    - scrolling into view if needed[22m
    [2m    - done scrolling[22m
    [2m    - <div class="border border-sage-200 rounded-lg overflow-hidden bg-white shadow-sm">…</div> intercepts pointer events[22m
    [2m  - retrying click action[22m
    [2m    - waiting 500ms[22m
    [2m    - waiting for element to be visible, enabled and stable[22m
    [2m    - element is visible, enabled and stable[22m
    [2m    - scrolling into view if needed[22m
    [2m    - done scrolling[22m
    [2m    - <div class="p-6">…</div> intercepts pointer events[22m
    [2m  - retrying click action[22m
    [2m    - waiting 500ms[22m
    [2m    - waiting for" http://localhost:3000/admin/content-pages" navigation to finish...[22m
    [2m    - navigated to "http://localhost:3000/admin/content-pages"[22m
    [2m    - waiting for element to be visible, enabled and stable[22m
    [2m  - element was detached from the DOM, retrying[22m
    [2m    - locator resolved to <button type="submit" class="px-4 py-2 bg-green-600 text-white rounded-lg hover:bg-green-700 disabled:opacity-50 disabled:cursor-not-allowed transition-colors font-medium">Create</button>[22m
    [2m  - attempting click action[22m
    [2m    - waiting for element to be visible, enabled and stable[22m
    [2m    - element is visible, enabled and stable[22m
    [2m    - scrolling into view if needed[22m
    [2m    - done scrolling[22m
    [2m    - <div class="border border-sage-200 rounded-lg overflow-hidden bg-white shadow-sm">…</div> intercepts pointer events[22m
    [2m  - retrying click action[22m
    [2m    - waiting for element to be visible, enabled and stable[22m
    [2m    - element is visible, enabled and stable[22m
    [2m    - scrolling into view if needed[22m
    [2m    - done scrolling[22m
    [2m    - <span class="font-medium text-sage-900">Add Content Page</span> from <button aria-expanded="false" aria-controls="content-page-form-content" class="w-full flex items-center justify-between px-4 py-3 bg-sage-50 hover:bg-sage-100 transition-colors">…</button> subtree intercepts pointer events[22m
    [2m  - retrying click action[22m
    [2m    - waiting 20ms[22m
    [2m    - waiting for element to be visible, enabled and stable[22m
    [2m    - element is visible, enabled and stable[22m
    [2m    - scrolling into view if needed[22m
    [2m    - done scrolling[22m
    [2m    - <div class="border border-sage-200 rounded-lg overflow-hidden bg-white shadow-sm">…</div> intercepts pointer events[22m
    [2m  2 × retrying click action[22m
    [2m      - waiting 100ms[22m
    [2m      - waiting for element to be visible, enabled and stable[22m
    [2m      - element is visible, enabled and stable[22m
    [2m      - scrolling into view if needed[22m
    [2m      - done scrolling[22m
    [2m      - <div class="p-6">…</div> intercepts pointer events[22m
    [2m  3 × retrying click action[22m
    [2m      - waiting 500ms[22m
    [2m      - waiting for element to be visible, enabled and stable[22m
    [2m      - element is visible, enabled and stable[22m
    [2m      - scrolling into view if needed[22m
    [2m      - done scrolling[22m
    [2m      - <span class="font-medium text-sage-900">Add Content Page</span> from <button aria-expanded="false" aria-controls="content-page-form-content" class="w-full flex items-center justify-between px-4 py-3 bg-sage-50 hover:bg-sage-100 transition-colors">…</button> subtree intercepts pointer events[22m
    [2m    - retrying click action[22m
    [2m      - waiting 500ms[22m
    [2m      - waiting for element to be visible, enabled and stable[22m
    [2m      - element is visible, enabled and stable[22m
    [2m      - scrolling into view if needed[22m
    [2m      - done scrolling[22m
    [2m      - <div class="border border-sage-200 rounded-lg overflow-hidden bg-white shadow-sm">…</div> intercepts pointer events[22m
    [2m    - retrying click action[22m
    [2m      - waiting 500ms[22m
    [2m      - waiting for element to be visible, enabled and stable[22m
    [2m      - element is visible, enabled and stable[22m
    [2m      - scrolling into view if needed[22m
    [2m      - done scrolling[22m
    [2m      - <div class="p-6">…</div> intercepts pointer events[22m
    [2m    - retrying click action[22m
    [2m      - waiting 500ms[22m
    [2m      - waiting for element to be visible, enabled and stable[22m
    [2m      - element is visible, enabled and stable[22m
    [2m      - scrolling into view if needed[22m
    [2m      - done scrolling[22m
    [2m      - <div class="p-6">…</div> intercepts pointer events[22m
    [2m  - retrying click action[22m
    [2m    - waiting 500ms[22m
    [2m    - waiting for element to be visible, enabled and stable[22m
    [2m    - element is visible, enabled and stable[22m
    [2m    - scrolling into view if needed[22m
    [2m    - done scrolling[22m
    [2m    - <span class="font-medium text-sage-900">Add Content Page</span> from <button aria-expanded="false" aria-controls="content-page-form-content" class="w-full flex items-center justify-between px-4 py-3 bg-sage-50 hover:bg-sage-100 transition-colors">…</button> subtree intercepts pointer events[22m
    [2m  - retrying click action[22m
    [2m    - waiting 500ms[22m


      71 |     
      72 |     // Click and wait for API response
    > 73 |     await createButton.click();
         |                        ^
      74 |     
      75 |     // Wait for API response
      76 |     const response = await page.waitForResponse(
        at /Users/jaron/Desktop/wedding-platform-v2/__tests__/e2e/admin/contentManagement.spec.ts:73:24

    attachment #1: screenshot (image/png) ──────────────────────────────────────────────────────────
    test-results/admin-contentManagement-Co-30bad-eation-and-publication-flow-chromium/test-failed-1.png
    ────────────────────────────────────────────────────────────────────────────────────────────────

    attachment #2: video (video/webm) ──────────────────────────────────────────────────────────────
    test-results/admin-contentManagement-Co-30bad-eation-and-publication-flow-chromium/video.webm
    ────────────────────────────────────────────────────────────────────────────────────────────────

    Error Context: test-results/admin-contentManagement-Co-30bad-eation-and-publication-flow-chromium/error-context.md

    Retry #1 ───────────────────────────────────────────────────────────────────────────────────────

    Error: [2mexpect([22m[31mlocator[39m[2m).[22mtoBeVisible[2m([22m[2m)[22m failed

    Locator: locator('tr:has-text("Test Page 1770663063636") button:has-text("View")').first()
    Expected: visible
    Timeout: 5000ms
    Error: element(s) not found

    Call log:
    [2m  - Expect "toBeVisible" with timeout 5000ms[22m
    [2m  - waiting for locator('tr:has-text("Test Page 1770663063636") button:has-text("View")').first()[22m
    [2m    - waiting for" http://localhost:3000/admin/content-pages" navigation to finish...[22m
    [2m    - navigated to "http://localhost:3000/admin/content-pages"[22m


       99 |     // Click View button to open guest view in new tab
      100 |     const viewButton = page.locator(`tr:has-text("${pageTitle}") button:has-text("View")`).first();
    > 101 |     await expect(viewButton).toBeVisible({ timeout: 5000 });
          |                              ^
      102 |     
      103 |     // Listen for new page/tab (View button opens in new tab)
      104 |     const [newPage] = await Promise.all([
        at /Users/jaron/Desktop/wedding-platform-v2/__tests__/e2e/admin/contentManagement.spec.ts:101:30

    attachment #1: screenshot (image/png) ──────────────────────────────────────────────────────────
    test-results/admin-contentManagement-Co-30bad-eation-and-publication-flow-chromium-retry1/test-failed-1.png
    ────────────────────────────────────────────────────────────────────────────────────────────────

    attachment #2: video (video/webm) ──────────────────────────────────────────────────────────────
    test-results/admin-contentManagement-Co-30bad-eation-and-publication-flow-chromium-retry1/video.webm
    ────────────────────────────────────────────────────────────────────────────────────────────────

    Error Context: test-results/admin-contentManagement-Co-30bad-eation-and-publication-flow-chromium-retry1/error-context.md

    attachment #4: trace (application/zip) ─────────────────────────────────────────────────────────
    test-results/admin-contentManagement-Co-30bad-eation-and-publication-flow-chromium-retry1/trace.zip
    Usage:

        npx playwright show-trace test-results/admin-contentManagement-Co-30bad-eation-and-publication-flow-chromium-retry1/trace.zip

    ────────────────────────────────────────────────────────────────────────────────────────────────

  2) [chromium] › __tests__/e2e/admin/contentManagement.spec.ts:253:7 › Home Page Editing › should edit home page settings and save successfully 

    Error: [2mexpect([22m[31mlocator[39m[2m).[22mtoBeVisible[2m([22m[2m)[22m failed

    Locator: locator('h1:has-text("Home Page Editor")')
    Expected: visible
    Timeout: 10000ms
    Error: element(s) not found

    Call log:
    [2m  - Expect "toBeVisible" with timeout 10000ms[22m
    [2m  - waiting for locator('h1:has-text("Home Page Editor")')[22m


      248 |   test.beforeEach(async ({ page }) => {
      249 |     await page.goto('http://localhost:3000/admin/home-page', { waitUntil: 'domcontentloaded' });
    > 250 |     await expect(page.locator('h1:has-text("Home Page Editor")')).toBeVisible({ timeout: 10000 });
          |                                                                   ^
      251 |   });
      252 |
      253 |   test('should edit home page settings and save successfully', async ({ page }) => {
        at /Users/jaron/Desktop/wedding-platform-v2/__tests__/e2e/admin/contentManagement.spec.ts:250:67

    attachment #1: screenshot (image/png) ──────────────────────────────────────────────────────────
    test-results/admin-contentManagement-Ho-60835-tings-and-save-successfully-chromium/test-failed-1.png
    ────────────────────────────────────────────────────────────────────────────────────────────────

    attachment #2: video (video/webm) ──────────────────────────────────────────────────────────────
    test-results/admin-contentManagement-Ho-60835-tings-and-save-successfully-chromium/video.webm
    ────────────────────────────────────────────────────────────────────────────────────────────────

    Error Context: test-results/admin-contentManagement-Ho-60835-tings-and-save-successfully-chromium/error-context.md

    Retry #1 ───────────────────────────────────────────────────────────────────────────────────────

    Error: [2mexpect([22m[31mlocator[39m[2m).[22mtoBeVisible[2m([22m[2m)[22m failed

    Locator: locator('text=/Last saved:/i, text=/saved successfully/i').first()
    Expected: visible
    Timeout: 5000ms
    Error: element(s) not found

    Call log:
    [2m  - Expect "toBeVisible" with timeout 5000ms[22m
    [2m  - waiting for locator('text=/Last saved:/i, text=/saved successfully/i').first()[22m


      284 |     // Check for success message - use first() to handle multiple matches
      285 |     const successMessage = page.locator('text=/Last saved:/i, text=/saved successfully/i').first();
    > 286 |     await expect(successMessage).toBeVisible({ timeout: 5000 });
          |                                  ^
      287 |     
      288 |     // Verify persistence
      289 |     await page.reload({ waitUntil: 'domcontentloaded' });
        at /Users/jaron/Desktop/wedding-platform-v2/__tests__/e2e/admin/contentManagement.spec.ts:286:34

    attachment #1: screenshot (image/png) ──────────────────────────────────────────────────────────
    test-results/admin-contentManagement-Ho-60835-tings-and-save-successfully-chromium-retry1/test-failed-1.png
    ────────────────────────────────────────────────────────────────────────────────────────────────

    attachment #2: video (video/webm) ──────────────────────────────────────────────────────────────
    test-results/admin-contentManagement-Ho-60835-tings-and-save-successfully-chromium-retry1/video.webm
    ────────────────────────────────────────────────────────────────────────────────────────────────

    Error Context: test-results/admin-contentManagement-Ho-60835-tings-and-save-successfully-chromium-retry1/error-context.md

    attachment #4: trace (application/zip) ─────────────────────────────────────────────────────────
    test-results/admin-contentManagement-Ho-60835-tings-and-save-successfully-chromium-retry1/trace.zip
    Usage:

        npx playwright show-trace test-results/admin-contentManagement-Ho-60835-tings-and-save-successfully-chromium-retry1/trace.zip

    ────────────────────────────────────────────────────────────────────────────────────────────────

  3) [chromium] › __tests__/e2e/admin/contentManagement.spec.ts:297:7 › Home Page Editing › should edit welcome message with rich text editor 

    Error: [2mexpect([22m[31mlocator[39m[2m).[22mtoBeVisible[2m([22m[2m)[22m failed

    Locator: locator('text=/Last saved:/i, text=/saved successfully/i').first()
    Expected: visible
    Timeout: 5000ms
    Error: element(s) not found

    Call log:
    [2m  - Expect "toBeVisible" with timeout 5000ms[22m
    [2m  - waiting for locator('text=/Last saved:/i, text=/saved successfully/i').first()[22m


      328 |       // Check for success message - use first() to handle multiple matches
      329 |       const successMessage = page.locator('text=/Last saved:/i, text=/saved successfully/i').first();
    > 330 |       await expect(successMessage).toBeVisible({ timeout: 5000 });
          |                                    ^
      331 |     }
      332 |   });
      333 |
        at /Users/jaron/Desktop/wedding-platform-v2/__tests__/e2e/admin/contentManagement.spec.ts:330:36

    attachment #1: screenshot (image/png) ──────────────────────────────────────────────────────────
    test-results/admin-contentManagement-Ho-b5a41-ssage-with-rich-text-editor-chromium/test-failed-1.png
    ────────────────────────────────────────────────────────────────────────────────────────────────

    attachment #2: video (video/webm) ──────────────────────────────────────────────────────────────
    test-results/admin-contentManagement-Ho-b5a41-ssage-with-rich-text-editor-chromium/video.webm
    ────────────────────────────────────────────────────────────────────────────────────────────────

    Error Context: test-results/admin-contentManagement-Ho-b5a41-ssage-with-rich-text-editor-chromium/error-context.md

    Retry #1 ───────────────────────────────────────────────────────────────────────────────────────

    Error: [2mexpect([22m[31mlocator[39m[2m).[22mtoBeVisible[2m([22m[2m)[22m failed

    Locator: locator('text=/Last saved:/i, text=/saved successfully/i').first()
    Expected: visible
    Timeout: 5000ms
    Error: element(s) not found

    Call log:
    [2m  - Expect "toBeVisible" with timeout 5000ms[22m
    [2m  - waiting for locator('text=/Last saved:/i, text=/saved successfully/i').first()[22m


      328 |       // Check for success message - use first() to handle multiple matches
      329 |       const successMessage = page.locator('text=/Last saved:/i, text=/saved successfully/i').first();
    > 330 |       await expect(successMessage).toBeVisible({ timeout: 5000 });
          |                                    ^
      331 |     }
      332 |   });
      333 |
        at /Users/jaron/Desktop/wedding-platform-v2/__tests__/e2e/admin/contentManagement.spec.ts:330:36

    attachment #1: screenshot (image/png) ──────────────────────────────────────────────────────────
    test-results/admin-contentManagement-Ho-b5a41-ssage-with-rich-text-editor-chromium-retry1/test-failed-1.png
    ────────────────────────────────────────────────────────────────────────────────────────────────

    attachment #2: video (video/webm) ──────────────────────────────────────────────────────────────
    test-results/admin-contentManagement-Ho-b5a41-ssage-with-rich-text-editor-chromium-retry1/video.webm
    ────────────────────────────────────────────────────────────────────────────────────────────────

    Error Context: test-results/admin-contentManagement-Ho-b5a41-ssage-with-rich-text-editor-chromium-retry1/error-context.md

    attachment #4: trace (application/zip) ─────────────────────────────────────────────────────────
    test-results/admin-contentManagement-Ho-b5a41-ssage-with-rich-text-editor-chromium-retry1/trace.zip
    Usage:

        npx playwright show-trace test-results/admin-contentManagement-Ho-b5a41-ssage-with-rich-text-editor-chromium-retry1/trace.zip

    ────────────────────────────────────────────────────────────────────────────────────────────────

  4) [chromium] › __tests__/e2e/admin/contentManagement.spec.ts:520:7 › Event References › should create event and add as reference to content page 

    TimeoutError: page.waitForResponse: Timeout 15000ms exceeded while waiting for event "response"

      559 |     
      560 |     // Wait for API response
    > 561 |     const responsePromise = page.waitForResponse(
          |                                  ^
      562 |       response => response.url().includes('/api/admin/events') &&
      563 |                   response.status() === 201,
      564 |       { timeout: 15000 }
        at /Users/jaron/Desktop/wedding-platform-v2/__tests__/e2e/admin/contentManagement.spec.ts:561:34

    attachment #1: screenshot (image/png) ──────────────────────────────────────────────────────────
    test-results/admin-contentManagement-Ev-e6ce0-s-reference-to-content-page-chromium/test-failed-1.png
    ────────────────────────────────────────────────────────────────────────────────────────────────

    attachment #2: video (video/webm) ──────────────────────────────────────────────────────────────
    test-results/admin-contentManagement-Ev-e6ce0-s-reference-to-content-page-chromium/video.webm
    ────────────────────────────────────────────────────────────────────────────────────────────────

    Error Context: test-results/admin-contentManagement-Ev-e6ce0-s-reference-to-content-page-chromium/error-context.md

    Retry #1 ───────────────────────────────────────────────────────────────────────────────────────

    TimeoutError: page.waitForResponse: Timeout 15000ms exceeded while waiting for event "response"

      559 |     
      560 |     // Wait for API response
    > 561 |     const responsePromise = page.waitForResponse(
          |                                  ^
      562 |       response => response.url().includes('/api/admin/events') &&
      563 |                   response.status() === 201,
      564 |       { timeout: 15000 }
        at /Users/jaron/Desktop/wedding-platform-v2/__tests__/e2e/admin/contentManagement.spec.ts:561:34

    attachment #1: screenshot (image/png) ──────────────────────────────────────────────────────────
    test-results/admin-contentManagement-Ev-e6ce0-s-reference-to-content-page-chromium-retry1/test-failed-1.png
    ────────────────────────────────────────────────────────────────────────────────────────────────

    attachment #2: video (video/webm) ──────────────────────────────────────────────────────────────
    test-results/admin-contentManagement-Ev-e6ce0-s-reference-to-content-page-chromium-retry1/video.webm
    ────────────────────────────────────────────────────────────────────────────────────────────────

    Error Context: test-results/admin-contentManagement-Ev-e6ce0-s-reference-to-content-page-chromium-retry1/error-context.md

    attachment #4: trace (application/zip) ─────────────────────────────────────────────────────────
    test-results/admin-contentManagement-Ev-e6ce0-s-reference-to-content-page-chromium-retry1/trace.zip
    Usage:

        npx playwright show-trace test-results/admin-contentManagement-Ev-e6ce0-s-reference-to-content-page-chromium-retry1/trace.zip

    ────────────────────────────────────────────────────────────────────────────────────────────────

  5) [chromium] › __tests__/e2e/admin/contentManagement.spec.ts:164:7 › Content Page Management › should add and reorder sections with layout options 

    Error: [2mexpect([22m[31mlocator[39m[2m).[22mtoBeVisible[2m([22m[2m)[22m failed

    Locator: locator('button:has-text("Add Page")').first()
    Expected: visible
    Timeout: 5000ms
    Error: element(s) not found

    Call log:
    [2m  - Expect "toBeVisible" with timeout 5000ms[22m
    [2m  - waiting for locator('button:has-text("Add Page")').first()[22m


      167 |     // Create test page - click Add Page button
      168 |     const addButton = page.locator('button:has-text("Add Page")').first();
    > 169 |     await expect(addButton).toBeVisible({ timeout: 5000 });
          |                             ^
      170 |     await addButton.click();
      171 |     
      172 |     // Wait for collapsible form to expand
        at /Users/jaron/Desktop/wedding-platform-v2/__tests__/e2e/admin/contentManagement.spec.ts:169:29

    attachment #1: screenshot (image/png) ──────────────────────────────────────────────────────────
    test-results/admin-contentManagement-Co-cb94f-ections-with-layout-options-chromium/test-failed-1.png
    ────────────────────────────────────────────────────────────────────────────────────────────────

    attachment #2: video (video/webm) ──────────────────────────────────────────────────────────────
    test-results/admin-contentManagement-Co-cb94f-ections-with-layout-options-chromium/video.webm
    ────────────────────────────────────────────────────────────────────────────────────────────────

    Error Context: test-results/admin-contentManagement-Co-cb94f-ections-with-layout-options-chromium/error-context.md

  4 failed
    [chromium] › __tests__/e2e/admin/contentManagement.spec.ts:30:7 › Content Page Management › should complete full content page creation and publication flow 
    [chromium] › __tests__/e2e/admin/contentManagement.spec.ts:253:7 › Home Page Editing › should edit home page settings and save successfully 
    [chromium] › __tests__/e2e/admin/contentManagement.spec.ts:297:7 › Home Page Editing › should edit welcome message with rich text editor 
    [chromium] › __tests__/e2e/admin/contentManagement.spec.ts:520:7 › Event References › should create event and add as reference to content page 
  1 flaky
    [chromium] › __tests__/e2e/admin/contentManagement.spec.ts:164:7 › Content Page Management › should add and reorder sections with layout options 
  12 passed (2.0m)

[36m  Serving HTML report at http://localhost:64248. Press Ctrl+C to quit.[39m
