
> destination-wedding-platform@0.1.0 test:e2e
> playwright test __tests__/e2e/auth/guestAuth.spec.ts

[dotenv@17.2.4] injecting env (24) from .env.e2e -- tip: 🔐 prevent building .env in docker: https://dotenvx.com/prebuild
[2m[WebServer] [22m
[2m[WebServer] [22m> destination-wedding-platform@0.1.0 dev
[2m[WebServer] [22m> next dev --webpack
[2m[WebServer] [22m
[2m[WebServer] [22m[1m[38;2;173;127;168m▲ Next.js 16.1.1[39m[22m (webpack)
[2m[WebServer] [22m- Local:         http://localhost:3000
[2m[WebServer] [22m- Network:       http://192.168.7.238:3000
[2m[WebServer] [22m- Environments: .env.test
[2m[WebServer] [22m
[2m[WebServer] [22m[32m[1m✓[22m[39m Starting...
[2m[WebServer] [22m[33m[1m⚠[22m[39m The "middleware" file convention is deprecated. Please use "proxy" instead. Learn more: https://nextjs.org/docs/messages/middleware-to-proxy
[2m[WebServer] [22m🚀 Initializing application services...
[2m[WebServer] [22m✅ B2 client initialized successfully {
[2m[WebServer] [22m  endpoint: [32m'https://s3.us-west-004.backblazeb2.com'[39m,
[2m[WebServer] [22m  region: [32m'us-west-004'[39m,
[2m[WebServer] [22m  bucket: [32m'test-bucket'[39m,
[2m[WebServer] [22m  cdnDomain: [32m'https://test-cdn.example.com'[39m
[2m[WebServer] [22m}
[2m[WebServer] [22m✅ Application services initialized successfully
[2m[WebServer] [22m[32m[1m✓[22m[39m Ready in 1981ms

🚀 E2E Global Setup Starting...

📊 Verifying test database connection...
[2m[WebServer] [22m GET / [32m200[39m in 2.4s[2m (compile: 2.1s, proxy.ts: 160ms, render: 171ms)[22m
✅ Test database connected

🧹 Cleaning up test data...
   Cleaning up leftover test data...
   Test data cleanup complete
✅ Test data cleaned

👤 Creating test guest...
   Created warmup guest: warmup@example.com (ID: 30925c4e-95c9-48cf-92d4-75df874cf4a6)
   Created test guest: test@example.com (ID: 0661c3c6-254d-4154-a3a8-cc6c0289bef2)
✅ Test guest created

📦 Creating comprehensive test data...
   Creating location hierarchy...
   Location hierarchy already exists
   Creating events...
   Events already exist
   Creating activities...
   Warning: Could not create comprehensive test data: Failed to create ceremony activity: Could not find the 'cost_per_guest' column of 'activities' in the schema cache
   Some E2E tests may fail due to missing data
✅ Comprehensive test data created

🌐 Verifying Next.js server...
✅ Next.js server is running

🔥 Warming up API routes...
   Warming up 3 guest auth routes with retry logic...
[2m[WebServer] [22m GET / [32m200[39m in 34ms[2m (compile: 4ms, proxy.ts: 11ms, render: 19ms)[22m
[2m[WebServer] [22m[API] Looking for guest with email: warmup@example.com
[2m[WebServer] [22m[API] Guest query result: {
[2m[WebServer] [22m  found: [33mtrue[39m,
[2m[WebServer] [22m  email: [32m'warmup@example.com'[39m,
[2m[WebServer] [22m  authMethod: [32m'email_matching'[39m,
[2m[WebServer] [22m  error: [90mundefined[39m
[2m[WebServer] [22m}
[2m[WebServer] [22m[API] Setting guest session cookie: {
[2m[WebServer] [22m  tokenPrefix: [32m'a954d2c4'[39m,
[2m[WebServer] [22m  cookieOptions: {
[2m[WebServer] [22m    httpOnly: [33mtrue[39m,
[2m[WebServer] [22m    secure: [33mfalse[39m,
[2m[WebServer] [22m    sameSite: [32m'lax'[39m,
[2m[WebServer] [22m    maxAge: [33m86400[39m,
[2m[WebServer] [22m    path: [32m'/'[39m
[2m[WebServer] [22m  },
[2m[WebServer] [22m  guestId: [32m'30925c4e-95c9-48cf-92d4-75df874cf4a6'[39m,
[2m[WebServer] [22m  sessionId: [32m'da3042ed-d491-4e11-a93c-a2d0210be729'[39m
[2m[WebServer] [22m}
   ✅ Route ready: /api/guest-auth/email-match (attempt 1/5, status: 200)
[2m[WebServer] [22m POST /api/guest-auth/email-match [32m200[39m in 1140ms[2m (compile: 695ms, proxy.ts: 7ms, render: 439ms)[22m
[2m[WebServer] [22m[Magic Link Request] Processing request for email: warmup@example.com
[2m[WebServer] [22m[Magic Link Request] Looking for guest by email...
[2m[WebServer] [22m[Magic Link Request] Guest query result: {
[2m[WebServer] [22m  found: [33mtrue[39m,
[2m[WebServer] [22m  guestId: [32m'30925c4e-95c9-48cf-92d4-75df874cf4a6'[39m,
[2m[WebServer] [22m  authMethod: [32m'email_matching'[39m,
[2m[WebServer] [22m  error: [90mundefined[39m
[2m[WebServer] [22m}
[2m[WebServer] [22m[Magic Link Request] Guest has wrong auth method: email_matching
   ✅ Route ready: /api/guest-auth/magic-link/request (attempt 1/5, status: 400)
[2m[WebServer] [22m POST /api/guest-auth/magic-link/request [33m400[39m in 825ms[2m (compile: 633ms, proxy.ts: 7ms, render: 185ms)[22m
   ✅ Route ready: /api/guest-auth/magic-link/verify (attempt 1/5, status: 400)
[2m[WebServer] [22m POST /api/guest-auth/magic-link/verify [33m400[39m in 1036ms[2m (compile: 842ms, proxy.ts: 13ms, render: 181ms)[22m
   ✅ Guest auth routes warmup complete
✅ API routes warmed up

🔐 Setting up admin authentication...
   Attempting browser-based admin login: admin@example.com
   Created .auth directory: /Users/jaron/Desktop/wedding-platform-v2/.auth
   Navigating to http://localhost:3000/auth/login...
[2m[WebServer] [22m GET /auth/login [32m200[39m in 688ms[2m (compile: 576ms, proxy.ts: 7ms, render: 105ms)[22m
   Page loaded, filling form...
   Form filled, submitting...
[2m[WebServer] [22m[Middleware] User authenticated: e7f5ae65-376e-4d05-a18c-10a91295727a
[2m[WebServer] [22m[Middleware] Admin user data query result: { userData: { role: 'owner', status: 'active' }, userError: null }
[2m[WebServer] [22m[Middleware] Access granted for admin role: owner
[2m[WebServer] [22m[33m[1m⚠[22m[39m Fast Refresh had to perform a full reload. Read more: https://nextjs.org/docs/messages/fast-refresh-reload
[2m[WebServer] [22m GET /admin [32m200[39m in 1175ms[2m (compile: 683ms, proxy.ts: 361ms, render: 131ms)[22m
   Current URL after submit: http://localhost:3000/admin
   ✅ Successfully logged in via browser
   ✅ Authentication state saved
✅ Admin authentication saved

✨ E2E Global Setup Complete!


Running 15 tests using 4 workers

[dotenv@17.2.4] injecting env (0) from .env.e2e -- tip: ⚙️  load multiple .env files with { path: ['.env.local', '.env'] }
[dotenv@17.2.4] injecting env (0) from .env.e2e -- tip: 🛠️  run anywhere with `dotenvx run -- yourcommand`
[dotenv@17.2.4] injecting env (0) from .env.e2e -- tip: 🔑 add access controls to secrets: https://dotenvx.com/ops
[dotenv@17.2.4] injecting env (0) from .env.e2e -- tip: 🔐 prevent building .env in docker: https://dotenvx.com/prebuild
[Worker 0] Created test guest: {
  email: [32m'test-w0-1770445078511-8h0tv74g@example.com'[39m,
  id: [32m'f86261d5-7fca-487e-ae09-831555656afd'[39m,
  authMethod: [32m'email_matching'[39m,
  groupId: [32m'b72c5402-d702-4926-98e7-1a799e10cea6'[39m
}
[Worker 2] Created test guest: {
  email: [32m'test-w2-1770445078514-gbstyjvb@example.com'[39m,
  id: [32m'55f87b04-c279-4431-a20e-d675c4d2da2b'[39m,
  authMethod: [32m'email_matching'[39m,
  groupId: [32m'4e29881b-28c2-4228-b9d6-068bad899d58'[39m
}
[Worker 1] Created test guest: {
  email: [32m'test-w1-1770445078517-z5rmll2n@example.com'[39m,
  id: [32m'053802fd-ccf8-4486-bfe3-2f01c1dfb864'[39m,
  authMethod: [32m'email_matching'[39m,
  groupId: [32m'1fc7e9fb-93af-4a4f-81ea-e34db1dec920'[39m
}
[Worker 3] Created test guest: {
  email: [32m'test-w3-1770445078514-eg0tt2rd@example.com'[39m,
  id: [32m'bb217798-1d01-4bef-9a40-0c4b138bab7b'[39m,
  authMethod: [32m'email_matching'[39m,
  groupId: [32m'480bce15-a9d5-4364-91e0-4b4966568566'[39m
}
[Worker 0] ✅ Verified guest exists: {
  email: [32m'test-w0-1770445078511-8h0tv74g@example.com'[39m,
  authMethod: [32m'email_matching'[39m
}
[Worker 1] ✅ Verified guest exists: {
  email: [32m'test-w1-1770445078517-z5rmll2n@example.com'[39m,
  authMethod: [32m'email_matching'[39m
}
[Worker 2] ✅ Verified guest exists: {
  email: [32m'test-w2-1770445078514-gbstyjvb@example.com'[39m,
  authMethod: [32m'email_matching'[39m
}
[Worker 3] ✅ Verified guest exists: {
  email: [32m'test-w3-1770445078514-eg0tt2rd@example.com'[39m,
  authMethod: [32m'email_matching'[39m
}
[2m[WebServer] [22m GET /auth/guest-login [32m200[39m in 775ms[2m (compile: 578ms, proxy.ts: 19ms, render: 178ms)[22m
[2m[WebServer] [22m GET /auth/guest-login [32m200[39m in 780ms[2m (compile: 578ms, proxy.ts: 19ms, render: 182ms)[22m
[2m[WebServer] [22m GET /auth/guest-login [32m200[39m in 781ms[2m (compile: 578ms, proxy.ts: 19ms, render: 183ms)[22m
[2m[WebServer] [22m GET /auth/guest-login [32m200[39m in 783ms[2m (compile: 578ms, proxy.ts: 19ms, render: 186ms)[22m
[2m[WebServer] [22m[API] Looking for guest with email: test-w3-1770445078514-eg0tt2rd@example.com
[2m[WebServer] [22m[API] Looking for guest with email: nonexistent@example.com
[2m[WebServer] [22m[API] Looking for guest with email: test-w0-1770445078511-8h0tv74g@example.com
[2m[WebServer] [22m[API] Guest query result: {
[2m[WebServer] [22m  found: [33mtrue[39m,
[2m[WebServer] [22m  email: [32m'test-w0-1770445078511-8h0tv74g@example.com'[39m,
[2m[WebServer] [22m  authMethod: [32m'email_matching'[39m,
[2m[WebServer] [22m  error: [90mundefined[39m
[2m[WebServer] [22m}
[2m[WebServer] [22m[API] Guest query result: {
[2m[WebServer] [22m  found: [33mtrue[39m,
[2m[WebServer] [22m  email: [32m'test-w3-1770445078514-eg0tt2rd@example.com'[39m,
[2m[WebServer] [22m  authMethod: [32m'email_matching'[39m,
[2m[WebServer] [22m  error: [90mundefined[39m
[2m[WebServer] [22m}
[2m[WebServer] [22m[API] Guest query result: {
[2m[WebServer] [22m  found: [33mfalse[39m,
[2m[WebServer] [22m  email: [90mundefined[39m,
[2m[WebServer] [22m  authMethod: [90mundefined[39m,
[2m[WebServer] [22m  error: [32m'Cannot coerce the result to a single JSON object'[39m
[2m[WebServer] [22m}
[2m[WebServer] [22m POST /api/guest-auth/email-match [33m404[39m in 439ms[2m (compile: 93ms, proxy.ts: 31ms, render: 314ms)[22m
[2m[WebServer] [22m[API] Setting guest session cookie: {
[2m[WebServer] [22m  tokenPrefix: [32m'889ae21b'[39m,
[2m[WebServer] [22m  cookieOptions: {
[2m[WebServer] [22m    httpOnly: [33mtrue[39m,
[2m[WebServer] [22m    secure: [33mfalse[39m,
[2m[WebServer] [22m    sameSite: [32m'lax'[39m,
[2m[WebServer] [22m    maxAge: [33m86400[39m,
[2m[WebServer] [22m    path: [32m'/'[39m
[2m[WebServer] [22m  },
[2m[WebServer] [22m  guestId: [32m'bb217798-1d01-4bef-9a40-0c4b138bab7b'[39m,
[2m[WebServer] [22m  sessionId: [32m'80e64a4c-408d-4e0f-8b3a-97ac423956b3'[39m
[2m[WebServer] [22m}
[2m[WebServer] [22m POST /api/guest-auth/email-match [32m200[39m in 574ms[2m (compile: 94ms, proxy.ts: 30ms, render: 450ms)[22m
[2m[WebServer] [22m[API] Setting guest session cookie: {
[2m[WebServer] [22m  tokenPrefix: [32m'0fec1f92'[39m,
[2m[WebServer] [22m  cookieOptions: {
[2m[WebServer] [22m    httpOnly: [33mtrue[39m,
[2m[WebServer] [22m    secure: [33mfalse[39m,
[2m[WebServer] [22m    sameSite: [32m'lax'[39m,
[2m[WebServer] [22m    maxAge: [33m86400[39m,
[2m[WebServer] [22m    path: [32m'/'[39m
[2m[WebServer] [22m  },
[2m[WebServer] [22m  guestId: [32m'f86261d5-7fca-487e-ae09-831555656afd'[39m,
[2m[WebServer] [22m  sessionId: [32m'f717d9ab-ccf5-407d-86ec-3eb6c64a781f'[39m
[2m[WebServer] [22m}
[2m[WebServer] [22m POST /api/guest-auth/email-match [32m200[39m in 590ms[2m (compile: 114ms, proxy.ts: 34ms, render: 441ms)[22m
  ✓   4 [chromium] › __tests__/e2e/auth/guestAuth.spec.ts:194:7 › Guest Authentication › should show error for invalid email format (3.4s)
[2m[WebServer] [22m[Middleware] Guest auth check: {
[2m[WebServer] [22m  path: '/guest/dashboard',
[2m[WebServer] [22m  hasCookie: true,
[2m[WebServer] [22m  cookieValue: '889ae21b...',
[2m[WebServer] [22m  allCookies: [ 'sb-olcqaawrpnanioaorfer-auth-token', 'guest_session' ]
[2m[WebServer] [22m}
[2m[WebServer] [22m[Middleware] Guest auth check: {
[2m[WebServer] [22m  path: '/guest/dashboard',
[2m[WebServer] [22m  hasCookie: true,
[2m[WebServer] [22m  cookieValue: '0fec1f92...',
[2m[WebServer] [22m  allCookies: [ 'sb-olcqaawrpnanioaorfer-auth-token', 'guest_session' ]
[2m[WebServer] [22m}
[2m[WebServer] [22m[Middleware] Session query result: {
[2m[WebServer] [22m  sessionsFound: 1,
[2m[WebServer] [22m  hasError: false,
[2m[WebServer] [22m  errorMessage: undefined,
[2m[WebServer] [22m  tokenPrefix: '889ae21b'
[2m[WebServer] [22m}
[2m[WebServer] [22m[Middleware] Session query result: {
[2m[WebServer] [22m  sessionsFound: 1,
[2m[WebServer] [22m  hasError: false,
[2m[WebServer] [22m  errorMessage: undefined,
[2m[WebServer] [22m  tokenPrefix: '0fec1f92'
[2m[WebServer] [22m}
[Worker 2] Created test guest: {
  email: [32m'test-w2-1770445082078-z1zz6ijr@example.com'[39m,
  id: [32m'fad70ff6-99ef-48f5-8bbb-fc6b6f972905'[39m,
  authMethod: [32m'email_matching'[39m,
  groupId: [32m'bf3c4521-8d18-4283-83fa-22707168a0b9'[39m
}
  ✓   3 [chromium] › __tests__/e2e/auth/guestAuth.spec.ts:179:7 › Guest Authentication › should show error for non-existent email (3.8s)
[Worker 2] ✅ Verified guest exists: {
  email: [32m'test-w2-1770445082078-z1zz6ijr@example.com'[39m,
  authMethod: [32m'email_matching'[39m
}
[Worker 1] Created test guest: {
  email: [32m'test-w1-1770445082483-5xb50kmm@example.com'[39m,
  id: [32m'10965738-d087-417f-b337-f20ece009383'[39m,
  authMethod: [32m'email_matching'[39m,
  groupId: [32m'06ee43de-2466-4768-8921-74473bea5e97'[39m
}
[Worker 1] ✅ Verified guest exists: {
  email: [32m'test-w1-1770445082483-5xb50kmm@example.com'[39m,
  authMethod: [32m'email_matching'[39m
}
[2m[WebServer] [22m[GuestDashboard] Session check: { hasToken: [33mtrue[39m, tokenPrefix: [32m'889ae21b'[39m }
[2m[WebServer] [22m[GuestDashboard] Session check: { hasToken: [33mtrue[39m, tokenPrefix: [32m'0fec1f92'[39m }
[2m[WebServer] [22m GET /auth/guest-login [32m200[39m in 964ms[2m (compile: 506ms, proxy.ts: 47ms, render: 411ms)[22m
[2m[WebServer] [22m[GuestDashboard] Session query result: {
[2m[WebServer] [22m  found: [33mtrue[39m,
[2m[WebServer] [22m  error: [90mundefined[39m,
[2m[WebServer] [22m  guestId: [32m'bb217798-1d01-4bef-9a40-0c4b138bab7b'[39m
[2m[WebServer] [22m}
[2m[WebServer] [22m GET /auth/guest-login [32m200[39m in 94ms[2m (compile: 22ms, proxy.ts: 19ms, render: 53ms)[22m
[2m[WebServer] [22m[GuestDashboard] Session query result: {
[2m[WebServer] [22m  found: [33mtrue[39m,
[2m[WebServer] [22m  error: [90mundefined[39m,
[2m[WebServer] [22m  guestId: [32m'f86261d5-7fca-487e-ae09-831555656afd'[39m
[2m[WebServer] [22m}
[2m[WebServer] [22m[GuestDashboard] Guest query result: {
[2m[WebServer] [22m  found: [33mtrue[39m,
[2m[WebServer] [22m  error: [90mundefined[39m,
[2m[WebServer] [22m  email: [32m'test-w3-1770445078514-eg0tt2rd@example.com'[39m
[2m[WebServer] [22m}
[2m[WebServer] [22m[GuestDashboard] Rendering dashboard for guest: test-w3-1770445078514-eg0tt2rd@example.com
[2m[WebServer] [22m GET /guest/dashboard [32m200[39m in 1922ms[2m (compile: 1020ms, proxy.ts: 142ms, render: 760ms)[22m
[2m[WebServer] [22m[GuestDashboard] Guest query result: {
[2m[WebServer] [22m  found: [33mtrue[39m,
[2m[WebServer] [22m  error: [90mundefined[39m,
[2m[WebServer] [22m  email: [32m'test-w0-1770445078511-8h0tv74g@example.com'[39m
[2m[WebServer] [22m}
[2m[WebServer] [22m[GuestDashboard] Rendering dashboard for guest: test-w0-1770445078511-8h0tv74g@example.com
[2m[WebServer] [22m GET /guest/dashboard [32m200[39m in 1997ms[2m (compile: 977ms, proxy.ts: 168ms, render: 852ms)[22m
[2m[WebServer] [22m[API] Looking for guest with email: test-w2-1770445082078-z1zz6ijr@example.com
[2m[WebServer] [22m[Magic Link Request] Processing request for email: test-w1-1770445082483-5xb50kmm@example.com
[2m[WebServer] [22m[Magic Link Request] Looking for guest by email...
[2m[WebServer] [22m[API] Guest query result: {
[2m[WebServer] [22m  found: [33mtrue[39m,
[2m[WebServer] [22m  email: [32m'test-w2-1770445082078-z1zz6ijr@example.com'[39m,
[2m[WebServer] [22m  authMethod: [32m'email_matching'[39m,
[2m[WebServer] [22m  error: [90mundefined[39m
[2m[WebServer] [22m}
[2m[WebServer] [22m[Magic Link Request] Guest query result: {
[2m[WebServer] [22m  found: [33mtrue[39m,
[2m[WebServer] [22m  guestId: [32m'10965738-d087-417f-b337-f20ece009383'[39m,
[2m[WebServer] [22m  authMethod: [32m'email_matching'[39m,
[2m[WebServer] [22m  error: [90mundefined[39m
[2m[WebServer] [22m}
[2m[WebServer] [22m[Magic Link Request] Guest has wrong auth method: email_matching
[2m[WebServer] [22m POST /api/guest-auth/magic-link/request [33m400[39m in 233ms[2m (compile: 33ms, proxy.ts: 38ms, render: 162ms)[22m
[2m[WebServer] [22m[API] Setting guest session cookie: {
[2m[WebServer] [22m  tokenPrefix: [32m'892df9f1'[39m,
[2m[WebServer] [22m  cookieOptions: {
[2m[WebServer] [22m    httpOnly: [33mtrue[39m,
[2m[WebServer] [22m    secure: [33mfalse[39m,
[2m[WebServer] [22m    sameSite: [32m'lax'[39m,
[2m[WebServer] [22m    maxAge: [33m86400[39m,
[2m[WebServer] [22m    path: [32m'/'[39m
[2m[WebServer] [22m  },
[2m[WebServer] [22m  guestId: [32m'fad70ff6-99ef-48f5-8bbb-fc6b6f972905'[39m,
[2m[WebServer] [22m  sessionId: [32m'3c5c5d69-623c-4db1-9ed7-68d5efb24fa1'[39m
[2m[WebServer] [22m}
[2m[WebServer] [22m POST /api/guest-auth/email-match [32m200[39m in 517ms[2m (compile: 57ms, proxy.ts: 56ms, render: 404ms)[22m
[2m[WebServer] [22m[Middleware] Guest auth check: {
[2m[WebServer] [22m  path: '/api/guest/announcements',
[2m[WebServer] [22m  hasCookie: true,
[2m[WebServer] [22m  cookieValue: '889ae21b...',
[2m[WebServer] [22m  allCookies: [ 'sb-olcqaawrpnanioaorfer-auth-token', 'guest_session' ]
[2m[WebServer] [22m}
[2m[WebServer] [22m[Middleware] Guest auth check: {
[2m[WebServer] [22m  path: '/api/guest/wedding-info',
[2m[WebServer] [22m  hasCookie: true,
[2m[WebServer] [22m  cookieValue: '889ae21b...',
[2m[WebServer] [22m  allCookies: [ 'sb-olcqaawrpnanioaorfer-auth-token', 'guest_session' ]
[2m[WebServer] [22m}
[2m[WebServer] [22m[Middleware] Guest auth check: {
[2m[WebServer] [22m  path: '/api/guest/rsvps',
[2m[WebServer] [22m  hasCookie: true,
[2m[WebServer] [22m  cookieValue: '889ae21b...',
[2m[WebServer] [22m  allCookies: [ 'sb-olcqaawrpnanioaorfer-auth-token', 'guest_session' ]
[2m[WebServer] [22m}
[2m[WebServer] [22m[Middleware] Guest auth check: {
[2m[WebServer] [22m  path: '/api/guest/events',
[2m[WebServer] [22m  hasCookie: true,
[2m[WebServer] [22m  cookieValue: '889ae21b...',
[2m[WebServer] [22m  allCookies: [ 'sb-olcqaawrpnanioaorfer-auth-token', 'guest_session' ]
[2m[WebServer] [22m}
[2m[WebServer] [22m[Middleware] Guest auth check: {
[2m[WebServer] [22m  path: '/api/guest/rsvps',
[2m[WebServer] [22m  hasCookie: true,
[2m[WebServer] [22m  cookieValue: '0fec1f92...',
[2m[WebServer] [22m  allCookies: [ 'sb-olcqaawrpnanioaorfer-auth-token', 'guest_session' ]
[2m[WebServer] [22m}
[2m[WebServer] [22m[Middleware] Guest auth check: {
[2m[WebServer] [22m  path: '/api/guest/events',
[2m[WebServer] [22m  hasCookie: true,
[2m[WebServer] [22m  cookieValue: '0fec1f92...',
[2m[WebServer] [22m  allCookies: [ 'sb-olcqaawrpnanioaorfer-auth-token', 'guest_session' ]
[2m[WebServer] [22m}
[2m[WebServer] [22m[Middleware] Guest auth check: {
[2m[WebServer] [22m  path: '/api/guest/wedding-info',
[2m[WebServer] [22m  hasCookie: true,
[2m[WebServer] [22m  cookieValue: '0fec1f92...',
[2m[WebServer] [22m  allCookies: [ 'sb-olcqaawrpnanioaorfer-auth-token', 'guest_session' ]
[2m[WebServer] [22m}
[2m[WebServer] [22m[Middleware] Guest auth check: {
[2m[WebServer] [22m  path: '/api/guest/announcements',
[2m[WebServer] [22m  hasCookie: true,
[2m[WebServer] [22m  cookieValue: '0fec1f92...',
[2m[WebServer] [22m  allCookies: [ 'sb-olcqaawrpnanioaorfer-auth-token', 'guest_session' ]
[2m[WebServer] [22m}
[2m[WebServer] [22m[Middleware] Guest auth check: {
[2m[WebServer] [22m  path: '/guest/dashboard',
[2m[WebServer] [22m  hasCookie: true,
[2m[WebServer] [22m  cookieValue: '892df9f1...',
[2m[WebServer] [22m  allCookies: [ 'sb-olcqaawrpnanioaorfer-auth-token', 'guest_session' ]
[2m[WebServer] [22m}
[2m[WebServer] [22m[Middleware] Session query result: {
[2m[WebServer] [22m  sessionsFound: 1,
[2m[WebServer] [22m  hasError: false,
[2m[WebServer] [22m  errorMessage: undefined,
[2m[WebServer] [22m  tokenPrefix: '889ae21b'
[2m[WebServer] [22m}
  ✓   2 [chromium] › __tests__/e2e/auth/guestAuth.spec.ts:157:7 › Guest Authentication › should successfully authenticate with email matching (6.8s)
[2m[WebServer] [22m[Middleware] Session query result: {
[2m[WebServer] [22m  sessionsFound: 1,
[2m[WebServer] [22m  hasError: false,
[2m[WebServer] [22m  errorMessage: undefined,
[2m[WebServer] [22m  tokenPrefix: '889ae21b'
[2m[WebServer] [22m}
[2m[WebServer] [22m[Middleware] Session query result: {
[2m[WebServer] [22m  sessionsFound: 1,
[2m[WebServer] [22m  hasError: false,
[2m[WebServer] [22m  errorMessage: undefined,
[2m[WebServer] [22m  tokenPrefix: '889ae21b'
[2m[WebServer] [22m}
[2m[WebServer] [22m[Middleware] Session query result: {
[2m[WebServer] [22m  sessionsFound: 0,
[2m[WebServer] [22m  hasError: false,
[2m[WebServer] [22m  errorMessage: undefined,
[2m[WebServer] [22m  tokenPrefix: '0fec1f92'
[2m[WebServer] [22m}
[2m[WebServer] [22m[Middleware] No session found in database for token
[2m[WebServer] [22m[Middleware] Session query result: {
[2m[WebServer] [22m  sessionsFound: 1,
[2m[WebServer] [22m  hasError: false,
[2m[WebServer] [22m  errorMessage: undefined,
[2m[WebServer] [22m  tokenPrefix: '889ae21b'
[2m[WebServer] [22m}
[2m[WebServer] [22m[Middleware] Session query result: {
[2m[WebServer] [22m  sessionsFound: 0,
[2m[WebServer] [22m  hasError: false,
[2m[WebServer] [22m  errorMessage: undefined,
[2m[WebServer] [22m  tokenPrefix: '0fec1f92'
[2m[WebServer] [22m}
[2m[WebServer] [22m[Middleware] No session found in database for token
[2m[WebServer] [22m[Middleware] Session query result: {
[2m[WebServer] [22m  sessionsFound: 0,
[2m[WebServer] [22m  hasError: false,
[2m[WebServer] [22m  errorMessage: undefined,
[2m[WebServer] [22m  tokenPrefix: '0fec1f92'
[2m[WebServer] [22m}
[2m[WebServer] [22m[Middleware] No session found in database for token
[2m[WebServer] [22m[Middleware] Session query result: {
[2m[WebServer] [22m  sessionsFound: 0,
[2m[WebServer] [22m  hasError: false,
[2m[WebServer] [22m  errorMessage: undefined,
[2m[WebServer] [22m  tokenPrefix: '0fec1f92'
[2m[WebServer] [22m}
[2m[WebServer] [22m[Middleware] No session found in database for token
[2m[WebServer] [22m[Middleware] Session query result: {
[2m[WebServer] [22m  sessionsFound: 1,
[2m[WebServer] [22m  hasError: false,
[2m[WebServer] [22m  errorMessage: undefined,
[2m[WebServer] [22m  tokenPrefix: '892df9f1'
[2m[WebServer] [22m}
[Worker 0] Created test guest: {
  email: [32m'test-w0-1770445085548-pxg3ffc4@example.com'[39m,
  id: [32m'b37d45a6-0d61-4486-af42-44295e3f3e76'[39m,
  authMethod: [32m'email_matching'[39m,
  groupId: [32m'7ce879d8-84f1-4163-bd43-7d0269c68fa8'[39m
}
[Worker 0] ✅ Verified guest exists: {
  email: [32m'test-w0-1770445085548-pxg3ffc4@example.com'[39m,
  authMethod: [32m'email_matching'[39m
}
[2m[WebServer] [22m[GuestDashboard] Session check: { hasToken: [33mtrue[39m, tokenPrefix: [32m'892df9f1'[39m }
[2m[WebServer] [22m[Middleware] Guest auth check: {
[2m[WebServer] [22m  path: '/guest/dashboard',
[2m[WebServer] [22m  hasCookie: true,
[2m[WebServer] [22m  cookieValue: '889ae21b...',
[2m[WebServer] [22m  allCookies: [
[2m[WebServer] [22m  'sb-olcqaawrpnanioaorfer-auth-token',
[2m[WebServer] [22m  'guest_session',
[2m[WebServer] [22m  '__next_hmr_refresh_hash__'
[2m[WebServer] [22m]
[2m[WebServer] [22m}
[2m[WebServer] [22m GET /auth/guest-login [32m200[39m in 1157ms[2m (compile: 687ms, proxy.ts: 218ms, render: 252ms)[22m
[2m[WebServer] [22m[GuestDashboard] Session query result: {
[2m[WebServer] [22m  found: [33mtrue[39m,
[2m[WebServer] [22m  error: [90mundefined[39m,
[2m[WebServer] [22m  guestId: [32m'fad70ff6-99ef-48f5-8bbb-fc6b6f972905'[39m
[2m[WebServer] [22m}
[2m[WebServer] [22m GET /auth/guest-login [32m200[39m in 161ms[2m (compile: 16ms, proxy.ts: 55ms, render: 90ms)[22m
[2m[WebServer] [22m GET /auth/guest-login [32m200[39m in 171ms[2m (compile: 17ms, proxy.ts: 55ms, render: 100ms)[22m
[2m[WebServer] [22m[Middleware] Session query result: {
[2m[WebServer] [22m  sessionsFound: 1,
[2m[WebServer] [22m  hasError: false,
[2m[WebServer] [22m  errorMessage: undefined,
[2m[WebServer] [22m  tokenPrefix: '889ae21b'
[2m[WebServer] [22m}
[2m[WebServer] [22m[GuestDashboard] Session check: { hasToken: [33mtrue[39m, tokenPrefix: [32m'889ae21b'[39m }
[2m[WebServer] [22m[GuestDashboard] Session query result: {
[2m[WebServer] [22m  found: [33mtrue[39m,
[2m[WebServer] [22m  error: [90mundefined[39m,
[2m[WebServer] [22m  guestId: [32m'bb217798-1d01-4bef-9a40-0c4b138bab7b'[39m
[2m[WebServer] [22m}
[2m[WebServer] [22m[GuestDashboard] Guest query result: {
[2m[WebServer] [22m  found: [33mtrue[39m,
[2m[WebServer] [22m  error: [90mundefined[39m,
[2m[WebServer] [22m  email: [32m'test-w3-1770445078514-eg0tt2rd@example.com'[39m
[2m[WebServer] [22m}
[2m[WebServer] [22m[GuestDashboard] Rendering dashboard for guest: test-w3-1770445078514-eg0tt2rd@example.com
[2m[WebServer] [22m GET /guest/dashboard [32m200[39m in 241ms[2m (compile: 9ms, proxy.ts: 191ms, render: 41ms)[22m
[2m[WebServer] [22m[GuestDashboard] Guest query result: {
[2m[WebServer] [22m  found: [33mtrue[39m,
[2m[WebServer] [22m  error: [90mundefined[39m,
[2m[WebServer] [22m  email: [32m'test-w2-1770445082078-z1zz6ijr@example.com'[39m
[2m[WebServer] [22m}
[2m[WebServer] [22m[GuestDashboard] Rendering dashboard for guest: test-w2-1770445082078-z1zz6ijr@example.com
[2m[WebServer] [22m GET /guest/dashboard [32m200[39m in 2.5s[2m (compile: 1662ms, proxy.ts: 226ms, render: 570ms)[22m
[2m[WebServer] [22m GET /api/guest/announcements [32m200[39m in 2.6s[2m (compile: 1793ms, proxy.ts: 171ms, render: 601ms)[22m
[2m[WebServer] [22m GET /api/guest/wedding-info [32m200[39m in 2.6s[2m (compile: 1767ms, proxy.ts: 196ms, render: 669ms)[22m
[2m[WebServer] [22m GET /api/guest/rsvps [32m200[39m in 2.6s[2m (compile: 1772ms, proxy.ts: 191ms, render: 673ms)[22m
[2m[WebServer] [22m GET /api/guest/events [32m200[39m in 2.8s[2m (compile: 1778ms, proxy.ts: 184ms, render: 791ms)[22m
[2m[WebServer] [22m[Middleware] Guest auth check: {
[2m[WebServer] [22m  path: '/guest/dashboard',
[2m[WebServer] [22m  hasCookie: true,
[2m[WebServer] [22m  cookieValue: '889ae21b...',
[2m[WebServer] [22m  allCookies: [
[2m[WebServer] [22m  'sb-olcqaawrpnanioaorfer-auth-token',
[2m[WebServer] [22m  'guest_session',
[2m[WebServer] [22m  '__next_hmr_refresh_hash__'
[2m[WebServer] [22m]
[2m[WebServer] [22m}
[2m[WebServer] [22m GET /auth/guest-login [32m200[39m in 121ms[2m (compile: 8ms, proxy.ts: 16ms, render: 97ms)[22m
[2m[WebServer] [22m[Middleware] Guest auth check: {
[2m[WebServer] [22m  path: '/api/guest/rsvps',
[2m[WebServer] [22m  hasCookie: true,
[2m[WebServer] [22m  cookieValue: '892df9f1...',
[2m[WebServer] [22m  allCookies: [
[2m[WebServer] [22m  'sb-olcqaawrpnanioaorfer-auth-token',
[2m[WebServer] [22m  'guest_session',
[2m[WebServer] [22m  '__next_hmr_refresh_hash__'
[2m[WebServer] [22m]
[2m[WebServer] [22m}
[2m[WebServer] [22m[Middleware] Guest auth check: {
[2m[WebServer] [22m  path: '/api/guest/events',
[2m[WebServer] [22m  hasCookie: true,
[2m[WebServer] [22m  cookieValue: '892df9f1...',
[2m[WebServer] [22m  allCookies: [
[2m[WebServer] [22m  'sb-olcqaawrpnanioaorfer-auth-token',
[2m[WebServer] [22m  'guest_session',
[2m[WebServer] [22m  '__next_hmr_refresh_hash__'
[2m[WebServer] [22m]
[2m[WebServer] [22m}
[2m[WebServer] [22m[Middleware] Guest auth check: {
[2m[WebServer] [22m  path: '/api/guest/wedding-info',
[2m[WebServer] [22m  hasCookie: true,
[2m[WebServer] [22m  cookieValue: '892df9f1...',
[2m[WebServer] [22m  allCookies: [
[2m[WebServer] [22m  'sb-olcqaawrpnanioaorfer-auth-token',
[2m[WebServer] [22m  'guest_session',
[2m[WebServer] [22m  '__next_hmr_refresh_hash__'
[2m[WebServer] [22m]
[2m[WebServer] [22m}
[2m[WebServer] [22m[Middleware] Guest auth check: {
[2m[WebServer] [22m  path: '/api/guest/announcements',
[2m[WebServer] [22m  hasCookie: true,
[2m[WebServer] [22m  cookieValue: '892df9f1...',
[2m[WebServer] [22m  allCookies: [
[2m[WebServer] [22m  'sb-olcqaawrpnanioaorfer-auth-token',
[2m[WebServer] [22m  'guest_session',
[2m[WebServer] [22m  '__next_hmr_refresh_hash__'
[2m[WebServer] [22m]
[2m[WebServer] [22m}
[2m[WebServer] [22m[Middleware] Session query result: {
[2m[WebServer] [22m  sessionsFound: 1,
[2m[WebServer] [22m  hasError: false,
[2m[WebServer] [22m  errorMessage: undefined,
[2m[WebServer] [22m  tokenPrefix: '889ae21b'
[2m[WebServer] [22m}
[2m[WebServer] [22m[GuestDashboard] Session check: { hasToken: [33mtrue[39m, tokenPrefix: [32m'889ae21b'[39m }
  ✓   5 [chromium] › __tests__/e2e/auth/guestAuth.spec.ts:221:7 › Guest Authentication › should create session cookie on successful authentication (6.8s)
[2m[WebServer] [22m[Magic Link Request] Processing request for email: test-w0-1770445085548-pxg3ffc4@example.com
[2m[WebServer] [22m[Magic Link Request] Looking for guest by email...
[2m[WebServer] [22m[Middleware] Session query result: {
[2m[WebServer] [22m  sessionsFound: 0,
[2m[WebServer] [22m  hasError: false,
[2m[WebServer] [22m  errorMessage: undefined,
[2m[WebServer] [22m  tokenPrefix: '892df9f1'
[2m[WebServer] [22m}
[2m[WebServer] [22m[Middleware] No session found in database for token
[2m[WebServer] [22m[Middleware] Session query result: {
[2m[WebServer] [22m  sessionsFound: 0,
[2m[WebServer] [22m  hasError: false,
[2m[WebServer] [22m  errorMessage: undefined,
[2m[WebServer] [22m  tokenPrefix: '892df9f1'
[2m[WebServer] [22m}
[2m[WebServer] [22m[Middleware] No session found in database for token
[2m[WebServer] [22m[Middleware] Session query result: {
[2m[WebServer] [22m  sessionsFound: 0,
[2m[WebServer] [22m  hasError: false,
[2m[WebServer] [22m  errorMessage: undefined,
[2m[WebServer] [22m  tokenPrefix: '892df9f1'
[2m[WebServer] [22m}
[2m[WebServer] [22m[Middleware] No session found in database for token
[2m[WebServer] [22m[Middleware] Session query result: {
[2m[WebServer] [22m  sessionsFound: 0,
[2m[WebServer] [22m  hasError: false,
[2m[WebServer] [22m  errorMessage: undefined,
[2m[WebServer] [22m  tokenPrefix: '892df9f1'
[2m[WebServer] [22m}
[2m[WebServer] [22m[Middleware] No session found in database for token
[2m[WebServer] [22m[GuestDashboard] Session query result: {
[2m[WebServer] [22m  found: [33mtrue[39m,
[2m[WebServer] [22m  error: [90mundefined[39m,
[2m[WebServer] [22m  guestId: [32m'bb217798-1d01-4bef-9a40-0c4b138bab7b'[39m
[2m[WebServer] [22m}
[2m[WebServer] [22m[Magic Link Request] Guest query result: {
[2m[WebServer] [22m  found: [33mtrue[39m,
[2m[WebServer] [22m  guestId: [32m'b37d45a6-0d61-4486-af42-44295e3f3e76'[39m,
[2m[WebServer] [22m  authMethod: [32m'email_matching'[39m,
[2m[WebServer] [22m  error: [90mundefined[39m
[2m[WebServer] [22m}
[2m[WebServer] [22m[Magic Link Request] Guest has wrong auth method: email_matching
[2m[WebServer] [22m POST /api/guest-auth/magic-link/request [33m400[39m in 156ms[2m (compile: 8ms, proxy.ts: 6ms, render: 142ms)[22m
[Worker 2] Created test guest: {
  email: [32m'test-w2-1770445088915-8rl1q3xp@example.com'[39m,
  id: [32m'0ce55fec-dadc-4457-b91f-ad07078118b5'[39m,
  authMethod: [32m'email_matching'[39m,
  groupId: [32m'c8f2abdd-f9a2-4478-97fa-f36089a60421'[39m
}
[2m[WebServer] [22m[GuestDashboard] Guest query result: {
[2m[WebServer] [22m  found: [33mtrue[39m,
[2m[WebServer] [22m  error: [90mundefined[39m,
[2m[WebServer] [22m  email: [32m'test-w3-1770445078514-eg0tt2rd@example.com'[39m
[2m[WebServer] [22m}
[2m[WebServer] [22m[GuestDashboard] Rendering dashboard for guest: test-w3-1770445078514-eg0tt2rd@example.com
[2m[WebServer] [22m GET /guest/dashboard [32m200[39m in 649ms[2m (compile: 18ms, proxy.ts: 213ms, render: 417ms)[22m
[Worker 2] ✅ Verified guest exists: {
  email: [32m'test-w2-1770445088915-8rl1q3xp@example.com'[39m,
  authMethod: [32m'email_matching'[39m
}
[2m[WebServer] [22m[Middleware] Guest auth check: {
[2m[WebServer] [22m  path: '/api/guest/events',
[2m[WebServer] [22m  hasCookie: true,
[2m[WebServer] [22m  cookieValue: '889ae21b...',
[2m[WebServer] [22m  allCookies: [
[2m[WebServer] [22m  'sb-olcqaawrpnanioaorfer-auth-token',
[2m[WebServer] [22m  'guest_session',
[2m[WebServer] [22m  '__next_hmr_refresh_hash__'
[2m[WebServer] [22m]
[2m[WebServer] [22m}
[2m[WebServer] [22m[Middleware] Guest auth check: {
[2m[WebServer] [22m  path: '/api/guest/wedding-info',
[2m[WebServer] [22m  hasCookie: true,
[2m[WebServer] [22m  cookieValue: '889ae21b...',
[2m[WebServer] [22m  allCookies: [
[2m[WebServer] [22m  'sb-olcqaawrpnanioaorfer-auth-token',
[2m[WebServer] [22m  'guest_session',
[2m[WebServer] [22m  '__next_hmr_refresh_hash__'
[2m[WebServer] [22m]
[2m[WebServer] [22m}
[2m[WebServer] [22m[Middleware] Guest auth check: {
[2m[WebServer] [22m  path: '/api/guest/rsvps',
[2m[WebServer] [22m  hasCookie: true,
[2m[WebServer] [22m  cookieValue: '889ae21b...',
[2m[WebServer] [22m  allCookies: [
[2m[WebServer] [22m  'sb-olcqaawrpnanioaorfer-auth-token',
[2m[WebServer] [22m  'guest_session',
[2m[WebServer] [22m  '__next_hmr_refresh_hash__'
[2m[WebServer] [22m]
[2m[WebServer] [22m}
[2m[WebServer] [22m[Middleware] Guest auth check: {
[2m[WebServer] [22m  path: '/api/guest/announcements',
[2m[WebServer] [22m  hasCookie: true,
[2m[WebServer] [22m  cookieValue: '889ae21b...',
[2m[WebServer] [22m  allCookies: [
[2m[WebServer] [22m  'sb-olcqaawrpnanioaorfer-auth-token',
[2m[WebServer] [22m  'guest_session',
[2m[WebServer] [22m  '__next_hmr_refresh_hash__'
[2m[WebServer] [22m]
[2m[WebServer] [22m}
[2m[WebServer] [22m[Middleware] Session query result: {
[2m[WebServer] [22m  sessionsFound: 1,
[2m[WebServer] [22m  hasError: false,
[2m[WebServer] [22m  errorMessage: undefined,
[2m[WebServer] [22m  tokenPrefix: '889ae21b'
[2m[WebServer] [22m}
[2m[WebServer] [22m[Middleware] Session query result: {
[2m[WebServer] [22m  sessionsFound: 1,
[2m[WebServer] [22m  hasError: false,
[2m[WebServer] [22m  errorMessage: undefined,
[2m[WebServer] [22m  tokenPrefix: '889ae21b'
[2m[WebServer] [22m}
[2m[WebServer] [22m[Middleware] Session query result: {
[2m[WebServer] [22m  sessionsFound: 1,
[2m[WebServer] [22m  hasError: false,
[2m[WebServer] [22m  errorMessage: undefined,
[2m[WebServer] [22m  tokenPrefix: '889ae21b'
[2m[WebServer] [22m}
[2m[WebServer] [22m[Middleware] Session query result: {
[2m[WebServer] [22m  sessionsFound: 1,
[2m[WebServer] [22m  hasError: false,
[2m[WebServer] [22m  errorMessage: undefined,
[2m[WebServer] [22m  tokenPrefix: '889ae21b'
[2m[WebServer] [22m}
[2m[WebServer] [22m GET /auth/guest-login/verify?token=0ab5c3523ea55be74cb6bea23684daf7c35a91f167d902b6e45a18798d94222d [32m200[39m in 1176ms[2m (compile: 1099ms, proxy.ts: 6ms, render: 70ms)[22m
[2m[WebServer] [22m GET /api/guest/announcements [32m200[39m in 1342ms[2m (compile: 621ms, proxy.ts: 238ms, render: 483ms)[22m
[2m[WebServer] [22m GET /api/guest/wedding-info [32m200[39m in 1367ms[2m (compile: 624ms, proxy.ts: 235ms, render: 509ms)[22m
[2m[WebServer] [22m GET /api/guest/rsvps [32m200[39m in 1369ms[2m (compile: 624ms, proxy.ts: 235ms, render: 510ms)[22m
[2m[WebServer] [22m[Middleware] Guest auth check: {
[2m[WebServer] [22m  path: '/guest/dashboard',
[2m[WebServer] [22m  hasCookie: true,
[2m[WebServer] [22m  cookieValue: '889ae21b...',
[2m[WebServer] [22m  allCookies: [
[2m[WebServer] [22m  'sb-olcqaawrpnanioaorfer-auth-token',
[2m[WebServer] [22m  'guest_session',
[2m[WebServer] [22m  '__next_hmr_refresh_hash__'
[2m[WebServer] [22m]
[2m[WebServer] [22m}
[2m[WebServer] [22m GET /api/guest/events [32m200[39m in 1520ms[2m (compile: 624ms, proxy.ts: 234ms, render: 662ms)[22m
[2m[WebServer] [22m[Middleware] Session query result: {
[2m[WebServer] [22m  sessionsFound: 1,
[2m[WebServer] [22m  hasError: false,
[2m[WebServer] [22m  errorMessage: undefined,
[2m[WebServer] [22m  tokenPrefix: '889ae21b'
[2m[WebServer] [22m}
[2m[WebServer] [22m GET /auth/guest-login [32m200[39m in 182ms[2m (compile: 14ms, proxy.ts: 11ms, render: 156ms)[22m
[2m[WebServer] [22m GET /auth/guest-login [32m200[39m in 184ms[2m (compile: 14ms, proxy.ts: 11ms, render: 158ms)[22m
[2m[WebServer] [22m[GuestDashboard] Session check: { hasToken: [33mtrue[39m, tokenPrefix: [32m'889ae21b'[39m }
[2m[WebServer] [22m POST /api/guest-auth/magic-link/verify [34m307[39m in 232ms[2m (compile: 21ms, proxy.ts: 69ms, render: 142ms)[22m
[2m[WebServer] [22m POST /auth/guest-login/verify?error=INVALID_TOKEN&message=Invalid+or+expired+magic+link [32m200[39m in 48ms[2m (compile: 2ms, proxy.ts: 10ms, render: 36ms)[22m
[2m[WebServer] [22m[GuestDashboard] Session query result: {
[2m[WebServer] [22m  found: [33mtrue[39m,
[2m[WebServer] [22m  error: [90mundefined[39m,
[2m[WebServer] [22m  guestId: [32m'bb217798-1d01-4bef-9a40-0c4b138bab7b'[39m
[2m[WebServer] [22m}
[2m[WebServer] [22m[GuestDashboard] Guest query result: {
[2m[WebServer] [22m  found: [33mtrue[39m,
[2m[WebServer] [22m  error: [90mundefined[39m,
[2m[WebServer] [22m  email: [32m'test-w3-1770445078514-eg0tt2rd@example.com'[39m
[2m[WebServer] [22m}
[2m[WebServer] [22m[GuestDashboard] Rendering dashboard for guest: test-w3-1770445078514-eg0tt2rd@example.com
[2m[WebServer] [22m GET /guest/dashboard [32m200[39m in 625ms[2m (compile: 65ms, proxy.ts: 164ms, render: 396ms)[22m
[2m[WebServer] [22m[Middleware] Guest auth check: {
[2m[WebServer] [22m  path: '/api/guest/rsvps',
[2m[WebServer] [22m  hasCookie: true,
[2m[WebServer] [22m  cookieValue: '889ae21b...',
[2m[WebServer] [22m  allCookies: [
[2m[WebServer] [22m  'sb-olcqaawrpnanioaorfer-auth-token',
[2m[WebServer] [22m  'guest_session',
[2m[WebServer] [22m  '__next_hmr_refresh_hash__'
[2m[WebServer] [22m]
[2m[WebServer] [22m}
[2m[WebServer] [22m[Middleware] Guest auth check: {
[2m[WebServer] [22m  path: '/api/guest/events',
[2m[WebServer] [22m  hasCookie: true,
[2m[WebServer] [22m  cookieValue: '889ae21b...',
[2m[WebServer] [22m  allCookies: [
[2m[WebServer] [22m  'sb-olcqaawrpnanioaorfer-auth-token',
[2m[WebServer] [22m  'guest_session',
[2m[WebServer] [22m  '__next_hmr_refresh_hash__'
[2m[WebServer] [22m]
[2m[WebServer] [22m}
[2m[WebServer] [22m[Middleware] Guest auth check: {
[2m[WebServer] [22m  path: '/api/guest/announcements',
[2m[WebServer] [22m  hasCookie: true,
[2m[WebServer] [22m  cookieValue: '889ae21b...',
[2m[WebServer] [22m  allCookies: [
[2m[WebServer] [22m  'sb-olcqaawrpnanioaorfer-auth-token',
[2m[WebServer] [22m  'guest_session',
[2m[WebServer] [22m  '__next_hmr_refresh_hash__'
[2m[WebServer] [22m]
[2m[WebServer] [22m}
[2m[WebServer] [22m[Middleware] Guest auth check: {
[2m[WebServer] [22m  path: '/api/guest/wedding-info',
[2m[WebServer] [22m  hasCookie: true,
[2m[WebServer] [22m  cookieValue: '889ae21b...',
[2m[WebServer] [22m  allCookies: [
[2m[WebServer] [22m  'sb-olcqaawrpnanioaorfer-auth-token',
[2m[WebServer] [22m  'guest_session',
[2m[WebServer] [22m  '__next_hmr_refresh_hash__'
[2m[WebServer] [22m]
[2m[WebServer] [22m}
  ✘   1 [chromium] › __tests__/e2e/auth/guestAuth.spec.ts:207:7 › Guest Authentication › should show loading state during authentication (14.2s)
[2m[WebServer] [22m[Middleware] Session query result: {
[2m[WebServer] [22m  sessionsFound: 0,
[2m[WebServer] [22m  hasError: false,
[2m[WebServer] [22m  errorMessage: undefined,
[2m[WebServer] [22m  tokenPrefix: '889ae21b'
[2m[WebServer] [22m}
[2m[WebServer] [22m[Middleware] No session found in database for token
[2m[WebServer] [22m[Middleware] Session query result: {
[2m[WebServer] [22m  sessionsFound: 0,
[2m[WebServer] [22m  hasError: false,
[2m[WebServer] [22m  errorMessage: undefined,
[2m[WebServer] [22m  tokenPrefix: '889ae21b'
[2m[WebServer] [22m}
[2m[WebServer] [22m[Middleware] No session found in database for token
[2m[WebServer] [22m[Middleware] Session query result: {
[2m[WebServer] [22m  sessionsFound: 0,
[2m[WebServer] [22m  hasError: false,
[2m[WebServer] [22m  errorMessage: undefined,
[2m[WebServer] [22m  tokenPrefix: '889ae21b'
[2m[WebServer] [22m}
[2m[WebServer] [22m[Middleware] No session found in database for token
[2m[WebServer] [22m[Middleware] Session query result: {
[2m[WebServer] [22m  sessionsFound: 0,
[2m[WebServer] [22m  hasError: false,
[2m[WebServer] [22m  errorMessage: undefined,
[2m[WebServer] [22m  tokenPrefix: '889ae21b'
[2m[WebServer] [22m}
[2m[WebServer] [22m[Middleware] No session found in database for token
[dotenv@17.2.4] injecting env (0) from .env.e2e -- tip: 🛠️  run anywhere with `dotenvx run -- yourcommand`
[Worker 4] Created test guest: {
  email: [32m'test-w4-1770445093779-jb497je8@example.com'[39m,
  id: [32m'0b849b5e-db49-4569-b389-e0ca1a4231bc'[39m,
  authMethod: [32m'email_matching'[39m,
  groupId: [32m'e9b6a08d-5994-40f7-8a1f-609f27490e08'[39m
}
[Worker 4] ✅ Verified guest exists: {
  email: [32m'test-w4-1770445093779-jb497je8@example.com'[39m,
  authMethod: [32m'email_matching'[39m
}
[2m[WebServer] [22m GET /auth/guest-login [32m200[39m in 44ms[2m (compile: 2ms, proxy.ts: 6ms, render: 35ms)[22m
[2m[WebServer] [22m[Magic Link Request] Processing request for email: test-w4-1770445093779-jb497je8@example.com
[2m[WebServer] [22m[Magic Link Request] Looking for guest by email...
[2m[WebServer] [22m[Magic Link Request] Guest query result: {
[2m[WebServer] [22m  found: [33mtrue[39m,
[2m[WebServer] [22m  guestId: [32m'0b849b5e-db49-4569-b389-e0ca1a4231bc'[39m,
[2m[WebServer] [22m  authMethod: [32m'email_matching'[39m,
[2m[WebServer] [22m  error: [90mundefined[39m
[2m[WebServer] [22m}
[2m[WebServer] [22m[Magic Link Request] Guest has wrong auth method: email_matching
[2m[WebServer] [22m POST /api/guest-auth/magic-link/request [33m400[39m in 203ms[2m (compile: 10ms, proxy.ts: 44ms, render: 149ms)[22m
  ✘   6 [chromium] › __tests__/e2e/auth/guestAuth.spec.ts:247:7 › Guest Authentication › should successfully request and verify magic link (13.2s)
[dotenv@17.2.4] injecting env (0) from .env.e2e -- tip: ⚙️  enable debug logging with { debug: true }
[Worker 5] Created test guest: {
  email: [32m'test-w5-1770445096339-b37wiosm@example.com'[39m,
  id: [32m'c3665428-1200-479f-9ad5-55ce72c039ef'[39m,
  authMethod: [32m'email_matching'[39m,
  groupId: [32m'f5c0fe30-882e-48af-9540-0021646525a4'[39m
}
[Worker 5] ✅ Verified guest exists: {
  email: [32m'test-w5-1770445096339-b37wiosm@example.com'[39m,
  authMethod: [32m'email_matching'[39m
}
[2m[WebServer] [22m GET /auth/guest-login/verify?token=invalid-token [32m200[39m in 33ms[2m (compile: 1941µs, proxy.ts: 4ms, render: 27ms)[22m
[2m[WebServer] [22m GET /auth/guest-login/verify [32m200[39m in 39ms[2m (compile: 1747µs, proxy.ts: 8ms, render: 29ms)[22m
[2m[WebServer] [22m GET /auth/guest-login/verify?token=6f0ff562dec0627d27b16860fdf4407b2b13f2840639479f0fc29cf0fab3778c [32m200[39m in 77ms[2m (compile: 2ms, proxy.ts: 7ms, render: 67ms)[22m
[2m[WebServer] [22m POST /api/guest-auth/magic-link/verify [34m307[39m in 157ms[2m (compile: 3ms, proxy.ts: 9ms, render: 146ms)[22m
[2m[WebServer] [22m POST /auth/guest-login/verify?error=INVALID_TOKEN&message=Invalid+or+expired+magic+link [32m200[39m in 91ms[2m (compile: 3ms, proxy.ts: 17ms, render: 71ms)[22m
  ✘   7 [chromium] › __tests__/e2e/auth/guestAuth.spec.ts:297:7 › Guest Authentication › should show success message after requesting magic link (14.1s)
[dotenv@17.2.4] injecting env (0) from .env.e2e -- tip: ⚙️  write to custom object with { processEnv: myObject }
  ✓  10 [chromium] › __tests__/e2e/auth/guestAuth.spec.ts:403:7 › Guest Authentication › should show error for invalid or missing token (4.1s)
[Worker 5] Created test guest: {
  email: [32m'test-w5-1770445100582-chkvmfb4@example.com'[39m,
  id: [32m'0f017403-3cef-4631-aca2-651cfc65c9af'[39m,
  authMethod: [32m'email_matching'[39m,
  groupId: [32m'1ff7d500-78c0-4b33-b6cb-1d3a8ba2c55b'[39m
}
[Worker 6] Created test guest: {
  email: [32m'test-w6-1770445100451-i5az6kqw@example.com'[39m,
  id: [32m'f0395f0c-867a-46cc-bf03-bf70f1139837'[39m,
  authMethod: [32m'email_matching'[39m,
  groupId: [32m'eaa60f5b-056c-41aa-9343-f865b90858c7'[39m
}
[Worker 5] ✅ Verified guest exists: {
  email: [32m'test-w5-1770445100582-chkvmfb4@example.com'[39m,
  authMethod: [32m'email_matching'[39m
}
[Worker 6] ✅ Verified guest exists: {
  email: [32m'test-w6-1770445100451-i5az6kqw@example.com'[39m,
  authMethod: [32m'email_matching'[39m
}
[2m[WebServer] [22m GET /auth/guest-login [32m200[39m in 52ms[2m (compile: 4ms, proxy.ts: 6ms, render: 42ms)[22m
[2m[WebServer] [22m GET /auth/guest-login [32m200[39m in 50ms[2m (compile: 3ms, proxy.ts: 8ms, render: 39ms)[22m
[2m[WebServer] [22m[API] Looking for guest with email: test-w5-1770445100582-chkvmfb4@example.com
[2m[WebServer] [22m[API] Looking for guest with email: test-w6-1770445100451-i5az6kqw@example.com
[2m[WebServer] [22m[API] Guest query result: {
[2m[WebServer] [22m  found: [33mtrue[39m,
[2m[WebServer] [22m  email: [32m'test-w5-1770445100582-chkvmfb4@example.com'[39m,
[2m[WebServer] [22m  authMethod: [32m'email_matching'[39m,
[2m[WebServer] [22m  error: [90mundefined[39m
[2m[WebServer] [22m}
[2m[WebServer] [22m[API] Guest query result: {
[2m[WebServer] [22m  found: [33mtrue[39m,
[2m[WebServer] [22m  email: [32m'test-w6-1770445100451-i5az6kqw@example.com'[39m,
[2m[WebServer] [22m  authMethod: [32m'email_matching'[39m,
[2m[WebServer] [22m  error: [90mundefined[39m
[2m[WebServer] [22m}
  ✘   8 [chromium] › __tests__/e2e/auth/guestAuth.spec.ts:325:7 › Guest Authentication › should show error for expired magic link (13.5s)
[2m[WebServer] [22m[API] Setting guest session cookie: {
[2m[WebServer] [22m  tokenPrefix: [32m'20fc1158'[39m,
[2m[WebServer] [22m  cookieOptions: {
[2m[WebServer] [22m    httpOnly: [33mtrue[39m,
[2m[WebServer] [22m    secure: [33mfalse[39m,
[2m[WebServer] [22m    sameSite: [32m'lax'[39m,
[2m[WebServer] [22m    maxAge: [33m86400[39m,
[2m[WebServer] [22m    path: [32m'/'[39m
[2m[WebServer] [22m  },
[2m[WebServer] [22m  guestId: [32m'0f017403-3cef-4631-aca2-651cfc65c9af'[39m,
[2m[WebServer] [22m  sessionId: [32m'5b00071f-9864-4059-9346-9b2488fc6777'[39m
[2m[WebServer] [22m}
[2m[WebServer] [22m POST /api/guest-auth/email-match [32m200[39m in 596ms[2m (compile: 9ms, proxy.ts: 21ms, render: 566ms)[22m
[2m[WebServer] [22m[API] Setting guest session cookie: {
[2m[WebServer] [22m  tokenPrefix: [32m'5bd7a519'[39m,
[2m[WebServer] [22m  cookieOptions: {
[2m[WebServer] [22m    httpOnly: [33mtrue[39m,
[2m[WebServer] [22m    secure: [33mfalse[39m,
[2m[WebServer] [22m    sameSite: [32m'lax'[39m,
[2m[WebServer] [22m    maxAge: [33m86400[39m,
[2m[WebServer] [22m    path: [32m'/'[39m
[2m[WebServer] [22m  },
[2m[WebServer] [22m  guestId: [32m'f0395f0c-867a-46cc-bf03-bf70f1139837'[39m,
[2m[WebServer] [22m  sessionId: [32m'26263a23-154d-4032-91bf-54f28dd30e8b'[39m
[2m[WebServer] [22m}
[2m[WebServer] [22m POST /api/guest-auth/email-match [32m200[39m in 472ms[2m (compile: 3ms, proxy.ts: 13ms, render: 455ms)[22m
[2m[WebServer] [22m[Middleware] Guest auth check: {
[2m[WebServer] [22m  path: '/guest/dashboard',
[2m[WebServer] [22m  hasCookie: true,
[2m[WebServer] [22m  cookieValue: '20fc1158...',
[2m[WebServer] [22m  allCookies: [ 'sb-olcqaawrpnanioaorfer-auth-token', 'guest_session' ]
[2m[WebServer] [22m}
[2m[WebServer] [22m[Middleware] Guest auth check: {
[2m[WebServer] [22m  path: '/guest/dashboard',
[2m[WebServer] [22m  hasCookie: true,
[2m[WebServer] [22m  cookieValue: '5bd7a519...',
[2m[WebServer] [22m  allCookies: [ 'sb-olcqaawrpnanioaorfer-auth-token', 'guest_session' ]
[2m[WebServer] [22m}
[2m[WebServer] [22m[Middleware] Session query result: {
[2m[WebServer] [22m  sessionsFound: 1,
[2m[WebServer] [22m  hasError: false,
[2m[WebServer] [22m  errorMessage: undefined,
[2m[WebServer] [22m  tokenPrefix: '20fc1158'
[2m[WebServer] [22m}
[2m[WebServer] [22m[GuestDashboard] Session check: { hasToken: [33mtrue[39m, tokenPrefix: [32m'20fc1158'[39m }
[2m[WebServer] [22m[Middleware] Session query result: {
[2m[WebServer] [22m  sessionsFound: 1,
[2m[WebServer] [22m  hasError: false,
[2m[WebServer] [22m  errorMessage: undefined,
[2m[WebServer] [22m  tokenPrefix: '5bd7a519'
[2m[WebServer] [22m}
[2m[WebServer] [22m[GuestDashboard] Session check: { hasToken: [33mtrue[39m, tokenPrefix: [32m'5bd7a519'[39m }
[2m[WebServer] [22m[GuestDashboard] Session query result: {
[2m[WebServer] [22m  found: [33mtrue[39m,
[2m[WebServer] [22m  error: [90mundefined[39m,
[2m[WebServer] [22m  guestId: [32m'0f017403-3cef-4631-aca2-651cfc65c9af'[39m
[2m[WebServer] [22m}
[2m[WebServer] [22m[GuestDashboard] Session query result: {
[2m[WebServer] [22m  found: [33mtrue[39m,
[2m[WebServer] [22m  error: [90mundefined[39m,
[2m[WebServer] [22m  guestId: [32m'f0395f0c-867a-46cc-bf03-bf70f1139837'[39m
[2m[WebServer] [22m}
[dotenv@17.2.4] injecting env (0) from .env.e2e -- tip: ⚙️  suppress all logs with { quiet: true }
[2m[WebServer] [22m[GuestDashboard] Guest query result: {
[2m[WebServer] [22m  found: [33mtrue[39m,
[2m[WebServer] [22m  error: [90mundefined[39m,
[2m[WebServer] [22m  email: [32m'test-w5-1770445100582-chkvmfb4@example.com'[39m
[2m[WebServer] [22m}
[2m[WebServer] [22m[GuestDashboard] Rendering dashboard for guest: test-w5-1770445100582-chkvmfb4@example.com
[2m[WebServer] [22m[GuestDashboard] Guest query result: {
[2m[WebServer] [22m  found: [33mtrue[39m,
[2m[WebServer] [22m  error: [90mundefined[39m,
[2m[WebServer] [22m  email: [32m'test-w6-1770445100451-i5az6kqw@example.com'[39m
[2m[WebServer] [22m}
[2m[WebServer] [22m[GuestDashboard] Rendering dashboard for guest: test-w6-1770445100451-i5az6kqw@example.com
[2m[WebServer] [22m GET /guest/dashboard [32m200[39m in 696ms[2m (compile: 3ms, proxy.ts: 177ms, render: 516ms)[22m
[2m[WebServer] [22m GET /guest/dashboard [32m200[39m in 626ms[2m (compile: 2ms, proxy.ts: 140ms, render: 484ms)[22m
[2m[WebServer] [22m[Middleware] Guest auth check: {
[2m[WebServer] [22m  path: '/guest/events',
[2m[WebServer] [22m  hasCookie: true,
[2m[WebServer] [22m  cookieValue: '20fc1158...',
[2m[WebServer] [22m  allCookies: [ 'sb-olcqaawrpnanioaorfer-auth-token', 'guest_session' ]
[2m[WebServer] [22m}
[2m[WebServer] [22m[Middleware] Session query result: {
[2m[WebServer] [22m  sessionsFound: 1,
[2m[WebServer] [22m  hasError: false,
[2m[WebServer] [22m  errorMessage: undefined,
[2m[WebServer] [22m  tokenPrefix: '20fc1158'
[2m[WebServer] [22m}
[Worker 7] Created test guest: {
  email: [32m'test-w7-1770445103193-x3vxyvi7@example.com'[39m,
  id: [32m'07b1e287-f2a0-4b75-8ae6-351323609a38'[39m,
  authMethod: [32m'email_matching'[39m,
  groupId: [32m'2520ca53-f757-4da5-b109-378ca668ddc3'[39m
}
[Worker 7] ✅ Verified guest exists: {
  email: [32m'test-w7-1770445103193-x3vxyvi7@example.com'[39m,
  authMethod: [32m'email_matching'[39m
}
[2m[WebServer] [22m[Middleware] Guest auth check: {
[2m[WebServer] [22m  path: '/api/guest/events',
[2m[WebServer] [22m  hasCookie: true,
[2m[WebServer] [22m  cookieValue: '20fc1158...',
[2m[WebServer] [22m  allCookies: [ 'sb-olcqaawrpnanioaorfer-auth-token', 'guest_session' ]
[2m[WebServer] [22m}
[2m[WebServer] [22m[Middleware] Guest auth check: {
[2m[WebServer] [22m  path: '/api/guest/announcements',
[2m[WebServer] [22m  hasCookie: true,
[2m[WebServer] [22m  cookieValue: '20fc1158...',
[2m[WebServer] [22m  allCookies: [ 'sb-olcqaawrpnanioaorfer-auth-token', 'guest_session' ]
[2m[WebServer] [22m}
[2m[WebServer] [22m[Middleware] Guest auth check: {
[2m[WebServer] [22m  path: '/api/guest/rsvps',
[2m[WebServer] [22m  hasCookie: true,
[2m[WebServer] [22m  cookieValue: '20fc1158...',
[2m[WebServer] [22m  allCookies: [ 'sb-olcqaawrpnanioaorfer-auth-token', 'guest_session' ]
[2m[WebServer] [22m}
[2m[WebServer] [22m[Middleware] Guest auth check: {
[2m[WebServer] [22m  path: '/api/guest/wedding-info',
[2m[WebServer] [22m  hasCookie: true,
[2m[WebServer] [22m  cookieValue: '20fc1158...',
[2m[WebServer] [22m  allCookies: [ 'sb-olcqaawrpnanioaorfer-auth-token', 'guest_session' ]
[2m[WebServer] [22m}
[2m[WebServer] [22m[Middleware] Guest auth check: {
[2m[WebServer] [22m  path: '/api/guest/events',
[2m[WebServer] [22m  hasCookie: true,
[2m[WebServer] [22m  cookieValue: '5bd7a519...',
[2m[WebServer] [22m  allCookies: [ 'sb-olcqaawrpnanioaorfer-auth-token', 'guest_session' ]
[2m[WebServer] [22m}
[2m[WebServer] [22m[Middleware] Guest auth check: {
[2m[WebServer] [22m  path: '/api/guest/wedding-info',
[2m[WebServer] [22m  hasCookie: true,
[2m[WebServer] [22m  cookieValue: '5bd7a519...',
[2m[WebServer] [22m  allCookies: [ 'sb-olcqaawrpnanioaorfer-auth-token', 'guest_session' ]
[2m[WebServer] [22m}
[2m[WebServer] [22m[Middleware] Guest auth check: {
[2m[WebServer] [22m  path: '/api/guest/rsvps',
[2m[WebServer] [22m  hasCookie: true,
[2m[WebServer] [22m  cookieValue: '5bd7a519...',
[2m[WebServer] [22m  allCookies: [ 'sb-olcqaawrpnanioaorfer-auth-token', 'guest_session' ]
[2m[WebServer] [22m}
[2m[WebServer] [22m[Middleware] Guest auth check: {
[2m[WebServer] [22m  path: '/api/guest/announcements',
[2m[WebServer] [22m  hasCookie: true,
[2m[WebServer] [22m  cookieValue: '5bd7a519...',
[2m[WebServer] [22m  allCookies: [ 'sb-olcqaawrpnanioaorfer-auth-token', 'guest_session' ]
[2m[WebServer] [22m}
[2m[WebServer] [22m GET /auth/guest-login [32m200[39m in 1371ms[2m (compile: 1007ms, proxy.ts: 73ms, render: 291ms)[22m
[2m[WebServer] [22m GET /auth/guest-login [32m200[39m in 111ms[2m (compile: 4ms, proxy.ts: 16ms, render: 91ms)[22m
[2m[WebServer] [22m[Middleware] Session query result: {
[2m[WebServer] [22m  sessionsFound: 1,
[2m[WebServer] [22m  hasError: false,
[2m[WebServer] [22m  errorMessage: undefined,
[2m[WebServer] [22m  tokenPrefix: '20fc1158'
[2m[WebServer] [22m}
[2m[WebServer] [22m[Middleware] Session query result: {
[2m[WebServer] [22m  sessionsFound: 1,
[2m[WebServer] [22m  hasError: false,
[2m[WebServer] [22m  errorMessage: undefined,
[2m[WebServer] [22m  tokenPrefix: '20fc1158'
[2m[WebServer] [22m}
[2m[WebServer] [22m[Middleware] Session query result: {
[2m[WebServer] [22m  sessionsFound: 1,
[2m[WebServer] [22m  hasError: false,
[2m[WebServer] [22m  errorMessage: undefined,
[2m[WebServer] [22m  tokenPrefix: '20fc1158'
[2m[WebServer] [22m}
[2m[WebServer] [22m[Middleware] Session query result: {
[2m[WebServer] [22m  sessionsFound: 1,
[2m[WebServer] [22m  hasError: false,
[2m[WebServer] [22m  errorMessage: undefined,
[2m[WebServer] [22m  tokenPrefix: '20fc1158'
[2m[WebServer] [22m}
[2m[WebServer] [22m[Middleware] Session query result: {
[2m[WebServer] [22m  sessionsFound: 1,
[2m[WebServer] [22m  hasError: false,
[2m[WebServer] [22m  errorMessage: undefined,
[2m[WebServer] [22m  tokenPrefix: '5bd7a519'
[2m[WebServer] [22m}
[2m[WebServer] [22m[Middleware] Session query result: {
[2m[WebServer] [22m  sessionsFound: 1,
[2m[WebServer] [22m  hasError: false,
[2m[WebServer] [22m  errorMessage: undefined,
[2m[WebServer] [22m  tokenPrefix: '5bd7a519'
[2m[WebServer] [22m}
[2m[WebServer] [22m[Middleware] Session query result: {
[2m[WebServer] [22m  sessionsFound: 1,
[2m[WebServer] [22m  hasError: false,
[2m[WebServer] [22m  errorMessage: undefined,
[2m[WebServer] [22m  tokenPrefix: '5bd7a519'
[2m[WebServer] [22m}
[2m[WebServer] [22m[Middleware] Session query result: {
[2m[WebServer] [22m  sessionsFound: 1,
[2m[WebServer] [22m  hasError: false,
[2m[WebServer] [22m  errorMessage: undefined,
[2m[WebServer] [22m  tokenPrefix: '5bd7a519'
[2m[WebServer] [22m}
[2m[WebServer] [22m GET /api/guest/wedding-info [32m200[39m in 418ms[2m (compile: 67ms, proxy.ts: 209ms, render: 142ms)[22m
[2m[WebServer] [22m GET /api/guest/rsvps [32m200[39m in 418ms[2m (compile: 51ms, proxy.ts: 191ms, render: 177ms)[22m
[2m[WebServer] [22m GET /api/guest/events [32m200[39m in 418ms[2m (compile: 67ms, proxy.ts: 198ms, render: 154ms)[22m
[2m[WebServer] [22m GET /api/guest/announcements [32m200[39m in 419ms[2m (compile: 56ms, proxy.ts: 197ms, render: 166ms)[22m
[2m[WebServer] [22m GET /guest/events [32m200[39m in 2.6s[2m (compile: 1795ms, proxy.ts: 172ms, render: 681ms)[22m
  ✘   9 [chromium] › __tests__/e2e/auth/guestAuth.spec.ts:361:7 › Guest Authentication › should show error for already used magic link (12.4s)
[2m[WebServer] [22m GET /api/guest/wedding-info [32m200[39m in 935ms[2m (compile: 2ms, proxy.ts: 329ms, render: 603ms)[22m
[2m[WebServer] [22m GET /api/guest/announcements [32m200[39m in 968ms[2m (compile: 5ms, proxy.ts: 314ms, render: 649ms)[22m
[2m[WebServer] [22m GET /api/guest/rsvps [32m200[39m in 992ms[2m (compile: 6ms, proxy.ts: 310ms, render: 677ms)[22m
[2m[WebServer] [22m GET /api/guest/events [32m200[39m in 1033ms[2m (compile: 7ms, proxy.ts: 286ms, render: 740ms)[22m
[2m[WebServer] [22m[Middleware] Guest auth check: {
[2m[WebServer] [22m  path: '/api/guest/events',
[2m[WebServer] [22m  hasCookie: true,
[2m[WebServer] [22m  cookieValue: '20fc1158...',
[2m[WebServer] [22m  allCookies: [ 'sb-olcqaawrpnanioaorfer-auth-token', 'guest_session' ]
[2m[WebServer] [22m}
[2m[WebServer] [22m[Middleware] Guest auth check: {
[2m[WebServer] [22m  path: '/guest/events',
[2m[WebServer] [22m  hasCookie: true,
[2m[WebServer] [22m  cookieValue: '20fc1158...',
[2m[WebServer] [22m  allCookies: [ 'sb-olcqaawrpnanioaorfer-auth-token', 'guest_session' ]
[2m[WebServer] [22m}
[2m[WebServer] [22m[Middleware] Session query result: {
[2m[WebServer] [22m  sessionsFound: 1,
[2m[WebServer] [22m  hasError: false,
[2m[WebServer] [22m  errorMessage: undefined,
[2m[WebServer] [22m  tokenPrefix: '20fc1158'
[2m[WebServer] [22m}
[2m[WebServer] [22m[Middleware] Session query result: {
[2m[WebServer] [22m  sessionsFound: 1,
[2m[WebServer] [22m  hasError: false,
[2m[WebServer] [22m  errorMessage: undefined,
[2m[WebServer] [22m  tokenPrefix: '20fc1158'
[2m[WebServer] [22m}
[dotenv@17.2.4] injecting env (0) from .env.e2e -- tip: 📡 add observability to secrets: https://dotenvx.com/ops
[2m[WebServer] [22m GET /api/guest/events [32m200[39m in 478ms[2m (compile: 4ms, proxy.ts: 152ms, render: 322ms)[22m
[2m[WebServer] [22m GET /guest/events [32m200[39m in 489ms[2m (compile: 7ms, proxy.ts: 149ms, render: 333ms)[22m
[Worker 8] Created test guest: {
  email: [32m'test-w8-1770445107457-7vir9sh6@example.com'[39m,
  id: [32m'6c917217-6fcf-405a-8b04-9fdef9db6cc4'[39m,
  authMethod: [32m'email_matching'[39m,
  groupId: [32m'76bfbba3-5818-4e42-924e-40ce83bdcf41'[39m
}
  ✓  13 [chromium] › __tests__/e2e/auth/guestAuth.spec.ts:503:7 › Guest Authentication › should switch between authentication tabs (4.5s)
[Worker 8] ✅ Verified guest exists: {
  email: [32m'test-w8-1770445107457-7vir9sh6@example.com'[39m,
  authMethod: [32m'email_matching'[39m
}
[2m[WebServer] [22m[Middleware] Guest auth check: {
[2m[WebServer] [22m  path: '/api/guest/events',
[2m[WebServer] [22m  hasCookie: true,
[2m[WebServer] [22m  cookieValue: '20fc1158...',
[2m[WebServer] [22m  allCookies: [ 'sb-olcqaawrpnanioaorfer-auth-token', 'guest_session' ]
[2m[WebServer] [22m}
[2m[WebServer] [22m[Middleware] Session query result: {
[2m[WebServer] [22m  sessionsFound: 1,
[2m[WebServer] [22m  hasError: false,
[2m[WebServer] [22m  errorMessage: undefined,
[2m[WebServer] [22m  tokenPrefix: '20fc1158'
[2m[WebServer] [22m}
[Worker 7] Created test guest: {
  email: [32m'test-w7-1770445107901-08evpqn4@example.com'[39m,
  id: [32m'e217972a-8edd-48c5-9b0f-2daf95615056'[39m,
  authMethod: [32m'email_matching'[39m,
  groupId: [32m'21a981a8-46fb-45bf-8b20-246e6ada69cf'[39m
}
[2m[WebServer] [22m GET /auth/guest-login [32m200[39m in 41ms[2m (compile: 5ms, proxy.ts: 5ms, render: 31ms)[22m
[Worker 7] ✅ Verified guest exists: {
  email: [32m'test-w7-1770445107901-08evpqn4@example.com'[39m,
  authMethod: [32m'email_matching'[39m
}
[2m[WebServer] [22m GET /auth/guest-login [32m200[39m in 49ms[2m (compile: 4ms, proxy.ts: 14ms, render: 31ms)[22m
[2m[WebServer] [22m GET /api/guest/events [32m200[39m in 709ms[2m (compile: 2ms, proxy.ts: 137ms, render: 569ms)[22m
[2m[WebServer] [22m[Middleware] Guest auth check: {
[2m[WebServer] [22m  path: '/guest/activities',
[2m[WebServer] [22m  hasCookie: true,
[2m[WebServer] [22m  cookieValue: '20fc1158...',
[2m[WebServer] [22m  allCookies: [ 'sb-olcqaawrpnanioaorfer-auth-token', 'guest_session' ]
[2m[WebServer] [22m}
[2m[WebServer] [22m[API] Looking for guest with email: nonexistent@example.com
[2m[WebServer] [22m[Middleware] Session query result: {
[2m[WebServer] [22m  sessionsFound: 1,
[2m[WebServer] [22m  hasError: false,
[2m[WebServer] [22m  errorMessage: undefined,
[2m[WebServer] [22m  tokenPrefix: '20fc1158'
[2m[WebServer] [22m}
[2m[WebServer] [22m[API] Guest query result: {
[2m[WebServer] [22m  found: [33mfalse[39m,
[2m[WebServer] [22m  email: [90mundefined[39m,
[2m[WebServer] [22m  authMethod: [90mundefined[39m,
[2m[WebServer] [22m  error: [32m'Cannot coerce the result to a single JSON object'[39m
[2m[WebServer] [22m}
[2m[WebServer] [22m POST /api/guest-auth/email-match [33m404[39m in 375ms[2m (compile: 4ms, proxy.ts: 10ms, render: 361ms)[22m
[2m[WebServer] [22m[API] Looking for guest with email: test-w7-1770445107901-08evpqn4@example.com
[2m[WebServer] [22m GET /auth/guest-login/verify?token=45fe32f151ba7528183dc56adb69a497776592e4792459a807094db4c6ccc515 [32m200[39m in 1535ms[2m (compile: 1385ms, proxy.ts: 14ms, render: 136ms)[22m
[2m[WebServer] [22m[API] Guest query result: {
[2m[WebServer] [22m  found: [33mtrue[39m,
[2m[WebServer] [22m  email: [32m'test-w7-1770445107901-08evpqn4@example.com'[39m,
[2m[WebServer] [22m  authMethod: [32m'email_matching'[39m,
[2m[WebServer] [22m  error: [90mundefined[39m
[2m[WebServer] [22m}
[2m[WebServer] [22m[API] Setting guest session cookie: {
[2m[WebServer] [22m  tokenPrefix: [32m'de2ab6a6'[39m,
[2m[WebServer] [22m  cookieOptions: {
[2m[WebServer] [22m    httpOnly: [33mtrue[39m,
[2m[WebServer] [22m    secure: [33mfalse[39m,
[2m[WebServer] [22m    sameSite: [32m'lax'[39m,
[2m[WebServer] [22m    maxAge: [33m86400[39m,
[2m[WebServer] [22m    path: [32m'/'[39m
[2m[WebServer] [22m  },
[2m[WebServer] [22m  guestId: [32m'e217972a-8edd-48c5-9b0f-2daf95615056'[39m,
[2m[WebServer] [22m  sessionId: [32m'3cce5bf4-8152-45a0-9d2f-68a5b2cf4cc0'[39m
[2m[WebServer] [22m}
[2m[WebServer] [22m POST /api/guest-auth/email-match [32m200[39m in 2.0s[2m (compile: 1619ms, proxy.ts: 44ms, render: 340ms)[22m
[2m[WebServer] [22m GET /guest/activities [32m200[39m in 2.6s[2m (compile: 2.0s, proxy.ts: 163ms, render: 434ms)[22m
[2m[WebServer] [22m[Middleware] Guest auth check: {
[2m[WebServer] [22m  path: '/guest/dashboard',
[2m[WebServer] [22m  hasCookie: true,
[2m[WebServer] [22m  cookieValue: 'de2ab6a6...',
[2m[WebServer] [22m  allCookies: [ 'sb-olcqaawrpnanioaorfer-auth-token', 'guest_session' ]
[2m[WebServer] [22m}
[2m[WebServer] [22m[Middleware] Session query result: {
[2m[WebServer] [22m  sessionsFound: 1,
[2m[WebServer] [22m  hasError: false,
[2m[WebServer] [22m  errorMessage: undefined,
[2m[WebServer] [22m  tokenPrefix: 'de2ab6a6'
[2m[WebServer] [22m}
[2m[WebServer] [22m[GuestDashboard] Session check: { hasToken: [33mtrue[39m, tokenPrefix: [32m'de2ab6a6'[39m }
[2m[WebServer] [22m GET /guest/dashboard [32m200[39m in 226ms[2m (compile: 17ms, proxy.ts: 150ms, render: 59ms)[22m
[2m[WebServer] [22m[Middleware] Guest auth check: {
[2m[WebServer] [22m  path: '/guest/dashboard',
[2m[WebServer] [22m  hasCookie: true,
[2m[WebServer] [22m  cookieValue: '5bd7a519...',
[2m[WebServer] [22m  allCookies: [ 'sb-olcqaawrpnanioaorfer-auth-token', 'guest_session' ]
[2m[WebServer] [22m}
[2m[WebServer] [22m GET /auth/guest-login [32m200[39m in 94ms[2m (compile: 11ms, proxy.ts: 18ms, render: 65ms)[22m
[2m[WebServer] [22m[GuestDashboard] Session query result: {
[2m[WebServer] [22m  found: [33mtrue[39m,
[2m[WebServer] [22m  error: [90mundefined[39m,
[2m[WebServer] [22m  guestId: [32m'e217972a-8edd-48c5-9b0f-2daf95615056'[39m
[2m[WebServer] [22m}
[2m[WebServer] [22m[Middleware] Session query result: {
[2m[WebServer] [22m  sessionsFound: 1,
[2m[WebServer] [22m  hasError: false,
[2m[WebServer] [22m  errorMessage: undefined,
[2m[WebServer] [22m  tokenPrefix: '5bd7a519'
[2m[WebServer] [22m}
[2m[WebServer] [22m[GuestDashboard] Session check: { hasToken: [33mtrue[39m, tokenPrefix: [32m'5bd7a519'[39m }
[2m[WebServer] [22m POST /api/guest-auth/magic-link/verify [34m307[39m in 205ms[2m (compile: 12ms, proxy.ts: 48ms, render: 144ms)[22m
[2m[WebServer] [22m POST /auth/guest-login/verify?error=INVALID_TOKEN&message=Invalid+or+expired+magic+link [32m200[39m in 80ms[2m (compile: 9ms, proxy.ts: 10ms, render: 60ms)[22m
[2m[WebServer] [22m[GuestDashboard] Session query result: {
[2m[WebServer] [22m  found: [33mtrue[39m,
[2m[WebServer] [22m  error: [90mundefined[39m,
[2m[WebServer] [22m  guestId: [32m'f0395f0c-867a-46cc-bf03-bf70f1139837'[39m
[2m[WebServer] [22m}
[2m[WebServer] [22m[GuestDashboard] Guest query result: {
[2m[WebServer] [22m  found: [33mtrue[39m,
[2m[WebServer] [22m  error: [90mundefined[39m,
[2m[WebServer] [22m  email: [32m'test-w7-1770445107901-08evpqn4@example.com'[39m
[2m[WebServer] [22m}
[2m[WebServer] [22m[GuestDashboard] Rendering dashboard for guest: test-w7-1770445107901-08evpqn4@example.com
[2m[WebServer] [22m[GuestDashboard] Guest query result: {
[2m[WebServer] [22m  found: [33mtrue[39m,
[2m[WebServer] [22m  error: [90mundefined[39m,
[2m[WebServer] [22m  email: [32m'test-w6-1770445100451-i5az6kqw@example.com'[39m
[2m[WebServer] [22m}
[2m[WebServer] [22m[GuestDashboard] Rendering dashboard for guest: test-w6-1770445100451-i5az6kqw@example.com
[2m[WebServer] [22m[Middleware] Guest auth check: {
[2m[WebServer] [22m  path: '/api/guest/activities',
[2m[WebServer] [22m  hasCookie: true,
[2m[WebServer] [22m  cookieValue: '20fc1158...',
[2m[WebServer] [22m  allCookies: [ 'sb-olcqaawrpnanioaorfer-auth-token', 'guest_session' ]
[2m[WebServer] [22m}
[2m[WebServer] [22m GET /guest/dashboard [32m200[39m in 565ms[2m (compile: 7ms, proxy.ts: 153ms, render: 404ms)[22m
[2m[WebServer] [22m[Middleware] Session query result: {
[2m[WebServer] [22m  sessionsFound: 1,
[2m[WebServer] [22m  hasError: false,
[2m[WebServer] [22m  errorMessage: undefined,
[2m[WebServer] [22m  tokenPrefix: '20fc1158'
[2m[WebServer] [22m}
[2m[WebServer] [22m[Middleware] Guest auth check: {
[2m[WebServer] [22m  path: '/guest/activities',
[2m[WebServer] [22m  hasCookie: true,
[2m[WebServer] [22m  cookieValue: '20fc1158...',
[2m[WebServer] [22m  allCookies: [ 'sb-olcqaawrpnanioaorfer-auth-token', 'guest_session' ]
[2m[WebServer] [22m}
[2m[WebServer] [22m[Middleware] Session query result: {
[2m[WebServer] [22m  sessionsFound: 1,
[2m[WebServer] [22m  hasError: false,
[2m[WebServer] [22m  errorMessage: undefined,
[2m[WebServer] [22m  tokenPrefix: '20fc1158'
[2m[WebServer] [22m}
[2m[WebServer] [22m[Middleware] Guest auth check: {
[2m[WebServer] [22m  path: '/api/guest/rsvps',
[2m[WebServer] [22m  hasCookie: true,
[2m[WebServer] [22m  cookieValue: '5bd7a519...',
[2m[WebServer] [22m  allCookies: [ 'sb-olcqaawrpnanioaorfer-auth-token', 'guest_session' ]
[2m[WebServer] [22m}
[2m[WebServer] [22m[Middleware] Guest auth check: {
[2m[WebServer] [22m  path: '/api/guest/wedding-info',
[2m[WebServer] [22m  hasCookie: true,
[2m[WebServer] [22m  cookieValue: '5bd7a519...',
[2m[WebServer] [22m  allCookies: [ 'sb-olcqaawrpnanioaorfer-auth-token', 'guest_session' ]
[2m[WebServer] [22m}
[2m[WebServer] [22m[Middleware] Guest auth check: {
[2m[WebServer] [22m  path: '/api/guest/events',
[2m[WebServer] [22m  hasCookie: true,
[2m[WebServer] [22m  cookieValue: '5bd7a519...',
[2m[WebServer] [22m  allCookies: [ 'sb-olcqaawrpnanioaorfer-auth-token', 'guest_session' ]
[2m[WebServer] [22m}
[2m[WebServer] [22m[Middleware] Guest auth check: {
[2m[WebServer] [22m  path: '/api/guest/announcements',
[2m[WebServer] [22m  hasCookie: true,
[2m[WebServer] [22m  cookieValue: '5bd7a519...',
[2m[WebServer] [22m  allCookies: [ 'sb-olcqaawrpnanioaorfer-auth-token', 'guest_session' ]
[2m[WebServer] [22m}
[2m[WebServer] [22m GET /auth/guest-login [32m200[39m in 229ms[2m (compile: 29ms, proxy.ts: 10ms, render: 190ms)[22m
[2m[WebServer] [22m GET /auth/guest-login/verify?error=INVALID_TOKEN&message=Invalid+or+expired+magic+link [32m200[39m in 231ms[2m (compile: 82ms, proxy.ts: 10ms, render: 139ms)[22m
[2m[WebServer] [22m GET /api/guest/activities [32m200[39m in 1503ms[2m (compile: 581ms, proxy.ts: 344ms, render: 577ms)[22m
[2m[WebServer] [22m[Middleware] Session query result: {
[2m[WebServer] [22m  sessionsFound: 1,
[2m[WebServer] [22m  hasError: false,
[2m[WebServer] [22m  errorMessage: undefined,
[2m[WebServer] [22m  tokenPrefix: '5bd7a519'
[2m[WebServer] [22m}
[2m[WebServer] [22m[Middleware] Session query result: {
[2m[WebServer] [22m  sessionsFound: 1,
[2m[WebServer] [22m  hasError: false,
[2m[WebServer] [22m  errorMessage: undefined,
[2m[WebServer] [22m  tokenPrefix: '5bd7a519'
[2m[WebServer] [22m}
[2m[WebServer] [22m[Middleware] Session query result: {
[2m[WebServer] [22m  sessionsFound: 1,
[2m[WebServer] [22m  hasError: false,
[2m[WebServer] [22m  errorMessage: undefined,
[2m[WebServer] [22m  tokenPrefix: '5bd7a519'
[2m[WebServer] [22m}
[2m[WebServer] [22m[Middleware] Session query result: {
[2m[WebServer] [22m  sessionsFound: 1,
[2m[WebServer] [22m  hasError: false,
[2m[WebServer] [22m  errorMessage: undefined,
[2m[WebServer] [22m  tokenPrefix: '5bd7a519'
[2m[WebServer] [22m}
[2m[WebServer] [22m GET /api/guest/announcements [33m401[39m in 363ms[2m (compile: 16ms, proxy.ts: 207ms, render: 140ms)[22m
[2m[WebServer] [22m GET /api/guest/events [33m401[39m in 370ms[2m (compile: 27ms, proxy.ts: 208ms, render: 135ms)[22m
[2m[WebServer] [22m GET /api/guest/wedding-info [33m401[39m in 374ms[2m (compile: 32ms, proxy.ts: 220ms, render: 122ms)[22m
[2m[WebServer] [22m GET /api/guest/rsvps [33m401[39m in 385ms[2m (compile: 31ms, proxy.ts: 214ms, render: 140ms)[22m
[2m[WebServer] [22m GET /guest/activities [32m200[39m in 893ms[2m (compile: 100ms, proxy.ts: 154ms, render: 639ms)[22m
  ✘  11 [chromium] › __tests__/e2e/auth/guestAuth.spec.ts:432:7 › Guest Authentication › should complete logout flow (13.8s)
[2m[WebServer] [22m[Middleware] Guest auth check: {
[2m[WebServer] [22m  path: '/api/guest/activities',
[2m[WebServer] [22m  hasCookie: true,
[2m[WebServer] [22m  cookieValue: '20fc1158...',
[2m[WebServer] [22m  allCookies: [ 'sb-olcqaawrpnanioaorfer-auth-token', 'guest_session' ]
[2m[WebServer] [22m}
[2m[WebServer] [22m[Middleware] Session query result: {
[2m[WebServer] [22m  sessionsFound: 1,
[2m[WebServer] [22m  hasError: false,
[2m[WebServer] [22m  errorMessage: undefined,
[2m[WebServer] [22m  tokenPrefix: '20fc1158'
[2m[WebServer] [22m}
[2m[WebServer] [22m GET /api/guest/activities [32m200[39m in 544ms[2m (compile: 1597µs, proxy.ts: 135ms, render: 408ms)[22m
  ✓  12 [chromium] › __tests__/e2e/auth/guestAuth.spec.ts:475:7 › Guest Authentication › should persist authentication across page refreshes (16.6s)
  ✘  15 [chromium] › __tests__/e2e/auth/guestAuth.spec.ts:590:7 › Guest Authentication › should log authentication events in audit log (12.1s)
  ✘  14 [chromium] › __tests__/e2e/auth/guestAuth.spec.ts:546:7 › Guest Authentication › should handle authentication errors gracefully (15.1s)

🧹 E2E Global Teardown Starting...

🗑️  Cleaning up test data...
🧹 Running comprehensive test cleanup...
✅ Comprehensive cleanup complete
✅ Test data cleaned

🔓 Removing authentication state...
   Removed: .auth/user.json
   Removed empty .auth directory
✅ Authentication state removed

📊 Execution Summary:
   Duration: 2.26s
   Errors: 0
   Status: ✅ Clean teardown

✨ E2E Global Teardown Complete!



  1) [chromium] › __tests__/e2e/auth/guestAuth.spec.ts:207:7 › Guest Authentication › should show loading state during authentication 

    Error: [2mexpect([22m[31mlocator[39m[2m).[22mtoBeDisabled[2m([22m[2m)[22m failed

    Locator: locator('button[type="submit"]:has-text("Log In")')
    Expected: disabled
    Timeout: 10000ms
    Error: element(s) not found

    Call log:
    [2m  - Expect "toBeDisabled" with timeout 10000ms[22m
    [2m  - waiting for locator('button[type="submit"]:has-text("Log In")')[22m
    [2m    2 × waiting for" http://localhost:3000/guest/dashboard" navigation to finish...[22m
    [2m      - navigated to "http://localhost:3000/guest/dashboard"[22m


      216 |
      217 |     // Verify button is disabled during loading
    > 218 |     await expect(submitButton).toBeDisabled();
          |                                ^
      219 |   });
      220 |
      221 |   test('should create session cookie on successful authentication', async ({ page, context }) => {
        at /Users/jaron/Desktop/wedding-platform-v2/__tests__/e2e/auth/guestAuth.spec.ts:218:32

    attachment #1: screenshot (image/png) ──────────────────────────────────────────────────────────
    test-results/auth-guestAuth-Guest-Authe-79b6f-state-during-authentication-chromium/test-failed-1.png
    ────────────────────────────────────────────────────────────────────────────────────────────────

    attachment #2: video (video/webm) ──────────────────────────────────────────────────────────────
    test-results/auth-guestAuth-Guest-Authe-79b6f-state-during-authentication-chromium/video.webm
    ────────────────────────────────────────────────────────────────────────────────────────────────

    Error Context: test-results/auth-guestAuth-Guest-Authe-79b6f-state-during-authentication-chromium/error-context.md

  2) [chromium] › __tests__/e2e/auth/guestAuth.spec.ts:247:7 › Guest Authentication › should successfully request and verify magic link 

    Error: [2mexpect([22m[31mlocator[39m[2m).[22mtoBeVisible[2m([22m[2m)[22m failed

    Locator: locator('.bg-green-50')
    Expected: visible
    Timeout: 10000ms
    Error: element(s) not found

    Call log:
    [2m  - Expect "toBeVisible" with timeout 10000ms[22m
    [2m  - waiting for locator('.bg-green-50')[22m


      266 |
      267 |     // Wait for success message
    > 268 |     await expect(page.locator('.bg-green-50')).toBeVisible();
          |                                                ^
      269 |     await expect(page.locator('.text-green-800')).toContainText(/check your email/i);
      270 |     await expect(page.locator('.text-green-800')).toContainText('15 minutes');
      271 |
        at /Users/jaron/Desktop/wedding-platform-v2/__tests__/e2e/auth/guestAuth.spec.ts:268:48

    attachment #1: screenshot (image/png) ──────────────────────────────────────────────────────────
    test-results/auth-guestAuth-Guest-Authe-1c592-quest-and-verify-magic-link-chromium/test-failed-1.png
    ────────────────────────────────────────────────────────────────────────────────────────────────

    attachment #2: video (video/webm) ──────────────────────────────────────────────────────────────
    test-results/auth-guestAuth-Guest-Authe-1c592-quest-and-verify-magic-link-chromium/video.webm
    ────────────────────────────────────────────────────────────────────────────────────────────────

    Error Context: test-results/auth-guestAuth-Guest-Authe-1c592-quest-and-verify-magic-link-chromium/error-context.md

  3) [chromium] › __tests__/e2e/auth/guestAuth.spec.ts:297:7 › Guest Authentication › should show success message after requesting magic link 

    Error: [2mexpect([22m[31mlocator[39m[2m).[22mtoBeVisible[2m([22m[2m)[22m failed

    Locator: locator('.bg-green-50')
    Expected: visible
    Timeout: 10000ms
    Error: element(s) not found

    Call log:
    [2m  - Expect "toBeVisible" with timeout 10000ms[22m
    [2m  - waiting for locator('.bg-green-50')[22m


      314 |
      315 |     // Verify success message
    > 316 |     await expect(page.locator('.bg-green-50')).toBeVisible();
          |                                                ^
      317 |     await expect(page.locator('.text-green-800')).toContainText('Check your email for a login link');
      318 |     await expect(page.locator('.text-green-800')).toContainText('15 minutes');
      319 |
        at /Users/jaron/Desktop/wedding-platform-v2/__tests__/e2e/auth/guestAuth.spec.ts:316:48

    attachment #1: screenshot (image/png) ──────────────────────────────────────────────────────────
    test-results/auth-guestAuth-Guest-Authe-71b1d-after-requesting-magic-link-chromium/test-failed-1.png
    ────────────────────────────────────────────────────────────────────────────────────────────────

    attachment #2: video (video/webm) ──────────────────────────────────────────────────────────────
    test-results/auth-guestAuth-Guest-Authe-71b1d-after-requesting-magic-link-chromium/video.webm
    ────────────────────────────────────────────────────────────────────────────────────────────────

    Error Context: test-results/auth-guestAuth-Guest-Authe-71b1d-after-requesting-magic-link-chromium/error-context.md

  4) [chromium] › __tests__/e2e/auth/guestAuth.spec.ts:325:7 › Guest Authentication › should show error for expired magic link 

    Error: [2mexpect([22m[31mlocator[39m[2m).[22mtoContainText[2m([22m[32mexpected[39m[2m)[22m failed

    Locator: locator('h1')
    Expected substring: [32m"Link Expired"[39m
    Received string:    [31m"Invalid Link"[39m
    Timeout: 10000ms

    Call log:
    [2m  - Expect "toContainText" with timeout 10000ms[22m
    [2m  - waiting for locator('h1')[22m
    [2m    2 × locator resolved to <h1 class="text-2xl font-bold text-jungle-800 mb-2">Verifying Your Link</h1>[22m
    [2m      - unexpected value "Verifying Your Link"[22m
    [2m    - waiting for" http://localhost:3000/api/guest-auth/magic-link/verify" navigation to finish...[22m
    [2m    - navigated to "http://localhost:3000/auth/guest-login/verify?error=INVALID_TOKEN&message=Invalid+or+expired+magic+link"[22m
    [2m    2 × locator resolved to <h1 class="text-2xl font-bold text-jungle-800 mb-2">Verifying Your Link</h1>[22m
    [2m      - unexpected value "Verifying Your Link"[22m
    [2m    9 × locator resolved to <h1 class="text-2xl font-bold text-red-800 mb-2">Invalid Link</h1>[22m
    [2m      - unexpected value "Invalid Link"[22m


      348 |
      349 |     // Verify error message with more specific selectors
    > 350 |     await expect(page.locator('h1')).toContainText('Link Expired');
          |                                      ^
      351 |     const errorDescription = page.locator('p.text-gray-600').first();
      352 |     await expect(errorDescription).toContainText('This magic link has expired');
      353 |     const securityNote = page.locator('p.text-sm.text-gray-500');
        at /Users/jaron/Desktop/wedding-platform-v2/__tests__/e2e/auth/guestAuth.spec.ts:350:38

    attachment #1: screenshot (image/png) ──────────────────────────────────────────────────────────
    test-results/auth-guestAuth-Guest-Authe-fc3b3-rror-for-expired-magic-link-chromium/test-failed-1.png
    ────────────────────────────────────────────────────────────────────────────────────────────────

    attachment #2: video (video/webm) ──────────────────────────────────────────────────────────────
    test-results/auth-guestAuth-Guest-Authe-fc3b3-rror-for-expired-magic-link-chromium/video.webm
    ────────────────────────────────────────────────────────────────────────────────────────────────

    Error Context: test-results/auth-guestAuth-Guest-Authe-fc3b3-rror-for-expired-magic-link-chromium/error-context.md

  5) [chromium] › __tests__/e2e/auth/guestAuth.spec.ts:361:7 › Guest Authentication › should show error for already used magic link 

    Error: [2mexpect([22m[31mlocator[39m[2m).[22mtoBeVisible[2m([22m[2m)[22m failed

    Locator: locator('.bg-green-50')
    Expected: visible
    Timeout: 10000ms
    Error: element(s) not found

    Call log:
    [2m  - Expect "toBeVisible" with timeout 10000ms[22m
    [2m  - waiting for locator('.bg-green-50')[22m


      373 |     await page.fill('#magic-link-input', testGuestEmail);
      374 |     await page.click('button[type="submit"]:has-text("Send Magic Link")');
    > 375 |     await expect(page.locator('.bg-green-50')).toBeVisible();
          |                                                ^
      376 |
      377 |     // Get token from database
      378 |     const { data: tokens } = await supabase
        at /Users/jaron/Desktop/wedding-platform-v2/__tests__/e2e/auth/guestAuth.spec.ts:375:48

    attachment #1: screenshot (image/png) ──────────────────────────────────────────────────────────
    test-results/auth-guestAuth-Guest-Authe-fb7a8-for-already-used-magic-link-chromium/test-failed-1.png
    ────────────────────────────────────────────────────────────────────────────────────────────────

    attachment #2: video (video/webm) ──────────────────────────────────────────────────────────────
    test-results/auth-guestAuth-Guest-Authe-fb7a8-for-already-used-magic-link-chromium/video.webm
    ────────────────────────────────────────────────────────────────────────────────────────────────

    Error Context: test-results/auth-guestAuth-Guest-Authe-fb7a8-for-already-used-magic-link-chromium/error-context.md

  6) [chromium] › __tests__/e2e/auth/guestAuth.spec.ts:432:7 › Guest Authentication › should complete logout flow 

    TimeoutError: page.waitForURL: Timeout 10000ms exceeded.
    =========================== logs ===========================
    waiting for navigation to "/auth/guest-login" until "domcontentloaded"
      navigated to "http://localhost:3000/guest/dashboard"
      navigated to "http://localhost:3000/guest/dashboard"
    ============================================================

      452 |
      453 |     // Step 4: Wait for redirect to login page
    > 454 |     await page.waitForURL('/auth/guest-login', { 
          |                ^
      455 |       timeout: 10000,
      456 |       waitUntil: 'domcontentloaded'
      457 |     });
        at /Users/jaron/Desktop/wedding-platform-v2/__tests__/e2e/auth/guestAuth.spec.ts:454:16

    attachment #1: screenshot (image/png) ──────────────────────────────────────────────────────────
    test-results/auth-guestAuth-Guest-Authe-b7d01-should-complete-logout-flow-chromium/test-failed-1.png
    ────────────────────────────────────────────────────────────────────────────────────────────────

    attachment #2: video (video/webm) ──────────────────────────────────────────────────────────────
    test-results/auth-guestAuth-Guest-Authe-b7d01-should-complete-logout-flow-chromium/video.webm
    ────────────────────────────────────────────────────────────────────────────────────────────────

    Error Context: test-results/auth-guestAuth-Guest-Authe-b7d01-should-complete-logout-flow-chromium/error-context.md

  7) [chromium] › __tests__/e2e/auth/guestAuth.spec.ts:546:7 › Guest Authentication › should handle authentication errors gracefully 

    Error: [2mexpect([22m[31mlocator[39m[2m).[22mtoContainText[2m([22m[32mexpected[39m[2m)[22m failed

    Locator: locator('h1')
    Expected substring: [32m"Link Expired"[39m
    Received string:    [31m"Invalid Link"[39m
    Timeout: 10000ms

    Call log:
    [2m  - Expect "toContainText" with timeout 10000ms[22m
    [2m  - waiting for locator('h1')[22m
    [2m    - locator resolved to <h1 class="text-2xl font-bold text-jungle-800 mb-2">Verifying Your Link</h1>[22m
    [2m    - unexpected value "Verifying Your Link"[22m
    [2m    - waiting for navigation to finish...[22m
    [2m    - navigated to "http://localhost:3000/auth/guest-login/verify?error=INVALID_TOKEN&message=Invalid+or+expired+magic+link"[22m
    [2m    3 × locator resolved to <h1 class="text-2xl font-bold text-jungle-800 mb-2">Verifying Your Link</h1>[22m
    [2m      - unexpected value "Verifying Your Link"[22m
    [2m    - locator resolved to <h1 class="text-2xl font-bold text-red-800 mb-2">Invalid Link</h1>[22m
    [2m    - unexpected value "Invalid Link"[22m
    [2m    - locator resolved to <h1 class="text-2xl font-bold text-jungle-800 mb-2">Verifying Your Link</h1>[22m
    [2m    - unexpected value "Verifying Your Link"[22m
    [2m    7 × locator resolved to <h1 class="text-2xl font-bold text-red-800 mb-2">Invalid Link</h1>[22m
    [2m      - unexpected value "Invalid Link"[22m


      583 |
      584 |     await page.goto(`/auth/guest-login/verify?token=${token}`);
    > 585 |     await expect(page.locator('h1')).toContainText('Link Expired');
          |                                      ^
      586 |     const expiredDescription = page.locator('p.text-gray-600').first();
      587 |     await expect(expiredDescription).toContainText('This magic link has expired');
      588 |   });
        at /Users/jaron/Desktop/wedding-platform-v2/__tests__/e2e/auth/guestAuth.spec.ts:585:38

    attachment #1: screenshot (image/png) ──────────────────────────────────────────────────────────
    test-results/auth-guestAuth-Guest-Authe-90796-ntication-errors-gracefully-chromium/test-failed-1.png
    ────────────────────────────────────────────────────────────────────────────────────────────────

    attachment #2: video (video/webm) ──────────────────────────────────────────────────────────────
    test-results/auth-guestAuth-Guest-Authe-90796-ntication-errors-gracefully-chromium/video.webm
    ────────────────────────────────────────────────────────────────────────────────────────────────

    Error Context: test-results/auth-guestAuth-Guest-Authe-90796-ntication-errors-gracefully-chromium/error-context.md

  8) [chromium] › __tests__/e2e/auth/guestAuth.spec.ts:590:7 › Guest Authentication › should log authentication events in audit log 

    TimeoutError: page.waitForURL: Timeout 10000ms exceeded.
    =========================== logs ===========================
    waiting for navigation to "/guest/dashboard" until "domcontentloaded"
      navigated to "http://localhost:3000/auth/guest-login"
      navigated to "http://localhost:3000/auth/guest-login"
      navigated to "http://localhost:3000/auth/guest-login"
      navigated to "http://localhost:3000/auth/guest-login"
    ============================================================

      593 |     await page.fill('#email-matching-input', testGuestEmail);
      594 |     await page.click('button[type="submit"]:has-text("Log In")');
    > 595 |     await page.waitForURL('/guest/dashboard', { 
          |                ^
      596 |       timeout: 10000,
      597 |       waitUntil: 'domcontentloaded'
      598 |     });
        at /Users/jaron/Desktop/wedding-platform-v2/__tests__/e2e/auth/guestAuth.spec.ts:595:16

    attachment #1: screenshot (image/png) ──────────────────────────────────────────────────────────
    test-results/auth-guestAuth-Guest-Authe-c413d-ication-events-in-audit-log-chromium/test-failed-1.png
    ────────────────────────────────────────────────────────────────────────────────────────────────

    attachment #2: video (video/webm) ──────────────────────────────────────────────────────────────
    test-results/auth-guestAuth-Guest-Authe-c413d-ication-events-in-audit-log-chromium/video.webm
    ────────────────────────────────────────────────────────────────────────────────────────────────

    Error Context: test-results/auth-guestAuth-Guest-Authe-c413d-ication-events-in-audit-log-chromium/error-context.md

  8 failed
    [chromium] › __tests__/e2e/auth/guestAuth.spec.ts:207:7 › Guest Authentication › should show loading state during authentication 
    [chromium] › __tests__/e2e/auth/guestAuth.spec.ts:247:7 › Guest Authentication › should successfully request and verify magic link 
    [chromium] › __tests__/e2e/auth/guestAuth.spec.ts:297:7 › Guest Authentication › should show success message after requesting magic link 
    [chromium] › __tests__/e2e/auth/guestAuth.spec.ts:325:7 › Guest Authentication › should show error for expired magic link 
    [chromium] › __tests__/e2e/auth/guestAuth.spec.ts:361:7 › Guest Authentication › should show error for already used magic link 
    [chromium] › __tests__/e2e/auth/guestAuth.spec.ts:432:7 › Guest Authentication › should complete logout flow 
    [chromium] › __tests__/e2e/auth/guestAuth.spec.ts:546:7 › Guest Authentication › should handle authentication errors gracefully 
    [chromium] › __tests__/e2e/auth/guestAuth.spec.ts:590:7 › Guest Authentication › should log authentication events in audit log 
  7 passed (1.1m)

[36m  Serving HTML report at http://localhost:59989. Press Ctrl+C to quit.[39m
