
> destination-wedding-platform@0.1.0 test:e2e
> playwright test __tests__/e2e/auth/guestAuth.spec.ts

[dotenv@17.2.4] injecting env (24) from .env.e2e -- tip: 🔑 add access controls to secrets: https://dotenvx.com/ops
[2m[WebServer] [22m
[2m[WebServer] [22m> destination-wedding-platform@0.1.0 dev
[2m[WebServer] [22m> next dev --webpack
[2m[WebServer] [22m
[2m[WebServer] [22m[1m[38;2;173;127;168m▲ Next.js 16.1.1[39m[22m (webpack)
[2m[WebServer] [22m- Local:         http://localhost:3000
[2m[WebServer] [22m- Network:       http://192.168.7.238:3000
[2m[WebServer] [22m- Environments: .env.test
[2m[WebServer] [22m
[2m[WebServer] [22m[32m[1m✓[22m[39m Starting...
[2m[WebServer] [22m[33m[1m⚠[22m[39m The "middleware" file convention is deprecated. Please use "proxy" instead. Learn more: https://nextjs.org/docs/messages/middleware-to-proxy
[2m[WebServer] [22m🚀 Initializing application services...
[2m[WebServer] [22m✅ B2 client initialized successfully {
[2m[WebServer] [22m  endpoint: [32m'https://s3.us-west-004.backblazeb2.com'[39m,
[2m[WebServer] [22m  region: [32m'us-west-004'[39m,
[2m[WebServer] [22m  bucket: [32m'test-bucket'[39m,
[2m[WebServer] [22m  cdnDomain: [32m'https://test-cdn.example.com'[39m
[2m[WebServer] [22m}
[2m[WebServer] [22m✅ Application services initialized successfully
[2m[WebServer] [22m[32m[1m✓[22m[39m Ready in 3.5s
[2m[WebServer] [22m[37m[1m○[22m[39m Compiling / ...

🚀 E2E Global Setup Starting...

📊 Verifying test database connection...
[2m[WebServer] [22m GET / [32m200[39m in 3.9s[2m (compile: 3.4s, proxy.ts: 336ms, render: 173ms)[22m
✅ Test database connected

🧹 Cleaning up test data...
   Cleaning up leftover test data...
   Test data cleanup complete
✅ Test data cleaned

👤 Creating test guest...
   Created warmup guest: warmup@example.com (ID: ee63ae74-3bc3-4e44-ad24-6ed9e483a057)
   Created test guest: test@example.com (ID: d81eb29a-1410-4aa1-88aa-be624347bd8e)
✅ Test guest created

📦 Creating comprehensive test data...
   Creating location hierarchy...
   Location hierarchy already exists
   Creating events...
   Events already exist
   Creating activities...
   Warning: Could not create comprehensive test data: Failed to create ceremony activity: Could not find the 'cost_per_guest' column of 'activities' in the schema cache
   Some E2E tests may fail due to missing data
✅ Comprehensive test data created

🌐 Verifying Next.js server...
✅ Next.js server is running

🔥 Warming up API routes...
   Warming up 3 guest auth routes with retry logic...
[2m[WebServer] [22m GET / [32m200[39m in 34ms[2m (compile: 4ms, proxy.ts: 10ms, render: 20ms)[22m
[2m[WebServer] [22m[API] Looking for guest with email: warmup@example.com
[2m[WebServer] [22m[API] Guest query result: {
[2m[WebServer] [22m  found: [33mtrue[39m,
[2m[WebServer] [22m  email: [32m'warmup@example.com'[39m,
[2m[WebServer] [22m  authMethod: [32m'email_matching'[39m,
[2m[WebServer] [22m  error: [90mundefined[39m
[2m[WebServer] [22m}
[2m[WebServer] [22m[API] Setting guest session cookie: {
[2m[WebServer] [22m  tokenPrefix: [32m'72b7035f'[39m,
[2m[WebServer] [22m  cookieOptions: {
[2m[WebServer] [22m    httpOnly: [33mtrue[39m,
[2m[WebServer] [22m    secure: [33mfalse[39m,
[2m[WebServer] [22m    sameSite: [32m'lax'[39m,
[2m[WebServer] [22m    maxAge: [33m86400[39m,
[2m[WebServer] [22m    path: [32m'/'[39m
[2m[WebServer] [22m  },
[2m[WebServer] [22m  guestId: [32m'ee63ae74-3bc3-4e44-ad24-6ed9e483a057'[39m,
[2m[WebServer] [22m  sessionId: [32m'3559af6b-2aa7-444a-98b4-cb724d6e916e'[39m
[2m[WebServer] [22m}
   ✅ Route ready: /api/guest-auth/email-match (attempt 1/5, status: 200)
[2m[WebServer] [22m POST /api/guest-auth/email-match [32m200[39m in 976ms[2m (compile: 543ms, proxy.ts: 8ms, render: 426ms)[22m
[2m[WebServer] [22m[Magic Link Request] Processing request for email: warmup@example.com
[2m[WebServer] [22m[Magic Link Request] Looking for guest by email...
[2m[WebServer] [22m[Magic Link Request] Guest query result: {
[2m[WebServer] [22m  found: [33mtrue[39m,
[2m[WebServer] [22m  guestId: [32m'ee63ae74-3bc3-4e44-ad24-6ed9e483a057'[39m,
[2m[WebServer] [22m  authMethod: [32m'email_matching'[39m,
[2m[WebServer] [22m  error: [90mundefined[39m
[2m[WebServer] [22m}
[2m[WebServer] [22m[Magic Link Request] Guest has wrong auth method: email_matching
   ✅ Route ready: /api/guest-auth/magic-link/request (attempt 1/5, status: 400)
[2m[WebServer] [22m POST /api/guest-auth/magic-link/request [33m400[39m in 918ms[2m (compile: 746ms, proxy.ts: 8ms, render: 164ms)[22m
   ✅ Route ready: /api/guest-auth/magic-link/verify (attempt 1/5, status: 400)
[2m[WebServer] [22m POST /api/guest-auth/magic-link/verify [33m400[39m in 996ms[2m (compile: 829ms, proxy.ts: 13ms, render: 154ms)[22m
   ✅ Guest auth routes warmup complete
✅ API routes warmed up

🔐 Setting up admin authentication...
   Attempting browser-based admin login: admin@example.com
   Created .auth directory: /Users/jaron/Desktop/wedding-platform-v2/.auth
   Navigating to http://localhost:3000/auth/login...
[2m[WebServer] [22m GET /auth/login [32m200[39m in 1019ms[2m (compile: 902ms, proxy.ts: 15ms, render: 102ms)[22m
   Page loaded, filling form...
   Form filled, submitting...
[2m[WebServer] [22m[Middleware] User authenticated: e7f5ae65-376e-4d05-a18c-10a91295727a
[2m[WebServer] [22m[Middleware] Admin user data query result: { userData: { role: 'owner', status: 'active' }, userError: null }
[2m[WebServer] [22m[Middleware] Access granted for admin role: owner
[2m[WebServer] [22m[33m[1m⚠[22m[39m Fast Refresh had to perform a full reload. Read more: https://nextjs.org/docs/messages/fast-refresh-reload
[2m[WebServer] [22m GET /admin [32m200[39m in 1020ms[2m (compile: 545ms, proxy.ts: 365ms, render: 109ms)[22m
   Current URL after submit: http://localhost:3000/admin
   ✅ Successfully logged in via browser
   ✅ Authentication state saved
✅ Admin authentication saved

✨ E2E Global Setup Complete!


Running 15 tests using 4 workers

  -   1 [chromium] › __tests__/e2e/auth/guestAuth.spec.ts:240:8 › Guest Authentication › should show loading state during authentication
[dotenv@17.2.4] injecting env (0) from .env.e2e -- tip: ⚙️  override existing env vars with { override: true }
[dotenv@17.2.4] injecting env (0) from .env.e2e -- tip: 🔄 add secrets lifecycle management: https://dotenvx.com/ops
[dotenv@17.2.4] injecting env (0) from .env.e2e -- tip: 🔐 encrypt with Dotenvx: https://dotenvx.com
[dotenv@17.2.4] injecting env (0) from .env.e2e -- tip: 🔐 prevent committing .env to code: https://dotenvx.com/precommit
[Worker 3] Created test guest: {
  email: [32m'test-w3-1770447436709-vulxz60q@example.com'[39m,
  id: [32m'41060ca8-bd49-4c9b-a79a-a7a78dbdba79'[39m,
  authMethod: [32m'email_matching'[39m,
  groupId: [32m'c27c1685-536e-4dbf-b250-5ed11888f139'[39m
}
[Worker 1] Created test guest: {
  email: [32m'test-w1-1770447436708-t1j1ejku@example.com'[39m,
  id: [32m'9ee49d9e-5237-4558-9895-d4d1a9a62992'[39m,
  authMethod: [32m'email_matching'[39m,
  groupId: [32m'7bdd2b39-2e05-4a6f-9400-c454021c3df7'[39m
}
[Worker 2] Created test guest: {
  email: [32m'test-w2-1770447436713-ityxp3t6@example.com'[39m,
  id: [32m'338e70e0-966c-4776-bb06-8f6b70a96685'[39m,
  authMethod: [32m'email_matching'[39m,
  groupId: [32m'92914482-efba-4212-8c48-50e64ece777a'[39m
}
[Worker 0] Created test guest: {
  email: [32m'test-w0-1770447436708-64va4d34@example.com'[39m,
  id: [32m'8495402c-d379-4b93-bd83-ef2c69b7fa3b'[39m,
  authMethod: [32m'email_matching'[39m,
  groupId: [32m'a6ad4762-4ddc-4078-936b-79f678b3e851'[39m
}
[Worker 3] ✅ Verified guest exists: {
  email: [32m'test-w3-1770447436709-vulxz60q@example.com'[39m,
  authMethod: [32m'email_matching'[39m
}
[Worker 2] ✅ Verified guest exists: {
  email: [32m'test-w2-1770447436713-ityxp3t6@example.com'[39m,
  authMethod: [32m'email_matching'[39m
}
[Worker 1] ✅ Verified guest exists: {
  email: [32m'test-w1-1770447436708-t1j1ejku@example.com'[39m,
  authMethod: [32m'email_matching'[39m
}
[Worker 0] ✅ Verified guest exists: {
  email: [32m'test-w0-1770447436708-64va4d34@example.com'[39m,
  authMethod: [32m'email_matching'[39m
}
[2m[WebServer] [22m GET /auth/guest-login [32m200[39m in 689ms[2m (compile: 487ms, proxy.ts: 21ms, render: 181ms)[22m
[2m[WebServer] [22m GET /auth/guest-login [32m200[39m in 691ms[2m (compile: 487ms, proxy.ts: 21ms, render: 183ms)[22m
[2m[WebServer] [22m GET /auth/guest-login [32m200[39m in 691ms[2m (compile: 487ms, proxy.ts: 21ms, render: 183ms)[22m
[2m[WebServer] [22m GET /auth/guest-login [32m200[39m in 692ms[2m (compile: 487ms, proxy.ts: 21ms, render: 184ms)[22m
[Browser info] %cDownload the React DevTools for a better development experience: https://react.dev/link/react-devtools font-weight:bold
[Browser log] [HMR] connected
[Test] About to click submit button
[2m[WebServer] [22m[API] Looking for guest with email: nonexistent@example.com
[2m[WebServer] [22m[API] Looking for guest with email: test-w0-1770447436708-64va4d34@example.com
[2m[WebServer] [22m[API] Looking for guest with email: test-w3-1770447436709-vulxz60q@example.com
[2m[WebServer] [22m[API] Guest query result: {
[2m[WebServer] [22m  found: [33mfalse[39m,
[2m[WebServer] [22m  email: [90mundefined[39m,
[2m[WebServer] [22m  authMethod: [90mundefined[39m,
[2m[WebServer] [22m  error: [32m'Cannot coerce the result to a single JSON object'[39m
[2m[WebServer] [22m}
[2m[WebServer] [22m POST /api/guest-auth/email-match [33m404[39m in 389ms[2m (compile: 54ms, proxy.ts: 66ms, render: 269ms)[22m
[2m[WebServer] [22m[API] Guest query result: {
[2m[WebServer] [22m  found: [33mtrue[39m,
[2m[WebServer] [22m  email: [32m'test-w3-1770447436709-vulxz60q@example.com'[39m,
[2m[WebServer] [22m  authMethod: [32m'email_matching'[39m,
[2m[WebServer] [22m  error: [90mundefined[39m
[2m[WebServer] [22m}
[2m[WebServer] [22m[API] Guest query result: {
[2m[WebServer] [22m  found: [33mtrue[39m,
[2m[WebServer] [22m  email: [32m'test-w0-1770447436708-64va4d34@example.com'[39m,
[2m[WebServer] [22m  authMethod: [32m'email_matching'[39m,
[2m[WebServer] [22m  error: [90mundefined[39m
[2m[WebServer] [22m}
[2m[WebServer] [22m[API] Setting guest session cookie: {
[2m[WebServer] [22m  tokenPrefix: [32m'feec2530'[39m,
[2m[WebServer] [22m  cookieOptions: {
[2m[WebServer] [22m    httpOnly: [33mtrue[39m,
[2m[WebServer] [22m    secure: [33mfalse[39m,
[2m[WebServer] [22m    sameSite: [32m'lax'[39m,
[2m[WebServer] [22m    maxAge: [33m86400[39m,
[2m[WebServer] [22m    path: [32m'/'[39m
[2m[WebServer] [22m  },
[2m[WebServer] [22m  guestId: [32m'41060ca8-bd49-4c9b-a79a-a7a78dbdba79'[39m,
[2m[WebServer] [22m  sessionId: [32m'230c656a-36b8-4692-91ee-f8b8e404889e'[39m
[2m[WebServer] [22m}
[2m[WebServer] [22m POST /api/guest-auth/email-match [32m200[39m in 536ms[2m (compile: 54ms, proxy.ts: 66ms, render: 416ms)[22m
[2m[WebServer] [22m[API] Setting guest session cookie: {
[2m[WebServer] [22m  tokenPrefix: [32m'68d28df5'[39m,
[2m[WebServer] [22m  cookieOptions: {
[2m[WebServer] [22m    httpOnly: [33mtrue[39m,
[2m[WebServer] [22m    secure: [33mfalse[39m,
[2m[WebServer] [22m    sameSite: [32m'lax'[39m,
[2m[WebServer] [22m    maxAge: [33m86400[39m,
[2m[WebServer] [22m    path: [32m'/'[39m
[2m[WebServer] [22m  },
[2m[WebServer] [22m  guestId: [32m'8495402c-d379-4b93-bd83-ef2c69b7fa3b'[39m,
[2m[WebServer] [22m  sessionId: [32m'6bbc5206-1cb1-4eb3-a89d-d4abb6c979aa'[39m
[2m[WebServer] [22m}
[2m[WebServer] [22m POST /api/guest-auth/email-match [32m200[39m in 567ms[2m (compile: 54ms, proxy.ts: 66ms, render: 447ms)[22m
[Browser warning] Cookie not set yet, waiting additional time...
[2m[WebServer] [22m[Middleware] Guest auth check: {
[2m[WebServer] [22m  path: '/guest/dashboard',
[2m[WebServer] [22m  hasCookie: true,
[2m[WebServer] [22m  cookieValue: 'feec2530...',
[2m[WebServer] [22m  allCookies: [ 'guest_session' ]
[2m[WebServer] [22m}
[2m[WebServer] [22m[Middleware] Guest auth check: {
[2m[WebServer] [22m  path: '/guest/dashboard',
[2m[WebServer] [22m  hasCookie: true,
[2m[WebServer] [22m  cookieValue: '68d28df5...',
[2m[WebServer] [22m  allCookies: [ 'guest_session' ]
[2m[WebServer] [22m}
[2m[WebServer] [22m[Middleware] Session query result: {
[2m[WebServer] [22m  sessionsFound: 1,
[2m[WebServer] [22m  hasError: false,
[2m[WebServer] [22m  errorMessage: undefined,
[2m[WebServer] [22m  tokenPrefix: 'feec2530'
[2m[WebServer] [22m}
[2m[WebServer] [22m[Middleware] Session query result: {
[2m[WebServer] [22m  sessionsFound: 1,
[2m[WebServer] [22m  hasError: false,
[2m[WebServer] [22m  errorMessage: undefined,
[2m[WebServer] [22m  tokenPrefix: '68d28df5'
[2m[WebServer] [22m}
[Browser log] [Fast Refresh] rebuilding
[2m[WebServer] [22m[GuestDashboard] Session check: { hasToken: [33mtrue[39m, tokenPrefix: [32m'68d28df5'[39m }
[2m[WebServer] [22m[GuestDashboard] Session check: { hasToken: [33mtrue[39m, tokenPrefix: [32m'feec2530'[39m }
[Browser log] [Fast Refresh] done in 1073ms
[2m[WebServer] [22m[GuestDashboard] Session query result: {
[2m[WebServer] [22m  found: [33mtrue[39m,
[2m[WebServer] [22m  error: [90mundefined[39m,
[2m[WebServer] [22m  guestId: [32m'8495402c-d379-4b93-bd83-ef2c69b7fa3b'[39m
[2m[WebServer] [22m}
[2m[WebServer] [22m[GuestDashboard] Session query result: {
[2m[WebServer] [22m  found: [33mtrue[39m,
[2m[WebServer] [22m  error: [90mundefined[39m,
[2m[WebServer] [22m  guestId: [32m'41060ca8-bd49-4c9b-a79a-a7a78dbdba79'[39m
[2m[WebServer] [22m}
[2m[WebServer] [22m[GuestDashboard] Guest query result: {
[2m[WebServer] [22m  found: [33mtrue[39m,
[2m[WebServer] [22m  error: [90mundefined[39m,
[2m[WebServer] [22m  email: [32m'test-w3-1770447436709-vulxz60q@example.com'[39m
[2m[WebServer] [22m}
[2m[WebServer] [22m[GuestDashboard] Rendering dashboard for guest: test-w3-1770447436709-vulxz60q@example.com
[2m[WebServer] [22m[GuestDashboard] Guest query result: {
[2m[WebServer] [22m  found: [33mtrue[39m,
[2m[WebServer] [22m  error: [90mundefined[39m,
[2m[WebServer] [22m  email: [32m'test-w0-1770447436708-64va4d34@example.com'[39m
[2m[WebServer] [22m}
[2m[WebServer] [22m[GuestDashboard] Rendering dashboard for guest: test-w0-1770447436708-64va4d34@example.com
[2m[WebServer] [22m GET /guest/dashboard [32m200[39m in 2.0s[2m (compile: 1189ms, proxy.ts: 139ms, render: 706ms)[22m
[2m[WebServer] [22m GET /guest/dashboard [32m200[39m in 2.0s[2m (compile: 1135ms, proxy.ts: 164ms, render: 717ms)[22m
[Browser info] %cDownload the React DevTools for a better development experience: https://react.dev/link/react-devtools font-weight:bold
[Browser log] %c%s%c [GuestDashboard] Session check: background: #e6e6e6;background: light-dark(rgba(0,0,0,0.1), rgba(255,255,255,0.25));color: #000000;color: light-dark(#000000, #ffffff);border-radius: 2px  Server   {hasToken: true, tokenPrefix: 68d28df5}
[Browser log] %c%s%c [GuestDashboard] Session query result: background: #e6e6e6;background: light-dark(rgba(0,0,0,0.1), rgba(255,255,255,0.25));color: #000000;color: light-dark(#000000, #ffffff);border-radius: 2px  Server   {found: true, guestId: 8495402c-d379-4b93-bd83-ef2c69b7fa3b}
[Browser log] %c%s%c [GuestDashboard] Guest query result: background: #e6e6e6;background: light-dark(rgba(0,0,0,0.1), rgba(255,255,255,0.25));color: #000000;color: light-dark(#000000, #ffffff);border-radius: 2px  Server   {found: true, email: test-w0-1770447436708-64va4d34@example.com}
[Browser log] %c%s%c [GuestDashboard] Rendering dashboard for guest: background: #e6e6e6;background: light-dark(rgba(0,0,0,0.1), rgba(255,255,255,0.25));color: #000000;color: light-dark(#000000, #ffffff);border-radius: 2px  Server   test-w0-1770447436708-64va4d34@example.com
[Browser log] [HMR] connected
[2m[WebServer] [22m[Middleware] Guest auth check: {
[2m[WebServer] [22m  path: '/api/guest/events',
[2m[WebServer] [22m  hasCookie: true,
[2m[WebServer] [22m  cookieValue: '68d28df5...',
[2m[WebServer] [22m  allCookies: [ 'guest_session' ]
[2m[WebServer] [22m}
[2m[WebServer] [22m[Middleware] Guest auth check: {
[2m[WebServer] [22m  path: '/api/guest/events',
[2m[WebServer] [22m  hasCookie: true,
[2m[WebServer] [22m  cookieValue: 'feec2530...',
[2m[WebServer] [22m  allCookies: [ 'guest_session' ]
[2m[WebServer] [22m}
[2m[WebServer] [22m[Middleware] Guest auth check: {
[2m[WebServer] [22m  path: '/api/guest/announcements',
[2m[WebServer] [22m  hasCookie: true,
[2m[WebServer] [22m  cookieValue: '68d28df5...',
[2m[WebServer] [22m  allCookies: [ 'guest_session' ]
[2m[WebServer] [22m}
[2m[WebServer] [22m[Middleware] Guest auth check: {
[2m[WebServer] [22m  path: '/api/guest/rsvps',
[2m[WebServer] [22m  hasCookie: true,
[2m[WebServer] [22m  cookieValue: '68d28df5...',
[2m[WebServer] [22m  allCookies: [ 'guest_session' ]
[2m[WebServer] [22m}
[2m[WebServer] [22m[Middleware] Guest auth check: {
[2m[WebServer] [22m  path: '/api/guest/wedding-info',
[2m[WebServer] [22m  hasCookie: true,
[2m[WebServer] [22m  cookieValue: '68d28df5...',
[2m[WebServer] [22m  allCookies: [ 'guest_session' ]
[2m[WebServer] [22m}
[2m[WebServer] [22m[Middleware] Guest auth check: {
[2m[WebServer] [22m  path: '/api/guest/rsvps',
[2m[WebServer] [22m  hasCookie: true,
[2m[WebServer] [22m  cookieValue: 'feec2530...',
[2m[WebServer] [22m  allCookies: [ 'guest_session' ]
[2m[WebServer] [22m}
[2m[WebServer] [22m[Middleware] Guest auth check: {
[2m[WebServer] [22m  path: '/api/guest/wedding-info',
[2m[WebServer] [22m  hasCookie: true,
[2m[WebServer] [22m  cookieValue: 'feec2530...',
[2m[WebServer] [22m  allCookies: [ 'guest_session' ]
[2m[WebServer] [22m}
[2m[WebServer] [22m[Middleware] Guest auth check: {
[2m[WebServer] [22m  path: '/api/guest/announcements',
[2m[WebServer] [22m  hasCookie: true,
[2m[WebServer] [22m  cookieValue: 'feec2530...',
[2m[WebServer] [22m  allCookies: [ 'guest_session' ]
[2m[WebServer] [22m}
[2m[WebServer] [22m GET /auth/guest-login [32m200[39m in 247ms[2m (compile: 29ms, proxy.ts: 64ms, render: 154ms)[22m
[2m[WebServer] [22m GET /auth/guest-login [32m200[39m in 248ms[2m (compile: 29ms, proxy.ts: 64ms, render: 156ms)[22m
[2m[WebServer] [22m[Middleware] Session query result: {
[2m[WebServer] [22m  sessionsFound: 1,
[2m[WebServer] [22m  hasError: false,
[2m[WebServer] [22m  errorMessage: undefined,
[2m[WebServer] [22m  tokenPrefix: 'feec2530'
[2m[WebServer] [22m}
[2m[WebServer] [22m[Middleware] Session query result: {
[2m[WebServer] [22m  sessionsFound: 1,
[2m[WebServer] [22m  hasError: false,
[2m[WebServer] [22m  errorMessage: undefined,
[2m[WebServer] [22m  tokenPrefix: '68d28df5'
[2m[WebServer] [22m}
[2m[WebServer] [22m[Middleware] Session query result: {
[2m[WebServer] [22m  sessionsFound: 1,
[2m[WebServer] [22m  hasError: false,
[2m[WebServer] [22m  errorMessage: undefined,
[2m[WebServer] [22m  tokenPrefix: '68d28df5'
[2m[WebServer] [22m}
[2m[WebServer] [22m[Middleware] Session query result: {
[2m[WebServer] [22m  sessionsFound: 1,
[2m[WebServer] [22m  hasError: false,
[2m[WebServer] [22m  errorMessage: undefined,
[2m[WebServer] [22m  tokenPrefix: '68d28df5'
[2m[WebServer] [22m}
[2m[WebServer] [22m[Middleware] Session query result: {
[2m[WebServer] [22m  sessionsFound: 1,
[2m[WebServer] [22m  hasError: false,
[2m[WebServer] [22m  errorMessage: undefined,
[2m[WebServer] [22m  tokenPrefix: 'feec2530'
[2m[WebServer] [22m}
[2m[WebServer] [22m[Middleware] Session query result: {
[2m[WebServer] [22m  sessionsFound: 1,
[2m[WebServer] [22m  hasError: false,
[2m[WebServer] [22m  errorMessage: undefined,
[2m[WebServer] [22m  tokenPrefix: '68d28df5'
[2m[WebServer] [22m}
[2m[WebServer] [22m[Middleware] Session query result: {
[2m[WebServer] [22m  sessionsFound: 1,
[2m[WebServer] [22m  hasError: false,
[2m[WebServer] [22m  errorMessage: undefined,
[2m[WebServer] [22m  tokenPrefix: 'feec2530'
[2m[WebServer] [22m}
[2m[WebServer] [22m[Middleware] Session query result: {
[2m[WebServer] [22m  sessionsFound: 1,
[2m[WebServer] [22m  hasError: false,
[2m[WebServer] [22m  errorMessage: undefined,
[2m[WebServer] [22m  tokenPrefix: 'feec2530'
[2m[WebServer] [22m}
[Browser log] [Fast Refresh] rebuilding
[Browser log] [Fast Refresh] done in 513ms
[Browser log] [Fast Refresh] rebuilding
[Browser log] [Fast Refresh] done in 579ms
[2m[WebServer] [22m[Middleware] Guest auth check: {
[2m[WebServer] [22m  path: '/guest/dashboard',
[2m[WebServer] [22m  hasCookie: true,
[2m[WebServer] [22m  cookieValue: 'feec2530...',
[2m[WebServer] [22m  allCookies: [ 'guest_session', '__next_hmr_refresh_hash__' ]
[2m[WebServer] [22m}
[2m[WebServer] [22m[Middleware] Guest auth check: {
[2m[WebServer] [22m  path: '/guest/dashboard',
[2m[WebServer] [22m  hasCookie: true,
[2m[WebServer] [22m  cookieValue: '68d28df5...',
[2m[WebServer] [22m  allCookies: [ 'guest_session', '__next_hmr_refresh_hash__' ]
[2m[WebServer] [22m}
[2m[WebServer] [22m[Middleware] Session query result: {
[2m[WebServer] [22m  sessionsFound: 1,
[2m[WebServer] [22m  hasError: false,
[2m[WebServer] [22m  errorMessage: undefined,
[2m[WebServer] [22m  tokenPrefix: 'feec2530'
[2m[WebServer] [22m}
[2m[WebServer] [22m[GuestDashboard] Session check: { hasToken: [33mtrue[39m, tokenPrefix: [32m'feec2530'[39m }
[2m[WebServer] [22m[GuestDashboard] Session query result: {
[2m[WebServer] [22m  found: [33mtrue[39m,
[2m[WebServer] [22m  error: [90mundefined[39m,
[2m[WebServer] [22m  guestId: [32m'41060ca8-bd49-4c9b-a79a-a7a78dbdba79'[39m
[2m[WebServer] [22m}
[2m[WebServer] [22m[GuestDashboard] Guest query result: {
[2m[WebServer] [22m  found: [33mtrue[39m,
[2m[WebServer] [22m  error: [90mundefined[39m,
[2m[WebServer] [22m  email: [32m'test-w3-1770447436709-vulxz60q@example.com'[39m
[2m[WebServer] [22m}
[2m[WebServer] [22m[GuestDashboard] Rendering dashboard for guest: test-w3-1770447436709-vulxz60q@example.com
[2m[WebServer] [22m[Middleware] Session query result: {
[2m[WebServer] [22m  sessionsFound: 1,
[2m[WebServer] [22m  hasError: false,
[2m[WebServer] [22m  errorMessage: undefined,
[2m[WebServer] [22m  tokenPrefix: '68d28df5'
[2m[WebServer] [22m}
[2m[WebServer] [22m[GuestDashboard] Session check: { hasToken: [33mtrue[39m, tokenPrefix: [32m'68d28df5'[39m }
[2m[WebServer] [22m[GuestDashboard] Session query result: {
[2m[WebServer] [22m  found: [33mtrue[39m,
[2m[WebServer] [22m  error: [90mundefined[39m,
[2m[WebServer] [22m  guestId: [32m'8495402c-d379-4b93-bd83-ef2c69b7fa3b'[39m
[2m[WebServer] [22m}
[2m[WebServer] [22m[GuestDashboard] Guest query result: {
[2m[WebServer] [22m  found: [33mtrue[39m,
[2m[WebServer] [22m  error: [90mundefined[39m,
[2m[WebServer] [22m  email: [32m'test-w0-1770447436708-64va4d34@example.com'[39m
[2m[WebServer] [22m}
[2m[WebServer] [22m[GuestDashboard] Rendering dashboard for guest: test-w0-1770447436708-64va4d34@example.com
[2m[WebServer] [22m GET /guest/dashboard [32m200[39m in 600ms[2m (compile: 53ms, proxy.ts: 229ms, render: 318ms)[22m
[2m[WebServer] [22m GET /api/guest/wedding-info [32m200[39m in 2.7s[2m (compile: 1604ms, proxy.ts: 361ms, render: 702ms)[22m
[2m[WebServer] [22m GET /api/guest/wedding-info [32m200[39m in 2.7s[2m (compile: 1672ms, proxy.ts: 294ms, render: 704ms)[22m
[2m[WebServer] [22m GET /api/guest/announcements [32m200[39m in 2.7s[2m (compile: 1667ms, proxy.ts: 298ms, render: 713ms)[22m
[2m[WebServer] [22m GET /api/guest/rsvps [32m200[39m in 2.7s[2m (compile: 1656ms, proxy.ts: 310ms, render: 716ms)[22m
[2m[WebServer] [22m GET /api/guest/rsvps [32m200[39m in 2.7s[2m (compile: 1665ms, proxy.ts: 301ms, render: 719ms)[22m
[2m[WebServer] [22m GET /api/guest/announcements [32m200[39m in 2.7s[2m (compile: 1592ms, proxy.ts: 374ms, render: 726ms)[22m
[2m[WebServer] [22m[Middleware] Guest auth check: {
[2m[WebServer] [22m  path: '/guest/dashboard',
[2m[WebServer] [22m  hasCookie: true,
[2m[WebServer] [22m  cookieValue: '68d28df5...',
[2m[WebServer] [22m  allCookies: [ 'guest_session', '__next_hmr_refresh_hash__' ]
[2m[WebServer] [22m}
[2m[WebServer] [22m[Middleware] Guest auth check: {
[2m[WebServer] [22m  path: '/guest/dashboard',
[2m[WebServer] [22m  hasCookie: true,
[2m[WebServer] [22m  cookieValue: 'feec2530...',
[2m[WebServer] [22m  allCookies: [ 'guest_session', '__next_hmr_refresh_hash__' ]
[2m[WebServer] [22m}
[2m[WebServer] [22m GET /guest/dashboard [32m200[39m in 682ms[2m (compile: 91ms, proxy.ts: 418ms, render: 172ms)[22m
[Browser log] %c%s%c [GuestDashboard] Session check: background: #e6e6e6;background: light-dark(rgba(0,0,0,0.1), rgba(255,255,255,0.25));color: #000000;color: light-dark(#000000, #ffffff);border-radius: 2px  Server   {hasToken: true, tokenPrefix: 68d28df5}
[Browser log] %c%s%c [GuestDashboard] Session query result: background: #e6e6e6;background: light-dark(rgba(0,0,0,0.1), rgba(255,255,255,0.25));color: #000000;color: light-dark(#000000, #ffffff);border-radius: 2px  Server   {found: true, guestId: 8495402c-d379-4b93-bd83-ef2c69b7fa3b}
[Browser log] %c%s%c [GuestDashboard] Guest query result: background: #e6e6e6;background: light-dark(rgba(0,0,0,0.1), rgba(255,255,255,0.25));color: #000000;color: light-dark(#000000, #ffffff);border-radius: 2px  Server   {found: true, email: test-w0-1770447436708-64va4d34@example.com}
[Browser log] %c%s%c [GuestDashboard] Rendering dashboard for guest: background: #e6e6e6;background: light-dark(rgba(0,0,0,0.1), rgba(255,255,255,0.25));color: #000000;color: light-dark(#000000, #ffffff);border-radius: 2px  Server   test-w0-1770447436708-64va4d34@example.com
  ✓   5 [chromium] › __tests__/e2e/auth/guestAuth.spec.ts:212:7 › Guest Authentication › should show error for non-existent email (9.5s)
  ✓   4 [chromium] › __tests__/e2e/auth/guestAuth.spec.ts:227:7 › Guest Authentication › should show error for invalid email format (9.6s)
[2m[WebServer] [22m GET /api/guest/events [32m200[39m in 2.9s[2m (compile: 1675ms, proxy.ts: 290ms, render: 927ms)[22m
[2m[WebServer] [22m GET /api/guest/events [32m200[39m in 2.9s[2m (compile: 1681ms, proxy.ts: 285ms, render: 932ms)[22m
[2m[WebServer] [22m[Middleware] Session query result: {
[2m[WebServer] [22m  sessionsFound: 1,
[2m[WebServer] [22m  hasError: false,
[2m[WebServer] [22m  errorMessage: undefined,
[2m[WebServer] [22m  tokenPrefix: 'feec2530'
[2m[WebServer] [22m}
[2m[WebServer] [22m[Middleware] Session query result: {
[2m[WebServer] [22m  sessionsFound: 1,
[2m[WebServer] [22m  hasError: false,
[2m[WebServer] [22m  errorMessage: undefined,
[2m[WebServer] [22m  tokenPrefix: '68d28df5'
[2m[WebServer] [22m}
[2m[WebServer] [22m[GuestDashboard] Session check: { hasToken: [33mtrue[39m, tokenPrefix: [32m'feec2530'[39m }
[2m[WebServer] [22m[GuestDashboard] Session check: { hasToken: [33mtrue[39m, tokenPrefix: [32m'68d28df5'[39m }
[Worker 1] Created test guest: {
  email: [32m'test-w1-1770447446488-nntq3o8x@example.com'[39m,
  id: [32m'082fdc5e-76c0-465d-81ed-6905acfd453c'[39m,
  authMethod: [32m'email_matching'[39m,
  groupId: [32m'62243fb7-dc1c-45da-8dad-76547150a6f5'[39m
}
[Worker 2] Created test guest: {
  email: [32m'test-w2-1770447446506-8cjkkjpi@example.com'[39m,
  id: [32m'038bf12e-bb1b-430f-b46f-ffebc9f63150'[39m,
  authMethod: [32m'email_matching'[39m,
  groupId: [32m'198028ec-c89e-4eee-b3b9-ce569e6b7011'[39m
}
[2m[WebServer] [22m[GuestDashboard] Session query result: {
[2m[WebServer] [22m  found: [33mtrue[39m,
[2m[WebServer] [22m  error: [90mundefined[39m,
[2m[WebServer] [22m  guestId: [32m'41060ca8-bd49-4c9b-a79a-a7a78dbdba79'[39m
[2m[WebServer] [22m}
[Worker 1] ✅ Verified guest exists: {
  email: [32m'test-w1-1770447446488-nntq3o8x@example.com'[39m,
  authMethod: [32m'email_matching'[39m
}
[2m[WebServer] [22m[GuestDashboard] Session query result: {
[2m[WebServer] [22m  found: [33mtrue[39m,
[2m[WebServer] [22m  error: [90mundefined[39m,
[2m[WebServer] [22m  guestId: [32m'8495402c-d379-4b93-bd83-ef2c69b7fa3b'[39m
[2m[WebServer] [22m}
[Worker 2] ✅ Verified guest exists: {
  email: [32m'test-w2-1770447446506-8cjkkjpi@example.com'[39m,
  authMethod: [32m'email_matching'[39m
}
[2m[WebServer] [22m[GuestDashboard] Guest query result: {
[2m[WebServer] [22m  found: [33mtrue[39m,
[2m[WebServer] [22m  error: [90mundefined[39m,
[2m[WebServer] [22m  email: [32m'test-w3-1770447436709-vulxz60q@example.com'[39m
[2m[WebServer] [22m}
[2m[WebServer] [22m[GuestDashboard] Rendering dashboard for guest: test-w3-1770447436709-vulxz60q@example.com
[2m[WebServer] [22m[GuestDashboard] Guest query result: {
[2m[WebServer] [22m  found: [33mtrue[39m,
[2m[WebServer] [22m  error: [90mundefined[39m,
[2m[WebServer] [22m  email: [32m'test-w0-1770447436708-64va4d34@example.com'[39m
[2m[WebServer] [22m}
[2m[WebServer] [22m[GuestDashboard] Rendering dashboard for guest: test-w0-1770447436708-64va4d34@example.com
[2m[WebServer] [22m GET /guest/dashboard [32m200[39m in 891ms[2m (compile: 49ms, proxy.ts: 383ms, render: 459ms)[22m
[2m[WebServer] [22m GET /guest/dashboard [32m200[39m in 915ms[2m (compile: 47ms, proxy.ts: 404ms, render: 465ms)[22m
[Browser info] %cDownload the React DevTools for a better development experience: https://react.dev/link/react-devtools font-weight:bold
[Browser log] %c%s%c [GuestDashboard] Session check: background: #e6e6e6;background: light-dark(rgba(0,0,0,0.1), rgba(255,255,255,0.25));color: #000000;color: light-dark(#000000, #ffffff);border-radius: 2px  Server   {hasToken: true, tokenPrefix: 68d28df5}
[Browser log] %c%s%c [GuestDashboard] Session query result: background: #e6e6e6;background: light-dark(rgba(0,0,0,0.1), rgba(255,255,255,0.25));color: #000000;color: light-dark(#000000, #ffffff);border-radius: 2px  Server   {found: true, guestId: 8495402c-d379-4b93-bd83-ef2c69b7fa3b}
[Browser log] %c%s%c [GuestDashboard] Guest query result: background: #e6e6e6;background: light-dark(rgba(0,0,0,0.1), rgba(255,255,255,0.25));color: #000000;color: light-dark(#000000, #ffffff);border-radius: 2px  Server   {found: true, email: test-w0-1770447436708-64va4d34@example.com}
[Browser log] %c%s%c [GuestDashboard] Rendering dashboard for guest: background: #e6e6e6;background: light-dark(rgba(0,0,0,0.1), rgba(255,255,255,0.25));color: #000000;color: light-dark(#000000, #ffffff);border-radius: 2px  Server   test-w0-1770447436708-64va4d34@example.com
[2m[WebServer] [22m GET /auth/guest-login [32m200[39m in 102ms[2m (compile: 9ms, proxy.ts: 10ms, render: 84ms)[22m
[Browser log] [HMR] connected
[2m[WebServer] [22m[Middleware] Guest auth check: {
[2m[WebServer] [22m  path: '/api/guest/events',
[2m[WebServer] [22m  hasCookie: true,
[2m[WebServer] [22m  cookieValue: 'feec2530...',
[2m[WebServer] [22m  allCookies: [ 'guest_session', '__next_hmr_refresh_hash__' ]
[2m[WebServer] [22m}
[2m[WebServer] [22m[Middleware] Guest auth check: {
[2m[WebServer] [22m  path: '/api/guest/events',
[2m[WebServer] [22m  hasCookie: true,
[2m[WebServer] [22m  cookieValue: '68d28df5...',
[2m[WebServer] [22m  allCookies: [ 'guest_session', '__next_hmr_refresh_hash__' ]
[2m[WebServer] [22m}
[2m[WebServer] [22m[Middleware] Guest auth check: {
[2m[WebServer] [22m  path: '/api/guest/rsvps',
[2m[WebServer] [22m  hasCookie: true,
[2m[WebServer] [22m  cookieValue: '68d28df5...',
[2m[WebServer] [22m  allCookies: [ 'guest_session', '__next_hmr_refresh_hash__' ]
[2m[WebServer] [22m}
[2m[WebServer] [22m[Middleware] Guest auth check: {
[2m[WebServer] [22m  path: '/api/guest/wedding-info',
[2m[WebServer] [22m  hasCookie: true,
[2m[WebServer] [22m  cookieValue: '68d28df5...',
[2m[WebServer] [22m  allCookies: [ 'guest_session', '__next_hmr_refresh_hash__' ]
[2m[WebServer] [22m}
[2m[WebServer] [22m[Middleware] Guest auth check: {
[2m[WebServer] [22m  path: '/api/guest/announcements',
[2m[WebServer] [22m  hasCookie: true,
[2m[WebServer] [22m  cookieValue: '68d28df5...',
[2m[WebServer] [22m  allCookies: [ 'guest_session', '__next_hmr_refresh_hash__' ]
[2m[WebServer] [22m}
[2m[WebServer] [22m[Middleware] Guest auth check: {
[2m[WebServer] [22m  path: '/api/guest/wedding-info',
[2m[WebServer] [22m  hasCookie: true,
[2m[WebServer] [22m  cookieValue: 'feec2530...',
[2m[WebServer] [22m  allCookies: [ 'guest_session', '__next_hmr_refresh_hash__' ]
[2m[WebServer] [22m}
[2m[WebServer] [22m[Middleware] Guest auth check: {
[2m[WebServer] [22m  path: '/api/guest/rsvps',
[2m[WebServer] [22m  hasCookie: true,
[2m[WebServer] [22m  cookieValue: 'feec2530...',
[2m[WebServer] [22m  allCookies: [ 'guest_session', '__next_hmr_refresh_hash__' ]
[2m[WebServer] [22m}
[2m[WebServer] [22m[Middleware] Guest auth check: {
[2m[WebServer] [22m  path: '/api/guest/announcements',
[2m[WebServer] [22m  hasCookie: true,
[2m[WebServer] [22m  cookieValue: 'feec2530...',
[2m[WebServer] [22m  allCookies: [ 'guest_session', '__next_hmr_refresh_hash__' ]
[2m[WebServer] [22m}
[2m[WebServer] [22m GET /auth/guest-login [32m200[39m in 144ms[2m (compile: 43ms, proxy.ts: 48ms, render: 53ms)[22m
[2m[WebServer] [22m[Middleware] Session query result: {
[2m[WebServer] [22m  sessionsFound: 1,
[2m[WebServer] [22m  hasError: false,
[2m[WebServer] [22m  errorMessage: undefined,
[2m[WebServer] [22m  tokenPrefix: '68d28df5'
[2m[WebServer] [22m}
[2m[WebServer] [22m[Middleware] Session query result: {
[2m[WebServer] [22m  sessionsFound: 1,
[2m[WebServer] [22m  hasError: false,
[2m[WebServer] [22m  errorMessage: undefined,
[2m[WebServer] [22m  tokenPrefix: '68d28df5'
[2m[WebServer] [22m}
[2m[WebServer] [22m[Middleware] Session query result: {
[2m[WebServer] [22m  sessionsFound: 1,
[2m[WebServer] [22m  hasError: false,
[2m[WebServer] [22m  errorMessage: undefined,
[2m[WebServer] [22m  tokenPrefix: 'feec2530'
[2m[WebServer] [22m}
[2m[WebServer] [22m[Middleware] Session query result: {
[2m[WebServer] [22m  sessionsFound: 1,
[2m[WebServer] [22m  hasError: false,
[2m[WebServer] [22m  errorMessage: undefined,
[2m[WebServer] [22m  tokenPrefix: 'feec2530'
[2m[WebServer] [22m}
[2m[WebServer] [22m[Middleware] Session query result: {
[2m[WebServer] [22m  sessionsFound: 1,
[2m[WebServer] [22m  hasError: false,
[2m[WebServer] [22m  errorMessage: undefined,
[2m[WebServer] [22m  tokenPrefix: '68d28df5'
[2m[WebServer] [22m}
[2m[WebServer] [22m[Middleware] Session query result: {
[2m[WebServer] [22m  sessionsFound: 1,
[2m[WebServer] [22m  hasError: false,
[2m[WebServer] [22m  errorMessage: undefined,
[2m[WebServer] [22m  tokenPrefix: 'feec2530'
[2m[WebServer] [22m}
[2m[WebServer] [22m[Middleware] Session query result: {
[2m[WebServer] [22m  sessionsFound: 1,
[2m[WebServer] [22m  hasError: false,
[2m[WebServer] [22m  errorMessage: undefined,
[2m[WebServer] [22m  tokenPrefix: 'feec2530'
[2m[WebServer] [22m}
[2m[WebServer] [22m[Middleware] Session query result: {
[2m[WebServer] [22m  sessionsFound: 1,
[2m[WebServer] [22m  hasError: false,
[2m[WebServer] [22m  errorMessage: undefined,
[2m[WebServer] [22m  tokenPrefix: '68d28df5'
[2m[WebServer] [22m}
[2m[WebServer] [22m GET /api/guest/rsvps [32m200[39m in 819ms[2m (compile: 5ms, proxy.ts: 186ms, render: 628ms)[22m
[2m[WebServer] [22m GET /api/guest/rsvps [32m200[39m in 949ms[2m (compile: 13ms, proxy.ts: 205ms, render: 731ms)[22m
[2m[WebServer] [22m GET /api/guest/events [32m200[39m in 995ms[2m (compile: 1655µs, proxy.ts: 170ms, render: 823ms)[22m
[2m[WebServer] [22m GET /api/guest/announcements [32m200[39m in 1087ms[2m (compile: 3ms, proxy.ts: 206ms, render: 878ms)[22m
[2m[WebServer] [22m GET /api/guest/wedding-info [32m200[39m in 1090ms[2m (compile: 9ms, proxy.ts: 206ms, render: 875ms)[22m
[2m[WebServer] [22m GET /api/guest/announcements [32m200[39m in 1092ms[2m (compile: 5ms, proxy.ts: 204ms, render: 882ms)[22m
[2m[WebServer] [22m GET /api/guest/wedding-info [32m200[39m in 1100ms[2m (compile: 10ms, proxy.ts: 205ms, render: 884ms)[22m
[2m[WebServer] [22m[Magic Link Request] Processing request for email: test-w1-1770447446488-nntq3o8x@example.com
[2m[WebServer] [22m[Magic Link Request] Looking for guest by email...
[2m[WebServer] [22m[Magic Link Request] Processing request for email: test-w2-1770447446506-8cjkkjpi@example.com
[2m[WebServer] [22m[Magic Link Request] Looking for guest by email...
[2m[WebServer] [22m GET /api/guest/events [32m200[39m in 1300ms[2m (compile: 10ms, proxy.ts: 187ms, render: 1104ms)[22m
[2m[WebServer] [22m[Magic Link Request] Guest query result: {
[2m[WebServer] [22m  found: [33mtrue[39m,
[2m[WebServer] [22m  guestId: [32m'082fdc5e-76c0-465d-81ed-6905acfd453c'[39m,
[2m[WebServer] [22m  authMethod: [32m'magic_link'[39m,
[2m[WebServer] [22m  error: [90mundefined[39m
[2m[WebServer] [22m}
[2m[WebServer] [22m[Magic Link Request] Guest query result: {
[2m[WebServer] [22m  found: [33mtrue[39m,
[2m[WebServer] [22m  guestId: [32m'038bf12e-bb1b-430f-b46f-ffebc9f63150'[39m,
[2m[WebServer] [22m  authMethod: [32m'magic_link'[39m,
[2m[WebServer] [22m  error: [90mundefined[39m
[2m[WebServer] [22m}
  ✓   3 [chromium] › __tests__/e2e/auth/guestAuth.spec.ts:266:7 › Guest Authentication › should create session cookie on successful authentication (12.2s)
[2m[WebServer] [22mMagic link for test-w1-1770447446488-nntq3o8x@example.com: http://localhost:3000/auth/guest-login/verify?token=a87dfcbb5a75b473886afd0caaa9c6e664a4464e877c30b27741edd58283bbed
[2m[WebServer] [22m POST /api/guest-auth/magic-link/request [32m200[39m in 344ms[2m (compile: 13ms, proxy.ts: 17ms, render: 314ms)[22m
[2m[WebServer] [22mMagic link for test-w2-1770447446506-8cjkkjpi@example.com: http://localhost:3000/auth/guest-login/verify?token=fccde9add8fbb9fb76ba184658c5b4b1616e269949cd0acb3d4825181bd7c061
[2m[WebServer] [22m POST /api/guest-auth/magic-link/request [32m200[39m in 321ms[2m (compile: 4ms, proxy.ts: 10ms, render: 307ms)[22m
[Worker 3] Created test guest: {
  email: [32m'test-w3-1770447449157-38c6sl92@example.com'[39m,
  id: [32m'8a811928-eaa9-4479-971c-11a4c214dd8f'[39m,
  authMethod: [32m'email_matching'[39m,
  groupId: [32m'1bf8b9cc-b072-48b1-8a53-b8d0d4a2c055'[39m
}
[Worker 3] ✅ Verified guest exists: {
  email: [32m'test-w3-1770447449157-38c6sl92@example.com'[39m,
  authMethod: [32m'email_matching'[39m
}
[Browser log] [Fast Refresh] rebuilding
[2m[WebServer] [22m[33m[1m⚠[22m[39m Fast Refresh had to perform a full reload. Read more: https://nextjs.org/docs/messages/fast-refresh-reload
[Browser log] [Fast Refresh] done in 383ms
[2m[WebServer] [22m GET /auth/guest-login/verify?token=a87dfcbb5a75b473886afd0caaa9c6e664a4464e877c30b27741edd58283bbed [32m200[39m in 778ms[2m (compile: 636ms, proxy.ts: 5ms, render: 137ms)[22m
[2m[WebServer] [22m GET /auth/guest-login/verify?token=892027741032848e81d3c98e63a807f9cdb75089e09ae18da6305560f827613d [32m200[39m in 325ms[2m (compile: 81ms, proxy.ts: 104ms, render: 140ms)[22m
[2m[WebServer] [22m[Middleware] Guest auth check: {
[2m[WebServer] [22m  path: '/guest/dashboard',
[2m[WebServer] [22m  hasCookie: true,
[2m[WebServer] [22m  cookieValue: '68d28df5...',
[2m[WebServer] [22m  allCookies: [ 'guest_session', '__next_hmr_refresh_hash__' ]
[2m[WebServer] [22m}
[2m[WebServer] [22m GET /auth/guest-login [32m200[39m in 113ms[2m (compile: 28ms, proxy.ts: 18ms, render: 67ms)[22m
[2m[WebServer] [22m[Middleware] Session query result: {
[2m[WebServer] [22m  sessionsFound: 1,
[2m[WebServer] [22m  hasError: false,
[2m[WebServer] [22m  errorMessage: undefined,
[2m[WebServer] [22m  tokenPrefix: '68d28df5'
[2m[WebServer] [22m}
[2m[WebServer] [22m[GuestDashboard] Session check: { hasToken: [33mtrue[39m, tokenPrefix: [32m'68d28df5'[39m }
[2m[WebServer] [22m POST /api/guest-auth/magic-link/verify [34m307[39m in 223ms[2m (compile: 47ms, proxy.ts: 29ms, render: 146ms)[22m
[2m[WebServer] [22m[GuestDashboard] Session query result: {
[2m[WebServer] [22m  found: [33mtrue[39m,
[2m[WebServer] [22m  error: [90mundefined[39m,
[2m[WebServer] [22m  guestId: [32m'8495402c-d379-4b93-bd83-ef2c69b7fa3b'[39m
[2m[WebServer] [22m}
[2m[WebServer] [22m POST /auth/guest-login/verify?error=INVALID_TOKEN&message=Invalid+or+expired+magic+link [32m200[39m in 66ms[2m (compile: 5ms, proxy.ts: 5ms, render: 56ms)[22m
[2m[WebServer] [22m[GuestDashboard] Guest query result: {
[2m[WebServer] [22m  found: [33mtrue[39m,
[2m[WebServer] [22m  error: [90mundefined[39m,
[2m[WebServer] [22m  email: [32m'test-w0-1770447436708-64va4d34@example.com'[39m
[2m[WebServer] [22m}
[2m[WebServer] [22m[GuestDashboard] Rendering dashboard for guest: test-w0-1770447436708-64va4d34@example.com
[2m[WebServer] [22m GET /guest/dashboard [32m200[39m in 582ms[2m (compile: 15ms, proxy.ts: 170ms, render: 397ms)[22m
[2m[WebServer] [22m POST /api/guest-auth/magic-link/verify [34m307[39m in 803ms[2m (compile: 47ms, proxy.ts: 29ms, render: 726ms)[22m
[2m[WebServer] [22m[Middleware] Guest auth check: {
[2m[WebServer] [22m  path: '/guest/dashboard',
[2m[WebServer] [22m  hasCookie: true,
[2m[WebServer] [22m  cookieValue: 'd576d68d...',
[2m[WebServer] [22m  allCookies: [ 'guest_session' ]
[2m[WebServer] [22m}
[2m[WebServer] [22m[Middleware] Session query result: {
[2m[WebServer] [22m  sessionsFound: 1,
[2m[WebServer] [22m  hasError: false,
[2m[WebServer] [22m  errorMessage: undefined,
[2m[WebServer] [22m  tokenPrefix: 'd576d68d'
[2m[WebServer] [22m}
[2m[WebServer] [22m[GuestDashboard] Session check: { hasToken: [33mtrue[39m, tokenPrefix: [32m'd576d68d'[39m }
[Browser info] %cDownload the React DevTools for a better development experience: https://react.dev/link/react-devtools font-weight:bold
[Browser log] %c%s%c [GuestDashboard] Session check: background: #e6e6e6;background: light-dark(rgba(0,0,0,0.1), rgba(255,255,255,0.25));color: #000000;color: light-dark(#000000, #ffffff);border-radius: 2px  Server   {hasToken: true, tokenPrefix: 68d28df5}
[Browser log] %c%s%c [GuestDashboard] Session query result: background: #e6e6e6;background: light-dark(rgba(0,0,0,0.1), rgba(255,255,255,0.25));color: #000000;color: light-dark(#000000, #ffffff);border-radius: 2px  Server   {found: true, guestId: 8495402c-d379-4b93-bd83-ef2c69b7fa3b}
[Browser log] %c%s%c [GuestDashboard] Guest query result: background: #e6e6e6;background: light-dark(rgba(0,0,0,0.1), rgba(255,255,255,0.25));color: #000000;color: light-dark(#000000, #ffffff);border-radius: 2px  Server   {found: true, email: test-w0-1770447436708-64va4d34@example.com}
[Browser log] %c%s%c [GuestDashboard] Rendering dashboard for guest: background: #e6e6e6;background: light-dark(rgba(0,0,0,0.1), rgba(255,255,255,0.25));color: #000000;color: light-dark(#000000, #ffffff);border-radius: 2px  Server   test-w0-1770447436708-64va4d34@example.com
[2m[WebServer] [22m[GuestDashboard] Session query result: {
[2m[WebServer] [22m  found: [33mtrue[39m,
[2m[WebServer] [22m  error: [90mundefined[39m,
[2m[WebServer] [22m  guestId: [32m'082fdc5e-76c0-465d-81ed-6905acfd453c'[39m
[2m[WebServer] [22m}
[Browser log] [HMR] connected
[2m[WebServer] [22m[Middleware] Guest auth check: {
[2m[WebServer] [22m  path: '/api/guest/rsvps',
[2m[WebServer] [22m  hasCookie: true,
[2m[WebServer] [22m  cookieValue: '68d28df5...',
[2m[WebServer] [22m  allCookies: [ 'guest_session', '__next_hmr_refresh_hash__' ]
[2m[WebServer] [22m}
[2m[WebServer] [22m[Middleware] Guest auth check: {
[2m[WebServer] [22m  path: '/api/guest/events',
[2m[WebServer] [22m  hasCookie: true,
[2m[WebServer] [22m  cookieValue: '68d28df5...',
[2m[WebServer] [22m  allCookies: [ 'guest_session', '__next_hmr_refresh_hash__' ]
[2m[WebServer] [22m}
[2m[WebServer] [22m[Middleware] Guest auth check: {
[2m[WebServer] [22m  path: '/api/guest/wedding-info',
[2m[WebServer] [22m  hasCookie: true,
[2m[WebServer] [22m  cookieValue: '68d28df5...',
[2m[WebServer] [22m  allCookies: [ 'guest_session', '__next_hmr_refresh_hash__' ]
[2m[WebServer] [22m}
[2m[WebServer] [22m[Middleware] Guest auth check: {
[2m[WebServer] [22m  path: '/api/guest/announcements',
[2m[WebServer] [22m  hasCookie: true,
[2m[WebServer] [22m  cookieValue: '68d28df5...',
[2m[WebServer] [22m  allCookies: [ 'guest_session', '__next_hmr_refresh_hash__' ]
[2m[WebServer] [22m}
[2m[WebServer] [22m[GuestDashboard] Guest query result: {
[2m[WebServer] [22m  found: [33mtrue[39m,
[2m[WebServer] [22m  error: [90mundefined[39m,
[2m[WebServer] [22m  email: [32m'test-w1-1770447446488-nntq3o8x@example.com'[39m
[2m[WebServer] [22m}
[2m[WebServer] [22m[GuestDashboard] Rendering dashboard for guest: test-w1-1770447446488-nntq3o8x@example.com
[2m[WebServer] [22m POST /guest/dashboard [32m200[39m in 543ms[2m (compile: 5ms, proxy.ts: 179ms, render: 359ms)[22m
[2m[WebServer] [22m[Middleware] Session query result: {
[2m[WebServer] [22m  sessionsFound: 1,
[2m[WebServer] [22m  hasError: false,
[2m[WebServer] [22m  errorMessage: undefined,
[2m[WebServer] [22m  tokenPrefix: '68d28df5'
[2m[WebServer] [22m}
[2m[WebServer] [22m[Middleware] Session query result: {
[2m[WebServer] [22m  sessionsFound: 1,
[2m[WebServer] [22m  hasError: false,
[2m[WebServer] [22m  errorMessage: undefined,
[2m[WebServer] [22m  tokenPrefix: '68d28df5'
[2m[WebServer] [22m}
[2m[WebServer] [22m[Middleware] Session query result: {
[2m[WebServer] [22m  sessionsFound: 1,
[2m[WebServer] [22m  hasError: false,
[2m[WebServer] [22m  errorMessage: undefined,
[2m[WebServer] [22m  tokenPrefix: '68d28df5'
[2m[WebServer] [22m}
[2m[WebServer] [22m[Middleware] Session query result: {
[2m[WebServer] [22m  sessionsFound: 1,
[2m[WebServer] [22m  hasError: false,
[2m[WebServer] [22m  errorMessage: undefined,
[2m[WebServer] [22m  tokenPrefix: '68d28df5'
[2m[WebServer] [22m}
[2m[WebServer] [22m GET /api/guest/announcements [32m200[39m in 580ms[2m (compile: 5ms, proxy.ts: 186ms, render: 389ms)[22m
[2m[WebServer] [22m GET /api/guest/rsvps [32m200[39m in 598ms[2m (compile: 28ms, proxy.ts: 155ms, render: 415ms)[22m
[2m[WebServer] [22m GET /api/guest/wedding-info [32m200[39m in 655ms[2m (compile: 20ms, proxy.ts: 188ms, render: 447ms)[22m
[2m[WebServer] [22m[Middleware] Guest auth check: {
[2m[WebServer] [22m  path: '/api/guest/events',
[2m[WebServer] [22m  hasCookie: true,
[2m[WebServer] [22m  cookieValue: 'd576d68d...',
[2m[WebServer] [22m  allCookies: [ 'guest_session' ]
[2m[WebServer] [22m}
[2m[WebServer] [22m[Middleware] Guest auth check: {
[2m[WebServer] [22m  path: '/api/guest/rsvps',
[2m[WebServer] [22m  hasCookie: true,
[2m[WebServer] [22m  cookieValue: 'd576d68d...',
[2m[WebServer] [22m  allCookies: [ 'guest_session' ]
[2m[WebServer] [22m}
[2m[WebServer] [22m[Middleware] Guest auth check: {
[2m[WebServer] [22m  path: '/api/guest/wedding-info',
[2m[WebServer] [22m  hasCookie: true,
[2m[WebServer] [22m  cookieValue: 'd576d68d...',
[2m[WebServer] [22m  allCookies: [ 'guest_session' ]
[2m[WebServer] [22m}
[2m[WebServer] [22m[Middleware] Guest auth check: {
[2m[WebServer] [22m  path: '/api/guest/announcements',
[2m[WebServer] [22m  hasCookie: true,
[2m[WebServer] [22m  cookieValue: 'd576d68d...',
[2m[WebServer] [22m  allCookies: [ 'guest_session' ]
[2m[WebServer] [22m}
[2m[WebServer] [22m GET /api/guest/events [32m200[39m in 762ms[2m (compile: 17ms, proxy.ts: 187ms, render: 558ms)[22m
[2m[WebServer] [22m[Middleware] Session query result: {
[2m[WebServer] [22m  sessionsFound: 1,
[2m[WebServer] [22m  hasError: false,
[2m[WebServer] [22m  errorMessage: undefined,
[2m[WebServer] [22m  tokenPrefix: 'd576d68d'
[2m[WebServer] [22m}
[2m[WebServer] [22m[Middleware] Session query result: {
[2m[WebServer] [22m  sessionsFound: 1,
[2m[WebServer] [22m  hasError: false,
[2m[WebServer] [22m  errorMessage: undefined,
[2m[WebServer] [22m  tokenPrefix: 'd576d68d'
[2m[WebServer] [22m}
[2m[WebServer] [22m[Middleware] Session query result: {
[2m[WebServer] [22m  sessionsFound: 1,
[2m[WebServer] [22m  hasError: false,
[2m[WebServer] [22m  errorMessage: undefined,
[2m[WebServer] [22m  tokenPrefix: 'd576d68d'
[2m[WebServer] [22m}
[2m[WebServer] [22m[Middleware] Session query result: {
[2m[WebServer] [22m  sessionsFound: 1,
[2m[WebServer] [22m  hasError: false,
[2m[WebServer] [22m  errorMessage: undefined,
[2m[WebServer] [22m  tokenPrefix: 'd576d68d'
[2m[WebServer] [22m}
[2m[WebServer] [22m GET /api/guest/announcements [32m200[39m in 552ms[2m (compile: 4ms, proxy.ts: 152ms, render: 395ms)[22m
[2m[WebServer] [22m GET /api/guest/wedding-info [32m200[39m in 578ms[2m (compile: 5ms, proxy.ts: 153ms, render: 420ms)[22m
[2m[WebServer] [22m GET /api/guest/rsvps [32m200[39m in 580ms[2m (compile: 1191µs, proxy.ts: 140ms, render: 438ms)[22m
[2m[WebServer] [22m GET /api/guest/events [32m200[39m in 726ms[2m (compile: 5ms, proxy.ts: 149ms, render: 572ms)[22m
  ✓   2 [chromium] › __tests__/e2e/auth/guestAuth.spec.ts:162:7 › Guest Authentication › should successfully authenticate with email matching (18.2s)
[Worker 0] Created test guest: {
  email: [32m'test-w0-1770447455056-tu6pgwvw@example.com'[39m,
  id: [32m'17a04205-e9cb-4b7c-83d3-57a5452e6a20'[39m,
  authMethod: [32m'email_matching'[39m,
  groupId: [32m'7fecfe41-8cb9-4383-b73d-3395f90d3590'[39m
}
[Worker 0] ✅ Verified guest exists: {
  email: [32m'test-w0-1770447455056-tu6pgwvw@example.com'[39m,
  authMethod: [32m'email_matching'[39m
}
[2m[WebServer] [22m GET /auth/guest-login [32m200[39m in 77ms[2m (compile: 3ms, proxy.ts: 11ms, render: 63ms)[22m
[2m[WebServer] [22m[Magic Link Request] Processing request for email: test-w0-1770447455056-tu6pgwvw@example.com
[2m[WebServer] [22m[Magic Link Request] Looking for guest by email...
[2m[WebServer] [22m[Magic Link Request] Guest query result: {
[2m[WebServer] [22m  found: [33mtrue[39m,
[2m[WebServer] [22m  guestId: [32m'17a04205-e9cb-4b7c-83d3-57a5452e6a20'[39m,
[2m[WebServer] [22m  authMethod: [32m'magic_link'[39m,
[2m[WebServer] [22m  error: [90mundefined[39m
[2m[WebServer] [22m}
[2m[WebServer] [22mMagic link for test-w0-1770447455056-tu6pgwvw@example.com: http://localhost:3000/auth/guest-login/verify?token=421538ae112a68468335b90cd4ac2b88de59e0cf62cf074911f3d24f3a0049f6
[2m[WebServer] [22m POST /api/guest-auth/magic-link/request [32m200[39m in 288ms[2m (compile: 6ms, proxy.ts: 6ms, render: 277ms)[22m
[2m[WebServer] [22m GET /auth/guest-login/verify?token=421538ae112a68468335b90cd4ac2b88de59e0cf62cf074911f3d24f3a0049f6 [32m200[39m in 39ms[2m (compile: 1461µs, proxy.ts: 5ms, render: 33ms)[22m
  ✓   8 [chromium] › __tests__/e2e/auth/guestAuth.spec.ts:410:7 › Guest Authentication › should show error for expired magic link (8.6s)
  ✓   6 [chromium] › __tests__/e2e/auth/guestAuth.spec.ts:292:7 › Guest Authentication › should successfully request and verify magic link (11.5s)
[Worker 3] Created test guest: {
  email: [32m'test-w3-1770447457805-jj7b6v2j@example.com'[39m,
  id: [32m'37cf900b-ac49-49d4-8bb2-fd142252c07f'[39m,
  authMethod: [32m'email_matching'[39m,
  groupId: [32m'49c5cc00-e9a0-4d81-abf9-85c2549250a0'[39m
}
[Worker 3] ✅ Verified guest exists: {
  email: [32m'test-w3-1770447457805-jj7b6v2j@example.com'[39m,
  authMethod: [32m'email_matching'[39m
}
[Worker 1] Created test guest: {
  email: [32m'test-w1-1770447457986-s8xsmh3i@example.com'[39m,
  id: [32m'ce5113ac-f252-44b1-b7bb-ff2fdf5b7980'[39m,
  authMethod: [32m'email_matching'[39m,
  groupId: [32m'865dc8e1-9f2b-444d-bb6c-df8bcf323d0e'[39m
}
[Worker 1] ✅ Verified guest exists: {
  email: [32m'test-w1-1770447457986-s8xsmh3i@example.com'[39m,
  authMethod: [32m'email_matching'[39m
}
[2m[WebServer] [22m GET /auth/guest-login/verify?token=invalid-token [32m200[39m in 38ms[2m (compile: 1286µs, proxy.ts: 5ms, render: 32ms)[22m
[2m[WebServer] [22m GET /auth/guest-login [32m200[39m in 50ms[2m (compile: 1601µs, proxy.ts: 7ms, render: 42ms)[22m
[2m[WebServer] [22m POST /api/guest-auth/magic-link/verify [34m307[39m in 707ms[2m (compile: 3ms, proxy.ts: 13ms, render: 691ms)[22m
[2m[WebServer] [22m[Middleware] Guest auth check: {
[2m[WebServer] [22m  path: '/guest/dashboard',
[2m[WebServer] [22m  hasCookie: true,
[2m[WebServer] [22m  cookieValue: '26263d76...',
[2m[WebServer] [22m  allCookies: [ 'guest_session' ]
[2m[WebServer] [22m}
[2m[WebServer] [22m[Middleware] Session query result: {
[2m[WebServer] [22m  sessionsFound: 1,
[2m[WebServer] [22m  hasError: false,
[2m[WebServer] [22m  errorMessage: undefined,
[2m[WebServer] [22m  tokenPrefix: '26263d76'
[2m[WebServer] [22m}
[2m[WebServer] [22m[GuestDashboard] Session check: { hasToken: [33mtrue[39m, tokenPrefix: [32m'26263d76'[39m }
[2m[WebServer] [22m[GuestDashboard] Session query result: {
[2m[WebServer] [22m  found: [33mtrue[39m,
[2m[WebServer] [22m  error: [90mundefined[39m,
[2m[WebServer] [22m  guestId: [32m'17a04205-e9cb-4b7c-83d3-57a5452e6a20'[39m
[2m[WebServer] [22m}
[2m[WebServer] [22m GET /auth/guest-login/verify [32m200[39m in 61ms[2m (compile: 2ms, proxy.ts: 8ms, render: 51ms)[22m
[2m[WebServer] [22m[GuestDashboard] Guest query result: {
[2m[WebServer] [22m  found: [33mtrue[39m,
[2m[WebServer] [22m  error: [90mundefined[39m,
[2m[WebServer] [22m  email: [32m'test-w0-1770447455056-tu6pgwvw@example.com'[39m
[2m[WebServer] [22m}
[2m[WebServer] [22m[GuestDashboard] Rendering dashboard for guest: test-w0-1770447455056-tu6pgwvw@example.com
[2m[WebServer] [22m POST /guest/dashboard [32m200[39m in 719ms[2m (compile: 20ms, proxy.ts: 148ms, render: 552ms)[22m
[2m[WebServer] [22m[API] Looking for guest with email: test-w1-1770447457986-s8xsmh3i@example.com
[2m[WebServer] [22m[API] Guest query result: {
[2m[WebServer] [22m  found: [33mtrue[39m,
[2m[WebServer] [22m  email: [32m'test-w1-1770447457986-s8xsmh3i@example.com'[39m,
[2m[WebServer] [22m  authMethod: [32m'email_matching'[39m,
[2m[WebServer] [22m  error: [90mundefined[39m
[2m[WebServer] [22m}
[2m[WebServer] [22m[API] Setting guest session cookie: {
[2m[WebServer] [22m  tokenPrefix: [32m'b47570bb'[39m,
[2m[WebServer] [22m  cookieOptions: {
[2m[WebServer] [22m    httpOnly: [33mtrue[39m,
[2m[WebServer] [22m    secure: [33mfalse[39m,
[2m[WebServer] [22m    sameSite: [32m'lax'[39m,
[2m[WebServer] [22m    maxAge: [33m86400[39m,
[2m[WebServer] [22m    path: [32m'/'[39m
[2m[WebServer] [22m  },
[2m[WebServer] [22m  guestId: [32m'ce5113ac-f252-44b1-b7bb-ff2fdf5b7980'[39m,
[2m[WebServer] [22m  sessionId: [32m'873b00e8-7387-4c29-a32c-d6c9023c04e2'[39m
[2m[WebServer] [22m}
[2m[WebServer] [22m POST /api/guest-auth/email-match [32m200[39m in 351ms[2m (compile: 9ms, proxy.ts: 16ms, render: 326ms)[22m
[2m[WebServer] [22m[Middleware] Guest auth check: {
[2m[WebServer] [22m  path: '/api/guest/events',
[2m[WebServer] [22m  hasCookie: true,
[2m[WebServer] [22m  cookieValue: '26263d76...',
[2m[WebServer] [22m  allCookies: [ 'guest_session' ]
[2m[WebServer] [22m}
[2m[WebServer] [22m[Middleware] Guest auth check: {
[2m[WebServer] [22m  path: '/api/guest/wedding-info',
[2m[WebServer] [22m  hasCookie: true,
[2m[WebServer] [22m  cookieValue: '26263d76...',
[2m[WebServer] [22m  allCookies: [ 'guest_session' ]
[2m[WebServer] [22m}
[2m[WebServer] [22m[Middleware] Guest auth check: {
[2m[WebServer] [22m  path: '/api/guest/announcements',
[2m[WebServer] [22m  hasCookie: true,
[2m[WebServer] [22m  cookieValue: '26263d76...',
[2m[WebServer] [22m  allCookies: [ 'guest_session' ]
[2m[WebServer] [22m}
[2m[WebServer] [22m[Middleware] Guest auth check: {
[2m[WebServer] [22m  path: '/api/guest/rsvps',
[2m[WebServer] [22m  hasCookie: true,
[2m[WebServer] [22m  cookieValue: '26263d76...',
[2m[WebServer] [22m  allCookies: [ 'guest_session' ]
[2m[WebServer] [22m}
[2m[WebServer] [22m GET /auth/guest-login/verify?token=421538ae112a68468335b90cd4ac2b88de59e0cf62cf074911f3d24f3a0049f6 [32m200[39m in 81ms[2m (compile: 1952µs, proxy.ts: 16ms, render: 63ms)[22m
[2m[WebServer] [22m GET /auth/guest-login/verify?token=29a7db3cd3d89a25ff4f562c78e99019f804d46843fa60f4b10c04fb72c70c35 [32m200[39m in 69ms[2m (compile: 5ms, proxy.ts: 21ms, render: 43ms)[22m
[2m[WebServer] [22m[Middleware] Session query result: {
[2m[WebServer] [22m  sessionsFound: 1,
[2m[WebServer] [22m  hasError: false,
[2m[WebServer] [22m  errorMessage: undefined,
[2m[WebServer] [22m  tokenPrefix: '26263d76'
[2m[WebServer] [22m}
[2m[WebServer] [22m[Middleware] Session query result: {
[2m[WebServer] [22m  sessionsFound: 1,
[2m[WebServer] [22m  hasError: false,
[2m[WebServer] [22m  errorMessage: undefined,
[2m[WebServer] [22m  tokenPrefix: '26263d76'
[2m[WebServer] [22m}
[2m[WebServer] [22m[Middleware] Session query result: {
[2m[WebServer] [22m  sessionsFound: 1,
[2m[WebServer] [22m  hasError: false,
[2m[WebServer] [22m  errorMessage: undefined,
[2m[WebServer] [22m  tokenPrefix: '26263d76'
[2m[WebServer] [22m}
[2m[WebServer] [22m[Middleware] Session query result: {
[2m[WebServer] [22m  sessionsFound: 1,
[2m[WebServer] [22m  hasError: false,
[2m[WebServer] [22m  errorMessage: undefined,
[2m[WebServer] [22m  tokenPrefix: '26263d76'
[2m[WebServer] [22m}
[2m[WebServer] [22m[Middleware] Guest auth check: {
[2m[WebServer] [22m  path: '/guest/dashboard',
[2m[WebServer] [22m  hasCookie: true,
[2m[WebServer] [22m  cookieValue: 'b47570bb...',
[2m[WebServer] [22m  allCookies: [ 'guest_session' ]
[2m[WebServer] [22m}
[2m[WebServer] [22m[Middleware] Session query result: {
[2m[WebServer] [22m  sessionsFound: 1,
[2m[WebServer] [22m  hasError: false,
[2m[WebServer] [22m  errorMessage: undefined,
[2m[WebServer] [22m  tokenPrefix: 'b47570bb'
[2m[WebServer] [22m}
[2m[WebServer] [22m[GuestDashboard] Session check: { hasToken: [33mtrue[39m, tokenPrefix: [32m'b47570bb'[39m }
[2m[WebServer] [22m[GuestDashboard] Session query result: {
[2m[WebServer] [22m  found: [33mtrue[39m,
[2m[WebServer] [22m  error: [90mundefined[39m,
[2m[WebServer] [22m  guestId: [32m'ce5113ac-f252-44b1-b7bb-ff2fdf5b7980'[39m
[2m[WebServer] [22m}
[2m[WebServer] [22m[GuestDashboard] Guest query result: {
[2m[WebServer] [22m  found: [33mtrue[39m,
[2m[WebServer] [22m  error: [90mundefined[39m,
[2m[WebServer] [22m  email: [32m'test-w1-1770447457986-s8xsmh3i@example.com'[39m
[2m[WebServer] [22m}
[2m[WebServer] [22m[GuestDashboard] Rendering dashboard for guest: test-w1-1770447457986-s8xsmh3i@example.com
[2m[WebServer] [22m POST /api/guest-auth/magic-link/verify [34m307[39m in 142ms[2m (compile: 2ms, proxy.ts: 7ms, render: 132ms)[22m
[2m[WebServer] [22m GET /guest/dashboard [32m200[39m in 509ms[2m (compile: 4ms, proxy.ts: 136ms, render: 369ms)[22m
[2m[WebServer] [22m POST /auth/guest-login/verify?error=INVALID_TOKEN&message=Invalid+or+expired+magic+link [32m200[39m in 90ms[2m (compile: 9ms, proxy.ts: 20ms, render: 61ms)[22m
[2m[WebServer] [22m POST /api/guest-auth/magic-link/verify [34m307[39m in 314ms[2m (compile: 5ms, proxy.ts: 14ms, render: 294ms)[22m
[2m[WebServer] [22m POST /auth/guest-login/verify?error=TOKEN_USED&message=This+magic+link+has+already+been+used [32m200[39m in 75ms[2m (compile: 6ms, proxy.ts: 8ms, render: 61ms)[22m
[2m[WebServer] [22m[Middleware] Guest auth check: {
[2m[WebServer] [22m  path: '/api/guest/wedding-info',
[2m[WebServer] [22m  hasCookie: true,
[2m[WebServer] [22m  cookieValue: 'b47570bb...',
[2m[WebServer] [22m  allCookies: [ 'guest_session' ]
[2m[WebServer] [22m}
[2m[WebServer] [22m[Middleware] Guest auth check: {
[2m[WebServer] [22m  path: '/api/guest/events',
[2m[WebServer] [22m  hasCookie: true,
[2m[WebServer] [22m  cookieValue: 'b47570bb...',
[2m[WebServer] [22m  allCookies: [ 'guest_session' ]
[2m[WebServer] [22m}
[2m[WebServer] [22m[Middleware] Guest auth check: {
[2m[WebServer] [22m  path: '/api/guest/rsvps',
[2m[WebServer] [22m  hasCookie: true,
[2m[WebServer] [22m  cookieValue: 'b47570bb...',
[2m[WebServer] [22m  allCookies: [ 'guest_session' ]
[2m[WebServer] [22m}
[2m[WebServer] [22m[Middleware] Guest auth check: {
[2m[WebServer] [22m  path: '/api/guest/announcements',
[2m[WebServer] [22m  hasCookie: true,
[2m[WebServer] [22m  cookieValue: 'b47570bb...',
[2m[WebServer] [22m  allCookies: [ 'guest_session' ]
[2m[WebServer] [22m}
[2m[WebServer] [22m[Middleware] Session query result: {
[2m[WebServer] [22m  sessionsFound: 1,
[2m[WebServer] [22m  hasError: false,
[2m[WebServer] [22m  errorMessage: undefined,
[2m[WebServer] [22m  tokenPrefix: 'b47570bb'
[2m[WebServer] [22m}
[2m[WebServer] [22m[Middleware] Session query result: {
[2m[WebServer] [22m  sessionsFound: 1,
[2m[WebServer] [22m  hasError: false,
[2m[WebServer] [22m  errorMessage: undefined,
[2m[WebServer] [22m  tokenPrefix: 'b47570bb'
[2m[WebServer] [22m}
[2m[WebServer] [22m[Middleware] Session query result: {
[2m[WebServer] [22m  sessionsFound: 1,
[2m[WebServer] [22m  hasError: false,
[2m[WebServer] [22m  errorMessage: undefined,
[2m[WebServer] [22m  tokenPrefix: 'b47570bb'
[2m[WebServer] [22m}
[2m[WebServer] [22m[Middleware] Session query result: {
[2m[WebServer] [22m  sessionsFound: 1,
[2m[WebServer] [22m  hasError: false,
[2m[WebServer] [22m  errorMessage: undefined,
[2m[WebServer] [22m  tokenPrefix: 'b47570bb'
[2m[WebServer] [22m}
[2m[WebServer] [22m GET /api/guest/wedding-info [32m200[39m in 618ms[2m (compile: 8ms, proxy.ts: 177ms, render: 432ms)[22m
[2m[WebServer] [22m GET /api/guest/announcements [32m200[39m in 619ms[2m (compile: 10ms, proxy.ts: 178ms, render: 432ms)[22m
[2m[WebServer] [22m GET /api/guest/rsvps [32m200[39m in 621ms[2m (compile: 13ms, proxy.ts: 179ms, render: 430ms)[22m
[2m[WebServer] [22m GET /api/guest/events [32m200[39m in 757ms[2m (compile: 4ms, proxy.ts: 162ms, render: 591ms)[22m
[2m[WebServer] [22m[Middleware] Guest auth check: {
[2m[WebServer] [22m  path: '/guest/dashboard',
[2m[WebServer] [22m  hasCookie: true,
[2m[WebServer] [22m  cookieValue: 'b47570bb...',
[2m[WebServer] [22m  allCookies: [ 'guest_session' ]
[2m[WebServer] [22m}
[2m[WebServer] [22m[Middleware] Session query result: {
[2m[WebServer] [22m  sessionsFound: 1,
[2m[WebServer] [22m  hasError: false,
[2m[WebServer] [22m  errorMessage: undefined,
[2m[WebServer] [22m  tokenPrefix: 'b47570bb'
[2m[WebServer] [22m}
[2m[WebServer] [22m[GuestDashboard] Session check: { hasToken: [33mtrue[39m, tokenPrefix: [32m'b47570bb'[39m }
[2m[WebServer] [22m[GuestDashboard] Session query result: {
[2m[WebServer] [22m  found: [33mtrue[39m,
[2m[WebServer] [22m  error: [90mundefined[39m,
[2m[WebServer] [22m  guestId: [32m'ce5113ac-f252-44b1-b7bb-ff2fdf5b7980'[39m
[2m[WebServer] [22m}
[2m[WebServer] [22m[GuestDashboard] Guest query result: {
[2m[WebServer] [22m  found: [33mtrue[39m,
[2m[WebServer] [22m  error: [90mundefined[39m,
[2m[WebServer] [22m  email: [32m'test-w1-1770447457986-s8xsmh3i@example.com'[39m
[2m[WebServer] [22m}
[2m[WebServer] [22m[GuestDashboard] Rendering dashboard for guest: test-w1-1770447457986-s8xsmh3i@example.com
[2m[WebServer] [22m GET /guest/dashboard [32m200[39m in 506ms[2m (compile: 2ms, proxy.ts: 138ms, render: 365ms)[22m
[2m[WebServer] [22m[Middleware] Guest auth check: {
[2m[WebServer] [22m  path: '/api/guest/events',
[2m[WebServer] [22m  hasCookie: true,
[2m[WebServer] [22m  cookieValue: 'b47570bb...',
[2m[WebServer] [22m  allCookies: [ 'guest_session' ]
[2m[WebServer] [22m}
[2m[WebServer] [22m[Middleware] Guest auth check: {
[2m[WebServer] [22m  path: '/api/guest/rsvps',
[2m[WebServer] [22m  hasCookie: true,
[2m[WebServer] [22m  cookieValue: 'b47570bb...',
[2m[WebServer] [22m  allCookies: [ 'guest_session' ]
[2m[WebServer] [22m}
[2m[WebServer] [22m[Middleware] Guest auth check: {
[2m[WebServer] [22m  path: '/api/guest/announcements',
[2m[WebServer] [22m  hasCookie: true,
[2m[WebServer] [22m  cookieValue: 'b47570bb...',
[2m[WebServer] [22m  allCookies: [ 'guest_session' ]
[2m[WebServer] [22m}
[2m[WebServer] [22m[Middleware] Guest auth check: {
[2m[WebServer] [22m  path: '/api/guest/wedding-info',
[2m[WebServer] [22m  hasCookie: true,
[2m[WebServer] [22m  cookieValue: 'b47570bb...',
[2m[WebServer] [22m  allCookies: [ 'guest_session' ]
[2m[WebServer] [22m}
[2m[WebServer] [22m[Middleware] Session query result: {
[2m[WebServer] [22m  sessionsFound: 1,
[2m[WebServer] [22m  hasError: false,
[2m[WebServer] [22m  errorMessage: undefined,
[2m[WebServer] [22m  tokenPrefix: 'b47570bb'
[2m[WebServer] [22m}
[2m[WebServer] [22m[Middleware] Session query result: {
[2m[WebServer] [22m  sessionsFound: 1,
[2m[WebServer] [22m  hasError: false,
[2m[WebServer] [22m  errorMessage: undefined,
[2m[WebServer] [22m  tokenPrefix: 'b47570bb'
[2m[WebServer] [22m}
[2m[WebServer] [22m[Middleware] Session query result: {
[2m[WebServer] [22m  sessionsFound: 1,
[2m[WebServer] [22m  hasError: false,
[2m[WebServer] [22m  errorMessage: undefined,
[2m[WebServer] [22m  tokenPrefix: 'b47570bb'
[2m[WebServer] [22m}
[2m[WebServer] [22m[Middleware] Session query result: {
[2m[WebServer] [22m  sessionsFound: 1,
[2m[WebServer] [22m  hasError: false,
[2m[WebServer] [22m  errorMessage: undefined,
[2m[WebServer] [22m  tokenPrefix: 'b47570bb'
[2m[WebServer] [22m}
[2m[WebServer] [22m GET /api/guest/rsvps [32m200[39m in 577ms[2m (compile: 3ms, proxy.ts: 169ms, render: 404ms)[22m
[2m[WebServer] [22m GET /api/guest/announcements [32m200[39m in 580ms[2m (compile: 3ms, proxy.ts: 177ms, render: 400ms)[22m
[2m[WebServer] [22m GET /api/guest/wedding-info [32m200[39m in 610ms[2m (compile: 4ms, proxy.ts: 170ms, render: 436ms)[22m
[2m[WebServer] [22m GET /api/guest/events [32m200[39m in 702ms[2m (compile: 1402µs, proxy.ts: 163ms, render: 537ms)[22m
  ✘   7 [chromium] › __tests__/e2e/auth/guestAuth.spec.ts:362:7 › Guest Authentication › should show success message after requesting magic link (18.7s)
[dotenv@17.2.4] injecting env (0) from .env.e2e -- tip: 🗂️ backup and recover secrets: https://dotenvx.com/ops
[Worker 4] Created test guest: {
  email: [32m'test-w4-1770447466055-yy47okwg@example.com'[39m,
  id: [32m'4d00b15b-d7fa-4358-9ec0-04d1ab95e013'[39m,
  authMethod: [32m'email_matching'[39m,
  groupId: [32m'50b6c279-6837-436b-a240-5a2f95d192a7'[39m
}
[Worker 4] ✅ Verified guest exists: {
  email: [32m'test-w4-1770447466055-yy47okwg@example.com'[39m,
  authMethod: [32m'email_matching'[39m
}
[2m[WebServer] [22m GET /auth/guest-login [32m200[39m in 47ms[2m (compile: 1901µs, proxy.ts: 5ms, render: 40ms)[22m
[2m[WebServer] [22m[API] Looking for guest with email: test-w4-1770447466055-yy47okwg@example.com
[2m[WebServer] [22m[API] Guest query result: {
[2m[WebServer] [22m  found: [33mtrue[39m,
[2m[WebServer] [22m  email: [32m'test-w4-1770447466055-yy47okwg@example.com'[39m,
[2m[WebServer] [22m  authMethod: [32m'email_matching'[39m,
[2m[WebServer] [22m  error: [90mundefined[39m
[2m[WebServer] [22m}
[2m[WebServer] [22m[API] Setting guest session cookie: {
[2m[WebServer] [22m  tokenPrefix: [32m'efac4426'[39m,
[2m[WebServer] [22m  cookieOptions: {
[2m[WebServer] [22m    httpOnly: [33mtrue[39m,
[2m[WebServer] [22m    secure: [33mfalse[39m,
[2m[WebServer] [22m    sameSite: [32m'lax'[39m,
[2m[WebServer] [22m    maxAge: [33m86400[39m,
[2m[WebServer] [22m    path: [32m'/'[39m
[2m[WebServer] [22m  },
[2m[WebServer] [22m  guestId: [32m'4d00b15b-d7fa-4358-9ec0-04d1ab95e013'[39m,
[2m[WebServer] [22m  sessionId: [32m'52330dbf-1af0-49bf-9853-3abec9418b7b'[39m
[2m[WebServer] [22m}
[2m[WebServer] [22m POST /api/guest-auth/email-match [32m200[39m in 302ms[2m (compile: 1549µs, proxy.ts: 6ms, render: 294ms)[22m
[2m[WebServer] [22m[Middleware] Guest auth check: {
[2m[WebServer] [22m  path: '/guest/dashboard',
[2m[WebServer] [22m  hasCookie: true,
[2m[WebServer] [22m  cookieValue: 'efac4426...',
[2m[WebServer] [22m  allCookies: [ 'guest_session' ]
[2m[WebServer] [22m}
[2m[WebServer] [22m[Middleware] Session query result: {
[2m[WebServer] [22m  sessionsFound: 1,
[2m[WebServer] [22m  hasError: false,
[2m[WebServer] [22m  errorMessage: undefined,
[2m[WebServer] [22m  tokenPrefix: 'efac4426'
[2m[WebServer] [22m}
[2m[WebServer] [22m[GuestDashboard] Session check: { hasToken: [33mtrue[39m, tokenPrefix: [32m'efac4426'[39m }
  ✓  10 [chromium] › __tests__/e2e/auth/guestAuth.spec.ts:506:7 › Guest Authentication › should show error for invalid or missing token (11.1s)
[2m[WebServer] [22m[GuestDashboard] Session query result: {
[2m[WebServer] [22m  found: [33mtrue[39m,
[2m[WebServer] [22m  error: [90mundefined[39m,
[2m[WebServer] [22m  guestId: [32m'4d00b15b-d7fa-4358-9ec0-04d1ab95e013'[39m
[2m[WebServer] [22m}
  ✓   9 [chromium] › __tests__/e2e/auth/guestAuth.spec.ts:444:7 › Guest Authentication › should show error for already used magic link (14.0s)
[2m[WebServer] [22m[GuestDashboard] Guest query result: {
[2m[WebServer] [22m  found: [33mtrue[39m,
[2m[WebServer] [22m  error: [90mundefined[39m,
[2m[WebServer] [22m  email: [32m'test-w4-1770447466055-yy47okwg@example.com'[39m
[2m[WebServer] [22m}
[2m[WebServer] [22m[GuestDashboard] Rendering dashboard for guest: test-w4-1770447466055-yy47okwg@example.com
[2m[WebServer] [22m GET /guest/dashboard [32m200[39m in 494ms[2m (compile: 3ms, proxy.ts: 144ms, render: 348ms)[22m
[2m[WebServer] [22m[Middleware] Guest auth check: {
[2m[WebServer] [22m  path: '/guest/events',
[2m[WebServer] [22m  hasCookie: true,
[2m[WebServer] [22m  cookieValue: 'efac4426...',
[2m[WebServer] [22m  allCookies: [ 'guest_session' ]
[2m[WebServer] [22m}
[Worker 3] Created test guest: {
  email: [32m'test-w3-1770447468941-qa0uuyr8@example.com'[39m,
  id: [32m'ee653020-29c2-41f7-879d-b2393caedfdf'[39m,
  authMethod: [32m'email_matching'[39m,
  groupId: [32m'4e9afaaf-5ad2-4a5d-b773-0f1a70cba71c'[39m
}
[2m[WebServer] [22m[Middleware] Session query result: {
[2m[WebServer] [22m  sessionsFound: 1,
[2m[WebServer] [22m  hasError: false,
[2m[WebServer] [22m  errorMessage: undefined,
[2m[WebServer] [22m  tokenPrefix: 'efac4426'
[2m[WebServer] [22m}
[Worker 0] Created test guest: {
  email: [32m'test-w0-1770447469055-7ibe35ot@example.com'[39m,
  id: [32m'853b3726-b7ba-41f3-aec4-a037dbf2f8c6'[39m,
  authMethod: [32m'email_matching'[39m,
  groupId: [32m'cece688c-ec54-4888-9e86-daa34253a143'[39m
}
[Worker 3] ✅ Verified guest exists: {
  email: [32m'test-w3-1770447468941-qa0uuyr8@example.com'[39m,
  authMethod: [32m'email_matching'[39m
}
[Worker 0] ✅ Verified guest exists: {
  email: [32m'test-w0-1770447469055-7ibe35ot@example.com'[39m,
  authMethod: [32m'email_matching'[39m
}
[2m[WebServer] [22m[Middleware] Guest auth check: {
[2m[WebServer] [22m  path: '/api/guest/events',
[2m[WebServer] [22m  hasCookie: true,
[2m[WebServer] [22m  cookieValue: 'efac4426...',
[2m[WebServer] [22m  allCookies: [ 'guest_session' ]
[2m[WebServer] [22m}
[2m[WebServer] [22m[Middleware] Guest auth check: {
[2m[WebServer] [22m  path: '/api/guest/announcements',
[2m[WebServer] [22m  hasCookie: true,
[2m[WebServer] [22m  cookieValue: 'efac4426...',
[2m[WebServer] [22m  allCookies: [ 'guest_session' ]
[2m[WebServer] [22m}
[2m[WebServer] [22m[Middleware] Guest auth check: {
[2m[WebServer] [22m  path: '/api/guest/rsvps',
[2m[WebServer] [22m  hasCookie: true,
[2m[WebServer] [22m  cookieValue: 'efac4426...',
[2m[WebServer] [22m  allCookies: [ 'guest_session' ]
[2m[WebServer] [22m}
[2m[WebServer] [22m[Middleware] Guest auth check: {
[2m[WebServer] [22m  path: '/api/guest/wedding-info',
[2m[WebServer] [22m  hasCookie: true,
[2m[WebServer] [22m  cookieValue: 'efac4426...',
[2m[WebServer] [22m  allCookies: [ 'guest_session' ]
[2m[WebServer] [22m}
[2m[WebServer] [22m[Middleware] Session query result: {
[2m[WebServer] [22m  sessionsFound: 1,
[2m[WebServer] [22m  hasError: false,
[2m[WebServer] [22m  errorMessage: undefined,
[2m[WebServer] [22m  tokenPrefix: 'efac4426'
[2m[WebServer] [22m}
[2m[WebServer] [22m[Middleware] Session query result: {
[2m[WebServer] [22m  sessionsFound: 1,
[2m[WebServer] [22m  hasError: false,
[2m[WebServer] [22m  errorMessage: undefined,
[2m[WebServer] [22m  tokenPrefix: 'efac4426'
[2m[WebServer] [22m}
[2m[WebServer] [22m[Middleware] Session query result: {
[2m[WebServer] [22m  sessionsFound: 1,
[2m[WebServer] [22m  hasError: false,
[2m[WebServer] [22m  errorMessage: undefined,
[2m[WebServer] [22m  tokenPrefix: 'efac4426'
[2m[WebServer] [22m}
[2m[WebServer] [22m[Middleware] Session query result: {
[2m[WebServer] [22m  sessionsFound: 1,
[2m[WebServer] [22m  hasError: false,
[2m[WebServer] [22m  errorMessage: undefined,
[2m[WebServer] [22m  tokenPrefix: 'efac4426'
[2m[WebServer] [22m}
  ✘  11 [chromium] › __tests__/e2e/auth/guestAuth.spec.ts:535:7 › Guest Authentication › should complete logout flow (12.8s)
[2m[WebServer] [22m GET /auth/guest-login [32m200[39m in 1590ms[2m (compile: 1410ms, proxy.ts: 13ms, render: 166ms)[22m
[2m[WebServer] [22m GET /auth/guest-login [32m200[39m in 1780ms[2m (compile: 1422ms, proxy.ts: 188ms, render: 170ms)[22m
[2m[WebServer] [22m GET /api/guest/announcements [32m200[39m in 1530ms[2m (compile: 724ms, proxy.ts: 219ms, render: 586ms)[22m
[2m[WebServer] [22m GET /api/guest/wedding-info [32m200[39m in 1545ms[2m (compile: 725ms, proxy.ts: 219ms, render: 602ms)[22m
[2m[WebServer] [22m GET /api/guest/events [32m200[39m in 1574ms[2m (compile: 725ms, proxy.ts: 220ms, render: 629ms)[22m
[2m[WebServer] [22m GET /api/guest/rsvps [32m200[39m in 1574ms[2m (compile: 725ms, proxy.ts: 219ms, render: 630ms)[22m
[2m[WebServer] [22m GET /guest/events [32m200[39m in 2.7s[2m (compile: 1853ms, proxy.ts: 145ms, render: 658ms)[22m
[dotenv@17.2.4] injecting env (0) from .env.e2e -- tip: 🔑 add access controls to secrets: https://dotenvx.com/ops
[2m[WebServer] [22m[API] Looking for guest with email: nonexistent@example.com
[2m[WebServer] [22m[API] Guest query result: {
[2m[WebServer] [22m  found: [33mfalse[39m,
[2m[WebServer] [22m  email: [90mundefined[39m,
[2m[WebServer] [22m  authMethod: [90mundefined[39m,
[2m[WebServer] [22m  error: [32m'Cannot coerce the result to a single JSON object'[39m
[2m[WebServer] [22m}
[2m[WebServer] [22m POST /api/guest-auth/email-match [33m404[39m in 164ms[2m (compile: 6ms, proxy.ts: 12ms, render: 145ms)[22m
[Worker 5] Created test guest: {
  email: [32m'test-w5-1770447471935-sxhqijls@example.com'[39m,
  id: [32m'a6bed57a-8f95-4a21-a288-d8256d4035f3'[39m,
  authMethod: [32m'email_matching'[39m,
  groupId: [32m'ec1741c8-504b-4ecc-8537-f3cbcf2929d0'[39m
}
[Worker 5] ✅ Verified guest exists: {
  email: [32m'test-w5-1770447471935-sxhqijls@example.com'[39m,
  authMethod: [32m'email_matching'[39m
}
[2m[WebServer] [22m[Middleware] Guest auth check: {
[2m[WebServer] [22m  path: '/api/guest/events',
[2m[WebServer] [22m  hasCookie: true,
[2m[WebServer] [22m  cookieValue: 'efac4426...',
[2m[WebServer] [22m  allCookies: [ 'guest_session' ]
[2m[WebServer] [22m}
[2m[WebServer] [22m[Middleware] Guest auth check: {
[2m[WebServer] [22m  path: '/guest/events',
[2m[WebServer] [22m  hasCookie: true,
[2m[WebServer] [22m  cookieValue: 'efac4426...',
[2m[WebServer] [22m  allCookies: [ 'guest_session' ]
[2m[WebServer] [22m}
[2m[WebServer] [22m GET /auth/guest-login/verify?token=7a7770d29bcc9602a7e65c79e249adae0b1d550c2f7939a236cb9bd385e04c0d [32m200[39m in 57ms[2m (compile: 11ms, proxy.ts: 5ms, render: 41ms)[22m
[2m[WebServer] [22m[Middleware] Session query result: {
[2m[WebServer] [22m  sessionsFound: 1,
[2m[WebServer] [22m  hasError: false,
[2m[WebServer] [22m  errorMessage: undefined,
[2m[WebServer] [22m  tokenPrefix: 'efac4426'
[2m[WebServer] [22m}
[2m[WebServer] [22m[Middleware] Session query result: {
[2m[WebServer] [22m  sessionsFound: 1,
[2m[WebServer] [22m  hasError: false,
[2m[WebServer] [22m  errorMessage: undefined,
[2m[WebServer] [22m  tokenPrefix: 'efac4426'
[2m[WebServer] [22m}
[2m[WebServer] [22m GET /auth/guest-login [32m200[39m in 40ms[2m (compile: 1835µs, proxy.ts: 9ms, render: 29ms)[22m
[2m[WebServer] [22m GET /api/guest/events [32m200[39m in 505ms[2m (compile: 6ms, proxy.ts: 146ms, render: 353ms)[22m
[2m[WebServer] [22m GET /guest/events [32m200[39m in 530ms[2m (compile: 8ms, proxy.ts: 147ms, render: 375ms)[22m
[2m[WebServer] [22m POST /api/guest-auth/magic-link/verify [34m307[39m in 227ms[2m (compile: 38ms, proxy.ts: 23ms, render: 166ms)[22m
[2m[WebServer] [22m[API] Looking for guest with email: test-w5-1770447471935-sxhqijls@example.com
[2m[WebServer] [22m[API] Guest query result: {
[2m[WebServer] [22m  found: [33mtrue[39m,
[2m[WebServer] [22m  email: [32m'test-w5-1770447471935-sxhqijls@example.com'[39m,
[2m[WebServer] [22m  authMethod: [32m'email_matching'[39m,
[2m[WebServer] [22m  error: [90mundefined[39m
[2m[WebServer] [22m}
[2m[WebServer] [22m POST /auth/guest-login/verify?error=INVALID_TOKEN&message=Invalid+or+expired+magic+link [32m200[39m in 353ms[2m (compile: 53ms, proxy.ts: 43ms, render: 257ms)[22m
[2m[WebServer] [22m[Middleware] Guest auth check: {
[2m[WebServer] [22m  path: '/api/guest/events',
[2m[WebServer] [22m  hasCookie: true,
[2m[WebServer] [22m  cookieValue: 'efac4426...',
[2m[WebServer] [22m  allCookies: [ 'guest_session' ]
[2m[WebServer] [22m}
[2m[WebServer] [22m[API] Setting guest session cookie: {
[2m[WebServer] [22m  tokenPrefix: [32m'8a9499fe'[39m,
[2m[WebServer] [22m  cookieOptions: {
[2m[WebServer] [22m    httpOnly: [33mtrue[39m,
[2m[WebServer] [22m    secure: [33mfalse[39m,
[2m[WebServer] [22m    sameSite: [32m'lax'[39m,
[2m[WebServer] [22m    maxAge: [33m86400[39m,
[2m[WebServer] [22m    path: [32m'/'[39m
[2m[WebServer] [22m  },
[2m[WebServer] [22m  guestId: [32m'a6bed57a-8f95-4a21-a288-d8256d4035f3'[39m,
[2m[WebServer] [22m  sessionId: [32m'31ba8974-3a3a-44de-ae72-1c311546f806'[39m
[2m[WebServer] [22m}
[2m[WebServer] [22m POST /api/guest-auth/email-match [32m200[39m in 465ms[2m (compile: 31ms, proxy.ts: 43ms, render: 392ms)[22m
[2m[WebServer] [22m[Middleware] Session query result: {
[2m[WebServer] [22m  sessionsFound: 1,
[2m[WebServer] [22m  hasError: false,
[2m[WebServer] [22m  errorMessage: undefined,
[2m[WebServer] [22m  tokenPrefix: 'efac4426'
[2m[WebServer] [22m}
[2m[WebServer] [22m GET /api/guest/events [32m200[39m in 718ms[2m (compile: 4ms, proxy.ts: 159ms, render: 555ms)[22m
[2m[WebServer] [22m[Middleware] Guest auth check: {
[2m[WebServer] [22m  path: '/guest/activities',
[2m[WebServer] [22m  hasCookie: true,
[2m[WebServer] [22m  cookieValue: 'efac4426...',
[2m[WebServer] [22m  allCookies: [ 'guest_session' ]
[2m[WebServer] [22m}
[2m[WebServer] [22m[Middleware] Guest auth check: {
[2m[WebServer] [22m  path: '/guest/dashboard',
[2m[WebServer] [22m  hasCookie: true,
[2m[WebServer] [22m  cookieValue: '8a9499fe...',
[2m[WebServer] [22m  allCookies: [ 'guest_session' ]
[2m[WebServer] [22m}
[2m[WebServer] [22m[Middleware] Session query result: {
[2m[WebServer] [22m  sessionsFound: 1,
[2m[WebServer] [22m  hasError: false,
[2m[WebServer] [22m  errorMessage: undefined,
[2m[WebServer] [22m  tokenPrefix: 'efac4426'
[2m[WebServer] [22m}
[2m[WebServer] [22m[Middleware] Session query result: {
[2m[WebServer] [22m  sessionsFound: 1,
[2m[WebServer] [22m  hasError: false,
[2m[WebServer] [22m  errorMessage: undefined,
[2m[WebServer] [22m  tokenPrefix: '8a9499fe'
[2m[WebServer] [22m}
[2m[WebServer] [22m[GuestDashboard] Session check: { hasToken: [33mtrue[39m, tokenPrefix: [32m'8a9499fe'[39m }
[2m[WebServer] [22m[GuestDashboard] Session query result: {
[2m[WebServer] [22m  found: [33mtrue[39m,
[2m[WebServer] [22m  error: [90mundefined[39m,
[2m[WebServer] [22m  guestId: [32m'a6bed57a-8f95-4a21-a288-d8256d4035f3'[39m
[2m[WebServer] [22m}
[2m[WebServer] [22m[GuestDashboard] Guest query result: {
[2m[WebServer] [22m  found: [33mtrue[39m,
[2m[WebServer] [22m  error: [90mundefined[39m,
[2m[WebServer] [22m  email: [32m'test-w5-1770447471935-sxhqijls@example.com'[39m
[2m[WebServer] [22m}
[2m[WebServer] [22m[GuestDashboard] Rendering dashboard for guest: test-w5-1770447471935-sxhqijls@example.com
[2m[WebServer] [22m GET /guest/dashboard [32m200[39m in 2.2s[2m (compile: 1638ms, proxy.ts: 153ms, render: 426ms)[22m
[2m[WebServer] [22m GET /guest/activities [32m200[39m in 2.4s[2m (compile: 1760ms, proxy.ts: 133ms, render: 527ms)[22m
[2m[WebServer] [22m[Middleware] Guest auth check: {
[2m[WebServer] [22m  path: '/api/guest/announcements',
[2m[WebServer] [22m  hasCookie: true,
[2m[WebServer] [22m  cookieValue: '8a9499fe...',
[2m[WebServer] [22m  allCookies: [ 'guest_session' ]
[2m[WebServer] [22m}
[2m[WebServer] [22m[Middleware] Guest auth check: {
[2m[WebServer] [22m  path: '/api/guest/wedding-info',
[2m[WebServer] [22m  hasCookie: true,
[2m[WebServer] [22m  cookieValue: '8a9499fe...',
[2m[WebServer] [22m  allCookies: [ 'guest_session' ]
[2m[WebServer] [22m}
[2m[WebServer] [22m[Middleware] Guest auth check: {
[2m[WebServer] [22m  path: '/api/guest/rsvps',
[2m[WebServer] [22m  hasCookie: true,
[2m[WebServer] [22m  cookieValue: '8a9499fe...',
[2m[WebServer] [22m  allCookies: [ 'guest_session' ]
[2m[WebServer] [22m}
[2m[WebServer] [22m[Middleware] Guest auth check: {
[2m[WebServer] [22m  path: '/api/guest/activities',
[2m[WebServer] [22m  hasCookie: true,
[2m[WebServer] [22m  cookieValue: 'efac4426...',
[2m[WebServer] [22m  allCookies: [ 'guest_session' ]
[2m[WebServer] [22m}
[2m[WebServer] [22m[Middleware] Guest auth check: {
[2m[WebServer] [22m  path: '/api/guest/events',
[2m[WebServer] [22m  hasCookie: true,
[2m[WebServer] [22m  cookieValue: '8a9499fe...',
[2m[WebServer] [22m  allCookies: [ 'guest_session' ]
[2m[WebServer] [22m}
[2m[WebServer] [22m[Middleware] Session query result: {
[2m[WebServer] [22m  sessionsFound: 1,
[2m[WebServer] [22m  hasError: false,
[2m[WebServer] [22m  errorMessage: undefined,
[2m[WebServer] [22m  tokenPrefix: '8a9499fe'
[2m[WebServer] [22m}
[2m[WebServer] [22m[Middleware] Session query result: {
[2m[WebServer] [22m  sessionsFound: 1,
[2m[WebServer] [22m  hasError: false,
[2m[WebServer] [22m  errorMessage: undefined,
[2m[WebServer] [22m  tokenPrefix: '8a9499fe'
[2m[WebServer] [22m}
[2m[WebServer] [22m[Middleware] Session query result: {
[2m[WebServer] [22m  sessionsFound: 1,
[2m[WebServer] [22m  hasError: false,
[2m[WebServer] [22m  errorMessage: undefined,
[2m[WebServer] [22m  tokenPrefix: '8a9499fe'
[2m[WebServer] [22m}
[2m[WebServer] [22m[Middleware] Session query result: {
[2m[WebServer] [22m  sessionsFound: 1,
[2m[WebServer] [22m  hasError: false,
[2m[WebServer] [22m  errorMessage: undefined,
[2m[WebServer] [22m  tokenPrefix: 'efac4426'
[2m[WebServer] [22m}
[2m[WebServer] [22m GET /auth/guest-login [32m200[39m in 286ms[2m (compile: 39ms, proxy.ts: 87ms, render: 159ms)[22m
[2m[WebServer] [22m GET /auth/guest-login/verify?error=INVALID_TOKEN&message=Invalid+or+expired+magic+link [32m200[39m in 288ms[2m (compile: 64ms, proxy.ts: 87ms, render: 137ms)[22m
[2m[WebServer] [22m[Middleware] Session query result: {
[2m[WebServer] [22m  sessionsFound: 1,
[2m[WebServer] [22m  hasError: false,
[2m[WebServer] [22m  errorMessage: undefined,
[2m[WebServer] [22m  tokenPrefix: '8a9499fe'
[2m[WebServer] [22m}
  ✓  13 [chromium] › __tests__/e2e/auth/guestAuth.spec.ts:630:7 › Guest Authentication › should switch between authentication tabs (9.5s)
[2m[WebServer] [22m GET /api/guest/wedding-info [32m200[39m in 1277ms[2m (compile: 46ms, proxy.ts: 268ms, render: 964ms)[22m
[2m[WebServer] [22m GET /api/guest/rsvps [32m200[39m in 1586ms[2m (compile: 100ms, proxy.ts: 269ms, render: 1217ms)[22m
[2m[WebServer] [22m GET /api/guest/announcements [32m200[39m in 1603ms[2m (compile: 116ms, proxy.ts: 271ms, render: 1216ms)[22m
[2m[WebServer] [22m[Middleware] Guest auth check: {
[2m[WebServer] [22m  path: '/guest/dashboard',
[2m[WebServer] [22m  hasCookie: true,
[2m[WebServer] [22m  cookieValue: '8a9499fe...',
[2m[WebServer] [22m  allCookies: [ 'guest_session' ]
[2m[WebServer] [22m}
[2m[WebServer] [22m[Middleware] Guest auth check: {
[2m[WebServer] [22m  path: '/guest/activities',
[2m[WebServer] [22m  hasCookie: true,
[2m[WebServer] [22m  cookieValue: 'efac4426...',
[2m[WebServer] [22m  allCookies: [ 'guest_session' ]
[2m[WebServer] [22m}
[2m[WebServer] [22m[Middleware] Session query result: {
[2m[WebServer] [22m  sessionsFound: 1,
[2m[WebServer] [22m  hasError: false,
[2m[WebServer] [22m  errorMessage: undefined,
[2m[WebServer] [22m  tokenPrefix: '8a9499fe'
[2m[WebServer] [22m}
[2m[WebServer] [22m GET /api/guest/activities [32m200[39m in 3.2s[2m (compile: 2.5s, proxy.ts: 271ms, render: 485ms)[22m
[2m[WebServer] [22m[Middleware] Session query result: {
[2m[WebServer] [22m  sessionsFound: 1,
[2m[WebServer] [22m  hasError: false,
[2m[WebServer] [22m  errorMessage: undefined,
[2m[WebServer] [22m  tokenPrefix: 'efac4426'
[2m[WebServer] [22m}
  ✓  14 [chromium] › __tests__/e2e/auth/guestAuth.spec.ts:673:7 › Guest Authentication › should handle authentication errors gracefully (12.2s)
[2m[WebServer] [22m[GuestDashboard] Session check: { hasToken: [33mtrue[39m, tokenPrefix: [32m'8a9499fe'[39m }
[2m[WebServer] [22m GET /api/guest/events [32m200[39m in 3.4s[2m (compile: 2.4s, proxy.ts: 400ms, render: 615ms)[22m
[2m[WebServer] [22m[GuestDashboard] Session query result: {
[2m[WebServer] [22m  found: [33mtrue[39m,
[2m[WebServer] [22m  error: [90mundefined[39m,
[2m[WebServer] [22m  guestId: [32m'a6bed57a-8f95-4a21-a288-d8256d4035f3'[39m
[2m[WebServer] [22m}
[2m[WebServer] [22m[GuestDashboard] Guest query result: {
[2m[WebServer] [22m  found: [33mtrue[39m,
[2m[WebServer] [22m  error: [90mundefined[39m,
[2m[WebServer] [22m  email: [32m'test-w5-1770447471935-sxhqijls@example.com'[39m
[2m[WebServer] [22m}
[2m[WebServer] [22m[GuestDashboard] Rendering dashboard for guest: test-w5-1770447471935-sxhqijls@example.com
[2m[WebServer] [22m GET /guest/dashboard [32m200[39m in 747ms[2m (compile: 47ms, proxy.ts: 161ms, render: 539ms)[22m
[2m[WebServer] [22m GET /guest/activities [32m200[39m in 751ms[2m (compile: 85ms, proxy.ts: 177ms, render: 488ms)[22m
[2m[WebServer] [22m[Middleware] Guest auth check: {
[2m[WebServer] [22m  path: '/api/guest/events',
[2m[WebServer] [22m  hasCookie: true,
[2m[WebServer] [22m  cookieValue: '8a9499fe...',
[2m[WebServer] [22m  allCookies: [ 'guest_session' ]
[2m[WebServer] [22m}
[2m[WebServer] [22m[Middleware] Guest auth check: {
[2m[WebServer] [22m  path: '/api/guest/wedding-info',
[2m[WebServer] [22m  hasCookie: true,
[2m[WebServer] [22m  cookieValue: '8a9499fe...',
[2m[WebServer] [22m  allCookies: [ 'guest_session' ]
[2m[WebServer] [22m}
[2m[WebServer] [22m[Middleware] Guest auth check: {
[2m[WebServer] [22m  path: '/api/guest/rsvps',
[2m[WebServer] [22m  hasCookie: true,
[2m[WebServer] [22m  cookieValue: '8a9499fe...',
[2m[WebServer] [22m  allCookies: [ 'guest_session' ]
[2m[WebServer] [22m}
[2m[WebServer] [22m[Middleware] Guest auth check: {
[2m[WebServer] [22m  path: '/api/guest/announcements',
[2m[WebServer] [22m  hasCookie: true,
[2m[WebServer] [22m  cookieValue: '8a9499fe...',
[2m[WebServer] [22m  allCookies: [ 'guest_session' ]
[2m[WebServer] [22m}
[2m[WebServer] [22m[Middleware] Guest auth check: {
[2m[WebServer] [22m  path: '/api/guest/activities',
[2m[WebServer] [22m  hasCookie: true,
[2m[WebServer] [22m  cookieValue: 'efac4426...',
[2m[WebServer] [22m  allCookies: [ 'guest_session' ]
[2m[WebServer] [22m}
[2m[WebServer] [22m[Middleware] Session query result: {
[2m[WebServer] [22m  sessionsFound: 1,
[2m[WebServer] [22m  hasError: false,
[2m[WebServer] [22m  errorMessage: undefined,
[2m[WebServer] [22m  tokenPrefix: '8a9499fe'
[2m[WebServer] [22m}
[2m[WebServer] [22m[Middleware] Session query result: {
[2m[WebServer] [22m  sessionsFound: 1,
[2m[WebServer] [22m  hasError: false,
[2m[WebServer] [22m  errorMessage: undefined,
[2m[WebServer] [22m  tokenPrefix: '8a9499fe'
[2m[WebServer] [22m}
[2m[WebServer] [22m[Middleware] Session query result: {
[2m[WebServer] [22m  sessionsFound: 1,
[2m[WebServer] [22m  hasError: false,
[2m[WebServer] [22m  errorMessage: undefined,
[2m[WebServer] [22m  tokenPrefix: '8a9499fe'
[2m[WebServer] [22m}
[2m[WebServer] [22m[Middleware] Session query result: {
[2m[WebServer] [22m  sessionsFound: 1,
[2m[WebServer] [22m  hasError: false,
[2m[WebServer] [22m  errorMessage: undefined,
[2m[WebServer] [22m  tokenPrefix: '8a9499fe'
[2m[WebServer] [22m}
[2m[WebServer] [22m[Middleware] Session query result: {
[2m[WebServer] [22m  sessionsFound: 1,
[2m[WebServer] [22m  hasError: false,
[2m[WebServer] [22m  errorMessage: undefined,
[2m[WebServer] [22m  tokenPrefix: 'efac4426'
[2m[WebServer] [22m}
[2m[WebServer] [22m GET /api/guest/announcements [32m200[39m in 620ms[2m (compile: 17ms, proxy.ts: 173ms, render: 429ms)[22m
[2m[WebServer] [22m GET /api/guest/activities [32m200[39m in 600ms[2m (compile: 21ms, proxy.ts: 149ms, render: 430ms)[22m
[2m[WebServer] [22m GET /api/guest/rsvps [32m200[39m in 639ms[2m (compile: 13ms, proxy.ts: 174ms, render: 452ms)[22m
[2m[WebServer] [22m GET /api/guest/wedding-info [32m200[39m in 646ms[2m (compile: 7ms, proxy.ts: 172ms, render: 466ms)[22m
[2m[WebServer] [22m GET /api/guest/events [32m200[39m in 747ms[2m (compile: 1288µs, proxy.ts: 164ms, render: 582ms)[22m
  ✘  15 [chromium] › __tests__/e2e/auth/guestAuth.spec.ts:718:7 › Guest Authentication › should log authentication events in audit log (12.2s)
  ✓  12 [chromium] › __tests__/e2e/auth/guestAuth.spec.ts:602:7 › Guest Authentication › should persist authentication across page refreshes (23.3s)

🧹 E2E Global Teardown Starting...

🗑️  Cleaning up test data...
🧹 Running comprehensive test cleanup...
✅ Comprehensive cleanup complete
✅ Test data cleaned

🔓 Removing authentication state...
   Removed: .auth/user.json
   Removed empty .auth directory
✅ Authentication state removed

📊 Execution Summary:
   Duration: 2.19s
   Errors: 0
   Status: ✅ Clean teardown

✨ E2E Global Teardown Complete!



  1) [chromium] › __tests__/e2e/auth/guestAuth.spec.ts:362:7 › Guest Authentication › should show success message after requesting magic link 

    Error: [2mexpect([22m[31mlocator[39m[2m).[22mtoHaveValue[2m([22m[32mexpected[39m[2m)[22m failed

    Locator: locator('#magic-link-input')
    Expected: [32m""[39m
    Timeout: 10000ms
    Error: element(s) not found

    Call log:
    [2m  - Expect "toHaveValue" with timeout 10000ms[22m
    [2m  - waiting for locator('#magic-link-input')[22m
    [2m    5 × locator resolved to <input value="" required="" type="email" id="magic-link-input" placeholder="your.email@example.com" class="w-full px-4 py-3 border border-gray-300 rounded-lg focus:ring-2 focus:ring-emerald-500 focus:border-emerald-500 disabled:bg-gray-100 disabled:cursor-not-allowed"/>[22m
    [2m      - unexpected value "test-w2-1770447446506-8cjkkjpi@example.com"[22m


      405 |     // Verify email input was cleared
      406 |     const emailInput = page.locator('#magic-link-input');
    > 407 |     await expect(emailInput).toHaveValue('');
          |                              ^
      408 |   });
      409 |
      410 |   test('should show error for expired magic link', async ({ page }) => {
        at /Users/jaron/Desktop/wedding-platform-v2/__tests__/e2e/auth/guestAuth.spec.ts:407:30

    attachment #1: screenshot (image/png) ──────────────────────────────────────────────────────────
    test-results/auth-guestAuth-Guest-Authe-71b1d-after-requesting-magic-link-chromium/test-failed-1.png
    ────────────────────────────────────────────────────────────────────────────────────────────────

    attachment #2: video (video/webm) ──────────────────────────────────────────────────────────────
    test-results/auth-guestAuth-Guest-Authe-71b1d-after-requesting-magic-link-chromium/video.webm
    ────────────────────────────────────────────────────────────────────────────────────────────────

    Error Context: test-results/auth-guestAuth-Guest-Authe-71b1d-after-requesting-magic-link-chromium/error-context.md

  2) [chromium] › __tests__/e2e/auth/guestAuth.spec.ts:535:7 › Guest Authentication › should complete logout flow 

    Error: [2mexpect([22m[31mreceived[39m[2m).[22mtoContain[2m([22m[32mexpected[39m[2m) // indexOf[22m

    Expected substring: [32m"/auth/guest-login"[39m
    Received string:    [31m"http://localhost:3000/guest/dashboard"[39m

      585 |     // Step 5: Verify we're on login page or redirected to it
      586 |     const finalUrl = page.url();
    > 587 |     expect(finalUrl).toContain('/auth/guest-login');
          |                      ^
      588 |     await expect(page.locator('h1')).toContainText('Welcome to Our Wedding');
      589 |
      590 |     // Step 6: Verify session cookie was cleared
        at /Users/jaron/Desktop/wedding-platform-v2/__tests__/e2e/auth/guestAuth.spec.ts:587:22

    attachment #1: screenshot (image/png) ──────────────────────────────────────────────────────────
    test-results/auth-guestAuth-Guest-Authe-b7d01-should-complete-logout-flow-chromium/test-failed-1.png
    ────────────────────────────────────────────────────────────────────────────────────────────────

    attachment #2: video (video/webm) ──────────────────────────────────────────────────────────────
    test-results/auth-guestAuth-Guest-Authe-b7d01-should-complete-logout-flow-chromium/video.webm
    ────────────────────────────────────────────────────────────────────────────────────────────────

    Error Context: test-results/auth-guestAuth-Guest-Authe-b7d01-should-complete-logout-flow-chromium/error-context.md

  3) [chromium] › __tests__/e2e/auth/guestAuth.spec.ts:718:7 › Guest Authentication › should log authentication events in audit log 

    Error: [2mexpect([22m[31mreceived[39m[2m).[22mtoHaveLength[2m([22m[32mexpected[39m[2m)[22m

    Expected length: [32m1[39m
    Received length: [31m0[39m
    Received array:  [31m[][39m

      753 |
      754 |     expect(loginError).toBeNull();
    > 755 |     expect(loginLogs).toHaveLength(1);
          |                       ^
      756 |     expect(loginLogs![0].details.auth_method).toBe('email_matching');
      757 |     expect(loginLogs![0].details.email).toBe(testGuestEmail);
      758 |
        at /Users/jaron/Desktop/wedding-platform-v2/__tests__/e2e/auth/guestAuth.spec.ts:755:23

    attachment #1: screenshot (image/png) ──────────────────────────────────────────────────────────
    test-results/auth-guestAuth-Guest-Authe-c413d-ication-events-in-audit-log-chromium/test-failed-1.png
    ────────────────────────────────────────────────────────────────────────────────────────────────

    attachment #2: video (video/webm) ──────────────────────────────────────────────────────────────
    test-results/auth-guestAuth-Guest-Authe-c413d-ication-events-in-audit-log-chromium/video.webm
    ────────────────────────────────────────────────────────────────────────────────────────────────

    Error Context: test-results/auth-guestAuth-Guest-Authe-c413d-ication-events-in-audit-log-chromium/error-context.md

  3 failed
    [chromium] › __tests__/e2e/auth/guestAuth.spec.ts:362:7 › Guest Authentication › should show success message after requesting magic link 
    [chromium] › __tests__/e2e/auth/guestAuth.spec.ts:535:7 › Guest Authentication › should complete logout flow 
    [chromium] › __tests__/e2e/auth/guestAuth.spec.ts:718:7 › Guest Authentication › should log authentication events in audit log 
  1 skipped
  11 passed (1.3m)

[36m  Serving HTML report at http://localhost:64360. Press Ctrl+C to quit.[39m
