
> destination-wedding-platform@0.1.0 test:e2e
> playwright test __tests__/e2e/auth/guestAuth.spec.ts

[dotenv@17.2.4] injecting env (24) from .env.e2e -- tip: 🔐 prevent committing .env to code: https://dotenvx.com/precommit
[2m[WebServer] [22m
[2m[WebServer] [22m> destination-wedding-platform@0.1.0 dev
[2m[WebServer] [22m> next dev --webpack
[2m[WebServer] [22m
[2m[WebServer] [22m[1m[38;2;173;127;168m▲ Next.js 16.1.1[39m[22m (webpack)
[2m[WebServer] [22m- Local:         http://localhost:3000
[2m[WebServer] [22m- Network:       http://192.168.7.238:3000
[2m[WebServer] [22m- Environments: .env.test
[2m[WebServer] [22m
[2m[WebServer] [22m[32m[1m✓[22m[39m Starting...
[2m[WebServer] [22m[33m[1m⚠[22m[39m The "middleware" file convention is deprecated. Please use "proxy" instead. Learn more: https://nextjs.org/docs/messages/middleware-to-proxy
[2m[WebServer] [22m🚀 Initializing application services...
[2m[WebServer] [22m✅ B2 client initialized successfully {
[2m[WebServer] [22m  endpoint: [32m'https://s3.us-west-004.backblazeb2.com'[39m,
[2m[WebServer] [22m  region: [32m'us-west-004'[39m,
[2m[WebServer] [22m  bucket: [32m'test-bucket'[39m,
[2m[WebServer] [22m  cdnDomain: [32m'https://test-cdn.example.com'[39m
[2m[WebServer] [22m}
[2m[WebServer] [22m✅ Application services initialized successfully
[2m[WebServer] [22m[32m[1m✓[22m[39m Ready in 1965ms
[2m[WebServer] [22m[37m[1m○[22m[39m Compiling / ...

🚀 E2E Global Setup Starting...

📊 Verifying test database connection...
[2m[WebServer] [22m GET / [32m200[39m in 5.4s[2m (compile: 5.0s, proxy.ts: 161ms, render: 203ms)[22m
✅ Test database connected

🧹 Cleaning up test data...
   Cleaning up leftover test data...
   Test data cleanup complete
✅ Test data cleaned

👤 Creating test guest...
   Created warmup guest: warmup@example.com (ID: fca18acd-acdc-4b94-87a6-8be48809fc57)
   Created test guest: test@example.com (ID: 741c02dd-1afe-4e48-8bd5-98e4bdaf87aa)
✅ Test guest created

📦 Creating comprehensive test data...
   Creating location hierarchy...
   Location hierarchy already exists
   Creating events...
   Events already exist
   Creating activities...
   Warning: Could not create comprehensive test data: Failed to create ceremony activity: Could not find the 'cost_per_guest' column of 'activities' in the schema cache
   Some E2E tests may fail due to missing data
✅ Comprehensive test data created

🌐 Verifying Next.js server...
✅ Next.js server is running

🔥 Warming up API routes...
   Warming up 3 guest auth routes with retry logic...
[2m[WebServer] [22m GET / [32m200[39m in 37ms[2m (compile: 3ms, proxy.ts: 13ms, render: 21ms)[22m
[2m[WebServer] [22m[API] Looking for guest with email: warmup@example.com
[2m[WebServer] [22m[API] Guest query result: {
[2m[WebServer] [22m  found: [33mtrue[39m,
[2m[WebServer] [22m  email: [32m'warmup@example.com'[39m,
[2m[WebServer] [22m  authMethod: [32m'email_matching'[39m,
[2m[WebServer] [22m  error: [90mundefined[39m
[2m[WebServer] [22m}
[2m[WebServer] [22m[API] Setting guest session cookie: {
[2m[WebServer] [22m  tokenPrefix: [32m'0b7c0497'[39m,
[2m[WebServer] [22m  cookieOptions: {
[2m[WebServer] [22m    httpOnly: [33mtrue[39m,
[2m[WebServer] [22m    secure: [33mfalse[39m,
[2m[WebServer] [22m    sameSite: [32m'lax'[39m,
[2m[WebServer] [22m    maxAge: [33m86400[39m,
[2m[WebServer] [22m    path: [32m'/'[39m
[2m[WebServer] [22m  },
[2m[WebServer] [22m  guestId: [32m'fca18acd-acdc-4b94-87a6-8be48809fc57'[39m,
[2m[WebServer] [22m  sessionId: [32m'84aab684-f1f3-4e15-82fc-6daf9e8721ad'[39m
[2m[WebServer] [22m}
   ✅ Route ready: /api/guest-auth/email-match (attempt 1/5, status: 200)
[2m[WebServer] [22m POST /api/guest-auth/email-match [32m200[39m in 1827ms[2m (compile: 1312ms, proxy.ts: 7ms, render: 508ms)[22m
[2m[WebServer] [22m[Magic Link Request] Processing request for email: warmup@example.com
[2m[WebServer] [22m[Magic Link Request] Looking for guest by email...
[2m[WebServer] [22m[Magic Link Request] Guest query result: {
[2m[WebServer] [22m  found: [33mtrue[39m,
[2m[WebServer] [22m  guestId: [32m'fca18acd-acdc-4b94-87a6-8be48809fc57'[39m,
[2m[WebServer] [22m  authMethod: [32m'email_matching'[39m,
[2m[WebServer] [22m  error: [90mundefined[39m
[2m[WebServer] [22m}
[2m[WebServer] [22m[Magic Link Request] Guest has wrong auth method: email_matching
   ✅ Route ready: /api/guest-auth/magic-link/request (attempt 1/5, status: 400)
[2m[WebServer] [22m POST /api/guest-auth/magic-link/request [33m400[39m in 1489ms[2m (compile: 1275ms, proxy.ts: 25ms, render: 189ms)[22m
   ✅ Route ready: /api/guest-auth/magic-link/verify (attempt 1/5, status: 400)
[2m[WebServer] [22m POST /api/guest-auth/magic-link/verify [33m400[39m in 1033ms[2m (compile: 857ms, proxy.ts: 7ms, render: 170ms)[22m
   ✅ Guest auth routes warmup complete
✅ API routes warmed up

🔐 Setting up admin authentication...
   Attempting browser-based admin login: admin@example.com
   Created .auth directory: /Users/jaron/Desktop/wedding-platform-v2/.auth
   Navigating to http://localhost:3000/auth/login...
[2m[WebServer] [22m GET /auth/login [32m200[39m in 711ms[2m (compile: 585ms, proxy.ts: 7ms, render: 119ms)[22m
   Page loaded, filling form...
   Form filled, submitting...
[2m[WebServer] [22m[Middleware] User authenticated: e7f5ae65-376e-4d05-a18c-10a91295727a
[2m[WebServer] [22m[Middleware] Admin user data query result: { userData: { role: 'owner', status: 'active' }, userError: null }
[2m[WebServer] [22m[Middleware] Access granted for admin role: owner
[2m[WebServer] [22m[33m[1m⚠[22m[39m Fast Refresh had to perform a full reload. Read more: https://nextjs.org/docs/messages/fast-refresh-reload
[2m[WebServer] [22m GET /admin [32m200[39m in 1275ms[2m (compile: 797ms, proxy.ts: 359ms, render: 119ms)[22m
   Current URL after submit: http://localhost:3000/admin
   ✅ Successfully logged in via browser
   ✅ Authentication state saved
✅ Admin authentication saved

✨ E2E Global Setup Complete!


Running 15 tests using 4 workers

[2m[WebServer] [22m[Middleware] User authenticated: e7f5ae65-376e-4d05-a18c-10a91295727a
[2m[WebServer] [22m[Middleware] User authenticated: e7f5ae65-376e-4d05-a18c-10a91295727a
[2m[WebServer] [22m[Middleware] Admin user data query result: { userData: { role: 'owner', status: 'active' }, userError: null }
[2m[WebServer] [22m[Middleware] Access granted for admin role: owner
[2m[WebServer] [22m[Middleware] Admin user data query result: { userData: { role: 'owner', status: 'active' }, userError: null }
[2m[WebServer] [22m[Middleware] Access granted for admin role: owner
[dotenv@17.2.4] injecting env (0) from .env.e2e -- tip: ⚙️  load multiple .env files with { path: ['.env.local', '.env'] }
[dotenv@17.2.4] injecting env (0) from .env.e2e -- tip: ⚙️  enable debug logging with { debug: true }
[dotenv@17.2.4] injecting env (0) from .env.e2e -- tip: ⚙️  suppress all logs with { quiet: true }
[dotenv@17.2.4] injecting env (0) from .env.e2e -- tip: 🔄 add secrets lifecycle management: https://dotenvx.com/ops
[Worker 2] Created test guest: {
  email: [32m'test-w2-1770444023871-faalc7w6@example.com'[39m,
  id: [32m'b2126ae8-2907-436c-b4ac-c40014878534'[39m,
  authMethod: [32m'email_matching'[39m,
  groupId: [32m'936fab21-46ca-4270-b0f4-963ddafe863d'[39m
}
[Worker 1] Created test guest: {
  email: [32m'test-w1-1770444023754-rjta1518@example.com'[39m,
  id: [32m'74a39ed8-d577-4206-84fc-acb9f9dd735e'[39m,
  authMethod: [32m'email_matching'[39m,
  groupId: [32m'211dae93-98dd-4693-ac58-5320e6514518'[39m
}
[Worker 3] Created test guest: {
  email: [32m'test-w3-1770444023754-fto61j9c@example.com'[39m,
  id: [32m'f2e110ab-761f-4bb0-9024-94abc7197da1'[39m,
  authMethod: [32m'email_matching'[39m,
  groupId: [32m'96e245a0-8f4d-4e10-b583-98eb724543b9'[39m
}
[Worker 0] Created test guest: {
  email: [32m'test-w0-1770444023755-nj4e38ie@example.com'[39m,
  id: [32m'cebefed7-69dc-4541-9944-63620ba1dc69'[39m,
  authMethod: [32m'email_matching'[39m,
  groupId: [32m'cb9a7d1e-5251-4a92-b284-7cae88e722fb'[39m
}
[Worker 3] ✅ Verified guest exists: {
  email: [32m'test-w3-1770444023754-fto61j9c@example.com'[39m,
  authMethod: [32m'email_matching'[39m
}
[Worker 1] ✅ Verified guest exists: {
  email: [32m'test-w1-1770444023754-rjta1518@example.com'[39m,
  authMethod: [32m'email_matching'[39m
}
[Worker 0] ✅ Verified guest exists: {
  email: [32m'test-w0-1770444023755-nj4e38ie@example.com'[39m,
  authMethod: [32m'email_matching'[39m
}
[Worker 2] ✅ Verified guest exists: {
  email: [32m'test-w2-1770444023871-faalc7w6@example.com'[39m,
  authMethod: [32m'email_matching'[39m
}
[2m[WebServer] [22m GET /auth/guest-login [32m200[39m in 774ms[2m (compile: 572ms, proxy.ts: 33ms, render: 168ms)[22m
[2m[WebServer] [22m GET /auth/guest-login [32m200[39m in 777ms[2m (compile: 573ms, proxy.ts: 33ms, render: 172ms)[22m
[2m[WebServer] [22m GET /auth/guest-login [32m200[39m in 782ms[2m (compile: 573ms, proxy.ts: 33ms, render: 177ms)[22m
[2m[WebServer] [22m GET /auth/guest-login [32m200[39m in 785ms[2m (compile: 576ms, proxy.ts: 30ms, render: 179ms)[22m
[2m[WebServer] [22m[API] Looking for guest with email: nonexistent@example.com
[2m[WebServer] [22m[API] Looking for guest with email: test-w3-1770444023754-fto61j9c@example.com
[2m[WebServer] [22m[API] Looking for guest with email: test-w0-1770444023755-nj4e38ie@example.com
[2m[WebServer] [22m[API] Guest query result: {
[2m[WebServer] [22m  found: [33mtrue[39m,
[2m[WebServer] [22m  email: [32m'test-w3-1770444023754-fto61j9c@example.com'[39m,
[2m[WebServer] [22m  authMethod: [32m'email_matching'[39m,
[2m[WebServer] [22m  error: [90mundefined[39m
[2m[WebServer] [22m}
[2m[WebServer] [22m[API] Guest query result: {
[2m[WebServer] [22m  found: [33mfalse[39m,
[2m[WebServer] [22m  email: [90mundefined[39m,
[2m[WebServer] [22m  authMethod: [90mundefined[39m,
[2m[WebServer] [22m  error: [32m'Cannot coerce the result to a single JSON object'[39m
[2m[WebServer] [22m}
[2m[WebServer] [22m POST /api/guest-auth/email-match [33m404[39m in 467ms[2m (compile: 191ms, proxy.ts: 16ms, render: 260ms)[22m
[2m[WebServer] [22m[API] Guest query result: {
[2m[WebServer] [22m  found: [33mtrue[39m,
[2m[WebServer] [22m  email: [32m'test-w0-1770444023755-nj4e38ie@example.com'[39m,
[2m[WebServer] [22m  authMethod: [32m'email_matching'[39m,
[2m[WebServer] [22m  error: [90mundefined[39m
[2m[WebServer] [22m}
[2m[WebServer] [22m[API] Setting guest session cookie: {
[2m[WebServer] [22m  tokenPrefix: [32m'ace36d4e'[39m,
[2m[WebServer] [22m  cookieOptions: {
[2m[WebServer] [22m    httpOnly: [33mtrue[39m,
[2m[WebServer] [22m    secure: [33mfalse[39m,
[2m[WebServer] [22m    sameSite: [32m'lax'[39m,
[2m[WebServer] [22m    maxAge: [33m86400[39m,
[2m[WebServer] [22m    path: [32m'/'[39m
[2m[WebServer] [22m  },
[2m[WebServer] [22m  guestId: [32m'f2e110ab-761f-4bb0-9024-94abc7197da1'[39m,
[2m[WebServer] [22m  sessionId: [32m'e5886c24-bb75-41a1-a84b-faeca17e350e'[39m
[2m[WebServer] [22m}
[2m[WebServer] [22m POST /api/guest-auth/email-match [32m200[39m in 369ms[2m (compile: 3ms, proxy.ts: 7ms, render: 359ms)[22m
[2m[WebServer] [22m[API] Setting guest session cookie: {
[2m[WebServer] [22m  tokenPrefix: [32m'f017ed1c'[39m,
[2m[WebServer] [22m  cookieOptions: {
[2m[WebServer] [22m    httpOnly: [33mtrue[39m,
[2m[WebServer] [22m    secure: [33mfalse[39m,
[2m[WebServer] [22m    sameSite: [32m'lax'[39m,
[2m[WebServer] [22m    maxAge: [33m86400[39m,
[2m[WebServer] [22m    path: [32m'/'[39m
[2m[WebServer] [22m  },
[2m[WebServer] [22m  guestId: [32m'cebefed7-69dc-4541-9944-63620ba1dc69'[39m,
[2m[WebServer] [22m  sessionId: [32m'cf0d5401-d7c5-49ac-aa42-a002c2d7e890'[39m
[2m[WebServer] [22m}
[2m[WebServer] [22m POST /api/guest-auth/email-match [32m200[39m in 408ms[2m (compile: 3ms, proxy.ts: 7ms, render: 399ms)[22m
[2m[WebServer] [22m[Middleware] Guest auth check: {
[2m[WebServer] [22m  path: '/guest/dashboard',
[2m[WebServer] [22m  hasCookie: true,
[2m[WebServer] [22m  cookieValue: 'ace36d4e...',
[2m[WebServer] [22m  allCookies: [ 'sb-olcqaawrpnanioaorfer-auth-token', 'guest_session' ]
[2m[WebServer] [22m}
  ✓   4 [chromium] › __tests__/e2e/auth/guestAuth.spec.ts:195:7 › Guest Authentication › should show error for invalid email format (3.6s)
[2m[WebServer] [22m[Middleware] Guest auth check: {
[2m[WebServer] [22m  path: '/guest/dashboard',
[2m[WebServer] [22m  hasCookie: true,
[2m[WebServer] [22m  cookieValue: 'f017ed1c...',
[2m[WebServer] [22m  allCookies: [ 'sb-olcqaawrpnanioaorfer-auth-token', 'guest_session' ]
[2m[WebServer] [22m}
[2m[WebServer] [22m[Middleware] Session query result: {
[2m[WebServer] [22m  sessionsFound: 1,
[2m[WebServer] [22m  hasError: false,
[2m[WebServer] [22m  errorMessage: undefined,
[2m[WebServer] [22m  tokenPrefix: 'ace36d4e'
[2m[WebServer] [22m}
[2m[WebServer] [22m[Middleware] Session query result: {
[2m[WebServer] [22m  sessionsFound: 1,
[2m[WebServer] [22m  hasError: false,
[2m[WebServer] [22m  errorMessage: undefined,
[2m[WebServer] [22m  tokenPrefix: 'f017ed1c'
[2m[WebServer] [22m}
[Worker 2] Created test guest: {
  email: [32m'test-w2-1770444027642-7jz4bes0@example.com'[39m,
  id: [32m'a3bf34ed-c713-4555-971c-985273c566af'[39m,
  authMethod: [32m'email_matching'[39m,
  groupId: [32m'34316c52-22ed-49a4-a79f-6016dc3e0b33'[39m
}
[Worker 2] ✅ Verified guest exists: {
  email: [32m'test-w2-1770444027642-7jz4bes0@example.com'[39m,
  authMethod: [32m'email_matching'[39m
}
  ✓   3 [chromium] › __tests__/e2e/auth/guestAuth.spec.ts:180:7 › Guest Authentication › should show error for non-existent email (5.2s)
[Worker 1] Created test guest: {
  email: [32m'test-w1-1770444029165-naui6fju@example.com'[39m,
  id: [32m'e131e14c-1c81-4e90-9c0c-8f27580891a3'[39m,
  authMethod: [32m'email_matching'[39m,
  groupId: [32m'4b399f88-1444-4c14-b148-86f3fa208a3a'[39m
}
[Worker 1] ✅ Verified guest exists: {
  email: [32m'test-w1-1770444029165-naui6fju@example.com'[39m,
  authMethod: [32m'email_matching'[39m
}
[2m[WebServer] [22m[37m[1m○[22m[39m Compiling /guest/dashboard ...
[2m[WebServer] [22m[GuestDashboard] Session check: { hasToken: [33mtrue[39m, tokenPrefix: [32m'ace36d4e'[39m }
[2m[WebServer] [22m[GuestDashboard] Session check: { hasToken: [33mtrue[39m, tokenPrefix: [32m'f017ed1c'[39m }
[2m[WebServer] [22m GET /auth/guest-login [32m200[39m in 3.4s[2m (compile: 2.9s, proxy.ts: 240ms, render: 218ms)[22m
[2m[WebServer] [22m GET /auth/guest-login [32m200[39m in 6.0s[2m (compile: 5.7s, proxy.ts: 80ms, render: 220ms)[22m
[2m[WebServer] [22m[GuestDashboard] Session query result: {
[2m[WebServer] [22m  found: [33mtrue[39m,
[2m[WebServer] [22m  error: [90mundefined[39m,
[2m[WebServer] [22m  guestId: [32m'f2e110ab-761f-4bb0-9024-94abc7197da1'[39m
[2m[WebServer] [22m}
[2m[WebServer] [22m[GuestDashboard] Session query result: {
[2m[WebServer] [22m  found: [33mtrue[39m,
[2m[WebServer] [22m  error: [90mundefined[39m,
[2m[WebServer] [22m  guestId: [32m'cebefed7-69dc-4541-9944-63620ba1dc69'[39m
[2m[WebServer] [22m}
[2m[WebServer] [22m[GuestDashboard] Guest query result: {
[2m[WebServer] [22m  found: [33mtrue[39m,
[2m[WebServer] [22m  error: [90mundefined[39m,
[2m[WebServer] [22m  email: [32m'test-w0-1770444023755-nj4e38ie@example.com'[39m
[2m[WebServer] [22m}
[2m[WebServer] [22m[GuestDashboard] Rendering dashboard for guest: test-w0-1770444023755-nj4e38ie@example.com
[2m[WebServer] [22m[GuestDashboard] Guest query result: {
[2m[WebServer] [22m  found: [33mtrue[39m,
[2m[WebServer] [22m  error: [90mundefined[39m,
[2m[WebServer] [22m  email: [32m'test-w3-1770444023754-fto61j9c@example.com'[39m
[2m[WebServer] [22m}
[2m[WebServer] [22m[GuestDashboard] Rendering dashboard for guest: test-w3-1770444023754-fto61j9c@example.com
[2m[WebServer] [22m GET /guest/dashboard [32m200[39m in 7.7s[2m (compile: 6.9s, proxy.ts: 153ms, render: 716ms)[22m
[2m[WebServer] [22m GET /guest/dashboard [32m200[39m in 7.8s[2m (compile: 6.9s, proxy.ts: 150ms, render: 723ms)[22m
[2m[WebServer] [22m[API] Looking for guest with email: test-w2-1770444027642-7jz4bes0@example.com
[2m[WebServer] [22m[Middleware] Guest auth check: {
[2m[WebServer] [22m  path: '/api/guest/rsvps',
[2m[WebServer] [22m  hasCookie: true,
[2m[WebServer] [22m  cookieValue: 'ace36d4e...',
[2m[WebServer] [22m  allCookies: [ 'sb-olcqaawrpnanioaorfer-auth-token', 'guest_session' ]
[2m[WebServer] [22m}
[2m[WebServer] [22m[Middleware] Guest auth check: {
[2m[WebServer] [22m  path: '/api/guest/events',
[2m[WebServer] [22m  hasCookie: true,
[2m[WebServer] [22m  cookieValue: 'ace36d4e...',
[2m[WebServer] [22m  allCookies: [ 'sb-olcqaawrpnanioaorfer-auth-token', 'guest_session' ]
[2m[WebServer] [22m}
[2m[WebServer] [22m[Middleware] Guest auth check: {
[2m[WebServer] [22m  path: '/api/guest/announcements',
[2m[WebServer] [22m  hasCookie: true,
[2m[WebServer] [22m  cookieValue: 'ace36d4e...',
[2m[WebServer] [22m  allCookies: [ 'sb-olcqaawrpnanioaorfer-auth-token', 'guest_session' ]
[2m[WebServer] [22m}
[2m[WebServer] [22m[Middleware] Guest auth check: {
[2m[WebServer] [22m  path: '/api/guest/events',
[2m[WebServer] [22m  hasCookie: true,
[2m[WebServer] [22m  cookieValue: 'f017ed1c...',
[2m[WebServer] [22m  allCookies: [ 'sb-olcqaawrpnanioaorfer-auth-token', 'guest_session' ]
[2m[WebServer] [22m}
[2m[WebServer] [22m[Middleware] Guest auth check: {
[2m[WebServer] [22m  path: '/api/guest/rsvps',
[2m[WebServer] [22m  hasCookie: true,
[2m[WebServer] [22m  cookieValue: 'f017ed1c...',
[2m[WebServer] [22m  allCookies: [ 'sb-olcqaawrpnanioaorfer-auth-token', 'guest_session' ]
[2m[WebServer] [22m}
[2m[WebServer] [22m[Middleware] Guest auth check: {
[2m[WebServer] [22m  path: '/api/guest/wedding-info',
[2m[WebServer] [22m  hasCookie: true,
[2m[WebServer] [22m  cookieValue: 'f017ed1c...',
[2m[WebServer] [22m  allCookies: [ 'sb-olcqaawrpnanioaorfer-auth-token', 'guest_session' ]
[2m[WebServer] [22m}
[2m[WebServer] [22m[Middleware] Guest auth check: {
[2m[WebServer] [22m  path: '/api/guest/wedding-info',
[2m[WebServer] [22m  hasCookie: true,
[2m[WebServer] [22m  cookieValue: 'ace36d4e...',
[2m[WebServer] [22m  allCookies: [ 'sb-olcqaawrpnanioaorfer-auth-token', 'guest_session' ]
[2m[WebServer] [22m}
[2m[WebServer] [22m[Middleware] Guest auth check: {
[2m[WebServer] [22m  path: '/api/guest/announcements',
[2m[WebServer] [22m  hasCookie: true,
[2m[WebServer] [22m  cookieValue: 'f017ed1c...',
[2m[WebServer] [22m  allCookies: [ 'sb-olcqaawrpnanioaorfer-auth-token', 'guest_session' ]
[2m[WebServer] [22m}
[2m[WebServer] [22m[API] Guest query result: {
[2m[WebServer] [22m  found: [33mtrue[39m,
[2m[WebServer] [22m  email: [32m'test-w2-1770444027642-7jz4bes0@example.com'[39m,
[2m[WebServer] [22m  authMethod: [32m'email_matching'[39m,
[2m[WebServer] [22m  error: [90mundefined[39m
[2m[WebServer] [22m}
[2m[WebServer] [22m[Magic Link Request] Processing request for email: test-w1-1770444029165-naui6fju@example.com
[2m[WebServer] [22m[Magic Link Request] Looking for guest by email...
  ✓   2 [chromium] › __tests__/e2e/auth/guestAuth.spec.ts:158:7 › Guest Authentication › should successfully authenticate with email matching (12.6s)
[2m[WebServer] [22m[Middleware] Session query result: {
[2m[WebServer] [22m  sessionsFound: 1,
[2m[WebServer] [22m  hasError: false,
[2m[WebServer] [22m  errorMessage: undefined,
[2m[WebServer] [22m  tokenPrefix: 'ace36d4e'
[2m[WebServer] [22m}
[2m[WebServer] [22m[Middleware] Session query result: {
[2m[WebServer] [22m  sessionsFound: 0,
[2m[WebServer] [22m  hasError: false,
[2m[WebServer] [22m  errorMessage: undefined,
[2m[WebServer] [22m  tokenPrefix: 'f017ed1c'
[2m[WebServer] [22m}
[2m[WebServer] [22m[Middleware] No session found in database for token
[2m[WebServer] [22m[Middleware] Session query result: {
[2m[WebServer] [22m  sessionsFound: 1,
[2m[WebServer] [22m  hasError: false,
[2m[WebServer] [22m  errorMessage: undefined,
[2m[WebServer] [22m  tokenPrefix: 'ace36d4e'
[2m[WebServer] [22m}
[2m[WebServer] [22m[Middleware] Session query result: {
[2m[WebServer] [22m  sessionsFound: 1,
[2m[WebServer] [22m  hasError: false,
[2m[WebServer] [22m  errorMessage: undefined,
[2m[WebServer] [22m  tokenPrefix: 'ace36d4e'
[2m[WebServer] [22m}
[2m[WebServer] [22m[API] Setting guest session cookie: {
[2m[WebServer] [22m  tokenPrefix: [32m'55f0b377'[39m,
[2m[WebServer] [22m  cookieOptions: {
[2m[WebServer] [22m    httpOnly: [33mtrue[39m,
[2m[WebServer] [22m    secure: [33mfalse[39m,
[2m[WebServer] [22m    sameSite: [32m'lax'[39m,
[2m[WebServer] [22m    maxAge: [33m86400[39m,
[2m[WebServer] [22m    path: [32m'/'[39m
[2m[WebServer] [22m  },
[2m[WebServer] [22m  guestId: [32m'a3bf34ed-c713-4555-971c-985273c566af'[39m,
[2m[WebServer] [22m  sessionId: [32m'2f3de6eb-0638-4366-8757-66e6ceea7026'[39m
[2m[WebServer] [22m}
[2m[WebServer] [22m POST /api/guest-auth/email-match [32m200[39m in 588ms[2m (compile: 65ms, proxy.ts: 141ms, render: 382ms)[22m
[2m[WebServer] [22m[Middleware] Session query result: {
[2m[WebServer] [22m  sessionsFound: 1,
[2m[WebServer] [22m  hasError: false,
[2m[WebServer] [22m  errorMessage: undefined,
[2m[WebServer] [22m  tokenPrefix: 'ace36d4e'
[2m[WebServer] [22m}
[2m[WebServer] [22m[Middleware] Session query result: {
[2m[WebServer] [22m  sessionsFound: 0,
[2m[WebServer] [22m  hasError: false,
[2m[WebServer] [22m  errorMessage: undefined,
[2m[WebServer] [22m  tokenPrefix: 'f017ed1c'
[2m[WebServer] [22m}
[2m[WebServer] [22m[Middleware] No session found in database for token
[2m[WebServer] [22m[Middleware] Session query result: {
[2m[WebServer] [22m  sessionsFound: 0,
[2m[WebServer] [22m  hasError: false,
[2m[WebServer] [22m  errorMessage: undefined,
[2m[WebServer] [22m  tokenPrefix: 'f017ed1c'
[2m[WebServer] [22m}
[2m[WebServer] [22m[Middleware] No session found in database for token
[2m[WebServer] [22m[Middleware] Session query result: {
[2m[WebServer] [22m  sessionsFound: 0,
[2m[WebServer] [22m  hasError: false,
[2m[WebServer] [22m  errorMessage: undefined,
[2m[WebServer] [22m  tokenPrefix: 'f017ed1c'
[2m[WebServer] [22m}
[2m[WebServer] [22m[Middleware] No session found in database for token
[2m[WebServer] [22m[Magic Link Request] Guest query result: {
[2m[WebServer] [22m  found: [33mtrue[39m,
[2m[WebServer] [22m  guestId: [32m'e131e14c-1c81-4e90-9c0c-8f27580891a3'[39m,
[2m[WebServer] [22m  authMethod: [32m'email_matching'[39m,
[2m[WebServer] [22m  error: [90mundefined[39m
[2m[WebServer] [22m}
[2m[WebServer] [22m[Magic Link Request] Guest has wrong auth method: email_matching
[2m[WebServer] [22m POST /api/guest-auth/magic-link/request [33m400[39m in 351ms[2m (compile: 24ms, proxy.ts: 67ms, render: 260ms)[22m
[Worker 0] Created test guest: {
  email: [32m'test-w0-1770444036525-vg78ug1r@example.com'[39m,
  id: [32m'5ec67a9a-6972-45d1-8d9a-1f09937253d3'[39m,
  authMethod: [32m'email_matching'[39m,
  groupId: [32m'59a20172-b436-4a6a-9099-3a5b87579b89'[39m
}
[2m[WebServer] [22m[Middleware] Guest auth check: {
[2m[WebServer] [22m  path: '/guest/dashboard',
[2m[WebServer] [22m  hasCookie: true,
[2m[WebServer] [22m  cookieValue: '55f0b377...',
[2m[WebServer] [22m  allCookies: [ 'sb-olcqaawrpnanioaorfer-auth-token', 'guest_session' ]
[2m[WebServer] [22m}
[Worker 0] ✅ Verified guest exists: {
  email: [32m'test-w0-1770444036525-vg78ug1r@example.com'[39m,
  authMethod: [32m'email_matching'[39m
}
[2m[WebServer] [22m[Middleware] Session query result: {
[2m[WebServer] [22m  sessionsFound: 1,
[2m[WebServer] [22m  hasError: false,
[2m[WebServer] [22m  errorMessage: undefined,
[2m[WebServer] [22m  tokenPrefix: '55f0b377'
[2m[WebServer] [22m}
  ✘   1 [chromium] › __tests__/e2e/auth/guestAuth.spec.ts:208:7 › Guest Authentication › should show loading state during authentication (13.9s)
[2m[WebServer] [22m[37m[1m○[22m[39m Compiling /api/guest/wedding-info ...
[dotenv@17.2.4] injecting env (0) from .env.e2e -- tip: 🗂️ backup and recover secrets: https://dotenvx.com/ops
[2m[WebServer] [22m[GuestDashboard] Session check: { hasToken: [33mtrue[39m, tokenPrefix: [32m'55f0b377'[39m }
[Worker 4] Created test guest: {
  email: [32m'test-w4-1770444040288-lnbi5gpq@example.com'[39m,
  id: [32m'6c771116-c01c-4211-95a8-d3e95617c458'[39m,
  authMethod: [32m'email_matching'[39m,
  groupId: [32m'bf3e6ab3-fe57-418e-b1c8-8fa79c2d07eb'[39m
}
[2m[WebServer] [22m GET /auth/guest-login [32m200[39m in 3.2s[2m (compile: 2.7s, proxy.ts: 348ms, render: 176ms)[22m
[2m[WebServer] [22m GET /auth/guest-login [32m200[39m in 105ms[2m (compile: 17ms, proxy.ts: 36ms, render: 52ms)[22m
[2m[WebServer] [22m GET /auth/guest-login [32m200[39m in 108ms[2m (compile: 16ms, proxy.ts: 37ms, render: 55ms)[22m
[Worker 4] ✅ Verified guest exists: {
  email: [32m'test-w4-1770444040288-lnbi5gpq@example.com'[39m,
  authMethod: [32m'email_matching'[39m
}
[2m[WebServer] [22m[GuestDashboard] Session query result: {
[2m[WebServer] [22m  found: [33mtrue[39m,
[2m[WebServer] [22m  error: [90mundefined[39m,
[2m[WebServer] [22m  guestId: [32m'a3bf34ed-c713-4555-971c-985273c566af'[39m
[2m[WebServer] [22m}
[2m[WebServer] [22m[GuestDashboard] Guest query result: {
[2m[WebServer] [22m  found: [33mtrue[39m,
[2m[WebServer] [22m  error: [90mundefined[39m,
[2m[WebServer] [22m  email: [32m'test-w2-1770444027642-7jz4bes0@example.com'[39m
[2m[WebServer] [22m}
[2m[WebServer] [22m[GuestDashboard] Rendering dashboard for guest: test-w2-1770444027642-7jz4bes0@example.com
[2m[WebServer] [22m GET /guest/dashboard [32m200[39m in 4.3s[2m (compile: 3.6s, proxy.ts: 166ms, render: 609ms)[22m
[2m[WebServer] [22m[Magic Link Request] Processing request for email: test-w0-1770444036525-vg78ug1r@example.com
[2m[WebServer] [22m[Magic Link Request] Looking for guest by email...
[2m[WebServer] [22m GET /auth/guest-login [32m200[39m in 160ms[2m (compile: 31ms, proxy.ts: 42ms, render: 87ms)[22m
[2m[WebServer] [22m[Magic Link Request] Guest query result: {
[2m[WebServer] [22m  found: [33mtrue[39m,
[2m[WebServer] [22m  guestId: [32m'5ec67a9a-6972-45d1-8d9a-1f09937253d3'[39m,
[2m[WebServer] [22m  authMethod: [32m'email_matching'[39m,
[2m[WebServer] [22m  error: [90mundefined[39m
[2m[WebServer] [22m}
[2m[WebServer] [22m[Magic Link Request] Guest has wrong auth method: email_matching
[2m[WebServer] [22m POST /api/guest-auth/magic-link/request [33m400[39m in 277ms[2m (compile: 19ms, proxy.ts: 43ms, render: 215ms)[22m
[2m[WebServer] [22m[Middleware] Guest auth check: {
[2m[WebServer] [22m  path: '/api/guest/events',
[2m[WebServer] [22m  hasCookie: true,
[2m[WebServer] [22m  cookieValue: '55f0b377...',
[2m[WebServer] [22m  allCookies: [
[2m[WebServer] [22m  'sb-olcqaawrpnanioaorfer-auth-token',
[2m[WebServer] [22m  'guest_session',
[2m[WebServer] [22m  '__next_hmr_refresh_hash__'
[2m[WebServer] [22m]
[2m[WebServer] [22m}
[2m[WebServer] [22m[Middleware] Guest auth check: {
[2m[WebServer] [22m  path: '/api/guest/rsvps',
[2m[WebServer] [22m  hasCookie: true,
[2m[WebServer] [22m  cookieValue: '55f0b377...',
[2m[WebServer] [22m  allCookies: [
[2m[WebServer] [22m  'sb-olcqaawrpnanioaorfer-auth-token',
[2m[WebServer] [22m  'guest_session',
[2m[WebServer] [22m  '__next_hmr_refresh_hash__'
[2m[WebServer] [22m]
[2m[WebServer] [22m}
[2m[WebServer] [22m[Middleware] Guest auth check: {
[2m[WebServer] [22m  path: '/api/guest/announcements',
[2m[WebServer] [22m  hasCookie: true,
[2m[WebServer] [22m  cookieValue: '55f0b377...',
[2m[WebServer] [22m  allCookies: [
[2m[WebServer] [22m  'sb-olcqaawrpnanioaorfer-auth-token',
[2m[WebServer] [22m  'guest_session',
[2m[WebServer] [22m  '__next_hmr_refresh_hash__'
[2m[WebServer] [22m]
[2m[WebServer] [22m}
[2m[WebServer] [22m[Middleware] Guest auth check: {
[2m[WebServer] [22m  path: '/api/guest/wedding-info',
[2m[WebServer] [22m  hasCookie: true,
[2m[WebServer] [22m  cookieValue: '55f0b377...',
[2m[WebServer] [22m  allCookies: [
[2m[WebServer] [22m  'sb-olcqaawrpnanioaorfer-auth-token',
[2m[WebServer] [22m  'guest_session',
[2m[WebServer] [22m  '__next_hmr_refresh_hash__'
[2m[WebServer] [22m]
[2m[WebServer] [22m}
  ✓   5 [chromium] › __tests__/e2e/auth/guestAuth.spec.ts:222:7 › Guest Authentication › should create session cookie on successful authentication (15.1s)
[2m[WebServer] [22m[Middleware] Session query result: {
[2m[WebServer] [22m  sessionsFound: 0,
[2m[WebServer] [22m  hasError: false,
[2m[WebServer] [22m  errorMessage: undefined,
[2m[WebServer] [22m  tokenPrefix: '55f0b377'
[2m[WebServer] [22m}
[2m[WebServer] [22m[Middleware] No session found in database for token
[2m[WebServer] [22m[Middleware] Session query result: {
[2m[WebServer] [22m  sessionsFound: 0,
[2m[WebServer] [22m  hasError: false,
[2m[WebServer] [22m  errorMessage: undefined,
[2m[WebServer] [22m  tokenPrefix: '55f0b377'
[2m[WebServer] [22m}
[2m[WebServer] [22m[Middleware] No session found in database for token
[2m[WebServer] [22m[Middleware] Session query result: {
[2m[WebServer] [22m  sessionsFound: 0,
[2m[WebServer] [22m  hasError: false,
[2m[WebServer] [22m  errorMessage: undefined,
[2m[WebServer] [22m  tokenPrefix: '55f0b377'
[2m[WebServer] [22m}
[2m[WebServer] [22m[Middleware] No session found in database for token
[2m[WebServer] [22m[Middleware] Session query result: {
[2m[WebServer] [22m  sessionsFound: 0,
[2m[WebServer] [22m  hasError: false,
[2m[WebServer] [22m  errorMessage: undefined,
[2m[WebServer] [22m  tokenPrefix: '55f0b377'
[2m[WebServer] [22m}
[2m[WebServer] [22m[Middleware] No session found in database for token
[Worker 2] Created test guest: {
  email: [32m'test-w2-1770444042787-awt7ll85@example.com'[39m,
  id: [32m'109e8cdc-7a7c-419a-ba9d-7a06b67aef18'[39m,
  authMethod: [32m'email_matching'[39m,
  groupId: [32m'fef93c58-7c27-405a-bfed-da19a7889941'[39m
}
[Worker 2] ✅ Verified guest exists: {
  email: [32m'test-w2-1770444042787-awt7ll85@example.com'[39m,
  authMethod: [32m'email_matching'[39m
}
[2m[WebServer] [22m GET /auth/guest-login/verify?token=dd18d579143c9ea8e9dd50f5088c60ac5a58b2a7fe557d9e27a6808783fac78b [32m200[39m in 1453ms[2m (compile: 1336ms, proxy.ts: 43ms, render: 74ms)[22m
[2m[WebServer] [22m GET /auth/guest-login [32m200[39m in 37ms[2m (compile: 7ms, proxy.ts: 6ms, render: 24ms)[22m
[2m[WebServer] [22m GET /auth/guest-login [32m200[39m in 199ms[2m (compile: 12ms, proxy.ts: 19ms, render: 167ms)[22m
[2m[WebServer] [22m GET /auth/guest-login [32m200[39m in 200ms[2m (compile: 12ms, proxy.ts: 19ms, render: 169ms)[22m
[2m[WebServer] [22m[Magic Link Request] Processing request for email: test-w2-1770444042787-awt7ll85@example.com
[2m[WebServer] [22m[Magic Link Request] Looking for guest by email...
[2m[WebServer] [22m POST /api/guest-auth/magic-link/verify [34m307[39m in 340ms[2m (compile: 75ms, proxy.ts: 89ms, render: 176ms)[22m
[2m[WebServer] [22m POST /auth/guest-login/verify?error=INVALID_TOKEN&message=Invalid+or+expired+magic+link [32m200[39m in 65ms[2m (compile: 2ms, proxy.ts: 12ms, render: 50ms)[22m
[2m[WebServer] [22m[Magic Link Request] Guest query result: {
[2m[WebServer] [22m  found: [33mtrue[39m,
[2m[WebServer] [22m  guestId: [32m'109e8cdc-7a7c-419a-ba9d-7a06b67aef18'[39m,
[2m[WebServer] [22m  authMethod: [32m'email_matching'[39m,
[2m[WebServer] [22m  error: [90mundefined[39m
[2m[WebServer] [22m}
[2m[WebServer] [22m[Magic Link Request] Guest has wrong auth method: email_matching
[2m[WebServer] [22m POST /api/guest-auth/magic-link/request [33m400[39m in 169ms[2m (compile: 5ms, proxy.ts: 16ms, render: 148ms)[22m
  ✘   6 [chromium] › __tests__/e2e/auth/guestAuth.spec.ts:248:7 › Guest Authentication › should successfully request and verify magic link (18.0s)
[dotenv@17.2.4] injecting env (0) from .env.e2e -- tip: ⚙️  specify custom .env file path with { path: '/custom/path/.env' }
[Worker 5] Created test guest: {
  email: [32m'test-w5-1770444047824-7a4rfini@example.com'[39m,
  id: [32m'8c6b9e55-71e7-40f8-9402-be707135db40'[39m,
  authMethod: [32m'email_matching'[39m,
  groupId: [32m'6fabddca-bc23-473c-9229-a205705dbda4'[39m
}
[Worker 5] ✅ Verified guest exists: {
  email: [32m'test-w5-1770444047824-7a4rfini@example.com'[39m,
  authMethod: [32m'email_matching'[39m
}
[2m[WebServer] [22m GET /auth/guest-login/verify?token=invalid-token [32m200[39m in 39ms[2m (compile: 4ms, proxy.ts: 6ms, render: 29ms)[22m
[2m[WebServer] [22m GET /auth/guest-login/verify [32m200[39m in 37ms[2m (compile: 2ms, proxy.ts: 5ms, render: 30ms)[22m
[2m[WebServer] [22m GET /auth/guest-login/verify?token=0681bc6169d52f9cc9d4bbd8080310c7c87138c4fa9aade9db1cde751805dfe8 [32m200[39m in 44ms[2m (compile: 1714µs, proxy.ts: 6ms, render: 36ms)[22m
[2m[WebServer] [22m POST /api/guest-auth/magic-link/verify [34m307[39m in 229ms[2m (compile: 1433µs, proxy.ts: 5ms, render: 222ms)[22m
[2m[WebServer] [22m POST /auth/guest-login/verify?error=INVALID_TOKEN&message=Invalid+or+expired+magic+link [32m200[39m in 44ms[2m (compile: 2ms, proxy.ts: 6ms, render: 35ms)[22m
  ✓  10 [chromium] › __tests__/e2e/auth/guestAuth.spec.ts:404:7 › Guest Authentication › should show error for invalid or missing token (4.3s)
  ✘   7 [chromium] › __tests__/e2e/auth/guestAuth.spec.ts:298:7 › Guest Authentication › should show success message after requesting magic link (16.0s)
[Worker 5] Created test guest: {
  email: [32m'test-w5-1770444052324-gjabpcrv@example.com'[39m,
  id: [32m'a1f3d191-d3bf-49dc-ae12-531266c4e2ef'[39m,
  authMethod: [32m'email_matching'[39m,
  groupId: [32m'31e66669-002e-4d8b-b04c-b6d6b5ef4c1e'[39m
}
[Worker 5] ✅ Verified guest exists: {
  email: [32m'test-w5-1770444052324-gjabpcrv@example.com'[39m,
  authMethod: [32m'email_matching'[39m
}
[2m[WebServer] [22m GET /auth/guest-login [32m200[39m in 41ms[2m (compile: 4ms, proxy.ts: 7ms, render: 30ms)[22m
[dotenv@17.2.4] injecting env (0) from .env.e2e -- tip: ⚙️  override existing env vars with { override: true }
[2m[WebServer] [22m[API] Looking for guest with email: test-w5-1770444052324-gjabpcrv@example.com
[2m[WebServer] [22m[API] Guest query result: {
[2m[WebServer] [22m  found: [33mtrue[39m,
[2m[WebServer] [22m  email: [32m'test-w5-1770444052324-gjabpcrv@example.com'[39m,
[2m[WebServer] [22m  authMethod: [32m'email_matching'[39m,
[2m[WebServer] [22m  error: [90mundefined[39m
[2m[WebServer] [22m}
[Worker 6] Created test guest: {
  email: [32m'test-w6-1770444053236-p4gucx6s@example.com'[39m,
  id: [32m'53de3b84-cff9-4cb0-aa7f-d920b40778ac'[39m,
  authMethod: [32m'email_matching'[39m,
  groupId: [32m'2b7be918-1eec-475b-8f50-a121667f61ff'[39m
}
[2m[WebServer] [22m[API] Setting guest session cookie: {
[2m[WebServer] [22m  tokenPrefix: [32m'ab9ce438'[39m,
[2m[WebServer] [22m  cookieOptions: {
[2m[WebServer] [22m    httpOnly: [33mtrue[39m,
[2m[WebServer] [22m    secure: [33mfalse[39m,
[2m[WebServer] [22m    sameSite: [32m'lax'[39m,
[2m[WebServer] [22m    maxAge: [33m86400[39m,
[2m[WebServer] [22m    path: [32m'/'[39m
[2m[WebServer] [22m  },
[2m[WebServer] [22m  guestId: [32m'a1f3d191-d3bf-49dc-ae12-531266c4e2ef'[39m,
[2m[WebServer] [22m  sessionId: [32m'e23ee01c-76e7-4edd-9ab8-33da14773693'[39m
[2m[WebServer] [22m}
[2m[WebServer] [22m POST /api/guest-auth/email-match [32m200[39m in 283ms[2m (compile: 4ms, proxy.ts: 5ms, render: 273ms)[22m
[Worker 6] ✅ Verified guest exists: {
  email: [32m'test-w6-1770444053236-p4gucx6s@example.com'[39m,
  authMethod: [32m'email_matching'[39m
}
[2m[WebServer] [22m[Middleware] Guest auth check: {
[2m[WebServer] [22m  path: '/guest/dashboard',
[2m[WebServer] [22m  hasCookie: true,
[2m[WebServer] [22m  cookieValue: 'ab9ce438...',
[2m[WebServer] [22m  allCookies: [ 'sb-olcqaawrpnanioaorfer-auth-token', 'guest_session' ]
[2m[WebServer] [22m}
[2m[WebServer] [22m[Middleware] Session query result: {
[2m[WebServer] [22m  sessionsFound: 1,
[2m[WebServer] [22m  hasError: false,
[2m[WebServer] [22m  errorMessage: undefined,
[2m[WebServer] [22m  tokenPrefix: 'ab9ce438'
[2m[WebServer] [22m}
[2m[WebServer] [22m[GuestDashboard] Session check: { hasToken: [33mtrue[39m, tokenPrefix: [32m'ab9ce438'[39m }
[2m[WebServer] [22m GET /auth/guest-login [32m200[39m in 106ms[2m (compile: 55ms, proxy.ts: 16ms, render: 36ms)[22m
[2m[WebServer] [22m[GuestDashboard] Session query result: {
[2m[WebServer] [22m  found: [33mtrue[39m,
[2m[WebServer] [22m  error: [90mundefined[39m,
[2m[WebServer] [22m  guestId: [32m'a1f3d191-d3bf-49dc-ae12-531266c4e2ef'[39m
[2m[WebServer] [22m}
[2m[WebServer] [22m[GuestDashboard] Guest query result: {
[2m[WebServer] [22m  found: [33mtrue[39m,
[2m[WebServer] [22m  error: [90mundefined[39m,
[2m[WebServer] [22m  email: [32m'test-w5-1770444052324-gjabpcrv@example.com'[39m
[2m[WebServer] [22m}
[2m[WebServer] [22m[GuestDashboard] Rendering dashboard for guest: test-w5-1770444052324-gjabpcrv@example.com
[2m[WebServer] [22m GET /guest/dashboard [32m200[39m in 762ms[2m (compile: 19ms, proxy.ts: 151ms, render: 592ms)[22m
[2m[WebServer] [22m[API] Looking for guest with email: test-w6-1770444053236-p4gucx6s@example.com
[2m[WebServer] [22m[API] Guest query result: {
[2m[WebServer] [22m  found: [33mtrue[39m,
[2m[WebServer] [22m  email: [32m'test-w6-1770444053236-p4gucx6s@example.com'[39m,
[2m[WebServer] [22m  authMethod: [32m'email_matching'[39m,
[2m[WebServer] [22m  error: [90mundefined[39m
[2m[WebServer] [22m}
  ✘   8 [chromium] › __tests__/e2e/auth/guestAuth.spec.ts:326:7 › Guest Authentication › should show error for expired magic link (14.8s)
[2m[WebServer] [22m[API] Setting guest session cookie: {
[2m[WebServer] [22m  tokenPrefix: [32m'3cfcbe01'[39m,
[2m[WebServer] [22m  cookieOptions: {
[2m[WebServer] [22m    httpOnly: [33mtrue[39m,
[2m[WebServer] [22m    secure: [33mfalse[39m,
[2m[WebServer] [22m    sameSite: [32m'lax'[39m,
[2m[WebServer] [22m    maxAge: [33m86400[39m,
[2m[WebServer] [22m    path: [32m'/'[39m
[2m[WebServer] [22m  },
[2m[WebServer] [22m  guestId: [32m'53de3b84-cff9-4cb0-aa7f-d920b40778ac'[39m,
[2m[WebServer] [22m  sessionId: [32m'7bbb3aaf-e54b-4f5c-8e8d-5df840683a04'[39m
[2m[WebServer] [22m}
[2m[WebServer] [22m POST /api/guest-auth/email-match [32m200[39m in 307ms[2m (compile: 6ms, proxy.ts: 23ms, render: 278ms)[22m
  ✘   9 [chromium] › __tests__/e2e/auth/guestAuth.spec.ts:362:7 › Guest Authentication › should show error for already used magic link (12.8s)
[2m[WebServer] [22m[Middleware] Guest auth check: {
[2m[WebServer] [22m  path: '/guest/dashboard',
[2m[WebServer] [22m  hasCookie: true,
[2m[WebServer] [22m  cookieValue: '3cfcbe01...',
[2m[WebServer] [22m  allCookies: [ 'sb-olcqaawrpnanioaorfer-auth-token', 'guest_session' ]
[2m[WebServer] [22m}
[2m[WebServer] [22m[Middleware] Guest auth check: {
[2m[WebServer] [22m  path: '/api/guest/events',
[2m[WebServer] [22m  hasCookie: true,
[2m[WebServer] [22m  cookieValue: 'ab9ce438...',
[2m[WebServer] [22m  allCookies: [ 'sb-olcqaawrpnanioaorfer-auth-token', 'guest_session' ]
[2m[WebServer] [22m}
[2m[WebServer] [22m[Middleware] Guest auth check: {
[2m[WebServer] [22m  path: '/api/guest/rsvps',
[2m[WebServer] [22m  hasCookie: true,
[2m[WebServer] [22m  cookieValue: 'ab9ce438...',
[2m[WebServer] [22m  allCookies: [ 'sb-olcqaawrpnanioaorfer-auth-token', 'guest_session' ]
[2m[WebServer] [22m}
[2m[WebServer] [22m[Middleware] Guest auth check: {
[2m[WebServer] [22m  path: '/api/guest/wedding-info',
[2m[WebServer] [22m  hasCookie: true,
[2m[WebServer] [22m  cookieValue: 'ab9ce438...',
[2m[WebServer] [22m  allCookies: [ 'sb-olcqaawrpnanioaorfer-auth-token', 'guest_session' ]
[2m[WebServer] [22m}
[2m[WebServer] [22m[Middleware] Guest auth check: {
[2m[WebServer] [22m  path: '/api/guest/announcements',
[2m[WebServer] [22m  hasCookie: true,
[2m[WebServer] [22m  cookieValue: 'ab9ce438...',
[2m[WebServer] [22m  allCookies: [ 'sb-olcqaawrpnanioaorfer-auth-token', 'guest_session' ]
[2m[WebServer] [22m}
[2m[WebServer] [22m[Middleware] Session query result: {
[2m[WebServer] [22m  sessionsFound: 1,
[2m[WebServer] [22m  hasError: false,
[2m[WebServer] [22m  errorMessage: undefined,
[2m[WebServer] [22m  tokenPrefix: '3cfcbe01'
[2m[WebServer] [22m}
[2m[WebServer] [22m[GuestDashboard] Session check: { hasToken: [33mtrue[39m, tokenPrefix: [32m'3cfcbe01'[39m }
[2m[WebServer] [22m[Middleware] Session query result: {
[2m[WebServer] [22m  sessionsFound: 1,
[2m[WebServer] [22m  hasError: false,
[2m[WebServer] [22m  errorMessage: undefined,
[2m[WebServer] [22m  tokenPrefix: 'ab9ce438'
[2m[WebServer] [22m}
[2m[WebServer] [22m[Middleware] Session query result: {
[2m[WebServer] [22m  sessionsFound: 1,
[2m[WebServer] [22m  hasError: false,
[2m[WebServer] [22m  errorMessage: undefined,
[2m[WebServer] [22m  tokenPrefix: 'ab9ce438'
[2m[WebServer] [22m}
[2m[WebServer] [22m[Middleware] Session query result: {
[2m[WebServer] [22m  sessionsFound: 1,
[2m[WebServer] [22m  hasError: false,
[2m[WebServer] [22m  errorMessage: undefined,
[2m[WebServer] [22m  tokenPrefix: 'ab9ce438'
[2m[WebServer] [22m}
[2m[WebServer] [22m[Middleware] Session query result: {
[2m[WebServer] [22m  sessionsFound: 1,
[2m[WebServer] [22m  hasError: false,
[2m[WebServer] [22m  errorMessage: undefined,
[2m[WebServer] [22m  tokenPrefix: 'ab9ce438'
[2m[WebServer] [22m}
[2m[WebServer] [22m[GuestDashboard] Session query result: {
[2m[WebServer] [22m  found: [33mtrue[39m,
[2m[WebServer] [22m  error: [90mundefined[39m,
[2m[WebServer] [22m  guestId: [32m'53de3b84-cff9-4cb0-aa7f-d920b40778ac'[39m
[2m[WebServer] [22m}
[dotenv@17.2.4] injecting env (0) from .env.e2e -- tip: ⚙️  suppress all logs with { quiet: true }
[2m[WebServer] [22m[GuestDashboard] Guest query result: {
[2m[WebServer] [22m  found: [33mtrue[39m,
[2m[WebServer] [22m  error: [90mundefined[39m,
[2m[WebServer] [22m  email: [32m'test-w6-1770444053236-p4gucx6s@example.com'[39m
[2m[WebServer] [22m}
[2m[WebServer] [22m[GuestDashboard] Rendering dashboard for guest: test-w6-1770444053236-p4gucx6s@example.com
[2m[WebServer] [22m GET /guest/dashboard [32m200[39m in 654ms[2m (compile: 2ms, proxy.ts: 166ms, render: 486ms)[22m
[2m[WebServer] [22m GET /api/guest/rsvps [32m200[39m in 613ms[2m (compile: 19ms, proxy.ts: 150ms, render: 445ms)[22m
[2m[WebServer] [22m[Middleware] Guest auth check: {
[2m[WebServer] [22m  path: '/guest/events',
[2m[WebServer] [22m  hasCookie: true,
[2m[WebServer] [22m  cookieValue: '3cfcbe01...',
[2m[WebServer] [22m  allCookies: [ 'sb-olcqaawrpnanioaorfer-auth-token', 'guest_session' ]
[2m[WebServer] [22m}
[2m[WebServer] [22m GET /api/guest/wedding-info [32m200[39m in 663ms[2m (compile: 7ms, proxy.ts: 216ms, render: 441ms)[22m
[2m[WebServer] [22m GET /api/guest/announcements [32m200[39m in 681ms[2m (compile: 13ms, proxy.ts: 235ms, render: 433ms)[22m
[dotenv@17.2.4] injecting env (0) from .env.e2e -- tip: 🔄 add secrets lifecycle management: https://dotenvx.com/ops
[2m[WebServer] [22m[Middleware] Session query result: {
[2m[WebServer] [22m  sessionsFound: 1,
[2m[WebServer] [22m  hasError: false,
[2m[WebServer] [22m  errorMessage: undefined,
[2m[WebServer] [22m  tokenPrefix: '3cfcbe01'
[2m[WebServer] [22m}
[2m[WebServer] [22m GET /api/guest/events [32m200[39m in 777ms[2m (compile: 6ms, proxy.ts: 176ms, render: 596ms)[22m
[Worker 7] Created test guest: {
  email: [32m'test-w7-1770444056404-f9cxho9o@example.com'[39m,
  id: [32m'1d72c5b4-bc8b-4a00-8cb6-002fb6a85da9'[39m,
  authMethod: [32m'email_matching'[39m,
  groupId: [32m'59efb94f-ad3f-4b11-96ac-dde945991870'[39m
}
[Worker 7] ✅ Verified guest exists: {
  email: [32m'test-w7-1770444056404-f9cxho9o@example.com'[39m,
  authMethod: [32m'email_matching'[39m
}
[Worker 8] Created test guest: {
  email: [32m'test-w8-1770444056648-hwjrmq7a@example.com'[39m,
  id: [32m'a76d1dd7-56e3-46ba-80e8-f12ec86c3f64'[39m,
  authMethod: [32m'email_matching'[39m,
  groupId: [32m'35d6fd3c-a9b3-457a-9138-87c63d6a38b5'[39m
}
[Worker 8] ✅ Verified guest exists: {
  email: [32m'test-w8-1770444056648-hwjrmq7a@example.com'[39m,
  authMethod: [32m'email_matching'[39m
}
[2m[WebServer] [22m[Middleware] Guest auth check: {
[2m[WebServer] [22m  path: '/api/guest/events',
[2m[WebServer] [22m  hasCookie: true,
[2m[WebServer] [22m  cookieValue: '3cfcbe01...',
[2m[WebServer] [22m  allCookies: [ 'sb-olcqaawrpnanioaorfer-auth-token', 'guest_session' ]
[2m[WebServer] [22m}
[2m[WebServer] [22m[Middleware] Guest auth check: {
[2m[WebServer] [22m  path: '/api/guest/rsvps',
[2m[WebServer] [22m  hasCookie: true,
[2m[WebServer] [22m  cookieValue: '3cfcbe01...',
[2m[WebServer] [22m  allCookies: [ 'sb-olcqaawrpnanioaorfer-auth-token', 'guest_session' ]
[2m[WebServer] [22m}
[2m[WebServer] [22m[Middleware] Guest auth check: {
[2m[WebServer] [22m  path: '/api/guest/announcements',
[2m[WebServer] [22m  hasCookie: true,
[2m[WebServer] [22m  cookieValue: '3cfcbe01...',
[2m[WebServer] [22m  allCookies: [ 'sb-olcqaawrpnanioaorfer-auth-token', 'guest_session' ]
[2m[WebServer] [22m}
[2m[WebServer] [22m[Middleware] Guest auth check: {
[2m[WebServer] [22m  path: '/guest/dashboard',
[2m[WebServer] [22m  hasCookie: true,
[2m[WebServer] [22m  cookieValue: 'ab9ce438...',
[2m[WebServer] [22m  allCookies: [ 'sb-olcqaawrpnanioaorfer-auth-token', 'guest_session' ]
[2m[WebServer] [22m}
[2m[WebServer] [22m[Middleware] Guest auth check: {
[2m[WebServer] [22m  path: '/api/guest/wedding-info',
[2m[WebServer] [22m  hasCookie: true,
[2m[WebServer] [22m  cookieValue: '3cfcbe01...',
[2m[WebServer] [22m  allCookies: [ 'sb-olcqaawrpnanioaorfer-auth-token', 'guest_session' ]
[2m[WebServer] [22m}
[2m[WebServer] [22m GET /auth/guest-login [32m200[39m in 1189ms[2m (compile: 889ms, proxy.ts: 70ms, render: 229ms)[22m
[2m[WebServer] [22m GET /auth/guest-login [32m200[39m in 790ms[2m (compile: 505ms, proxy.ts: 47ms, render: 239ms)[22m
[2m[WebServer] [22m[Middleware] Session query result: {
[2m[WebServer] [22m  sessionsFound: 1,
[2m[WebServer] [22m  hasError: false,
[2m[WebServer] [22m  errorMessage: undefined,
[2m[WebServer] [22m  tokenPrefix: '3cfcbe01'
[2m[WebServer] [22m}
[2m[WebServer] [22m[Middleware] Session query result: {
[2m[WebServer] [22m  sessionsFound: 1,
[2m[WebServer] [22m  hasError: false,
[2m[WebServer] [22m  errorMessage: undefined,
[2m[WebServer] [22m  tokenPrefix: '3cfcbe01'
[2m[WebServer] [22m}
[2m[WebServer] [22m[Middleware] Session query result: {
[2m[WebServer] [22m  sessionsFound: 1,
[2m[WebServer] [22m  hasError: false,
[2m[WebServer] [22m  errorMessage: undefined,
[2m[WebServer] [22m  tokenPrefix: 'ab9ce438'
[2m[WebServer] [22m}
[2m[WebServer] [22m[Middleware] Session query result: {
[2m[WebServer] [22m  sessionsFound: 1,
[2m[WebServer] [22m  hasError: false,
[2m[WebServer] [22m  errorMessage: undefined,
[2m[WebServer] [22m  tokenPrefix: '3cfcbe01'
[2m[WebServer] [22m}
[2m[WebServer] [22m[Middleware] Session query result: {
[2m[WebServer] [22m  sessionsFound: 1,
[2m[WebServer] [22m  hasError: false,
[2m[WebServer] [22m  errorMessage: undefined,
[2m[WebServer] [22m  tokenPrefix: '3cfcbe01'
[2m[WebServer] [22m}
[2m[WebServer] [22m[GuestDashboard] Session check: { hasToken: [33mtrue[39m, tokenPrefix: [32m'ab9ce438'[39m }
[2m[WebServer] [22m GET /api/guest/rsvps [32m200[39m in 281ms[2m (compile: 23ms, proxy.ts: 193ms, render: 65ms)[22m
[2m[WebServer] [22m GET /api/guest/announcements [32m200[39m in 283ms[2m (compile: 7ms, proxy.ts: 189ms, render: 87ms)[22m
[2m[WebServer] [22m GET /api/guest/wedding-info [32m200[39m in 284ms[2m (compile: 10ms, proxy.ts: 191ms, render: 82ms)[22m
[2m[WebServer] [22m GET /api/guest/events [32m200[39m in 284ms[2m (compile: 22ms, proxy.ts: 159ms, render: 103ms)[22m
[2m[WebServer] [22m GET /guest/events [32m200[39m in 2.4s[2m (compile: 1777ms, proxy.ts: 163ms, render: 491ms)[22m
[2m[WebServer] [22m[GuestDashboard] Session query result: {
[2m[WebServer] [22m  found: [33mtrue[39m,
[2m[WebServer] [22m  error: [90mundefined[39m,
[2m[WebServer] [22m  guestId: [32m'a1f3d191-d3bf-49dc-ae12-531266c4e2ef'[39m
[2m[WebServer] [22m}
[2m[WebServer] [22m[GuestDashboard] Guest query result: {
[2m[WebServer] [22m  found: [33mtrue[39m,
[2m[WebServer] [22m  error: [90mundefined[39m,
[2m[WebServer] [22m  email: [32m'test-w5-1770444052324-gjabpcrv@example.com'[39m
[2m[WebServer] [22m}
[2m[WebServer] [22m[GuestDashboard] Rendering dashboard for guest: test-w5-1770444052324-gjabpcrv@example.com
[2m[WebServer] [22m GET /guest/dashboard [32m200[39m in 621ms[2m (compile: 39ms, proxy.ts: 191ms, render: 392ms)[22m
[2m[WebServer] [22m[API] Looking for guest with email: nonexistent@example.com
[2m[WebServer] [22m[Middleware] Guest auth check: {
[2m[WebServer] [22m  path: '/api/guest/events',
[2m[WebServer] [22m  hasCookie: true,
[2m[WebServer] [22m  cookieValue: '3cfcbe01...',
[2m[WebServer] [22m  allCookies: [ 'sb-olcqaawrpnanioaorfer-auth-token', 'guest_session' ]
[2m[WebServer] [22m}
[2m[WebServer] [22m[Middleware] Guest auth check: {
[2m[WebServer] [22m  path: '/guest/events',
[2m[WebServer] [22m  hasCookie: true,
[2m[WebServer] [22m  cookieValue: '3cfcbe01...',
[2m[WebServer] [22m  allCookies: [ 'sb-olcqaawrpnanioaorfer-auth-token', 'guest_session' ]
[2m[WebServer] [22m}
[2m[WebServer] [22m[API] Guest query result: {
[2m[WebServer] [22m  found: [33mfalse[39m,
[2m[WebServer] [22m  email: [90mundefined[39m,
[2m[WebServer] [22m  authMethod: [90mundefined[39m,
[2m[WebServer] [22m  error: [32m'Cannot coerce the result to a single JSON object'[39m
[2m[WebServer] [22m}
[2m[WebServer] [22m POST /api/guest-auth/email-match [33m404[39m in 256ms[2m (compile: 27ms, proxy.ts: 54ms, render: 175ms)[22m
[2m[WebServer] [22m[Middleware] Session query result: {
[2m[WebServer] [22m  sessionsFound: 1,
[2m[WebServer] [22m  hasError: false,
[2m[WebServer] [22m  errorMessage: undefined,
[2m[WebServer] [22m  tokenPrefix: '3cfcbe01'
[2m[WebServer] [22m}
[2m[WebServer] [22m[Middleware] Session query result: {
[2m[WebServer] [22m  sessionsFound: 1,
[2m[WebServer] [22m  hasError: false,
[2m[WebServer] [22m  errorMessage: undefined,
[2m[WebServer] [22m  tokenPrefix: '3cfcbe01'
[2m[WebServer] [22m}
[2m[WebServer] [22m GET /api/guest/events [32m200[39m in 816ms[2m (compile: 2ms, proxy.ts: 285ms, render: 529ms)[22m
[2m[WebServer] [22m GET /auth/guest-login/verify?token=54d9827544e9488049a4f227e7f3e4323a9e5bd02a98e9d39293a961c43a8777 [32m200[39m in 175ms[2m (compile: 11ms, proxy.ts: 14ms, render: 150ms)[22m
[2m[WebServer] [22m[Middleware] Guest auth check: {
[2m[WebServer] [22m  path: '/api/guest/wedding-info',
[2m[WebServer] [22m  hasCookie: true,
[2m[WebServer] [22m  cookieValue: 'ab9ce438...',
[2m[WebServer] [22m  allCookies: [ 'sb-olcqaawrpnanioaorfer-auth-token', 'guest_session' ]
[2m[WebServer] [22m}
[2m[WebServer] [22m[Middleware] Guest auth check: {
[2m[WebServer] [22m  path: '/api/guest/events',
[2m[WebServer] [22m  hasCookie: true,
[2m[WebServer] [22m  cookieValue: 'ab9ce438...',
[2m[WebServer] [22m  allCookies: [ 'sb-olcqaawrpnanioaorfer-auth-token', 'guest_session' ]
[2m[WebServer] [22m}
[2m[WebServer] [22m[Middleware] Guest auth check: {
[2m[WebServer] [22m  path: '/api/guest/announcements',
[2m[WebServer] [22m  hasCookie: true,
[2m[WebServer] [22m  cookieValue: 'ab9ce438...',
[2m[WebServer] [22m  allCookies: [ 'sb-olcqaawrpnanioaorfer-auth-token', 'guest_session' ]
[2m[WebServer] [22m}
[2m[WebServer] [22m[Middleware] Guest auth check: {
[2m[WebServer] [22m  path: '/api/guest/rsvps',
[2m[WebServer] [22m  hasCookie: true,
[2m[WebServer] [22m  cookieValue: 'ab9ce438...',
[2m[WebServer] [22m  allCookies: [ 'sb-olcqaawrpnanioaorfer-auth-token', 'guest_session' ]
[2m[WebServer] [22m}
[2m[WebServer] [22m GET /guest/events [32m200[39m in 801ms[2m (compile: 5ms, proxy.ts: 233ms, render: 562ms)[22m
[2m[WebServer] [22m[Middleware] Session query result: {
[2m[WebServer] [22m  sessionsFound: 1,
[2m[WebServer] [22m  hasError: false,
[2m[WebServer] [22m  errorMessage: undefined,
[2m[WebServer] [22m  tokenPrefix: 'ab9ce438'
[2m[WebServer] [22m}
[2m[WebServer] [22m[Middleware] Session query result: {
[2m[WebServer] [22m  sessionsFound: 1,
[2m[WebServer] [22m  hasError: false,
[2m[WebServer] [22m  errorMessage: undefined,
[2m[WebServer] [22m  tokenPrefix: 'ab9ce438'
[2m[WebServer] [22m}
[2m[WebServer] [22m[Middleware] Session query result: {
[2m[WebServer] [22m  sessionsFound: 1,
[2m[WebServer] [22m  hasError: false,
[2m[WebServer] [22m  errorMessage: undefined,
[2m[WebServer] [22m  tokenPrefix: 'ab9ce438'
[2m[WebServer] [22m}
[2m[WebServer] [22m[Middleware] Session query result: {
[2m[WebServer] [22m  sessionsFound: 1,
[2m[WebServer] [22m  hasError: false,
[2m[WebServer] [22m  errorMessage: undefined,
[2m[WebServer] [22m  tokenPrefix: 'ab9ce438'
[2m[WebServer] [22m}
  ✓  13 [chromium] › __tests__/e2e/auth/guestAuth.spec.ts:504:7 › Guest Authentication › should switch between authentication tabs (4.2s)
[Worker 7] Created test guest: {
  email: [32m'test-w7-1770444060710-6d9tic2s@example.com'[39m,
  id: [32m'aadf90d7-469e-449d-8e03-ed2d9cae18e1'[39m,
  authMethod: [32m'email_matching'[39m,
  groupId: [32m'3d76940d-d64b-45fa-85b3-16f2fd6db39b'[39m
}
[2m[WebServer] [22m GET /api/guest/wedding-info [32m200[39m in 635ms[2m (compile: 3ms, proxy.ts: 200ms, render: 433ms)[22m
[2m[WebServer] [22m GET /api/guest/announcements [32m200[39m in 663ms[2m (compile: 17ms, proxy.ts: 219ms, render: 426ms)[22m
[2m[WebServer] [22m GET /api/guest/rsvps [32m200[39m in 681ms[2m (compile: 10ms, proxy.ts: 217ms, render: 455ms)[22m
[Worker 7] ✅ Verified guest exists: {
  email: [32m'test-w7-1770444060710-6d9tic2s@example.com'[39m,
  authMethod: [32m'email_matching'[39m
}
[2m[WebServer] [22m[Middleware] Guest auth check: {
[2m[WebServer] [22m  path: '/api/guest/events',
[2m[WebServer] [22m  hasCookie: true,
[2m[WebServer] [22m  cookieValue: '3cfcbe01...',
[2m[WebServer] [22m  allCookies: [ 'sb-olcqaawrpnanioaorfer-auth-token', 'guest_session' ]
[2m[WebServer] [22m}
[2m[WebServer] [22m GET /api/guest/events [32m200[39m in 844ms[2m (compile: 13ms, proxy.ts: 218ms, render: 613ms)[22m
[2m[WebServer] [22m[Middleware] Session query result: {
[2m[WebServer] [22m  sessionsFound: 1,
[2m[WebServer] [22m  hasError: false,
[2m[WebServer] [22m  errorMessage: undefined,
[2m[WebServer] [22m  tokenPrefix: '3cfcbe01'
[2m[WebServer] [22m}
[2m[WebServer] [22m POST /api/guest-auth/magic-link/verify [34m307[39m in 189ms[2m (compile: 7ms, proxy.ts: 22ms, render: 159ms)[22m
[2m[WebServer] [22m GET /auth/guest-login [32m200[39m in 68ms[2m (compile: 1994µs, proxy.ts: 5ms, render: 61ms)[22m
[2m[WebServer] [22m POST /auth/guest-login/verify?error=INVALID_TOKEN&message=Invalid+or+expired+magic+link [32m200[39m in 71ms[2m (compile: 6ms, proxy.ts: 22ms, render: 43ms)[22m
[2m[WebServer] [22m GET /api/guest/events [32m200[39m in 767ms[2m (compile: 14ms, proxy.ts: 187ms, render: 566ms)[22m
[2m[WebServer] [22m[Middleware] Guest auth check: {
[2m[WebServer] [22m  path: '/guest/activities',
[2m[WebServer] [22m  hasCookie: true,
[2m[WebServer] [22m  cookieValue: '3cfcbe01...',
[2m[WebServer] [22m  allCookies: [ 'sb-olcqaawrpnanioaorfer-auth-token', 'guest_session' ]
[2m[WebServer] [22m}
[2m[WebServer] [22m[API] Looking for guest with email: test-w7-1770444060710-6d9tic2s@example.com
[2m[WebServer] [22m[Middleware] Session query result: {
[2m[WebServer] [22m  sessionsFound: 1,
[2m[WebServer] [22m  hasError: false,
[2m[WebServer] [22m  errorMessage: undefined,
[2m[WebServer] [22m  tokenPrefix: '3cfcbe01'
[2m[WebServer] [22m}
[2m[WebServer] [22m[API] Guest query result: {
[2m[WebServer] [22m  found: [33mtrue[39m,
[2m[WebServer] [22m  email: [32m'test-w7-1770444060710-6d9tic2s@example.com'[39m,
[2m[WebServer] [22m  authMethod: [32m'email_matching'[39m,
[2m[WebServer] [22m  error: [90mundefined[39m
[2m[WebServer] [22m}
[2m[WebServer] [22m[API] Setting guest session cookie: {
[2m[WebServer] [22m  tokenPrefix: [32m'a803d692'[39m,
[2m[WebServer] [22m  cookieOptions: {
[2m[WebServer] [22m    httpOnly: [33mtrue[39m,
[2m[WebServer] [22m    secure: [33mfalse[39m,
[2m[WebServer] [22m    sameSite: [32m'lax'[39m,
[2m[WebServer] [22m    maxAge: [33m86400[39m,
[2m[WebServer] [22m    path: [32m'/'[39m
[2m[WebServer] [22m  },
[2m[WebServer] [22m  guestId: [32m'aadf90d7-469e-449d-8e03-ed2d9cae18e1'[39m,
[2m[WebServer] [22m  sessionId: [32m'2bfbf268-95bb-46ea-b03f-b4c95bf69a76'[39m
[2m[WebServer] [22m}
[2m[WebServer] [22m POST /api/guest-auth/email-match [32m200[39m in 443ms[2m (compile: 1174µs, proxy.ts: 6ms, render: 436ms)[22m
[2m[WebServer] [22m[Middleware] Guest auth check: {
[2m[WebServer] [22m  path: '/guest/dashboard',
[2m[WebServer] [22m  hasCookie: true,
[2m[WebServer] [22m  cookieValue: 'a803d692...',
[2m[WebServer] [22m  allCookies: [ 'sb-olcqaawrpnanioaorfer-auth-token', 'guest_session' ]
[2m[WebServer] [22m}
[2m[WebServer] [22m[Middleware] Session query result: {
[2m[WebServer] [22m  sessionsFound: 1,
[2m[WebServer] [22m  hasError: false,
[2m[WebServer] [22m  errorMessage: undefined,
[2m[WebServer] [22m  tokenPrefix: 'a803d692'
[2m[WebServer] [22m}
[2m[WebServer] [22m[GuestDashboard] Session check: { hasToken: [33mtrue[39m, tokenPrefix: [32m'a803d692'[39m }
[2m[WebServer] [22m[GuestDashboard] Session query result: {
[2m[WebServer] [22m  found: [33mtrue[39m,
[2m[WebServer] [22m  error: [90mundefined[39m,
[2m[WebServer] [22m  guestId: [32m'aadf90d7-469e-449d-8e03-ed2d9cae18e1'[39m
[2m[WebServer] [22m}
[2m[WebServer] [22m[GuestDashboard] Guest query result: {
[2m[WebServer] [22m  found: [33mtrue[39m,
[2m[WebServer] [22m  error: [90mundefined[39m,
[2m[WebServer] [22m  email: [32m'test-w7-1770444060710-6d9tic2s@example.com'[39m
[2m[WebServer] [22m}
[2m[WebServer] [22m[GuestDashboard] Rendering dashboard for guest: test-w7-1770444060710-6d9tic2s@example.com
[2m[WebServer] [22m GET /guest/activities [32m200[39m in 1400ms[2m (compile: 743ms, proxy.ts: 154ms, render: 503ms)[22m
[2m[WebServer] [22m GET /guest/dashboard [32m200[39m in 706ms[2m (compile: 16ms, proxy.ts: 297ms, render: 393ms)[22m
[2m[WebServer] [22m[Middleware] Guest auth check: {
[2m[WebServer] [22m  path: '/guest/dashboard',
[2m[WebServer] [22m  hasCookie: true,
[2m[WebServer] [22m  cookieValue: 'ab9ce438...',
[2m[WebServer] [22m  allCookies: [ 'sb-olcqaawrpnanioaorfer-auth-token', 'guest_session' ]
[2m[WebServer] [22m}
[2m[WebServer] [22m[Middleware] Guest auth check: {
[2m[WebServer] [22m  path: '/api/guest/activities',
[2m[WebServer] [22m  hasCookie: true,
[2m[WebServer] [22m  cookieValue: '3cfcbe01...',
[2m[WebServer] [22m  allCookies: [ 'sb-olcqaawrpnanioaorfer-auth-token', 'guest_session' ]
[2m[WebServer] [22m}
[2m[WebServer] [22m[Middleware] Guest auth check: {
[2m[WebServer] [22m  path: '/api/guest/events',
[2m[WebServer] [22m  hasCookie: true,
[2m[WebServer] [22m  cookieValue: 'a803d692...',
[2m[WebServer] [22m  allCookies: [ 'sb-olcqaawrpnanioaorfer-auth-token', 'guest_session' ]
[2m[WebServer] [22m}
[2m[WebServer] [22m[Middleware] Guest auth check: {
[2m[WebServer] [22m  path: '/api/guest/rsvps',
[2m[WebServer] [22m  hasCookie: true,
[2m[WebServer] [22m  cookieValue: 'a803d692...',
[2m[WebServer] [22m  allCookies: [ 'sb-olcqaawrpnanioaorfer-auth-token', 'guest_session' ]
[2m[WebServer] [22m}
[2m[WebServer] [22m[Middleware] Guest auth check: {
[2m[WebServer] [22m  path: '/api/guest/wedding-info',
[2m[WebServer] [22m  hasCookie: true,
[2m[WebServer] [22m  cookieValue: 'a803d692...',
[2m[WebServer] [22m  allCookies: [ 'sb-olcqaawrpnanioaorfer-auth-token', 'guest_session' ]
[2m[WebServer] [22m}
[2m[WebServer] [22m[Middleware] Guest auth check: {
[2m[WebServer] [22m  path: '/api/guest/announcements',
[2m[WebServer] [22m  hasCookie: true,
[2m[WebServer] [22m  cookieValue: 'a803d692...',
[2m[WebServer] [22m  allCookies: [ 'sb-olcqaawrpnanioaorfer-auth-token', 'guest_session' ]
[2m[WebServer] [22m}
[2m[WebServer] [22m GET /auth/guest-login/verify?error=INVALID_TOKEN&message=Invalid+or+expired+magic+link [32m200[39m in 162ms[2m (compile: 14ms, proxy.ts: 61ms, render: 87ms)[22m
[2m[WebServer] [22m[Middleware] Session query result: {
[2m[WebServer] [22m  sessionsFound: 1,
[2m[WebServer] [22m  hasError: false,
[2m[WebServer] [22m  errorMessage: undefined,
[2m[WebServer] [22m  tokenPrefix: 'ab9ce438'
[2m[WebServer] [22m}
[2m[WebServer] [22m[GuestDashboard] Session check: { hasToken: [33mtrue[39m, tokenPrefix: [32m'ab9ce438'[39m }
[2m[WebServer] [22m[Middleware] Session query result: {
[2m[WebServer] [22m  sessionsFound: 1,
[2m[WebServer] [22m  hasError: false,
[2m[WebServer] [22m  errorMessage: undefined,
[2m[WebServer] [22m  tokenPrefix: 'a803d692'
[2m[WebServer] [22m}
[2m[WebServer] [22m[Middleware] Session query result: {
[2m[WebServer] [22m  sessionsFound: 1,
[2m[WebServer] [22m  hasError: false,
[2m[WebServer] [22m  errorMessage: undefined,
[2m[WebServer] [22m  tokenPrefix: 'a803d692'
[2m[WebServer] [22m}
[2m[WebServer] [22m[Middleware] Session query result: {
[2m[WebServer] [22m  sessionsFound: 1,
[2m[WebServer] [22m  hasError: false,
[2m[WebServer] [22m  errorMessage: undefined,
[2m[WebServer] [22m  tokenPrefix: '3cfcbe01'
[2m[WebServer] [22m}
[2m[WebServer] [22m[Middleware] Session query result: {
[2m[WebServer] [22m  sessionsFound: 1,
[2m[WebServer] [22m  hasError: false,
[2m[WebServer] [22m  errorMessage: undefined,
[2m[WebServer] [22m  tokenPrefix: 'a803d692'
[2m[WebServer] [22m}
[2m[WebServer] [22m[Middleware] Session query result: {
[2m[WebServer] [22m  sessionsFound: 0,
[2m[WebServer] [22m  hasError: false,
[2m[WebServer] [22m  errorMessage: undefined,
[2m[WebServer] [22m  tokenPrefix: 'a803d692'
[2m[WebServer] [22m}
[2m[WebServer] [22m[Middleware] No session found in database for token
[2m[WebServer] [22m[GuestDashboard] Session query result: {
[2m[WebServer] [22m  found: [33mtrue[39m,
[2m[WebServer] [22m  error: [90mundefined[39m,
[2m[WebServer] [22m  guestId: [32m'a1f3d191-d3bf-49dc-ae12-531266c4e2ef'[39m
[2m[WebServer] [22m}
[2m[WebServer] [22m GET /api/guest/events [33m401[39m in 525ms[2m (compile: 68ms, proxy.ts: 239ms, render: 217ms)[22m
[2m[WebServer] [22m GET /api/guest/wedding-info [33m401[39m in 526ms[2m (compile: 16ms, proxy.ts: 238ms, render: 272ms)[22m
[2m[WebServer] [22m GET /api/guest/rsvps [33m401[39m in 527ms[2m (compile: 51ms, proxy.ts: 238ms, render: 238ms)[22m
  ✘  15 [chromium] › __tests__/e2e/auth/guestAuth.spec.ts:591:7 › Guest Authentication › should log authentication events in audit log (4.1s)
[2m[WebServer] [22m[GuestDashboard] Guest query result: {
[2m[WebServer] [22m  found: [33mtrue[39m,
[2m[WebServer] [22m  error: [90mundefined[39m,
[2m[WebServer] [22m  email: [32m'test-w5-1770444052324-gjabpcrv@example.com'[39m
[2m[WebServer] [22m}
[2m[WebServer] [22m[GuestDashboard] Rendering dashboard for guest: test-w5-1770444052324-gjabpcrv@example.com
[2m[WebServer] [22m GET /guest/dashboard [32m200[39m in 1065ms[2m (compile: 5ms, proxy.ts: 192ms, render: 869ms)[22m
[2m[WebServer] [22m GET /api/guest/activities [32m200[39m in 1623ms[2m (compile: 909ms, proxy.ts: 239ms, render: 476ms)[22m
[2m[WebServer] [22m[Middleware] Guest auth check: {
[2m[WebServer] [22m  path: '/guest/activities',
[2m[WebServer] [22m  hasCookie: true,
[2m[WebServer] [22m  cookieValue: '3cfcbe01...',
[2m[WebServer] [22m  allCookies: [ 'sb-olcqaawrpnanioaorfer-auth-token', 'guest_session' ]
[2m[WebServer] [22m}
[2m[WebServer] [22m[Middleware] Guest auth check: {
[2m[WebServer] [22m  path: '/api/guest/events',
[2m[WebServer] [22m  hasCookie: true,
[2m[WebServer] [22m  cookieValue: 'ab9ce438...',
[2m[WebServer] [22m  allCookies: [ 'sb-olcqaawrpnanioaorfer-auth-token', 'guest_session' ]
[2m[WebServer] [22m}
[2m[WebServer] [22m[Middleware] Guest auth check: {
[2m[WebServer] [22m  path: '/api/guest/rsvps',
[2m[WebServer] [22m  hasCookie: true,
[2m[WebServer] [22m  cookieValue: 'ab9ce438...',
[2m[WebServer] [22m  allCookies: [ 'sb-olcqaawrpnanioaorfer-auth-token', 'guest_session' ]
[2m[WebServer] [22m}
[2m[WebServer] [22m[Middleware] Guest auth check: {
[2m[WebServer] [22m  path: '/api/guest/wedding-info',
[2m[WebServer] [22m  hasCookie: true,
[2m[WebServer] [22m  cookieValue: 'ab9ce438...',
[2m[WebServer] [22m  allCookies: [ 'sb-olcqaawrpnanioaorfer-auth-token', 'guest_session' ]
[2m[WebServer] [22m}
[2m[WebServer] [22m[Middleware] Guest auth check: {
[2m[WebServer] [22m  path: '/api/guest/announcements',
[2m[WebServer] [22m  hasCookie: true,
[2m[WebServer] [22m  cookieValue: 'ab9ce438...',
[2m[WebServer] [22m  allCookies: [ 'sb-olcqaawrpnanioaorfer-auth-token', 'guest_session' ]
[2m[WebServer] [22m}
[2m[WebServer] [22m[Middleware] Session query result: {
[2m[WebServer] [22m  sessionsFound: 1,
[2m[WebServer] [22m  hasError: false,
[2m[WebServer] [22m  errorMessage: undefined,
[2m[WebServer] [22m  tokenPrefix: '3cfcbe01'
[2m[WebServer] [22m}
[2m[WebServer] [22m[Middleware] Session query result: {
[2m[WebServer] [22m  sessionsFound: 1,
[2m[WebServer] [22m  hasError: false,
[2m[WebServer] [22m  errorMessage: undefined,
[2m[WebServer] [22m  tokenPrefix: 'ab9ce438'
[2m[WebServer] [22m}
[2m[WebServer] [22m[Middleware] Session query result: {
[2m[WebServer] [22m  sessionsFound: 1,
[2m[WebServer] [22m  hasError: false,
[2m[WebServer] [22m  errorMessage: undefined,
[2m[WebServer] [22m  tokenPrefix: 'ab9ce438'
[2m[WebServer] [22m}
[2m[WebServer] [22m[Middleware] Session query result: {
[2m[WebServer] [22m  sessionsFound: 1,
[2m[WebServer] [22m  hasError: false,
[2m[WebServer] [22m  errorMessage: undefined,
[2m[WebServer] [22m  tokenPrefix: 'ab9ce438'
[2m[WebServer] [22m}
[2m[WebServer] [22m[Middleware] Session query result: {
[2m[WebServer] [22m  sessionsFound: 1,
[2m[WebServer] [22m  hasError: false,
[2m[WebServer] [22m  errorMessage: undefined,
[2m[WebServer] [22m  tokenPrefix: 'ab9ce438'
[2m[WebServer] [22m}
[2m[WebServer] [22m GET /api/guest/rsvps [33m401[39m in 311ms[2m (compile: 5ms, proxy.ts: 174ms, render: 132ms)[22m
[2m[WebServer] [22m GET /api/guest/wedding-info [33m401[39m in 312ms[2m (compile: 10ms, proxy.ts: 175ms, render: 127ms)[22m
[2m[WebServer] [22m GET /api/guest/events [33m401[39m in 316ms[2m (compile: 6ms, proxy.ts: 158ms, render: 152ms)[22m
[2m[WebServer] [22m GET /api/guest/announcements [33m401[39m in 319ms[2m (compile: 11ms, proxy.ts: 158ms, render: 149ms)[22m
[2m[WebServer] [22m GET /guest/activities [32m200[39m in 591ms[2m (compile: 21ms, proxy.ts: 194ms, render: 376ms)[22m
  ✘  11 [chromium] › __tests__/e2e/auth/guestAuth.spec.ts:433:7 › Guest Authentication › should complete logout flow (14.4s)
[2m[WebServer] [22m[Middleware] Guest auth check: {
[2m[WebServer] [22m  path: '/api/guest/activities',
[2m[WebServer] [22m  hasCookie: true,
[2m[WebServer] [22m  cookieValue: '3cfcbe01...',
[2m[WebServer] [22m  allCookies: [ 'sb-olcqaawrpnanioaorfer-auth-token', 'guest_session' ]
[2m[WebServer] [22m}
[2m[WebServer] [22m[Middleware] Session query result: {
[2m[WebServer] [22m  sessionsFound: 1,
[2m[WebServer] [22m  hasError: false,
[2m[WebServer] [22m  errorMessage: undefined,
[2m[WebServer] [22m  tokenPrefix: '3cfcbe01'
[2m[WebServer] [22m}
[2m[WebServer] [22m GET /api/guest/activities [32m200[39m in 592ms[2m (compile: 1715µs, proxy.ts: 142ms, render: 447ms)[22m
  ✓  12 [chromium] › __tests__/e2e/auth/guestAuth.spec.ts:476:7 › Guest Authentication › should persist authentication across page refreshes (15.8s)
  ✘  14 [chromium] › __tests__/e2e/auth/guestAuth.spec.ts:547:7 › Guest Authentication › should handle authentication errors gracefully (15.1s)

🧹 E2E Global Teardown Starting...

🗑️  Cleaning up test data...
🧹 Running comprehensive test cleanup...
Failed to cleanup guest sessions: {
  message: '<!DOCTYPE html>\n' +
    '<!--[if lt IE 7]> <html class="no-js ie6 oldie" lang="en-US"> <![endif]-->\n' +
    '<!--[if IE 7]>    <html class="no-js ie7 oldie" lang="en-US"> <![endif]-->\n' +
    '<!--[if IE 8]>    <html class="no-js ie8 oldie" lang="en-US"> <![endif]-->\n' +
    '<!--[if gt IE 8]><!--> <html class="no-js" lang="en-US"> <!--<![endif]-->\n' +
    '<head>\n' +
    '\n' +
    '<title> | 500: Internal server error</title>\n' +
    '<meta charset="UTF-8" />\n' +
    '<meta http-equiv="Content-Type" content="text/html; charset=UTF-8" />\n' +
    '<meta http-equiv="X-UA-Compatible" content="IE=Edge" />\n' +
    '<meta name="robots" content="noindex, nofollow" />\n' +
    '<meta name="viewport" content="width=device-width,initial-scale=1" />\n' +
    '<link rel="stylesheet" id="cf_styles-css" href="/cdn-cgi/styles/main.css" />\n' +
    '</head>\n' +
    '<body>\n' +
    '<div id="cf-wrapper">\n' +
    '    <div id="cf-error-details" class="p-0">\n' +
    '        <header class="mx-auto pt-10 lg:pt-6 lg:px-8 w-240 lg:w-full mb-8">\n' +
    '            <h1 class="inline-block sm:block sm:mb-2 font-light text-60 lg:text-4xl text-black-dark leading-tight mr-2">\n' +
    '                <span class="inline-block">Internal server error</span>\n' +
    '                <span class="code-label">Error code 500</span>\n' +
    '            </h1>\n' +
    '            <div>\n' +
    '                Visit <a href="https://www.cloudflare.com/5xx-error-landing?utm_source=errorcode_500&utm_campaign=olcqaawrpnanioaorfer.supabase.co" target="_blank" rel="noopener noreferrer">cloudflare.com</a> for more information.\n' +
    '            </div>\n' +
    '            <div class="mt-3">2026-02-07 06:01:12 UTC</div>\n' +
    '        </header>\n' +
    '        <div class="my-8 bg-gradient-gray">\n' +
    '            <div class="w-240 lg:w-full mx-auto">\n' +
    '                <div class="clearfix md:px-8">\n' +
    '                    <div id="cf-browser-status" class=" relative w-1/3 md:w-full py-15 md:p-0 md:py-8 md:text-left md:border-solid md:border-0 md:border-b md:border-gray-400 overflow-hidden float-left md:float-none text-center">\n' +
    '  <div class="relative mb-10 md:m-0">\n' +
    '    \n' +
    '    <span class="cf-icon-browser block md:hidden h-20 bg-center bg-no-repeat"></span>\n' +
    '    <span class="cf-icon-ok w-12 h-12 absolute left-1/2 md:left-auto md:right-0 md:top-0 -ml-6 -bottom-4"></span>\n' +
    '    \n' +
    '  </div>\n' +
    '  <span class="md:block w-full truncate">You</span>\n' +
    '  <h3 class="md:inline-block mt-3 md:mt-0 text-2xl text-gray-600 font-light leading-1.3">\n' +
    '  \n' +
    '    Browser\n' +
    '  \n' +
    '  </h3>\n' +
    '  \n' +
    '  <span class="leading-1.3 text-2xl text-green-success">Working</span>\n' +
    '  \n' +
    '</div>\n' +
    '                    <div id="cf-cloudflare-status" class="cf-error-source relative w-1/3 md:w-full py-15 md:p-0 md:py-8 md:text-left md:border-solid md:border-0 md:border-b md:border-gray-400 overflow-hidden float-left md:float-none text-center">\n' +
    '  <div class="relative mb-10 md:m-0">\n' +
    '    <a href="https://www.cloudflare.com/5xx-error-landing?utm_source=errorcode_500&#38;utm_campaign=olcqaawrpnanioaorfer.supabase.co" target="_blank" rel="noopener noreferrer">\n' +
    '    <span class="cf-icon-cloud block md:hidden h-20 bg-center bg-no-repeat"></span>\n' +
    '    <span class="cf-icon-error w-12 h-12 absolute left-1/2 md:left-auto md:right-0 md:top-0 -ml-6 -bottom-4"></span>\n' +
    '    </a>\n' +
    '  </div>\n' +
    '  <span class="md:block w-full truncate">San Jose</span>\n' +
    '  <h3 class="md:inline-block mt-3 md:mt-0 text-2xl text-gray-600 font-light leading-1.3">\n' +
    '  <a href="https://www.cloudflare.com/5xx-error-landing?utm_source=errorcode_500&utm_campaign=olcqaawrpnanioaorfer.supabase.co" target="_blank" rel="noopener noreferrer">\n' +
    '    Cloudflare\n' +
    '  </a>\n' +
    '  </h3>\n' +
    '  \n' +
    '  <span class="leading-1.3 text-2xl text-red-error">Error</span>\n' +
    '  \n' +
    '</div>\n' +
    '                    <div id="cf-host-status" class=" relative w-1/3 md:w-full py-15 md:p-0 md:py-8 md:text-left md:border-solid md:border-0 md:border-b md:border-gray-400 overflow-hidden float-left md:float-none text-center">\n' +
    '  <div class="relative mb-10 md:m-0">\n' +
    '    \n' +
    '    <span class="cf-icon-server block md:hidden h-20 bg-center bg-no-repeat"></span>\n' +
    '    <span class="cf-icon-ok w-12 h-12 absolute left-1/2 md:left-auto md:right-0 md:top-0 -ml-6 -bottom-4"></span>\n' +
    '    \n' +
    '  </div>\n' +
    '  <span class="md:block w-full truncate">olcqaawrpnanioaorfer.supabase.co</span>\n' +
    '  <h3 class="md:inline-block mt-3 md:mt-0 text-2xl text-gray-600 font-light leading-1.3">\n' +
    '  \n' +
    '    Host\n' +
    '  \n' +
    '  </h3>\n' +
    '  \n' +
    '  <span class="leading-1.3 text-2xl text-green-success">Working</span>\n' +
    '  \n' +
    '</div>\n' +
    '                </div>\n' +
    '            </div>\n' +
    '        </div>\n' +
    '\n' +
    '        <div class="w-240 lg:w-full mx-auto mb-8 lg:px-8">\n' +
    '            <div class="clearfix">\n' +
    '                <div class="w-1/2 md:w-full float-left pr-6 md:pb-10 md:pr-0 leading-relaxed">\n' +
    '                    <h2 class="text-3xl font-normal leading-1.3 mb-4">What happened?</h2>\n' +
    "                    <p>There is an internal server error on Cloudflare's network.</p>\n" +
    '                </div>\n' +
    '                <div class="w-1/2 md:w-full float-left leading-relaxed">\n' +
    '                    <h2 class="text-3xl font-normal leading-1.3 mb-4">What can I do?</h2>\n' +
    '                    <p class="mb-6">Please try again in a few minutes.</p>\n' +
    '                </div>\n' +
    '            </div>\n' +
    '        </div>\n' +
    '\n' +
    '        <div class="cf-error-footer cf-wrapper w-240 lg:w-full py-10 sm:py-4 sm:px-8 mx-auto text-center sm:text-left border-solid border-0 border-t border-gray-300">\n' +
    '    <p class="text-13">\n' +
    '      <span class="cf-footer-item sm:block sm:mb-1">Cloudflare Ray ID: <strong class="font-semibold">9ca0abdb9d745527</strong></span>\n' +
    '      <span class="cf-footer-separator sm:hidden">&bull;</span>\n' +
    '      <span id="cf-footer-item-ip" class="cf-footer-item hidden sm:block sm:mb-1">\n' +
    '        Your IP:\n' +
    '        <button type="button" id="cf-footer-ip-reveal" class="cf-footer-ip-reveal-btn">Click to reveal</button>\n' +
    '        <span class="hidden" id="cf-footer-ip">97.206.227.25</span>\n' +
    '        <span class="cf-footer-separator sm:hidden">&bull;</span>\n' +
    '      </span>\n' +
    '      <span class="cf-footer-item sm:block sm:mb-1"><span>Performance &amp; security by</span> <a rel="noopener noreferrer" href="https://www.cloudflare.com/5xx-error-landing?utm_source=errorcode_500&#38;utm_campaign=olcqaawrpnanioaorfer.supabase.co" id="brand_link" target="_blank">Cloudflare</a></span>\n' +
    '      \n' +
    '    </p>\n' +
    '    <script>(function(){function d(){var b=a.getElementById("cf-footer-item-ip"),c=a.getElementById("cf-footer-ip-reveal");b&&"classList"in b&&(b.classList.remove("hidden"),c.addEventListener("click",function(){c.classList.add("hidden");a.getElementById("cf-footer-ip").classList.remove("hidden")}))}var a=document;document.addEventListener&&a.addEventListener("DOMContentLoaded",d)})();</script>\n' +
    '  </div><!-- /.error-footer -->\n' +
    '\n' +
    '    </div>\n' +
    '</div>\n' +
    '</body>\n' +
    '</html>'
}
✅ Comprehensive cleanup complete
✅ Test data cleaned

🔓 Removing authentication state...
   Removed: .auth/user.json
   Removed empty .auth directory
✅ Authentication state removed

📊 Execution Summary:
   Duration: 2.15s
   Errors: 0
   Status: ✅ Clean teardown

✨ E2E Global Teardown Complete!



  1) [chromium] › __tests__/e2e/auth/guestAuth.spec.ts:208:7 › Guest Authentication › should show loading state during authentication 

    Error: [2mexpect([22m[31mlocator[39m[2m).[22mtoBeDisabled[2m([22m[2m)[22m failed

    Locator: locator('button[type="submit"]:has-text("Log In")')
    Expected: disabled
    Timeout: 10000ms
    Error: element(s) not found

    Call log:
    [2m  - Expect "toBeDisabled" with timeout 10000ms[22m
    [2m  - waiting for locator('button[type="submit"]:has-text("Log In")')[22m
    [2m    - waiting for" http://localhost:3000/guest/dashboard" navigation to finish...[22m
    [2m    - navigated to "http://localhost:3000/guest/dashboard"[22m


      217 |
      218 |     // Verify button is disabled during loading
    > 219 |     await expect(submitButton).toBeDisabled();
          |                                ^
      220 |   });
      221 |
      222 |   test('should create session cookie on successful authentication', async ({ page, context }) => {
        at /Users/jaron/Desktop/wedding-platform-v2/__tests__/e2e/auth/guestAuth.spec.ts:219:32

    attachment #1: screenshot (image/png) ──────────────────────────────────────────────────────────
    test-results/auth-guestAuth-Guest-Authe-79b6f-state-during-authentication-chromium/test-failed-1.png
    ────────────────────────────────────────────────────────────────────────────────────────────────

    attachment #2: video (video/webm) ──────────────────────────────────────────────────────────────
    test-results/auth-guestAuth-Guest-Authe-79b6f-state-during-authentication-chromium/video.webm
    ────────────────────────────────────────────────────────────────────────────────────────────────

    Error Context: test-results/auth-guestAuth-Guest-Authe-79b6f-state-during-authentication-chromium/error-context.md

  2) [chromium] › __tests__/e2e/auth/guestAuth.spec.ts:248:7 › Guest Authentication › should successfully request and verify magic link 

    Error: [2mexpect([22m[31mlocator[39m[2m).[22mtoBeVisible[2m([22m[2m)[22m failed

    Locator: locator('.bg-green-50')
    Expected: visible
    Timeout: 10000ms
    Error: element(s) not found

    Call log:
    [2m  - Expect "toBeVisible" with timeout 10000ms[22m
    [2m  - waiting for locator('.bg-green-50')[22m


      267 |
      268 |     // Wait for success message
    > 269 |     await expect(page.locator('.bg-green-50')).toBeVisible();
          |                                                ^
      270 |     await expect(page.locator('.text-green-800')).toContainText(/check your email/i);
      271 |     await expect(page.locator('.text-green-800')).toContainText('15 minutes');
      272 |
        at /Users/jaron/Desktop/wedding-platform-v2/__tests__/e2e/auth/guestAuth.spec.ts:269:48

    attachment #1: screenshot (image/png) ──────────────────────────────────────────────────────────
    test-results/auth-guestAuth-Guest-Authe-1c592-quest-and-verify-magic-link-chromium/test-failed-1.png
    ────────────────────────────────────────────────────────────────────────────────────────────────

    attachment #2: video (video/webm) ──────────────────────────────────────────────────────────────
    test-results/auth-guestAuth-Guest-Authe-1c592-quest-and-verify-magic-link-chromium/video.webm
    ────────────────────────────────────────────────────────────────────────────────────────────────

    Error Context: test-results/auth-guestAuth-Guest-Authe-1c592-quest-and-verify-magic-link-chromium/error-context.md

  3) [chromium] › __tests__/e2e/auth/guestAuth.spec.ts:298:7 › Guest Authentication › should show success message after requesting magic link 

    Error: [2mexpect([22m[31mlocator[39m[2m).[22mtoBeVisible[2m([22m[2m)[22m failed

    Locator: locator('.bg-green-50')
    Expected: visible
    Timeout: 10000ms
    Error: element(s) not found

    Call log:
    [2m  - Expect "toBeVisible" with timeout 10000ms[22m
    [2m  - waiting for locator('.bg-green-50')[22m


      315 |
      316 |     // Verify success message
    > 317 |     await expect(page.locator('.bg-green-50')).toBeVisible();
          |                                                ^
      318 |     await expect(page.locator('.text-green-800')).toContainText('Check your email for a login link');
      319 |     await expect(page.locator('.text-green-800')).toContainText('15 minutes');
      320 |
        at /Users/jaron/Desktop/wedding-platform-v2/__tests__/e2e/auth/guestAuth.spec.ts:317:48

    attachment #1: screenshot (image/png) ──────────────────────────────────────────────────────────
    test-results/auth-guestAuth-Guest-Authe-71b1d-after-requesting-magic-link-chromium/test-failed-1.png
    ────────────────────────────────────────────────────────────────────────────────────────────────

    attachment #2: video (video/webm) ──────────────────────────────────────────────────────────────
    test-results/auth-guestAuth-Guest-Authe-71b1d-after-requesting-magic-link-chromium/video.webm
    ────────────────────────────────────────────────────────────────────────────────────────────────

    Error Context: test-results/auth-guestAuth-Guest-Authe-71b1d-after-requesting-magic-link-chromium/error-context.md

  4) [chromium] › __tests__/e2e/auth/guestAuth.spec.ts:326:7 › Guest Authentication › should show error for expired magic link 

    Error: [2mexpect([22m[31mlocator[39m[2m).[22mtoContainText[2m([22m[32mexpected[39m[2m)[22m failed

    Locator: locator('h1')
    Expected substring: [32m"Link Expired"[39m
    Received string:    [31m"Invalid Link"[39m
    Timeout: 10000ms

    Call log:
    [2m  - Expect "toContainText" with timeout 10000ms[22m
    [2m  - waiting for locator('h1')[22m
    [2m    - waiting for" http://localhost:3000/auth/guest-login/verify?error=INVALID_TOKEN&message=Invalid+or+expired+magic+link" navigation to finish...[22m
    [2m    - navigated to "http://localhost:3000/auth/guest-login/verify?error=INVALID_TOKEN&message=Invalid+or+expired+magic+link"[22m
    [2m    3 × locator resolved to <h1 class="text-2xl font-bold text-jungle-800 mb-2">Verifying Your Link</h1>[22m
    [2m      - unexpected value "Verifying Your Link"[22m
    [2m    9 × locator resolved to <h1 class="text-2xl font-bold text-red-800 mb-2">Invalid Link</h1>[22m
    [2m      - unexpected value "Invalid Link"[22m


      349 |
      350 |     // Verify error message with more specific selectors
    > 351 |     await expect(page.locator('h1')).toContainText('Link Expired');
          |                                      ^
      352 |     const errorDescription = page.locator('p.text-gray-600').first();
      353 |     await expect(errorDescription).toContainText('This magic link has expired');
      354 |     const securityNote = page.locator('p.text-sm.text-gray-500');
        at /Users/jaron/Desktop/wedding-platform-v2/__tests__/e2e/auth/guestAuth.spec.ts:351:38

    attachment #1: screenshot (image/png) ──────────────────────────────────────────────────────────
    test-results/auth-guestAuth-Guest-Authe-fc3b3-rror-for-expired-magic-link-chromium/test-failed-1.png
    ────────────────────────────────────────────────────────────────────────────────────────────────

    attachment #2: video (video/webm) ──────────────────────────────────────────────────────────────
    test-results/auth-guestAuth-Guest-Authe-fc3b3-rror-for-expired-magic-link-chromium/video.webm
    ────────────────────────────────────────────────────────────────────────────────────────────────

    Error Context: test-results/auth-guestAuth-Guest-Authe-fc3b3-rror-for-expired-magic-link-chromium/error-context.md

  5) [chromium] › __tests__/e2e/auth/guestAuth.spec.ts:362:7 › Guest Authentication › should show error for already used magic link 

    Error: [2mexpect([22m[31mlocator[39m[2m).[22mtoBeVisible[2m([22m[2m)[22m failed

    Locator: locator('.bg-green-50')
    Expected: visible
    Timeout: 10000ms
    Error: element(s) not found

    Call log:
    [2m  - Expect "toBeVisible" with timeout 10000ms[22m
    [2m  - waiting for locator('.bg-green-50')[22m


      374 |     await page.fill('#magic-link-input', testGuestEmail);
      375 |     await page.click('button[type="submit"]:has-text("Send Magic Link")');
    > 376 |     await expect(page.locator('.bg-green-50')).toBeVisible();
          |                                                ^
      377 |
      378 |     // Get token from database
      379 |     const { data: tokens } = await supabase
        at /Users/jaron/Desktop/wedding-platform-v2/__tests__/e2e/auth/guestAuth.spec.ts:376:48

    attachment #1: screenshot (image/png) ──────────────────────────────────────────────────────────
    test-results/auth-guestAuth-Guest-Authe-fb7a8-for-already-used-magic-link-chromium/test-failed-1.png
    ────────────────────────────────────────────────────────────────────────────────────────────────

    attachment #2: video (video/webm) ──────────────────────────────────────────────────────────────
    test-results/auth-guestAuth-Guest-Authe-fb7a8-for-already-used-magic-link-chromium/video.webm
    ────────────────────────────────────────────────────────────────────────────────────────────────

    Error Context: test-results/auth-guestAuth-Guest-Authe-fb7a8-for-already-used-magic-link-chromium/error-context.md

  6) [chromium] › __tests__/e2e/auth/guestAuth.spec.ts:433:7 › Guest Authentication › should complete logout flow 

    TimeoutError: page.waitForURL: Timeout 10000ms exceeded.
    =========================== logs ===========================
    waiting for navigation to "/auth/guest-login" until "domcontentloaded"
      navigated to "http://localhost:3000/guest/dashboard"
      navigated to "http://localhost:3000/guest/dashboard"
      navigated to "http://localhost:3000/guest/dashboard"
      navigated to "http://localhost:3000/guest/dashboard"
    ============================================================

      453 |
      454 |     // Step 4: Wait for redirect to login page
    > 455 |     await page.waitForURL('/auth/guest-login', { 
          |                ^
      456 |       timeout: 10000,
      457 |       waitUntil: 'domcontentloaded'
      458 |     });
        at /Users/jaron/Desktop/wedding-platform-v2/__tests__/e2e/auth/guestAuth.spec.ts:455:16

    attachment #1: screenshot (image/png) ──────────────────────────────────────────────────────────
    test-results/auth-guestAuth-Guest-Authe-b7d01-should-complete-logout-flow-chromium/test-failed-1.png
    ────────────────────────────────────────────────────────────────────────────────────────────────

    attachment #2: video (video/webm) ──────────────────────────────────────────────────────────────
    test-results/auth-guestAuth-Guest-Authe-b7d01-should-complete-logout-flow-chromium/video.webm
    ────────────────────────────────────────────────────────────────────────────────────────────────

    Error Context: test-results/auth-guestAuth-Guest-Authe-b7d01-should-complete-logout-flow-chromium/error-context.md

  7) [chromium] › __tests__/e2e/auth/guestAuth.spec.ts:547:7 › Guest Authentication › should handle authentication errors gracefully 

    Error: [2mexpect([22m[31mlocator[39m[2m).[22mtoContainText[2m([22m[32mexpected[39m[2m)[22m failed

    Locator: locator('h1')
    Expected substring: [32m"Link Expired"[39m
    Received string:    [31m"Invalid Link"[39m
    Timeout: 10000ms

    Call log:
    [2m  - Expect "toContainText" with timeout 10000ms[22m
    [2m  - waiting for locator('h1')[22m
    [2m    - waiting for" http://localhost:3000/auth/guest-login/verify?error=INVALID_TOKEN&message=Invalid+or+expired+magic+link" navigation to finish...[22m
    [2m    - navigated to "http://localhost:3000/auth/guest-login/verify?error=INVALID_TOKEN&message=Invalid+or+expired+magic+link"[22m
    [2m    3 × locator resolved to <h1 class="text-2xl font-bold text-jungle-800 mb-2">Verifying Your Link</h1>[22m
    [2m      - unexpected value "Verifying Your Link"[22m
    [2m    2 × locator resolved to <h1 class="text-2xl font-bold text-red-800 mb-2">Invalid Link</h1>[22m
    [2m      - unexpected value "Invalid Link"[22m
    [2m    2 × locator resolved to <h1 class="text-2xl font-bold text-jungle-800 mb-2">Verifying Your Link</h1>[22m
    [2m      - unexpected value "Verifying Your Link"[22m
    [2m    5 × locator resolved to <h1 class="text-2xl font-bold text-red-800 mb-2">Invalid Link</h1>[22m
    [2m      - unexpected value "Invalid Link"[22m


      584 |
      585 |     await page.goto(`/auth/guest-login/verify?token=${token}`);
    > 586 |     await expect(page.locator('h1')).toContainText('Link Expired');
          |                                      ^
      587 |     const expiredDescription = page.locator('p.text-gray-600').first();
      588 |     await expect(expiredDescription).toContainText('This magic link has expired');
      589 |   });
        at /Users/jaron/Desktop/wedding-platform-v2/__tests__/e2e/auth/guestAuth.spec.ts:586:38

    attachment #1: screenshot (image/png) ──────────────────────────────────────────────────────────
    test-results/auth-guestAuth-Guest-Authe-90796-ntication-errors-gracefully-chromium/test-failed-1.png
    ────────────────────────────────────────────────────────────────────────────────────────────────

    attachment #2: video (video/webm) ──────────────────────────────────────────────────────────────
    test-results/auth-guestAuth-Guest-Authe-90796-ntication-errors-gracefully-chromium/video.webm
    ────────────────────────────────────────────────────────────────────────────────────────────────

    Error Context: test-results/auth-guestAuth-Guest-Authe-90796-ntication-errors-gracefully-chromium/error-context.md

  8) [chromium] › __tests__/e2e/auth/guestAuth.spec.ts:591:7 › Guest Authentication › should log authentication events in audit log 

    Error: [2mexpect([22m[31mreceived[39m[2m).[22mtoHaveLength[2m([22m[32mexpected[39m[2m)[22m

    Expected length: [32m1[39m
    Received length: [31m0[39m
    Received array:  [31m[][39m

      610 |
      611 |     expect(loginError).toBeNull();
    > 612 |     expect(loginLogs).toHaveLength(1);
          |                       ^
      613 |     expect(loginLogs![0].details.auth_method).toBe('email_matching');
      614 |     expect(loginLogs![0].details.email).toBe(testGuestEmail);
      615 |
        at /Users/jaron/Desktop/wedding-platform-v2/__tests__/e2e/auth/guestAuth.spec.ts:612:23

    attachment #1: screenshot (image/png) ──────────────────────────────────────────────────────────
    test-results/auth-guestAuth-Guest-Authe-c413d-ication-events-in-audit-log-chromium/test-failed-1.png
    ────────────────────────────────────────────────────────────────────────────────────────────────

    attachment #2: video (video/webm) ──────────────────────────────────────────────────────────────
    test-results/auth-guestAuth-Guest-Authe-c413d-ication-events-in-audit-log-chromium/video.webm
    ────────────────────────────────────────────────────────────────────────────────────────────────

    Error Context: test-results/auth-guestAuth-Guest-Authe-c413d-ication-events-in-audit-log-chromium/error-context.md

  8 failed
    [chromium] › __tests__/e2e/auth/guestAuth.spec.ts:208:7 › Guest Authentication › should show loading state during authentication 
    [chromium] › __tests__/e2e/auth/guestAuth.spec.ts:248:7 › Guest Authentication › should successfully request and verify magic link 
    [chromium] › __tests__/e2e/auth/guestAuth.spec.ts:298:7 › Guest Authentication › should show success message after requesting magic link 
    [chromium] › __tests__/e2e/auth/guestAuth.spec.ts:326:7 › Guest Authentication › should show error for expired magic link 
    [chromium] › __tests__/e2e/auth/guestAuth.spec.ts:362:7 › Guest Authentication › should show error for already used magic link 
    [chromium] › __tests__/e2e/auth/guestAuth.spec.ts:433:7 › Guest Authentication › should complete logout flow 
    [chromium] › __tests__/e2e/auth/guestAuth.spec.ts:547:7 › Guest Authentication › should handle authentication errors gracefully 
    [chromium] › __tests__/e2e/auth/guestAuth.spec.ts:591:7 › Guest Authentication › should log authentication events in audit log 
  7 passed (1.3m)

[36m  Serving HTML report at http://localhost:58555. Press Ctrl+C to quit.[39m
