
> destination-wedding-platform@0.1.0 test:e2e
> playwright test __tests__/e2e/auth/guestAuth.spec.ts

[dotenv@17.2.4] injecting env (24) from .env.e2e -- tip: 🔐 encrypt with Dotenvx: https://dotenvx.com
[2m[WebServer] [22m
[2m[WebServer] [22m> destination-wedding-platform@0.1.0 dev
[2m[WebServer] [22m> next dev --webpack
[2m[WebServer] [22m
[2m[WebServer] [22m[1m[38;2;173;127;168m▲ Next.js 16.1.1[39m[22m (webpack)
[2m[WebServer] [22m- Local:         http://localhost:3000
[2m[WebServer] [22m- Network:       http://192.168.7.238:3000
[2m[WebServer] [22m- Environments: .env.test
[2m[WebServer] [22m
[2m[WebServer] [22m[32m[1m✓[22m[39m Starting...
[2m[WebServer] [22m[33m[1m⚠[22m[39m The "middleware" file convention is deprecated. Please use "proxy" instead. Learn more: https://nextjs.org/docs/messages/middleware-to-proxy
[2m[WebServer] [22m🚀 Initializing application services...
[2m[WebServer] [22m✅ B2 client initialized successfully {
[2m[WebServer] [22m  endpoint: [32m'https://s3.us-west-004.backblazeb2.com'[39m,
[2m[WebServer] [22m  region: [32m'us-west-004'[39m,
[2m[WebServer] [22m  bucket: [32m'test-bucket'[39m,
[2m[WebServer] [22m  cdnDomain: [32m'https://test-cdn.example.com'[39m
[2m[WebServer] [22m}
[2m[WebServer] [22m✅ Application services initialized successfully
[2m[WebServer] [22m[32m[1m✓[22m[39m Ready in 2s

🚀 E2E Global Setup Starting...

📊 Verifying test database connection...
[2m[WebServer] [22m GET / [32m200[39m in 2.4s[2m (compile: 2.1s, proxy.ts: 161ms, render: 173ms)[22m
✅ Test database connected

🧹 Cleaning up test data...
   Cleaning up leftover test data...
   Test data cleanup complete
✅ Test data cleaned

👤 Creating test guest...
   Created warmup guest: warmup@example.com (ID: d2bf6ac0-51f2-4fcf-9a2e-3f33ca5edf0d)
   Created test guest: test@example.com (ID: f3bc5246-91a7-48aa-bd2b-035e5c7214a7)
✅ Test guest created

📦 Creating comprehensive test data...
   Creating location hierarchy...
   Location hierarchy already exists
   Creating events...
   Events already exist
   Creating activities...
   Warning: Could not create comprehensive test data: Failed to create ceremony activity: Could not find the 'cost_per_guest' column of 'activities' in the schema cache
   Some E2E tests may fail due to missing data
✅ Comprehensive test data created

🌐 Verifying Next.js server...
✅ Next.js server is running

🔥 Warming up API routes...
   Warming up 3 guest auth routes with retry logic...
[2m[WebServer] [22m GET / [32m200[39m in 53ms[2m (compile: 3ms, proxy.ts: 31ms, render: 20ms)[22m
[2m[WebServer] [22m[API] Looking for guest with email: warmup@example.com
[2m[WebServer] [22m[API] Guest query result: {
[2m[WebServer] [22m  found: [33mtrue[39m,
[2m[WebServer] [22m  email: [32m'warmup@example.com'[39m,
[2m[WebServer] [22m  authMethod: [32m'email_matching'[39m,
[2m[WebServer] [22m  error: [90mundefined[39m
[2m[WebServer] [22m}
[2m[WebServer] [22m[API] Setting guest session cookie: {
[2m[WebServer] [22m  tokenPrefix: [32m'f58dd588'[39m,
[2m[WebServer] [22m  cookieOptions: {
[2m[WebServer] [22m    httpOnly: [33mtrue[39m,
[2m[WebServer] [22m    secure: [33mfalse[39m,
[2m[WebServer] [22m    sameSite: [32m'lax'[39m,
[2m[WebServer] [22m    maxAge: [33m86400[39m,
[2m[WebServer] [22m    path: [32m'/'[39m
[2m[WebServer] [22m  },
[2m[WebServer] [22m  guestId: [32m'd2bf6ac0-51f2-4fcf-9a2e-3f33ca5edf0d'[39m,
[2m[WebServer] [22m  sessionId: [32m'4591afa8-0ac5-42d7-a5e1-36f6faedbfcd'[39m
[2m[WebServer] [22m}
   ✅ Route ready: /api/guest-auth/email-match (attempt 1/5, status: 200)
[2m[WebServer] [22m POST /api/guest-auth/email-match [32m200[39m in 1210ms[2m (compile: 642ms, proxy.ts: 6ms, render: 562ms)[22m
[2m[WebServer] [22m[Magic Link Request] Processing request for email: warmup@example.com
[2m[WebServer] [22m[Magic Link Request] Looking for guest by email...
[2m[WebServer] [22m[Magic Link Request] Guest query result: {
[2m[WebServer] [22m  found: [33mtrue[39m,
[2m[WebServer] [22m  guestId: [32m'd2bf6ac0-51f2-4fcf-9a2e-3f33ca5edf0d'[39m,
[2m[WebServer] [22m  authMethod: [32m'email_matching'[39m,
[2m[WebServer] [22m  error: [90mundefined[39m
[2m[WebServer] [22m}
[2m[WebServer] [22m[Magic Link Request] Guest has wrong auth method: email_matching
   ✅ Route ready: /api/guest-auth/magic-link/request (attempt 1/5, status: 400)
[2m[WebServer] [22m POST /api/guest-auth/magic-link/request [33m400[39m in 826ms[2m (compile: 542ms, proxy.ts: 15ms, render: 269ms)[22m
   ✅ Route ready: /api/guest-auth/magic-link/verify (attempt 1/5, status: 400)
[2m[WebServer] [22m POST /api/guest-auth/magic-link/verify [33m400[39m in 972ms[2m (compile: 738ms, proxy.ts: 13ms, render: 221ms)[22m
   ✅ Guest auth routes warmup complete
✅ API routes warmed up

🔐 Setting up admin authentication...
   Attempting browser-based admin login: admin@example.com
   Created .auth directory: /Users/jaron/Desktop/wedding-platform-v2/.auth
   Navigating to http://localhost:3000/auth/login...
[2m[WebServer] [22m GET /auth/login [32m200[39m in 740ms[2m (compile: 631ms, proxy.ts: 7ms, render: 102ms)[22m
   Page loaded, filling form...
   Form filled, submitting...
[2m[WebServer] [22m[Middleware] User authenticated: e7f5ae65-376e-4d05-a18c-10a91295727a
[2m[WebServer] [22m[Middleware] Admin user data query result: { userData: { role: 'owner', status: 'active' }, userError: null }
[2m[WebServer] [22m[Middleware] Access granted for admin role: owner
[2m[WebServer] [22m[33m[1m⚠[22m[39m Fast Refresh had to perform a full reload. Read more: https://nextjs.org/docs/messages/fast-refresh-reload
[2m[WebServer] [22m GET /admin [32m200[39m in 1189ms[2m (compile: 690ms, proxy.ts: 369ms, render: 130ms)[22m
   Current URL after submit: http://localhost:3000/admin
   ✅ Successfully logged in via browser
   ✅ Authentication state saved
✅ Admin authentication saved

✨ E2E Global Setup Complete!


Running 15 tests using 4 workers

  -   1 [chromium] › __tests__/e2e/auth/guestAuth.spec.ts:240:8 › Guest Authentication › should show loading state during authentication
[dotenv@17.2.4] injecting env (0) from .env.e2e -- tip: 👥 sync secrets across teammates & machines: https://dotenvx.com/ops
[dotenv@17.2.4] injecting env (0) from .env.e2e -- tip: ⚙️  load multiple .env files with { path: ['.env.local', '.env'] }
[dotenv@17.2.4] injecting env (0) from .env.e2e -- tip: 🔄 add secrets lifecycle management: https://dotenvx.com/ops
[dotenv@17.2.4] injecting env (0) from .env.e2e -- tip: ⚙️  write to custom object with { processEnv: myObject }
[Worker 1] Created test guest: {
  email: [32m'test-w1-1770447859761-rtxsnrlm@example.com'[39m,
  id: [32m'882566f2-89b2-4333-aa8c-82946eb5ff28'[39m,
  authMethod: [32m'email_matching'[39m,
  groupId: [32m'f5e7b543-27e0-4c40-9a2a-7964031daca9'[39m
}
[Worker 3] Created test guest: {
  email: [32m'test-w3-1770447859761-yww89jiu@example.com'[39m,
  id: [32m'7a2869c1-0a94-420a-89ad-c4998d12c589'[39m,
  authMethod: [32m'email_matching'[39m,
  groupId: [32m'6bff0306-a609-4ea9-a3d7-e96c80704b7e'[39m
}
[Worker 0] Created test guest: {
  email: [32m'test-w0-1770447859757-2ia04pgv@example.com'[39m,
  id: [32m'0253fec4-310e-4e65-8d56-c31cfbae274f'[39m,
  authMethod: [32m'email_matching'[39m,
  groupId: [32m'ae88a781-a65d-4851-9228-35d4c50dc9e3'[39m
}
[Worker 2] Created test guest: {
  email: [32m'test-w2-1770447859756-x1xjc5oq@example.com'[39m,
  id: [32m'4a98b2f8-a68c-4db2-811a-100146d27641'[39m,
  authMethod: [32m'email_matching'[39m,
  groupId: [32m'e46b13a6-0c44-4f83-b0bd-c8940898d4a5'[39m
}
[Worker 1] ✅ Verified guest exists: {
  email: [32m'test-w1-1770447859761-rtxsnrlm@example.com'[39m,
  authMethod: [32m'email_matching'[39m
}
[Worker 2] ✅ Verified guest exists: {
  email: [32m'test-w2-1770447859756-x1xjc5oq@example.com'[39m,
  authMethod: [32m'email_matching'[39m
}
[Worker 3] ✅ Verified guest exists: {
  email: [32m'test-w3-1770447859761-yww89jiu@example.com'[39m,
  authMethod: [32m'email_matching'[39m
}
[Worker 0] ✅ Verified guest exists: {
  email: [32m'test-w0-1770447859757-2ia04pgv@example.com'[39m,
  authMethod: [32m'email_matching'[39m
}
[2m[WebServer] [22m GET /auth/guest-login [32m200[39m in 742ms[2m (compile: 542ms, proxy.ts: 13ms, render: 188ms)[22m
[2m[WebServer] [22m GET /auth/guest-login [32m200[39m in 743ms[2m (compile: 542ms, proxy.ts: 13ms, render: 189ms)[22m
[2m[WebServer] [22m GET /auth/guest-login [32m200[39m in 745ms[2m (compile: 542ms, proxy.ts: 13ms, render: 190ms)[22m
[2m[WebServer] [22m GET /auth/guest-login [32m200[39m in 751ms[2m (compile: 542ms, proxy.ts: 13ms, render: 196ms)[22m
[Browser info] %cDownload the React DevTools for a better development experience: https://react.dev/link/react-devtools font-weight:bold
[Browser log] [HMR] connected
[Test] About to click submit button
[2m[WebServer] [22m[API] Looking for guest with email: test-w3-1770447859761-yww89jiu@example.com
[2m[WebServer] [22m[API] Looking for guest with email: nonexistent@example.com
[2m[WebServer] [22m[API] Looking for guest with email: test-w0-1770447859757-2ia04pgv@example.com
[2m[WebServer] [22m[API] Guest query result: {
[2m[WebServer] [22m  found: [33mtrue[39m,
[2m[WebServer] [22m  email: [32m'test-w3-1770447859761-yww89jiu@example.com'[39m,
[2m[WebServer] [22m  authMethod: [32m'email_matching'[39m,
[2m[WebServer] [22m  error: [90mundefined[39m
[2m[WebServer] [22m}
[2m[WebServer] [22m[API] Guest query result: {
[2m[WebServer] [22m  found: [33mtrue[39m,
[2m[WebServer] [22m  email: [32m'test-w0-1770447859757-2ia04pgv@example.com'[39m,
[2m[WebServer] [22m  authMethod: [32m'email_matching'[39m,
[2m[WebServer] [22m  error: [90mundefined[39m
[2m[WebServer] [22m}
[2m[WebServer] [22m[API] Guest query result: {
[2m[WebServer] [22m  found: [33mfalse[39m,
[2m[WebServer] [22m  email: [90mundefined[39m,
[2m[WebServer] [22m  authMethod: [90mundefined[39m,
[2m[WebServer] [22m  error: [32m'Cannot coerce the result to a single JSON object'[39m
[2m[WebServer] [22m}
[2m[WebServer] [22m POST /api/guest-auth/email-match [33m404[39m in 298ms[2m (compile: 2ms, proxy.ts: 17ms, render: 279ms)[22m
[2m[WebServer] [22m[API] Setting guest session cookie: {
[2m[WebServer] [22m  tokenPrefix: [32m'2030c61a'[39m,
[2m[WebServer] [22m  cookieOptions: {
[2m[WebServer] [22m    httpOnly: [33mtrue[39m,
[2m[WebServer] [22m    secure: [33mfalse[39m,
[2m[WebServer] [22m    sameSite: [32m'lax'[39m,
[2m[WebServer] [22m    maxAge: [33m86400[39m,
[2m[WebServer] [22m    path: [32m'/'[39m
[2m[WebServer] [22m  },
[2m[WebServer] [22m  guestId: [32m'7a2869c1-0a94-420a-89ad-c4998d12c589'[39m,
[2m[WebServer] [22m  sessionId: [32m'1d4cd090-f06a-46ad-a2b3-9eb8e3315b00'[39m
[2m[WebServer] [22m}
[2m[WebServer] [22m POST /api/guest-auth/email-match [32m200[39m in 510ms[2m (compile: 82ms, proxy.ts: 11ms, render: 417ms)[22m
[2m[WebServer] [22m[API] Setting guest session cookie: {
[2m[WebServer] [22m  tokenPrefix: [32m'69976abe'[39m,
[2m[WebServer] [22m  cookieOptions: {
[2m[WebServer] [22m    httpOnly: [33mtrue[39m,
[2m[WebServer] [22m    secure: [33mfalse[39m,
[2m[WebServer] [22m    sameSite: [32m'lax'[39m,
[2m[WebServer] [22m    maxAge: [33m86400[39m,
[2m[WebServer] [22m    path: [32m'/'[39m
[2m[WebServer] [22m  },
[2m[WebServer] [22m  guestId: [32m'0253fec4-310e-4e65-8d56-c31cfbae274f'[39m,
[2m[WebServer] [22m  sessionId: [32m'2e15f52f-88bd-40ec-ba7e-a9ef3076c94b'[39m
[2m[WebServer] [22m}
[2m[WebServer] [22m POST /api/guest-auth/email-match [32m200[39m in 447ms[2m (compile: 2ms, proxy.ts: 17ms, render: 428ms)[22m
[Browser warning] Cookie not set yet, waiting additional time...
[2m[WebServer] [22m[Middleware] Guest auth check: {
[2m[WebServer] [22m  path: '/guest/dashboard',
[2m[WebServer] [22m  hasCookie: true,
[2m[WebServer] [22m  cookieValue: '2030c61a...',
[2m[WebServer] [22m  allCookies: [ 'guest_session' ]
[2m[WebServer] [22m}
[2m[WebServer] [22m[Middleware] Guest auth check: {
[2m[WebServer] [22m  path: '/guest/dashboard',
[2m[WebServer] [22m  hasCookie: true,
[2m[WebServer] [22m  cookieValue: '69976abe...',
[2m[WebServer] [22m  allCookies: [ 'guest_session' ]
[2m[WebServer] [22m}
[2m[WebServer] [22m[Middleware] Session query result: {
[2m[WebServer] [22m  sessionsFound: 1,
[2m[WebServer] [22m  hasError: false,
[2m[WebServer] [22m  errorMessage: undefined,
[2m[WebServer] [22m  tokenPrefix: '2030c61a'
[2m[WebServer] [22m}
[2m[WebServer] [22m[Middleware] Session query result: {
[2m[WebServer] [22m  sessionsFound: 1,
[2m[WebServer] [22m  hasError: false,
[2m[WebServer] [22m  errorMessage: undefined,
[2m[WebServer] [22m  tokenPrefix: '69976abe'
[2m[WebServer] [22m}
[Browser log] [Fast Refresh] rebuilding
[2m[WebServer] [22m[GuestDashboard] Session check: { hasToken: [33mtrue[39m, tokenPrefix: [32m'69976abe'[39m }
[2m[WebServer] [22m[GuestDashboard] Session check: { hasToken: [33mtrue[39m, tokenPrefix: [32m'2030c61a'[39m }
[2m[WebServer] [22m[GuestDashboard] Session query result: {
[2m[WebServer] [22m  found: [33mtrue[39m,
[2m[WebServer] [22m  error: [90mundefined[39m,
[2m[WebServer] [22m  guestId: [32m'0253fec4-310e-4e65-8d56-c31cfbae274f'[39m
[2m[WebServer] [22m}
[Browser log] [Fast Refresh] done in 2219ms
[2m[WebServer] [22m[GuestDashboard] Session query result: {
[2m[WebServer] [22m  found: [33mtrue[39m,
[2m[WebServer] [22m  error: [90mundefined[39m,
[2m[WebServer] [22m  guestId: [32m'7a2869c1-0a94-420a-89ad-c4998d12c589'[39m
[2m[WebServer] [22m}
[2m[WebServer] [22m[GuestDashboard] Guest query result: {
[2m[WebServer] [22m  found: [33mtrue[39m,
[2m[WebServer] [22m  error: [90mundefined[39m,
[2m[WebServer] [22m  email: [32m'test-w3-1770447859761-yww89jiu@example.com'[39m
[2m[WebServer] [22m}
[2m[WebServer] [22m[GuestDashboard] Rendering dashboard for guest: test-w3-1770447859761-yww89jiu@example.com
[2m[WebServer] [22m[GuestDashboard] Guest query result: {
[2m[WebServer] [22m  found: [33mtrue[39m,
[2m[WebServer] [22m  error: [90mundefined[39m,
[2m[WebServer] [22m  email: [32m'test-w0-1770447859757-2ia04pgv@example.com'[39m
[2m[WebServer] [22m}
[2m[WebServer] [22m[GuestDashboard] Rendering dashboard for guest: test-w0-1770447859757-2ia04pgv@example.com
[2m[WebServer] [22m GET /guest/dashboard [32m200[39m in 3.1s[2m (compile: 1950ms, proxy.ts: 170ms, render: 933ms)[22m
[2m[WebServer] [22m GET /guest/dashboard [32m200[39m in 3.0s[2m (compile: 1859ms, proxy.ts: 182ms, render: 947ms)[22m
[Browser info] %cDownload the React DevTools for a better development experience: https://react.dev/link/react-devtools font-weight:bold
[Browser log] %c%s%c [GuestDashboard] Session check: background: #e6e6e6;background: light-dark(rgba(0,0,0,0.1), rgba(255,255,255,0.25));color: #000000;color: light-dark(#000000, #ffffff);border-radius: 2px  Server   {hasToken: true, tokenPrefix: 69976abe}
[Browser log] %c%s%c [GuestDashboard] Session query result: background: #e6e6e6;background: light-dark(rgba(0,0,0,0.1), rgba(255,255,255,0.25));color: #000000;color: light-dark(#000000, #ffffff);border-radius: 2px  Server   {found: true, guestId: 0253fec4-310e-4e65-8d56-c31cfbae274f}
[Browser log] %c%s%c [GuestDashboard] Guest query result: background: #e6e6e6;background: light-dark(rgba(0,0,0,0.1), rgba(255,255,255,0.25));color: #000000;color: light-dark(#000000, #ffffff);border-radius: 2px  Server   {found: true, email: test-w0-1770447859757-2ia04pgv@example.com}
[Browser log] %c%s%c [GuestDashboard] Rendering dashboard for guest: background: #e6e6e6;background: light-dark(rgba(0,0,0,0.1), rgba(255,255,255,0.25));color: #000000;color: light-dark(#000000, #ffffff);border-radius: 2px  Server   test-w0-1770447859757-2ia04pgv@example.com
[Browser log] [HMR] connected
[2m[WebServer] [22m[Middleware] Guest auth check: {
[2m[WebServer] [22m  path: '/api/guest/events',
[2m[WebServer] [22m  hasCookie: true,
[2m[WebServer] [22m  cookieValue: '69976abe...',
[2m[WebServer] [22m  allCookies: [ 'guest_session' ]
[2m[WebServer] [22m}
[2m[WebServer] [22m[Middleware] Guest auth check: {
[2m[WebServer] [22m  path: '/api/guest/rsvps',
[2m[WebServer] [22m  hasCookie: true,
[2m[WebServer] [22m  cookieValue: '69976abe...',
[2m[WebServer] [22m  allCookies: [ 'guest_session' ]
[2m[WebServer] [22m}
[2m[WebServer] [22m[Middleware] Guest auth check: {
[2m[WebServer] [22m  path: '/api/guest/events',
[2m[WebServer] [22m  hasCookie: true,
[2m[WebServer] [22m  cookieValue: '2030c61a...',
[2m[WebServer] [22m  allCookies: [ 'guest_session' ]
[2m[WebServer] [22m}
[2m[WebServer] [22m[Middleware] Guest auth check: {
[2m[WebServer] [22m  path: '/api/guest/rsvps',
[2m[WebServer] [22m  hasCookie: true,
[2m[WebServer] [22m  cookieValue: '2030c61a...',
[2m[WebServer] [22m  allCookies: [ 'guest_session' ]
[2m[WebServer] [22m}
[2m[WebServer] [22m[Middleware] Guest auth check: {
[2m[WebServer] [22m  path: '/api/guest/wedding-info',
[2m[WebServer] [22m  hasCookie: true,
[2m[WebServer] [22m  cookieValue: '2030c61a...',
[2m[WebServer] [22m  allCookies: [ 'guest_session' ]
[2m[WebServer] [22m}
[2m[WebServer] [22m[Middleware] Guest auth check: {
[2m[WebServer] [22m  path: '/api/guest/announcements',
[2m[WebServer] [22m  hasCookie: true,
[2m[WebServer] [22m  cookieValue: '2030c61a...',
[2m[WebServer] [22m  allCookies: [ 'guest_session' ]
[2m[WebServer] [22m}
[2m[WebServer] [22m[Middleware] Guest auth check: {
[2m[WebServer] [22m  path: '/api/guest/wedding-info',
[2m[WebServer] [22m  hasCookie: true,
[2m[WebServer] [22m  cookieValue: '69976abe...',
[2m[WebServer] [22m  allCookies: [ 'guest_session' ]
[2m[WebServer] [22m}
[2m[WebServer] [22m[Middleware] Guest auth check: {
[2m[WebServer] [22m  path: '/api/guest/announcements',
[2m[WebServer] [22m  hasCookie: true,
[2m[WebServer] [22m  cookieValue: '69976abe...',
[2m[WebServer] [22m  allCookies: [ 'guest_session' ]
[2m[WebServer] [22m}
[2m[WebServer] [22m GET /auth/guest-login [32m200[39m in 281ms[2m (compile: 59ms, proxy.ts: 47ms, render: 175ms)[22m
[2m[WebServer] [22m[Middleware] Session query result: {
[2m[WebServer] [22m  sessionsFound: 1,
[2m[WebServer] [22m  hasError: false,
[2m[WebServer] [22m  errorMessage: undefined,
[2m[WebServer] [22m  tokenPrefix: '2030c61a'
[2m[WebServer] [22m}
[2m[WebServer] [22m[Middleware] Session query result: {
[2m[WebServer] [22m  sessionsFound: 1,
[2m[WebServer] [22m  hasError: false,
[2m[WebServer] [22m  errorMessage: undefined,
[2m[WebServer] [22m  tokenPrefix: '69976abe'
[2m[WebServer] [22m}
[2m[WebServer] [22m[Middleware] Session query result: {
[2m[WebServer] [22m  sessionsFound: 1,
[2m[WebServer] [22m  hasError: false,
[2m[WebServer] [22m  errorMessage: undefined,
[2m[WebServer] [22m  tokenPrefix: '2030c61a'
[2m[WebServer] [22m}
[2m[WebServer] [22m[Middleware] Session query result: {
[2m[WebServer] [22m  sessionsFound: 1,
[2m[WebServer] [22m  hasError: false,
[2m[WebServer] [22m  errorMessage: undefined,
[2m[WebServer] [22m  tokenPrefix: '69976abe'
[2m[WebServer] [22m}
[2m[WebServer] [22m GET /auth/guest-login [32m200[39m in 311ms[2m (compile: 59ms, proxy.ts: 47ms, render: 206ms)[22m
[2m[WebServer] [22m[Middleware] Session query result: {
[2m[WebServer] [22m  sessionsFound: 1,
[2m[WebServer] [22m  hasError: false,
[2m[WebServer] [22m  errorMessage: undefined,
[2m[WebServer] [22m  tokenPrefix: '2030c61a'
[2m[WebServer] [22m}
[2m[WebServer] [22m[Middleware] Session query result: {
[2m[WebServer] [22m  sessionsFound: 1,
[2m[WebServer] [22m  hasError: false,
[2m[WebServer] [22m  errorMessage: undefined,
[2m[WebServer] [22m  tokenPrefix: '2030c61a'
[2m[WebServer] [22m}
[2m[WebServer] [22m[Middleware] Session query result: {
[2m[WebServer] [22m  sessionsFound: 1,
[2m[WebServer] [22m  hasError: false,
[2m[WebServer] [22m  errorMessage: undefined,
[2m[WebServer] [22m  tokenPrefix: '69976abe'
[2m[WebServer] [22m}
[2m[WebServer] [22m[Middleware] Session query result: {
[2m[WebServer] [22m  sessionsFound: 1,
[2m[WebServer] [22m  hasError: false,
[2m[WebServer] [22m  errorMessage: undefined,
[2m[WebServer] [22m  tokenPrefix: '69976abe'
[2m[WebServer] [22m}
[Browser log] [Fast Refresh] rebuilding
[Browser log] [Fast Refresh] done in 486ms
[Browser log] [Fast Refresh] rebuilding
[Browser log] [Fast Refresh] done in 591ms
[2m[WebServer] [22m[Middleware] Guest auth check: {
[2m[WebServer] [22m  path: '/guest/dashboard',
[2m[WebServer] [22m  hasCookie: true,
[2m[WebServer] [22m  cookieValue: '69976abe...',
[2m[WebServer] [22m  allCookies: [ 'guest_session', '__next_hmr_refresh_hash__' ]
[2m[WebServer] [22m}
[2m[WebServer] [22m[Middleware] Guest auth check: {
[2m[WebServer] [22m  path: '/guest/dashboard',
[2m[WebServer] [22m  hasCookie: true,
[2m[WebServer] [22m  cookieValue: '2030c61a...',
[2m[WebServer] [22m  allCookies: [ 'guest_session', '__next_hmr_refresh_hash__' ]
[2m[WebServer] [22m}
[2m[WebServer] [22m[Middleware] Session query result: {
[2m[WebServer] [22m  sessionsFound: 1,
[2m[WebServer] [22m  hasError: false,
[2m[WebServer] [22m  errorMessage: undefined,
[2m[WebServer] [22m  tokenPrefix: '69976abe'
[2m[WebServer] [22m}
[2m[WebServer] [22m[GuestDashboard] Session check: { hasToken: [33mtrue[39m, tokenPrefix: [32m'69976abe'[39m }
[2m[WebServer] [22m[GuestDashboard] Session query result: {
[2m[WebServer] [22m  found: [33mtrue[39m,
[2m[WebServer] [22m  error: [90mundefined[39m,
[2m[WebServer] [22m  guestId: [32m'0253fec4-310e-4e65-8d56-c31cfbae274f'[39m
[2m[WebServer] [22m}
[2m[WebServer] [22m[GuestDashboard] Guest query result: {
[2m[WebServer] [22m  found: [33mtrue[39m,
[2m[WebServer] [22m  error: [90mundefined[39m,
[2m[WebServer] [22m  email: [32m'test-w0-1770447859757-2ia04pgv@example.com'[39m
[2m[WebServer] [22m}
[2m[WebServer] [22m[GuestDashboard] Rendering dashboard for guest: test-w0-1770447859757-2ia04pgv@example.com
[2m[WebServer] [22m[Middleware] Session query result: {
[2m[WebServer] [22m  sessionsFound: 1,
[2m[WebServer] [22m  hasError: false,
[2m[WebServer] [22m  errorMessage: undefined,
[2m[WebServer] [22m  tokenPrefix: '2030c61a'
[2m[WebServer] [22m}
[Browser log] %c%s%c [GuestDashboard] Session check: background: #e6e6e6;background: light-dark(rgba(0,0,0,0.1), rgba(255,255,255,0.25));color: #000000;color: light-dark(#000000, #ffffff);border-radius: 2px  Server   {hasToken: true, tokenPrefix: 69976abe}
[Browser log] %c%s%c [GuestDashboard] Session query result: background: #e6e6e6;background: light-dark(rgba(0,0,0,0.1), rgba(255,255,255,0.25));color: #000000;color: light-dark(#000000, #ffffff);border-radius: 2px  Server   {found: true, guestId: 0253fec4-310e-4e65-8d56-c31cfbae274f}
[Browser log] %c%s%c [GuestDashboard] Guest query result: background: #e6e6e6;background: light-dark(rgba(0,0,0,0.1), rgba(255,255,255,0.25));color: #000000;color: light-dark(#000000, #ffffff);border-radius: 2px  Server   {found: true, email: test-w0-1770447859757-2ia04pgv@example.com}
[Browser log] %c%s%c [GuestDashboard] Rendering dashboard for guest: background: #e6e6e6;background: light-dark(rgba(0,0,0,0.1), rgba(255,255,255,0.25));color: #000000;color: light-dark(#000000, #ffffff);border-radius: 2px  Server   test-w0-1770447859757-2ia04pgv@example.com
[2m[WebServer] [22m[GuestDashboard] Session check: { hasToken: [33mtrue[39m, tokenPrefix: [32m'2030c61a'[39m }
[2m[WebServer] [22m[GuestDashboard] Session query result: {
[2m[WebServer] [22m  found: [33mtrue[39m,
[2m[WebServer] [22m  error: [90mundefined[39m,
[2m[WebServer] [22m  guestId: [32m'7a2869c1-0a94-420a-89ad-c4998d12c589'[39m
[2m[WebServer] [22m}
[2m[WebServer] [22m[GuestDashboard] Guest query result: {
[2m[WebServer] [22m  found: [33mtrue[39m,
[2m[WebServer] [22m  error: [90mundefined[39m,
[2m[WebServer] [22m  email: [32m'test-w3-1770447859761-yww89jiu@example.com'[39m
[2m[WebServer] [22m}
[2m[WebServer] [22m[GuestDashboard] Rendering dashboard for guest: test-w3-1770447859761-yww89jiu@example.com
[2m[WebServer] [22m GET /guest/dashboard [32m200[39m in 689ms[2m (compile: 77ms, proxy.ts: 242ms, render: 369ms)[22m
[2m[WebServer] [22m GET /api/guest/rsvps [32m200[39m in 2.9s[2m (compile: 1877ms, proxy.ts: 289ms, render: 768ms)[22m
[2m[WebServer] [22m[Middleware] Guest auth check: {
[2m[WebServer] [22m  path: '/guest/dashboard',
[2m[WebServer] [22m  hasCookie: true,
[2m[WebServer] [22m  cookieValue: '2030c61a...',
[2m[WebServer] [22m  allCookies: [ 'guest_session', '__next_hmr_refresh_hash__' ]
[2m[WebServer] [22m}
[2m[WebServer] [22m GET /api/guest/wedding-info [32m200[39m in 3.0s[2m (compile: 1887ms, proxy.ts: 280ms, render: 784ms)[22m
[2m[WebServer] [22m GET /api/guest/wedding-info [32m200[39m in 3.0s[2m (compile: 1848ms, proxy.ts: 317ms, render: 796ms)[22m
[2m[WebServer] [22m GET /api/guest/announcements [32m200[39m in 3.0s[2m (compile: 1635ms, proxy.ts: 531ms, render: 797ms)[22m
[2m[WebServer] [22m GET /api/guest/announcements [32m200[39m in 3.0s[2m (compile: 1867ms, proxy.ts: 299ms, render: 807ms)[22m
[2m[WebServer] [22m[Middleware] Guest auth check: {
[2m[WebServer] [22m  path: '/guest/dashboard',
[2m[WebServer] [22m  hasCookie: true,
[2m[WebServer] [22m  cookieValue: '69976abe...',
[2m[WebServer] [22m  allCookies: [ 'guest_session', '__next_hmr_refresh_hash__' ]
[2m[WebServer] [22m}
[2m[WebServer] [22m GET /guest/dashboard [32m200[39m in 774ms[2m (compile: 116ms, proxy.ts: 505ms, render: 153ms)[22m
[2m[WebServer] [22m GET /api/guest/rsvps [32m200[39m in 3.0s[2m (compile: 1885ms, proxy.ts: 281ms, render: 851ms)[22m
  ✓   2 [chromium] › __tests__/e2e/auth/guestAuth.spec.ts:212:7 › Guest Authentication › should show error for non-existent email (10.8s)
  ✓   3 [chromium] › __tests__/e2e/auth/guestAuth.spec.ts:227:7 › Guest Authentication › should show error for invalid email format (10.8s)
[2m[WebServer] [22m[Middleware] Session query result: {
[2m[WebServer] [22m  sessionsFound: 1,
[2m[WebServer] [22m  hasError: false,
[2m[WebServer] [22m  errorMessage: undefined,
[2m[WebServer] [22m  tokenPrefix: '2030c61a'
[2m[WebServer] [22m}
[2m[WebServer] [22m[GuestDashboard] Session check: { hasToken: [33mtrue[39m, tokenPrefix: [32m'2030c61a'[39m }
[2m[WebServer] [22m GET /api/guest/events [32m200[39m in 3.2s[2m (compile: 1856ms, proxy.ts: 311ms, render: 1000ms)[22m
[2m[WebServer] [22m GET /api/guest/events [32m200[39m in 3.2s[2m (compile: 1875ms, proxy.ts: 291ms, render: 1001ms)[22m
[2m[WebServer] [22m[Middleware] Session query result: {
[2m[WebServer] [22m  sessionsFound: 1,
[2m[WebServer] [22m  hasError: false,
[2m[WebServer] [22m  errorMessage: undefined,
[2m[WebServer] [22m  tokenPrefix: '69976abe'
[2m[WebServer] [22m}
[2m[WebServer] [22m[GuestDashboard] Session check: { hasToken: [33mtrue[39m, tokenPrefix: [32m'69976abe'[39m }
[2m[WebServer] [22m[GuestDashboard] Session query result: {
[2m[WebServer] [22m  found: [33mtrue[39m,
[2m[WebServer] [22m  error: [90mundefined[39m,
[2m[WebServer] [22m  guestId: [32m'7a2869c1-0a94-420a-89ad-c4998d12c589'[39m
[2m[WebServer] [22m}
[Worker 1] Created test guest: {
  email: [32m'test-w1-1770447870715-evukfh5c@example.com'[39m,
  id: [32m'4a223ac4-c75b-4b2d-8fc9-ea27b9d66aa2'[39m,
  authMethod: [32m'email_matching'[39m,
  groupId: [32m'6a878c9a-1aba-40d6-ac61-2c3571b3e881'[39m
}
[Worker 2] Created test guest: {
  email: [32m'test-w2-1770447870737-kvn2chfh@example.com'[39m,
  id: [32m'9b5d1e9e-85fa-4850-bea3-039faedb165d'[39m,
  authMethod: [32m'email_matching'[39m,
  groupId: [32m'817d8cc4-628c-4dcc-923e-dfa264ebe2c1'[39m
}
[2m[WebServer] [22m[GuestDashboard] Session query result: {
[2m[WebServer] [22m  found: [33mtrue[39m,
[2m[WebServer] [22m  error: [90mundefined[39m,
[2m[WebServer] [22m  guestId: [32m'0253fec4-310e-4e65-8d56-c31cfbae274f'[39m
[2m[WebServer] [22m}
[2m[WebServer] [22m[GuestDashboard] Guest query result: {
[2m[WebServer] [22m  found: [33mtrue[39m,
[2m[WebServer] [22m  error: [90mundefined[39m,
[2m[WebServer] [22m  email: [32m'test-w3-1770447859761-yww89jiu@example.com'[39m
[2m[WebServer] [22m}
[2m[WebServer] [22m[GuestDashboard] Rendering dashboard for guest: test-w3-1770447859761-yww89jiu@example.com
[2m[WebServer] [22m GET /guest/dashboard [32m200[39m in 634ms[2m (compile: 6ms, proxy.ts: 261ms, render: 366ms)[22m
[Worker 1] ✅ Verified guest exists: {
  email: [32m'test-w1-1770447870715-evukfh5c@example.com'[39m,
  authMethod: [32m'email_matching'[39m
}
[Worker 2] ✅ Verified guest exists: {
  email: [32m'test-w2-1770447870737-kvn2chfh@example.com'[39m,
  authMethod: [32m'email_matching'[39m
}
[2m[WebServer] [22m[GuestDashboard] Guest query result: {
[2m[WebServer] [22m  found: [33mtrue[39m,
[2m[WebServer] [22m  error: [90mundefined[39m,
[2m[WebServer] [22m  email: [32m'test-w0-1770447859757-2ia04pgv@example.com'[39m
[2m[WebServer] [22m}
[2m[WebServer] [22m[GuestDashboard] Rendering dashboard for guest: test-w0-1770447859757-2ia04pgv@example.com
[2m[WebServer] [22m GET /guest/dashboard [32m200[39m in 712ms[2m (compile: 4ms, proxy.ts: 331ms, render: 377ms)[22m
[Browser info] %cDownload the React DevTools for a better development experience: https://react.dev/link/react-devtools font-weight:bold
[Browser log] %c%s%c [GuestDashboard] Session check: background: #e6e6e6;background: light-dark(rgba(0,0,0,0.1), rgba(255,255,255,0.25));color: #000000;color: light-dark(#000000, #ffffff);border-radius: 2px  Server   {hasToken: true, tokenPrefix: 69976abe}
[Browser log] %c%s%c [GuestDashboard] Session query result: background: #e6e6e6;background: light-dark(rgba(0,0,0,0.1), rgba(255,255,255,0.25));color: #000000;color: light-dark(#000000, #ffffff);border-radius: 2px  Server   {found: true, guestId: 0253fec4-310e-4e65-8d56-c31cfbae274f}
[Browser log] %c%s%c [GuestDashboard] Guest query result: background: #e6e6e6;background: light-dark(rgba(0,0,0,0.1), rgba(255,255,255,0.25));color: #000000;color: light-dark(#000000, #ffffff);border-radius: 2px  Server   {found: true, email: test-w0-1770447859757-2ia04pgv@example.com}
[Browser log] %c%s%c [GuestDashboard] Rendering dashboard for guest: background: #e6e6e6;background: light-dark(rgba(0,0,0,0.1), rgba(255,255,255,0.25));color: #000000;color: light-dark(#000000, #ffffff);border-radius: 2px  Server   test-w0-1770447859757-2ia04pgv@example.com
[2m[WebServer] [22m[Middleware] Guest auth check: {
[2m[WebServer] [22m  path: '/api/guest/rsvps',
[2m[WebServer] [22m  hasCookie: true,
[2m[WebServer] [22m  cookieValue: '2030c61a...',
[2m[WebServer] [22m  allCookies: [ 'guest_session', '__next_hmr_refresh_hash__' ]
[2m[WebServer] [22m}
[2m[WebServer] [22m[Middleware] Guest auth check: {
[2m[WebServer] [22m  path: '/api/guest/wedding-info',
[2m[WebServer] [22m  hasCookie: true,
[2m[WebServer] [22m  cookieValue: '2030c61a...',
[2m[WebServer] [22m  allCookies: [ 'guest_session', '__next_hmr_refresh_hash__' ]
[2m[WebServer] [22m}
[2m[WebServer] [22m[Middleware] Guest auth check: {
[2m[WebServer] [22m  path: '/api/guest/announcements',
[2m[WebServer] [22m  hasCookie: true,
[2m[WebServer] [22m  cookieValue: '2030c61a...',
[2m[WebServer] [22m  allCookies: [ 'guest_session', '__next_hmr_refresh_hash__' ]
[2m[WebServer] [22m}
[2m[WebServer] [22m[Middleware] Guest auth check: {
[2m[WebServer] [22m  path: '/api/guest/events',
[2m[WebServer] [22m  hasCookie: true,
[2m[WebServer] [22m  cookieValue: '2030c61a...',
[2m[WebServer] [22m  allCookies: [ 'guest_session', '__next_hmr_refresh_hash__' ]
[2m[WebServer] [22m}
[Browser log] [HMR] connected
[2m[WebServer] [22m[Middleware] Guest auth check: {
[2m[WebServer] [22m  path: '/api/guest/events',
[2m[WebServer] [22m  hasCookie: true,
[2m[WebServer] [22m  cookieValue: '69976abe...',
[2m[WebServer] [22m  allCookies: [ 'guest_session', '__next_hmr_refresh_hash__' ]
[2m[WebServer] [22m}
[2m[WebServer] [22m[Middleware] Guest auth check: {
[2m[WebServer] [22m  path: '/api/guest/rsvps',
[2m[WebServer] [22m  hasCookie: true,
[2m[WebServer] [22m  cookieValue: '69976abe...',
[2m[WebServer] [22m  allCookies: [ 'guest_session', '__next_hmr_refresh_hash__' ]
[2m[WebServer] [22m}
[2m[WebServer] [22m[Middleware] Guest auth check: {
[2m[WebServer] [22m  path: '/api/guest/announcements',
[2m[WebServer] [22m  hasCookie: true,
[2m[WebServer] [22m  cookieValue: '69976abe...',
[2m[WebServer] [22m  allCookies: [ 'guest_session', '__next_hmr_refresh_hash__' ]
[2m[WebServer] [22m}
[2m[WebServer] [22m[Middleware] Guest auth check: {
[2m[WebServer] [22m  path: '/api/guest/wedding-info',
[2m[WebServer] [22m  hasCookie: true,
[2m[WebServer] [22m  cookieValue: '69976abe...',
[2m[WebServer] [22m  allCookies: [ 'guest_session', '__next_hmr_refresh_hash__' ]
[2m[WebServer] [22m}
[2m[WebServer] [22m GET /auth/guest-login [32m200[39m in 55ms[2m (compile: 7ms, proxy.ts: 5ms, render: 43ms)[22m
[2m[WebServer] [22m[Middleware] Session query result: {
[2m[WebServer] [22m  sessionsFound: 1,
[2m[WebServer] [22m  hasError: false,
[2m[WebServer] [22m  errorMessage: undefined,
[2m[WebServer] [22m  tokenPrefix: '2030c61a'
[2m[WebServer] [22m}
[2m[WebServer] [22m[Middleware] Session query result: {
[2m[WebServer] [22m  sessionsFound: 1,
[2m[WebServer] [22m  hasError: false,
[2m[WebServer] [22m  errorMessage: undefined,
[2m[WebServer] [22m  tokenPrefix: '2030c61a'
[2m[WebServer] [22m}
[2m[WebServer] [22m[Middleware] Session query result: {
[2m[WebServer] [22m  sessionsFound: 1,
[2m[WebServer] [22m  hasError: false,
[2m[WebServer] [22m  errorMessage: undefined,
[2m[WebServer] [22m  tokenPrefix: '2030c61a'
[2m[WebServer] [22m}
[2m[WebServer] [22m[Middleware] Session query result: {
[2m[WebServer] [22m  sessionsFound: 1,
[2m[WebServer] [22m  hasError: false,
[2m[WebServer] [22m  errorMessage: undefined,
[2m[WebServer] [22m  tokenPrefix: '2030c61a'
[2m[WebServer] [22m}
[2m[WebServer] [22m[Middleware] Session query result: {
[2m[WebServer] [22m  sessionsFound: 1,
[2m[WebServer] [22m  hasError: false,
[2m[WebServer] [22m  errorMessage: undefined,
[2m[WebServer] [22m  tokenPrefix: '69976abe'
[2m[WebServer] [22m}
[2m[WebServer] [22m[Middleware] Session query result: {
[2m[WebServer] [22m  sessionsFound: 1,
[2m[WebServer] [22m  hasError: false,
[2m[WebServer] [22m  errorMessage: undefined,
[2m[WebServer] [22m  tokenPrefix: '69976abe'
[2m[WebServer] [22m}
[2m[WebServer] [22m[Middleware] Session query result: {
[2m[WebServer] [22m  sessionsFound: 1,
[2m[WebServer] [22m  hasError: false,
[2m[WebServer] [22m  errorMessage: undefined,
[2m[WebServer] [22m  tokenPrefix: '69976abe'
[2m[WebServer] [22m}
[2m[WebServer] [22m[Middleware] Session query result: {
[2m[WebServer] [22m  sessionsFound: 1,
[2m[WebServer] [22m  hasError: false,
[2m[WebServer] [22m  errorMessage: undefined,
[2m[WebServer] [22m  tokenPrefix: '69976abe'
[2m[WebServer] [22m}
[2m[WebServer] [22m GET /auth/guest-login [32m200[39m in 130ms[2m (compile: 7ms, proxy.ts: 21ms, render: 103ms)[22m
[2m[WebServer] [22m GET /api/guest/wedding-info [32m200[39m in 620ms[2m (compile: 25ms, proxy.ts: 190ms, render: 405ms)[22m
[2m[WebServer] [22m GET /api/guest/announcements [32m200[39m in 642ms[2m (compile: 17ms, proxy.ts: 187ms, render: 437ms)[22m
[2m[WebServer] [22m GET /api/guest/rsvps [32m200[39m in 630ms[2m (compile: 28ms, proxy.ts: 162ms, render: 440ms)[22m
[2m[WebServer] [22m GET /api/guest/announcements [32m200[39m in 634ms[2m (compile: 23ms, proxy.ts: 159ms, render: 452ms)[22m
[2m[WebServer] [22m GET /api/guest/wedding-info [32m200[39m in 635ms[2m (compile: 26ms, proxy.ts: 161ms, render: 448ms)[22m
[2m[WebServer] [22m GET /api/guest/rsvps [32m200[39m in 759ms[2m (compile: 19ms, proxy.ts: 189ms, render: 552ms)[22m
[2m[WebServer] [22m GET /api/guest/events [32m200[39m in 834ms[2m (compile: 20ms, proxy.ts: 189ms, render: 624ms)[22m
[2m[WebServer] [22m GET /api/guest/events [32m200[39m in 849ms[2m (compile: 21ms, proxy.ts: 173ms, render: 655ms)[22m
  ✓   4 [chromium] › __tests__/e2e/auth/guestAuth.spec.ts:266:7 › Guest Authentication › should create session cookie on successful authentication (12.8s)
[2m[WebServer] [22m[Magic Link Request] Processing request for email: test-w1-1770447870715-evukfh5c@example.com
[2m[WebServer] [22m[Magic Link Request] Looking for guest by email...
[2m[WebServer] [22m[Magic Link Request] Processing request for email: test-w2-1770447870737-kvn2chfh@example.com
[2m[WebServer] [22m[Magic Link Request] Looking for guest by email...
[2m[WebServer] [22m[Magic Link Request] Guest query result: {
[2m[WebServer] [22m  found: [33mtrue[39m,
[2m[WebServer] [22m  guestId: [32m'4a223ac4-c75b-4b2d-8fc9-ea27b9d66aa2'[39m,
[2m[WebServer] [22m  authMethod: [32m'magic_link'[39m,
[2m[WebServer] [22m  error: [90mundefined[39m
[2m[WebServer] [22m}
[2m[WebServer] [22m[Magic Link Request] Guest query result: {
[2m[WebServer] [22m  found: [33mtrue[39m,
[2m[WebServer] [22m  guestId: [32m'9b5d1e9e-85fa-4850-bea3-039faedb165d'[39m,
[2m[WebServer] [22m  authMethod: [32m'magic_link'[39m,
[2m[WebServer] [22m  error: [90mundefined[39m
[2m[WebServer] [22m}
[Worker 3] Created test guest: {
  email: [32m'test-w3-1770447872723-8oare7zl@example.com'[39m,
  id: [32m'b5c7381f-309b-44ed-87d4-c494407ba2ed'[39m,
  authMethod: [32m'email_matching'[39m,
  groupId: [32m'69ab9f3e-f858-4804-8d5b-879fc0e6a0c8'[39m
}
[2m[WebServer] [22mMagic link for test-w1-1770447870715-evukfh5c@example.com: http://localhost:3000/auth/guest-login/verify?token=aefec06cd604391ef6cb0031549e9473a271d0d7f1dbdde75c50be9d0d598f3d
[2m[WebServer] [22m POST /api/guest-auth/magic-link/request [32m200[39m in 278ms[2m (compile: 4ms, proxy.ts: 12ms, render: 261ms)[22m
[Worker 3] ✅ Verified guest exists: {
  email: [32m'test-w3-1770447872723-8oare7zl@example.com'[39m,
  authMethod: [32m'email_matching'[39m
}
[2m[WebServer] [22mMagic link for test-w2-1770447870737-kvn2chfh@example.com: http://localhost:3000/auth/guest-login/verify?token=0cbe319863450faf847c75a5479aef871744ac0cab63aa03ed778925ce5d4cd1
[2m[WebServer] [22m POST /api/guest-auth/magic-link/request [32m200[39m in 328ms[2m (compile: 3ms, proxy.ts: 5ms, render: 319ms)[22m
[Browser log] [Fast Refresh] rebuilding
[2m[WebServer] [22m[33m[1m⚠[22m[39m Fast Refresh had to perform a full reload. Read more: https://nextjs.org/docs/messages/fast-refresh-reload
[Browser log] [Fast Refresh] done in 383ms
[2m[WebServer] [22m GET /auth/guest-login/verify?token=182e02edc477a30814b27053187265b2ed66c07a1730f824e1fb252c35f5fa73 [32m200[39m in 326ms[2m (compile: 115ms, proxy.ts: 78ms, render: 134ms)[22m
[2m[WebServer] [22m GET /auth/guest-login/verify?token=aefec06cd604391ef6cb0031549e9473a271d0d7f1dbdde75c50be9d0d598f3d [32m200[39m in 629ms[2m (compile: 489ms, proxy.ts: 4ms, render: 135ms)[22m
[2m[WebServer] [22m[Middleware] Guest auth check: {
[2m[WebServer] [22m  path: '/guest/dashboard',
[2m[WebServer] [22m  hasCookie: true,
[2m[WebServer] [22m  cookieValue: '69976abe...',
[2m[WebServer] [22m  allCookies: [ 'guest_session', '__next_hmr_refresh_hash__' ]
[2m[WebServer] [22m}
[2m[WebServer] [22m GET /auth/guest-login [32m200[39m in 159ms[2m (compile: 18ms, proxy.ts: 29ms, render: 112ms)[22m
[2m[WebServer] [22m[Middleware] Session query result: {
[2m[WebServer] [22m  sessionsFound: 1,
[2m[WebServer] [22m  hasError: false,
[2m[WebServer] [22m  errorMessage: undefined,
[2m[WebServer] [22m  tokenPrefix: '69976abe'
[2m[WebServer] [22m}
[2m[WebServer] [22m[GuestDashboard] Session check: { hasToken: [33mtrue[39m, tokenPrefix: [32m'69976abe'[39m }
[2m[WebServer] [22m POST /api/guest-auth/magic-link/verify [34m307[39m in 231ms[2m (compile: 7ms, proxy.ts: 76ms, render: 149ms)[22m
[2m[WebServer] [22m POST /auth/guest-login/verify?error=INVALID_TOKEN&message=Invalid+or+expired+magic+link [32m200[39m in 52ms[2m (compile: 4ms, proxy.ts: 5ms, render: 43ms)[22m
[2m[WebServer] [22m[GuestDashboard] Session query result: {
[2m[WebServer] [22m  found: [33mtrue[39m,
[2m[WebServer] [22m  error: [90mundefined[39m,
[2m[WebServer] [22m  guestId: [32m'0253fec4-310e-4e65-8d56-c31cfbae274f'[39m
[2m[WebServer] [22m}
[2m[WebServer] [22m[GuestDashboard] Guest query result: {
[2m[WebServer] [22m  found: [33mtrue[39m,
[2m[WebServer] [22m  error: [90mundefined[39m,
[2m[WebServer] [22m  email: [32m'test-w0-1770447859757-2ia04pgv@example.com'[39m
[2m[WebServer] [22m}
[2m[WebServer] [22m[GuestDashboard] Rendering dashboard for guest: test-w0-1770447859757-2ia04pgv@example.com
[2m[WebServer] [22m GET /guest/dashboard [32m200[39m in 620ms[2m (compile: 10ms, proxy.ts: 183ms, render: 427ms)[22m
[2m[WebServer] [22m POST /api/guest-auth/magic-link/verify [34m307[39m in 818ms[2m (compile: 55ms, proxy.ts: 57ms, render: 706ms)[22m
[2m[WebServer] [22m[Middleware] Guest auth check: {
[2m[WebServer] [22m  path: '/guest/dashboard',
[2m[WebServer] [22m  hasCookie: true,
[2m[WebServer] [22m  cookieValue: 'cde5feb2...',
[2m[WebServer] [22m  allCookies: [ 'guest_session' ]
[2m[WebServer] [22m}
[2m[WebServer] [22m[Middleware] Session query result: {
[2m[WebServer] [22m  sessionsFound: 1,
[2m[WebServer] [22m  hasError: false,
[2m[WebServer] [22m  errorMessage: undefined,
[2m[WebServer] [22m  tokenPrefix: 'cde5feb2'
[2m[WebServer] [22m}
[2m[WebServer] [22m[GuestDashboard] Session check: { hasToken: [33mtrue[39m, tokenPrefix: [32m'cde5feb2'[39m }
[2m[WebServer] [22m[GuestDashboard] Session query result: {
[2m[WebServer] [22m  found: [33mtrue[39m,
[2m[WebServer] [22m  error: [90mundefined[39m,
[2m[WebServer] [22m  guestId: [32m'4a223ac4-c75b-4b2d-8fc9-ea27b9d66aa2'[39m
[2m[WebServer] [22m}
[Browser info] %cDownload the React DevTools for a better development experience: https://react.dev/link/react-devtools font-weight:bold
[2m[WebServer] [22m[GuestDashboard] Guest query result: {
[2m[WebServer] [22m  found: [33mtrue[39m,
[2m[WebServer] [22m  error: [90mundefined[39m,
[2m[WebServer] [22m  email: [32m'test-w1-1770447870715-evukfh5c@example.com'[39m
[2m[WebServer] [22m}
[2m[WebServer] [22m[GuestDashboard] Rendering dashboard for guest: test-w1-1770447870715-evukfh5c@example.com
[Browser log] %c%s%c [GuestDashboard] Session check: background: #e6e6e6;background: light-dark(rgba(0,0,0,0.1), rgba(255,255,255,0.25));color: #000000;color: light-dark(#000000, #ffffff);border-radius: 2px  Server   {hasToken: true, tokenPrefix: 69976abe}
[Browser log] %c%s%c [GuestDashboard] Session query result: background: #e6e6e6;background: light-dark(rgba(0,0,0,0.1), rgba(255,255,255,0.25));color: #000000;color: light-dark(#000000, #ffffff);border-radius: 2px  Server   {found: true, guestId: 0253fec4-310e-4e65-8d56-c31cfbae274f}
[Browser log] %c%s%c [GuestDashboard] Guest query result: background: #e6e6e6;background: light-dark(rgba(0,0,0,0.1), rgba(255,255,255,0.25));color: #000000;color: light-dark(#000000, #ffffff);border-radius: 2px  Server   {found: true, email: test-w0-1770447859757-2ia04pgv@example.com}
[Browser log] %c%s%c [GuestDashboard] Rendering dashboard for guest: background: #e6e6e6;background: light-dark(rgba(0,0,0,0.1), rgba(255,255,255,0.25));color: #000000;color: light-dark(#000000, #ffffff);border-radius: 2px  Server   test-w0-1770447859757-2ia04pgv@example.com
[Browser log] [HMR] connected
[2m[WebServer] [22m POST /guest/dashboard [32m200[39m in 585ms[2m (compile: 6ms, proxy.ts: 167ms, render: 411ms)[22m
[2m[WebServer] [22m[Middleware] Guest auth check: {
[2m[WebServer] [22m  path: '/api/guest/events',
[2m[WebServer] [22m  hasCookie: true,
[2m[WebServer] [22m  cookieValue: '69976abe...',
[2m[WebServer] [22m  allCookies: [ 'guest_session', '__next_hmr_refresh_hash__' ]
[2m[WebServer] [22m}
[2m[WebServer] [22m[Middleware] Guest auth check: {
[2m[WebServer] [22m  path: '/api/guest/rsvps',
[2m[WebServer] [22m  hasCookie: true,
[2m[WebServer] [22m  cookieValue: '69976abe...',
[2m[WebServer] [22m  allCookies: [ 'guest_session', '__next_hmr_refresh_hash__' ]
[2m[WebServer] [22m}
[2m[WebServer] [22m[Middleware] Guest auth check: {
[2m[WebServer] [22m  path: '/api/guest/wedding-info',
[2m[WebServer] [22m  hasCookie: true,
[2m[WebServer] [22m  cookieValue: '69976abe...',
[2m[WebServer] [22m  allCookies: [ 'guest_session', '__next_hmr_refresh_hash__' ]
[2m[WebServer] [22m}
[2m[WebServer] [22m[Middleware] Guest auth check: {
[2m[WebServer] [22m  path: '/api/guest/announcements',
[2m[WebServer] [22m  hasCookie: true,
[2m[WebServer] [22m  cookieValue: '69976abe...',
[2m[WebServer] [22m  allCookies: [ 'guest_session', '__next_hmr_refresh_hash__' ]
[2m[WebServer] [22m}
[2m[WebServer] [22m[Middleware] Session query result: {
[2m[WebServer] [22m  sessionsFound: 1,
[2m[WebServer] [22m  hasError: false,
[2m[WebServer] [22m  errorMessage: undefined,
[2m[WebServer] [22m  tokenPrefix: '69976abe'
[2m[WebServer] [22m}
[2m[WebServer] [22m[Middleware] Session query result: {
[2m[WebServer] [22m  sessionsFound: 1,
[2m[WebServer] [22m  hasError: false,
[2m[WebServer] [22m  errorMessage: undefined,
[2m[WebServer] [22m  tokenPrefix: '69976abe'
[2m[WebServer] [22m}
[2m[WebServer] [22m[Middleware] Session query result: {
[2m[WebServer] [22m  sessionsFound: 1,
[2m[WebServer] [22m  hasError: false,
[2m[WebServer] [22m  errorMessage: undefined,
[2m[WebServer] [22m  tokenPrefix: '69976abe'
[2m[WebServer] [22m}
[2m[WebServer] [22m[Middleware] Session query result: {
[2m[WebServer] [22m  sessionsFound: 1,
[2m[WebServer] [22m  hasError: false,
[2m[WebServer] [22m  errorMessage: undefined,
[2m[WebServer] [22m  tokenPrefix: '69976abe'
[2m[WebServer] [22m}
[2m[WebServer] [22m GET /api/guest/announcements [32m200[39m in 817ms[2m (compile: 20ms, proxy.ts: 159ms, render: 638ms)[22m
[2m[WebServer] [22m GET /api/guest/wedding-info [32m200[39m in 877ms[2m (compile: 36ms, proxy.ts: 172ms, render: 670ms)[22m
[2m[WebServer] [22m GET /api/guest/rsvps [32m200[39m in 890ms[2m (compile: 44ms, proxy.ts: 175ms, render: 672ms)[22m
[2m[WebServer] [22m[Middleware] Guest auth check: {
[2m[WebServer] [22m  path: '/api/guest/events',
[2m[WebServer] [22m  hasCookie: true,
[2m[WebServer] [22m  cookieValue: 'cde5feb2...',
[2m[WebServer] [22m  allCookies: [ 'guest_session' ]
[2m[WebServer] [22m}
[2m[WebServer] [22m[Middleware] Guest auth check: {
[2m[WebServer] [22m  path: '/api/guest/rsvps',
[2m[WebServer] [22m  hasCookie: true,
[2m[WebServer] [22m  cookieValue: 'cde5feb2...',
[2m[WebServer] [22m  allCookies: [ 'guest_session' ]
[2m[WebServer] [22m}
[2m[WebServer] [22m[Middleware] Guest auth check: {
[2m[WebServer] [22m  path: '/api/guest/wedding-info',
[2m[WebServer] [22m  hasCookie: true,
[2m[WebServer] [22m  cookieValue: 'cde5feb2...',
[2m[WebServer] [22m  allCookies: [ 'guest_session' ]
[2m[WebServer] [22m}
[2m[WebServer] [22m[Middleware] Guest auth check: {
[2m[WebServer] [22m  path: '/api/guest/announcements',
[2m[WebServer] [22m  hasCookie: true,
[2m[WebServer] [22m  cookieValue: 'cde5feb2...',
[2m[WebServer] [22m  allCookies: [ 'guest_session' ]
[2m[WebServer] [22m}
[2m[WebServer] [22m GET /api/guest/events [32m200[39m in 1025ms[2m (compile: 33ms, proxy.ts: 168ms, render: 825ms)[22m
[2m[WebServer] [22m[Middleware] Session query result: {
[2m[WebServer] [22m  sessionsFound: 1,
[2m[WebServer] [22m  hasError: false,
[2m[WebServer] [22m  errorMessage: undefined,
[2m[WebServer] [22m  tokenPrefix: 'cde5feb2'
[2m[WebServer] [22m}
[2m[WebServer] [22m[Middleware] Session query result: {
[2m[WebServer] [22m  sessionsFound: 1,
[2m[WebServer] [22m  hasError: false,
[2m[WebServer] [22m  errorMessage: undefined,
[2m[WebServer] [22m  tokenPrefix: 'cde5feb2'
[2m[WebServer] [22m}
[2m[WebServer] [22m[Middleware] Session query result: {
[2m[WebServer] [22m  sessionsFound: 1,
[2m[WebServer] [22m  hasError: false,
[2m[WebServer] [22m  errorMessage: undefined,
[2m[WebServer] [22m  tokenPrefix: 'cde5feb2'
[2m[WebServer] [22m}
[2m[WebServer] [22m[Middleware] Session query result: {
[2m[WebServer] [22m  sessionsFound: 1,
[2m[WebServer] [22m  hasError: false,
[2m[WebServer] [22m  errorMessage: undefined,
[2m[WebServer] [22m  tokenPrefix: 'cde5feb2'
[2m[WebServer] [22m}
[2m[WebServer] [22m GET /api/guest/wedding-info [32m200[39m in 567ms[2m (compile: 1330µs, proxy.ts: 151ms, render: 414ms)[22m
[2m[WebServer] [22m GET /api/guest/announcements [32m200[39m in 578ms[2m (compile: 1652µs, proxy.ts: 145ms, render: 431ms)[22m
[2m[WebServer] [22m GET /api/guest/rsvps [32m200[39m in 613ms[2m (compile: 2ms, proxy.ts: 160ms, render: 450ms)[22m
[2m[WebServer] [22m GET /api/guest/events [32m200[39m in 738ms[2m (compile: 4ms, proxy.ts: 161ms, render: 573ms)[22m
  ✓   5 [chromium] › __tests__/e2e/auth/guestAuth.spec.ts:162:7 › Guest Authentication › should successfully authenticate with email matching (18.9s)
  ✓   7 [chromium] › __tests__/e2e/auth/guestAuth.spec.ts:362:7 › Guest Authentication › should show success message after requesting magic link (8.2s)
[Worker 0] Created test guest: {
  email: [32m'test-w0-1770447878814-79pjjmtm@example.com'[39m,
  id: [32m'fce7b786-67e4-43d8-8ce6-69c4045a0638'[39m,
  authMethod: [32m'email_matching'[39m,
  groupId: [32m'8db70713-0a84-4cfb-8b57-0ed73b9569f2'[39m
}
[Worker 0] ✅ Verified guest exists: {
  email: [32m'test-w0-1770447878814-79pjjmtm@example.com'[39m,
  authMethod: [32m'email_matching'[39m
}
[Worker 2] Created test guest: {
  email: [32m'test-w2-1770447878975-scp6xfon@example.com'[39m,
  id: [32m'6832753c-656d-4168-bb37-284f2bd76110'[39m,
  authMethod: [32m'email_matching'[39m,
  groupId: [32m'e80afda2-31a4-4e8b-8adc-4098342e1d29'[39m
}
[Worker 2] ✅ Verified guest exists: {
  email: [32m'test-w2-1770447878975-scp6xfon@example.com'[39m,
  authMethod: [32m'email_matching'[39m
}
[2m[WebServer] [22m GET /auth/guest-login/verify?token=invalid-token [32m200[39m in 34ms[2m (compile: 3ms, proxy.ts: 5ms, render: 27ms)[22m
[2m[WebServer] [22m GET /auth/guest-login [32m200[39m in 79ms[2m (compile: 1374µs, proxy.ts: 4ms, render: 73ms)[22m
[2m[WebServer] [22m GET /auth/guest-login/verify [32m200[39m in 45ms[2m (compile: 2ms, proxy.ts: 5ms, render: 37ms)[22m
[2m[WebServer] [22m GET /auth/guest-login/verify?token=4726ad99839d5439bb829ae9b4703b7dcf9f05ef74e20a84f85a190f71a88e52 [32m200[39m in 43ms[2m (compile: 1962µs, proxy.ts: 6ms, render: 35ms)[22m
[2m[WebServer] [22m[Magic Link Request] Processing request for email: test-w0-1770447878814-79pjjmtm@example.com
[2m[WebServer] [22m[Magic Link Request] Looking for guest by email...
[2m[WebServer] [22m[Magic Link Request] Guest query result: {
[2m[WebServer] [22m  found: [33mtrue[39m,
[2m[WebServer] [22m  guestId: [32m'fce7b786-67e4-43d8-8ce6-69c4045a0638'[39m,
[2m[WebServer] [22m  authMethod: [32m'magic_link'[39m,
[2m[WebServer] [22m  error: [90mundefined[39m
[2m[WebServer] [22m}
[2m[WebServer] [22mMagic link for test-w0-1770447878814-79pjjmtm@example.com: http://localhost:3000/auth/guest-login/verify?token=0b611383f19629e29295cb401db18586793ab80f1263c988e39a042fcd182ef6
[2m[WebServer] [22m POST /api/guest-auth/magic-link/request [32m200[39m in 295ms[2m (compile: 4ms, proxy.ts: 15ms, render: 276ms)[22m
[2m[WebServer] [22m GET /auth/guest-login/verify?token=0b611383f19629e29295cb401db18586793ab80f1263c988e39a042fcd182ef6 [32m200[39m in 87ms[2m (compile: 1844µs, proxy.ts: 6ms, render: 79ms)[22m
[2m[WebServer] [22m POST /api/guest-auth/magic-link/verify [34m307[39m in 143ms[2m (compile: 7ms, proxy.ts: 5ms, render: 131ms)[22m
[2m[WebServer] [22m POST /auth/guest-login/verify?error=INVALID_TOKEN&message=Invalid+or+expired+magic+link [32m200[39m in 89ms[2m (compile: 4ms, proxy.ts: 21ms, render: 64ms)[22m
  ✓   8 [chromium] › __tests__/e2e/auth/guestAuth.spec.ts:410:7 › Guest Authentication › should show error for expired magic link (9.0s)
  ✓   6 [chromium] › __tests__/e2e/auth/guestAuth.spec.ts:292:7 › Guest Authentication › should successfully request and verify magic link (11.2s)
[Worker 3] Created test guest: {
  email: [32m'test-w3-1770447881788-y9mev390@example.com'[39m,
  id: [32m'80a4dc91-352f-4c05-a691-314251b10fbd'[39m,
  authMethod: [32m'email_matching'[39m,
  groupId: [32m'6086f0b9-50d3-4c1d-a436-0235e104d79c'[39m
}
[Worker 1] Created test guest: {
  email: [32m'test-w1-1770447881903-fxkcki9j@example.com'[39m,
  id: [32m'7487bb13-8736-4385-99a2-d4bc2df36ec3'[39m,
  authMethod: [32m'email_matching'[39m,
  groupId: [32m'3450d0f8-ba01-4897-be9e-57f5c03ade71'[39m
}
[Worker 3] ✅ Verified guest exists: {
  email: [32m'test-w3-1770447881788-y9mev390@example.com'[39m,
  authMethod: [32m'email_matching'[39m
}
[Worker 1] ✅ Verified guest exists: {
  email: [32m'test-w1-1770447881903-fxkcki9j@example.com'[39m,
  authMethod: [32m'email_matching'[39m
}
[2m[WebServer] [22m GET /auth/guest-login [32m200[39m in 43ms[2m (compile: 1822µs, proxy.ts: 9ms, render: 32ms)[22m
[2m[WebServer] [22m GET /auth/guest-login [32m200[39m in 34ms[2m (compile: 1889µs, proxy.ts: 11ms, render: 21ms)[22m
[2m[WebServer] [22m POST /api/guest-auth/magic-link/verify [34m307[39m in 758ms[2m (compile: 3ms, proxy.ts: 11ms, render: 744ms)[22m
[2m[WebServer] [22m[Middleware] Guest auth check: {
[2m[WebServer] [22m  path: '/guest/dashboard',
[2m[WebServer] [22m  hasCookie: true,
[2m[WebServer] [22m  cookieValue: '2cd46629...',
[2m[WebServer] [22m  allCookies: [ 'guest_session' ]
[2m[WebServer] [22m}
[2m[WebServer] [22m[API] Looking for guest with email: test-w3-1770447881788-y9mev390@example.com
[2m[WebServer] [22m[Middleware] Session query result: {
[2m[WebServer] [22m  sessionsFound: 1,
[2m[WebServer] [22m  hasError: false,
[2m[WebServer] [22m  errorMessage: undefined,
[2m[WebServer] [22m  tokenPrefix: '2cd46629'
[2m[WebServer] [22m}
[2m[WebServer] [22m[API] Guest query result: {
[2m[WebServer] [22m  found: [33mtrue[39m,
[2m[WebServer] [22m  email: [32m'test-w3-1770447881788-y9mev390@example.com'[39m,
[2m[WebServer] [22m  authMethod: [32m'email_matching'[39m,
[2m[WebServer] [22m  error: [90mundefined[39m
[2m[WebServer] [22m}
[2m[WebServer] [22m[GuestDashboard] Session check: { hasToken: [33mtrue[39m, tokenPrefix: [32m'2cd46629'[39m }
[2m[WebServer] [22m[API] Setting guest session cookie: {
[2m[WebServer] [22m  tokenPrefix: [32m'1901861b'[39m,
[2m[WebServer] [22m  cookieOptions: {
[2m[WebServer] [22m    httpOnly: [33mtrue[39m,
[2m[WebServer] [22m    secure: [33mfalse[39m,
[2m[WebServer] [22m    sameSite: [32m'lax'[39m,
[2m[WebServer] [22m    maxAge: [33m86400[39m,
[2m[WebServer] [22m    path: [32m'/'[39m
[2m[WebServer] [22m  },
[2m[WebServer] [22m  guestId: [32m'80a4dc91-352f-4c05-a691-314251b10fbd'[39m,
[2m[WebServer] [22m  sessionId: [32m'48379e37-8270-49ae-b3e7-10b5ae41fa8a'[39m
[2m[WebServer] [22m}
[2m[WebServer] [22m POST /api/guest-auth/email-match [32m200[39m in 431ms[2m (compile: 37ms, proxy.ts: 43ms, render: 351ms)[22m
[2m[WebServer] [22m[API] Looking for guest with email: test-w1-1770447881903-fxkcki9j@example.com
[2m[WebServer] [22m[GuestDashboard] Session query result: {
[2m[WebServer] [22m  found: [33mtrue[39m,
[2m[WebServer] [22m  error: [90mundefined[39m,
[2m[WebServer] [22m  guestId: [32m'fce7b786-67e4-43d8-8ce6-69c4045a0638'[39m
[2m[WebServer] [22m}
[2m[WebServer] [22m[API] Guest query result: {
[2m[WebServer] [22m  found: [33mtrue[39m,
[2m[WebServer] [22m  email: [32m'test-w1-1770447881903-fxkcki9j@example.com'[39m,
[2m[WebServer] [22m  authMethod: [32m'email_matching'[39m,
[2m[WebServer] [22m  error: [90mundefined[39m
[2m[WebServer] [22m}
[2m[WebServer] [22m[GuestDashboard] Guest query result: {
[2m[WebServer] [22m  found: [33mtrue[39m,
[2m[WebServer] [22m  error: [90mundefined[39m,
[2m[WebServer] [22m  email: [32m'test-w0-1770447878814-79pjjmtm@example.com'[39m
[2m[WebServer] [22m}
[2m[WebServer] [22m[GuestDashboard] Rendering dashboard for guest: test-w0-1770447878814-79pjjmtm@example.com
[2m[WebServer] [22m POST /guest/dashboard [32m200[39m in 900ms[2m (compile: 91ms, proxy.ts: 314ms, render: 494ms)[22m
[2m[WebServer] [22m[API] Setting guest session cookie: {
[2m[WebServer] [22m  tokenPrefix: [32m'5bd6228f'[39m,
[2m[WebServer] [22m  cookieOptions: {
[2m[WebServer] [22m    httpOnly: [33mtrue[39m,
[2m[WebServer] [22m    secure: [33mfalse[39m,
[2m[WebServer] [22m    sameSite: [32m'lax'[39m,
[2m[WebServer] [22m    maxAge: [33m86400[39m,
[2m[WebServer] [22m    path: [32m'/'[39m
[2m[WebServer] [22m  },
[2m[WebServer] [22m  guestId: [32m'7487bb13-8736-4385-99a2-d4bc2df36ec3'[39m,
[2m[WebServer] [22m  sessionId: [32m'1aa5180f-1095-44e9-a0de-e2545d5f19c8'[39m
[2m[WebServer] [22m}
[2m[WebServer] [22m POST /api/guest-auth/email-match [32m200[39m in 571ms[2m (compile: 24ms, proxy.ts: 128ms, render: 420ms)[22m
[2m[WebServer] [22m[Middleware] Guest auth check: {
[2m[WebServer] [22m  path: '/guest/dashboard',
[2m[WebServer] [22m  hasCookie: true,
[2m[WebServer] [22m  cookieValue: '1901861b...',
[2m[WebServer] [22m  allCookies: [ 'guest_session' ]
[2m[WebServer] [22m}
[2m[WebServer] [22m[Middleware] Session query result: {
[2m[WebServer] [22m  sessionsFound: 1,
[2m[WebServer] [22m  hasError: false,
[2m[WebServer] [22m  errorMessage: undefined,
[2m[WebServer] [22m  tokenPrefix: '1901861b'
[2m[WebServer] [22m}
[2m[WebServer] [22m[Middleware] Guest auth check: {
[2m[WebServer] [22m  path: '/api/guest/rsvps',
[2m[WebServer] [22m  hasCookie: true,
[2m[WebServer] [22m  cookieValue: '2cd46629...',
[2m[WebServer] [22m  allCookies: [ 'guest_session' ]
[2m[WebServer] [22m}
[2m[WebServer] [22m[Middleware] Guest auth check: {
[2m[WebServer] [22m  path: '/api/guest/events',
[2m[WebServer] [22m  hasCookie: true,
[2m[WebServer] [22m  cookieValue: '2cd46629...',
[2m[WebServer] [22m  allCookies: [ 'guest_session' ]
[2m[WebServer] [22m}
[2m[WebServer] [22m[Middleware] Guest auth check: {
[2m[WebServer] [22m  path: '/api/guest/announcements',
[2m[WebServer] [22m  hasCookie: true,
[2m[WebServer] [22m  cookieValue: '2cd46629...',
[2m[WebServer] [22m  allCookies: [ 'guest_session' ]
[2m[WebServer] [22m}
[2m[WebServer] [22m[Middleware] Guest auth check: {
[2m[WebServer] [22m  path: '/api/guest/wedding-info',
[2m[WebServer] [22m  hasCookie: true,
[2m[WebServer] [22m  cookieValue: '2cd46629...',
[2m[WebServer] [22m  allCookies: [ 'guest_session' ]
[2m[WebServer] [22m}
[2m[WebServer] [22m[GuestDashboard] Session check: { hasToken: [33mtrue[39m, tokenPrefix: [32m'1901861b'[39m }
[2m[WebServer] [22m GET /auth/guest-login/verify?token=0b611383f19629e29295cb401db18586793ab80f1263c988e39a042fcd182ef6 [32m200[39m in 134ms[2m (compile: 11ms, proxy.ts: 6ms, render: 118ms)[22m
[2m[WebServer] [22m[Middleware] Session query result: {
[2m[WebServer] [22m  sessionsFound: 1,
[2m[WebServer] [22m  hasError: false,
[2m[WebServer] [22m  errorMessage: undefined,
[2m[WebServer] [22m  tokenPrefix: '2cd46629'
[2m[WebServer] [22m}
[2m[WebServer] [22m[Middleware] Session query result: {
[2m[WebServer] [22m  sessionsFound: 1,
[2m[WebServer] [22m  hasError: false,
[2m[WebServer] [22m  errorMessage: undefined,
[2m[WebServer] [22m  tokenPrefix: '2cd46629'
[2m[WebServer] [22m}
[2m[WebServer] [22m[Middleware] Session query result: {
[2m[WebServer] [22m  sessionsFound: 1,
[2m[WebServer] [22m  hasError: false,
[2m[WebServer] [22m  errorMessage: undefined,
[2m[WebServer] [22m  tokenPrefix: '2cd46629'
[2m[WebServer] [22m}
[2m[WebServer] [22m[Middleware] Session query result: {
[2m[WebServer] [22m  sessionsFound: 1,
[2m[WebServer] [22m  hasError: false,
[2m[WebServer] [22m  errorMessage: undefined,
[2m[WebServer] [22m  tokenPrefix: '2cd46629'
[2m[WebServer] [22m}
[2m[WebServer] [22m[Middleware] Guest auth check: {
[2m[WebServer] [22m  path: '/guest/dashboard',
[2m[WebServer] [22m  hasCookie: true,
[2m[WebServer] [22m  cookieValue: '5bd6228f...',
[2m[WebServer] [22m  allCookies: [ 'guest_session' ]
[2m[WebServer] [22m}
[2m[WebServer] [22m[GuestDashboard] Session query result: {
[2m[WebServer] [22m  found: [33mtrue[39m,
[2m[WebServer] [22m  error: [90mundefined[39m,
[2m[WebServer] [22m  guestId: [32m'80a4dc91-352f-4c05-a691-314251b10fbd'[39m
[2m[WebServer] [22m}
[2m[WebServer] [22m[GuestDashboard] Guest query result: {
[2m[WebServer] [22m  found: [33mtrue[39m,
[2m[WebServer] [22m  error: [90mundefined[39m,
[2m[WebServer] [22m  email: [32m'test-w3-1770447881788-y9mev390@example.com'[39m
[2m[WebServer] [22m}
[2m[WebServer] [22m[GuestDashboard] Rendering dashboard for guest: test-w3-1770447881788-y9mev390@example.com
[2m[WebServer] [22m[Middleware] Session query result: {
[2m[WebServer] [22m  sessionsFound: 1,
[2m[WebServer] [22m  hasError: false,
[2m[WebServer] [22m  errorMessage: undefined,
[2m[WebServer] [22m  tokenPrefix: '5bd6228f'
[2m[WebServer] [22m}
[2m[WebServer] [22m[GuestDashboard] Session check: { hasToken: [33mtrue[39m, tokenPrefix: [32m'5bd6228f'[39m }
[2m[WebServer] [22m GET /guest/dashboard [32m200[39m in 783ms[2m (compile: 39ms, proxy.ts: 148ms, render: 595ms)[22m
[2m[WebServer] [22m[GuestDashboard] Session query result: {
[2m[WebServer] [22m  found: [33mtrue[39m,
[2m[WebServer] [22m  error: [90mundefined[39m,
[2m[WebServer] [22m  guestId: [32m'7487bb13-8736-4385-99a2-d4bc2df36ec3'[39m
[2m[WebServer] [22m}
[2m[WebServer] [22m[GuestDashboard] Guest query result: {
[2m[WebServer] [22m  found: [33mtrue[39m,
[2m[WebServer] [22m  error: [90mundefined[39m,
[2m[WebServer] [22m  email: [32m'test-w1-1770447881903-fxkcki9j@example.com'[39m
[2m[WebServer] [22m}
[2m[WebServer] [22m[GuestDashboard] Rendering dashboard for guest: test-w1-1770447881903-fxkcki9j@example.com
[2m[WebServer] [22m GET /guest/dashboard [32m200[39m in 565ms[2m (compile: 31ms, proxy.ts: 176ms, render: 359ms)[22m
[2m[WebServer] [22m[Middleware] Guest auth check: {
[2m[WebServer] [22m  path: '/guest/events',
[2m[WebServer] [22m  hasCookie: true,
[2m[WebServer] [22m  cookieValue: '5bd6228f...',
[2m[WebServer] [22m  allCookies: [ 'guest_session' ]
[2m[WebServer] [22m}
[2m[WebServer] [22m POST /api/guest-auth/magic-link/verify [34m307[39m in 320ms[2m (compile: 3ms, proxy.ts: 40ms, render: 278ms)[22m
[2m[WebServer] [22m POST /auth/guest-login/verify?error=TOKEN_USED&message=This+magic+link+has+already+been+used [32m200[39m in 51ms[2m (compile: 5ms, proxy.ts: 10ms, render: 37ms)[22m
[2m[WebServer] [22m[Middleware] Session query result: {
[2m[WebServer] [22m  sessionsFound: 1,
[2m[WebServer] [22m  hasError: false,
[2m[WebServer] [22m  errorMessage: undefined,
[2m[WebServer] [22m  tokenPrefix: '5bd6228f'
[2m[WebServer] [22m}
[2m[WebServer] [22m[Middleware] Guest auth check: {
[2m[WebServer] [22m  path: '/api/guest/events',
[2m[WebServer] [22m  hasCookie: true,
[2m[WebServer] [22m  cookieValue: '1901861b...',
[2m[WebServer] [22m  allCookies: [ 'guest_session' ]
[2m[WebServer] [22m}
[2m[WebServer] [22m[Middleware] Guest auth check: {
[2m[WebServer] [22m  path: '/api/guest/announcements',
[2m[WebServer] [22m  hasCookie: true,
[2m[WebServer] [22m  cookieValue: '1901861b...',
[2m[WebServer] [22m  allCookies: [ 'guest_session' ]
[2m[WebServer] [22m}
[2m[WebServer] [22m[Middleware] Guest auth check: {
[2m[WebServer] [22m  path: '/api/guest/rsvps',
[2m[WebServer] [22m  hasCookie: true,
[2m[WebServer] [22m  cookieValue: '1901861b...',
[2m[WebServer] [22m  allCookies: [ 'guest_session' ]
[2m[WebServer] [22m}
[2m[WebServer] [22m[Middleware] Guest auth check: {
[2m[WebServer] [22m  path: '/api/guest/wedding-info',
[2m[WebServer] [22m  hasCookie: true,
[2m[WebServer] [22m  cookieValue: '1901861b...',
[2m[WebServer] [22m  allCookies: [ 'guest_session' ]
[2m[WebServer] [22m}
[2m[WebServer] [22m[Middleware] Session query result: {
[2m[WebServer] [22m  sessionsFound: 1,
[2m[WebServer] [22m  hasError: false,
[2m[WebServer] [22m  errorMessage: undefined,
[2m[WebServer] [22m  tokenPrefix: '1901861b'
[2m[WebServer] [22m}
[2m[WebServer] [22m[Middleware] Session query result: {
[2m[WebServer] [22m  sessionsFound: 1,
[2m[WebServer] [22m  hasError: false,
[2m[WebServer] [22m  errorMessage: undefined,
[2m[WebServer] [22m  tokenPrefix: '1901861b'
[2m[WebServer] [22m}
[2m[WebServer] [22m[Middleware] Session query result: {
[2m[WebServer] [22m  sessionsFound: 1,
[2m[WebServer] [22m  hasError: false,
[2m[WebServer] [22m  errorMessage: undefined,
[2m[WebServer] [22m  tokenPrefix: '1901861b'
[2m[WebServer] [22m}
[2m[WebServer] [22m[Middleware] Session query result: {
[2m[WebServer] [22m  sessionsFound: 1,
[2m[WebServer] [22m  hasError: false,
[2m[WebServer] [22m  errorMessage: undefined,
[2m[WebServer] [22m  tokenPrefix: '1901861b'
[2m[WebServer] [22m}
[2m[WebServer] [22m[Middleware] Guest auth check: {
[2m[WebServer] [22m  path: '/guest/dashboard',
[2m[WebServer] [22m  hasCookie: true,
[2m[WebServer] [22m  cookieValue: '1901861b...',
[2m[WebServer] [22m  allCookies: [ 'guest_session' ]
[2m[WebServer] [22m}
[2m[WebServer] [22m[Middleware] Session query result: {
[2m[WebServer] [22m  sessionsFound: 1,
[2m[WebServer] [22m  hasError: false,
[2m[WebServer] [22m  errorMessage: undefined,
[2m[WebServer] [22m  tokenPrefix: '1901861b'
[2m[WebServer] [22m}
[2m[WebServer] [22m[37m[1m○[22m[39m Compiling /guest/events ...
  ✓  10 [chromium] › __tests__/e2e/auth/guestAuth.spec.ts:506:7 › Guest Authentication › should show error for invalid or missing token (10.3s)
[2m[WebServer] [22m[Middleware] Guest auth check: {
[2m[WebServer] [22m  path: '/guest/dashboard',
[2m[WebServer] [22m  hasCookie: true,
[2m[WebServer] [22m  cookieValue: '1901861b...',
[2m[WebServer] [22m  allCookies: [ 'guest_session' ]
[2m[WebServer] [22m}
[2m[WebServer] [22m[Middleware] Guest auth check: {
[2m[WebServer] [22m  path: '/api/guest/events',
[2m[WebServer] [22m  hasCookie: true,
[2m[WebServer] [22m  cookieValue: '5bd6228f...',
[2m[WebServer] [22m  allCookies: [ 'guest_session' ]
[2m[WebServer] [22m}
[2m[WebServer] [22m[Middleware] Guest auth check: {
[2m[WebServer] [22m  path: '/api/guest/wedding-info',
[2m[WebServer] [22m  hasCookie: true,
[2m[WebServer] [22m  cookieValue: '5bd6228f...',
[2m[WebServer] [22m  allCookies: [ 'guest_session' ]
[2m[WebServer] [22m}
[2m[WebServer] [22m[Middleware] Guest auth check: {
[2m[WebServer] [22m  path: '/api/guest/rsvps',
[2m[WebServer] [22m  hasCookie: true,
[2m[WebServer] [22m  cookieValue: '5bd6228f...',
[2m[WebServer] [22m  allCookies: [ 'guest_session' ]
[2m[WebServer] [22m}
[2m[WebServer] [22m[Middleware] Guest auth check: {
[2m[WebServer] [22m  path: '/api/guest/announcements',
[2m[WebServer] [22m  hasCookie: true,
[2m[WebServer] [22m  cookieValue: '5bd6228f...',
[2m[WebServer] [22m  allCookies: [ 'guest_session' ]
[2m[WebServer] [22m}
[Worker 2] Created test guest: {
  email: [32m'test-w2-1770447889362-bgfu3232@example.com'[39m,
  id: [32m'7f0b7dc0-214f-4a53-a816-dce99d072449'[39m,
  authMethod: [32m'email_matching'[39m,
  groupId: [32m'1ab78785-9f26-4b3e-8168-57ad596d1caf'[39m
}
[Worker 2] ✅ Verified guest exists: {
  email: [32m'test-w2-1770447889362-bgfu3232@example.com'[39m,
  authMethod: [32m'email_matching'[39m
}
[2m[WebServer] [22m[Middleware] Session query result: {
[2m[WebServer] [22m  sessionsFound: 1,
[2m[WebServer] [22m  hasError: false,
[2m[WebServer] [22m  errorMessage: undefined,
[2m[WebServer] [22m  tokenPrefix: '5bd6228f'
[2m[WebServer] [22m}
[2m[WebServer] [22m[Middleware] Session query result: {
[2m[WebServer] [22m  sessionsFound: 1,
[2m[WebServer] [22m  hasError: false,
[2m[WebServer] [22m  errorMessage: undefined,
[2m[WebServer] [22m  tokenPrefix: '5bd6228f'
[2m[WebServer] [22m}
[2m[WebServer] [22m[Middleware] Session query result: {
[2m[WebServer] [22m  sessionsFound: 1,
[2m[WebServer] [22m  hasError: false,
[2m[WebServer] [22m  errorMessage: undefined,
[2m[WebServer] [22m  tokenPrefix: '1901861b'
[2m[WebServer] [22m}
[2m[WebServer] [22m[Middleware] Session query result: {
[2m[WebServer] [22m  sessionsFound: 1,
[2m[WebServer] [22m  hasError: false,
[2m[WebServer] [22m  errorMessage: undefined,
[2m[WebServer] [22m  tokenPrefix: '5bd6228f'
[2m[WebServer] [22m}
[2m[WebServer] [22m[GuestDashboard] Session check: { hasToken: [33mtrue[39m, tokenPrefix: [32m'1901861b'[39m }
[2m[WebServer] [22m[GuestDashboard] Session check: { hasToken: [33mtrue[39m, tokenPrefix: [32m'1901861b'[39m }
[2m[WebServer] [22m[Middleware] Session query result: {
[2m[WebServer] [22m  sessionsFound: 1,
[2m[WebServer] [22m  hasError: false,
[2m[WebServer] [22m  errorMessage: undefined,
[2m[WebServer] [22m  tokenPrefix: '5bd6228f'
[2m[WebServer] [22m}
[2m[WebServer] [22m[Middleware] Guest auth check: {
[2m[WebServer] [22m  path: '/guest/dashboard',
[2m[WebServer] [22m  hasCookie: true,
[2m[WebServer] [22m  cookieValue: '5bd6228f...',
[2m[WebServer] [22m  allCookies: [ 'guest_session', '__next_hmr_refresh_hash__' ]
[2m[WebServer] [22m}
[2m[WebServer] [22m GET /auth/guest-login [32m200[39m in 129ms[2m (compile: 12ms, proxy.ts: 17ms, render: 100ms)[22m
[2m[WebServer] [22m[GuestDashboard] Session query result: {
[2m[WebServer] [22m  found: [33mtrue[39m,
[2m[WebServer] [22m  error: [90mundefined[39m,
[2m[WebServer] [22m  guestId: [32m'80a4dc91-352f-4c05-a691-314251b10fbd'[39m
[2m[WebServer] [22m}
[2m[WebServer] [22m[GuestDashboard] Session query result: {
[2m[WebServer] [22m  found: [33mtrue[39m,
[2m[WebServer] [22m  error: [90mundefined[39m,
[2m[WebServer] [22m  guestId: [32m'80a4dc91-352f-4c05-a691-314251b10fbd'[39m
[2m[WebServer] [22m}
[2m[WebServer] [22m[Middleware] Session query result: {
[2m[WebServer] [22m  sessionsFound: 1,
[2m[WebServer] [22m  hasError: false,
[2m[WebServer] [22m  errorMessage: undefined,
[2m[WebServer] [22m  tokenPrefix: '5bd6228f'
[2m[WebServer] [22m}
[2m[WebServer] [22m[GuestDashboard] Session check: { hasToken: [33mtrue[39m, tokenPrefix: [32m'5bd6228f'[39m }
[2m[WebServer] [22m[GuestDashboard] Session query result: {
[2m[WebServer] [22m  found: [33mtrue[39m,
[2m[WebServer] [22m  error: [90mundefined[39m,
[2m[WebServer] [22m  guestId: [32m'7487bb13-8736-4385-99a2-d4bc2df36ec3'[39m
[2m[WebServer] [22m}
[2m[WebServer] [22m[GuestDashboard] Guest query result: {
[2m[WebServer] [22m  found: [33mtrue[39m,
[2m[WebServer] [22m  error: [90mundefined[39m,
[2m[WebServer] [22m  email: [32m'test-w1-1770447881903-fxkcki9j@example.com'[39m
[2m[WebServer] [22m}
[2m[WebServer] [22m[GuestDashboard] Rendering dashboard for guest: test-w1-1770447881903-fxkcki9j@example.com
[2m[WebServer] [22m GET /api/guest/rsvps [32m200[39m in 4.8s[2m (compile: 3.7s, proxy.ts: 337ms, render: 767ms)[22m
[2m[WebServer] [22m GET /api/guest/rsvps [32m200[39m in 1414ms[2m (compile: 257ms, proxy.ts: 383ms, render: 773ms)[22m
[2m[WebServer] [22m GET /api/guest/wedding-info [32m200[39m in 1601ms[2m (compile: 258ms, proxy.ts: 383ms, render: 960ms)[22m
[2m[WebServer] [22m GET /api/guest/announcements [32m200[39m in 1613ms[2m (compile: 7ms, proxy.ts: 837ms, render: 769ms)[22m
[2m[WebServer] [22m GET /api/guest/events [32m200[39m in 5.2s[2m (compile: 3.7s, proxy.ts: 338ms, render: 1188ms)[22m
[2m[WebServer] [22m[GuestDashboard] Guest query result: {
[2m[WebServer] [22m  found: [33mtrue[39m,
[2m[WebServer] [22m  error: [90mundefined[39m,
[2m[WebServer] [22m  email: [32m'test-w3-1770447881788-y9mev390@example.com'[39m
[2m[WebServer] [22m}
[2m[WebServer] [22m[GuestDashboard] Rendering dashboard for guest: test-w3-1770447881788-y9mev390@example.com
[2m[WebServer] [22m[GuestDashboard] Guest query result: {
[2m[WebServer] [22m  found: [33mtrue[39m,
[2m[WebServer] [22m  error: [90mundefined[39m,
[2m[WebServer] [22m  email: [32m'test-w3-1770447881788-y9mev390@example.com'[39m
[2m[WebServer] [22m}
[2m[WebServer] [22m[GuestDashboard] Rendering dashboard for guest: test-w3-1770447881788-y9mev390@example.com
[2m[WebServer] [22m[33m[1m⚠[22m[39m Fast Refresh had to perform a full reload. Read more: https://nextjs.org/docs/messages/fast-refresh-reload
[2m[WebServer] [22m GET /api/guest/events [32m200[39m in 1944ms[2m (compile: 254ms, proxy.ts: 387ms, render: 1303ms)[22m
[2m[WebServer] [22m GET /guest/dashboard [32m200[39m in 1102ms[2m (compile: 19ms, proxy.ts: 287ms, render: 797ms)[22m
[2m[WebServer] [22m GET /api/guest/announcements [32m200[39m in 5.4s[2m (compile: 3.7s, proxy.ts: 336ms, render: 1319ms)[22m
[2m[WebServer] [22m GET /api/guest/wedding-info [32m200[39m in 5.4s[2m (compile: 3.7s, proxy.ts: 338ms, render: 1328ms)[22m
[2m[WebServer] [22m GET /guest/events [32m200[39m in 6.2s[2m (compile: 4.6s, proxy.ts: 170ms, render: 1462ms)[22m
[2m[WebServer] [22m GET /guest/dashboard [32m200[39m in 2.1s[2m (compile: 256ms, proxy.ts: 385ms, render: 1473ms)[22m
[2m[WebServer] [22m[Middleware] Guest auth check: {
[2m[WebServer] [22m  path: '/api/guest/rsvps',
[2m[WebServer] [22m  hasCookie: true,
[2m[WebServer] [22m  cookieValue: '1901861b...',
[2m[WebServer] [22m  allCookies: [ 'guest_session' ]
[2m[WebServer] [22m}
[2m[WebServer] [22m[Middleware] Guest auth check: {
[2m[WebServer] [22m  path: '/api/guest/events',
[2m[WebServer] [22m  hasCookie: true,
[2m[WebServer] [22m  cookieValue: '1901861b...',
[2m[WebServer] [22m  allCookies: [ 'guest_session' ]
[2m[WebServer] [22m}
[2m[WebServer] [22m[Middleware] Guest auth check: {
[2m[WebServer] [22m  path: '/api/guest/events',
[2m[WebServer] [22m  hasCookie: true,
[2m[WebServer] [22m  cookieValue: '5bd6228f...',
[2m[WebServer] [22m  allCookies: [ 'guest_session', '__next_hmr_refresh_hash__' ]
[2m[WebServer] [22m}
[2m[WebServer] [22m[Middleware] Guest auth check: {
[2m[WebServer] [22m  path: '/api/guest/wedding-info',
[2m[WebServer] [22m  hasCookie: true,
[2m[WebServer] [22m  cookieValue: '1901861b...',
[2m[WebServer] [22m  allCookies: [ 'guest_session' ]
[2m[WebServer] [22m}
[2m[WebServer] [22m[Middleware] Guest auth check: {
[2m[WebServer] [22m  path: '/api/guest/announcements',
[2m[WebServer] [22m  hasCookie: true,
[2m[WebServer] [22m  cookieValue: '1901861b...',
[2m[WebServer] [22m  allCookies: [ 'guest_session' ]
[2m[WebServer] [22m}
[2m[WebServer] [22m[Middleware] Guest auth check: {
[2m[WebServer] [22m  path: '/guest/events',
[2m[WebServer] [22m  hasCookie: true,
[2m[WebServer] [22m  cookieValue: '5bd6228f...',
[2m[WebServer] [22m  allCookies: [ 'guest_session', '__next_hmr_refresh_hash__' ]
[2m[WebServer] [22m}
[2m[WebServer] [22m[Middleware] Session query result: {
[2m[WebServer] [22m  sessionsFound: 1,
[2m[WebServer] [22m  hasError: false,
[2m[WebServer] [22m  errorMessage: undefined,
[2m[WebServer] [22m  tokenPrefix: '5bd6228f'
[2m[WebServer] [22m}
[2m[WebServer] [22m[Middleware] Session query result: {
[2m[WebServer] [22m  sessionsFound: 1,
[2m[WebServer] [22m  hasError: false,
[2m[WebServer] [22m  errorMessage: undefined,
[2m[WebServer] [22m  tokenPrefix: '1901861b'
[2m[WebServer] [22m}
[2m[WebServer] [22m[Middleware] Session query result: {
[2m[WebServer] [22m  sessionsFound: 1,
[2m[WebServer] [22m  hasError: false,
[2m[WebServer] [22m  errorMessage: undefined,
[2m[WebServer] [22m  tokenPrefix: '1901861b'
[2m[WebServer] [22m}
[2m[WebServer] [22m[Middleware] Session query result: {
[2m[WebServer] [22m  sessionsFound: 1,
[2m[WebServer] [22m  hasError: false,
[2m[WebServer] [22m  errorMessage: undefined,
[2m[WebServer] [22m  tokenPrefix: '1901861b'
[2m[WebServer] [22m}
[2m[WebServer] [22m[Middleware] Session query result: {
[2m[WebServer] [22m  sessionsFound: 1,
[2m[WebServer] [22m  hasError: false,
[2m[WebServer] [22m  errorMessage: undefined,
[2m[WebServer] [22m  tokenPrefix: '1901861b'
[2m[WebServer] [22m}
[2m[WebServer] [22m[Middleware] Session query result: {
[2m[WebServer] [22m  sessionsFound: 1,
[2m[WebServer] [22m  hasError: false,
[2m[WebServer] [22m  errorMessage: undefined,
[2m[WebServer] [22m  tokenPrefix: '5bd6228f'
[2m[WebServer] [22m}
[2m[WebServer] [22m GET /api/guest/events [32m200[39m in 548ms[2m (compile: 38ms, proxy.ts: 208ms, render: 301ms)[22m
[2m[WebServer] [22m GET /guest/events [32m200[39m in 538ms[2m (compile: 28ms, proxy.ts: 164ms, render: 346ms)[22m
[2m[WebServer] [22m GET /api/guest/announcements [32m200[39m in 609ms[2m (compile: 17ms, proxy.ts: 195ms, render: 396ms)[22m
[2m[WebServer] [22m GET /api/guest/rsvps [32m200[39m in 682ms[2m (compile: 7ms, proxy.ts: 189ms, render: 485ms)[22m
[2m[WebServer] [22m GET /api/guest/wedding-info [32m200[39m in 722ms[2m (compile: 37ms, proxy.ts: 207ms, render: 477ms)[22m
[2m[WebServer] [22m GET /api/guest/events [32m200[39m in 796ms[2m (compile: 9ms, proxy.ts: 195ms, render: 592ms)[22m
[2m[WebServer] [22m[Middleware] Guest auth check: {
[2m[WebServer] [22m  path: '/api/guest/events',
[2m[WebServer] [22m  hasCookie: true,
[2m[WebServer] [22m  cookieValue: '5bd6228f...',
[2m[WebServer] [22m  allCookies: [ 'guest_session', '__next_hmr_refresh_hash__' ]
[2m[WebServer] [22m}
[2m[WebServer] [22m[Middleware] Session query result: {
[2m[WebServer] [22m  sessionsFound: 1,
[2m[WebServer] [22m  hasError: false,
[2m[WebServer] [22m  errorMessage: undefined,
[2m[WebServer] [22m  tokenPrefix: '5bd6228f'
[2m[WebServer] [22m}
[2m[WebServer] [22m GET /api/guest/events [32m200[39m in 736ms[2m (compile: 1531µs, proxy.ts: 143ms, render: 591ms)[22m
[2m[WebServer] [22m[Middleware] Guest auth check: {
[2m[WebServer] [22m  path: '/guest/activities',
[2m[WebServer] [22m  hasCookie: true,
[2m[WebServer] [22m  cookieValue: '5bd6228f...',
[2m[WebServer] [22m  allCookies: [ 'guest_session', '__next_hmr_refresh_hash__' ]
[2m[WebServer] [22m}
[2m[WebServer] [22m[Middleware] Session query result: {
[2m[WebServer] [22m  sessionsFound: 1,
[2m[WebServer] [22m  hasError: false,
[2m[WebServer] [22m  errorMessage: undefined,
[2m[WebServer] [22m  tokenPrefix: '5bd6228f'
[2m[WebServer] [22m}
[2m[WebServer] [22m[Middleware] Guest auth check: {
[2m[WebServer] [22m  path: '/guest/events',
[2m[WebServer] [22m  hasCookie: true,
[2m[WebServer] [22m  cookieValue: '5bd6228f...',
[2m[WebServer] [22m  allCookies: [ 'guest_session', '__next_hmr_refresh_hash__' ]
[2m[WebServer] [22m}
[2m[WebServer] [22m[Middleware] Guest auth check: {
[2m[WebServer] [22m  path: '/guest/dashboard',
[2m[WebServer] [22m  hasCookie: true,
[2m[WebServer] [22m  cookieValue: '1901861b...',
[2m[WebServer] [22m  allCookies: [ 'guest_session', '__next_hmr_refresh_hash__' ]
[2m[WebServer] [22m}
[2m[WebServer] [22m[Middleware] Session query result: {
[2m[WebServer] [22m  sessionsFound: 1,
[2m[WebServer] [22m  hasError: false,
[2m[WebServer] [22m  errorMessage: undefined,
[2m[WebServer] [22m  tokenPrefix: '1901861b'
[2m[WebServer] [22m}
[2m[WebServer] [22m[Middleware] Session query result: {
[2m[WebServer] [22m  sessionsFound: 1,
[2m[WebServer] [22m  hasError: false,
[2m[WebServer] [22m  errorMessage: undefined,
[2m[WebServer] [22m  tokenPrefix: '5bd6228f'
[2m[WebServer] [22m}
  ✓   9 [chromium] › __tests__/e2e/auth/guestAuth.spec.ts:444:7 › Guest Authentication › should show error for already used magic link (18.5s)
[2m[WebServer] [22m[31m[1m⨯[22m[39m SyntaxError: Unexpected end of JSON input
[2m[WebServer] [22m    at JSON.parse (<anonymous>) {
[2m[WebServer] [22m  page: [32m'/guest/dashboard'[39m
[2m[WebServer] [22m}
[2m[WebServer] [22m GET /auth/guest-login/verify?error=TOKEN_USED&message=This+magic+link+has+already+been+used [32m200[39m in 926ms[2m (compile: 382ms, proxy.ts: 57ms, render: 488ms)[22m
[2m[WebServer] [22m GET /guest/dashboard [31m500[39m in 938ms[2m (compile: 123ms, proxy.ts: 383ms, render: 431ms)[22m
[2m[WebServer] [22m GET /auth/guest-login [32m200[39m in 972ms[2m (compile: 356ms, proxy.ts: 57ms, render: 559ms)[22m
  ✘  11 [chromium] › __tests__/e2e/auth/guestAuth.spec.ts:535:7 › Guest Authentication › should complete logout flow (15.6s)
[2m[WebServer] [22m[33m[1m⚠[22m[39m Fast Refresh had to perform a full reload. Read more: https://nextjs.org/docs/messages/fast-refresh-reload
[2m[WebServer] [22m GET /guest/events [32m200[39m in 1041ms[2m (compile: 519ms, proxy.ts: 386ms, render: 136ms)[22m
[2m[WebServer] [22m GET /guest/activities [32m200[39m in 3.2s[2m (compile: 1679ms, proxy.ts: 136ms, render: 1345ms)[22m
[Worker 0] Created test guest: {
  email: [32m'test-w0-1770447897285-ruriqx45@example.com'[39m,
  id: [32m'80737a2c-552f-4acd-8d5e-3a0c3341b72b'[39m,
  authMethod: [32m'email_matching'[39m,
  groupId: [32m'44ccd5d1-55d4-417e-85bd-9ef55fb5434b'[39m
}
[Worker 0] ✅ Verified guest exists: {
  email: [32m'test-w0-1770447897285-ruriqx45@example.com'[39m,
  authMethod: [32m'email_matching'[39m
}
  ✓  13 [chromium] › __tests__/e2e/auth/guestAuth.spec.ts:630:7 › Guest Authentication › should switch between authentication tabs (8.9s)
[dotenv@17.2.4] injecting env (0) from .env.e2e -- tip: 🔐 encrypt with Dotenvx: https://dotenvx.com
[Worker 4] Created test guest: {
  email: [32m'test-w4-1770447898739-k5wws39x@example.com'[39m,
  id: [32m'02d64b28-a03d-4c82-9fc1-6097013fdce6'[39m,
  authMethod: [32m'email_matching'[39m,
  groupId: [32m'3a246456-835c-43ea-b298-6634adbad5d7'[39m
}
[Worker 4] ✅ Verified guest exists: {
  email: [32m'test-w4-1770447898739-k5wws39x@example.com'[39m,
  authMethod: [32m'email_matching'[39m
}
[2m[WebServer] [22m[37m[1m○[22m[39m Compiling /_error ...
[2m[WebServer] [22m GET /auth/guest-login [32m200[39m in 1061ms[2m (compile: 897ms, proxy.ts: 15ms, render: 148ms)[22m
[2m[WebServer] [22m GET /auth/guest-login [32m200[39m in 3.0s[2m (compile: 2.8s, proxy.ts: 83ms, render: 150ms)[22m
[2m[WebServer] [22m[Middleware] Guest auth check: {
[2m[WebServer] [22m  path: '/api/guest/activities',
[2m[WebServer] [22m  hasCookie: true,
[2m[WebServer] [22m  cookieValue: '5bd6228f...',
[2m[WebServer] [22m  allCookies: [ 'guest_session', '__next_hmr_refresh_hash__' ]
[2m[WebServer] [22m}
[2m[WebServer] [22m[Middleware] Session query result: {
[2m[WebServer] [22m  sessionsFound: 1,
[2m[WebServer] [22m  hasError: false,
[2m[WebServer] [22m  errorMessage: undefined,
[2m[WebServer] [22m  tokenPrefix: '5bd6228f'
[2m[WebServer] [22m}
[2m[WebServer] [22m[37m[1m○[22m[39m Compiling /api/guest/activities ...
[2m[WebServer] [22m[API] Looking for guest with email: test-w4-1770447898739-k5wws39x@example.com
[2m[WebServer] [22m[API] Looking for guest with email: nonexistent@example.com
[2m[WebServer] [22m[Middleware] Guest auth check: {
[2m[WebServer] [22m  path: '/guest/activities',
[2m[WebServer] [22m  hasCookie: true,
[2m[WebServer] [22m  cookieValue: '5bd6228f...',
[2m[WebServer] [22m  allCookies: [ 'guest_session', '__next_hmr_refresh_hash__' ]
[2m[WebServer] [22m}
[2m[WebServer] [22m[API] Guest query result: {
[2m[WebServer] [22m  found: [33mtrue[39m,
[2m[WebServer] [22m  email: [32m'test-w4-1770447898739-k5wws39x@example.com'[39m,
[2m[WebServer] [22m  authMethod: [32m'email_matching'[39m,
[2m[WebServer] [22m  error: [90mundefined[39m
[2m[WebServer] [22m}
[2m[WebServer] [22m GET /auth/guest-login [32m200[39m in 123ms[2m (compile: 34ms, proxy.ts: 19ms, render: 70ms)[22m
[2m[WebServer] [22m GET /auth/guest-login [32m200[39m in 132ms[2m (compile: 34ms, proxy.ts: 19ms, render: 79ms)[22m
[2m[WebServer] [22m[API] Guest query result: {
[2m[WebServer] [22m  found: [33mfalse[39m,
[2m[WebServer] [22m  email: [90mundefined[39m,
[2m[WebServer] [22m  authMethod: [90mundefined[39m,
[2m[WebServer] [22m  error: [32m'Cannot coerce the result to a single JSON object'[39m
[2m[WebServer] [22m}
[2m[WebServer] [22m POST /api/guest-auth/email-match [33m404[39m in 3.5s[2m (compile: 2.9s, proxy.ts: 318ms, render: 301ms)[22m
[2m[WebServer] [22m[API] Setting guest session cookie: {
[2m[WebServer] [22m  tokenPrefix: [32m'9f589b1f'[39m,
[2m[WebServer] [22m  cookieOptions: {
[2m[WebServer] [22m    httpOnly: [33mtrue[39m,
[2m[WebServer] [22m    secure: [33mfalse[39m,
[2m[WebServer] [22m    sameSite: [32m'lax'[39m,
[2m[WebServer] [22m    maxAge: [33m86400[39m,
[2m[WebServer] [22m    path: [32m'/'[39m
[2m[WebServer] [22m  },
[2m[WebServer] [22m  guestId: [32m'02d64b28-a03d-4c82-9fc1-6097013fdce6'[39m,
[2m[WebServer] [22m  sessionId: [32m'8f25aa78-078d-45c0-87fd-1aae0d51c265'[39m
[2m[WebServer] [22m}
[2m[WebServer] [22m POST /api/guest-auth/email-match [32m200[39m in 3.5s[2m (compile: 2.9s, proxy.ts: 319ms, render: 305ms)[22m
[2m[WebServer] [22m[Middleware] Session query result: {
[2m[WebServer] [22m  sessionsFound: 1,
[2m[WebServer] [22m  hasError: false,
[2m[WebServer] [22m  errorMessage: undefined,
[2m[WebServer] [22m  tokenPrefix: '5bd6228f'
[2m[WebServer] [22m}
[2m[WebServer] [22m GET /guest/activities [32m200[39m in 316ms[2m (compile: 9ms, proxy.ts: 281ms, render: 27ms)[22m
[2m[WebServer] [22m GET /api/guest/activities [32m200[39m in 4.6s[2m (compile: 3.5s, proxy.ts: 167ms, render: 931ms)[22m
[2m[WebServer] [22m[Middleware] Guest auth check: {
[2m[WebServer] [22m  path: '/guest/dashboard',
[2m[WebServer] [22m  hasCookie: true,
[2m[WebServer] [22m  cookieValue: '9f589b1f...',
[2m[WebServer] [22m  allCookies: [ '__next_hmr_refresh_hash__', 'guest_session' ]
[2m[WebServer] [22m}
[2m[WebServer] [22m[Middleware] Session query result: {
[2m[WebServer] [22m  sessionsFound: 1,
[2m[WebServer] [22m  hasError: false,
[2m[WebServer] [22m  errorMessage: undefined,
[2m[WebServer] [22m  tokenPrefix: '9f589b1f'
[2m[WebServer] [22m}
[2m[WebServer] [22m GET /auth/guest-login/verify?token=a4ea55fad3c1d8042ef96a4bdec914fcc69fb9e0b10c29022605121094ca5513 [32m200[39m in 176ms[2m (compile: 14ms, proxy.ts: 15ms, render: 146ms)[22m
[2m[WebServer] [22m[GuestDashboard] Session check: { hasToken: [33mtrue[39m, tokenPrefix: [32m'9f589b1f'[39m }
[2m[WebServer] [22m[GuestDashboard] Session query result: {
[2m[WebServer] [22m  found: [33mtrue[39m,
[2m[WebServer] [22m  error: [90mundefined[39m,
[2m[WebServer] [22m  guestId: [32m'02d64b28-a03d-4c82-9fc1-6097013fdce6'[39m
[2m[WebServer] [22m}
[2m[WebServer] [22m[GuestDashboard] Guest query result: {
[2m[WebServer] [22m  found: [33mtrue[39m,
[2m[WebServer] [22m  error: [90mundefined[39m,
[2m[WebServer] [22m  email: [32m'test-w4-1770447898739-k5wws39x@example.com'[39m
[2m[WebServer] [22m}
[2m[WebServer] [22m[GuestDashboard] Rendering dashboard for guest: test-w4-1770447898739-k5wws39x@example.com
[2m[WebServer] [22m GET /guest/dashboard [32m200[39m in 622ms[2m (compile: 69ms, proxy.ts: 175ms, render: 379ms)[22m
[2m[WebServer] [22m[Middleware] Guest auth check: {
[2m[WebServer] [22m  path: '/guest/activities',
[2m[WebServer] [22m  hasCookie: true,
[2m[WebServer] [22m  cookieValue: '5bd6228f...',
[2m[WebServer] [22m  allCookies: [ 'guest_session', '__next_hmr_refresh_hash__' ]
[2m[WebServer] [22m}
[2m[WebServer] [22m[Middleware] Session query result: {
[2m[WebServer] [22m  sessionsFound: 1,
[2m[WebServer] [22m  hasError: false,
[2m[WebServer] [22m  errorMessage: undefined,
[2m[WebServer] [22m  tokenPrefix: '5bd6228f'
[2m[WebServer] [22m}
[2m[WebServer] [22m POST /api/guest-auth/magic-link/verify [34m307[39m in 157ms[2m (compile: 5ms, proxy.ts: 12ms, render: 141ms)[22m
[2m[WebServer] [22m POST /auth/guest-login/verify?error=INVALID_TOKEN&message=Invalid+or+expired+magic+link [32m200[39m in 50ms[2m (compile: 3ms, proxy.ts: 12ms, render: 35ms)[22m
[2m[WebServer] [22m GET /guest/activities [32m200[39m in 587ms[2m (compile: 2ms, proxy.ts: 166ms, render: 418ms)[22m
[2m[WebServer] [22m[Middleware] Guest auth check: {
[2m[WebServer] [22m  path: '/api/guest/announcements',
[2m[WebServer] [22m  hasCookie: true,
[2m[WebServer] [22m  cookieValue: '9f589b1f...',
[2m[WebServer] [22m  allCookies: [ '__next_hmr_refresh_hash__', 'guest_session' ]
[2m[WebServer] [22m}
[2m[WebServer] [22m[Middleware] Guest auth check: {
[2m[WebServer] [22m  path: '/api/guest/events',
[2m[WebServer] [22m  hasCookie: true,
[2m[WebServer] [22m  cookieValue: '9f589b1f...',
[2m[WebServer] [22m  allCookies: [ '__next_hmr_refresh_hash__', 'guest_session' ]
[2m[WebServer] [22m}
[2m[WebServer] [22m[Middleware] Guest auth check: {
[2m[WebServer] [22m  path: '/api/guest/rsvps',
[2m[WebServer] [22m  hasCookie: true,
[2m[WebServer] [22m  cookieValue: '9f589b1f...',
[2m[WebServer] [22m  allCookies: [ '__next_hmr_refresh_hash__', 'guest_session' ]
[2m[WebServer] [22m}
[2m[WebServer] [22m[Middleware] Guest auth check: {
[2m[WebServer] [22m  path: '/api/guest/wedding-info',
[2m[WebServer] [22m  hasCookie: true,
[2m[WebServer] [22m  cookieValue: '9f589b1f...',
[2m[WebServer] [22m  allCookies: [ '__next_hmr_refresh_hash__', 'guest_session' ]
[2m[WebServer] [22m}
[2m[WebServer] [22m[Middleware] Session query result: {
[2m[WebServer] [22m  sessionsFound: 1,
[2m[WebServer] [22m  hasError: false,
[2m[WebServer] [22m  errorMessage: undefined,
[2m[WebServer] [22m  tokenPrefix: '9f589b1f'
[2m[WebServer] [22m}
[2m[WebServer] [22m[Middleware] Session query result: {
[2m[WebServer] [22m  sessionsFound: 1,
[2m[WebServer] [22m  hasError: false,
[2m[WebServer] [22m  errorMessage: undefined,
[2m[WebServer] [22m  tokenPrefix: '9f589b1f'
[2m[WebServer] [22m}
[2m[WebServer] [22m[Middleware] Session query result: {
[2m[WebServer] [22m  sessionsFound: 1,
[2m[WebServer] [22m  hasError: false,
[2m[WebServer] [22m  errorMessage: undefined,
[2m[WebServer] [22m  tokenPrefix: '9f589b1f'
[2m[WebServer] [22m}
[2m[WebServer] [22m[Middleware] Session query result: {
[2m[WebServer] [22m  sessionsFound: 1,
[2m[WebServer] [22m  hasError: false,
[2m[WebServer] [22m  errorMessage: undefined,
[2m[WebServer] [22m  tokenPrefix: '9f589b1f'
[2m[WebServer] [22m}
[2m[WebServer] [22m GET /api/guest/announcements [32m200[39m in 581ms[2m (compile: 13ms, proxy.ts: 155ms, render: 413ms)[22m
[2m[WebServer] [22m GET /api/guest/wedding-info [32m200[39m in 622ms[2m (compile: 28ms, proxy.ts: 181ms, render: 412ms)[22m
[2m[WebServer] [22m GET /api/guest/rsvps [32m200[39m in 639ms[2m (compile: 22ms, proxy.ts: 171ms, render: 446ms)[22m
[2m[WebServer] [22m[Middleware] Guest auth check: {
[2m[WebServer] [22m  path: '/api/guest/activities',
[2m[WebServer] [22m  hasCookie: true,
[2m[WebServer] [22m  cookieValue: '5bd6228f...',
[2m[WebServer] [22m  allCookies: [ 'guest_session', '__next_hmr_refresh_hash__' ]
[2m[WebServer] [22m}
[2m[WebServer] [22m[Middleware] Session query result: {
[2m[WebServer] [22m  sessionsFound: 1,
[2m[WebServer] [22m  hasError: false,
[2m[WebServer] [22m  errorMessage: undefined,
[2m[WebServer] [22m  tokenPrefix: '5bd6228f'
[2m[WebServer] [22m}
[2m[WebServer] [22m GET /api/guest/events [32m200[39m in 987ms[2m (compile: 37ms, proxy.ts: 180ms, render: 770ms)[22m
[2m[WebServer] [22m GET /api/guest/activities [32m200[39m in 553ms[2m (compile: 5ms, proxy.ts: 137ms, render: 411ms)[22m
  ✓  12 [chromium] › __tests__/e2e/auth/guestAuth.spec.ts:602:7 › Guest Authentication › should persist authentication across page refreshes (30.2s)
  ✘  15 [chromium] › __tests__/e2e/auth/guestAuth.spec.ts:718:7 › Guest Authentication › should log authentication events in audit log (15.1s)
  ✓  14 [chromium] › __tests__/e2e/auth/guestAuth.spec.ts:673:7 › Guest Authentication › should handle authentication errors gracefully (16.9s)

🧹 E2E Global Teardown Starting...

🗑️  Cleaning up test data...
🧹 Running comprehensive test cleanup...
✅ Comprehensive cleanup complete
✅ Test data cleaned

🔓 Removing authentication state...
   Removed: .auth/user.json
   Removed empty .auth directory
✅ Authentication state removed

📊 Execution Summary:
   Duration: 2.18s
   Errors: 0
   Status: ✅ Clean teardown

✨ E2E Global Teardown Complete!



  1) [chromium] › __tests__/e2e/auth/guestAuth.spec.ts:535:7 › Guest Authentication › should complete logout flow 

    Error: page.goto: net::ERR_ABORTED at http://localhost:3000/guest/dashboard
    Call log:
    [2m  - navigating to "http://localhost:3000/guest/dashboard", waiting until "load"[22m


      579 |     if (!currentUrl.includes('/auth/guest-login')) {
      580 |       // If not redirected yet, try navigating to a protected page
    > 581 |       await page.goto('/guest/dashboard');
          |                  ^
      582 |       await page.waitForTimeout(1000);
      583 |     }
      584 |
        at /Users/jaron/Desktop/wedding-platform-v2/__tests__/e2e/auth/guestAuth.spec.ts:581:18

    attachment #1: screenshot (image/png) ──────────────────────────────────────────────────────────
    test-results/auth-guestAuth-Guest-Authe-b7d01-should-complete-logout-flow-chromium/test-failed-1.png
    ────────────────────────────────────────────────────────────────────────────────────────────────

    attachment #2: video (video/webm) ──────────────────────────────────────────────────────────────
    test-results/auth-guestAuth-Guest-Authe-b7d01-should-complete-logout-flow-chromium/video.webm
    ────────────────────────────────────────────────────────────────────────────────────────────────

    Error Context: test-results/auth-guestAuth-Guest-Authe-b7d01-should-complete-logout-flow-chromium/error-context.md

  2) [chromium] › __tests__/e2e/auth/guestAuth.spec.ts:718:7 › Guest Authentication › should log authentication events in audit log 

    Error: [2mexpect([22m[31mreceived[39m[2m).[22mtoHaveLength[2m([22m[32mexpected[39m[2m)[22m

    Expected length: [32m1[39m
    Received length: [31m0[39m
    Received array:  [31m[][39m

      753 |
      754 |     expect(loginError).toBeNull();
    > 755 |     expect(loginLogs).toHaveLength(1);
          |                       ^
      756 |     expect(loginLogs![0].details.auth_method).toBe('email_matching');
      757 |     expect(loginLogs![0].details.email).toBe(testGuestEmail);
      758 |
        at /Users/jaron/Desktop/wedding-platform-v2/__tests__/e2e/auth/guestAuth.spec.ts:755:23

    attachment #1: screenshot (image/png) ──────────────────────────────────────────────────────────
    test-results/auth-guestAuth-Guest-Authe-c413d-ication-events-in-audit-log-chromium/test-failed-1.png
    ────────────────────────────────────────────────────────────────────────────────────────────────

    attachment #2: video (video/webm) ──────────────────────────────────────────────────────────────
    test-results/auth-guestAuth-Guest-Authe-c413d-ication-events-in-audit-log-chromium/video.webm
    ────────────────────────────────────────────────────────────────────────────────────────────────

    Error Context: test-results/auth-guestAuth-Guest-Authe-c413d-ication-events-in-audit-log-chromium/error-context.md

  2 failed
    [chromium] › __tests__/e2e/auth/guestAuth.spec.ts:535:7 › Guest Authentication › should complete logout flow 
    [chromium] › __tests__/e2e/auth/guestAuth.spec.ts:718:7 › Guest Authentication › should log authentication events in audit log 
  1 skipped
  12 passed (1.3m)

[36m  Serving HTML report at http://localhost:64815. Press Ctrl+C to quit.[39m
