
> destination-wedding-platform@0.1.0 test:e2e
> playwright test __tests__/e2e/auth/guestAuth.spec.ts

[dotenv@17.2.3] injecting env (24) from .env.e2e -- tip: ✅ audit secrets and track compliance: https://dotenvx.com/ops
[2m[WebServer] [22m
[2m[WebServer] [22m> destination-wedding-platform@0.1.0 dev
[2m[WebServer] [22m> next dev
[2m[WebServer] [22m
[2m[WebServer] [22m[1m[38;2;173;127;168m▲ Next.js 16.1.1[39m[22m (Turbopack)
[2m[WebServer] [22m- Local:         http://localhost:3000
[2m[WebServer] [22m- Network:       http://192.168.7.238:3000
[2m[WebServer] [22m- Environments: .env.test
[2m[WebServer] [22m
[2m[WebServer] [22m[32m[1m✓[22m[39m Starting...
[2m[WebServer] [22m[33m[1m⚠[22m[39m The "middleware" file convention is deprecated. Please use "proxy" instead. Learn more: https://nextjs.org/docs/messages/middleware-to-proxy
[2m[WebServer] [22m🚀 Initializing application services...
[2m[WebServer] [22m✅ B2 client initialized successfully {
[2m[WebServer] [22m  endpoint: [32m'https://s3.us-west-004.backblazeb2.com'[39m,
[2m[WebServer] [22m  region: [32m'us-west-004'[39m,
[2m[WebServer] [22m  bucket: [32m'test-bucket'[39m,
[2m[WebServer] [22m  cdnDomain: [32m'https://test-cdn.example.com'[39m
[2m[WebServer] [22m}
[2m[WebServer] [22m✅ Application services initialized successfully
[2m[WebServer] [22m[32m[1m✓[22m[39m Ready in 1387ms

🚀 E2E Global Setup Starting...

📊 Verifying test database connection...
[2m[WebServer] [22m GET / [32m200[39m in 2.0s[2m (compile: 1896ms, proxy.ts: 81ms, render: 69ms)[22m
✅ Test database connected

🧹 Cleaning up test data...
🧹 Running comprehensive test cleanup...
✅ Comprehensive cleanup complete
✅ Test data cleaned

👤 Creating test guest...
   Created test guest: test@example.com (ID: f965f423-6e87-4177-8149-01bb39db1f5e)
✅ Test guest created

📦 Creating comprehensive test data...
   Creating location hierarchy...
   Location hierarchy already exists
   Creating events...
   Warning: Could not create comprehensive test data: Failed to create wedding event: new row for relation "events" violates check constraint "events_event_type_check"
   Some E2E tests may fail due to missing data
✅ Comprehensive test data created

🌐 Verifying Next.js server...
[2m[WebServer] [22m[31m[1m⨯[22m[39m Error: ENOENT: no such file or directory, open '/Users/jaron/Desktop/wedding-platform-v2/.next/dev/server/app/page/build-manifest.json'
[2m[WebServer] [22m    at [3mignore-listed frames[23m {
[2m[WebServer] [22m  errno: [33m-2[39m,
[2m[WebServer] [22m  code: [32m'ENOENT'[39m,
[2m[WebServer] [22m  syscall: [32m'open'[39m,
[2m[WebServer] [22m  path: [32m'/Users/jaron/Desktop/wedding-platform-v2/.next/dev/server/app/page/build-manifest.json'[39m
[2m[WebServer] [22m}
[2m[WebServer] [22m
[2m[WebServer] [22mthread 'tokio-runtime-worker' (1393302) panicked at /Users/geist/dev/actions-runner/_work/next.js/next.js/turbopack/crates/turbo-tasks-backend/src/backend/operation/mod.rs:156:17:
[2m[WebServer] [22mFailed to restore task data (corrupted database or bug): Data for resolve_internal (TaskId 144589))
[2m[WebServer] [22m
[2m[WebServer] [22mCaused by:
[2m[WebServer] [22m    0: Looking up data for TaskId 144589 from database failed
[2m[WebServer] [22m    1: Unable to open static sorted file referenced from 00000013.meta
[2m[WebServer] [22m    2: Unable to open static sorted file 00000003.sst
[2m[WebServer] [22m    3: No such file or directory (os error 2)
[2m[WebServer] [22mnote: run with `RUST_BACKTRACE=1` environment variable to display a backtrace
[2m[WebServer] [22m
[2m[WebServer] [22mthread 'tokio-runtime-worker' (1393512) panicked at /Users/geist/dev/actions-runner/_work/next.js/next.js/turbopack/crates/turbo-tasks-backend/src/backend/operation/mod.rs:156:17:
[2m[WebServer] [22mFailed to restore task data (corrupted database or bug): Data for AfterResolvePluginCondition::matches (TaskId 144668))
[2m[WebServer] [22m
[2m[WebServer] [22mCaused by:
[2m[WebServer] [22m    0: Looking up data for TaskId 144668 from database failed
[2m[WebServer] [22m    1: Unable to open static sorted file referenced from 00000013.meta
[2m[WebServer] [22m    2: Unable to open static sorted file 00000006.sst
[2m[WebServer] [22m    3: No such file or directory (os error 2)
[2m[WebServer] [22m
[2m[WebServer] [22mthread 'tokio-runtime-worker' (1393496) panicked at /Users/geist/dev/actions-runner/_work/next.js/next.js/turbopack/crates/turbo-tasks-backend/src/backend/operation/mod.rs:156:17:
[2m[WebServer] [22mFailed to restore task data (corrupted database or bug): Data for EcmascriptModuleAsset::analyze (TaskId 144734))
[2m[WebServer] [22m
[2m[WebServer] [22mCaused by:
[2m[WebServer] [22m    0: Looking up data for TaskId 144734 from database failed
[2m[WebServer] [22m    1: Unable to open static sorted file referenced from 00000013.meta
[2m[WebServer] [22m    2: Unable to open static sorted file 00000003.sst
[2m[WebServer] [22m    3: No such file or directory (os error 2)
[2m[WebServer] [22m
[2m[WebServer] [22mthread 'tokio-runtime-worker' (1393302) panicked at /Users/geist/dev/actions-runner/_work/next.js/next.js/turbopack/crates/turbo-tasks-backend/src/backend/operation/mod.rs:156:17:
[2m[WebServer] [22mFailed to restore task data (corrupted database or bug): Meta for ResolvedMap::lookup (TaskId 144810))
[2m[WebServer] [22m
[2m[WebServer] [22mCaused by:
[2m[WebServer] [22m    0: Looking up data for TaskId 144810 from database failed
[2m[WebServer] [22m    1: Unable to open static sorted file referenced from 00000012.meta
[2m[WebServer] [22m    2: Unable to open static sorted file 00000007.sst
[2m[WebServer] [22m    3: No such file or directory (os error 2)
[2m[WebServer] [22m
[2m[WebServer] [22mthread 'tokio-runtime-worker' (1393512) panicked at /Users/geist/dev/actions-runner/_work/next.js/next.js/turbopack/crates/turbo-tasks-backend/src/backend/operation/mod.rs:156:17:
[2m[WebServer] [22mFailed to restore task data (corrupted database or bug): Meta for Request::request_pattern (TaskId 144997))
[2m[WebServer] [22m
[2m[WebServer] [22mCaused by:
[2m[WebServer] [22m    0: Looking up data for TaskId 144997 from database failed
[2m[WebServer] [22m    1: Unable to open static sorted file referenced from 00000012.meta
[2m[WebServer] [22m    2: Unable to open static sorted file 00000007.sst
[2m[WebServer] [22m    3: No such file or directory (os error 2)
[2m[WebServer] [22m
[2m[WebServer] [22mthread 'tokio-runtime-worker' (1393277) panicked at /Users/geist/dev/actions-runner/_work/next.js/next.js/turbopack/crates/turbo-tasks-backend/src/backend/operation/mod.rs:156:17:
[2m[WebServer] [22mFailed to restore task data (corrupted database or bug): Data for ResolveResult::is_unresolvable (TaskId 145071))
[2m[WebServer] [22m
[2m[WebServer] [22mCaused by:
[2m[WebServer] [22m    0: Looking up data for TaskId 145071 from database failed
[2m[WebServer] [22m    1: Unable to open static sorted file referenced from 00000013.meta
[2m[WebServer] [22m    2: Unable to open static sorted file 00000003.sst
[2m[WebServer] [22m    3: No such file or directory (os error 2)
[2m[WebServer] [22m
[2m[WebServer] [22mthread 'tokio-runtime-worker' (1393496) panicked at /Users/geist/dev/actions-runner/_work/next.js/next.js/turbopack/crates/turbo-tasks-backend/src/backend/operation/mod.rs:156:17:
[2m[WebServer] [22mFailed to restore task data (corrupted database or bug): Data for <ModuleAssetContext as AssetContext>::resolve_options (TaskId 145100))
[2m[WebServer] [22m
[2m[WebServer] [22mCaused by:
[2m[WebServer] [22m    0: Looking up data for TaskId 145100 from database failed
[2m[WebServer] [22m    1: Unable to open static sorted file referenced from 00000013.meta
[2m[WebServer] [22m    2: Unable to open static sorted file 00000003.sst
[2m[WebServer] [22m    3: No such file or directory (os error 2)
[2m[WebServer] [22m
[2m[WebServer] [22mthread 'tokio-runtime-worker' (1393530) panicked at /Users/geist/dev/actions-runner/_work/next.js/next.js/turbopack/crates/turbo-tasks-backend/src/backend/operation/mod.rs:156:17:
[2m[WebServer] [22mFailed to restore task data (corrupted database or bug): Data for Request::parse_inner (TaskId 145167))
[2m[WebServer] [22m
[2m[WebServer] [22mCaused by:
[2m[WebServer] [22m    0: Looking up data for TaskId 145167 from database failed
[2m[WebServer] [22m    1: Unable to open static sorted file referenced from 00000013.meta
[2m[WebServer] [22m    2: Unable to open static sorted file 00000003.sst
[2m[WebServer] [22m    3: No such file or directory (os error 2)
[2m[WebServer] [22m
[2m[WebServer] [22mthread 'tokio-runtime-worker' (1393302) panicked at /Users/geist/dev/actions-runner/_work/next.js/next.js/turbopack/crates/turbo-tasks-backend/src/backend/operation/mod.rs:156:17:
[2m[WebServer] [22mFailed to restore task data (corrupted database or bug): Data for EcmascriptModuleAsset::analyze (TaskId 145188))
[2m[WebServer] [22m
[2m[WebServer] [22mCaused by:
[2m[WebServer] [22m    0: Looking up data for TaskId 145188 from database failed
[2m[WebServer] [22m    1: Unable to open static sorted file referenced from 00000013.meta
[2m[WebServer] [22m    2: Unable to open static sorted file 00000006.sst
[2m[WebServer] [22m    3: No such file or directory (os error 2)
[2m[WebServer] [22m[37m[1m○[22m[39m Compiling /_error ...
[2m[WebServer] [22mPersisting failed: Unable to write SST file 00000017.sst
[2m[WebServer] [22m
[2m[WebServer] [22mCaused by:
[2m[WebServer] [22m    No such file or directory (os error 2)
[2m[WebServer] [22mPersisting failed: Another write batch or compaction is already active (Only a single write operations is allowed at a time)
[2m[WebServer] [22m
[2m[WebServer] [22mthread 'tokio-runtime-worker' (1393302) panicked at /Users/geist/dev/actions-runner/_work/next.js/next.js/turbopack/crates/turbo-tasks-backend/src/backend/operation/mod.rs:156:17:
[2m[WebServer] [22mFailed to restore task data (corrupted database or bug): Meta for EcmascriptBrowserChunk::own_content (TaskId 145248))
[2m[WebServer] [22m
[2m[WebServer] [22mCaused by:
[2m[WebServer] [22m    0: Looking up data for TaskId 145248 from database failed
[2m[WebServer] [22m    1: Unable to open static sorted file referenced from 00000012.meta
[2m[WebServer] [22m    2: Unable to open static sorted file 00000007.sst
[2m[WebServer] [22m    3: No such file or directory (os error 2)
[2m[WebServer] [22m
[2m[WebServer] [22mthread 'tokio-runtime-worker' (1393302) panicked at /Users/geist/dev/actions-runner/_work/next.js/next.js/turbopack/crates/turbo-tasks-backend/src/backend/operation/mod.rs:156:17:
[2m[WebServer] [22mFailed to restore task data (corrupted database or bug): Meta for chunk_items_with_info_with_type (TaskId 145436))
[2m[WebServer] [22m
[2m[WebServer] [22mCaused by:
[2m[WebServer] [22m    0: Looking up data for TaskId 145436 from database failed
[2m[WebServer] [22m    1: Unable to open static sorted file referenced from 00000012.meta
[2m[WebServer] [22m    2: Unable to open static sorted file 00000007.sst
[2m[WebServer] [22m    3: No such file or directory (os error 2)
[2m[WebServer] [22m[31m[1m⨯[22m[39m ./node_modules/next/dist/esm/server/web/adapter.js:70:13
[2m[WebServer] [22m[1m[31mModule not found[39m[22m: Can't resolve [32m'next/dist/experimental/testmode/server-edge'[39m
[2m[WebServer] [22mImport map: aliased to module 'next' with subpath '/dist/experimental/testmode/server-edge' inside of [project]/
[2m[WebServer] [22m
[2m[WebServer] [22m
[2m[WebServer] [22mhttps://nextjs.org/docs/messages/module-not-found
[2m[WebServer] [22m
[2m[WebServer] [22m
[2m[WebServer] [22m
[2m[WebServer] [22mthread 'tokio-runtime-worker' (1393530) panicked at /Users/geist/dev/actions-runner/_work/next.js/next.js/turbopack/crates/turbo-tasks-backend/src/backend/operation/mod.rs:156:17:
[2m[WebServer] [22mFailed to restore task data (corrupted database or bug): Data for Request::query (TaskId 145615))
[2m[WebServer] [22m
[2m[WebServer] [22mCaused by:
[2m[WebServer] [22m    0: Looking up data for TaskId 145615 from database failed
[2m[WebServer] [22m    1: Unable to open static sorted file referenced from 00000013.meta
[2m[WebServer] [22m    2: Unable to open static sorted file 00000005.sst
[2m[WebServer] [22m    3: No such file or directory (os error 2)
[2m[WebServer] [22m
[2m[WebServer] [22mthread 'tokio-runtime-worker' (1393283) panicked at /Users/geist/dev/actions-runner/_work/next.js/next.js/turbopack/crates/turbo-tasks-backend/src/backend/operation/mod.rs:156:17:
[2m[WebServer] [22mFailed to restore task data (corrupted database or bug): Meta for Request::query (TaskId 145767))
[2m[WebServer] [22m
[2m[WebServer] [22mCaused by:
[2m[WebServer] [22m    0: Looking up data for TaskId 145767 from database failed
[2m[WebServer] [22m    1: Unable to open static sorted file referenced from 00000012.meta
[2m[WebServer] [22m    2: Unable to open static sorted file 00000007.sst
[2m[WebServer] [22m    3: No such file or directory (os error 2)
[2m[WebServer] [22m
[2m[WebServer] [22mthread 'tokio-runtime-worker' (1393283) panicked at /Users/geist/dev/actions-runner/_work/next.js/next.js/turbopack/crates/turbo-tasks-backend/src/backend/operation/mod.rs:156:17:
[2m[WebServer] [22mFailed to restore task data (corrupted database or bug): Meta for <ModuleAssetContext as AssetContext>::process_resolve_result (TaskId 145787))
[2m[WebServer] [22m
[2m[WebServer] [22mCaused by:
[2m[WebServer] [22m    0: Looking up data for TaskId 145787 from database failed
[2m[WebServer] [22m    1: Unable to open static sorted file referenced from 00000012.meta
[2m[WebServer] [22m    2: Unable to open static sorted file 00000007.sst
[2m[WebServer] [22m    3: No such file or directory (os error 2)
[2m[WebServer] [22m
[2m[WebServer] [22mthread 'tokio-runtime-worker' (1393302) panicked at /Users/geist/dev/actions-runner/_work/next.js/next.js/turbopack/crates/turbo-tasks-backend/src/backend/operation/mod.rs:156:17:
[2m[WebServer] [22mFailed to restore task data (corrupted database or bug): Meta for ReferencedAsset::from_resolve_result (TaskId 145871))
[2m[WebServer] [22m
[2m[WebServer] [22mCaused by:
[2m[WebServer] [22m    0: Looking up data for TaskId 145871 from database failed
[2m[WebServer] [22m    1: Unable to open static sorted file referenced from 00000012.meta
[2m[WebServer] [22m    2: Unable to open static sorted file 00000007.sst
[2m[WebServer] [22m    3: No such file or directory (os error 2)
[2m[WebServer] [22m
[2m[WebServer] [22mthread 'tokio-runtime-worker' (1393572) panicked at /Users/geist/dev/actions-runner/_work/next.js/next.js/turbopack/crates/turbo-tasks-backend/src/backend/operation/mod.rs:156:17:
[2m[WebServer] [22mFailed to restore task data (corrupted database or bug): Meta for ReferencedAsset::from_resolve_result (TaskId 145953))
[2m[WebServer] [22m
[2m[WebServer] [22mCaused by:
[2m[WebServer] [22m    0: Looking up data for TaskId 145953 from database failed
[2m[WebServer] [22m    1: Unable to open static sorted file referenced from 00000012.meta
[2m[WebServer] [22m    2: Unable to open static sorted file 00000007.sst
[2m[WebServer] [22m    3: No such file or directory (os error 2)
[2m[WebServer] [22m
[2m[WebServer] [22mthread 'tokio-runtime-worker' (1395331) panicked at /Users/geist/dev/actions-runner/_work/next.js/next.js/turbopack/crates/turbo-tasks-backend/src/backend/operation/mod.rs:156:17:
[2m[WebServer] [22mFailed to restore task data (corrupted database or bug): Meta for EcmascriptBrowserChunkContent::new (TaskId 146008))
[2m[WebServer] [22m
[2m[WebServer] [22mCaused by:
[2m[WebServer] [22m    0: Looking up data for TaskId 146008 from database failed
[2m[WebServer] [22m    1: Unable to open static sorted file referenced from 00000012.meta
[2m[WebServer] [22m    2: Unable to open static sorted file 00000007.sst
[2m[WebServer] [22m    3: No such file or directory (os error 2)
[2m[WebServer] [22m
[2m[WebServer] [22mthread 'tokio-runtime-worker' (1393283) panicked at /Users/geist/dev/actions-runner/_work/next.js/next.js/turbopack/crates/turbo-tasks-backend/src/backend/operation/mod.rs:156:17:
[2m[WebServer] [22mFailed to restore task data (corrupted database or bug): Meta for ChunkableModuleBatchGroup::from_module_batch_group (TaskId 146018))
[2m[WebServer] [22m
[2m[WebServer] [22mCaused by:
[2m[WebServer] [22m    0: Looking up data for TaskId 146018 from database failed
[2m[WebServer] [22m    1: Unable to open static sorted file referenced from 00000012.meta
[2m[WebServer] [22m    2: Unable to open static sorted file 00000007.sst
[2m[WebServer] [22m    3: No such file or directory (os error 2)
[2m[WebServer] [22m
[2m[WebServer] [22mthread 'tokio-runtime-worker' (1393283) panicked at /Users/geist/dev/actions-runner/_work/next.js/next.js/turbopack/crates/turbo-tasks-backend/src/backend/operation/mod.rs:156:17:
[2m[WebServer] [22mFailed to restore task data (corrupted database or bug): Meta for chunk_items_with_info_with_type (TaskId 146096))
[2m[WebServer] [22m
[2m[WebServer] [22mCaused by:
[2m[WebServer] [22m    0: Looking up data for TaskId 146096 from database failed
[2m[WebServer] [22m    1: Unable to open static sorted file referenced from 00000012.meta
[2m[WebServer] [22m    2: Unable to open static sorted file 00000007.sst
[2m[WebServer] [22m    3: No such file or directory (os error 2)
[2m[WebServer] [22m
[2m[WebServer] [22mthread '[2m[WebServer] [22mtokio-runtime-worker' (1393283) panicked at /Users/geist/dev/actions-runner/_work/next.js/next.js/turbopack/crates/turbo-tasks-backend/src/backend/operation/mod.rs:156:17:
[2m[WebServer] [22mFailed to restore task data (corrupted database or bug): Data for chunk_items_with_info_with_type (TaskId 146115))
[2m[WebServer] [22m
[2m[WebServer] [22mCaused by:
[2m[WebServer] [22m    0: Looking up data for TaskId 146115 from database failed
[2m[WebServer] [22m    1: Unable to open static sorted file referenced from 00000013.meta
[2m[WebServer] [22m    2: Unable to open static sorted file 00000002.sst
[2m[WebServer] [22m    3: No such file or directory (os error 2)
[2m[WebServer] [22m
[2m[WebServer] [22mthread 'tokio-runtime-worker' (1393279) panicked at /Users/geist/dev/actions-runner/_work/next.js/next.js/turbopack/crates/turbo-tasks-backend/src/backend/operation/mod.rs:156:17:
[2m[WebServer] [22mFailed to restore task data (corrupted database or bug): Meta for ServerActionsGraph::get_server_actions_for_endpoint (TaskId 146338))
[2m[WebServer] [22m
[2m[WebServer] [22mCaused by:
[2m[WebServer] [22m    0: Looking up data for TaskId 146338 from database failed
[2m[WebServer] [22m    1: Unable to open static sorted file referenced from 00000012.meta
[2m[WebServer] [22m    2: Unable to open static sorted file 00000007.sst
[2m[WebServer] [22m    3: No such file or directory (os error 2)
[2m[WebServer] [22m
[2m[WebServer] [22mthread 'tokio-runtime-worker' (1393302) panicked at /Users/geist/dev/actions-runner/_work/next.js/next.js/turbopack/crates/turbo-tasks-backend/src/backend/operation/mod.rs:156:17:
[2m[WebServer] [22mFailed to restore task data (corrupted database or bug): Meta for ModuleBatch::new (TaskId 146379))
[2m[WebServer] [22m
[2m[WebServer] [22mCaused by:
[2m[WebServer] [22m    0: Looking up data for TaskId 146379 from database failed
[2m[WebServer] [22m    1: Unable to open static sorted file referenced from 00000012.meta
[2m[WebServer] [22m    2: Unable to open static sorted file 00000007.sst
[2m[WebServer] [22m    3: No such file or directory (os error 2)
[2m[WebServer] [22m
[2m[WebServer] [22mthread 'tokio-runtime-worker' (1393302) panicked at /Users/geist/dev/actions-runner/_work/next.js/next.js/turbopack/crates/turbo-tasks-backend/src/backend/operation/mod.rs:156:17:
[2m[WebServer] [22mFailed to restore task data (corrupted database or bug): Meta for ModuleResolveResult::primary_modules (TaskId 146425))
[2m[WebServer] [22m
[2m[WebServer] [22mCaused by:
[2m[WebServer] [22m    0: Looking up data for TaskId 146425 from database failed
[2m[WebServer] [22m    1: Unable to open static sorted file referenced from 00000012.meta
[2m[WebServer] [22m    2: Unable to open static sorted file 00000007.sst
[2m[WebServer] [22m    3: No such file or directory (os error 2)
[2m[WebServer] [22m
[2m[WebServer] [22mthread 'tokio-runtime-worker' (1393530) panicked at [2m[WebServer] [22m/Users/geist/dev/actions-runner/_work/next.js/next.js/turbopack/crates/turbo-tasks-backend/src/backend/operation/mod.rs:156:17:
[2m[WebServer] [22mFailed to restore task data (corrupted database or bug): Data for ReferencedAsset::from_resolve_result (TaskId 146472))
[2m[WebServer] [22m
[2m[WebServer] [22mCaused by:
[2m[WebServer] [22m    0: Looking up data for TaskId 146472 from database failed
[2m[WebServer] [22m    1: Unable to open static sorted file referenced from 00000013.meta
[2m[WebServer] [22m    2: Unable to open static sorted file 00000003.sst
[2m[WebServer] [22m    3: No such file or directory (os error 2)
[2m[WebServer] [22m
[2m[WebServer] [22mthread '[2m[WebServer] [22mtokio-runtime-worker' (1393496) panicked at /Users/geist/dev/actions-runner/_work/next.js/next.js/turbopack/crates/turbo-tasks-backend/src/backend/operation/mod.rs:156:17:
[2m[WebServer] [22mFailed to restore task data (corrupted database or bug): Data for Request::query (TaskId 146529))
[2m[WebServer] [22m
[2m[WebServer] [22mCaused by:
[2m[WebServer] [22m    0: Looking up data for TaskId 146529 from database failed
[2m[WebServer] [22m    1: Unable to open static sorted file referenced from 00000013.meta
[2m[WebServer] [22m    2: Unable to open static sorted file 00000003.sst
[2m[WebServer] [22m    3: No such file or directory (os error 2)
[2m[WebServer] [22m
[2m[WebServer] [22mthread 'tokio-runtime-worker' (1393302) panicked at /Users/geist/dev/actions-runner/_work/next.js/next.js/turbopack/crates/turbo-tasks-backend/src/backend/operation/mod.rs:156:17:
[2m[WebServer] [22mFailed to restore task data (corrupted database or bug): Meta for ReferencedAsset::from_resolve_result (TaskId 146590))
[2m[WebServer] [22m
[2m[WebServer] [22mCaused by:
[2m[WebServer] [22m    0: Looking up data for TaskId 146590 from database failed
[2m[WebServer] [22m    1: Unable to open static sorted file referenced from 00000012.meta
[2m[WebServer] [22m    2: Unable to open static sorted file 00000007.sst
[2m[WebServer] [22m    3: No such file or directory (os error 2)
[2m[WebServer] [22m
[2m[WebServer] [22mthread 'tokio-runtime-worker' (1393302) panicked at /Users/geist/dev/actions-runner/_work/next.js/next.js/turbopack/crates/turbo-tasks-backend/src/backend/operation/mod.rs:156:17:
[2m[WebServer] [22mFailed to restore task data (corrupted database or bug): Data for ModuleResolveResult::primary_modules (TaskId 146618))
[2m[WebServer] [22m
[2m[WebServer] [22mCaused by:
[2m[WebServer] [22m    0: Looking up data for TaskId 146618 from database failed
[2m[WebServer] [22m    1: Unable to open static sorted file referenced from 00000013.meta
[2m[WebServer] [22m    2: Unable to open static sorted file 00000003.sst
[2m[WebServer] [22m    3: No such file or directory (os error 2)
[2m[WebServer] [22m
[2m[WebServer] [22mthread 'tokio-runtime-worker' (1393283) panicked at /Users/geist/dev/actions-runner/_work/next.js/next.js/turbopack/crates/turbo-tasks-backend/src/backend/operation/mod.rs:156:17:
[2m[WebServer] [22mFailed to restore task data (corrupted database or bug): Data for ModuleOptions::new (TaskId 146984))
[2m[WebServer] [22m
[2m[WebServer] [22mCaused by:
[2m[WebServer] [22m    0: Looking up data for TaskId 146984 from database failed
[2m[WebServer] [22m    1: Unable to open static sorted file referenced from 00000013.meta
[2m[WebServer] [22m    2: Unable to open static sorted file 00000003.sst
[2m[WebServer] [22m    3: No such file or directory (os error 2)
[2m[WebServer] [22m
[2m[WebServer] [22mthread 'tokio-runtime-worker' (1393572) panicked at /Users/geist/dev/actions-runner/_work/next.js/next.js/turbopack/crates/turbo-tasks-backend/src/backend/operation/mod.rs:156:17:
[2m[WebServer] [22mFailed to restore task data (corrupted database or bug): Meta for ChunkableModuleReference::chunking_type (TaskId 147117))
[2m[WebServer] [22m
[2m[WebServer] [22mCaused by:
[2m[WebServer] [22m    0: Looking up data for TaskId 147117 from database failed
[2m[WebServer] [22m    1: Unable to open static sorted file referenced from 00000012.meta
[2m[WebServer] [22m    2: Unable to open static sorted file 00000007.sst
[2m[WebServer] [22m    3: No such file or directory (os error 2)
[2m[WebServer] [22m
[2m[WebServer] [22mthread 'tokio-runtime-worker' (1393283) panicked at /Users/geist/dev/actions-runner/_work/next.js/next.js/turbopack/crates/turbo-tasks-backend/src/backend/operation/mod.rs:156:17:
[2m[WebServer] [22mFailed to restore task data (corrupted database or bug): Data for cjs_resolve (TaskId 147137))
[2m[WebServer] [22m
[2m[WebServer] [22mCaused by:
[2m[WebServer] [22m    0: Looking up data for TaskId 147137 from database failed
[2m[WebServer] [22m    1: Unable to open static sorted file referenced from 00000013.meta
[2m[WebServer] [22m    2: Unable to open static sorted file 00000003.sst
[2m[WebServer] [22m    3: No such file or directory (os error 2)
[2m[WebServer] [22m
[2m[WebServer] [22mthread 'tokio-runtime-worker' (1393279) panicked at /Users/geist/dev/actions-runner/_work/next.js/next.js/turbopack/crates/turbo-tasks-backend/src/backend/operation/mod.rs:156:17:
[2m[WebServer] [22mFailed to restore task data (corrupted database or bug): Data for <ModuleAssetContext as AssetContext>::process (TaskId 147196))
[2m[WebServer] [22m
[2m[WebServer] [22mCaused by:
[2m[WebServer] [22m    0: Looking up data for TaskId 147196 from database failed
[2m[WebServer] [22m    1: Unable to open static sorted file referenced from 00000013.meta
[2m[WebServer] [22m    2: Unable to open static sorted file 00000001.sst
[2m[WebServer] [22m    3: No such file or directory (os error 2)
[2m[WebServer] [22m
[2m[WebServer] [22m-----
[2m[WebServer] [22m[1m[31mFATAL[39m[0m: An unexpected Turbopack error occurred. A panic log has been written to /var/folders/nr/7rw9htkx3kdg8df_qm7rdzq00000gn/T/next-panic-d7416a47162d634939674a0a4fc059e.log.
[2m[WebServer] [22m
[2m[WebServer] [22mTo help make Turbopack better, report this error by clicking here: https://github.com/vercel/next.js/discussions/new?category=turbopack-error-report&title=Turbopack%20Error%3A%20Expected%20file%20content%20for%20file&body=Turbopack%20version%3A%20%60v16.1.0-canary.19-84-g3aa53984e%60%0ANext.js%20version%3A%20%600.0.0%60%0A%0AError%20message%3A%0A%60%60%60%0ATurbopack%20Error%3A%20Expected%20file%20content%20for%20file%0A%60%60%60&labels=Turbopack,Turbopack%20Panic%20Backtrace
[2m[WebServer] [22m-----
[2m[WebServer] [22m
[2m[WebServer] [22m
[2m[WebServer] [22mthread 'tokio-runtime-worker' (1395331) panicked at /Users/geist/dev/actions-runner/_work/next.js/next.js/turbopack/crates/turbo-tasks-backend/src/backend/operation/mod.rs:156:17:
[2m[WebServer] [22mFailed to restore task data (corrupted database or bug): Meta for realpath_with_links (TaskId 147367))
[2m[WebServer] [22m
[2m[WebServer] [22mCaused by:
[2m[WebServer] [22m    0: Looking up data for TaskId 147367 from database failed
[2m[WebServer] [22m    1: Unable to open static sorted file referenced from 00000012.meta
[2m[WebServer] [22m    2: Unable to open static sorted file 00000007.sst
[2m[WebServer] [22m    3: No such file or directory (os error 2)
[2m[WebServer] [22m
[2m[WebServer] [22mthread 'tokio-runtime-worker' (1393302) panicked at /Users/geist/dev/actions-runner/_work/next.js/next.js/turbopack/crates/turbo-tasks-backend/src/backend/operation/mod.rs:156:17:
[2m[WebServer] [22mFailed to restore task data (corrupted database or bug): Data for ModuleResolveResult::primary_modules (TaskId 147549))
[2m[WebServer] [22m
[2m[WebServer] [22mCaused by:
[2m[WebServer] [22m    0: Looking up data for TaskId 147549 from database failed
[2m[WebServer] [22m    1: Unable to open static sorted file referenced from 00000013.meta
[2m[WebServer] [22m    2: Unable to open static sorted file 00000004.sst
[2m[WebServer] [22m    3: No such file or directory (os error 2)
[2m[WebServer] [22m
[2m[WebServer] [22mthread 'tokio-runtime-worker' (1393572) panicked at /Users/geist/dev/actions-runner/_work/next.js/next.js/turbopack/crates/turbo-tasks-backend/src/backend/operation/mod.rs:156:17:
[2m[WebServer] [22mFailed to restore task data (corrupted database or bug): Meta for <EcmascriptModuleAsset as ResolveOrigin>::origin_path (TaskId 147724))
[2m[WebServer] [22m
[2m[WebServer] [22mCaused by:
[2m[WebServer] [22m    0: Looking up data for TaskId 147724 from database failed
[2m[WebServer] [22m    1: Unable to open static sorted file referenced from 00000012.meta
[2m[WebServer] [22m    2: Unable to open static sorted file 00000007.sst
[2m[WebServer] [22m    3: No such file or directory (os error 2)
[2m[WebServer] [22m
[2m[WebServer] [22mthread 'tokio-runtime-worker' (1393279) panicked at /Users/geist/dev/actions-runner/_work/next.js/next.js/turbopack/crates/turbo-tasks-backend/src/backend/operation/mod.rs:156:17:
[2m[WebServer] [22mFailed to restore task data (corrupted database or bug): Meta for <ModuleAssetContext as AssetContext>::process (TaskId 147867))
[2m[WebServer] [22m
[2m[WebServer] [22mCaused by:
[2m[WebServer] [22m    0: Looking up data for TaskId 147867 from database failed
[2m[WebServer] [22m    1: Unable to open static sorted file referenced from 00000012.meta
[2m[WebServer] [22m    2: Unable to open static sorted file 00000007.sst
[2m[WebServer] [22m    3: No such file or directory (os error 2)
[2m[WebServer] [22m
[2m[WebServer] [22mthread 'tokio-runtime-worker' (1393283) panicked at /Users/geist/dev/actions-runner/_work/next.js/next.js/turbopack/crates/turbo-tasks-backend/src/backend/operation/mod.rs:156:17:
[2m[WebServer] [22mFailed to restore task data (corrupted database or bug): Meta for follow_reexports (TaskId 147900))
[2m[WebServer] [22m
[2m[WebServer] [22mCaused by:
[2m[WebServer] [22m    0: Looking up data for TaskId 147900 from database failed
[2m[WebServer] [22m    1: Unable to open static sorted file referenced from 00000012.meta
[2m[WebServer] [22m    2: Unable to open static sorted file 00000007.sst
[2m[WebServer] [22m    3: No such file or directory (os error 2)
[2m[WebServer] [22mError [TurbopackInternalError]: Expected file content for file
[2m[WebServer] [22m
[2m[WebServer] [22mDebug info:
[2m[WebServer] [22m- Execution of get_written_endpoint_with_issues_operation failed
[2m[WebServer] [22m- Execution of endpoint_write_to_disk failed
[2m[WebServer] [22m- Execution of <InstrumentationEndpoint as Endpoint>::output failed
[2m[WebServer] [22m- Execution of *all_server_paths failed
[2m[WebServer] [22m- Execution of InstrumentationEndpoint::output_assets failed
[2m[WebServer] [22m- Execution of InstrumentationEndpoint::edge_chunk_group failed
[2m[WebServer] [22m- Execution of InstrumentationEndpoint::entry_module failed
[2m[WebServer] [22m- Execution of wrap_edge_entry failed
[2m[WebServer] [22m- Execution of file_content_rope failed
[2m[WebServer] [22m- Expected file content for file
[2m[WebServer] [22m    at <unknown> (TurbopackInternalError: Expected file content for file) {
[2m[WebServer] [22m  location: [90mundefined[39m
[2m[WebServer] [22m}
   Waiting for server to start (30 seconds max)...
[2m[WebServer] [22m[?25h

❌ E2E Global Setup Failed: Error: Next.js server not accessible at http://localhost:3000
Error: fetch failed
Please ensure:
  1. Next.js dev server is running (npm run dev)
  2. Server is listening on the correct port
  3. No firewall blocking the connection
    at verifyNextJsServer (/Users/jaron/Desktop/wedding-platform-v2/__tests__/e2e/global-setup.ts:726:15)
    at processTicksAndRejections (node:internal/process/task_queues:95:5)
    at globalSetup (/Users/jaron/Desktop/wedding-platform-v2/__tests__/e2e/global-setup.ts:47:5)
    at Object.setup (/Users/jaron/Desktop/wedding-platform-v2/node_modules/playwright/lib/runner/tasks.js:174:27)
    at taskLoop (/Users/jaron/Desktop/wedding-platform-v2/node_modules/playwright/lib/runner/taskRunner.js:62:11)
    at TaskRunner.runDeferCleanup (/Users/jaron/Desktop/wedding-platform-v2/node_modules/playwright/lib/runner/taskRunner.js:78:5)
    at TaskRunner.run (/Users/jaron/Desktop/wedding-platform-v2/node_modules/playwright/lib/runner/taskRunner.js:42:33)
    at runTasks (/Users/jaron/Desktop/wedding-platform-v2/node_modules/playwright/lib/runner/tasks.js:80:18)
    at runAllTestsWithConfig (/Users/jaron/Desktop/wedding-platform-v2/node_modules/playwright/lib/runner/testRunner.js:388:18)
    at runTests (/Users/jaron/Desktop/wedding-platform-v2/node_modules/playwright/lib/program.js:242:18)
    at i.<anonymous> (/Users/jaron/Desktop/wedding-platform-v2/node_modules/playwright/lib/program.js:70:7)
Error: Next.js server not accessible at http://localhost:3000
Error: fetch failed
Please ensure:
  1. Next.js dev server is running (npm run dev)
  2. Server is listening on the correct port
  3. No firewall blocking the connection

   at global-setup.ts:726

  724 |     } catch (error) {
  725 |       if (i === maxRetries - 1) {
> 726 |         throw new Error(
      |               ^
  727 |           `Next.js server not accessible at ${baseURL}\n` +
  728 |           `Error: ${error instanceof Error ? error.message : String(error)}\n` +
  729 |           'Please ensure:\n' +
    at verifyNextJsServer (/Users/jaron/Desktop/wedding-platform-v2/__tests__/e2e/global-setup.ts:726:15)
    at globalSetup (/Users/jaron/Desktop/wedding-platform-v2/__tests__/e2e/global-setup.ts:47:5)

🧹 E2E Global Teardown Starting...

🗑️  Cleaning up test data...
🧹 Running comprehensive test cleanup...
✅ Comprehensive cleanup complete
✅ Test data cleaned

🔓 Removing authentication state...
   Removed: .auth/user.json
   Removed empty .auth directory
✅ Authentication state removed

📊 Execution Summary:
   Duration: 3.55s
   Errors: 0
   Status: ✅ Clean teardown

✨ E2E Global Teardown Complete!

Error in reporter Error: Cannot find module 'playwright-core'
Require stack:
- /Users/jaron/Desktop/wedding-platform-v2/node_modules/playwright/lib/reporters/html.js
- /Users/jaron/Desktop/wedding-platform-v2/node_modules/playwright/lib/program.js
- /Users/jaron/Desktop/wedding-platform-v2/node_modules/@playwright/test/cli.js
    at Function.Module._resolveFilename (node:internal/modules/cjs/loader:1145:15)
    at Function.resolveFilename [as _resolveFilename] (/Users/jaron/Desktop/wedding-platform-v2/node_modules/playwright/lib/transform/transform.js:247:36)
    at Function.resolve (node:internal/modules/helpers:190:19)
    at HtmlBuilder.build (/Users/jaron/Desktop/wedding-platform-v2/node_modules/playwright/lib/reporters/html.js:285:56)
    at HtmlReporter.onEnd (/Users/jaron/Desktop/wedding-platform-v2/node_modules/playwright/lib/reporters/html.js:131:39)
    at wrapAsync (/Users/jaron/Desktop/wedding-platform-v2/node_modules/playwright/lib/reporters/multiplexer.js:97:12)
    at Multiplexer.onEnd (/Users/jaron/Desktop/wedding-platform-v2/node_modules/playwright/lib/reporters/multiplexer.js:65:25)
    at InternalReporter.onEnd (/Users/jaron/Desktop/wedding-platform-v2/node_modules/playwright/lib/reporters/internalReporter.js:81:12)
    at finishTaskRun (/Users/jaron/Desktop/wedding-platform-v2/node_modules/playwright/lib/runner/tasks.js:94:26)
    at runTasks (/Users/jaron/Desktop/wedding-platform-v2/node_modules/playwright/lib/runner/tasks.js:81:10)
    at runAllTestsWithConfig (/Users/jaron/Desktop/wedding-platform-v2/node_modules/playwright/lib/runner/testRunner.js:388:18)
    at runTests (/Users/jaron/Desktop/wedding-platform-v2/node_modules/playwright/lib/program.js:242:18)
    at i.<anonymous> (/Users/jaron/Desktop/wedding-platform-v2/node_modules/playwright/lib/program.js:70:7) {
  code: 'MODULE_NOT_FOUND',
  requireStack: [
    '/Users/jaron/Desktop/wedding-platform-v2/node_modules/playwright/lib/reporters/html.js',
    '/Users/jaron/Desktop/wedding-platform-v2/node_modules/playwright/lib/program.js',
    '/Users/jaron/Desktop/wedding-platform-v2/node_modules/@playwright/test/cli.js'
  ]
}

