
> destination-wedding-platform@0.1.0 build
> next build

▲ Next.js 16.1.1 (Turbopack)
- Environments: .env.local

⚠ The "middleware" file convention is deprecated. Please use "proxy" instead. Learn more: https://nextjs.org/docs/messages/middleware-to-proxy
  Creating an optimized production build ...
✓ Compiled successfully in 10.9s
  Running TypeScript ...
  Collecting page data using 7 workers ...
  Generating static pages using 7 workers (0/123) ...
  Generating static pages using 7 workers (30/123) 
  Generating static pages using 7 workers (61/123) 
  Generating static pages using 7 workers (92/123) 
✓ Generating static pages using 7 workers (123/123) in 735.1ms
  Finalizing page optimization ...

> Build error occurred
Error: ENOENT: no such file or directory, open '/Users/jaron/Desktop/wedding-platform-v2/.next/static/N6CYwesp1jCn21rQz5E6B/_ssgManifest.js'
    at ignore-listed frames {
  errno: -2,
  code: 'ENOENT',
  syscall: 'open',
  path: '/Users/jaron/Desktop/wedding-platform-v2/.next/static/N6CYwesp1jCn21rQz5E6B/_ssgManifest.js'
}
